<?xml version="1.0" encoding="UTF-8"?>
<testsuite name="dd.pyrkova.PointTests" tests="1" skipped="0" failures="0" errors="0" timestamp="2020-04-11T09:55:51" hostname="CONGO" time="0.001">
  <properties/>
  <testcase name="testDistance" classname="dd.pyrkova.PointTests" time="0.001"/>
  <system-out><![CDATA[]]></system-out>
  <system-err><![CDATA[]]></system-err>
</testsuite>
