<?xml version="1.0" encoding="UTF-8"?>
<testsuite name="dd.pyrkova.EquationTests" tests="6" skipped="0" failures="0" errors="0" timestamp="2020-04-11T09:55:51" hostname="CONGO" time="0.013">
  <properties/>
  <testcase name="test0" classname="dd.pyrkova.EquationTests" time="0.007"/>
  <testcase name="test1" classname="dd.pyrkova.EquationTests" time="0.0"/>
  <testcase name="test2" classname="dd.pyrkova.EquationTests" time="0.0"/>
  <testcase name="testConstant" classname="dd.pyrkova.EquationTests" time="0.0"/>
  <testcase name="testLinear" classname="dd.pyrkova.EquationTests" time="0.0"/>
  <testcase name="testZero" classname="dd.pyrkova.EquationTests" time="0.0"/>
  <system-out><![CDATA[]]></system-out>
  <system-err><![CDATA[]]></system-err>
</testsuite>
