<?xml version="1.0" encoding="UTF-8"?>
<testsuite name="dd.pyrkova.SquareTests" tests="1" skipped="0" failures="0" errors="0" timestamp="2020-02-10T19:52:19" hostname="CONGO" time="0.006">
  <properties/>
  <testcase name="testArea" classname="dd.pyrkova.SquareTests" time="0.006"/>
  <system-out><![CDATA[]]></system-out>
  <system-err><![CDATA[]]></system-err>
</testsuite>
