<?xml version="1.0" encoding="UTF-8"?>
<testsuite name="dd.pyrkova.SquTests" tests="1" skipped="0" failures="0" errors="0" timestamp="2020-04-11T08:45:58" hostname="CONGO" time="0.006">
  <properties/>
  <testcase name="testArea" classname="dd.pyrkova.SquTests" time="0.006"/>
  <system-out><![CDATA[]]></system-out>
  <system-err><![CDATA[]]></system-err>
</testsuite>
