<?xml version="1.0" encoding="UTF-8"?>
<testsuite name="dd.pyrkova.PrimeTests" tests="2" skipped="0" failures="0" errors="0" timestamp="2020-04-11T09:33:15" hostname="CONGO" time="0.002">
  <properties/>
  <testcase name="testNonPrime" classname="dd.pyrkova.PrimeTests" time="0.001"/>
  <testcase name="testPrime" classname="dd.pyrkova.PrimeTests" time="0.001"/>
  <system-out><![CDATA[]]></system-out>
  <system-err><![CDATA[]]></system-err>
</testsuite>
