<?xml version="1.0" encoding="UTF-8"?>
<testsuite name="dd.pyrkova.mantis.tests.ChangePasswordTests" tests="1" skipped="0" failures="0" errors="0" timestamp="2020-04-04T10:53:19" hostname="CONGO" time="12.765">
  <properties/>
  <testcase name="testChangePassword" classname="dd.pyrkova.mantis.tests.ChangePasswordTests" time="12.765"/>
  <system-out><![CDATA[13:53:19.064 [Test worker] DEBUG org.subethamail.smtp.server.CommandHandler - Added command: AUTH
13:53:19.066 [Test worker] DEBUG org.subethamail.smtp.server.CommandHandler - Added command: DATA
13:53:19.066 [Test worker] DEBUG org.subethamail.smtp.server.CommandHandler - Added command: EHLO
13:53:19.066 [Test worker] DEBUG org.subethamail.smtp.server.CommandHandler - Added command: HELO
13:53:19.066 [Test worker] DEBUG org.subethamail.smtp.server.CommandHandler - Added command: HELP
13:53:19.066 [Test worker] DEBUG org.subethamail.smtp.server.CommandHandler - Added command: MAIL
13:53:19.066 [Test worker] DEBUG org.subethamail.smtp.server.CommandHandler - Added command: NOOP
13:53:19.066 [Test worker] DEBUG org.subethamail.smtp.server.CommandHandler - Added command: QUIT
13:53:19.066 [Test worker] DEBUG org.subethamail.smtp.server.CommandHandler - Added command: RCPT
13:53:19.066 [Test worker] DEBUG org.subethamail.smtp.server.CommandHandler - Added command: RSET
13:53:19.066 [Test worker] DEBUG org.subethamail.smtp.server.CommandHandler - Added command: STARTTLS
13:53:19.066 [Test worker] DEBUG org.subethamail.smtp.server.CommandHandler - Added command: VRFY
13:53:19.067 [Test worker] INFO org.subethamail.smtp.server.SMTPServer - SMTP server *:25 starting
13:53:19.070 [org.subethamail.smtp.server.ServerThread *:25] INFO org.subethamail.smtp.server.ServerThread - SMTP server *:25 started
13:53:19.394 [Test worker] DEBUG io.netty.util.internal.logging.InternalLoggerFactory - Using SLF4J as the default logging framework
13:53:19.397 [Test worker] DEBUG io.netty.util.ResourceLeakDetector - -Dio.netty.leakDetection.level: simple
13:53:19.397 [Test worker] DEBUG io.netty.util.ResourceLeakDetector - -Dio.netty.leakDetection.targetRecords: 4
13:53:19.429 [Test worker] DEBUG io.netty.util.internal.PlatformDependent - Platform: Windows
13:53:19.430 [Test worker] DEBUG io.netty.util.internal.PlatformDependent0 - -Dio.netty.noUnsafe: false
13:53:19.431 [Test worker] DEBUG io.netty.util.internal.PlatformDependent0 - Java version: 8
13:53:19.432 [Test worker] DEBUG io.netty.util.internal.PlatformDependent0 - sun.misc.Unsafe.theUnsafe: available
13:53:19.432 [Test worker] DEBUG io.netty.util.internal.PlatformDependent0 - sun.misc.Unsafe.copyMemory: available
13:53:19.433 [Test worker] DEBUG io.netty.util.internal.PlatformDependent0 - java.nio.Buffer.address: available
13:53:19.433 [Test worker] DEBUG io.netty.util.internal.PlatformDependent0 - direct buffer constructor: available
13:53:19.434 [Test worker] DEBUG io.netty.util.internal.PlatformDependent0 - java.nio.Bits.unaligned: available, true
13:53:19.434 [Test worker] DEBUG io.netty.util.internal.PlatformDependent0 - jdk.internal.misc.Unsafe.allocateUninitializedArray(int): unavailable prior to Java9
13:53:19.434 [Test worker] DEBUG io.netty.util.internal.PlatformDependent0 - java.nio.DirectByteBuffer.<init>(long, int): available
13:53:19.434 [Test worker] DEBUG io.netty.util.internal.PlatformDependent - sun.misc.Unsafe: available
13:53:19.435 [Test worker] DEBUG io.netty.util.internal.PlatformDependent - -Dio.netty.tmpdir: C:\Users\dpyrk\AppData\Local\Temp (java.io.tmpdir)
13:53:19.435 [Test worker] DEBUG io.netty.util.internal.PlatformDependent - -Dio.netty.bitMode: 64 (sun.arch.data.model)
13:53:19.436 [Test worker] DEBUG io.netty.util.internal.PlatformDependent - -Dio.netty.maxDirectMemory: 477626368 bytes
13:53:19.436 [Test worker] DEBUG io.netty.util.internal.PlatformDependent - -Dio.netty.uninitializedArrayAllocationThreshold: -1
13:53:19.437 [Test worker] DEBUG io.netty.util.internal.CleanerJava6 - java.nio.ByteBuffer.cleaner(): available
13:53:19.437 [Test worker] DEBUG io.netty.util.internal.PlatformDependent - -Dio.netty.noPreferDirect: false
13:53:19.438 [Test worker] DEBUG io.netty.util.ResourceLeakDetectorFactory - Loaded default ResourceLeakDetector: io.netty.util.ResourceLeakDetector@5ad75357
13:53:19.448 [Test worker] DEBUG io.netty.util.internal.PlatformDependent - org.jctools-core.MpscChunkedArrayQueue: available
13:53:19.790 [Test worker] DEBUG io.netty.handler.ssl.JdkSslContext - Default protocols (JDK): [TLSv1.2, TLSv1.1, TLSv1] 
13:53:19.790 [Test worker] DEBUG io.netty.handler.ssl.JdkSslContext - Default cipher suites (JDK): [TLS_ECDHE_ECDSA_WITH_AES_256_GCM_SHA384, TLS_ECDHE_ECDSA_WITH_AES_128_GCM_SHA256, TLS_ECDHE_RSA_WITH_AES_128_GCM_SHA256, TLS_ECDHE_RSA_WITH_AES_256_GCM_SHA384, TLS_ECDHE_RSA_WITH_AES_128_CBC_SHA, TLS_ECDHE_RSA_WITH_AES_256_CBC_SHA, TLS_RSA_WITH_AES_128_GCM_SHA256, TLS_RSA_WITH_AES_128_CBC_SHA, TLS_RSA_WITH_AES_256_CBC_SHA]
13:53:19.812 [Test worker] DEBUG io.netty.util.internal.InternalThreadLocalMap - -Dio.netty.threadLocalMap.stringBuilder.initialSize: 1024
13:53:19.812 [Test worker] DEBUG io.netty.util.internal.InternalThreadLocalMap - -Dio.netty.threadLocalMap.stringBuilder.maxSize: 4096
13:53:19.820 [Test worker] DEBUG io.netty.channel.MultithreadEventLoopGroup - -Dio.netty.eventLoopThreads: 16
13:53:19.830 [Test worker] DEBUG io.netty.channel.nio.NioEventLoop - -Dio.netty.noKeySetOptimization: false
13:53:19.831 [Test worker] DEBUG io.netty.channel.nio.NioEventLoop - -Dio.netty.selectorAutoRebuildThreshold: 512
13:53:19.871 [Test worker] DEBUG io.netty.buffer.PooledByteBufAllocator - -Dio.netty.allocator.numHeapArenas: 4
13:53:19.871 [Test worker] DEBUG io.netty.buffer.PooledByteBufAllocator - -Dio.netty.allocator.numDirectArenas: 4
13:53:19.871 [Test worker] DEBUG io.netty.buffer.PooledByteBufAllocator - -Dio.netty.allocator.pageSize: 8192
13:53:19.872 [Test worker] DEBUG io.netty.buffer.PooledByteBufAllocator - -Dio.netty.allocator.maxOrder: 11
13:53:19.872 [Test worker] DEBUG io.netty.buffer.PooledByteBufAllocator - -Dio.netty.allocator.chunkSize: 16777216
13:53:19.872 [Test worker] DEBUG io.netty.buffer.PooledByteBufAllocator - -Dio.netty.allocator.tinyCacheSize: 512
13:53:19.872 [Test worker] DEBUG io.netty.buffer.PooledByteBufAllocator - -Dio.netty.allocator.smallCacheSize: 256
13:53:19.872 [Test worker] DEBUG io.netty.buffer.PooledByteBufAllocator - -Dio.netty.allocator.normalCacheSize: 64
13:53:19.872 [Test worker] DEBUG io.netty.buffer.PooledByteBufAllocator - -Dio.netty.allocator.maxCachedBufferCapacity: 32768
13:53:19.872 [Test worker] DEBUG io.netty.buffer.PooledByteBufAllocator - -Dio.netty.allocator.cacheTrimInterval: 8192
13:53:19.872 [Test worker] DEBUG io.netty.buffer.PooledByteBufAllocator - -Dio.netty.allocator.cacheTrimIntervalMillis: 0
13:53:19.872 [Test worker] DEBUG io.netty.buffer.PooledByteBufAllocator - -Dio.netty.allocator.useCacheForAllThreads: true
13:53:19.872 [Test worker] DEBUG io.netty.buffer.PooledByteBufAllocator - -Dio.netty.allocator.maxCachedByteBuffersPerChunk: 1023
13:53:19.880 [Test worker] DEBUG io.netty.buffer.ByteBufUtil - -Dio.netty.allocator.type: pooled
13:53:19.880 [Test worker] DEBUG io.netty.buffer.ByteBufUtil - -Dio.netty.threadLocalDirectBufferSize: 0
13:53:19.880 [Test worker] DEBUG io.netty.buffer.ByteBufUtil - -Dio.netty.maxThreadLocalCharBufferSize: 16384
13:53:20.774 [Forwarding newSession on session null to remote] DEBUG io.netty.channel.DefaultChannelId - -Dio.netty.processId: 12932 (auto-detected)
13:53:20.776 [Forwarding newSession on session null to remote] DEBUG io.netty.util.NetUtil - -Djava.net.preferIPv4Stack: false
13:53:20.776 [Forwarding newSession on session null to remote] DEBUG io.netty.util.NetUtil - -Djava.net.preferIPv6Addresses: false
13:53:20.907 [Forwarding newSession on session null to remote] DEBUG io.netty.util.NetUtil - Loopback interface: lo (Software Loopback Interface 1, 127.0.0.1)
13:53:20.907 [Forwarding newSession on session null to remote] DEBUG io.netty.util.NetUtil - Failed to get SOMAXCONN from sysctl and file \proc\sys\net\core\somaxconn. Default: 200
13:53:21.043 [Forwarding newSession on session null to remote] DEBUG io.netty.channel.DefaultChannelId - -Dio.netty.machineId: 50:e5:49:ff:fe:c9:b0:a9 (auto-detected)
13:53:21.103 [AsyncHttpClient-3-1] DEBUG io.netty.buffer.AbstractByteBuf - -Dio.netty.buffer.checkAccessible: true
13:53:21.103 [AsyncHttpClient-3-1] DEBUG io.netty.buffer.AbstractByteBuf - -Dio.netty.buffer.checkBounds: true
13:53:21.103 [AsyncHttpClient-3-1] DEBUG io.netty.util.ResourceLeakDetectorFactory - Loaded default ResourceLeakDetector: io.netty.util.ResourceLeakDetector@733221e2
13:53:21.116 [AsyncHttpClient-3-1] DEBUG org.asynchttpclient.netty.channel.NettyConnectListener - Using new Channel '[id: 0xefb232f6, L:/127.0.0.1:62371 - R:localhost/127.0.0.1:13375]' for 'POST' to '/session'
13:53:21.139 [AsyncHttpClient-3-1] DEBUG io.netty.util.Recycler - -Dio.netty.recycler.maxCapacityPerThread: 4096
13:53:21.139 [AsyncHttpClient-3-1] DEBUG io.netty.util.Recycler - -Dio.netty.recycler.maxSharedCapacityFactor: 2
13:53:21.139 [AsyncHttpClient-3-1] DEBUG io.netty.util.Recycler - -Dio.netty.recycler.linkCapacity: 16
13:53:21.139 [AsyncHttpClient-3-1] DEBUG io.netty.util.Recycler - -Dio.netty.recycler.ratio: 8
13:53:25.786 [AsyncHttpClient-3-1] DEBUG org.asynchttpclient.netty.handler.HttpHandler - 

Request DefaultHttpRequest(decodeResult: success, version: HTTP/1.1)
POST /session HTTP/1.1
User-Agent: selenium/4.0.0-alpha-4 (java windows)
Content-Length: 365
Content-Type: application/json; charset=utf-8
host: localhost:13375
accept: */*

Response DefaultHttpResponse(decodeResult: success, version: HTTP/1.1)
HTTP/1.1 200 OK
Content-Length: 679
Content-Type: application/json; charset=utf-8
cache-control: no-cache

13:53:25.806 [AsyncHttpClient-3-1] DEBUG org.asynchttpclient.netty.channel.ChannelManager - Adding key: http://localhost:13375 for channel [id: 0xefb232f6, L:/127.0.0.1:62371 - R:localhost/127.0.0.1:13375]
13:53:25.883 [AsyncHttpClient-7-1] DEBUG org.asynchttpclient.netty.channel.NettyConnectListener - Using new Channel '[id: 0xb2243839, L:/127.0.0.1:62448 - R:localhost/127.0.0.1:62373]' for 'GET' to '/json/version'
13:53:25.885 [AsyncHttpClient-7-1] DEBUG org.asynchttpclient.netty.handler.HttpHandler - 

Request DefaultFullHttpRequest(decodeResult: success, version: HTTP/1.1, content: EmptyByteBufBE)
GET /json/version HTTP/1.1
User-Agent: selenium/4.0.0-alpha-4 (java windows)
host: localhost:62373
accept: */*

Response DefaultHttpResponse(decodeResult: success, version: HTTP/1.1)
HTTP/1.1 200 OK
Content-Length: 426
Content-Type: application/json; charset=UTF-8

13:53:25.886 [AsyncHttpClient-7-1] DEBUG org.asynchttpclient.netty.channel.ChannelManager - Adding key: http://localhost:62373 for channel [id: 0xb2243839, L:/127.0.0.1:62448 - R:localhost/127.0.0.1:62373]
13:53:25.893 [Test worker] DEBUG io.netty.util.internal.ThreadLocalRandom - -Dio.netty.initialSeedUniquifier: 0xd1b88c16b6bcb434
13:53:25.897 [AsyncHttpClient-9-1] DEBUG org.asynchttpclient.netty.channel.NettyConnectListener - Using new Channel '[id: 0x87e7d52f, L:/127.0.0.1:62449 - R:localhost/127.0.0.1:62373]' for 'GET' to '/devtools/browser/66168893-2390-4159-9b5f-be700b7a8669'
13:53:25.899 [AsyncHttpClient-9-1] DEBUG org.asynchttpclient.netty.handler.WebSocketHandler - 

Request DefaultFullHttpRequest(decodeResult: success, version: HTTP/1.1, content: EmptyByteBufBE)
GET /devtools/browser/66168893-2390-4159-9b5f-be700b7a8669 HTTP/1.1
upgrade: websocket
connection: upgrade
sec-websocket-key: 8GtbzKoYQJXOvly9bYQ9KQ==
sec-websocket-version: 13
origin: http://localhost:62373
host: localhost:62373
accept: */*
user-agent: AHC/2.1

Response DefaultHttpResponse(decodeResult: success, version: HTTP/1.1)
HTTP/1.1 101 WebSocket Protocol Handshake
Upgrade: WebSocket
Connection: Upgrade
Sec-WebSocket-Accept: mejznM3plpAwueVUZFK7LwgQNnk=

13:53:25.915 [Forwarding setTimeout on session 1842d3f6901c7fd6f8736e8a453937ae to remote] DEBUG org.asynchttpclient.netty.request.NettyRequestSender - Using pooled Channel '[id: 0xefb232f6, L:/127.0.0.1:62371 - R:localhost/127.0.0.1:13375]' for 'POST' to 'http://localhost:13375/session/1842d3f6901c7fd6f8736e8a453937ae/timeouts'
13:53:25.915 [Forwarding setTimeout on session 1842d3f6901c7fd6f8736e8a453937ae to remote] DEBUG org.asynchttpclient.netty.request.NettyRequestSender - Using open Channel [id: 0xefb232f6, L:/127.0.0.1:62371 - R:localhost/127.0.0.1:13375] for POST '/session/1842d3f6901c7fd6f8736e8a453937ae/timeouts'
13:53:25.919 [AsyncHttpClient-3-1] DEBUG org.asynchttpclient.netty.handler.HttpHandler - 

Request DefaultHttpRequest(decodeResult: success, version: HTTP/1.1)
POST /session/1842d3f6901c7fd6f8736e8a453937ae/timeouts HTTP/1.1
User-Agent: selenium/4.0.0-alpha-4 (java windows)
Content-Length: 22
Content-Type: application/json; charset=utf-8
host: localhost:13375
accept: */*

Response DefaultHttpResponse(decodeResult: success, version: HTTP/1.1)
HTTP/1.1 200 OK
Content-Length: 14
Content-Type: application/json; charset=utf-8
cache-control: no-cache

13:53:25.919 [AsyncHttpClient-3-1] DEBUG org.asynchttpclient.netty.channel.ChannelManager - Adding key: http://localhost:13375 for channel [id: 0xefb232f6, L:/127.0.0.1:62371 - R:localhost/127.0.0.1:13375]
13:53:25.926 [Forwarding get on session 1842d3f6901c7fd6f8736e8a453937ae to remote] DEBUG org.asynchttpclient.netty.request.NettyRequestSender - Using pooled Channel '[id: 0xefb232f6, L:/127.0.0.1:62371 - R:localhost/127.0.0.1:13375]' for 'POST' to 'http://localhost:13375/session/1842d3f6901c7fd6f8736e8a453937ae/url'
13:53:25.926 [Forwarding get on session 1842d3f6901c7fd6f8736e8a453937ae to remote] DEBUG org.asynchttpclient.netty.request.NettyRequestSender - Using open Channel [id: 0xefb232f6, L:/127.0.0.1:62371 - R:localhost/127.0.0.1:13375] for POST '/session/1842d3f6901c7fd6f8736e8a453937ae/url'
13:53:26.529 [AsyncHttpClient-3-1] DEBUG org.asynchttpclient.netty.handler.HttpHandler - 

Request DefaultHttpRequest(decodeResult: success, version: HTTP/1.1)
POST /session/1842d3f6901c7fd6f8736e8a453937ae/url HTTP/1.1
User-Agent: selenium/4.0.0-alpha-4 (java windows)
Content-Length: 68
Content-Type: application/json; charset=utf-8
host: localhost:13375
accept: */*

Response DefaultHttpResponse(decodeResult: success, version: HTTP/1.1)
HTTP/1.1 200 OK
Content-Length: 14
Content-Type: application/json; charset=utf-8
cache-control: no-cache

13:53:26.530 [AsyncHttpClient-3-1] DEBUG org.asynchttpclient.netty.channel.ChannelManager - Adding key: http://localhost:13375 for channel [id: 0xefb232f6, L:/127.0.0.1:62371 - R:localhost/127.0.0.1:13375]
13:53:26.533 [Forwarding get on session 1842d3f6901c7fd6f8736e8a453937ae to remote] DEBUG org.asynchttpclient.netty.request.NettyRequestSender - Using pooled Channel '[id: 0xefb232f6, L:/127.0.0.1:62371 - R:localhost/127.0.0.1:13375]' for 'POST' to 'http://localhost:13375/session/1842d3f6901c7fd6f8736e8a453937ae/url'
13:53:26.533 [Forwarding get on session 1842d3f6901c7fd6f8736e8a453937ae to remote] DEBUG org.asynchttpclient.netty.request.NettyRequestSender - Using open Channel [id: 0xefb232f6, L:/127.0.0.1:62371 - R:localhost/127.0.0.1:13375] for POST '/session/1842d3f6901c7fd6f8736e8a453937ae/url'
13:53:26.798 [AsyncHttpClient-3-1] DEBUG org.asynchttpclient.netty.handler.HttpHandler - 

Request DefaultHttpRequest(decodeResult: success, version: HTTP/1.1)
POST /session/1842d3f6901c7fd6f8736e8a453937ae/url HTTP/1.1
User-Agent: selenium/4.0.0-alpha-4 (java windows)
Content-Length: 88
Content-Type: application/json; charset=utf-8
host: localhost:13375
accept: */*

Response DefaultHttpResponse(decodeResult: success, version: HTTP/1.1)
HTTP/1.1 200 OK
Content-Length: 14
Content-Type: application/json; charset=utf-8
cache-control: no-cache

13:53:26.799 [AsyncHttpClient-3-1] DEBUG org.asynchttpclient.netty.channel.ChannelManager - Adding key: http://localhost:13375 for channel [id: 0xefb232f6, L:/127.0.0.1:62371 - R:localhost/127.0.0.1:13375]
13:53:26.806 [Forwarding findElement on session 1842d3f6901c7fd6f8736e8a453937ae to remote] DEBUG org.asynchttpclient.netty.request.NettyRequestSender - Using pooled Channel '[id: 0xefb232f6, L:/127.0.0.1:62371 - R:localhost/127.0.0.1:13375]' for 'POST' to 'http://localhost:13375/session/1842d3f6901c7fd6f8736e8a453937ae/element'
13:53:26.806 [Forwarding findElement on session 1842d3f6901c7fd6f8736e8a453937ae to remote] DEBUG org.asynchttpclient.netty.request.NettyRequestSender - Using open Channel [id: 0xefb232f6, L:/127.0.0.1:62371 - R:localhost/127.0.0.1:13375] for POST '/session/1842d3f6901c7fd6f8736e8a453937ae/element'
13:53:26.820 [AsyncHttpClient-3-1] DEBUG org.asynchttpclient.netty.handler.HttpHandler - 

Request DefaultHttpRequest(decodeResult: success, version: HTTP/1.1)
POST /session/1842d3f6901c7fd6f8736e8a453937ae/element HTTP/1.1
User-Agent: selenium/4.0.0-alpha-4 (java windows)
Content-Length: 62
Content-Type: application/json; charset=utf-8
host: localhost:13375
accept: */*

Response DefaultHttpResponse(decodeResult: success, version: HTTP/1.1)
HTTP/1.1 200 OK
Content-Length: 88
Content-Type: application/json; charset=utf-8
cache-control: no-cache

13:53:26.821 [AsyncHttpClient-3-1] DEBUG org.asynchttpclient.netty.channel.ChannelManager - Adding key: http://localhost:13375 for channel [id: 0xefb232f6, L:/127.0.0.1:62371 - R:localhost/127.0.0.1:13375]
13:53:26.824 [Forwarding clickElement on session 1842d3f6901c7fd6f8736e8a453937ae to remote] DEBUG org.asynchttpclient.netty.request.NettyRequestSender - Using pooled Channel '[id: 0xefb232f6, L:/127.0.0.1:62371 - R:localhost/127.0.0.1:13375]' for 'POST' to 'http://localhost:13375/session/1842d3f6901c7fd6f8736e8a453937ae/element/083de29a-1ba5-44f5-8f2a-e7ebcbd72443/click'
13:53:26.825 [Forwarding clickElement on session 1842d3f6901c7fd6f8736e8a453937ae to remote] DEBUG org.asynchttpclient.netty.request.NettyRequestSender - Using open Channel [id: 0xefb232f6, L:/127.0.0.1:62371 - R:localhost/127.0.0.1:13375] for POST '/session/1842d3f6901c7fd6f8736e8a453937ae/element/083de29a-1ba5-44f5-8f2a-e7ebcbd72443/click'
13:53:26.878 [AsyncHttpClient-3-1] DEBUG org.asynchttpclient.netty.handler.HttpHandler - 

Request DefaultHttpRequest(decodeResult: success, version: HTTP/1.1)
POST /session/1842d3f6901c7fd6f8736e8a453937ae/element/083de29a-1ba5-44f5-8f2a-e7ebcbd72443/click HTTP/1.1
User-Agent: selenium/4.0.0-alpha-4 (java windows)
Content-Length: 50
Content-Type: application/json; charset=utf-8
host: localhost:13375
accept: */*

Response DefaultHttpResponse(decodeResult: success, version: HTTP/1.1)
HTTP/1.1 200 OK
Content-Length: 14
Content-Type: application/json; charset=utf-8
cache-control: no-cache

13:53:26.879 [AsyncHttpClient-3-1] DEBUG org.asynchttpclient.netty.channel.ChannelManager - Adding key: http://localhost:13375 for channel [id: 0xefb232f6, L:/127.0.0.1:62371 - R:localhost/127.0.0.1:13375]
13:53:26.881 [Forwarding findElement on session 1842d3f6901c7fd6f8736e8a453937ae to remote] DEBUG org.asynchttpclient.netty.request.NettyRequestSender - Using pooled Channel '[id: 0xefb232f6, L:/127.0.0.1:62371 - R:localhost/127.0.0.1:13375]' for 'POST' to 'http://localhost:13375/session/1842d3f6901c7fd6f8736e8a453937ae/element'
13:53:26.881 [Forwarding findElement on session 1842d3f6901c7fd6f8736e8a453937ae to remote] DEBUG org.asynchttpclient.netty.request.NettyRequestSender - Using open Channel [id: 0xefb232f6, L:/127.0.0.1:62371 - R:localhost/127.0.0.1:13375] for POST '/session/1842d3f6901c7fd6f8736e8a453937ae/element'
13:53:26.889 [AsyncHttpClient-3-1] DEBUG org.asynchttpclient.netty.handler.HttpHandler - 

Request DefaultHttpRequest(decodeResult: success, version: HTTP/1.1)
POST /session/1842d3f6901c7fd6f8736e8a453937ae/element HTTP/1.1
User-Agent: selenium/4.0.0-alpha-4 (java windows)
Content-Length: 62
Content-Type: application/json; charset=utf-8
host: localhost:13375
accept: */*

Response DefaultHttpResponse(decodeResult: success, version: HTTP/1.1)
HTTP/1.1 200 OK
Content-Length: 88
Content-Type: application/json; charset=utf-8
cache-control: no-cache

13:53:26.890 [AsyncHttpClient-3-1] DEBUG org.asynchttpclient.netty.channel.ChannelManager - Adding key: http://localhost:13375 for channel [id: 0xefb232f6, L:/127.0.0.1:62371 - R:localhost/127.0.0.1:13375]
13:53:26.911 [Forwarding getElementAttribute on session 1842d3f6901c7fd6f8736e8a453937ae to remote] DEBUG org.asynchttpclient.netty.request.NettyRequestSender - Using pooled Channel '[id: 0xefb232f6, L:/127.0.0.1:62371 - R:localhost/127.0.0.1:13375]' for 'POST' to 'http://localhost:13375/session/1842d3f6901c7fd6f8736e8a453937ae/execute/sync'
13:53:26.911 [Forwarding getElementAttribute on session 1842d3f6901c7fd6f8736e8a453937ae to remote] DEBUG org.asynchttpclient.netty.request.NettyRequestSender - Using open Channel [id: 0xefb232f6, L:/127.0.0.1:62371 - R:localhost/127.0.0.1:13375] for POST '/session/1842d3f6901c7fd6f8736e8a453937ae/execute/sync'
13:53:26.926 [AsyncHttpClient-3-1] DEBUG org.asynchttpclient.netty.handler.HttpHandler - 

Request DefaultHttpRequest(decodeResult: success, version: HTTP/1.1)
POST /session/1842d3f6901c7fd6f8736e8a453937ae/execute/sync HTTP/1.1
User-Agent: selenium/4.0.0-alpha-4 (java windows)
Content-Length: 39635
Content-Type: application/json; charset=utf-8
host: localhost:13375
accept: */*

Response DefaultHttpResponse(decodeResult: success, version: HTTP/1.1)
HTTP/1.1 200 OK
Content-Length: 12
Content-Type: application/json; charset=utf-8
cache-control: no-cache

13:53:26.927 [AsyncHttpClient-3-1] DEBUG org.asynchttpclient.netty.channel.ChannelManager - Adding key: http://localhost:13375 for channel [id: 0xefb232f6, L:/127.0.0.1:62371 - R:localhost/127.0.0.1:13375]
13:53:26.928 [Forwarding findElement on session 1842d3f6901c7fd6f8736e8a453937ae to remote] DEBUG org.asynchttpclient.netty.request.NettyRequestSender - Using pooled Channel '[id: 0xefb232f6, L:/127.0.0.1:62371 - R:localhost/127.0.0.1:13375]' for 'POST' to 'http://localhost:13375/session/1842d3f6901c7fd6f8736e8a453937ae/element'
13:53:26.929 [Forwarding findElement on session 1842d3f6901c7fd6f8736e8a453937ae to remote] DEBUG org.asynchttpclient.netty.request.NettyRequestSender - Using open Channel [id: 0xefb232f6, L:/127.0.0.1:62371 - R:localhost/127.0.0.1:13375] for POST '/session/1842d3f6901c7fd6f8736e8a453937ae/element'
13:53:26.935 [AsyncHttpClient-3-1] DEBUG org.asynchttpclient.netty.handler.HttpHandler - 

Request DefaultHttpRequest(decodeResult: success, version: HTTP/1.1)
POST /session/1842d3f6901c7fd6f8736e8a453937ae/element HTTP/1.1
User-Agent: selenium/4.0.0-alpha-4 (java windows)
Content-Length: 62
Content-Type: application/json; charset=utf-8
host: localhost:13375
accept: */*

Response DefaultHttpResponse(decodeResult: success, version: HTTP/1.1)
HTTP/1.1 200 OK
Content-Length: 88
Content-Type: application/json; charset=utf-8
cache-control: no-cache

13:53:26.937 [AsyncHttpClient-3-1] DEBUG org.asynchttpclient.netty.channel.ChannelManager - Adding key: http://localhost:13375 for channel [id: 0xefb232f6, L:/127.0.0.1:62371 - R:localhost/127.0.0.1:13375]
13:53:26.939 [Forwarding clearElement on session 1842d3f6901c7fd6f8736e8a453937ae to remote] DEBUG org.asynchttpclient.netty.request.NettyRequestSender - Using pooled Channel '[id: 0xefb232f6, L:/127.0.0.1:62371 - R:localhost/127.0.0.1:13375]' for 'POST' to 'http://localhost:13375/session/1842d3f6901c7fd6f8736e8a453937ae/element/083de29a-1ba5-44f5-8f2a-e7ebcbd72443/clear'
13:53:26.939 [Forwarding clearElement on session 1842d3f6901c7fd6f8736e8a453937ae to remote] DEBUG org.asynchttpclient.netty.request.NettyRequestSender - Using open Channel [id: 0xefb232f6, L:/127.0.0.1:62371 - R:localhost/127.0.0.1:13375] for POST '/session/1842d3f6901c7fd6f8736e8a453937ae/element/083de29a-1ba5-44f5-8f2a-e7ebcbd72443/clear'
13:53:26.954 [AsyncHttpClient-timer-6-1] DEBUG org.asynchttpclient.netty.channel.DefaultChannelPool - Entry count for : http://localhost:62373 : 1
13:53:26.964 [AsyncHttpClient-3-1] DEBUG org.asynchttpclient.netty.handler.HttpHandler - 

Request DefaultHttpRequest(decodeResult: success, version: HTTP/1.1)
POST /session/1842d3f6901c7fd6f8736e8a453937ae/element/083de29a-1ba5-44f5-8f2a-e7ebcbd72443/clear HTTP/1.1
User-Agent: selenium/4.0.0-alpha-4 (java windows)
Content-Length: 50
Content-Type: application/json; charset=utf-8
host: localhost:13375
accept: */*

Response DefaultHttpResponse(decodeResult: success, version: HTTP/1.1)
HTTP/1.1 200 OK
Content-Length: 14
Content-Type: application/json; charset=utf-8
cache-control: no-cache

13:53:26.965 [AsyncHttpClient-3-1] DEBUG org.asynchttpclient.netty.channel.ChannelManager - Adding key: http://localhost:13375 for channel [id: 0xefb232f6, L:/127.0.0.1:62371 - R:localhost/127.0.0.1:13375]
13:53:26.966 [Forwarding findElement on session 1842d3f6901c7fd6f8736e8a453937ae to remote] DEBUG org.asynchttpclient.netty.request.NettyRequestSender - Using pooled Channel '[id: 0xefb232f6, L:/127.0.0.1:62371 - R:localhost/127.0.0.1:13375]' for 'POST' to 'http://localhost:13375/session/1842d3f6901c7fd6f8736e8a453937ae/element'
13:53:26.966 [Forwarding findElement on session 1842d3f6901c7fd6f8736e8a453937ae to remote] DEBUG org.asynchttpclient.netty.request.NettyRequestSender - Using open Channel [id: 0xefb232f6, L:/127.0.0.1:62371 - R:localhost/127.0.0.1:13375] for POST '/session/1842d3f6901c7fd6f8736e8a453937ae/element'
13:53:26.974 [AsyncHttpClient-3-1] DEBUG org.asynchttpclient.netty.handler.HttpHandler - 

Request DefaultHttpRequest(decodeResult: success, version: HTTP/1.1)
POST /session/1842d3f6901c7fd6f8736e8a453937ae/element HTTP/1.1
User-Agent: selenium/4.0.0-alpha-4 (java windows)
Content-Length: 62
Content-Type: application/json; charset=utf-8
host: localhost:13375
accept: */*

Response DefaultHttpResponse(decodeResult: success, version: HTTP/1.1)
HTTP/1.1 200 OK
Content-Length: 88
Content-Type: application/json; charset=utf-8
cache-control: no-cache

13:53:26.974 [AsyncHttpClient-3-1] DEBUG org.asynchttpclient.netty.channel.ChannelManager - Adding key: http://localhost:13375 for channel [id: 0xefb232f6, L:/127.0.0.1:62371 - R:localhost/127.0.0.1:13375]
13:53:26.979 [Forwarding sendKeysToElement on session 1842d3f6901c7fd6f8736e8a453937ae to remote] DEBUG org.asynchttpclient.netty.request.NettyRequestSender - Using pooled Channel '[id: 0xefb232f6, L:/127.0.0.1:62371 - R:localhost/127.0.0.1:13375]' for 'POST' to 'http://localhost:13375/session/1842d3f6901c7fd6f8736e8a453937ae/element/083de29a-1ba5-44f5-8f2a-e7ebcbd72443/value'
13:53:26.979 [Forwarding sendKeysToElement on session 1842d3f6901c7fd6f8736e8a453937ae to remote] DEBUG org.asynchttpclient.netty.request.NettyRequestSender - Using open Channel [id: 0xefb232f6, L:/127.0.0.1:62371 - R:localhost/127.0.0.1:13375] for POST '/session/1842d3f6901c7fd6f8736e8a453937ae/element/083de29a-1ba5-44f5-8f2a-e7ebcbd72443/value'
13:53:27.029 [AsyncHttpClient-3-1] DEBUG org.asynchttpclient.netty.handler.HttpHandler - 

Request DefaultHttpRequest(decodeResult: success, version: HTTP/1.1)
POST /session/1842d3f6901c7fd6f8736e8a453937ae/element/083de29a-1ba5-44f5-8f2a-e7ebcbd72443/value HTTP/1.1
User-Agent: selenium/4.0.0-alpha-4 (java windows)
Content-Length: 211
Content-Type: application/json; charset=utf-8
host: localhost:13375
accept: */*

Response DefaultHttpResponse(decodeResult: success, version: HTTP/1.1)
HTTP/1.1 200 OK
Content-Length: 14
Content-Type: application/json; charset=utf-8
cache-control: no-cache

13:53:27.029 [AsyncHttpClient-3-1] DEBUG org.asynchttpclient.netty.channel.ChannelManager - Adding key: http://localhost:13375 for channel [id: 0xefb232f6, L:/127.0.0.1:62371 - R:localhost/127.0.0.1:13375]
13:53:27.031 [Forwarding findElement on session 1842d3f6901c7fd6f8736e8a453937ae to remote] DEBUG org.asynchttpclient.netty.request.NettyRequestSender - Using pooled Channel '[id: 0xefb232f6, L:/127.0.0.1:62371 - R:localhost/127.0.0.1:13375]' for 'POST' to 'http://localhost:13375/session/1842d3f6901c7fd6f8736e8a453937ae/element'
13:53:27.031 [Forwarding findElement on session 1842d3f6901c7fd6f8736e8a453937ae to remote] DEBUG org.asynchttpclient.netty.request.NettyRequestSender - Using open Channel [id: 0xefb232f6, L:/127.0.0.1:62371 - R:localhost/127.0.0.1:13375] for POST '/session/1842d3f6901c7fd6f8736e8a453937ae/element'
13:53:27.042 [AsyncHttpClient-3-1] DEBUG org.asynchttpclient.netty.handler.HttpHandler - 

Request DefaultHttpRequest(decodeResult: success, version: HTTP/1.1)
POST /session/1842d3f6901c7fd6f8736e8a453937ae/element HTTP/1.1
User-Agent: selenium/4.0.0-alpha-4 (java windows)
Content-Length: 64
Content-Type: application/json; charset=utf-8
host: localhost:13375
accept: */*

Response DefaultHttpResponse(decodeResult: success, version: HTTP/1.1)
HTTP/1.1 200 OK
Content-Length: 88
Content-Type: application/json; charset=utf-8
cache-control: no-cache

13:53:27.043 [AsyncHttpClient-3-1] DEBUG org.asynchttpclient.netty.channel.ChannelManager - Adding key: http://localhost:13375 for channel [id: 0xefb232f6, L:/127.0.0.1:62371 - R:localhost/127.0.0.1:13375]
13:53:27.044 [Forwarding clickElement on session 1842d3f6901c7fd6f8736e8a453937ae to remote] DEBUG org.asynchttpclient.netty.request.NettyRequestSender - Using pooled Channel '[id: 0xefb232f6, L:/127.0.0.1:62371 - R:localhost/127.0.0.1:13375]' for 'POST' to 'http://localhost:13375/session/1842d3f6901c7fd6f8736e8a453937ae/element/6d511658-b01e-423e-8ebd-803a3ad8cf02/click'
13:53:27.045 [Forwarding clickElement on session 1842d3f6901c7fd6f8736e8a453937ae to remote] DEBUG org.asynchttpclient.netty.request.NettyRequestSender - Using open Channel [id: 0xefb232f6, L:/127.0.0.1:62371 - R:localhost/127.0.0.1:13375] for POST '/session/1842d3f6901c7fd6f8736e8a453937ae/element/6d511658-b01e-423e-8ebd-803a3ad8cf02/click'
13:53:27.328 [AsyncHttpClient-3-1] DEBUG org.asynchttpclient.netty.handler.HttpHandler - 

Request DefaultHttpRequest(decodeResult: success, version: HTTP/1.1)
POST /session/1842d3f6901c7fd6f8736e8a453937ae/element/6d511658-b01e-423e-8ebd-803a3ad8cf02/click HTTP/1.1
User-Agent: selenium/4.0.0-alpha-4 (java windows)
Content-Length: 50
Content-Type: application/json; charset=utf-8
host: localhost:13375
accept: */*

Response DefaultHttpResponse(decodeResult: success, version: HTTP/1.1)
HTTP/1.1 200 OK
Content-Length: 14
Content-Type: application/json; charset=utf-8
cache-control: no-cache

13:53:27.329 [AsyncHttpClient-3-1] DEBUG org.asynchttpclient.netty.channel.ChannelManager - Adding key: http://localhost:13375 for channel [id: 0xefb232f6, L:/127.0.0.1:62371 - R:localhost/127.0.0.1:13375]
13:53:27.333 [Forwarding findElement on session 1842d3f6901c7fd6f8736e8a453937ae to remote] DEBUG org.asynchttpclient.netty.request.NettyRequestSender - Using pooled Channel '[id: 0xefb232f6, L:/127.0.0.1:62371 - R:localhost/127.0.0.1:13375]' for 'POST' to 'http://localhost:13375/session/1842d3f6901c7fd6f8736e8a453937ae/element'
13:53:27.333 [Forwarding findElement on session 1842d3f6901c7fd6f8736e8a453937ae to remote] DEBUG org.asynchttpclient.netty.request.NettyRequestSender - Using open Channel [id: 0xefb232f6, L:/127.0.0.1:62371 - R:localhost/127.0.0.1:13375] for POST '/session/1842d3f6901c7fd6f8736e8a453937ae/element'
13:53:27.364 [AsyncHttpClient-3-1] DEBUG org.asynchttpclient.netty.handler.HttpHandler - 

Request DefaultHttpRequest(decodeResult: success, version: HTTP/1.1)
POST /session/1842d3f6901c7fd6f8736e8a453937ae/element HTTP/1.1
User-Agent: selenium/4.0.0-alpha-4 (java windows)
Content-Length: 62
Content-Type: application/json; charset=utf-8
host: localhost:13375
accept: */*

Response DefaultHttpResponse(decodeResult: success, version: HTTP/1.1)
HTTP/1.1 200 OK
Content-Length: 88
Content-Type: application/json; charset=utf-8
cache-control: no-cache

13:53:27.364 [AsyncHttpClient-3-1] DEBUG org.asynchttpclient.netty.channel.ChannelManager - Adding key: http://localhost:13375 for channel [id: 0xefb232f6, L:/127.0.0.1:62371 - R:localhost/127.0.0.1:13375]
13:53:27.366 [Forwarding clickElement on session 1842d3f6901c7fd6f8736e8a453937ae to remote] DEBUG org.asynchttpclient.netty.request.NettyRequestSender - Using pooled Channel '[id: 0xefb232f6, L:/127.0.0.1:62371 - R:localhost/127.0.0.1:13375]' for 'POST' to 'http://localhost:13375/session/1842d3f6901c7fd6f8736e8a453937ae/element/0f98e8d8-ec1c-49ac-8074-377392deff31/click'
13:53:27.366 [Forwarding clickElement on session 1842d3f6901c7fd6f8736e8a453937ae to remote] DEBUG org.asynchttpclient.netty.request.NettyRequestSender - Using open Channel [id: 0xefb232f6, L:/127.0.0.1:62371 - R:localhost/127.0.0.1:13375] for POST '/session/1842d3f6901c7fd6f8736e8a453937ae/element/0f98e8d8-ec1c-49ac-8074-377392deff31/click'
13:53:27.426 [AsyncHttpClient-3-1] DEBUG org.asynchttpclient.netty.handler.HttpHandler - 

Request DefaultHttpRequest(decodeResult: success, version: HTTP/1.1)
POST /session/1842d3f6901c7fd6f8736e8a453937ae/element/0f98e8d8-ec1c-49ac-8074-377392deff31/click HTTP/1.1
User-Agent: selenium/4.0.0-alpha-4 (java windows)
Content-Length: 50
Content-Type: application/json; charset=utf-8
host: localhost:13375
accept: */*

Response DefaultHttpResponse(decodeResult: success, version: HTTP/1.1)
HTTP/1.1 200 OK
Content-Length: 14
Content-Type: application/json; charset=utf-8
cache-control: no-cache

13:53:27.427 [AsyncHttpClient-3-1] DEBUG org.asynchttpclient.netty.channel.ChannelManager - Adding key: http://localhost:13375 for channel [id: 0xefb232f6, L:/127.0.0.1:62371 - R:localhost/127.0.0.1:13375]
13:53:27.428 [Forwarding findElement on session 1842d3f6901c7fd6f8736e8a453937ae to remote] DEBUG org.asynchttpclient.netty.request.NettyRequestSender - Using pooled Channel '[id: 0xefb232f6, L:/127.0.0.1:62371 - R:localhost/127.0.0.1:13375]' for 'POST' to 'http://localhost:13375/session/1842d3f6901c7fd6f8736e8a453937ae/element'
13:53:27.428 [Forwarding findElement on session 1842d3f6901c7fd6f8736e8a453937ae to remote] DEBUG org.asynchttpclient.netty.request.NettyRequestSender - Using open Channel [id: 0xefb232f6, L:/127.0.0.1:62371 - R:localhost/127.0.0.1:13375] for POST '/session/1842d3f6901c7fd6f8736e8a453937ae/element'
13:53:27.435 [AsyncHttpClient-3-1] DEBUG org.asynchttpclient.netty.handler.HttpHandler - 

Request DefaultHttpRequest(decodeResult: success, version: HTTP/1.1)
POST /session/1842d3f6901c7fd6f8736e8a453937ae/element HTTP/1.1
User-Agent: selenium/4.0.0-alpha-4 (java windows)
Content-Length: 62
Content-Type: application/json; charset=utf-8
host: localhost:13375
accept: */*

Response DefaultHttpResponse(decodeResult: success, version: HTTP/1.1)
HTTP/1.1 200 OK
Content-Length: 88
Content-Type: application/json; charset=utf-8
cache-control: no-cache

13:53:27.436 [AsyncHttpClient-3-1] DEBUG org.asynchttpclient.netty.channel.ChannelManager - Adding key: http://localhost:13375 for channel [id: 0xefb232f6, L:/127.0.0.1:62371 - R:localhost/127.0.0.1:13375]
13:53:27.443 [Forwarding getElementAttribute on session 1842d3f6901c7fd6f8736e8a453937ae to remote] DEBUG org.asynchttpclient.netty.request.NettyRequestSender - Using pooled Channel '[id: 0xefb232f6, L:/127.0.0.1:62371 - R:localhost/127.0.0.1:13375]' for 'POST' to 'http://localhost:13375/session/1842d3f6901c7fd6f8736e8a453937ae/execute/sync'
13:53:27.443 [Forwarding getElementAttribute on session 1842d3f6901c7fd6f8736e8a453937ae to remote] DEBUG org.asynchttpclient.netty.request.NettyRequestSender - Using open Channel [id: 0xefb232f6, L:/127.0.0.1:62371 - R:localhost/127.0.0.1:13375] for POST '/session/1842d3f6901c7fd6f8736e8a453937ae/execute/sync'
13:53:27.458 [AsyncHttpClient-3-1] DEBUG org.asynchttpclient.netty.handler.HttpHandler - 

Request DefaultHttpRequest(decodeResult: success, version: HTTP/1.1)
POST /session/1842d3f6901c7fd6f8736e8a453937ae/execute/sync HTTP/1.1
User-Agent: selenium/4.0.0-alpha-4 (java windows)
Content-Length: 39635
Content-Type: application/json; charset=utf-8
host: localhost:13375
accept: */*

Response DefaultHttpResponse(decodeResult: success, version: HTTP/1.1)
HTTP/1.1 200 OK
Content-Length: 12
Content-Type: application/json; charset=utf-8
cache-control: no-cache

13:53:27.458 [AsyncHttpClient-3-1] DEBUG org.asynchttpclient.netty.channel.ChannelManager - Adding key: http://localhost:13375 for channel [id: 0xefb232f6, L:/127.0.0.1:62371 - R:localhost/127.0.0.1:13375]
13:53:27.460 [Forwarding findElement on session 1842d3f6901c7fd6f8736e8a453937ae to remote] DEBUG org.asynchttpclient.netty.request.NettyRequestSender - Using pooled Channel '[id: 0xefb232f6, L:/127.0.0.1:62371 - R:localhost/127.0.0.1:13375]' for 'POST' to 'http://localhost:13375/session/1842d3f6901c7fd6f8736e8a453937ae/element'
13:53:27.460 [Forwarding findElement on session 1842d3f6901c7fd6f8736e8a453937ae to remote] DEBUG org.asynchttpclient.netty.request.NettyRequestSender - Using open Channel [id: 0xefb232f6, L:/127.0.0.1:62371 - R:localhost/127.0.0.1:13375] for POST '/session/1842d3f6901c7fd6f8736e8a453937ae/element'
13:53:27.468 [AsyncHttpClient-3-1] DEBUG org.asynchttpclient.netty.handler.HttpHandler - 

Request DefaultHttpRequest(decodeResult: success, version: HTTP/1.1)
POST /session/1842d3f6901c7fd6f8736e8a453937ae/element HTTP/1.1
User-Agent: selenium/4.0.0-alpha-4 (java windows)
Content-Length: 62
Content-Type: application/json; charset=utf-8
host: localhost:13375
accept: */*

Response DefaultHttpResponse(decodeResult: success, version: HTTP/1.1)
HTTP/1.1 200 OK
Content-Length: 88
Content-Type: application/json; charset=utf-8
cache-control: no-cache

13:53:27.469 [AsyncHttpClient-3-1] DEBUG org.asynchttpclient.netty.channel.ChannelManager - Adding key: http://localhost:13375 for channel [id: 0xefb232f6, L:/127.0.0.1:62371 - R:localhost/127.0.0.1:13375]
13:53:27.471 [Forwarding clearElement on session 1842d3f6901c7fd6f8736e8a453937ae to remote] DEBUG org.asynchttpclient.netty.request.NettyRequestSender - Using pooled Channel '[id: 0xefb232f6, L:/127.0.0.1:62371 - R:localhost/127.0.0.1:13375]' for 'POST' to 'http://localhost:13375/session/1842d3f6901c7fd6f8736e8a453937ae/element/0f98e8d8-ec1c-49ac-8074-377392deff31/clear'
13:53:27.471 [Forwarding clearElement on session 1842d3f6901c7fd6f8736e8a453937ae to remote] DEBUG org.asynchttpclient.netty.request.NettyRequestSender - Using open Channel [id: 0xefb232f6, L:/127.0.0.1:62371 - R:localhost/127.0.0.1:13375] for POST '/session/1842d3f6901c7fd6f8736e8a453937ae/element/0f98e8d8-ec1c-49ac-8074-377392deff31/clear'
13:53:27.495 [AsyncHttpClient-3-1] DEBUG org.asynchttpclient.netty.handler.HttpHandler - 

Request DefaultHttpRequest(decodeResult: success, version: HTTP/1.1)
POST /session/1842d3f6901c7fd6f8736e8a453937ae/element/0f98e8d8-ec1c-49ac-8074-377392deff31/clear HTTP/1.1
User-Agent: selenium/4.0.0-alpha-4 (java windows)
Content-Length: 50
Content-Type: application/json; charset=utf-8
host: localhost:13375
accept: */*

Response DefaultHttpResponse(decodeResult: success, version: HTTP/1.1)
HTTP/1.1 200 OK
Content-Length: 14
Content-Type: application/json; charset=utf-8
cache-control: no-cache

13:53:27.496 [AsyncHttpClient-3-1] DEBUG org.asynchttpclient.netty.channel.ChannelManager - Adding key: http://localhost:13375 for channel [id: 0xefb232f6, L:/127.0.0.1:62371 - R:localhost/127.0.0.1:13375]
13:53:27.497 [Forwarding findElement on session 1842d3f6901c7fd6f8736e8a453937ae to remote] DEBUG org.asynchttpclient.netty.request.NettyRequestSender - Using pooled Channel '[id: 0xefb232f6, L:/127.0.0.1:62371 - R:localhost/127.0.0.1:13375]' for 'POST' to 'http://localhost:13375/session/1842d3f6901c7fd6f8736e8a453937ae/element'
13:53:27.497 [Forwarding findElement on session 1842d3f6901c7fd6f8736e8a453937ae to remote] DEBUG org.asynchttpclient.netty.request.NettyRequestSender - Using open Channel [id: 0xefb232f6, L:/127.0.0.1:62371 - R:localhost/127.0.0.1:13375] for POST '/session/1842d3f6901c7fd6f8736e8a453937ae/element'
13:53:27.505 [AsyncHttpClient-3-1] DEBUG org.asynchttpclient.netty.handler.HttpHandler - 

Request DefaultHttpRequest(decodeResult: success, version: HTTP/1.1)
POST /session/1842d3f6901c7fd6f8736e8a453937ae/element HTTP/1.1
User-Agent: selenium/4.0.0-alpha-4 (java windows)
Content-Length: 62
Content-Type: application/json; charset=utf-8
host: localhost:13375
accept: */*

Response DefaultHttpResponse(decodeResult: success, version: HTTP/1.1)
HTTP/1.1 200 OK
Content-Length: 88
Content-Type: application/json; charset=utf-8
cache-control: no-cache

13:53:27.505 [AsyncHttpClient-3-1] DEBUG org.asynchttpclient.netty.channel.ChannelManager - Adding key: http://localhost:13375 for channel [id: 0xefb232f6, L:/127.0.0.1:62371 - R:localhost/127.0.0.1:13375]
13:53:27.507 [Forwarding sendKeysToElement on session 1842d3f6901c7fd6f8736e8a453937ae to remote] DEBUG org.asynchttpclient.netty.request.NettyRequestSender - Using pooled Channel '[id: 0xefb232f6, L:/127.0.0.1:62371 - R:localhost/127.0.0.1:13375]' for 'POST' to 'http://localhost:13375/session/1842d3f6901c7fd6f8736e8a453937ae/element/0f98e8d8-ec1c-49ac-8074-377392deff31/value'
13:53:27.508 [Forwarding sendKeysToElement on session 1842d3f6901c7fd6f8736e8a453937ae to remote] DEBUG org.asynchttpclient.netty.request.NettyRequestSender - Using open Channel [id: 0xefb232f6, L:/127.0.0.1:62371 - R:localhost/127.0.0.1:13375] for POST '/session/1842d3f6901c7fd6f8736e8a453937ae/element/0f98e8d8-ec1c-49ac-8074-377392deff31/value'
13:53:27.532 [AsyncHttpClient-3-1] DEBUG org.asynchttpclient.netty.handler.HttpHandler - 

Request DefaultHttpRequest(decodeResult: success, version: HTTP/1.1)
POST /session/1842d3f6901c7fd6f8736e8a453937ae/element/0f98e8d8-ec1c-49ac-8074-377392deff31/value HTTP/1.1
User-Agent: selenium/4.0.0-alpha-4 (java windows)
Content-Length: 121
Content-Type: application/json; charset=utf-8
host: localhost:13375
accept: */*

Response DefaultHttpResponse(decodeResult: success, version: HTTP/1.1)
HTTP/1.1 200 OK
Content-Length: 14
Content-Type: application/json; charset=utf-8
cache-control: no-cache

13:53:27.533 [AsyncHttpClient-3-1] DEBUG org.asynchttpclient.netty.channel.ChannelManager - Adding key: http://localhost:13375 for channel [id: 0xefb232f6, L:/127.0.0.1:62371 - R:localhost/127.0.0.1:13375]
13:53:27.534 [Forwarding findElement on session 1842d3f6901c7fd6f8736e8a453937ae to remote] DEBUG org.asynchttpclient.netty.request.NettyRequestSender - Using pooled Channel '[id: 0xefb232f6, L:/127.0.0.1:62371 - R:localhost/127.0.0.1:13375]' for 'POST' to 'http://localhost:13375/session/1842d3f6901c7fd6f8736e8a453937ae/element'
13:53:27.534 [Forwarding findElement on session 1842d3f6901c7fd6f8736e8a453937ae to remote] DEBUG org.asynchttpclient.netty.request.NettyRequestSender - Using open Channel [id: 0xefb232f6, L:/127.0.0.1:62371 - R:localhost/127.0.0.1:13375] for POST '/session/1842d3f6901c7fd6f8736e8a453937ae/element'
13:53:27.543 [AsyncHttpClient-3-1] DEBUG org.asynchttpclient.netty.handler.HttpHandler - 

Request DefaultHttpRequest(decodeResult: success, version: HTTP/1.1)
POST /session/1842d3f6901c7fd6f8736e8a453937ae/element HTTP/1.1
User-Agent: selenium/4.0.0-alpha-4 (java windows)
Content-Length: 64
Content-Type: application/json; charset=utf-8
host: localhost:13375
accept: */*

Response DefaultHttpResponse(decodeResult: success, version: HTTP/1.1)
HTTP/1.1 200 OK
Content-Length: 88
Content-Type: application/json; charset=utf-8
cache-control: no-cache

13:53:27.543 [AsyncHttpClient-3-1] DEBUG org.asynchttpclient.netty.channel.ChannelManager - Adding key: http://localhost:13375 for channel [id: 0xefb232f6, L:/127.0.0.1:62371 - R:localhost/127.0.0.1:13375]
13:53:27.546 [Forwarding clickElement on session 1842d3f6901c7fd6f8736e8a453937ae to remote] DEBUG org.asynchttpclient.netty.request.NettyRequestSender - Using pooled Channel '[id: 0xefb232f6, L:/127.0.0.1:62371 - R:localhost/127.0.0.1:13375]' for 'POST' to 'http://localhost:13375/session/1842d3f6901c7fd6f8736e8a453937ae/element/9ee37768-70c2-4148-ad1d-18b4285e7d97/click'
13:53:27.546 [Forwarding clickElement on session 1842d3f6901c7fd6f8736e8a453937ae to remote] DEBUG org.asynchttpclient.netty.request.NettyRequestSender - Using open Channel [id: 0xefb232f6, L:/127.0.0.1:62371 - R:localhost/127.0.0.1:13375] for POST '/session/1842d3f6901c7fd6f8736e8a453937ae/element/9ee37768-70c2-4148-ad1d-18b4285e7d97/click'
13:53:28.054 [AsyncHttpClient-timer-6-1] DEBUG org.asynchttpclient.netty.channel.DefaultChannelPool - Entry count for : http://localhost:62373 : 1
13:53:28.292 [AsyncHttpClient-3-1] DEBUG org.asynchttpclient.netty.handler.HttpHandler - 

Request DefaultHttpRequest(decodeResult: success, version: HTTP/1.1)
POST /session/1842d3f6901c7fd6f8736e8a453937ae/element/9ee37768-70c2-4148-ad1d-18b4285e7d97/click HTTP/1.1
User-Agent: selenium/4.0.0-alpha-4 (java windows)
Content-Length: 50
Content-Type: application/json; charset=utf-8
host: localhost:13375
accept: */*

Response DefaultHttpResponse(decodeResult: success, version: HTTP/1.1)
HTTP/1.1 200 OK
Content-Length: 14
Content-Type: application/json; charset=utf-8
cache-control: no-cache

13:53:28.293 [AsyncHttpClient-3-1] DEBUG org.asynchttpclient.netty.channel.ChannelManager - Adding key: http://localhost:13375 for channel [id: 0xefb232f6, L:/127.0.0.1:62371 - R:localhost/127.0.0.1:13375]
13:53:28.295 [Forwarding get on session 1842d3f6901c7fd6f8736e8a453937ae to remote] DEBUG org.asynchttpclient.netty.request.NettyRequestSender - Using pooled Channel '[id: 0xefb232f6, L:/127.0.0.1:62371 - R:localhost/127.0.0.1:13375]' for 'POST' to 'http://localhost:13375/session/1842d3f6901c7fd6f8736e8a453937ae/url'
13:53:28.295 [Forwarding get on session 1842d3f6901c7fd6f8736e8a453937ae to remote] DEBUG org.asynchttpclient.netty.request.NettyRequestSender - Using open Channel [id: 0xefb232f6, L:/127.0.0.1:62371 - R:localhost/127.0.0.1:13375] for POST '/session/1842d3f6901c7fd6f8736e8a453937ae/url'
13:53:28.512 [AsyncHttpClient-3-1] DEBUG org.asynchttpclient.netty.handler.HttpHandler - 

Request DefaultHttpRequest(decodeResult: success, version: HTTP/1.1)
POST /session/1842d3f6901c7fd6f8736e8a453937ae/url HTTP/1.1
User-Agent: selenium/4.0.0-alpha-4 (java windows)
Content-Length: 94
Content-Type: application/json; charset=utf-8
host: localhost:13375
accept: */*

Response DefaultHttpResponse(decodeResult: success, version: HTTP/1.1)
HTTP/1.1 200 OK
Content-Length: 14
Content-Type: application/json; charset=utf-8
cache-control: no-cache

13:53:28.512 [AsyncHttpClient-3-1] DEBUG org.asynchttpclient.netty.channel.ChannelManager - Adding key: http://localhost:13375 for channel [id: 0xefb232f6, L:/127.0.0.1:62371 - R:localhost/127.0.0.1:13375]
13:53:28.514 [Forwarding findElement on session 1842d3f6901c7fd6f8736e8a453937ae to remote] DEBUG org.asynchttpclient.netty.request.NettyRequestSender - Using pooled Channel '[id: 0xefb232f6, L:/127.0.0.1:62371 - R:localhost/127.0.0.1:13375]' for 'POST' to 'http://localhost:13375/session/1842d3f6901c7fd6f8736e8a453937ae/element'
13:53:28.514 [Forwarding findElement on session 1842d3f6901c7fd6f8736e8a453937ae to remote] DEBUG org.asynchttpclient.netty.request.NettyRequestSender - Using open Channel [id: 0xefb232f6, L:/127.0.0.1:62371 - R:localhost/127.0.0.1:13375] for POST '/session/1842d3f6901c7fd6f8736e8a453937ae/element'
13:53:28.529 [AsyncHttpClient-3-1] DEBUG org.asynchttpclient.netty.handler.HttpHandler - 

Request DefaultHttpRequest(decodeResult: success, version: HTTP/1.1)
POST /session/1842d3f6901c7fd6f8736e8a453937ae/element HTTP/1.1
User-Agent: selenium/4.0.0-alpha-4 (java windows)
Content-Length: 88
Content-Type: application/json; charset=utf-8
host: localhost:13375
accept: */*

Response DefaultHttpResponse(decodeResult: success, version: HTTP/1.1)
HTTP/1.1 200 OK
Content-Length: 88
Content-Type: application/json; charset=utf-8
cache-control: no-cache

13:53:28.529 [AsyncHttpClient-3-1] DEBUG org.asynchttpclient.netty.channel.ChannelManager - Adding key: http://localhost:13375 for channel [id: 0xefb232f6, L:/127.0.0.1:62371 - R:localhost/127.0.0.1:13375]
13:53:28.532 [Forwarding clickElement on session 1842d3f6901c7fd6f8736e8a453937ae to remote] DEBUG org.asynchttpclient.netty.request.NettyRequestSender - Using pooled Channel '[id: 0xefb232f6, L:/127.0.0.1:62371 - R:localhost/127.0.0.1:13375]' for 'POST' to 'http://localhost:13375/session/1842d3f6901c7fd6f8736e8a453937ae/element/159a51e4-b879-4085-92ef-676f43df5766/click'
13:53:28.532 [Forwarding clickElement on session 1842d3f6901c7fd6f8736e8a453937ae to remote] DEBUG org.asynchttpclient.netty.request.NettyRequestSender - Using open Channel [id: 0xefb232f6, L:/127.0.0.1:62371 - R:localhost/127.0.0.1:13375] for POST '/session/1842d3f6901c7fd6f8736e8a453937ae/element/159a51e4-b879-4085-92ef-676f43df5766/click'
13:53:28.792 [AsyncHttpClient-3-1] DEBUG org.asynchttpclient.netty.handler.HttpHandler - 

Request DefaultHttpRequest(decodeResult: success, version: HTTP/1.1)
POST /session/1842d3f6901c7fd6f8736e8a453937ae/element/159a51e4-b879-4085-92ef-676f43df5766/click HTTP/1.1
User-Agent: selenium/4.0.0-alpha-4 (java windows)
Content-Length: 50
Content-Type: application/json; charset=utf-8
host: localhost:13375
accept: */*

Response DefaultHttpResponse(decodeResult: success, version: HTTP/1.1)
HTTP/1.1 200 OK
Content-Length: 14
Content-Type: application/json; charset=utf-8
cache-control: no-cache

13:53:28.793 [AsyncHttpClient-3-1] DEBUG org.asynchttpclient.netty.channel.ChannelManager - Adding key: http://localhost:13375 for channel [id: 0xefb232f6, L:/127.0.0.1:62371 - R:localhost/127.0.0.1:13375]
13:53:28.794 [Forwarding findElement on session 1842d3f6901c7fd6f8736e8a453937ae to remote] DEBUG org.asynchttpclient.netty.request.NettyRequestSender - Using pooled Channel '[id: 0xefb232f6, L:/127.0.0.1:62371 - R:localhost/127.0.0.1:13375]' for 'POST' to 'http://localhost:13375/session/1842d3f6901c7fd6f8736e8a453937ae/element'
13:53:28.794 [Forwarding findElement on session 1842d3f6901c7fd6f8736e8a453937ae to remote] DEBUG org.asynchttpclient.netty.request.NettyRequestSender - Using open Channel [id: 0xefb232f6, L:/127.0.0.1:62371 - R:localhost/127.0.0.1:13375] for POST '/session/1842d3f6901c7fd6f8736e8a453937ae/element'
13:53:28.811 [AsyncHttpClient-3-1] DEBUG org.asynchttpclient.netty.handler.HttpHandler - 

Request DefaultHttpRequest(decodeResult: success, version: HTTP/1.1)
POST /session/1842d3f6901c7fd6f8736e8a453937ae/element HTTP/1.1
User-Agent: selenium/4.0.0-alpha-4 (java windows)
Content-Length: 88
Content-Type: application/json; charset=utf-8
host: localhost:13375
accept: */*

Response DefaultHttpResponse(decodeResult: success, version: HTTP/1.1)
HTTP/1.1 200 OK
Content-Length: 88
Content-Type: application/json; charset=utf-8
cache-control: no-cache

13:53:28.811 [AsyncHttpClient-3-1] DEBUG org.asynchttpclient.netty.channel.ChannelManager - Adding key: http://localhost:13375 for channel [id: 0xefb232f6, L:/127.0.0.1:62371 - R:localhost/127.0.0.1:13375]
13:53:28.813 [Forwarding clickElement on session 1842d3f6901c7fd6f8736e8a453937ae to remote] DEBUG org.asynchttpclient.netty.request.NettyRequestSender - Using pooled Channel '[id: 0xefb232f6, L:/127.0.0.1:62371 - R:localhost/127.0.0.1:13375]' for 'POST' to 'http://localhost:13375/session/1842d3f6901c7fd6f8736e8a453937ae/element/c1c2750b-a54f-4c79-ad88-0cead598f9e7/click'
13:53:28.814 [Forwarding clickElement on session 1842d3f6901c7fd6f8736e8a453937ae to remote] DEBUG org.asynchttpclient.netty.request.NettyRequestSender - Using open Channel [id: 0xefb232f6, L:/127.0.0.1:62371 - R:localhost/127.0.0.1:13375] for POST '/session/1842d3f6901c7fd6f8736e8a453937ae/element/c1c2750b-a54f-4c79-ad88-0cead598f9e7/click'
13:53:29.056 [org.subethamail.smtp.server.Session-/0:0:0:0:0:0:0:1:62475] DEBUG org.subethamail.smtp.server.Session - SMTP connection from 0:0:0:0:0:0:0:1/0:0:0:0:0:0:0:1, new connection count: 1
13:53:29.056 [org.subethamail.smtp.server.Session-/0:0:0:0:0:0:0:1:62475] DEBUG org.subethamail.smtp.server.Session - Server: 220 192.168.0.28 ESMTP SubEthaSMTP 3.1.7
13:53:29.057 [org.subethamail.smtp.server.Session-/0:0:0:0:0:0:0:1:62475] DEBUG org.subethamail.smtp.server.Session - Client: EHLO localhost
13:53:29.057 [org.subethamail.smtp.server.Session-/0:0:0:0:0:0:0:1:62475] DEBUG org.subethamail.smtp.server.Session - Server: 250-192.168.0.28
250-8BITMIME
250 Ok
13:53:29.058 [org.subethamail.smtp.server.Session-/0:0:0:0:0:0:0:1:62475] DEBUG org.subethamail.smtp.server.Session - Client: MAIL FROM:<admin@example.com>
13:53:29.062 [org.subethamail.smtp.server.Session-/0:0:0:0:0:0:0:1:62475] DEBUG org.subethamail.smtp.server.Session - Server: 250 Ok
13:53:29.063 [org.subethamail.smtp.server.Session-/0:0:0:0:0:0:0:1:62475] DEBUG org.subethamail.smtp.server.Session - Client: RCPT TO:<user1585725306071@localhost>
13:53:29.063 [org.subethamail.smtp.server.Session-/0:0:0:0:0:0:0:1:62475] DEBUG org.subethamail.wiser.Wiser - Accepting mail from admin@example.com to user1585725306071@localhost
13:53:29.063 [org.subethamail.smtp.server.Session-/0:0:0:0:0:0:0:1:62475] DEBUG org.subethamail.smtp.server.Session - Server: 250 Ok
13:53:29.064 [org.subethamail.smtp.server.Session-/0:0:0:0:0:0:0:1:62475] DEBUG org.subethamail.smtp.server.Session - Client: DATA
13:53:29.064 [org.subethamail.smtp.server.Session-/0:0:0:0:0:0:0:1:62475] DEBUG org.subethamail.smtp.server.Session - Server: 354 End data with <CR><LF>.<CR><LF>
13:53:29.068 [org.subethamail.smtp.server.Session-/0:0:0:0:0:0:0:1:62475] DEBUG org.subethamail.wiser.Wiser - Delivering mail from admin@example.com to user1585725306071@localhost
13:53:29.069 [org.subethamail.smtp.server.Session-/0:0:0:0:0:0:0:1:62475] DEBUG org.subethamail.wiser.Wiser - Creating message from data with 1176 bytes
13:53:29.070 [org.subethamail.smtp.server.Session-/0:0:0:0:0:0:0:1:62475] DEBUG org.subethamail.smtp.server.Session - Server: 250 Ok
13:53:29.070 [org.subethamail.smtp.server.Session-/0:0:0:0:0:0:0:1:62475] DEBUG org.subethamail.smtp.server.Session - Client: RSET
13:53:29.070 [org.subethamail.smtp.server.Session-/0:0:0:0:0:0:0:1:62475] DEBUG org.subethamail.smtp.server.Session - Server: 250 Ok
13:53:29.091 [org.subethamail.smtp.server.Session-/0:0:0:0:0:0:0:1:62475] DEBUG org.subethamail.smtp.server.Session - Client: QUIT
13:53:29.091 [org.subethamail.smtp.server.Session-/0:0:0:0:0:0:0:1:62475] DEBUG org.subethamail.smtp.server.Session - Server: 221 Bye
13:53:29.153 [AsyncHttpClient-timer-6-1] DEBUG org.asynchttpclient.netty.channel.DefaultChannelPool - Entry count for : http://localhost:62373 : 1
13:53:29.191 [AsyncHttpClient-3-1] DEBUG org.asynchttpclient.netty.handler.HttpHandler - 

Request DefaultHttpRequest(decodeResult: success, version: HTTP/1.1)
POST /session/1842d3f6901c7fd6f8736e8a453937ae/element/c1c2750b-a54f-4c79-ad88-0cead598f9e7/click HTTP/1.1
User-Agent: selenium/4.0.0-alpha-4 (java windows)
Content-Length: 50
Content-Type: application/json; charset=utf-8
host: localhost:13375
accept: */*

Response DefaultHttpResponse(decodeResult: success, version: HTTP/1.1)
HTTP/1.1 200 OK
Content-Length: 14
Content-Type: application/json; charset=utf-8
cache-control: no-cache

13:53:29.191 [AsyncHttpClient-3-1] DEBUG org.asynchttpclient.netty.channel.ChannelManager - Adding key: http://localhost:13375 for channel [id: 0xefb232f6, L:/127.0.0.1:62371 - R:localhost/127.0.0.1:13375]
13:53:29.238 [Forwarding get on session 1842d3f6901c7fd6f8736e8a453937ae to remote] DEBUG org.asynchttpclient.netty.request.NettyRequestSender - Using pooled Channel '[id: 0xefb232f6, L:/127.0.0.1:62371 - R:localhost/127.0.0.1:13375]' for 'POST' to 'http://localhost:13375/session/1842d3f6901c7fd6f8736e8a453937ae/url'
13:53:29.238 [Forwarding get on session 1842d3f6901c7fd6f8736e8a453937ae to remote] DEBUG org.asynchttpclient.netty.request.NettyRequestSender - Using open Channel [id: 0xefb232f6, L:/127.0.0.1:62371 - R:localhost/127.0.0.1:13375] for POST '/session/1842d3f6901c7fd6f8736e8a453937ae/url'
13:53:29.667 [AsyncHttpClient-3-1] DEBUG org.asynchttpclient.netty.handler.HttpHandler - 

Request DefaultHttpRequest(decodeResult: success, version: HTTP/1.1)
POST /session/1842d3f6901c7fd6f8736e8a453937ae/url HTTP/1.1
User-Agent: selenium/4.0.0-alpha-4 (java windows)
Content-Length: 187
Content-Type: application/json; charset=utf-8
host: localhost:13375
accept: */*

Response DefaultHttpResponse(decodeResult: success, version: HTTP/1.1)
HTTP/1.1 200 OK
Content-Length: 14
Content-Type: application/json; charset=utf-8
cache-control: no-cache

13:53:29.667 [AsyncHttpClient-3-1] DEBUG org.asynchttpclient.netty.channel.ChannelManager - Adding key: http://localhost:13375 for channel [id: 0xefb232f6, L:/127.0.0.1:62371 - R:localhost/127.0.0.1:13375]
13:53:29.669 [Forwarding findElement on session 1842d3f6901c7fd6f8736e8a453937ae to remote] DEBUG org.asynchttpclient.netty.request.NettyRequestSender - Using pooled Channel '[id: 0xefb232f6, L:/127.0.0.1:62371 - R:localhost/127.0.0.1:13375]' for 'POST' to 'http://localhost:13375/session/1842d3f6901c7fd6f8736e8a453937ae/element'
13:53:29.669 [Forwarding findElement on session 1842d3f6901c7fd6f8736e8a453937ae to remote] DEBUG org.asynchttpclient.netty.request.NettyRequestSender - Using open Channel [id: 0xefb232f6, L:/127.0.0.1:62371 - R:localhost/127.0.0.1:13375] for POST '/session/1842d3f6901c7fd6f8736e8a453937ae/element'
13:53:29.679 [AsyncHttpClient-3-1] DEBUG org.asynchttpclient.netty.handler.HttpHandler - 

Request DefaultHttpRequest(decodeResult: success, version: HTTP/1.1)
POST /session/1842d3f6901c7fd6f8736e8a453937ae/element HTTP/1.1
User-Agent: selenium/4.0.0-alpha-4 (java windows)
Content-Length: 62
Content-Type: application/json; charset=utf-8
host: localhost:13375
accept: */*

Response DefaultHttpResponse(decodeResult: success, version: HTTP/1.1)
HTTP/1.1 200 OK
Content-Length: 88
Content-Type: application/json; charset=utf-8
cache-control: no-cache

13:53:29.680 [AsyncHttpClient-3-1] DEBUG org.asynchttpclient.netty.channel.ChannelManager - Adding key: http://localhost:13375 for channel [id: 0xefb232f6, L:/127.0.0.1:62371 - R:localhost/127.0.0.1:13375]
13:53:29.681 [Forwarding clickElement on session 1842d3f6901c7fd6f8736e8a453937ae to remote] DEBUG org.asynchttpclient.netty.request.NettyRequestSender - Using pooled Channel '[id: 0xefb232f6, L:/127.0.0.1:62371 - R:localhost/127.0.0.1:13375]' for 'POST' to 'http://localhost:13375/session/1842d3f6901c7fd6f8736e8a453937ae/element/3d70b506-8814-486e-a3b5-15befd2fb3e4/click'
13:53:29.681 [Forwarding clickElement on session 1842d3f6901c7fd6f8736e8a453937ae to remote] DEBUG org.asynchttpclient.netty.request.NettyRequestSender - Using open Channel [id: 0xefb232f6, L:/127.0.0.1:62371 - R:localhost/127.0.0.1:13375] for POST '/session/1842d3f6901c7fd6f8736e8a453937ae/element/3d70b506-8814-486e-a3b5-15befd2fb3e4/click'
13:53:29.731 [AsyncHttpClient-3-1] DEBUG org.asynchttpclient.netty.handler.HttpHandler - 

Request DefaultHttpRequest(decodeResult: success, version: HTTP/1.1)
POST /session/1842d3f6901c7fd6f8736e8a453937ae/element/3d70b506-8814-486e-a3b5-15befd2fb3e4/click HTTP/1.1
User-Agent: selenium/4.0.0-alpha-4 (java windows)
Content-Length: 50
Content-Type: application/json; charset=utf-8
host: localhost:13375
accept: */*

Response DefaultHttpResponse(decodeResult: success, version: HTTP/1.1)
HTTP/1.1 200 OK
Content-Length: 14
Content-Type: application/json; charset=utf-8
cache-control: no-cache

13:53:29.731 [AsyncHttpClient-3-1] DEBUG org.asynchttpclient.netty.channel.ChannelManager - Adding key: http://localhost:13375 for channel [id: 0xefb232f6, L:/127.0.0.1:62371 - R:localhost/127.0.0.1:13375]
13:53:29.732 [Forwarding findElement on session 1842d3f6901c7fd6f8736e8a453937ae to remote] DEBUG org.asynchttpclient.netty.request.NettyRequestSender - Using pooled Channel '[id: 0xefb232f6, L:/127.0.0.1:62371 - R:localhost/127.0.0.1:13375]' for 'POST' to 'http://localhost:13375/session/1842d3f6901c7fd6f8736e8a453937ae/element'
13:53:29.732 [Forwarding findElement on session 1842d3f6901c7fd6f8736e8a453937ae to remote] DEBUG org.asynchttpclient.netty.request.NettyRequestSender - Using open Channel [id: 0xefb232f6, L:/127.0.0.1:62371 - R:localhost/127.0.0.1:13375] for POST '/session/1842d3f6901c7fd6f8736e8a453937ae/element'
13:53:29.743 [AsyncHttpClient-3-1] DEBUG org.asynchttpclient.netty.handler.HttpHandler - 

Request DefaultHttpRequest(decodeResult: success, version: HTTP/1.1)
POST /session/1842d3f6901c7fd6f8736e8a453937ae/element HTTP/1.1
User-Agent: selenium/4.0.0-alpha-4 (java windows)
Content-Length: 62
Content-Type: application/json; charset=utf-8
host: localhost:13375
accept: */*

Response DefaultHttpResponse(decodeResult: success, version: HTTP/1.1)
HTTP/1.1 200 OK
Content-Length: 88
Content-Type: application/json; charset=utf-8
cache-control: no-cache

13:53:29.744 [AsyncHttpClient-3-1] DEBUG org.asynchttpclient.netty.channel.ChannelManager - Adding key: http://localhost:13375 for channel [id: 0xefb232f6, L:/127.0.0.1:62371 - R:localhost/127.0.0.1:13375]
13:53:29.752 [Forwarding getElementAttribute on session 1842d3f6901c7fd6f8736e8a453937ae to remote] DEBUG org.asynchttpclient.netty.request.NettyRequestSender - Using pooled Channel '[id: 0xefb232f6, L:/127.0.0.1:62371 - R:localhost/127.0.0.1:13375]' for 'POST' to 'http://localhost:13375/session/1842d3f6901c7fd6f8736e8a453937ae/execute/sync'
13:53:29.752 [Forwarding getElementAttribute on session 1842d3f6901c7fd6f8736e8a453937ae to remote] DEBUG org.asynchttpclient.netty.request.NettyRequestSender - Using open Channel [id: 0xefb232f6, L:/127.0.0.1:62371 - R:localhost/127.0.0.1:13375] for POST '/session/1842d3f6901c7fd6f8736e8a453937ae/execute/sync'
13:53:29.777 [AsyncHttpClient-3-1] DEBUG org.asynchttpclient.netty.handler.HttpHandler - 

Request DefaultHttpRequest(decodeResult: success, version: HTTP/1.1)
POST /session/1842d3f6901c7fd6f8736e8a453937ae/execute/sync HTTP/1.1
User-Agent: selenium/4.0.0-alpha-4 (java windows)
Content-Length: 39635
Content-Type: application/json; charset=utf-8
host: localhost:13375
accept: */*

Response DefaultHttpResponse(decodeResult: success, version: HTTP/1.1)
HTTP/1.1 200 OK
Content-Length: 12
Content-Type: application/json; charset=utf-8
cache-control: no-cache

13:53:29.778 [AsyncHttpClient-3-1] DEBUG org.asynchttpclient.netty.channel.ChannelManager - Adding key: http://localhost:13375 for channel [id: 0xefb232f6, L:/127.0.0.1:62371 - R:localhost/127.0.0.1:13375]
13:53:29.780 [Forwarding findElement on session 1842d3f6901c7fd6f8736e8a453937ae to remote] DEBUG org.asynchttpclient.netty.request.NettyRequestSender - Using pooled Channel '[id: 0xefb232f6, L:/127.0.0.1:62371 - R:localhost/127.0.0.1:13375]' for 'POST' to 'http://localhost:13375/session/1842d3f6901c7fd6f8736e8a453937ae/element'
13:53:29.780 [Forwarding findElement on session 1842d3f6901c7fd6f8736e8a453937ae to remote] DEBUG org.asynchttpclient.netty.request.NettyRequestSender - Using open Channel [id: 0xefb232f6, L:/127.0.0.1:62371 - R:localhost/127.0.0.1:13375] for POST '/session/1842d3f6901c7fd6f8736e8a453937ae/element'
13:53:29.789 [AsyncHttpClient-3-1] DEBUG org.asynchttpclient.netty.handler.HttpHandler - 

Request DefaultHttpRequest(decodeResult: success, version: HTTP/1.1)
POST /session/1842d3f6901c7fd6f8736e8a453937ae/element HTTP/1.1
User-Agent: selenium/4.0.0-alpha-4 (java windows)
Content-Length: 62
Content-Type: application/json; charset=utf-8
host: localhost:13375
accept: */*

Response DefaultHttpResponse(decodeResult: success, version: HTTP/1.1)
HTTP/1.1 200 OK
Content-Length: 88
Content-Type: application/json; charset=utf-8
cache-control: no-cache

13:53:29.790 [AsyncHttpClient-3-1] DEBUG org.asynchttpclient.netty.channel.ChannelManager - Adding key: http://localhost:13375 for channel [id: 0xefb232f6, L:/127.0.0.1:62371 - R:localhost/127.0.0.1:13375]
13:53:29.792 [Forwarding clearElement on session 1842d3f6901c7fd6f8736e8a453937ae to remote] DEBUG org.asynchttpclient.netty.request.NettyRequestSender - Using pooled Channel '[id: 0xefb232f6, L:/127.0.0.1:62371 - R:localhost/127.0.0.1:13375]' for 'POST' to 'http://localhost:13375/session/1842d3f6901c7fd6f8736e8a453937ae/element/3d70b506-8814-486e-a3b5-15befd2fb3e4/clear'
13:53:29.792 [Forwarding clearElement on session 1842d3f6901c7fd6f8736e8a453937ae to remote] DEBUG org.asynchttpclient.netty.request.NettyRequestSender - Using open Channel [id: 0xefb232f6, L:/127.0.0.1:62371 - R:localhost/127.0.0.1:13375] for POST '/session/1842d3f6901c7fd6f8736e8a453937ae/element/3d70b506-8814-486e-a3b5-15befd2fb3e4/clear'
13:53:29.824 [AsyncHttpClient-3-1] DEBUG org.asynchttpclient.netty.handler.HttpHandler - 

Request DefaultHttpRequest(decodeResult: success, version: HTTP/1.1)
POST /session/1842d3f6901c7fd6f8736e8a453937ae/element/3d70b506-8814-486e-a3b5-15befd2fb3e4/clear HTTP/1.1
User-Agent: selenium/4.0.0-alpha-4 (java windows)
Content-Length: 50
Content-Type: application/json; charset=utf-8
host: localhost:13375
accept: */*

Response DefaultHttpResponse(decodeResult: success, version: HTTP/1.1)
HTTP/1.1 200 OK
Content-Length: 14
Content-Type: application/json; charset=utf-8
cache-control: no-cache

13:53:29.825 [AsyncHttpClient-3-1] DEBUG org.asynchttpclient.netty.channel.ChannelManager - Adding key: http://localhost:13375 for channel [id: 0xefb232f6, L:/127.0.0.1:62371 - R:localhost/127.0.0.1:13375]
13:53:29.827 [Forwarding findElement on session 1842d3f6901c7fd6f8736e8a453937ae to remote] DEBUG org.asynchttpclient.netty.request.NettyRequestSender - Using pooled Channel '[id: 0xefb232f6, L:/127.0.0.1:62371 - R:localhost/127.0.0.1:13375]' for 'POST' to 'http://localhost:13375/session/1842d3f6901c7fd6f8736e8a453937ae/element'
13:53:29.827 [Forwarding findElement on session 1842d3f6901c7fd6f8736e8a453937ae to remote] DEBUG org.asynchttpclient.netty.request.NettyRequestSender - Using open Channel [id: 0xefb232f6, L:/127.0.0.1:62371 - R:localhost/127.0.0.1:13375] for POST '/session/1842d3f6901c7fd6f8736e8a453937ae/element'
13:53:29.834 [AsyncHttpClient-3-1] DEBUG org.asynchttpclient.netty.handler.HttpHandler - 

Request DefaultHttpRequest(decodeResult: success, version: HTTP/1.1)
POST /session/1842d3f6901c7fd6f8736e8a453937ae/element HTTP/1.1
User-Agent: selenium/4.0.0-alpha-4 (java windows)
Content-Length: 62
Content-Type: application/json; charset=utf-8
host: localhost:13375
accept: */*

Response DefaultHttpResponse(decodeResult: success, version: HTTP/1.1)
HTTP/1.1 200 OK
Content-Length: 88
Content-Type: application/json; charset=utf-8
cache-control: no-cache

13:53:29.834 [AsyncHttpClient-3-1] DEBUG org.asynchttpclient.netty.channel.ChannelManager - Adding key: http://localhost:13375 for channel [id: 0xefb232f6, L:/127.0.0.1:62371 - R:localhost/127.0.0.1:13375]
13:53:29.837 [Forwarding sendKeysToElement on session 1842d3f6901c7fd6f8736e8a453937ae to remote] DEBUG org.asynchttpclient.netty.request.NettyRequestSender - Using pooled Channel '[id: 0xefb232f6, L:/127.0.0.1:62371 - R:localhost/127.0.0.1:13375]' for 'POST' to 'http://localhost:13375/session/1842d3f6901c7fd6f8736e8a453937ae/element/3d70b506-8814-486e-a3b5-15befd2fb3e4/value'
13:53:29.837 [Forwarding sendKeysToElement on session 1842d3f6901c7fd6f8736e8a453937ae to remote] DEBUG org.asynchttpclient.netty.request.NettyRequestSender - Using open Channel [id: 0xefb232f6, L:/127.0.0.1:62371 - R:localhost/127.0.0.1:13375] for POST '/session/1842d3f6901c7fd6f8736e8a453937ae/element/3d70b506-8814-486e-a3b5-15befd2fb3e4/value'
13:53:29.909 [AsyncHttpClient-3-1] DEBUG org.asynchttpclient.netty.handler.HttpHandler - 

Request DefaultHttpRequest(decodeResult: success, version: HTTP/1.1)
POST /session/1842d3f6901c7fd6f8736e8a453937ae/element/3d70b506-8814-486e-a3b5-15befd2fb3e4/value HTTP/1.1
User-Agent: selenium/4.0.0-alpha-4 (java windows)
Content-Length: 211
Content-Type: application/json; charset=utf-8
host: localhost:13375
accept: */*

Response DefaultHttpResponse(decodeResult: success, version: HTTP/1.1)
HTTP/1.1 200 OK
Content-Length: 14
Content-Type: application/json; charset=utf-8
cache-control: no-cache

13:53:29.909 [AsyncHttpClient-3-1] DEBUG org.asynchttpclient.netty.channel.ChannelManager - Adding key: http://localhost:13375 for channel [id: 0xefb232f6, L:/127.0.0.1:62371 - R:localhost/127.0.0.1:13375]
13:53:29.911 [Forwarding findElement on session 1842d3f6901c7fd6f8736e8a453937ae to remote] DEBUG org.asynchttpclient.netty.request.NettyRequestSender - Using pooled Channel '[id: 0xefb232f6, L:/127.0.0.1:62371 - R:localhost/127.0.0.1:13375]' for 'POST' to 'http://localhost:13375/session/1842d3f6901c7fd6f8736e8a453937ae/element'
13:53:29.911 [Forwarding findElement on session 1842d3f6901c7fd6f8736e8a453937ae to remote] DEBUG org.asynchttpclient.netty.request.NettyRequestSender - Using open Channel [id: 0xefb232f6, L:/127.0.0.1:62371 - R:localhost/127.0.0.1:13375] for POST '/session/1842d3f6901c7fd6f8736e8a453937ae/element'
13:53:29.926 [AsyncHttpClient-3-1] DEBUG org.asynchttpclient.netty.handler.HttpHandler - 

Request DefaultHttpRequest(decodeResult: success, version: HTTP/1.1)
POST /session/1842d3f6901c7fd6f8736e8a453937ae/element HTTP/1.1
User-Agent: selenium/4.0.0-alpha-4 (java windows)
Content-Length: 70
Content-Type: application/json; charset=utf-8
host: localhost:13375
accept: */*

Response DefaultHttpResponse(decodeResult: success, version: HTTP/1.1)
HTTP/1.1 200 OK
Content-Length: 88
Content-Type: application/json; charset=utf-8
cache-control: no-cache

13:53:29.926 [AsyncHttpClient-3-1] DEBUG org.asynchttpclient.netty.channel.ChannelManager - Adding key: http://localhost:13375 for channel [id: 0xefb232f6, L:/127.0.0.1:62371 - R:localhost/127.0.0.1:13375]
13:53:29.928 [Forwarding clickElement on session 1842d3f6901c7fd6f8736e8a453937ae to remote] DEBUG org.asynchttpclient.netty.request.NettyRequestSender - Using pooled Channel '[id: 0xefb232f6, L:/127.0.0.1:62371 - R:localhost/127.0.0.1:13375]' for 'POST' to 'http://localhost:13375/session/1842d3f6901c7fd6f8736e8a453937ae/element/e3110d04-88b0-4707-8aef-2cb660db12d1/click'
13:53:29.928 [Forwarding clickElement on session 1842d3f6901c7fd6f8736e8a453937ae to remote] DEBUG org.asynchttpclient.netty.request.NettyRequestSender - Using open Channel [id: 0xefb232f6, L:/127.0.0.1:62371 - R:localhost/127.0.0.1:13375] for POST '/session/1842d3f6901c7fd6f8736e8a453937ae/element/e3110d04-88b0-4707-8aef-2cb660db12d1/click'
13:53:29.977 [AsyncHttpClient-3-1] DEBUG org.asynchttpclient.netty.handler.HttpHandler - 

Request DefaultHttpRequest(decodeResult: success, version: HTTP/1.1)
POST /session/1842d3f6901c7fd6f8736e8a453937ae/element/e3110d04-88b0-4707-8aef-2cb660db12d1/click HTTP/1.1
User-Agent: selenium/4.0.0-alpha-4 (java windows)
Content-Length: 50
Content-Type: application/json; charset=utf-8
host: localhost:13375
accept: */*

Response DefaultHttpResponse(decodeResult: success, version: HTTP/1.1)
HTTP/1.1 200 OK
Content-Length: 14
Content-Type: application/json; charset=utf-8
cache-control: no-cache

13:53:29.977 [AsyncHttpClient-3-1] DEBUG org.asynchttpclient.netty.channel.ChannelManager - Adding key: http://localhost:13375 for channel [id: 0xefb232f6, L:/127.0.0.1:62371 - R:localhost/127.0.0.1:13375]
13:53:29.979 [Forwarding findElement on session 1842d3f6901c7fd6f8736e8a453937ae to remote] DEBUG org.asynchttpclient.netty.request.NettyRequestSender - Using pooled Channel '[id: 0xefb232f6, L:/127.0.0.1:62371 - R:localhost/127.0.0.1:13375]' for 'POST' to 'http://localhost:13375/session/1842d3f6901c7fd6f8736e8a453937ae/element'
13:53:29.979 [Forwarding findElement on session 1842d3f6901c7fd6f8736e8a453937ae to remote] DEBUG org.asynchttpclient.netty.request.NettyRequestSender - Using open Channel [id: 0xefb232f6, L:/127.0.0.1:62371 - R:localhost/127.0.0.1:13375] for POST '/session/1842d3f6901c7fd6f8736e8a453937ae/element'
13:53:29.990 [AsyncHttpClient-3-1] DEBUG org.asynchttpclient.netty.handler.HttpHandler - 

Request DefaultHttpRequest(decodeResult: success, version: HTTP/1.1)
POST /session/1842d3f6901c7fd6f8736e8a453937ae/element HTTP/1.1
User-Agent: selenium/4.0.0-alpha-4 (java windows)
Content-Length: 70
Content-Type: application/json; charset=utf-8
host: localhost:13375
accept: */*

Response DefaultHttpResponse(decodeResult: success, version: HTTP/1.1)
HTTP/1.1 200 OK
Content-Length: 88
Content-Type: application/json; charset=utf-8
cache-control: no-cache

13:53:29.990 [AsyncHttpClient-3-1] DEBUG org.asynchttpclient.netty.channel.ChannelManager - Adding key: http://localhost:13375 for channel [id: 0xefb232f6, L:/127.0.0.1:62371 - R:localhost/127.0.0.1:13375]
13:53:29.995 [Forwarding getElementAttribute on session 1842d3f6901c7fd6f8736e8a453937ae to remote] DEBUG org.asynchttpclient.netty.request.NettyRequestSender - Using pooled Channel '[id: 0xefb232f6, L:/127.0.0.1:62371 - R:localhost/127.0.0.1:13375]' for 'POST' to 'http://localhost:13375/session/1842d3f6901c7fd6f8736e8a453937ae/execute/sync'
13:53:29.995 [Forwarding getElementAttribute on session 1842d3f6901c7fd6f8736e8a453937ae to remote] DEBUG org.asynchttpclient.netty.request.NettyRequestSender - Using open Channel [id: 0xefb232f6, L:/127.0.0.1:62371 - R:localhost/127.0.0.1:13375] for POST '/session/1842d3f6901c7fd6f8736e8a453937ae/execute/sync'
13:53:30.007 [AsyncHttpClient-3-1] DEBUG org.asynchttpclient.netty.handler.HttpHandler - 

Request DefaultHttpRequest(decodeResult: success, version: HTTP/1.1)
POST /session/1842d3f6901c7fd6f8736e8a453937ae/execute/sync HTTP/1.1
User-Agent: selenium/4.0.0-alpha-4 (java windows)
Content-Length: 39635
Content-Type: application/json; charset=utf-8
host: localhost:13375
accept: */*

Response DefaultHttpResponse(decodeResult: success, version: HTTP/1.1)
HTTP/1.1 200 OK
Content-Length: 12
Content-Type: application/json; charset=utf-8
cache-control: no-cache

13:53:30.008 [AsyncHttpClient-3-1] DEBUG org.asynchttpclient.netty.channel.ChannelManager - Adding key: http://localhost:13375 for channel [id: 0xefb232f6, L:/127.0.0.1:62371 - R:localhost/127.0.0.1:13375]
13:53:30.009 [Forwarding findElement on session 1842d3f6901c7fd6f8736e8a453937ae to remote] DEBUG org.asynchttpclient.netty.request.NettyRequestSender - Using pooled Channel '[id: 0xefb232f6, L:/127.0.0.1:62371 - R:localhost/127.0.0.1:13375]' for 'POST' to 'http://localhost:13375/session/1842d3f6901c7fd6f8736e8a453937ae/element'
13:53:30.009 [Forwarding findElement on session 1842d3f6901c7fd6f8736e8a453937ae to remote] DEBUG org.asynchttpclient.netty.request.NettyRequestSender - Using open Channel [id: 0xefb232f6, L:/127.0.0.1:62371 - R:localhost/127.0.0.1:13375] for POST '/session/1842d3f6901c7fd6f8736e8a453937ae/element'
13:53:30.017 [AsyncHttpClient-3-1] DEBUG org.asynchttpclient.netty.handler.HttpHandler - 

Request DefaultHttpRequest(decodeResult: success, version: HTTP/1.1)
POST /session/1842d3f6901c7fd6f8736e8a453937ae/element HTTP/1.1
User-Agent: selenium/4.0.0-alpha-4 (java windows)
Content-Length: 70
Content-Type: application/json; charset=utf-8
host: localhost:13375
accept: */*

Response DefaultHttpResponse(decodeResult: success, version: HTTP/1.1)
HTTP/1.1 200 OK
Content-Length: 88
Content-Type: application/json; charset=utf-8
cache-control: no-cache

13:53:30.017 [AsyncHttpClient-3-1] DEBUG org.asynchttpclient.netty.channel.ChannelManager - Adding key: http://localhost:13375 for channel [id: 0xefb232f6, L:/127.0.0.1:62371 - R:localhost/127.0.0.1:13375]
13:53:30.020 [Forwarding clearElement on session 1842d3f6901c7fd6f8736e8a453937ae to remote] DEBUG org.asynchttpclient.netty.request.NettyRequestSender - Using pooled Channel '[id: 0xefb232f6, L:/127.0.0.1:62371 - R:localhost/127.0.0.1:13375]' for 'POST' to 'http://localhost:13375/session/1842d3f6901c7fd6f8736e8a453937ae/element/e3110d04-88b0-4707-8aef-2cb660db12d1/clear'
13:53:30.020 [Forwarding clearElement on session 1842d3f6901c7fd6f8736e8a453937ae to remote] DEBUG org.asynchttpclient.netty.request.NettyRequestSender - Using open Channel [id: 0xefb232f6, L:/127.0.0.1:62371 - R:localhost/127.0.0.1:13375] for POST '/session/1842d3f6901c7fd6f8736e8a453937ae/element/e3110d04-88b0-4707-8aef-2cb660db12d1/clear'
13:53:30.044 [AsyncHttpClient-3-1] DEBUG org.asynchttpclient.netty.handler.HttpHandler - 

Request DefaultHttpRequest(decodeResult: success, version: HTTP/1.1)
POST /session/1842d3f6901c7fd6f8736e8a453937ae/element/e3110d04-88b0-4707-8aef-2cb660db12d1/clear HTTP/1.1
User-Agent: selenium/4.0.0-alpha-4 (java windows)
Content-Length: 50
Content-Type: application/json; charset=utf-8
host: localhost:13375
accept: */*

Response DefaultHttpResponse(decodeResult: success, version: HTTP/1.1)
HTTP/1.1 200 OK
Content-Length: 14
Content-Type: application/json; charset=utf-8
cache-control: no-cache

13:53:30.044 [AsyncHttpClient-3-1] DEBUG org.asynchttpclient.netty.channel.ChannelManager - Adding key: http://localhost:13375 for channel [id: 0xefb232f6, L:/127.0.0.1:62371 - R:localhost/127.0.0.1:13375]
13:53:30.046 [Forwarding findElement on session 1842d3f6901c7fd6f8736e8a453937ae to remote] DEBUG org.asynchttpclient.netty.request.NettyRequestSender - Using pooled Channel '[id: 0xefb232f6, L:/127.0.0.1:62371 - R:localhost/127.0.0.1:13375]' for 'POST' to 'http://localhost:13375/session/1842d3f6901c7fd6f8736e8a453937ae/element'
13:53:30.046 [Forwarding findElement on session 1842d3f6901c7fd6f8736e8a453937ae to remote] DEBUG org.asynchttpclient.netty.request.NettyRequestSender - Using open Channel [id: 0xefb232f6, L:/127.0.0.1:62371 - R:localhost/127.0.0.1:13375] for POST '/session/1842d3f6901c7fd6f8736e8a453937ae/element'
13:53:30.056 [AsyncHttpClient-3-1] DEBUG org.asynchttpclient.netty.handler.HttpHandler - 

Request DefaultHttpRequest(decodeResult: success, version: HTTP/1.1)
POST /session/1842d3f6901c7fd6f8736e8a453937ae/element HTTP/1.1
User-Agent: selenium/4.0.0-alpha-4 (java windows)
Content-Length: 70
Content-Type: application/json; charset=utf-8
host: localhost:13375
accept: */*

Response DefaultHttpResponse(decodeResult: success, version: HTTP/1.1)
HTTP/1.1 200 OK
Content-Length: 88
Content-Type: application/json; charset=utf-8
cache-control: no-cache

13:53:30.056 [AsyncHttpClient-3-1] DEBUG org.asynchttpclient.netty.channel.ChannelManager - Adding key: http://localhost:13375 for channel [id: 0xefb232f6, L:/127.0.0.1:62371 - R:localhost/127.0.0.1:13375]
13:53:30.058 [Forwarding sendKeysToElement on session 1842d3f6901c7fd6f8736e8a453937ae to remote] DEBUG org.asynchttpclient.netty.request.NettyRequestSender - Using pooled Channel '[id: 0xefb232f6, L:/127.0.0.1:62371 - R:localhost/127.0.0.1:13375]' for 'POST' to 'http://localhost:13375/session/1842d3f6901c7fd6f8736e8a453937ae/element/e3110d04-88b0-4707-8aef-2cb660db12d1/value'
13:53:30.058 [Forwarding sendKeysToElement on session 1842d3f6901c7fd6f8736e8a453937ae to remote] DEBUG org.asynchttpclient.netty.request.NettyRequestSender - Using open Channel [id: 0xefb232f6, L:/127.0.0.1:62371 - R:localhost/127.0.0.1:13375] for POST '/session/1842d3f6901c7fd6f8736e8a453937ae/element/e3110d04-88b0-4707-8aef-2cb660db12d1/value'
13:53:30.107 [AsyncHttpClient-3-1] DEBUG org.asynchttpclient.netty.handler.HttpHandler - 

Request DefaultHttpRequest(decodeResult: success, version: HTTP/1.1)
POST /session/1842d3f6901c7fd6f8736e8a453937ae/element/e3110d04-88b0-4707-8aef-2cb660db12d1/value HTTP/1.1
User-Agent: selenium/4.0.0-alpha-4 (java windows)
Content-Length: 211
Content-Type: application/json; charset=utf-8
host: localhost:13375
accept: */*

Response DefaultHttpResponse(decodeResult: success, version: HTTP/1.1)
HTTP/1.1 200 OK
Content-Length: 14
Content-Type: application/json; charset=utf-8
cache-control: no-cache

13:53:30.108 [AsyncHttpClient-3-1] DEBUG org.asynchttpclient.netty.channel.ChannelManager - Adding key: http://localhost:13375 for channel [id: 0xefb232f6, L:/127.0.0.1:62371 - R:localhost/127.0.0.1:13375]
13:53:30.110 [Forwarding findElement on session 1842d3f6901c7fd6f8736e8a453937ae to remote] DEBUG org.asynchttpclient.netty.request.NettyRequestSender - Using pooled Channel '[id: 0xefb232f6, L:/127.0.0.1:62371 - R:localhost/127.0.0.1:13375]' for 'POST' to 'http://localhost:13375/session/1842d3f6901c7fd6f8736e8a453937ae/element'
13:53:30.110 [Forwarding findElement on session 1842d3f6901c7fd6f8736e8a453937ae to remote] DEBUG org.asynchttpclient.netty.request.NettyRequestSender - Using open Channel [id: 0xefb232f6, L:/127.0.0.1:62371 - R:localhost/127.0.0.1:13375] for POST '/session/1842d3f6901c7fd6f8736e8a453937ae/element'
13:53:30.122 [AsyncHttpClient-3-1] DEBUG org.asynchttpclient.netty.handler.HttpHandler - 

Request DefaultHttpRequest(decodeResult: success, version: HTTP/1.1)
POST /session/1842d3f6901c7fd6f8736e8a453937ae/element HTTP/1.1
User-Agent: selenium/4.0.0-alpha-4 (java windows)
Content-Length: 50
Content-Type: application/json; charset=utf-8
host: localhost:13375
accept: */*

Response DefaultHttpResponse(decodeResult: success, version: HTTP/1.1)
HTTP/1.1 200 OK
Content-Length: 88
Content-Type: application/json; charset=utf-8
cache-control: no-cache

13:53:30.122 [AsyncHttpClient-3-1] DEBUG org.asynchttpclient.netty.channel.ChannelManager - Adding key: http://localhost:13375 for channel [id: 0xefb232f6, L:/127.0.0.1:62371 - R:localhost/127.0.0.1:13375]
13:53:30.124 [Forwarding clickElement on session 1842d3f6901c7fd6f8736e8a453937ae to remote] DEBUG org.asynchttpclient.netty.request.NettyRequestSender - Using pooled Channel '[id: 0xefb232f6, L:/127.0.0.1:62371 - R:localhost/127.0.0.1:13375]' for 'POST' to 'http://localhost:13375/session/1842d3f6901c7fd6f8736e8a453937ae/element/bca11bbf-4c58-4779-8263-de359bd03e1d/click'
13:53:30.124 [Forwarding clickElement on session 1842d3f6901c7fd6f8736e8a453937ae to remote] DEBUG org.asynchttpclient.netty.request.NettyRequestSender - Using open Channel [id: 0xefb232f6, L:/127.0.0.1:62371 - R:localhost/127.0.0.1:13375] for POST '/session/1842d3f6901c7fd6f8736e8a453937ae/element/bca11bbf-4c58-4779-8263-de359bd03e1d/click'
13:53:30.255 [AsyncHttpClient-timer-6-1] DEBUG org.asynchttpclient.netty.channel.DefaultChannelPool - Entry count for : http://localhost:62373 : 1
13:53:30.450 [AsyncHttpClient-3-1] DEBUG org.asynchttpclient.netty.handler.HttpHandler - 

Request DefaultHttpRequest(decodeResult: success, version: HTTP/1.1)
POST /session/1842d3f6901c7fd6f8736e8a453937ae/element/bca11bbf-4c58-4779-8263-de359bd03e1d/click HTTP/1.1
User-Agent: selenium/4.0.0-alpha-4 (java windows)
Content-Length: 50
Content-Type: application/json; charset=utf-8
host: localhost:13375
accept: */*

Response DefaultHttpResponse(decodeResult: success, version: HTTP/1.1)
HTTP/1.1 200 OK
Content-Length: 14
Content-Type: application/json; charset=utf-8
cache-control: no-cache

13:53:30.451 [AsyncHttpClient-3-1] DEBUG org.asynchttpclient.netty.channel.ChannelManager - Adding key: http://localhost:13375 for channel [id: 0xefb232f6, L:/127.0.0.1:62371 - R:localhost/127.0.0.1:13375]
13:53:30.567 [Test worker] DEBUG org.apache.http.client.protocol.RequestAddCookies - CookieSpec selected: default
13:53:30.581 [Test worker] DEBUG org.apache.http.client.protocol.RequestAuthCache - Auth cache not set in the context
13:53:30.583 [Test worker] DEBUG org.apache.http.impl.conn.PoolingHttpClientConnectionManager - Connection request: [route: {}->http://localhost:80][total available: 0; route allocated: 0 of 2; total allocated: 0 of 20]
13:53:30.596 [Test worker] DEBUG org.apache.http.impl.conn.PoolingHttpClientConnectionManager - Connection leased: [id: 0][route: {}->http://localhost:80][total available: 0; route allocated: 1 of 2; total allocated: 1 of 20]
13:53:30.598 [Test worker] DEBUG org.apache.http.impl.execchain.MainClientExec - Opening connection {}->http://localhost:80
13:53:30.601 [Test worker] DEBUG org.apache.http.impl.conn.DefaultHttpClientConnectionOperator - Connecting to localhost/127.0.0.1:80
13:53:30.603 [Test worker] DEBUG org.apache.http.impl.conn.DefaultHttpClientConnectionOperator - Connection established 127.0.0.1:62482<->127.0.0.1:80
13:53:30.603 [Test worker] DEBUG org.apache.http.impl.execchain.MainClientExec - Executing request POST /mantisbt-2.24.0/login.php HTTP/1.1
13:53:30.603 [Test worker] DEBUG org.apache.http.impl.execchain.MainClientExec - Target auth state: UNCHALLENGED
13:53:30.604 [Test worker] DEBUG org.apache.http.impl.execchain.MainClientExec - Proxy auth state: UNCHALLENGED
13:53:30.606 [Test worker] DEBUG org.apache.http.headers - http-outgoing-0 >> POST /mantisbt-2.24.0/login.php HTTP/1.1
13:53:30.606 [Test worker] DEBUG org.apache.http.headers - http-outgoing-0 >> Content-Length: 87
13:53:30.606 [Test worker] DEBUG org.apache.http.headers - http-outgoing-0 >> Content-Type: application/x-www-form-urlencoded
13:53:30.606 [Test worker] DEBUG org.apache.http.headers - http-outgoing-0 >> Host: localhost
13:53:30.606 [Test worker] DEBUG org.apache.http.headers - http-outgoing-0 >> Connection: Keep-Alive
13:53:30.606 [Test worker] DEBUG org.apache.http.headers - http-outgoing-0 >> User-Agent: Apache-HttpClient/4.5.11 (Java/1.8.0_241)
13:53:30.606 [Test worker] DEBUG org.apache.http.headers - http-outgoing-0 >> Accept-Encoding: gzip,deflate
13:53:30.607 [Test worker] DEBUG org.apache.http.wire - http-outgoing-0 >> "POST /mantisbt-2.24.0/login.php HTTP/1.1[\r][\n]"
13:53:30.607 [Test worker] DEBUG org.apache.http.wire - http-outgoing-0 >> "Content-Length: 87[\r][\n]"
13:53:30.607 [Test worker] DEBUG org.apache.http.wire - http-outgoing-0 >> "Content-Type: application/x-www-form-urlencoded[\r][\n]"
13:53:30.607 [Test worker] DEBUG org.apache.http.wire - http-outgoing-0 >> "Host: localhost[\r][\n]"
13:53:30.607 [Test worker] DEBUG org.apache.http.wire - http-outgoing-0 >> "Connection: Keep-Alive[\r][\n]"
13:53:30.607 [Test worker] DEBUG org.apache.http.wire - http-outgoing-0 >> "User-Agent: Apache-HttpClient/4.5.11 (Java/1.8.0_241)[\r][\n]"
13:53:30.607 [Test worker] DEBUG org.apache.http.wire - http-outgoing-0 >> "Accept-Encoding: gzip,deflate[\r][\n]"
13:53:30.607 [Test worker] DEBUG org.apache.http.wire - http-outgoing-0 >> "[\r][\n]"
13:53:30.607 [Test worker] DEBUG org.apache.http.wire - http-outgoing-0 >> "username=user1585725306071&password=1new2password&secure_session=on&return=%2Findex.php"
13:53:30.754 [AsyncHttpClient-timer-1-1] DEBUG org.asynchttpclient.netty.channel.DefaultChannelPool - Entry count for : http://localhost:13375 : 1
13:53:30.768 [Test worker] DEBUG org.apache.http.wire - http-outgoing-0 << "HTTP/1.1 302 Found[\r][\n]"
13:53:30.768 [Test worker] DEBUG org.apache.http.wire - http-outgoing-0 << "Date: Sat, 04 Apr 2020 10:53:30 GMT[\r][\n]"
13:53:30.768 [Test worker] DEBUG org.apache.http.wire - http-outgoing-0 << "Server: Apache/2.4.41 (Win64) OpenSSL/1.1.1c PHP/7.4.2[\r][\n]"
13:53:30.768 [Test worker] DEBUG org.apache.http.wire - http-outgoing-0 << "X-Powered-By: PHP/7.4.2[\r][\n]"
13:53:30.768 [Test worker] DEBUG org.apache.http.wire - http-outgoing-0 << "Set-Cookie: PHPSESSID=i5grrpo3sag79b9g77t9cq203u; path=/; HttpOnly[\r][\n]"
13:53:30.769 [Test worker] DEBUG org.apache.http.wire - http-outgoing-0 << "Cache-Control: no-store, no-cache, must-revalidate[\r][\n]"
13:53:30.769 [Test worker] DEBUG org.apache.http.wire - http-outgoing-0 << "Last-Modified: Sat, 04 Apr 2020 10:53:30 GMT[\r][\n]"
13:53:30.769 [Test worker] DEBUG org.apache.http.wire - http-outgoing-0 << "X-Content-Type-Options: nosniff[\r][\n]"
13:53:30.769 [Test worker] DEBUG org.apache.http.wire - http-outgoing-0 << "Expires: Sat, 04 Apr 2020 10:53:30 GMT[\r][\n]"
13:53:30.769 [Test worker] DEBUG org.apache.http.wire - http-outgoing-0 << "X-Frame-Options: DENY[\r][\n]"
13:53:30.769 [Test worker] DEBUG org.apache.http.wire - http-outgoing-0 << "Content-Security-Policy: default-src 'self'; frame-ancestors 'none'; style-src 'self' 'unsafe-inline'; script-src 'self'; img-src 'self' 'self' data:[\r][\n]"
13:53:30.769 [Test worker] DEBUG org.apache.http.wire - http-outgoing-0 << "Set-Cookie: MANTIS_secure_session=1; path=/; HttpOnly[\r][\n]"
13:53:30.769 [Test worker] DEBUG org.apache.http.wire - http-outgoing-0 << "Set-Cookie: MANTIS_STRING_COOKIE=llnKx06A1nbKVKUgK28iSrZ_E5j3WN2Di2v23yXtyEQQISsqrtg5gxgdCCeShNJO; path=/; HttpOnly[\r][\n]"
13:53:30.769 [Test worker] DEBUG org.apache.http.wire - http-outgoing-0 << "Location: http://localhost/mantisbt-2.24.0/login_cookie_test.php?return=index.php[\r][\n]"
13:53:30.769 [Test worker] DEBUG org.apache.http.wire - http-outgoing-0 << "Content-Encoding: gzip[\r][\n]"
13:53:30.769 [Test worker] DEBUG org.apache.http.wire - http-outgoing-0 << "Vary: Accept-Encoding[\r][\n]"
13:53:30.769 [Test worker] DEBUG org.apache.http.wire - http-outgoing-0 << "Content-Length: 20[\r][\n]"
13:53:30.769 [Test worker] DEBUG org.apache.http.wire - http-outgoing-0 << "Keep-Alive: timeout=5, max=100[\r][\n]"
13:53:30.769 [Test worker] DEBUG org.apache.http.wire - http-outgoing-0 << "Connection: Keep-Alive[\r][\n]"
13:53:30.769 [Test worker] DEBUG org.apache.http.wire - http-outgoing-0 << "Content-Type: text/html; charset=utf-8[\r][\n]"
13:53:30.769 [Test worker] DEBUG org.apache.http.wire - http-outgoing-0 << "[\r][\n]"
13:53:30.769 [Test worker] DEBUG org.apache.http.wire - http-outgoing-0 << "[0x1f][0x8b][0x8][0x0][0x0][0x0][0x0][0x0][0x0][\n]"
13:53:30.769 [Test worker] DEBUG org.apache.http.wire - http-outgoing-0 << "[0x3][0x0][0x0][0x0][0x0][0x0][0x0][0x0][0x0][0x0]"
13:53:30.772 [Test worker] DEBUG org.apache.http.headers - http-outgoing-0 << HTTP/1.1 302 Found
13:53:30.772 [Test worker] DEBUG org.apache.http.headers - http-outgoing-0 << Date: Sat, 04 Apr 2020 10:53:30 GMT
13:53:30.772 [Test worker] DEBUG org.apache.http.headers - http-outgoing-0 << Server: Apache/2.4.41 (Win64) OpenSSL/1.1.1c PHP/7.4.2
13:53:30.772 [Test worker] DEBUG org.apache.http.headers - http-outgoing-0 << X-Powered-By: PHP/7.4.2
13:53:30.772 [Test worker] DEBUG org.apache.http.headers - http-outgoing-0 << Set-Cookie: PHPSESSID=i5grrpo3sag79b9g77t9cq203u; path=/; HttpOnly
13:53:30.772 [Test worker] DEBUG org.apache.http.headers - http-outgoing-0 << Cache-Control: no-store, no-cache, must-revalidate
13:53:30.772 [Test worker] DEBUG org.apache.http.headers - http-outgoing-0 << Last-Modified: Sat, 04 Apr 2020 10:53:30 GMT
13:53:30.772 [Test worker] DEBUG org.apache.http.headers - http-outgoing-0 << X-Content-Type-Options: nosniff
13:53:30.772 [Test worker] DEBUG org.apache.http.headers - http-outgoing-0 << Expires: Sat, 04 Apr 2020 10:53:30 GMT
13:53:30.772 [Test worker] DEBUG org.apache.http.headers - http-outgoing-0 << X-Frame-Options: DENY
13:53:30.772 [Test worker] DEBUG org.apache.http.headers - http-outgoing-0 << Content-Security-Policy: default-src 'self'; frame-ancestors 'none'; style-src 'self' 'unsafe-inline'; script-src 'self'; img-src 'self' 'self' data:
13:53:30.772 [Test worker] DEBUG org.apache.http.headers - http-outgoing-0 << Set-Cookie: MANTIS_secure_session=1; path=/; HttpOnly
13:53:30.772 [Test worker] DEBUG org.apache.http.headers - http-outgoing-0 << Set-Cookie: MANTIS_STRING_COOKIE=llnKx06A1nbKVKUgK28iSrZ_E5j3WN2Di2v23yXtyEQQISsqrtg5gxgdCCeShNJO; path=/; HttpOnly
13:53:30.772 [Test worker] DEBUG org.apache.http.headers - http-outgoing-0 << Location: http://localhost/mantisbt-2.24.0/login_cookie_test.php?return=index.php
13:53:30.772 [Test worker] DEBUG org.apache.http.headers - http-outgoing-0 << Content-Encoding: gzip
13:53:30.772 [Test worker] DEBUG org.apache.http.headers - http-outgoing-0 << Vary: Accept-Encoding
13:53:30.772 [Test worker] DEBUG org.apache.http.headers - http-outgoing-0 << Content-Length: 20
13:53:30.772 [Test worker] DEBUG org.apache.http.headers - http-outgoing-0 << Keep-Alive: timeout=5, max=100
13:53:30.772 [Test worker] DEBUG org.apache.http.headers - http-outgoing-0 << Connection: Keep-Alive
13:53:30.772 [Test worker] DEBUG org.apache.http.headers - http-outgoing-0 << Content-Type: text/html; charset=utf-8
13:53:30.778 [Test worker] DEBUG org.apache.http.impl.execchain.MainClientExec - Connection can be kept alive for 5000 MILLISECONDS
13:53:30.784 [Test worker] DEBUG org.apache.http.client.protocol.ResponseProcessCookies - Cookie accepted [PHPSESSID="i5grrpo3sag79b9g77t9cq203u", version:0, domain:localhost, path:/, expiry:null]
13:53:30.784 [Test worker] DEBUG org.apache.http.client.protocol.ResponseProcessCookies - Cookie accepted [MANTIS_secure_session="1", version:0, domain:localhost, path:/, expiry:null]
13:53:30.784 [Test worker] DEBUG org.apache.http.client.protocol.ResponseProcessCookies - Cookie accepted [MANTIS_STRING_COOKIE="llnKx06A1nbKVKUgK28iSrZ_E5j3WN2Di2v23yXtyEQQISsqrtg5gxgdCCeShNJO", version:0, domain:localhost, path:/, expiry:null]
13:53:30.786 [Test worker] DEBUG org.apache.http.impl.client.LaxRedirectStrategy - Redirect requested to location 'http://localhost/mantisbt-2.24.0/login_cookie_test.php?return=index.php'
13:53:30.790 [Test worker] DEBUG org.apache.http.impl.execchain.RedirectExec - Resetting target auth state
13:53:30.790 [Test worker] DEBUG org.apache.http.impl.execchain.RedirectExec - Redirecting to 'http://localhost/mantisbt-2.24.0/login_cookie_test.php?return=index.php' via {}->http://localhost:80
13:53:30.792 [Test worker] DEBUG org.apache.http.impl.conn.PoolingHttpClientConnectionManager - Connection [id: 0][route: {}->http://localhost:80] can be kept alive for 5.0 seconds
13:53:30.792 [Test worker] DEBUG org.apache.http.impl.conn.DefaultManagedHttpClientConnection - http-outgoing-0: set socket timeout to 0
13:53:30.792 [Test worker] DEBUG org.apache.http.impl.conn.PoolingHttpClientConnectionManager - Connection released: [id: 0][route: {}->http://localhost:80][total available: 1; route allocated: 1 of 2; total allocated: 1 of 20]
13:53:30.792 [Test worker] DEBUG org.apache.http.client.protocol.RequestAddCookies - CookieSpec selected: default
13:53:30.792 [Test worker] DEBUG org.apache.http.client.protocol.RequestAddCookies - Cookie [version: 0][name: MANTIS_STRING_COOKIE][value: llnKx06A1nbKVKUgK28iSrZ_E5j3WN2Di2v23yXtyEQQISsqrtg5gxgdCCeShNJO][domain: localhost][path: /][expiry: null] match [localhost:80/mantisbt-2.24.0/login_cookie_test.php]
13:53:30.792 [Test worker] DEBUG org.apache.http.client.protocol.RequestAddCookies - Cookie [version: 0][name: MANTIS_secure_session][value: 1][domain: localhost][path: /][expiry: null] match [localhost:80/mantisbt-2.24.0/login_cookie_test.php]
13:53:30.792 [Test worker] DEBUG org.apache.http.client.protocol.RequestAddCookies - Cookie [version: 0][name: PHPSESSID][value: i5grrpo3sag79b9g77t9cq203u][domain: localhost][path: /][expiry: null] match [localhost:80/mantisbt-2.24.0/login_cookie_test.php]
13:53:30.793 [Test worker] DEBUG org.apache.http.client.protocol.RequestAuthCache - Auth cache not set in the context
13:53:30.793 [Test worker] DEBUG org.apache.http.impl.conn.PoolingHttpClientConnectionManager - Connection request: [route: {}->http://localhost:80][total available: 1; route allocated: 1 of 2; total allocated: 1 of 20]
13:53:30.793 [Test worker] DEBUG org.apache.http.impl.conn.PoolingHttpClientConnectionManager - Connection leased: [id: 0][route: {}->http://localhost:80][total available: 0; route allocated: 1 of 2; total allocated: 1 of 20]
13:53:30.793 [Test worker] DEBUG org.apache.http.impl.conn.DefaultManagedHttpClientConnection - http-outgoing-0: set socket timeout to 0
13:53:30.793 [Test worker] DEBUG org.apache.http.impl.execchain.MainClientExec - Executing request GET /mantisbt-2.24.0/login_cookie_test.php?return=index.php HTTP/1.1
13:53:30.793 [Test worker] DEBUG org.apache.http.impl.execchain.MainClientExec - Target auth state: UNCHALLENGED
13:53:30.793 [Test worker] DEBUG org.apache.http.impl.execchain.MainClientExec - Proxy auth state: UNCHALLENGED
13:53:30.793 [Test worker] DEBUG org.apache.http.headers - http-outgoing-0 >> GET /mantisbt-2.24.0/login_cookie_test.php?return=index.php HTTP/1.1
13:53:30.793 [Test worker] DEBUG org.apache.http.headers - http-outgoing-0 >> Host: localhost
13:53:30.793 [Test worker] DEBUG org.apache.http.headers - http-outgoing-0 >> Connection: Keep-Alive
13:53:30.793 [Test worker] DEBUG org.apache.http.headers - http-outgoing-0 >> User-Agent: Apache-HttpClient/4.5.11 (Java/1.8.0_241)
13:53:30.794 [Test worker] DEBUG org.apache.http.headers - http-outgoing-0 >> Cookie: MANTIS_STRING_COOKIE=llnKx06A1nbKVKUgK28iSrZ_E5j3WN2Di2v23yXtyEQQISsqrtg5gxgdCCeShNJO; MANTIS_secure_session=1; PHPSESSID=i5grrpo3sag79b9g77t9cq203u
13:53:30.794 [Test worker] DEBUG org.apache.http.headers - http-outgoing-0 >> Accept-Encoding: gzip,deflate
13:53:30.794 [Test worker] DEBUG org.apache.http.wire - http-outgoing-0 >> "GET /mantisbt-2.24.0/login_cookie_test.php?return=index.php HTTP/1.1[\r][\n]"
13:53:30.794 [Test worker] DEBUG org.apache.http.wire - http-outgoing-0 >> "Host: localhost[\r][\n]"
13:53:30.794 [Test worker] DEBUG org.apache.http.wire - http-outgoing-0 >> "Connection: Keep-Alive[\r][\n]"
13:53:30.794 [Test worker] DEBUG org.apache.http.wire - http-outgoing-0 >> "User-Agent: Apache-HttpClient/4.5.11 (Java/1.8.0_241)[\r][\n]"
13:53:30.794 [Test worker] DEBUG org.apache.http.wire - http-outgoing-0 >> "Cookie: MANTIS_STRING_COOKIE=llnKx06A1nbKVKUgK28iSrZ_E5j3WN2Di2v23yXtyEQQISsqrtg5gxgdCCeShNJO; MANTIS_secure_session=1; PHPSESSID=i5grrpo3sag79b9g77t9cq203u[\r][\n]"
13:53:30.794 [Test worker] DEBUG org.apache.http.wire - http-outgoing-0 >> "Accept-Encoding: gzip,deflate[\r][\n]"
13:53:30.794 [Test worker] DEBUG org.apache.http.wire - http-outgoing-0 >> "[\r][\n]"
13:53:30.890 [Test worker] DEBUG org.apache.http.wire - http-outgoing-0 << "HTTP/1.1 302 Found[\r][\n]"
13:53:30.891 [Test worker] DEBUG org.apache.http.wire - http-outgoing-0 << "Date: Sat, 04 Apr 2020 10:53:30 GMT[\r][\n]"
13:53:30.891 [Test worker] DEBUG org.apache.http.wire - http-outgoing-0 << "Server: Apache/2.4.41 (Win64) OpenSSL/1.1.1c PHP/7.4.2[\r][\n]"
13:53:30.891 [Test worker] DEBUG org.apache.http.wire - http-outgoing-0 << "X-Powered-By: PHP/7.4.2[\r][\n]"
13:53:30.891 [Test worker] DEBUG org.apache.http.wire - http-outgoing-0 << "Cache-Control: no-store, no-cache, must-revalidate[\r][\n]"
13:53:30.891 [Test worker] DEBUG org.apache.http.wire - http-outgoing-0 << "Last-Modified: Sat, 04 Apr 2020 10:53:30 GMT[\r][\n]"
13:53:30.891 [Test worker] DEBUG org.apache.http.wire - http-outgoing-0 << "X-Content-Type-Options: nosniff[\r][\n]"
13:53:30.891 [Test worker] DEBUG org.apache.http.wire - http-outgoing-0 << "Expires: Sat, 04 Apr 2020 10:53:30 GMT[\r][\n]"
13:53:30.891 [Test worker] DEBUG org.apache.http.wire - http-outgoing-0 << "X-Frame-Options: DENY[\r][\n]"
13:53:30.891 [Test worker] DEBUG org.apache.http.wire - http-outgoing-0 << "Content-Security-Policy: default-src 'self'; frame-ancestors 'none'; style-src 'self' 'unsafe-inline'; script-src 'self'; img-src 'self' 'self' data:[\r][\n]"
13:53:30.891 [Test worker] DEBUG org.apache.http.wire - http-outgoing-0 << "Location: http://localhost/mantisbt-2.24.0/index.php[\r][\n]"
13:53:30.891 [Test worker] DEBUG org.apache.http.wire - http-outgoing-0 << "Content-Encoding: gzip[\r][\n]"
13:53:30.891 [Test worker] DEBUG org.apache.http.wire - http-outgoing-0 << "Vary: Accept-Encoding[\r][\n]"
13:53:30.891 [Test worker] DEBUG org.apache.http.wire - http-outgoing-0 << "Content-Length: 20[\r][\n]"
13:53:30.891 [Test worker] DEBUG org.apache.http.wire - http-outgoing-0 << "Keep-Alive: timeout=5, max=99[\r][\n]"
13:53:30.891 [Test worker] DEBUG org.apache.http.wire - http-outgoing-0 << "Connection: Keep-Alive[\r][\n]"
13:53:30.891 [Test worker] DEBUG org.apache.http.wire - http-outgoing-0 << "Content-Type: text/html; charset=utf-8[\r][\n]"
13:53:30.891 [Test worker] DEBUG org.apache.http.wire - http-outgoing-0 << "[\r][\n]"
13:53:30.891 [Test worker] DEBUG org.apache.http.wire - http-outgoing-0 << "[0x1f][0x8b][0x8][0x0][0x0][0x0][0x0][0x0][0x0][\n]"
13:53:30.891 [Test worker] DEBUG org.apache.http.wire - http-outgoing-0 << "[0x3][0x0][0x0][0x0][0x0][0x0][0x0][0x0][0x0][0x0]"
13:53:30.891 [Test worker] DEBUG org.apache.http.headers - http-outgoing-0 << HTTP/1.1 302 Found
13:53:30.891 [Test worker] DEBUG org.apache.http.headers - http-outgoing-0 << Date: Sat, 04 Apr 2020 10:53:30 GMT
13:53:30.891 [Test worker] DEBUG org.apache.http.headers - http-outgoing-0 << Server: Apache/2.4.41 (Win64) OpenSSL/1.1.1c PHP/7.4.2
13:53:30.891 [Test worker] DEBUG org.apache.http.headers - http-outgoing-0 << X-Powered-By: PHP/7.4.2
13:53:30.891 [Test worker] DEBUG org.apache.http.headers - http-outgoing-0 << Cache-Control: no-store, no-cache, must-revalidate
13:53:30.891 [Test worker] DEBUG org.apache.http.headers - http-outgoing-0 << Last-Modified: Sat, 04 Apr 2020 10:53:30 GMT
13:53:30.891 [Test worker] DEBUG org.apache.http.headers - http-outgoing-0 << X-Content-Type-Options: nosniff
13:53:30.891 [Test worker] DEBUG org.apache.http.headers - http-outgoing-0 << Expires: Sat, 04 Apr 2020 10:53:30 GMT
13:53:30.891 [Test worker] DEBUG org.apache.http.headers - http-outgoing-0 << X-Frame-Options: DENY
13:53:30.891 [Test worker] DEBUG org.apache.http.headers - http-outgoing-0 << Content-Security-Policy: default-src 'self'; frame-ancestors 'none'; style-src 'self' 'unsafe-inline'; script-src 'self'; img-src 'self' 'self' data:
13:53:30.891 [Test worker] DEBUG org.apache.http.headers - http-outgoing-0 << Location: http://localhost/mantisbt-2.24.0/index.php
13:53:30.891 [Test worker] DEBUG org.apache.http.headers - http-outgoing-0 << Content-Encoding: gzip
13:53:30.891 [Test worker] DEBUG org.apache.http.headers - http-outgoing-0 << Vary: Accept-Encoding
13:53:30.891 [Test worker] DEBUG org.apache.http.headers - http-outgoing-0 << Content-Length: 20
13:53:30.891 [Test worker] DEBUG org.apache.http.headers - http-outgoing-0 << Keep-Alive: timeout=5, max=99
13:53:30.891 [Test worker] DEBUG org.apache.http.headers - http-outgoing-0 << Connection: Keep-Alive
13:53:30.891 [Test worker] DEBUG org.apache.http.headers - http-outgoing-0 << Content-Type: text/html; charset=utf-8
13:53:30.891 [Test worker] DEBUG org.apache.http.impl.execchain.MainClientExec - Connection can be kept alive for 5000 MILLISECONDS
13:53:30.892 [Test worker] DEBUG org.apache.http.impl.client.LaxRedirectStrategy - Redirect requested to location 'http://localhost/mantisbt-2.24.0/index.php'
13:53:30.892 [Test worker] DEBUG org.apache.http.impl.execchain.RedirectExec - Resetting target auth state
13:53:30.892 [Test worker] DEBUG org.apache.http.impl.execchain.RedirectExec - Redirecting to 'http://localhost/mantisbt-2.24.0/index.php' via {}->http://localhost:80
13:53:30.892 [Test worker] DEBUG org.apache.http.impl.conn.PoolingHttpClientConnectionManager - Connection [id: 0][route: {}->http://localhost:80] can be kept alive for 5.0 seconds
13:53:30.892 [Test worker] DEBUG org.apache.http.impl.conn.DefaultManagedHttpClientConnection - http-outgoing-0: set socket timeout to 0
13:53:30.892 [Test worker] DEBUG org.apache.http.impl.conn.PoolingHttpClientConnectionManager - Connection released: [id: 0][route: {}->http://localhost:80][total available: 1; route allocated: 1 of 2; total allocated: 1 of 20]
13:53:30.892 [Test worker] DEBUG org.apache.http.client.protocol.RequestAddCookies - CookieSpec selected: default
13:53:30.892 [Test worker] DEBUG org.apache.http.client.protocol.RequestAddCookies - Cookie [version: 0][name: MANTIS_STRING_COOKIE][value: llnKx06A1nbKVKUgK28iSrZ_E5j3WN2Di2v23yXtyEQQISsqrtg5gxgdCCeShNJO][domain: localhost][path: /][expiry: null] match [localhost:80/mantisbt-2.24.0/index.php]
13:53:30.892 [Test worker] DEBUG org.apache.http.client.protocol.RequestAddCookies - Cookie [version: 0][name: MANTIS_secure_session][value: 1][domain: localhost][path: /][expiry: null] match [localhost:80/mantisbt-2.24.0/index.php]
13:53:30.892 [Test worker] DEBUG org.apache.http.client.protocol.RequestAddCookies - Cookie [version: 0][name: PHPSESSID][value: i5grrpo3sag79b9g77t9cq203u][domain: localhost][path: /][expiry: null] match [localhost:80/mantisbt-2.24.0/index.php]
13:53:30.892 [Test worker] DEBUG org.apache.http.client.protocol.RequestAuthCache - Auth cache not set in the context
13:53:30.893 [Test worker] DEBUG org.apache.http.impl.conn.PoolingHttpClientConnectionManager - Connection request: [route: {}->http://localhost:80][total available: 1; route allocated: 1 of 2; total allocated: 1 of 20]
13:53:30.893 [Test worker] DEBUG org.apache.http.impl.conn.PoolingHttpClientConnectionManager - Connection leased: [id: 0][route: {}->http://localhost:80][total available: 0; route allocated: 1 of 2; total allocated: 1 of 20]
13:53:30.893 [Test worker] DEBUG org.apache.http.impl.conn.DefaultManagedHttpClientConnection - http-outgoing-0: set socket timeout to 0
13:53:30.893 [Test worker] DEBUG org.apache.http.impl.execchain.MainClientExec - Executing request GET /mantisbt-2.24.0/index.php HTTP/1.1
13:53:30.893 [Test worker] DEBUG org.apache.http.impl.execchain.MainClientExec - Target auth state: UNCHALLENGED
13:53:30.893 [Test worker] DEBUG org.apache.http.impl.execchain.MainClientExec - Proxy auth state: UNCHALLENGED
13:53:30.893 [Test worker] DEBUG org.apache.http.headers - http-outgoing-0 >> GET /mantisbt-2.24.0/index.php HTTP/1.1
13:53:30.893 [Test worker] DEBUG org.apache.http.headers - http-outgoing-0 >> Host: localhost
13:53:30.893 [Test worker] DEBUG org.apache.http.headers - http-outgoing-0 >> Connection: Keep-Alive
13:53:30.893 [Test worker] DEBUG org.apache.http.headers - http-outgoing-0 >> User-Agent: Apache-HttpClient/4.5.11 (Java/1.8.0_241)
13:53:30.893 [Test worker] DEBUG org.apache.http.headers - http-outgoing-0 >> Cookie: MANTIS_STRING_COOKIE=llnKx06A1nbKVKUgK28iSrZ_E5j3WN2Di2v23yXtyEQQISsqrtg5gxgdCCeShNJO; MANTIS_secure_session=1; PHPSESSID=i5grrpo3sag79b9g77t9cq203u
13:53:30.893 [Test worker] DEBUG org.apache.http.headers - http-outgoing-0 >> Accept-Encoding: gzip,deflate
13:53:30.893 [Test worker] DEBUG org.apache.http.wire - http-outgoing-0 >> "GET /mantisbt-2.24.0/index.php HTTP/1.1[\r][\n]"
13:53:30.893 [Test worker] DEBUG org.apache.http.wire - http-outgoing-0 >> "Host: localhost[\r][\n]"
13:53:30.893 [Test worker] DEBUG org.apache.http.wire - http-outgoing-0 >> "Connection: Keep-Alive[\r][\n]"
13:53:30.893 [Test worker] DEBUG org.apache.http.wire - http-outgoing-0 >> "User-Agent: Apache-HttpClient/4.5.11 (Java/1.8.0_241)[\r][\n]"
13:53:30.893 [Test worker] DEBUG org.apache.http.wire - http-outgoing-0 >> "Cookie: MANTIS_STRING_COOKIE=llnKx06A1nbKVKUgK28iSrZ_E5j3WN2Di2v23yXtyEQQISsqrtg5gxgdCCeShNJO; MANTIS_secure_session=1; PHPSESSID=i5grrpo3sag79b9g77t9cq203u[\r][\n]"
13:53:30.893 [Test worker] DEBUG org.apache.http.wire - http-outgoing-0 >> "Accept-Encoding: gzip,deflate[\r][\n]"
13:53:30.893 [Test worker] DEBUG org.apache.http.wire - http-outgoing-0 >> "[\r][\n]"
13:53:30.990 [Test worker] DEBUG org.apache.http.wire - http-outgoing-0 << "HTTP/1.1 302 Found[\r][\n]"
13:53:30.991 [Test worker] DEBUG org.apache.http.wire - http-outgoing-0 << "Date: Sat, 04 Apr 2020 10:53:30 GMT[\r][\n]"
13:53:30.991 [Test worker] DEBUG org.apache.http.wire - http-outgoing-0 << "Server: Apache/2.4.41 (Win64) OpenSSL/1.1.1c PHP/7.4.2[\r][\n]"
13:53:30.991 [Test worker] DEBUG org.apache.http.wire - http-outgoing-0 << "X-Powered-By: PHP/7.4.2[\r][\n]"
13:53:30.991 [Test worker] DEBUG org.apache.http.wire - http-outgoing-0 << "Cache-Control: no-store, no-cache, must-revalidate[\r][\n]"
13:53:30.991 [Test worker] DEBUG org.apache.http.wire - http-outgoing-0 << "Last-Modified: Sat, 04 Apr 2020 10:53:30 GMT[\r][\n]"
13:53:30.991 [Test worker] DEBUG org.apache.http.wire - http-outgoing-0 << "X-Content-Type-Options: nosniff[\r][\n]"
13:53:30.991 [Test worker] DEBUG org.apache.http.wire - http-outgoing-0 << "Expires: Sat, 04 Apr 2020 10:53:30 GMT[\r][\n]"
13:53:30.991 [Test worker] DEBUG org.apache.http.wire - http-outgoing-0 << "X-Frame-Options: DENY[\r][\n]"
13:53:30.991 [Test worker] DEBUG org.apache.http.wire - http-outgoing-0 << "Content-Security-Policy: default-src 'self'; frame-ancestors 'none'; style-src 'self' 'unsafe-inline'; script-src 'self'; img-src 'self' 'self' data:[\r][\n]"
13:53:30.991 [Test worker] DEBUG org.apache.http.wire - http-outgoing-0 << "Location: http://localhost/mantisbt-2.24.0/my_view_page.php[\r][\n]"
13:53:30.991 [Test worker] DEBUG org.apache.http.wire - http-outgoing-0 << "Content-Encoding: gzip[\r][\n]"
13:53:30.991 [Test worker] DEBUG org.apache.http.wire - http-outgoing-0 << "Vary: Accept-Encoding[\r][\n]"
13:53:30.991 [Test worker] DEBUG org.apache.http.wire - http-outgoing-0 << "Content-Length: 20[\r][\n]"
13:53:30.991 [Test worker] DEBUG org.apache.http.wire - http-outgoing-0 << "Keep-Alive: timeout=5, max=98[\r][\n]"
13:53:30.991 [Test worker] DEBUG org.apache.http.wire - http-outgoing-0 << "Connection: Keep-Alive[\r][\n]"
13:53:30.991 [Test worker] DEBUG org.apache.http.wire - http-outgoing-0 << "Content-Type: text/html; charset=utf-8[\r][\n]"
13:53:30.991 [Test worker] DEBUG org.apache.http.wire - http-outgoing-0 << "[\r][\n]"
13:53:30.991 [Test worker] DEBUG org.apache.http.wire - http-outgoing-0 << "[0x1f][0x8b][0x8][0x0][0x0][0x0][0x0][0x0][0x0][\n]"
13:53:30.991 [Test worker] DEBUG org.apache.http.wire - http-outgoing-0 << "[0x3][0x0][0x0][0x0][0x0][0x0][0x0][0x0][0x0][0x0]"
13:53:30.991 [Test worker] DEBUG org.apache.http.headers - http-outgoing-0 << HTTP/1.1 302 Found
13:53:30.991 [Test worker] DEBUG org.apache.http.headers - http-outgoing-0 << Date: Sat, 04 Apr 2020 10:53:30 GMT
13:53:30.991 [Test worker] DEBUG org.apache.http.headers - http-outgoing-0 << Server: Apache/2.4.41 (Win64) OpenSSL/1.1.1c PHP/7.4.2
13:53:30.991 [Test worker] DEBUG org.apache.http.headers - http-outgoing-0 << X-Powered-By: PHP/7.4.2
13:53:30.991 [Test worker] DEBUG org.apache.http.headers - http-outgoing-0 << Cache-Control: no-store, no-cache, must-revalidate
13:53:30.991 [Test worker] DEBUG org.apache.http.headers - http-outgoing-0 << Last-Modified: Sat, 04 Apr 2020 10:53:30 GMT
13:53:30.991 [Test worker] DEBUG org.apache.http.headers - http-outgoing-0 << X-Content-Type-Options: nosniff
13:53:30.991 [Test worker] DEBUG org.apache.http.headers - http-outgoing-0 << Expires: Sat, 04 Apr 2020 10:53:30 GMT
13:53:30.991 [Test worker] DEBUG org.apache.http.headers - http-outgoing-0 << X-Frame-Options: DENY
13:53:30.991 [Test worker] DEBUG org.apache.http.headers - http-outgoing-0 << Content-Security-Policy: default-src 'self'; frame-ancestors 'none'; style-src 'self' 'unsafe-inline'; script-src 'self'; img-src 'self' 'self' data:
13:53:30.991 [Test worker] DEBUG org.apache.http.headers - http-outgoing-0 << Location: http://localhost/mantisbt-2.24.0/my_view_page.php
13:53:30.991 [Test worker] DEBUG org.apache.http.headers - http-outgoing-0 << Content-Encoding: gzip
13:53:30.991 [Test worker] DEBUG org.apache.http.headers - http-outgoing-0 << Vary: Accept-Encoding
13:53:30.991 [Test worker] DEBUG org.apache.http.headers - http-outgoing-0 << Content-Length: 20
13:53:30.991 [Test worker] DEBUG org.apache.http.headers - http-outgoing-0 << Keep-Alive: timeout=5, max=98
13:53:30.991 [Test worker] DEBUG org.apache.http.headers - http-outgoing-0 << Connection: Keep-Alive
13:53:30.991 [Test worker] DEBUG org.apache.http.headers - http-outgoing-0 << Content-Type: text/html; charset=utf-8
13:53:30.992 [Test worker] DEBUG org.apache.http.impl.execchain.MainClientExec - Connection can be kept alive for 5000 MILLISECONDS
13:53:30.992 [Test worker] DEBUG org.apache.http.impl.client.LaxRedirectStrategy - Redirect requested to location 'http://localhost/mantisbt-2.24.0/my_view_page.php'
13:53:30.992 [Test worker] DEBUG org.apache.http.impl.execchain.RedirectExec - Resetting target auth state
13:53:30.992 [Test worker] DEBUG org.apache.http.impl.execchain.RedirectExec - Redirecting to 'http://localhost/mantisbt-2.24.0/my_view_page.php' via {}->http://localhost:80
13:53:30.992 [Test worker] DEBUG org.apache.http.impl.conn.PoolingHttpClientConnectionManager - Connection [id: 0][route: {}->http://localhost:80] can be kept alive for 5.0 seconds
13:53:30.992 [Test worker] DEBUG org.apache.http.impl.conn.DefaultManagedHttpClientConnection - http-outgoing-0: set socket timeout to 0
13:53:30.992 [Test worker] DEBUG org.apache.http.impl.conn.PoolingHttpClientConnectionManager - Connection released: [id: 0][route: {}->http://localhost:80][total available: 1; route allocated: 1 of 2; total allocated: 1 of 20]
13:53:30.992 [Test worker] DEBUG org.apache.http.client.protocol.RequestAddCookies - CookieSpec selected: default
13:53:30.992 [Test worker] DEBUG org.apache.http.client.protocol.RequestAddCookies - Cookie [version: 0][name: MANTIS_STRING_COOKIE][value: llnKx06A1nbKVKUgK28iSrZ_E5j3WN2Di2v23yXtyEQQISsqrtg5gxgdCCeShNJO][domain: localhost][path: /][expiry: null] match [localhost:80/mantisbt-2.24.0/my_view_page.php]
13:53:30.992 [Test worker] DEBUG org.apache.http.client.protocol.RequestAddCookies - Cookie [version: 0][name: MANTIS_secure_session][value: 1][domain: localhost][path: /][expiry: null] match [localhost:80/mantisbt-2.24.0/my_view_page.php]
13:53:30.992 [Test worker] DEBUG org.apache.http.client.protocol.RequestAddCookies - Cookie [version: 0][name: PHPSESSID][value: i5grrpo3sag79b9g77t9cq203u][domain: localhost][path: /][expiry: null] match [localhost:80/mantisbt-2.24.0/my_view_page.php]
13:53:30.992 [Test worker] DEBUG org.apache.http.client.protocol.RequestAuthCache - Auth cache not set in the context
13:53:30.993 [Test worker] DEBUG org.apache.http.impl.conn.PoolingHttpClientConnectionManager - Connection request: [route: {}->http://localhost:80][total available: 1; route allocated: 1 of 2; total allocated: 1 of 20]
13:53:30.993 [Test worker] DEBUG org.apache.http.impl.conn.PoolingHttpClientConnectionManager - Connection leased: [id: 0][route: {}->http://localhost:80][total available: 0; route allocated: 1 of 2; total allocated: 1 of 20]
13:53:30.993 [Test worker] DEBUG org.apache.http.impl.conn.DefaultManagedHttpClientConnection - http-outgoing-0: set socket timeout to 0
13:53:30.993 [Test worker] DEBUG org.apache.http.impl.execchain.MainClientExec - Executing request GET /mantisbt-2.24.0/my_view_page.php HTTP/1.1
13:53:30.993 [Test worker] DEBUG org.apache.http.impl.execchain.MainClientExec - Target auth state: UNCHALLENGED
13:53:30.993 [Test worker] DEBUG org.apache.http.impl.execchain.MainClientExec - Proxy auth state: UNCHALLENGED
13:53:30.993 [Test worker] DEBUG org.apache.http.headers - http-outgoing-0 >> GET /mantisbt-2.24.0/my_view_page.php HTTP/1.1
13:53:30.993 [Test worker] DEBUG org.apache.http.headers - http-outgoing-0 >> Host: localhost
13:53:30.993 [Test worker] DEBUG org.apache.http.headers - http-outgoing-0 >> Connection: Keep-Alive
13:53:30.993 [Test worker] DEBUG org.apache.http.headers - http-outgoing-0 >> User-Agent: Apache-HttpClient/4.5.11 (Java/1.8.0_241)
13:53:30.993 [Test worker] DEBUG org.apache.http.headers - http-outgoing-0 >> Cookie: MANTIS_STRING_COOKIE=llnKx06A1nbKVKUgK28iSrZ_E5j3WN2Di2v23yXtyEQQISsqrtg5gxgdCCeShNJO; MANTIS_secure_session=1; PHPSESSID=i5grrpo3sag79b9g77t9cq203u
13:53:30.993 [Test worker] DEBUG org.apache.http.headers - http-outgoing-0 >> Accept-Encoding: gzip,deflate
13:53:30.993 [Test worker] DEBUG org.apache.http.wire - http-outgoing-0 >> "GET /mantisbt-2.24.0/my_view_page.php HTTP/1.1[\r][\n]"
13:53:30.993 [Test worker] DEBUG org.apache.http.wire - http-outgoing-0 >> "Host: localhost[\r][\n]"
13:53:30.993 [Test worker] DEBUG org.apache.http.wire - http-outgoing-0 >> "Connection: Keep-Alive[\r][\n]"
13:53:30.993 [Test worker] DEBUG org.apache.http.wire - http-outgoing-0 >> "User-Agent: Apache-HttpClient/4.5.11 (Java/1.8.0_241)[\r][\n]"
13:53:30.993 [Test worker] DEBUG org.apache.http.wire - http-outgoing-0 >> "Cookie: MANTIS_STRING_COOKIE=llnKx06A1nbKVKUgK28iSrZ_E5j3WN2Di2v23yXtyEQQISsqrtg5gxgdCCeShNJO; MANTIS_secure_session=1; PHPSESSID=i5grrpo3sag79b9g77t9cq203u[\r][\n]"
13:53:30.993 [Test worker] DEBUG org.apache.http.wire - http-outgoing-0 >> "Accept-Encoding: gzip,deflate[\r][\n]"
13:53:30.993 [Test worker] DEBUG org.apache.http.wire - http-outgoing-0 >> "[\r][\n]"
13:53:31.134 [Test worker] DEBUG org.apache.http.wire - http-outgoing-0 << "HTTP/1.1 200 OK[\r][\n]"
13:53:31.134 [Test worker] DEBUG org.apache.http.wire - http-outgoing-0 << "Date: Sat, 04 Apr 2020 10:53:30 GMT[\r][\n]"
13:53:31.134 [Test worker] DEBUG org.apache.http.wire - http-outgoing-0 << "Server: Apache/2.4.41 (Win64) OpenSSL/1.1.1c PHP/7.4.2[\r][\n]"
13:53:31.134 [Test worker] DEBUG org.apache.http.wire - http-outgoing-0 << "X-Powered-By: PHP/7.4.2[\r][\n]"
13:53:31.134 [Test worker] DEBUG org.apache.http.wire - http-outgoing-0 << "Cache-Control: no-store, no-cache, must-revalidate[\r][\n]"
13:53:31.134 [Test worker] DEBUG org.apache.http.wire - http-outgoing-0 << "Last-Modified: Sat, 04 Apr 2020 10:53:31 GMT[\r][\n]"
13:53:31.134 [Test worker] DEBUG org.apache.http.wire - http-outgoing-0 << "X-Content-Type-Options: nosniff[\r][\n]"
13:53:31.134 [Test worker] DEBUG org.apache.http.wire - http-outgoing-0 << "Expires: Sat, 04 Apr 2020 10:53:31 GMT[\r][\n]"
13:53:31.134 [Test worker] DEBUG org.apache.http.wire - http-outgoing-0 << "X-Frame-Options: DENY[\r][\n]"
13:53:31.135 [Test worker] DEBUG org.apache.http.wire - http-outgoing-0 << "Content-Security-Policy: default-src 'self'; frame-ancestors 'none'; style-src 'self' 'unsafe-inline'; script-src 'self'; img-src 'self' 'self' data:[\r][\n]"
13:53:31.135 [Test worker] DEBUG org.apache.http.wire - http-outgoing-0 << "Content-Encoding: gzip[\r][\n]"
13:53:31.135 [Test worker] DEBUG org.apache.http.wire - http-outgoing-0 << "Vary: Accept-Encoding[\r][\n]"
13:53:31.135 [Test worker] DEBUG org.apache.http.wire - http-outgoing-0 << "Content-Length: 2757[\r][\n]"
13:53:31.135 [Test worker] DEBUG org.apache.http.wire - http-outgoing-0 << "Keep-Alive: timeout=5, max=97[\r][\n]"
13:53:31.135 [Test worker] DEBUG org.apache.http.wire - http-outgoing-0 << "Connection: Keep-Alive[\r][\n]"
13:53:31.135 [Test worker] DEBUG org.apache.http.wire - http-outgoing-0 << "Content-Type: text/html; charset=UTF-8[\r][\n]"
13:53:31.135 [Test worker] DEBUG org.apache.http.wire - http-outgoing-0 << "[\r][\n]"
13:53:31.135 [Test worker] DEBUG org.apache.http.wire - http-outgoing-0 << "[0x1f][0x8b][0x8][0x0][0x0][0x0][0x0][0x0][0x0][\n]"
13:53:31.135 [Test worker] DEBUG org.apache.http.wire - http-outgoing-0 << "[0xed][0x1a]k[0x8f][0xdb][0xb8][0xf1][0xf3][0x1a][0xe8]]]>&#x7f;<![CDATA[`[0x15] [0xe8]#[0xb2][0xe5][0xd7][0xee]fc[0xbb][0xcd]mR[0xdc][0x1e][0x12][0xe4].[0xd9]\[0xd1][0x16][0x85]AI[0x94][0xc5][0xac]$*$[0xe5]G[0x8b][0xfe][0xf7][0xce][0x90][0x92],[0xd9][0xde]G[0xe][0xde][0xdc][0x87][0xb][0xb0]^[0x89][0xe4]p8[0xef][0x19]R[0x9c][0xfc][0xfe][0xd5][0xbb][0xcb][0xeb]]]>&#x7f;<![CDATA[[0xfc][0xf8][0x9a][0xc4]:Mf[0x9d]I[0xf5]`4[0x9c]uN&)[0xd3][0x14][0x86]t[0xee][0xb2][0xcf][0x5]_N[0x9d]K[0x91]i[0x96]iWor[0xe6][0x90][0xc0][0xb6][0xa6][0x8e]fk[0xdd][0xc3][0xb9]/H[0x10]S[0xa9][0x98][0x9e][0x16]:r[0xcf][0x1d][0xd2][0xab][0xd1]d4eSG[\n]"
13:53:31.135 [Test worker] DEBUG org.apache.http.wire - http-outgoing-0 << "_h[0xd5][0x98][0x9a][0x9][0x9e][0x85]l[0xfd],[0x12]I"V[0xe5][0x4][0xcd]u[0xc2]fo7[0xe4]g[0xce]V[0xc4]%oi[0xa6][0xb9][0xfa][0xee]z[0xd2][0xb3]#[0x9d]&[0xca]%[0xc0][0xe4]B[0xea][0x6][0xd2][0x15][0xf]u<[\r][0xd9][0x92][0x7][0xcc]5[0x8d]g[0x84]g\s[0x9a][0xb8]*[0xa0][0x9][0x9b][0xf6][0xbb][0xde]3[0x92][0xd2]5O[0x8b][0xb4][0xd9]U(&M[0x9b][0xfa][0xd0][0xe5][0x95][0xf4]$<[0xbb]![0x92]%SG[0xe9]M[0xc2]T[0xcc][0x18],[0x87]B(y[0xf][0x14][0xf0][0x14]K[0x16]M[0x1d][0x14][0xd7]E[0xaf][0x97][0x8]@[0x12][0xb][0xa5]{[0xa9]![0xde][0xd7][0xee][0xa0];[0x18]u=[0x84][0xed][0x85],[0xa2]E[0xa2][0xbb]f[0xde][0xe3],[0xa1]4[0xd5][0x85][0x9a][0x83]L"[0xbe][0xe8][0xe6]q[0xfe][0x97][0x80][0x6]1[0x9b][0xdf][0xb0][0xcd][0x94]z[0xde]8[0xf2][0xfa],8[0x1b][\r][0x9f][0xb3]~[0xf4]<[0x8]|[0xff][0x9c][0x6][0xfd]so[0xd4][0x1f][0x8f]F[0x8f][0xc6][0xb6][0x14][0xf9]]]>&#x7f;<![CDATA[D[0xc6][0xdc]qw[0xdc][0xf5][0xba])[0xcf][0x1e]S[0x2][0xbe][0x0]S[0xd3][0x92][0xe6][0xee][0xb0];[0xea][0xf6][0x1f]{[0xb9][0x8][0xac][0xcf][0xa5]+[0xa6]D[0xca][0xdc]Q[0xf7][0xb4];[0xfc][0x1a]+[0xaa][0xaf]#[0xc1][0x90]j[0xa6]y[0xca]r[0x1e][0xdc][0x80][0x87][0x80]8[0xcf][0xba][0xa3][0xb3][0xc7]f[0x90][0x6][0xec]+,[0xe1][0xda][0xfe][0xc7]^E[0xdd][0xf0]L[0xb5][0xd8]i[0xaf][0x14]C[0xc][0xb][\n]"
13:53:31.136 [Test worker] DEBUG org.apache.http.wire - http-outgoing-0 << "M8[0xb8]l[0x85]|[0xf][0x19]O[0xe9][0x82][0x81][0xe6][0xe9][0x12][0xc1][0xba][0xf0][0xaf][0xa2][0xcb][0x8c][0xf4][0xd6][0xae][0x9d][0xbe][0xcb][0x6][0xa3]2[0x88]+P[0x9a][0xe7][0x9][0xf][0xa8][0xe6]"[0xeb][0x89][0x9c]ev4d*[0x90]<[0xc7][0xde]?[0xaf][0xd3][0x4][0x80]1[0xd6]N[0x9d]*[0xf8]^[0x90][0xa8]H[0x12][0x17][0xf9]'[0x15][0xbe][0x7][0x8a][0xc0][0x97]b[0x5][0x81]un[0xa7][0xcd][0xf3][0xa4]X[0x80][0x18]0&[0x19][0x82][0x10][0xa5][0xf3]([0x14][8[0xe2]o[0xc8][0x95]R[0x5]#W[0xe1][0xb1]h[0xe6][0xa1][0xa5][0xd8]R[0xd0][0xb4][0x8d]OtIm[0xaf]C[0x94][0xc][0xe](q[0xb][0xf1][0xb][0xc3][0xf3]l[0xd2][0xb3][0xf3][0x8f]@[0x1][0xb8]w[0xa6][0x12]#Z[0xb5]CGx>[0x1e][0x9d]1o@G[0xc3][0xf3][0xe7][0xc3][0xd3]0d[0xc1])[0xa5][0xbe]O#[0xe8][0xef][0x9f][0xe][0x8e]@[0x87][0xea]}[0xfa]\0[0xb9][0xc1][0xe][0x8][0xd2][0xe8][0x1d][0x9f][0xd4]Q[0xf0][0x1e][0xc8]5G[0xc2][0x1c][0x88]4[0x15][0xfb][0xd8][0xf6][0x8a][0xa5][0xf7],[0x92][0x10];[0x1a]u[0x9]([0xd0]{A>[0xbe]]]>&#x7f;<![CDATA[3[0xbd][0xd7][0xfc][0xd2][0xcd][0x1c][0xb][0x9b]y[0xe]^m[0xd4]"-[0xb6][0xa9][0x96][0x5]3[0xfe]=[0xe9][0xd9]2m[0xe2][0x8b]pC[0x82][0x84]*[0x5]n[0x3]A[0xc6][0x1d]:[0xd0]k"[0xd7][0xac][0xf3]'[0xf2]_b2SDS[0x9e]l.[0x88][0xf3][0xe][0xfc][0x87]|[0x0][0xa5];/[0xc8][0xff]H'[0xee]?#[0xf1][0x0]~C[0xf8][0x8d][0xe0]7[0xbe]o[0x6]0mqOB[0xbe]$<[0x84]"[0x8e].}*[0x9d][0x8a][0x8][0xdb]$[0xf6][0xe1][0x96][0xb5]N[0xd5][0xc][0xa0][0xd0][0xa3][0xb9]bU;[0xe2]k[0x16][0xba]Z[0xe4]$[0x13][0xb9][0xe4][0x99][0x6][0xa9][0xb6][0xf1][0xba](?[0xca]3[0xb6][0xbb]Bc`6[0xf1][0xb][0xad]Ef[0xa6][0xa5],+[0x0][0xe3]b[0x91][0xe0][0x14][0xab]^;[0xbc][0x8b][0xc0][0x2][0x91][0xe6][0x4][0x92]c[0x94]KX[0xa4]I[0xcc][0xc1][0xe4]37YTo)[0x84][0xf][0xc8][0x84][0xd4][0xd5]T.[0xa0][0xc8]u[0x9e]([0x1e]2d}6Q9[0xcd]j-HWd[0xc9][0xc6][0x99]][[0xfc]%[0x14][0x8][0xe][0x80][0xda][0xa0][0x18][0xae]][0x8b][0xe1][0x8][0xa3]=[0xcb][0xa6][0x95]`[0x9b]U4[0x16]#(z[n[0xd9]5[0xb9]]a[0xf9][0x10])[0xc2]]NS[0x9a][0x80][0xd0][0xdc][0xb3][0xb1]3[0xab][0xcb]tR[0x93]Ck[0xbd]<@[0xb][0xed]Ve'[0xa1]U[0x88][0xe4][0x8b][0xb8][0xd6][0x88]J[0xb7][0x1a][0xd9]j[0xa9][0xd2][0x8d][0x99]?u*[0x4];*[0xeb]V[0xdc][0x18]R[0xd4][0xb3][0xaa][0x8d]6p[0x8f][0x1a]qs`l[0xa5][0xe2][0x8f]W[0x90][0x98][0xdf]Q[0x1b]$[0xa2][0xf0][0xe7][0x1a]@x[0xe][0xd6]d[0x15]s[0xcd]PA|F[0xb6][0xea][0xe9][0x81]~[0xe])[0xa9]$[0x8a][0xb4]t[0xb6][0xe7]95g[0xb3]I[0x91]40[0x10]$[0x3][0x9e][0xd0][0x9f][0xd4][0xa4]-$[0xdb][0x18][0xad][0xb7][0x84][0x83][0xd1]1[0x14][0xab][0xba][0xd0]xR[0xeb][0xa4][0x1a])A[0x9d]/[0xe7][0xb2])B[0xb3][0x9f][0xe2]Y$[0x9c][0x19][0xbe][0xf6][0xc7][0xe7][0xe3][0xb3][0xc1]x[0xe8][0x9d]zg[0xfd][0xfb][0xa4]H3X[0xdf]5T[0x1a][0xcc][0xc6][0x9c][0xb6][0xc][0x1b][0xd4][0xa8][\r]R[0x93][0xbc][0xdf]*[0xed][0xa6][0xee][0xdb]0[0xdc]fn[0xdb][0x1][0x95][0xac]1[0x1c]$[0xc2][0x88]5[0xe1]w[0xf8][0x9][\r][0x2]Qdz[0xeb]'w[0x8b][0xc8]A[0xc5][0x83]\`;[0xfb][0xd2][0xce]4[0x8c][0xf4]p[0x8d][0xe6]:[0xf7][0xa6][0x4][0x8e]%[0x8c][0x9a]Ke[0xf3]4[0xe2]6;[0xe0]=[0xc1]>[0xa5]i[0xfe][0x2][0x13][0xf8][0xe5][0xe0][0xd5][0xf7][0xf3][0xe7][0xeb]O[0xb1][0xfe][0x9e]_[0xf5][0xaf]O[0xa3][0xd7][0x97][0xaf]^_}[0xc][0x93]w?[0xf1][0xf0][0xf2][0x7][0xa0][0xf9][0xf3][0xbb][0xfc]4J_[0xfd]m[0xf1][0xf7][0xcb][0xf9][0xdb][0x97][0xff][0xfc][0xe9][0xb3][0xcc][0xc3][0xf]o[0xd6][0x1f][0xf9][0xcd]2[0xb8][0xba][0xf9][0x99]}[0x88]G[0xf3][0xa5][0xd7][0xbf][0xfe][0xe1][0xda]]_[0xad][0xfc][0x97][0xb9]{[0x7][0xb7]@[0x99][0xab]>[0x17] R" V,X[0xc5][0xfa][0xfb][0xf][0x1f][0x9a]<[0xd7][0xa6][0xc6][0x97][0xdc][0xc6][0xa4]=a[0xec]1[0x9f][0x88][0x85]([0x1e]$s[0xc5][0x17][0x99][0xb][0xb0][0xd5][0xe2]o[0xcc][0xcc][0xed][0xfa][0xbd]"i[0xbd][0x19]Wl[0xfe]o[0xb8]e[\n]"
13:53:31.136 [Test worker] DEBUG org.apache.http.wire - http-outgoing-0 << "[0xd9][0xa5][0x99]~Lvi[0xf7]5[0xd2]`[0x95][0xc][0xea][0xf8]a[0xdb]U[0xf8][0xb7][0xa9][0xe][0xca][[0x95][0x83][0x8f][0xf3]%:r[0x9a][0xd3]@[0x93]=G[0x86][0x9f][0x9b]p[0xa5][[0x9e][0xc][0x90]0[0x9][0x17]|x[0x8][0x7][0xe0]z[0xbe][0xf1][0x87][0x86][0xa0]B[0xaa]b_P[0x19][0x96][0x8e][0xdb]iy[0xae][0xcd][0x89]X[0x99][0x1b][0xd3]5'1[0xa5][0xc7]vP[0x98]Pw[0xd4][0x84]I[0xa8][0x95][0x11][0x89][0x8f]C [0xd9][0xce][0xc4][0xfc][0xbb][0x95]LC#$[0x8e][0xb9]_,[0x1e]F+[\n]"
13:53:31.136 [Test worker] DEBUG org.apache.http.wire - http-outgoing-0 << "[0xc3][0xa5][0x89][0xbe][0x97]TC[0xa7])[0xf6][0xd5][0xd1][0xc8][\r]b4f[0xb0][0xc0][0x87][0xd1][\n]"
13:53:31.136 [Test worker] DEBUG org.apache.http.wire - http-outgoing-0 << "[0x11]e[0x85][0x1b][0xc6][0xfb]H[0xbd]4h[0xd1]>[0x8f]F[0xa9][0x14]4Li[0xfe]@:[0x1][0xf8]^"[0xdf][[0x8c]_@[0xa1][0xf1][0xaa][0x1d][0x97]p}[0x9d][0xed][0xba]E[0x95][0xe8][0xab]f#[0xab]q[0x9b][0xac][0x90][0xd6][0xc1][0xad]i[0xa1][0xf0][0xe1]a[0xc2][0xbb][0xb3][0x5][0xef][0xdf][\r][0x8e]e[0x9d][0xd3]99[0xb9];[0xe1]lA[0xcb][0xbc]sOp`X[0xb4]n[0xc3][0x80]/!m[0x7][0xb2]H}U[0xf3][0xdc][0xe8][0xdb][0xd6][0xb9][0x9d][0x86][0xd7]o[0x1][0xa0][0x9f][0x10][0x13][0xc]k[0xcd]5[0xf2]m[0x8c][0xa7]K[0x86][0xe6]*[0x1c][0x18][0x5][0x92]/IW[0x7]215[0x8b]6[0x8d] [0xa1]>K[0xaa][0xe2]j[0xad][0x88]i[0xd7][0xc5][0xbc][0xd1];[0x3][0xf3][0x91][0xc][0xcf]^Y][0xdb]nm[0xa0][0xb5]=p[0xab][0xfd][0xfc]6[0xc8]U][0xb3]I$dZ[0xb3][\n]"
13:53:31.136 [Test worker] DEBUG org.apache.http.wire - http-outgoing-0 << "[0xef]50l[0xa9]b[0x1][0x8]rH[0x87][0x8e]aXd[0x87][0xf6]dE[0x9a][0xcf][0xb5][0xc0]hR[0xe6][0x86]V[0x95][0x9c][0xe5][0x85][0xb6][0xc7]" Rl4v|Ny[0x88][0x8c][0x81][0x8][0xb6][0xf4][0x84][0x16]Z`TN[0x98][0x86]^[0x11]E[0x7](v[\r][0x12][0x87][0xe4][0x9][0xd8]O,[0x12]HaS[0xc7][0x9e]/<[0xb9]+/[0xd9][0xb3][0x88]&[0x1e]K[0x93]1[0xb1]Rz[0xc8]~ij[0xbf][0xeb]TO[0xd0]L[0xc3][0xec]P[0x8f][0xbb]fW[0xe][0x19]_l[0xf5][0x80]S[0x81][0xf2][0xdc][0xfe][0x0][0x8b]F[0xa8][0x96][0xdd]S[0x0][0xd8]j[0xa6][0xc8][0x0][\n]"
13:53:31.136 [Test worker] DEBUG org.apache.http.wire - http-outgoing-0 << "[0xf2]%h[0xb2][0x9a][0xb1][0xe2]![0xd4][0xc9][0xae]/[0xa0][0xaa][0xb3][0xaf]0S[0x80][0x7]'[0x5][0x1b]@[0xa6][0x82][0x9d]n[0x3]]]>&#x7f;<![CDATA[[0x9]R[0x16][0xaa][0xad][0x96]k[0xf6][0x6]8[0xe1]d[0x12][0x8f]v&[0x98][0x93][0x1a][0x92][0xa0][0xf7][0x9a][0x1c]z[0x2]@[0xb7][0x9][0xae][0x1d][0xfb]1[0xfa]U[0xb8]L[0xd5]Y[0xda]}[0x9d]S[0x14][0xd3][0xdb]c[0x1a][[0xb]i[0x96][0x82][0x95]R[0xb9][0x99]nL[0x1b][0x2]o[0x8][0xbb][0x16][0xd0][0xf8][0xf4]_[0x99][0xc8][0xd8][0xbf]m/[0x4][0xa2][0xb9]=6[0x9f]>[0xf7][0x9c][0xd9][0xc7]Z8[0xa6]xh[0xda][0x94]OCS[0xdd][0x10][0x8f][0xb8][0xf0][0xeb][0xc1][0xaf][0x8a][0x90][0xc0]H/[0x1e][0x19][0xae][0xf7][0xe5][0xa4][0x85]H[0xcc][0x86][0xcd]0\[0xd6][0xe4][0x95]]o7,UMn[0xc0][0x1a][0x82][0xe9][0x93][0x1d][0xd1][0x4]1[J[0xd8][0x4][0x16]9[0xf1][0xf9]b[0x1]B[0xef][0xf][0xc6][0xa5][0x9c]p&[0xfa]5>[0xd0][0x8e][0xee][0xa4][0x8][0x82][0x12][0xa8]\[0xa2][0x12]k[0x97]/[0xa9][0xdc][0x9f]c[0xb7]J[0x96][0xb6]Z[0x19][0x10][0xe1][0x9][0xfc]\[0x88]m)H[0xda][0xbc][0x1b][0x5][0x99]7[0x9]!(4o*}<[0x8d]5[0x92]?[0xb2]~[0xd2]d[0xbd]|)[0x9f][0x7][0xad][0x18][0xf]R[0x9c][[0xe4][0x84][0xc1][0x1e][0x85][0x94][0xd3]0[0xe4][0xd9]b_6[0x9a][0x9a]|T[0x17]w[0x95][0x80]L]]>&#x7f;<![CDATA[[0xb][0x88]XP+n([0x8]m[0x13][0x94][0x1a][0xe2][0xc1]f[0xd5]VZ[0xf2][0xbc]n[0xc5]bikM[0x8d]D[0xe2]S[0xce]&:[0x9c]=}[0xd2]?[0xf5]^Lz[0xf0][\n]"
13:53:31.136 [Test worker] DEBUG org.apache.http.wire - http-outgoing-0 << "[0xff]$[0xfe]+[0x1]zf[0xe2][0xac][0xc]"[0xb7]<[0x1a][0xf4][0x83][0xf1][0x82]m[0xf5]=[0xa7][0x99][0xe9]0F[0x0]K"Y[0xfe][0xc6]"DiT[0xe7][0xde]A;{_[0x8a][0xe4][\[0xf8][0xb5][0xe3][0xc2][0xdd]z[0xfa][0x16][0xf][0x8e][0x18][0xf][0xf6][0xea][0xdf]C[0xb5]E#j[0x4]P[0x9f][0xcc]S[0xf1][0xdb][0x8a][0x1b]M[0xb][0xc4]<e:#[0x9e][0x0]-s]]>&#x7f;<![CDATA[3[0x7][0xec]z^[0xe4][0xf8]55[0x9c][0xe3][0xff][0x12]M[0xab][0x9f]e8[0xb6][0x99][0x8e][0xe][0xf][0xa5]P[0xfa][0xc5][0xb7][\r]n[0xa0][0xb2][0x9c][0xe][0xbc][0x81][0xb7]?[0xc]TIm[0x10][0x8f]o[0x1b][0xb4][0xa8][0x87][0xb7][\r][0xd7][0xc8]1[0x2][0xa2]z[0x93][\r]y+B[0x1e]q[0xb0][0xcb]?[0xc]=[0xf2][0x8a]n[0xd4][0x1f][0xbf][0x5][0xc5]_;([0xfe]V[0x8c][0xf0][x?vx[0xef][0xdc]?1H@[0x1][0x11]_W[0x13][0xf]`[0x1d]x[0x7][0x7]#!4~[0xcd][0xd8][0x1e]]]>&#x7f;<![CDATA[[0xec][\r][0xc2][0xd6][0xba]q[0xa6][0xda][0x1e]:[0xbc][0xe5][0xad]R[0xf][0xd9]f[0xa3][0x96][0xda]&[0xf0][0x6]ZR[0xe6][0x8b](x[0xff]b[0xf6][0xa3]X[0x19]=[0xf8][0x1b][0xd2]:{W[0x17][0xbd][0xde]j[0xb5][0xea]V[0xa7][0xb]]![0x17][0xf5][0x95][0x2][0xbf]X[0x10]-ip[0x3]X[0x89][0x12][0x91]^Q[0x9]:o|[0xf1][0xc2][0xe3][0xe5]r[0x5]2[0xf1]%[0xae][0x87]Yjv)[0xf2][0x8d][0xfd][0x8][0xf1]4[0x80][0xd7][0x17]d[0xe0]y[0x18][0x8][0xd1][0x84][0xb7]_[0xcc][0xae][0x19]Ma[0xbe][0x99][0x81][0xb3][0xeb][0xc9][0x99][0xc6][0x3][0xe2][0x9a]P[0xb0][0xcb]D[0x8b][0x8b][0x15][0xf3]Sp[\r]&[0xff][0xca][0xd6][0x14]O+[0xba][0x81]Hkb[0xab]Y:f[0xa4][0x86]$KN[0x9][0xde]u[0xe1]I[0xd7][0x99][0xd1]0[0xe5][0x19][0xc7][0xbb]=ZH$[0x9e]DB[0x12][0xdc][0xef][0x82][0x97]e[0x1]k[0xd2][0x82]g~[0xb5][0x10][0xf][0x18][0xc4][0x9e][0x6]vT[0xb4][0xfd]~g[0xf][0xd0]s[0xab][0x0][0xd7][0xdf][0xb8][0xf5]I[0xe][0x1e][0xef]7O[0xb6][0xef]U[0x88][0x95][0x1c][0xf9][0xe][0xf4]r[0x8d]za[0xf2][0x82]@[0x94][0x97][0x8c][0x11][0xd8]*[0x12][0xbc]$[0x2]z*d`D@|[0x8a][0xae][0xd6][0xd6][0xe2][0x6][0xc4][0x92]v[0xf1][0xc4]&][0xdc][0xf2][0xb5][0xbf][0xbc]nc[0xbb][0xe7]Hd7[0x7][0xb3]"[0xf6][0x82][0xa1][0xd3][0xf7][0x6][0x10][0x9f][0x19][0xb2]6u[0x86]c[0x87]@-1u[0x1a][0x6]v<*Iof[0x8f]^[0xef][0xf2][0xef][0xf2][0xd1]L3[0xae][\n]"
13:53:31.136 [Test worker] DEBUG org.apache.http.wire - http-outgoing-0 << "$[0xa4]J[0x93][0xf4][0xca][0xa4][0xa3]R[0xf3][0xe0][0x19][0xc4][0x18][0xc5]H[0xc8]U[0x9e][0xd0][0x8d][0xd5]MkF3[0xb7][0xde][0xfb][0x95][0xce][0x1c][0x9a][0xc2]*[0xe6][0xa3]4~6[0xad][0x93][0xac][\r]2[0xbc]:;[0xae]"[0xf3]/[0xbc]}q[0xe8]V[0xdf][0x91].v[0xa4]"[0xc5][0xcb][0xad]+[0xae]c[0xd7]|[0x86]c[0xaa][0x1c]=[0xe6]*[0xf][0xba]Tw[0xa4][0xb5][0x10][0x9e]b[0xd1][0xdc]-[0xaf][0xd9][0xf4][0xbb][0xc3][0xe3]rcJ[0xe8][0xfe][0xb1][0xaf][0xd8]T[0x17][0xff][0xda][0xe8]&[0xbd]*[0xd9][0xd9]{[0xca][0xff][0x7][0xaf]4b?[0xbf],[0x0][0x0]"
13:53:31.137 [Test worker] DEBUG org.apache.http.headers - http-outgoing-0 << HTTP/1.1 200 OK
13:53:31.137 [Test worker] DEBUG org.apache.http.headers - http-outgoing-0 << Date: Sat, 04 Apr 2020 10:53:30 GMT
13:53:31.137 [Test worker] DEBUG org.apache.http.headers - http-outgoing-0 << Server: Apache/2.4.41 (Win64) OpenSSL/1.1.1c PHP/7.4.2
13:53:31.137 [Test worker] DEBUG org.apache.http.headers - http-outgoing-0 << X-Powered-By: PHP/7.4.2
13:53:31.137 [Test worker] DEBUG org.apache.http.headers - http-outgoing-0 << Cache-Control: no-store, no-cache, must-revalidate
13:53:31.137 [Test worker] DEBUG org.apache.http.headers - http-outgoing-0 << Last-Modified: Sat, 04 Apr 2020 10:53:31 GMT
13:53:31.137 [Test worker] DEBUG org.apache.http.headers - http-outgoing-0 << X-Content-Type-Options: nosniff
13:53:31.137 [Test worker] DEBUG org.apache.http.headers - http-outgoing-0 << Expires: Sat, 04 Apr 2020 10:53:31 GMT
13:53:31.137 [Test worker] DEBUG org.apache.http.headers - http-outgoing-0 << X-Frame-Options: DENY
13:53:31.137 [Test worker] DEBUG org.apache.http.headers - http-outgoing-0 << Content-Security-Policy: default-src 'self'; frame-ancestors 'none'; style-src 'self' 'unsafe-inline'; script-src 'self'; img-src 'self' 'self' data:
13:53:31.137 [Test worker] DEBUG org.apache.http.headers - http-outgoing-0 << Content-Encoding: gzip
13:53:31.137 [Test worker] DEBUG org.apache.http.headers - http-outgoing-0 << Vary: Accept-Encoding
13:53:31.137 [Test worker] DEBUG org.apache.http.headers - http-outgoing-0 << Content-Length: 2757
13:53:31.137 [Test worker] DEBUG org.apache.http.headers - http-outgoing-0 << Keep-Alive: timeout=5, max=97
13:53:31.137 [Test worker] DEBUG org.apache.http.headers - http-outgoing-0 << Connection: Keep-Alive
13:53:31.137 [Test worker] DEBUG org.apache.http.headers - http-outgoing-0 << Content-Type: text/html; charset=UTF-8
13:53:31.137 [Test worker] DEBUG org.apache.http.impl.execchain.MainClientExec - Connection can be kept alive for 5000 MILLISECONDS
13:53:31.139 [Test worker] DEBUG org.apache.http.impl.conn.PoolingHttpClientConnectionManager - Connection [id: 0][route: {}->http://localhost:80] can be kept alive for 5.0 seconds
13:53:31.139 [Test worker] DEBUG org.apache.http.impl.conn.DefaultManagedHttpClientConnection - http-outgoing-0: set socket timeout to 0
13:53:31.139 [Test worker] DEBUG org.apache.http.impl.conn.PoolingHttpClientConnectionManager - Connection released: [id: 0][route: {}->http://localhost:80][total available: 1; route allocated: 1 of 2; total allocated: 1 of 20]
13:53:31.144 [Test worker] DEBUG org.apache.http.client.protocol.RequestAddCookies - CookieSpec selected: default
13:53:31.144 [Test worker] DEBUG org.apache.http.client.protocol.RequestAuthCache - Auth cache not set in the context
13:53:31.144 [Test worker] DEBUG org.apache.http.impl.conn.PoolingHttpClientConnectionManager - Connection request: [route: {}->http://localhost:80][total available: 0; route allocated: 0 of 2; total allocated: 0 of 20]
13:53:31.144 [Test worker] DEBUG org.apache.http.impl.conn.PoolingHttpClientConnectionManager - Connection leased: [id: 1][route: {}->http://localhost:80][total available: 0; route allocated: 1 of 2; total allocated: 1 of 20]
13:53:31.144 [Test worker] DEBUG org.apache.http.impl.execchain.MainClientExec - Opening connection {}->http://localhost:80
13:53:31.145 [Test worker] DEBUG org.apache.http.impl.conn.DefaultHttpClientConnectionOperator - Connecting to localhost/127.0.0.1:80
13:53:31.145 [Test worker] DEBUG org.apache.http.impl.conn.DefaultHttpClientConnectionOperator - Connection established 127.0.0.1:62487<->127.0.0.1:80
13:53:31.145 [Test worker] DEBUG org.apache.http.impl.execchain.MainClientExec - Executing request POST /mantisbt-2.24.0/login.php HTTP/1.1
13:53:31.145 [Test worker] DEBUG org.apache.http.impl.execchain.MainClientExec - Target auth state: UNCHALLENGED
13:53:31.145 [Test worker] DEBUG org.apache.http.impl.execchain.MainClientExec - Proxy auth state: UNCHALLENGED
13:53:31.145 [Test worker] DEBUG org.apache.http.headers - http-outgoing-1 >> POST /mantisbt-2.24.0/login.php HTTP/1.1
13:53:31.145 [Test worker] DEBUG org.apache.http.headers - http-outgoing-1 >> Content-Length: 87
13:53:31.145 [Test worker] DEBUG org.apache.http.headers - http-outgoing-1 >> Content-Type: application/x-www-form-urlencoded
13:53:31.145 [Test worker] DEBUG org.apache.http.headers - http-outgoing-1 >> Host: localhost
13:53:31.145 [Test worker] DEBUG org.apache.http.headers - http-outgoing-1 >> Connection: Keep-Alive
13:53:31.145 [Test worker] DEBUG org.apache.http.headers - http-outgoing-1 >> User-Agent: Apache-HttpClient/4.5.11 (Java/1.8.0_241)
13:53:31.145 [Test worker] DEBUG org.apache.http.headers - http-outgoing-1 >> Accept-Encoding: gzip,deflate
13:53:31.145 [Test worker] DEBUG org.apache.http.wire - http-outgoing-1 >> "POST /mantisbt-2.24.0/login.php HTTP/1.1[\r][\n]"
13:53:31.145 [Test worker] DEBUG org.apache.http.wire - http-outgoing-1 >> "Content-Length: 87[\r][\n]"
13:53:31.145 [Test worker] DEBUG org.apache.http.wire - http-outgoing-1 >> "Content-Type: application/x-www-form-urlencoded[\r][\n]"
13:53:31.145 [Test worker] DEBUG org.apache.http.wire - http-outgoing-1 >> "Host: localhost[\r][\n]"
13:53:31.145 [Test worker] DEBUG org.apache.http.wire - http-outgoing-1 >> "Connection: Keep-Alive[\r][\n]"
13:53:31.145 [Test worker] DEBUG org.apache.http.wire - http-outgoing-1 >> "User-Agent: Apache-HttpClient/4.5.11 (Java/1.8.0_241)[\r][\n]"
13:53:31.145 [Test worker] DEBUG org.apache.http.wire - http-outgoing-1 >> "Accept-Encoding: gzip,deflate[\r][\n]"
13:53:31.145 [Test worker] DEBUG org.apache.http.wire - http-outgoing-1 >> "[\r][\n]"
13:53:31.145 [Test worker] DEBUG org.apache.http.wire - http-outgoing-1 >> "username=user1585725306071&password=1new2password&secure_session=on&return=%2Findex.php"
13:53:31.285 [Test worker] DEBUG org.apache.http.wire - http-outgoing-1 << "HTTP/1.1 302 Found[\r][\n]"
13:53:31.285 [Test worker] DEBUG org.apache.http.wire - http-outgoing-1 << "Date: Sat, 04 Apr 2020 10:53:31 GMT[\r][\n]"
13:53:31.285 [Test worker] DEBUG org.apache.http.wire - http-outgoing-1 << "Server: Apache/2.4.41 (Win64) OpenSSL/1.1.1c PHP/7.4.2[\r][\n]"
13:53:31.285 [Test worker] DEBUG org.apache.http.wire - http-outgoing-1 << "X-Powered-By: PHP/7.4.2[\r][\n]"
13:53:31.285 [Test worker] DEBUG org.apache.http.wire - http-outgoing-1 << "Set-Cookie: PHPSESSID=693ifm7io5991ab6vtncrjrskj; path=/; HttpOnly[\r][\n]"
13:53:31.285 [Test worker] DEBUG org.apache.http.wire - http-outgoing-1 << "Cache-Control: no-store, no-cache, must-revalidate[\r][\n]"
13:53:31.285 [Test worker] DEBUG org.apache.http.wire - http-outgoing-1 << "Last-Modified: Sat, 04 Apr 2020 10:53:31 GMT[\r][\n]"
13:53:31.285 [Test worker] DEBUG org.apache.http.wire - http-outgoing-1 << "X-Content-Type-Options: nosniff[\r][\n]"
13:53:31.285 [Test worker] DEBUG org.apache.http.wire - http-outgoing-1 << "Expires: Sat, 04 Apr 2020 10:53:31 GMT[\r][\n]"
13:53:31.285 [Test worker] DEBUG org.apache.http.wire - http-outgoing-1 << "X-Frame-Options: DENY[\r][\n]"
13:53:31.285 [Test worker] DEBUG org.apache.http.wire - http-outgoing-1 << "Content-Security-Policy: default-src 'self'; frame-ancestors 'none'; style-src 'self' 'unsafe-inline'; script-src 'self'; img-src 'self' 'self' data:[\r][\n]"
13:53:31.285 [Test worker] DEBUG org.apache.http.wire - http-outgoing-1 << "Set-Cookie: MANTIS_secure_session=1; path=/; HttpOnly[\r][\n]"
13:53:31.285 [Test worker] DEBUG org.apache.http.wire - http-outgoing-1 << "Set-Cookie: MANTIS_STRING_COOKIE=llnKx06A1nbKVKUgK28iSrZ_E5j3WN2Di2v23yXtyEQQISsqrtg5gxgdCCeShNJO; path=/; HttpOnly[\r][\n]"
13:53:31.285 [Test worker] DEBUG org.apache.http.wire - http-outgoing-1 << "Location: http://localhost/mantisbt-2.24.0/login_cookie_test.php?return=index.php[\r][\n]"
13:53:31.285 [Test worker] DEBUG org.apache.http.wire - http-outgoing-1 << "Content-Encoding: gzip[\r][\n]"
13:53:31.285 [Test worker] DEBUG org.apache.http.wire - http-outgoing-1 << "Vary: Accept-Encoding[\r][\n]"
13:53:31.285 [Test worker] DEBUG org.apache.http.wire - http-outgoing-1 << "Content-Length: 20[\r][\n]"
13:53:31.285 [Test worker] DEBUG org.apache.http.wire - http-outgoing-1 << "Keep-Alive: timeout=5, max=100[\r][\n]"
13:53:31.285 [Test worker] DEBUG org.apache.http.wire - http-outgoing-1 << "Connection: Keep-Alive[\r][\n]"
13:53:31.285 [Test worker] DEBUG org.apache.http.wire - http-outgoing-1 << "Content-Type: text/html; charset=utf-8[\r][\n]"
13:53:31.285 [Test worker] DEBUG org.apache.http.wire - http-outgoing-1 << "[\r][\n]"
13:53:31.286 [Test worker] DEBUG org.apache.http.wire - http-outgoing-1 << "[0x1f][0x8b][0x8][0x0][0x0][0x0][0x0][0x0][0x0][\n]"
13:53:31.286 [Test worker] DEBUG org.apache.http.wire - http-outgoing-1 << "[0x3][0x0][0x0][0x0][0x0][0x0][0x0][0x0][0x0][0x0]"
13:53:31.286 [Test worker] DEBUG org.apache.http.headers - http-outgoing-1 << HTTP/1.1 302 Found
13:53:31.286 [Test worker] DEBUG org.apache.http.headers - http-outgoing-1 << Date: Sat, 04 Apr 2020 10:53:31 GMT
13:53:31.286 [Test worker] DEBUG org.apache.http.headers - http-outgoing-1 << Server: Apache/2.4.41 (Win64) OpenSSL/1.1.1c PHP/7.4.2
13:53:31.286 [Test worker] DEBUG org.apache.http.headers - http-outgoing-1 << X-Powered-By: PHP/7.4.2
13:53:31.286 [Test worker] DEBUG org.apache.http.headers - http-outgoing-1 << Set-Cookie: PHPSESSID=693ifm7io5991ab6vtncrjrskj; path=/; HttpOnly
13:53:31.286 [Test worker] DEBUG org.apache.http.headers - http-outgoing-1 << Cache-Control: no-store, no-cache, must-revalidate
13:53:31.286 [Test worker] DEBUG org.apache.http.headers - http-outgoing-1 << Last-Modified: Sat, 04 Apr 2020 10:53:31 GMT
13:53:31.286 [Test worker] DEBUG org.apache.http.headers - http-outgoing-1 << X-Content-Type-Options: nosniff
13:53:31.286 [Test worker] DEBUG org.apache.http.headers - http-outgoing-1 << Expires: Sat, 04 Apr 2020 10:53:31 GMT
13:53:31.286 [Test worker] DEBUG org.apache.http.headers - http-outgoing-1 << X-Frame-Options: DENY
13:53:31.286 [Test worker] DEBUG org.apache.http.headers - http-outgoing-1 << Content-Security-Policy: default-src 'self'; frame-ancestors 'none'; style-src 'self' 'unsafe-inline'; script-src 'self'; img-src 'self' 'self' data:
13:53:31.286 [Test worker] DEBUG org.apache.http.headers - http-outgoing-1 << Set-Cookie: MANTIS_secure_session=1; path=/; HttpOnly
13:53:31.286 [Test worker] DEBUG org.apache.http.headers - http-outgoing-1 << Set-Cookie: MANTIS_STRING_COOKIE=llnKx06A1nbKVKUgK28iSrZ_E5j3WN2Di2v23yXtyEQQISsqrtg5gxgdCCeShNJO; path=/; HttpOnly
13:53:31.286 [Test worker] DEBUG org.apache.http.headers - http-outgoing-1 << Location: http://localhost/mantisbt-2.24.0/login_cookie_test.php?return=index.php
13:53:31.286 [Test worker] DEBUG org.apache.http.headers - http-outgoing-1 << Content-Encoding: gzip
13:53:31.286 [Test worker] DEBUG org.apache.http.headers - http-outgoing-1 << Vary: Accept-Encoding
13:53:31.286 [Test worker] DEBUG org.apache.http.headers - http-outgoing-1 << Content-Length: 20
13:53:31.286 [Test worker] DEBUG org.apache.http.headers - http-outgoing-1 << Keep-Alive: timeout=5, max=100
13:53:31.286 [Test worker] DEBUG org.apache.http.headers - http-outgoing-1 << Connection: Keep-Alive
13:53:31.286 [Test worker] DEBUG org.apache.http.headers - http-outgoing-1 << Content-Type: text/html; charset=utf-8
13:53:31.286 [Test worker] DEBUG org.apache.http.impl.execchain.MainClientExec - Connection can be kept alive for 5000 MILLISECONDS
13:53:31.287 [Test worker] DEBUG org.apache.http.client.protocol.ResponseProcessCookies - Cookie accepted [PHPSESSID="693ifm7io5991ab6vtncrjrskj", version:0, domain:localhost, path:/, expiry:null]
13:53:31.287 [Test worker] DEBUG org.apache.http.client.protocol.ResponseProcessCookies - Cookie accepted [MANTIS_secure_session="1", version:0, domain:localhost, path:/, expiry:null]
13:53:31.287 [Test worker] DEBUG org.apache.http.client.protocol.ResponseProcessCookies - Cookie accepted [MANTIS_STRING_COOKIE="llnKx06A1nbKVKUgK28iSrZ_E5j3WN2Di2v23yXtyEQQISsqrtg5gxgdCCeShNJO", version:0, domain:localhost, path:/, expiry:null]
13:53:31.287 [Test worker] DEBUG org.apache.http.impl.client.LaxRedirectStrategy - Redirect requested to location 'http://localhost/mantisbt-2.24.0/login_cookie_test.php?return=index.php'
13:53:31.287 [Test worker] DEBUG org.apache.http.impl.execchain.RedirectExec - Resetting target auth state
13:53:31.287 [Test worker] DEBUG org.apache.http.impl.execchain.RedirectExec - Redirecting to 'http://localhost/mantisbt-2.24.0/login_cookie_test.php?return=index.php' via {}->http://localhost:80
13:53:31.287 [Test worker] DEBUG org.apache.http.impl.conn.PoolingHttpClientConnectionManager - Connection [id: 1][route: {}->http://localhost:80] can be kept alive for 5.0 seconds
13:53:31.287 [Test worker] DEBUG org.apache.http.impl.conn.DefaultManagedHttpClientConnection - http-outgoing-1: set socket timeout to 0
13:53:31.287 [Test worker] DEBUG org.apache.http.impl.conn.PoolingHttpClientConnectionManager - Connection released: [id: 1][route: {}->http://localhost:80][total available: 1; route allocated: 1 of 2; total allocated: 1 of 20]
13:53:31.288 [Test worker] DEBUG org.apache.http.client.protocol.RequestAddCookies - CookieSpec selected: default
13:53:31.288 [Test worker] DEBUG org.apache.http.client.protocol.RequestAddCookies - Cookie [version: 0][name: MANTIS_STRING_COOKIE][value: llnKx06A1nbKVKUgK28iSrZ_E5j3WN2Di2v23yXtyEQQISsqrtg5gxgdCCeShNJO][domain: localhost][path: /][expiry: null] match [localhost:80/mantisbt-2.24.0/login_cookie_test.php]
13:53:31.288 [Test worker] DEBUG org.apache.http.client.protocol.RequestAddCookies - Cookie [version: 0][name: MANTIS_secure_session][value: 1][domain: localhost][path: /][expiry: null] match [localhost:80/mantisbt-2.24.0/login_cookie_test.php]
13:53:31.288 [Test worker] DEBUG org.apache.http.client.protocol.RequestAddCookies - Cookie [version: 0][name: PHPSESSID][value: 693ifm7io5991ab6vtncrjrskj][domain: localhost][path: /][expiry: null] match [localhost:80/mantisbt-2.24.0/login_cookie_test.php]
13:53:31.288 [Test worker] DEBUG org.apache.http.client.protocol.RequestAuthCache - Auth cache not set in the context
13:53:31.288 [Test worker] DEBUG org.apache.http.impl.conn.PoolingHttpClientConnectionManager - Connection request: [route: {}->http://localhost:80][total available: 1; route allocated: 1 of 2; total allocated: 1 of 20]
13:53:31.288 [Test worker] DEBUG org.apache.http.impl.conn.PoolingHttpClientConnectionManager - Connection leased: [id: 1][route: {}->http://localhost:80][total available: 0; route allocated: 1 of 2; total allocated: 1 of 20]
13:53:31.288 [Test worker] DEBUG org.apache.http.impl.conn.DefaultManagedHttpClientConnection - http-outgoing-1: set socket timeout to 0
13:53:31.288 [Test worker] DEBUG org.apache.http.impl.execchain.MainClientExec - Executing request GET /mantisbt-2.24.0/login_cookie_test.php?return=index.php HTTP/1.1
13:53:31.288 [Test worker] DEBUG org.apache.http.impl.execchain.MainClientExec - Target auth state: UNCHALLENGED
13:53:31.288 [Test worker] DEBUG org.apache.http.impl.execchain.MainClientExec - Proxy auth state: UNCHALLENGED
13:53:31.288 [Test worker] DEBUG org.apache.http.headers - http-outgoing-1 >> GET /mantisbt-2.24.0/login_cookie_test.php?return=index.php HTTP/1.1
13:53:31.288 [Test worker] DEBUG org.apache.http.headers - http-outgoing-1 >> Host: localhost
13:53:31.288 [Test worker] DEBUG org.apache.http.headers - http-outgoing-1 >> Connection: Keep-Alive
13:53:31.288 [Test worker] DEBUG org.apache.http.headers - http-outgoing-1 >> User-Agent: Apache-HttpClient/4.5.11 (Java/1.8.0_241)
13:53:31.288 [Test worker] DEBUG org.apache.http.headers - http-outgoing-1 >> Cookie: MANTIS_STRING_COOKIE=llnKx06A1nbKVKUgK28iSrZ_E5j3WN2Di2v23yXtyEQQISsqrtg5gxgdCCeShNJO; MANTIS_secure_session=1; PHPSESSID=693ifm7io5991ab6vtncrjrskj
13:53:31.288 [Test worker] DEBUG org.apache.http.headers - http-outgoing-1 >> Accept-Encoding: gzip,deflate
13:53:31.288 [Test worker] DEBUG org.apache.http.wire - http-outgoing-1 >> "GET /mantisbt-2.24.0/login_cookie_test.php?return=index.php HTTP/1.1[\r][\n]"
13:53:31.288 [Test worker] DEBUG org.apache.http.wire - http-outgoing-1 >> "Host: localhost[\r][\n]"
13:53:31.288 [Test worker] DEBUG org.apache.http.wire - http-outgoing-1 >> "Connection: Keep-Alive[\r][\n]"
13:53:31.288 [Test worker] DEBUG org.apache.http.wire - http-outgoing-1 >> "User-Agent: Apache-HttpClient/4.5.11 (Java/1.8.0_241)[\r][\n]"
13:53:31.288 [Test worker] DEBUG org.apache.http.wire - http-outgoing-1 >> "Cookie: MANTIS_STRING_COOKIE=llnKx06A1nbKVKUgK28iSrZ_E5j3WN2Di2v23yXtyEQQISsqrtg5gxgdCCeShNJO; MANTIS_secure_session=1; PHPSESSID=693ifm7io5991ab6vtncrjrskj[\r][\n]"
13:53:31.288 [Test worker] DEBUG org.apache.http.wire - http-outgoing-1 >> "Accept-Encoding: gzip,deflate[\r][\n]"
13:53:31.288 [Test worker] DEBUG org.apache.http.wire - http-outgoing-1 >> "[\r][\n]"
13:53:31.354 [AsyncHttpClient-timer-6-1] DEBUG org.asynchttpclient.netty.channel.DefaultChannelPool - Entry count for : http://localhost:62373 : 1
13:53:31.395 [Test worker] DEBUG org.apache.http.wire - http-outgoing-1 << "HTTP/1.1 302 Found[\r][\n]"
13:53:31.395 [Test worker] DEBUG org.apache.http.wire - http-outgoing-1 << "Date: Sat, 04 Apr 2020 10:53:31 GMT[\r][\n]"
13:53:31.395 [Test worker] DEBUG org.apache.http.wire - http-outgoing-1 << "Server: Apache/2.4.41 (Win64) OpenSSL/1.1.1c PHP/7.4.2[\r][\n]"
13:53:31.395 [Test worker] DEBUG org.apache.http.wire - http-outgoing-1 << "X-Powered-By: PHP/7.4.2[\r][\n]"
13:53:31.395 [Test worker] DEBUG org.apache.http.wire - http-outgoing-1 << "Cache-Control: no-store, no-cache, must-revalidate[\r][\n]"
13:53:31.395 [Test worker] DEBUG org.apache.http.wire - http-outgoing-1 << "Last-Modified: Sat, 04 Apr 2020 10:53:31 GMT[\r][\n]"
13:53:31.395 [Test worker] DEBUG org.apache.http.wire - http-outgoing-1 << "X-Content-Type-Options: nosniff[\r][\n]"
13:53:31.395 [Test worker] DEBUG org.apache.http.wire - http-outgoing-1 << "Expires: Sat, 04 Apr 2020 10:53:31 GMT[\r][\n]"
13:53:31.395 [Test worker] DEBUG org.apache.http.wire - http-outgoing-1 << "X-Frame-Options: DENY[\r][\n]"
13:53:31.395 [Test worker] DEBUG org.apache.http.wire - http-outgoing-1 << "Content-Security-Policy: default-src 'self'; frame-ancestors 'none'; style-src 'self' 'unsafe-inline'; script-src 'self'; img-src 'self' 'self' data:[\r][\n]"
13:53:31.395 [Test worker] DEBUG org.apache.http.wire - http-outgoing-1 << "Location: http://localhost/mantisbt-2.24.0/index.php[\r][\n]"
13:53:31.395 [Test worker] DEBUG org.apache.http.wire - http-outgoing-1 << "Content-Encoding: gzip[\r][\n]"
13:53:31.395 [Test worker] DEBUG org.apache.http.wire - http-outgoing-1 << "Vary: Accept-Encoding[\r][\n]"
13:53:31.395 [Test worker] DEBUG org.apache.http.wire - http-outgoing-1 << "Content-Length: 20[\r][\n]"
13:53:31.395 [Test worker] DEBUG org.apache.http.wire - http-outgoing-1 << "Keep-Alive: timeout=5, max=99[\r][\n]"
13:53:31.395 [Test worker] DEBUG org.apache.http.wire - http-outgoing-1 << "Connection: Keep-Alive[\r][\n]"
13:53:31.395 [Test worker] DEBUG org.apache.http.wire - http-outgoing-1 << "Content-Type: text/html; charset=utf-8[\r][\n]"
13:53:31.395 [Test worker] DEBUG org.apache.http.wire - http-outgoing-1 << "[\r][\n]"
13:53:31.395 [Test worker] DEBUG org.apache.http.wire - http-outgoing-1 << "[0x1f][0x8b][0x8][0x0][0x0][0x0][0x0][0x0][0x0][\n]"
13:53:31.395 [Test worker] DEBUG org.apache.http.wire - http-outgoing-1 << "[0x3][0x0][0x0][0x0][0x0][0x0][0x0][0x0][0x0][0x0]"
13:53:31.396 [Test worker] DEBUG org.apache.http.headers - http-outgoing-1 << HTTP/1.1 302 Found
13:53:31.396 [Test worker] DEBUG org.apache.http.headers - http-outgoing-1 << Date: Sat, 04 Apr 2020 10:53:31 GMT
13:53:31.396 [Test worker] DEBUG org.apache.http.headers - http-outgoing-1 << Server: Apache/2.4.41 (Win64) OpenSSL/1.1.1c PHP/7.4.2
13:53:31.396 [Test worker] DEBUG org.apache.http.headers - http-outgoing-1 << X-Powered-By: PHP/7.4.2
13:53:31.396 [Test worker] DEBUG org.apache.http.headers - http-outgoing-1 << Cache-Control: no-store, no-cache, must-revalidate
13:53:31.396 [Test worker] DEBUG org.apache.http.headers - http-outgoing-1 << Last-Modified: Sat, 04 Apr 2020 10:53:31 GMT
13:53:31.396 [Test worker] DEBUG org.apache.http.headers - http-outgoing-1 << X-Content-Type-Options: nosniff
13:53:31.396 [Test worker] DEBUG org.apache.http.headers - http-outgoing-1 << Expires: Sat, 04 Apr 2020 10:53:31 GMT
13:53:31.396 [Test worker] DEBUG org.apache.http.headers - http-outgoing-1 << X-Frame-Options: DENY
13:53:31.396 [Test worker] DEBUG org.apache.http.headers - http-outgoing-1 << Content-Security-Policy: default-src 'self'; frame-ancestors 'none'; style-src 'self' 'unsafe-inline'; script-src 'self'; img-src 'self' 'self' data:
13:53:31.396 [Test worker] DEBUG org.apache.http.headers - http-outgoing-1 << Location: http://localhost/mantisbt-2.24.0/index.php
13:53:31.396 [Test worker] DEBUG org.apache.http.headers - http-outgoing-1 << Content-Encoding: gzip
13:53:31.396 [Test worker] DEBUG org.apache.http.headers - http-outgoing-1 << Vary: Accept-Encoding
13:53:31.396 [Test worker] DEBUG org.apache.http.headers - http-outgoing-1 << Content-Length: 20
13:53:31.396 [Test worker] DEBUG org.apache.http.headers - http-outgoing-1 << Keep-Alive: timeout=5, max=99
13:53:31.396 [Test worker] DEBUG org.apache.http.headers - http-outgoing-1 << Connection: Keep-Alive
13:53:31.396 [Test worker] DEBUG org.apache.http.headers - http-outgoing-1 << Content-Type: text/html; charset=utf-8
13:53:31.396 [Test worker] DEBUG org.apache.http.impl.execchain.MainClientExec - Connection can be kept alive for 5000 MILLISECONDS
13:53:31.396 [Test worker] DEBUG org.apache.http.impl.client.LaxRedirectStrategy - Redirect requested to location 'http://localhost/mantisbt-2.24.0/index.php'
13:53:31.396 [Test worker] DEBUG org.apache.http.impl.execchain.RedirectExec - Resetting target auth state
13:53:31.396 [Test worker] DEBUG org.apache.http.impl.execchain.RedirectExec - Redirecting to 'http://localhost/mantisbt-2.24.0/index.php' via {}->http://localhost:80
13:53:31.396 [Test worker] DEBUG org.apache.http.impl.conn.PoolingHttpClientConnectionManager - Connection [id: 1][route: {}->http://localhost:80] can be kept alive for 5.0 seconds
13:53:31.396 [Test worker] DEBUG org.apache.http.impl.conn.DefaultManagedHttpClientConnection - http-outgoing-1: set socket timeout to 0
13:53:31.396 [Test worker] DEBUG org.apache.http.impl.conn.PoolingHttpClientConnectionManager - Connection released: [id: 1][route: {}->http://localhost:80][total available: 1; route allocated: 1 of 2; total allocated: 1 of 20]
13:53:31.397 [Test worker] DEBUG org.apache.http.client.protocol.RequestAddCookies - CookieSpec selected: default
13:53:31.397 [Test worker] DEBUG org.apache.http.client.protocol.RequestAddCookies - Cookie [version: 0][name: MANTIS_STRING_COOKIE][value: llnKx06A1nbKVKUgK28iSrZ_E5j3WN2Di2v23yXtyEQQISsqrtg5gxgdCCeShNJO][domain: localhost][path: /][expiry: null] match [localhost:80/mantisbt-2.24.0/index.php]
13:53:31.397 [Test worker] DEBUG org.apache.http.client.protocol.RequestAddCookies - Cookie [version: 0][name: MANTIS_secure_session][value: 1][domain: localhost][path: /][expiry: null] match [localhost:80/mantisbt-2.24.0/index.php]
13:53:31.397 [Test worker] DEBUG org.apache.http.client.protocol.RequestAddCookies - Cookie [version: 0][name: PHPSESSID][value: 693ifm7io5991ab6vtncrjrskj][domain: localhost][path: /][expiry: null] match [localhost:80/mantisbt-2.24.0/index.php]
13:53:31.397 [Test worker] DEBUG org.apache.http.client.protocol.RequestAuthCache - Auth cache not set in the context
13:53:31.397 [Test worker] DEBUG org.apache.http.impl.conn.PoolingHttpClientConnectionManager - Connection request: [route: {}->http://localhost:80][total available: 1; route allocated: 1 of 2; total allocated: 1 of 20]
13:53:31.397 [Test worker] DEBUG org.apache.http.impl.conn.PoolingHttpClientConnectionManager - Connection leased: [id: 1][route: {}->http://localhost:80][total available: 0; route allocated: 1 of 2; total allocated: 1 of 20]
13:53:31.397 [Test worker] DEBUG org.apache.http.impl.conn.DefaultManagedHttpClientConnection - http-outgoing-1: set socket timeout to 0
13:53:31.397 [Test worker] DEBUG org.apache.http.impl.execchain.MainClientExec - Executing request GET /mantisbt-2.24.0/index.php HTTP/1.1
13:53:31.397 [Test worker] DEBUG org.apache.http.impl.execchain.MainClientExec - Target auth state: UNCHALLENGED
13:53:31.397 [Test worker] DEBUG org.apache.http.impl.execchain.MainClientExec - Proxy auth state: UNCHALLENGED
13:53:31.397 [Test worker] DEBUG org.apache.http.headers - http-outgoing-1 >> GET /mantisbt-2.24.0/index.php HTTP/1.1
13:53:31.397 [Test worker] DEBUG org.apache.http.headers - http-outgoing-1 >> Host: localhost
13:53:31.397 [Test worker] DEBUG org.apache.http.headers - http-outgoing-1 >> Connection: Keep-Alive
13:53:31.397 [Test worker] DEBUG org.apache.http.headers - http-outgoing-1 >> User-Agent: Apache-HttpClient/4.5.11 (Java/1.8.0_241)
13:53:31.397 [Test worker] DEBUG org.apache.http.headers - http-outgoing-1 >> Cookie: MANTIS_STRING_COOKIE=llnKx06A1nbKVKUgK28iSrZ_E5j3WN2Di2v23yXtyEQQISsqrtg5gxgdCCeShNJO; MANTIS_secure_session=1; PHPSESSID=693ifm7io5991ab6vtncrjrskj
13:53:31.397 [Test worker] DEBUG org.apache.http.headers - http-outgoing-1 >> Accept-Encoding: gzip,deflate
13:53:31.397 [Test worker] DEBUG org.apache.http.wire - http-outgoing-1 >> "GET /mantisbt-2.24.0/index.php HTTP/1.1[\r][\n]"
13:53:31.397 [Test worker] DEBUG org.apache.http.wire - http-outgoing-1 >> "Host: localhost[\r][\n]"
13:53:31.397 [Test worker] DEBUG org.apache.http.wire - http-outgoing-1 >> "Connection: Keep-Alive[\r][\n]"
13:53:31.397 [Test worker] DEBUG org.apache.http.wire - http-outgoing-1 >> "User-Agent: Apache-HttpClient/4.5.11 (Java/1.8.0_241)[\r][\n]"
13:53:31.397 [Test worker] DEBUG org.apache.http.wire - http-outgoing-1 >> "Cookie: MANTIS_STRING_COOKIE=llnKx06A1nbKVKUgK28iSrZ_E5j3WN2Di2v23yXtyEQQISsqrtg5gxgdCCeShNJO; MANTIS_secure_session=1; PHPSESSID=693ifm7io5991ab6vtncrjrskj[\r][\n]"
13:53:31.397 [Test worker] DEBUG org.apache.http.wire - http-outgoing-1 >> "Accept-Encoding: gzip,deflate[\r][\n]"
13:53:31.397 [Test worker] DEBUG org.apache.http.wire - http-outgoing-1 >> "[\r][\n]"
13:53:31.483 [Test worker] DEBUG org.apache.http.wire - http-outgoing-1 << "HTTP/1.1 302 Found[\r][\n]"
13:53:31.484 [Test worker] DEBUG org.apache.http.wire - http-outgoing-1 << "Date: Sat, 04 Apr 2020 10:53:31 GMT[\r][\n]"
13:53:31.484 [Test worker] DEBUG org.apache.http.wire - http-outgoing-1 << "Server: Apache/2.4.41 (Win64) OpenSSL/1.1.1c PHP/7.4.2[\r][\n]"
13:53:31.484 [Test worker] DEBUG org.apache.http.wire - http-outgoing-1 << "X-Powered-By: PHP/7.4.2[\r][\n]"
13:53:31.484 [Test worker] DEBUG org.apache.http.wire - http-outgoing-1 << "Cache-Control: no-store, no-cache, must-revalidate[\r][\n]"
13:53:31.484 [Test worker] DEBUG org.apache.http.wire - http-outgoing-1 << "Last-Modified: Sat, 04 Apr 2020 10:53:31 GMT[\r][\n]"
13:53:31.484 [Test worker] DEBUG org.apache.http.wire - http-outgoing-1 << "X-Content-Type-Options: nosniff[\r][\n]"
13:53:31.484 [Test worker] DEBUG org.apache.http.wire - http-outgoing-1 << "Expires: Sat, 04 Apr 2020 10:53:31 GMT[\r][\n]"
13:53:31.484 [Test worker] DEBUG org.apache.http.wire - http-outgoing-1 << "X-Frame-Options: DENY[\r][\n]"
13:53:31.484 [Test worker] DEBUG org.apache.http.wire - http-outgoing-1 << "Content-Security-Policy: default-src 'self'; frame-ancestors 'none'; style-src 'self' 'unsafe-inline'; script-src 'self'; img-src 'self' 'self' data:[\r][\n]"
13:53:31.484 [Test worker] DEBUG org.apache.http.wire - http-outgoing-1 << "Location: http://localhost/mantisbt-2.24.0/my_view_page.php[\r][\n]"
13:53:31.484 [Test worker] DEBUG org.apache.http.wire - http-outgoing-1 << "Content-Encoding: gzip[\r][\n]"
13:53:31.484 [Test worker] DEBUG org.apache.http.wire - http-outgoing-1 << "Vary: Accept-Encoding[\r][\n]"
13:53:31.484 [Test worker] DEBUG org.apache.http.wire - http-outgoing-1 << "Content-Length: 20[\r][\n]"
13:53:31.484 [Test worker] DEBUG org.apache.http.wire - http-outgoing-1 << "Keep-Alive: timeout=5, max=98[\r][\n]"
13:53:31.484 [Test worker] DEBUG org.apache.http.wire - http-outgoing-1 << "Connection: Keep-Alive[\r][\n]"
13:53:31.484 [Test worker] DEBUG org.apache.http.wire - http-outgoing-1 << "Content-Type: text/html; charset=utf-8[\r][\n]"
13:53:31.484 [Test worker] DEBUG org.apache.http.wire - http-outgoing-1 << "[\r][\n]"
13:53:31.484 [Test worker] DEBUG org.apache.http.wire - http-outgoing-1 << "[0x1f][0x8b][0x8][0x0][0x0][0x0][0x0][0x0][0x0][\n]"
13:53:31.484 [Test worker] DEBUG org.apache.http.wire - http-outgoing-1 << "[0x3][0x0][0x0][0x0][0x0][0x0][0x0][0x0][0x0][0x0]"
13:53:31.484 [Test worker] DEBUG org.apache.http.headers - http-outgoing-1 << HTTP/1.1 302 Found
13:53:31.484 [Test worker] DEBUG org.apache.http.headers - http-outgoing-1 << Date: Sat, 04 Apr 2020 10:53:31 GMT
13:53:31.484 [Test worker] DEBUG org.apache.http.headers - http-outgoing-1 << Server: Apache/2.4.41 (Win64) OpenSSL/1.1.1c PHP/7.4.2
13:53:31.484 [Test worker] DEBUG org.apache.http.headers - http-outgoing-1 << X-Powered-By: PHP/7.4.2
13:53:31.484 [Test worker] DEBUG org.apache.http.headers - http-outgoing-1 << Cache-Control: no-store, no-cache, must-revalidate
13:53:31.484 [Test worker] DEBUG org.apache.http.headers - http-outgoing-1 << Last-Modified: Sat, 04 Apr 2020 10:53:31 GMT
13:53:31.484 [Test worker] DEBUG org.apache.http.headers - http-outgoing-1 << X-Content-Type-Options: nosniff
13:53:31.484 [Test worker] DEBUG org.apache.http.headers - http-outgoing-1 << Expires: Sat, 04 Apr 2020 10:53:31 GMT
13:53:31.484 [Test worker] DEBUG org.apache.http.headers - http-outgoing-1 << X-Frame-Options: DENY
13:53:31.484 [Test worker] DEBUG org.apache.http.headers - http-outgoing-1 << Content-Security-Policy: default-src 'self'; frame-ancestors 'none'; style-src 'self' 'unsafe-inline'; script-src 'self'; img-src 'self' 'self' data:
13:53:31.484 [Test worker] DEBUG org.apache.http.headers - http-outgoing-1 << Location: http://localhost/mantisbt-2.24.0/my_view_page.php
13:53:31.484 [Test worker] DEBUG org.apache.http.headers - http-outgoing-1 << Content-Encoding: gzip
13:53:31.484 [Test worker] DEBUG org.apache.http.headers - http-outgoing-1 << Vary: Accept-Encoding
13:53:31.484 [Test worker] DEBUG org.apache.http.headers - http-outgoing-1 << Content-Length: 20
13:53:31.484 [Test worker] DEBUG org.apache.http.headers - http-outgoing-1 << Keep-Alive: timeout=5, max=98
13:53:31.484 [Test worker] DEBUG org.apache.http.headers - http-outgoing-1 << Connection: Keep-Alive
13:53:31.484 [Test worker] DEBUG org.apache.http.headers - http-outgoing-1 << Content-Type: text/html; charset=utf-8
13:53:31.485 [Test worker] DEBUG org.apache.http.impl.execchain.MainClientExec - Connection can be kept alive for 5000 MILLISECONDS
13:53:31.485 [Test worker] DEBUG org.apache.http.impl.client.LaxRedirectStrategy - Redirect requested to location 'http://localhost/mantisbt-2.24.0/my_view_page.php'
13:53:31.485 [Test worker] DEBUG org.apache.http.impl.execchain.RedirectExec - Resetting target auth state
13:53:31.485 [Test worker] DEBUG org.apache.http.impl.execchain.RedirectExec - Redirecting to 'http://localhost/mantisbt-2.24.0/my_view_page.php' via {}->http://localhost:80
13:53:31.485 [Test worker] DEBUG org.apache.http.impl.conn.PoolingHttpClientConnectionManager - Connection [id: 1][route: {}->http://localhost:80] can be kept alive for 5.0 seconds
13:53:31.485 [Test worker] DEBUG org.apache.http.impl.conn.DefaultManagedHttpClientConnection - http-outgoing-1: set socket timeout to 0
13:53:31.485 [Test worker] DEBUG org.apache.http.impl.conn.PoolingHttpClientConnectionManager - Connection released: [id: 1][route: {}->http://localhost:80][total available: 1; route allocated: 1 of 2; total allocated: 1 of 20]
13:53:31.485 [Test worker] DEBUG org.apache.http.client.protocol.RequestAddCookies - CookieSpec selected: default
13:53:31.485 [Test worker] DEBUG org.apache.http.client.protocol.RequestAddCookies - Cookie [version: 0][name: MANTIS_STRING_COOKIE][value: llnKx06A1nbKVKUgK28iSrZ_E5j3WN2Di2v23yXtyEQQISsqrtg5gxgdCCeShNJO][domain: localhost][path: /][expiry: null] match [localhost:80/mantisbt-2.24.0/my_view_page.php]
13:53:31.486 [Test worker] DEBUG org.apache.http.client.protocol.RequestAddCookies - Cookie [version: 0][name: MANTIS_secure_session][value: 1][domain: localhost][path: /][expiry: null] match [localhost:80/mantisbt-2.24.0/my_view_page.php]
13:53:31.486 [Test worker] DEBUG org.apache.http.client.protocol.RequestAddCookies - Cookie [version: 0][name: PHPSESSID][value: 693ifm7io5991ab6vtncrjrskj][domain: localhost][path: /][expiry: null] match [localhost:80/mantisbt-2.24.0/my_view_page.php]
13:53:31.486 [Test worker] DEBUG org.apache.http.client.protocol.RequestAuthCache - Auth cache not set in the context
13:53:31.486 [Test worker] DEBUG org.apache.http.impl.conn.PoolingHttpClientConnectionManager - Connection request: [route: {}->http://localhost:80][total available: 1; route allocated: 1 of 2; total allocated: 1 of 20]
13:53:31.486 [Test worker] DEBUG org.apache.http.impl.conn.PoolingHttpClientConnectionManager - Connection leased: [id: 1][route: {}->http://localhost:80][total available: 0; route allocated: 1 of 2; total allocated: 1 of 20]
13:53:31.486 [Test worker] DEBUG org.apache.http.impl.conn.DefaultManagedHttpClientConnection - http-outgoing-1: set socket timeout to 0
13:53:31.486 [Test worker] DEBUG org.apache.http.impl.execchain.MainClientExec - Executing request GET /mantisbt-2.24.0/my_view_page.php HTTP/1.1
13:53:31.486 [Test worker] DEBUG org.apache.http.impl.execchain.MainClientExec - Target auth state: UNCHALLENGED
13:53:31.486 [Test worker] DEBUG org.apache.http.impl.execchain.MainClientExec - Proxy auth state: UNCHALLENGED
13:53:31.486 [Test worker] DEBUG org.apache.http.headers - http-outgoing-1 >> GET /mantisbt-2.24.0/my_view_page.php HTTP/1.1
13:53:31.486 [Test worker] DEBUG org.apache.http.headers - http-outgoing-1 >> Host: localhost
13:53:31.486 [Test worker] DEBUG org.apache.http.headers - http-outgoing-1 >> Connection: Keep-Alive
13:53:31.486 [Test worker] DEBUG org.apache.http.headers - http-outgoing-1 >> User-Agent: Apache-HttpClient/4.5.11 (Java/1.8.0_241)
13:53:31.486 [Test worker] DEBUG org.apache.http.headers - http-outgoing-1 >> Cookie: MANTIS_STRING_COOKIE=llnKx06A1nbKVKUgK28iSrZ_E5j3WN2Di2v23yXtyEQQISsqrtg5gxgdCCeShNJO; MANTIS_secure_session=1; PHPSESSID=693ifm7io5991ab6vtncrjrskj
13:53:31.486 [Test worker] DEBUG org.apache.http.headers - http-outgoing-1 >> Accept-Encoding: gzip,deflate
13:53:31.486 [Test worker] DEBUG org.apache.http.wire - http-outgoing-1 >> "GET /mantisbt-2.24.0/my_view_page.php HTTP/1.1[\r][\n]"
13:53:31.486 [Test worker] DEBUG org.apache.http.wire - http-outgoing-1 >> "Host: localhost[\r][\n]"
13:53:31.486 [Test worker] DEBUG org.apache.http.wire - http-outgoing-1 >> "Connection: Keep-Alive[\r][\n]"
13:53:31.486 [Test worker] DEBUG org.apache.http.wire - http-outgoing-1 >> "User-Agent: Apache-HttpClient/4.5.11 (Java/1.8.0_241)[\r][\n]"
13:53:31.486 [Test worker] DEBUG org.apache.http.wire - http-outgoing-1 >> "Cookie: MANTIS_STRING_COOKIE=llnKx06A1nbKVKUgK28iSrZ_E5j3WN2Di2v23yXtyEQQISsqrtg5gxgdCCeShNJO; MANTIS_secure_session=1; PHPSESSID=693ifm7io5991ab6vtncrjrskj[\r][\n]"
13:53:31.486 [Test worker] DEBUG org.apache.http.wire - http-outgoing-1 >> "Accept-Encoding: gzip,deflate[\r][\n]"
13:53:31.486 [Test worker] DEBUG org.apache.http.wire - http-outgoing-1 >> "[\r][\n]"
13:53:31.622 [Test worker] DEBUG org.apache.http.wire - http-outgoing-1 << "HTTP/1.1 200 OK[\r][\n]"
13:53:31.622 [Test worker] DEBUG org.apache.http.wire - http-outgoing-1 << "Date: Sat, 04 Apr 2020 10:53:31 GMT[\r][\n]"
13:53:31.622 [Test worker] DEBUG org.apache.http.wire - http-outgoing-1 << "Server: Apache/2.4.41 (Win64) OpenSSL/1.1.1c PHP/7.4.2[\r][\n]"
13:53:31.622 [Test worker] DEBUG org.apache.http.wire - http-outgoing-1 << "X-Powered-By: PHP/7.4.2[\r][\n]"
13:53:31.622 [Test worker] DEBUG org.apache.http.wire - http-outgoing-1 << "Cache-Control: no-store, no-cache, must-revalidate[\r][\n]"
13:53:31.622 [Test worker] DEBUG org.apache.http.wire - http-outgoing-1 << "Last-Modified: Sat, 04 Apr 2020 10:53:31 GMT[\r][\n]"
13:53:31.622 [Test worker] DEBUG org.apache.http.wire - http-outgoing-1 << "X-Content-Type-Options: nosniff[\r][\n]"
13:53:31.622 [Test worker] DEBUG org.apache.http.wire - http-outgoing-1 << "Expires: Sat, 04 Apr 2020 10:53:31 GMT[\r][\n]"
13:53:31.622 [Test worker] DEBUG org.apache.http.wire - http-outgoing-1 << "X-Frame-Options: DENY[\r][\n]"
13:53:31.622 [Test worker] DEBUG org.apache.http.wire - http-outgoing-1 << "Content-Security-Policy: default-src 'self'; frame-ancestors 'none'; style-src 'self' 'unsafe-inline'; script-src 'self'; img-src 'self' 'self' data:[\r][\n]"
13:53:31.622 [Test worker] DEBUG org.apache.http.wire - http-outgoing-1 << "Content-Encoding: gzip[\r][\n]"
13:53:31.622 [Test worker] DEBUG org.apache.http.wire - http-outgoing-1 << "Vary: Accept-Encoding[\r][\n]"
13:53:31.622 [Test worker] DEBUG org.apache.http.wire - http-outgoing-1 << "Content-Length: 2757[\r][\n]"
13:53:31.622 [Test worker] DEBUG org.apache.http.wire - http-outgoing-1 << "Keep-Alive: timeout=5, max=97[\r][\n]"
13:53:31.622 [Test worker] DEBUG org.apache.http.wire - http-outgoing-1 << "Connection: Keep-Alive[\r][\n]"
13:53:31.622 [Test worker] DEBUG org.apache.http.wire - http-outgoing-1 << "Content-Type: text/html; charset=UTF-8[\r][\n]"
13:53:31.622 [Test worker] DEBUG org.apache.http.wire - http-outgoing-1 << "[\r][\n]"
13:53:31.622 [Test worker] DEBUG org.apache.http.wire - http-outgoing-1 << "[0x1f][0x8b][0x8][0x0][0x0][0x0][0x0][0x0][0x0][\n]"
13:53:31.622 [Test worker] DEBUG org.apache.http.wire - http-outgoing-1 << "[0xed][0x1a]k[0x8f][0xdb][0xb8][0xf1][0xf3][0x1a][0xe8]]]>&#x7f;<![CDATA[`[0x15] [0xe8]#[0xb2][0xe5][0xd7][0xee]fc[0xbb][0xcd]mR[0xdc][0x1e][0x12][0xe4].[0xd9]\[0xd1][0x16][0x85]AI[0x94][0xc5][0xac]$*$[0xe5]G[0x8b][0xfe][0xf7][0xce][0x90][0x92],[0xd9][0xde]G[0xe][0xde][0xdc][0x87][0xb][0xb0]^[0x89][0xe4]p8[0xef][0x19]R[0x9c][0xfc][0xfe][0xd5][0xbb][0xcb][0xeb]]]>&#x7f;<![CDATA[[0xfc][0xf8][0x9a][0xc4]:Mf[0x9d]I[0xf5]`4[0x9c]uN&)[0xd3][0x14][0x86]t[0xee][0xb2][0xcf][0x5]_N[0x9d]K[0x91]i[0x96]iWor[0xe6][0x90][0xc0][0xb6][0xa6][0x8e]fk[0xdd][0xc3][0xb9]/H[0x10]S[0xa9][0x98][0x9e][0x16]:r[0xcf][0x1d][0xd2][0xab][0xd1]d4eSG[\n]"
13:53:31.622 [Test worker] DEBUG org.apache.http.wire - http-outgoing-1 << "_h[0xd5][0x98][0x9a][0x9][0x9e][0x85]l[0xfd],[0x12]I"V[0xe5][0x4][0xcd]u[0xc2]fo7[0xe4]g[0xce]V[0xc4]%oi[0xa6][0xb9][0xfa][0xee]z[0xd2][0xb3]#[0x9d]&[0xca]%[0xc0][0xe4]B[0xea][0x6][0xd2][0x15][0xf]u<[\r][0xd9][0x92][0x7][0xcc]5[0x8d]g[0x84]g\s[0x9a][0xb8]*[0xa0][0x9][0x9b][0xf6][0xbb][0xde]3[0x92][0xd2]5O[0x8b][0xb4][0xd9]U(&M[0x9b][0xfa][0xd0][0xe5][0x95][0xf4]$<[0xbb]![0x92]%SG[0xe9]M[0xc2]T[0xcc][0x18],[0x87]B(y[0xf][0x14][0xf0][0x14]K[0x16]M[0x1d][0x14][0xd7]E[0xaf][0x97][0x8]@[0x12][0xb][0xa5]{[0xa9]![0xde][0xd7][0xee][0xa0];[0x18]u=[0x84][0xed][0x85],[0xa2]E[0xa2][0xbb]f[0xde][0xe3],[0xa1]4[0xd5][0x85][0x9a][0x83]L"[0xbe][0xe8][0xe6]q[0xfe][0x97][0x80][0x6]1[0x9b][0xdf][0xb0][0xcd][0x94]z[0xde]8[0xf2][0xfa],8[0x1b][\r][0x9f][0xb3]~[0xf4]<[0x8]|[0xff][0x9c][0x6][0xfd]so[0xd4][0x1f][0x8f]F[0x8f][0xc6][0xb6][0x14][0xf9]]]>&#x7f;<![CDATA[D[0xc6][0xdc]qw[0xdc][0xf5][0xba])[0xcf][0x1e]S[0x2][0xbe][0x0]S[0xd3][0x92][0xe6][0xee][0xb0];[0xea][0xf6][0x1f]{[0xb9][0x8][0xac][0xcf][0xa5]+[0xa6]D[0xca][0xdc]Q[0xf7][0xb4];[0xfc][0x1a]+[0xaa][0xaf]#[0xc1][0x90]j[0xa6]y[0xca]r[0x1e][0xdc][0x80][0x87][0x80]8[0xcf][0xba][0xa3][0xb3][0xc7]f[0x90][0x6][0xec]+,[0xe1][0xda][0xfe][0xc7]^E[0xdd][0xf0]L[0xb5][0xd8]i[0xaf][0x14]C[0xc][0xb][\n]"
13:53:31.622 [Test worker] DEBUG org.apache.http.wire - http-outgoing-1 << "M8[0xb8]l[0x85]|[0xf][0x19]O[0xe9][0x82][0x81][0xe6][0xe9][0x12][0xc1][0xba][0xf0][0xaf][0xa2][0xcb][0x8c][0xf4][0xd6][0xae][0x9d][0xbe][0xcb][0x6][0xa3]2[0x88]+P[0x9a][0xe7][0x9][0xf][0xa8][0xe6]"[0xeb][0x89][0x9c]ev4d*[0x90]<[0xc7][0xde]?[0xaf][0xd3][0x4][0x80]1[0xd6]N[0x9d]*[0xf8]^[0x90][0xa8]H[0x12][0x17][0xf9]'[0x15][0xbe][0x7][0x8a][0xc0][0x97]b[0x5][0x81]un[0xa7][0xcd][0xf3][0xa4]X[0x80][0x18]0&[0x19][0x82][0x10][0xa5][0xf3]([0x14][8[0xe2]o[0xc8][0x95]R[0x5]#W[0xe1][0xb1]h[0xe6][0xa1][0xa5][0xd8]R[0xd0][0xb4][0x8d]OtIm[0xaf]C[0x94][0xc][0xe](q[0xb][0xf1][0xb][0xc3][0xf3]l[0xd2][0xb3][0xf3][0x8f]@[0x1][0xb8]w[0xa6][0x12]#Z[0xb5]CGx>[0x1e][0x9d]1o@G[0xc3][0xf3][0xe7][0xc3][0xd3]0d[0xc1])[0xa5][0xbe]O#[0xe8][0xef][0x9f][0xe][0x8e]@[0x87][0xea]}[0xfa]\0[0xb9][0xc1][0xe][0x8][0xd2][0xe8][0x1d][0x9f][0xd4]Q[0xf0][0x1e][0xc8]5G[0xc2][0x1c][0x88]4[0x15][0xfb][0xd8][0xf6][0x8a][0xa5][0xf7],[0x92][0x10];[0x1a]u[0x9]([0xd0]{A>[0xbe]]]>&#x7f;<![CDATA[3[0xbd][0xd7][0xfc][0xd2][0xcd][0x1c][0xb][0x9b]y[0xe]^m[0xd4]"-[0xb6][0xa9][0x96][0x5]3[0xfe]=[0xe9][0xd9]2m[0xe2][0x8b]pC[0x82][0x84]*[0x5]n[0x3]A[0xc6][0x1d]:[0xd0]k"[0xd7][0xac][0xf3]'[0xf2]_b2SDS[0x9e]l.[0x88][0xf3][0xe][0xfc][0x87]|[0x0][0xa5];/[0xc8][0xff]H'[0xee]?#[0xf1][0x0]~C[0xf8][0x8d][0xe0]7[0xbe]o[0x6]0mqOB[0xbe]$<[0x84]"[0x8e].}*[0x9d][0x8a][0x8][0xdb]$[0xf6][0xe1][0x96][0xb5]N[0xd5][0xc][0xa0][0xd0][0xa3][0xb9]bU;[0xe2]k[0x16][0xba]Z[0xe4]$[0x13][0xb9][0xe4][0x99][0x6][0xa9][0xb6][0xf1][0xba](?[0xca]3[0xb6][0xbb]Bc`6[0xf1][0xb][0xad]Ef[0xa6][0xa5],+[0x0][0xe3]b[0x91][0xe0][0x14][0xab]^;[0xbc][0x8b][0xc0][0x2][0x91][0xe6][0x4][0x92]c[0x94]KX[0xa4]I[0xcc][0xc1][0xe4]37YTo)[0x84][0xf][0xc8][0x84][0xd4][0xd5]T.[0xa0][0xc8]u[0x9e]([0x1e]2d}6Q9[0xcd]j-HWd[0xc9][0xc6][0x99]][[0xfc]%[0x14][0x8][0xe][0x80][0xda][0xa0][0x18][0xae]][0x8b][0xe1][0x8][0xa3]=[0xcb][0xa6][0x95]`[0x9b]U4[0x16]#(z[n[0xd9]5[0xb9]]a[0xf9][0x10])[0xc2]]NS[0x9a][0x80][0xd0][0xdc][0xb3][0xb1]3[0xab][0xcb]tR[0x93]Ck[0xbd]<@[0xb][0xed]Ve'[0xa1]U[0x88][0xe4][0x8b][0xb8][0xd6][0x88]J[0xb7][0x1a][0xd9]j[0xa9][0xd2][0x8d][0x99]?u*[0x4];*[0xeb]V[0xdc][0x18]R[0xd4][0xb3][0xaa][0x8d]6p[0x8f][0x1a]qs`l[0xa5][0xe2][0x8f]W[0x90][0x98][0xdf]Q[0x1b]$[0xa2][0xf0][0xe7][0x1a]@x[0xe][0xd6]d[0x15]s[0xcd]PA|F[0xb6][0xea][0xe9][0x81]~[0xe])[0xa9]$[0x8a][0xb4]t[0xb6][0xe7]95g[0xb3]I[0x91]40[0x10]$[0x3][0x9e][0xd0][0x9f][0xd4][0xa4]-$[0xdb][0x18][0xad][0xb7][0x84][0x83][0xd1]1[0x14][0xab][0xba][0xd0]xR[0xeb][0xa4][0x1a])A[0x9d]/[0xe7][0xb2])B[0xb3][0x9f][0xe2]Y$[0x9c][0x19][0xbe][0xf6][0xc7][0xe7][0xe3][0xb3][0xc1]x[0xe8][0x9d]zg[0xfd][0xfb][0xa4]H3X[0xdf]5T[0x1a][0xcc][0xc6][0x9c][0xb6][0xc][0x1b][0xd4][0xa8][\r]R[0x93][0xbc][0xdf]*[0xed][0xa6][0xee][0xdb]0[0xdc]fn[0xdb][0x1][0x95][0xac]1[0x1c]$[0xc2][0x88]5[0xe1]w[0xf8][0x9][\r][0x2]Qdz[0xeb]'w[0x8b][0xc8]A[0xc5][0x83]\`;[0xfb][0xd2][0xce]4[0x8c][0xf4]p[0x8d][0xe6]:[0xf7][0xa6][0x4][0x8e]%[0x8c][0x9a]Ke[0xf3]4[0xe2]6;[0xe0]=[0xc1]>[0xa5]i[0xfe][0x2][0x13][0xf8][0xe5][0xe0][0xd5][0xf7][0xf3][0xe7][0xeb]O[0xb1][0xfe][0x9e]_[0xf5][0xaf]O[0xa3][0xd7][0x97][0xaf]^_}[0xc][0x93]w?[0xf1][0xf0][0xf2][0x7][0xa0][0xf9][0xf3][0xbb][0xfc]4J_[0xfd]m[0xf1][0xf7][0xcb][0xf9][0xdb][0x97][0xff][0xfc][0xe9][0xb3][0xcc][0xc3][0xf]o[0xd6][0x1f][0xf9][0xcd]2[0xb8][0xba][0xf9][0x99]}[0x88]G[0xf3][0xa5][0xd7][0xbf][0xfe][0xe1][0xda]]_[0xad][0xfc][0x97][0xb9]{[0x7][0xb7]@[0x99][0xab]>[0x17] R" V,X[0xc5][0xfa][0xfb][0xf][0x1f][0x9a]<[0xd7][0xa6][0xc6][0x97][0xdc][0xc6][0xa4]=a[0xec]1[0x9f][0x88][0x85]([0x1e]$s[0xc5][0x17][0x99][0xb][0xb0][0xd5][0xe2]o[0xcc][0xcc][0xed][0xfa][0xbd]"i[0xbd][0x19]Wl[0xfe]o[0xb8]e[\n]"
13:53:31.623 [Test worker] DEBUG org.apache.http.wire - http-outgoing-1 << "[0xd9][0xa5][0x99]~Lvi[0xf7]5[0xd2]`[0x95][0xc][0xea][0xf8]a[0xdb]U[0xf8][0xb7][0xa9][0xe][0xca][[0x95][0x83][0x8f][0xf3]%:r[0x9a][0xd3]@[0x93]=G[0x86][0x9f][0x9b]p[0xa5][[0x9e][0xc][0x90]0[0x9][0x17]|x[0x8][0x7][0xe0]z[0xbe][0xf1][0x87][0x86][0xa0]B[0xaa]b_P[0x19][0x96][0x8e][0xdb]iy[0xae][0xcd][0x89]X[0x99][0x1b][0xd3]5'1[0xa5][0xc7]vP[0x98]Pw[0xd4][0x84]I[0xa8][0x95][0x11][0x89][0x8f]C [0xd9][0xce][0xc4][0xfc][0xbb][0x95]LC#$[0x8e][0xb9]_,[0x1e]F+[\n]"
13:53:31.623 [Test worker] DEBUG org.apache.http.wire - http-outgoing-1 << "[0xc3][0xa5][0x89][0xbe][0x97]TC[0xa7])[0xf6][0xd5][0xd1][0xc8][\r]b4f[0xb0][0xc0][0x87][0xd1][\n]"
13:53:31.623 [Test worker] DEBUG org.apache.http.wire - http-outgoing-1 << "[0x11]e[0x85][0x1b][0xc6][0xfb]H[0xbd]4h[0xd1]>[0x8f]F[0xa9][0x14]4Li[0xfe]@:[0x1][0xf8]^"[0xdf][[0x8c]_@[0xa1][0xf1][0xaa][0x1d][0x97]p}[0x9d][0xed][0xba]E[0x95][0xe8][0xab]f#[0xab]q[0x9b][0xac][0x90][0xd6][0xc1][0xad]i[0xa1][0xf0][0xe1]a[0xc2][0xbb][0xb3][0x5][0xef][0xdf][\r][0x8e]e[0x9d][0xd3]99[0xb9];[0xe1]lA[0xcb][0xbc]sOp`X[0xb4]n[0xc3][0x80]/!m[0x7][0xb2]H}U[0xf3][0xdc][0xe8][0xdb][0xd6][0xb9][0x9d][0x86][0xd7]o[0x1][0xa0][0x9f][0x10][0x13][0xc]k[0xcd]5[0xf2]m[0x8c][0xa7]K[0x86][0xe6]*[0x1c][0x18][0x5][0x92]/IW[0x7]215[0x8b]6[0x8d] [0xa1]>K[0xaa][0xe2]j[0xad][0x88]i[0xd7][0xc5][0xbc][0xd1];[0x3][0xf3][0x91][0xc][0xcf]^Y][0xdb]nm[0xa0][0xb5]=p[0xab][0xfd][0xfc]6[0xc8]U][0xb3]I$dZ[0xb3][\n]"
13:53:31.623 [Test worker] DEBUG org.apache.http.wire - http-outgoing-1 << "[0xef]50l[0xa9]b[0x1][0x8]rH[0x87][0x8e]aXd[0x87][0xf6]dE[0x9a][0xcf][0xb5][0xc0]hR[0xe6][0x86]V[0x95][0x9c][0xe5][0x85][0xb6][0xc7]" Rl4v|Ny[0x88][0x8c][0x81][0x8][0xb6][0xf4][0x84][0x16]Z`TN[0x98][0x86]^[0x11]E[0x7](v[\r][0x12][0x87][0xe4][0x9][0xd8]O,[0x12]HaS[0xc7][0x9e]/<[0xb9]+/[0xd9][0xb3][0x88]&[0x1e]K[0x93]1[0xb1]Rz[0xc8]~ij[0xbf][0xeb]TO[0xd0]L[0xc3][0xec]P[0x8f][0xbb]fW[0xe][0x19]_l[0xf5][0x80]S[0x81][0xf2][0xdc][0xfe][0x0][0x8b]F[0xa8][0x96][0xdd]S[0x0][0xd8]j[0xa6][0xc8][0x0][\n]"
13:53:31.623 [Test worker] DEBUG org.apache.http.wire - http-outgoing-1 << "[0xf2]%h[0xb2][0x9a][0xb1][0xe2]![0xd4][0xc9][0xae]/[0xa0][0xaa][0xb3][0xaf]0S[0x80][0x7]'[0x5][0x1b]@[0xa6][0x82][0x9d]n[0x3]]]>&#x7f;<![CDATA[[0x9]R[0x16][0xaa][0xad][0x96]k[0xf6][0x6]8[0xe1]d[0x12][0x8f]v&[0x98][0x93][0x1a][0x92][0xa0][0xf7][0x9a][0x1c]z[0x2]@[0xb7][0x9][0xae][0x1d][0xfb]1[0xfa]U[0xb8]L[0xd5]Y[0xda]}[0x9d]S[0x14][0xd3][0xdb]c[0x1a][[0xb]i[0x96][0x82][0x95]R[0xb9][0x99]nL[0x1b][0x2]o[0x8][0xbb][0x16][0xd0][0xf8][0xf4]_[0x99][0xc8][0xd8][0xbf]m/[0x4][0xa2][0xb9]=6[0x9f]>[0xf7][0x9c][0xd9][0xc7]Z8[0xa6]xh[0xda][0x94]OCS[0xdd][0x10][0x8f][0xb8][0xf0][0xeb][0xc1][0xaf][0x8a][0x90][0xc0]H/[0x1e][0x19][0xae][0xf7][0xe5][0xa4][0x85]H[0xcc][0x86][0xcd]0\[0xd6][0xe4][0x95]]o7,UMn[0xc0][0x1a][0x82][0xe9][0x93][0x1d][0xd1][0x4]1[J[0xd8][0x4][0x16]9[0xf1][0xf9]b[0x1]B[0xef][0xf][0xc6][0xa5][0x9c]p&[0xfa]5>[0xd0][0x8e][0xee][0xa4][0x8][0x82][0x12][0xa8]\[0xa2][0x12]k[0x97]/[0xa9][0xdc][0x9f]c[0xb7]J[0x96][0xb6]Z[0x19][0x10][0xe1][0x9][0xfc]\[0x88]m)H[0xda][0xbc][0x1b][0x5][0x99]7[0x9]!(4o*}<[0x8d]5[0x92]?[0xb2]~[0xd2]d[0xbd]|)[0x9f][0x7][0xad][0x18][0xf]R[0x9c][[0xe4][0x84][0xc1][0x1e][0x85][0x94][0xd3]0[0xe4][0xd9]b_6[0x9a][0x9a]|T[0x17]w[0x95][0x80]L]]>&#x7f;<![CDATA[[0xb][0x88]XP+n([0x8]m[0x13][0x94][0x1a][0xe2][0xc1]f[0xd5]VZ[0xf2][0xbc]n[0xc5]bikM[0x8d]D[0xe2]S[0xce]&:[0x9c]=}[0xd2]?[0xf5]^Lz[0xf0][\n]"
13:53:31.623 [Test worker] DEBUG org.apache.http.wire - http-outgoing-1 << "[0xff]$[0xfe]+[0x1]zf[0xe2][0xac][0xc]"[0xb7]<[0x1a][0xf4][0x83][0xf1][0x82]m[0xf5]=[0xa7][0x99][0xe9]0F[0x0]K"Y[0xfe][0xc6]"DiT[0xe7][0xde]A;{_[0x8a][0xe4][\[0xf8][0xb5][0xe3][0xc2][0xdd]z[0xfa][0x16][0xf][0x8e][0x18][0xf][0xf6][0xea][0xdf]C[0xb5]E#j[0x4]P[0x9f][0xcc]S[0xf1][0xdb][0x8a][0x1b]M[0xb][0xc4]<e:#[0x9e][0x0]-s]]>&#x7f;<![CDATA[3[0x7][0xec]z^[0xe4][0xf8]55[0x9c][0xe3][0xff][0x12]M[0xab][0x9f]e8[0xb6][0x99][0x8e][0xe][0xf][0xa5]P[0xfa][0xc5][0xb7][\r]n[0xa0][0xb2][0x9c][0xe][0xbc][0x81][0xb7]?[0xc]TIm[0x10][0x8f]o[0x1b][0xb4][0xa8][0x87][0xb7][\r][0xd7][0xc8]1[0x2][0xa2]z[0x93][\r]y+B[0x1e]q[0xb0][0xcb]?[0xc]=[0xf2][0x8a]n[0xd4][0x1f][0xbf][0x5][0xc5]_;([0xfe]V[0x8c][0xf0][x?vx[0xef][0xdc]?1H@[0x1][0x11]_W[0x13][0xf]`[0x1d]x[0x7][0x7]#!4~[0xcd][0xd8][0x1e]]]>&#x7f;<![CDATA[[0xec][\r][0xc2][0xd6][0xba]q[0xa6][0xda][0x1e]:[0xbc][0xe5][0xad]R[0xf][0xd9]f[0xa3][0x96][0xda]&[0xf0][0x6]ZR[0xe6][0x8b](x[0xff]b[0xf6][0xa3]X[0x19]=[0xf8][0x1b][0xd2]:{W[0x17][0xbd][0xde]j[0xb5][0xea]V[0xa7][0xb]]![0x17][0xf5][0x95][0x2][0xbf]X[0x10]-ip[0x3]X[0x89][0x12][0x91]^Q[0x9]:o|[0xf1][0xc2][0xe3][0xe5]r[0x5]2[0xf1]%[0xae][0x87]Yjv)[0xf2][0x8d][0xfd][0x8][0xf1]4[0x80][0xd7][0x17]d[0xe0]y[0x18][0x8][0xd1][0x84][0xb7]_[0xcc][0xae][0x19]Ma[0xbe][0x99][0x81][0xb3][0xeb][0xc9][0x99][0xc6][0x3][0xe2][0x9a]P[0xb0][0xcb]D[0x8b][0x8b][0x15][0xf3]Sp[\r]&[0xff][0xca][0xd6][0x14]O+[0xba][0x81]Hkb[0xab]Y:f[0xa4][0x86]$KN[0x9][0xde]u[0xe1]I[0xd7][0x99][0xd1]0[0xe5][0x19][0xc7][0xbb]=ZH$[0x9e]DB[0x12][0xdc][0xef][0x82][0x97]e[0x1]k[0xd2][0x82]g~[0xb5][0x10][0xf][0x18][0xc4][0x9e][0x6]vT[0xb4][0xfd]~g[0xf][0xd0]s[0xab][0x0][0xd7][0xdf][0xb8][0xf5]I[0xe][0x1e][0xef]7O[0xb6][0xef]U[0x88][0x95][0x1c][0xf9][0xe][0xf4]r[0x8d]za[0xf2][0x82]@[0x94][0x97][0x8c][0x11][0xd8]*[0x12][0xbc]$[0x2]z*d`D@|[0x8a][0xae][0xd6][0xd6][0xe2][0x6][0xc4][0x92]v[0xf1][0xc4]&][0xdc][0xf2][0xb5][0xbf][0xbc]nc[0xbb][0xe7]Hd7[0x7][0xb3]"[0xf6][0x82][0xa1][0xd3][0xf7][0x6][0x10][0x9f][0x19][0xb2]6u[0x86]c[0x87]@-1u[0x1a][0x6]v<*Iof[0x8f]^[0xef][0xf2][0xef][0xf2][0xd1]L3[0xae][\n]"
13:53:31.623 [Test worker] DEBUG org.apache.http.wire - http-outgoing-1 << "$[0xa4]J[0x93][0xf4][0xca][0xa4][0xa3]R[0xf3][0xe0][0x19][0xc4][0x18][0xc5]H[0xc8]U[0x9e][0xd0][0x8d][0xd5]MkF3[0xb7][0xde][0xfb][0x95][0xce][0x1c][0x9a][0xc2]*[0xe6][0xa3]4~6[0xad][0x93][0xac][\r]2[0xbc]:;[0xae]"[0xf3]/[0xbc]}q[0xe8]V[0xdf][0x91].v[0xa4]"[0xc5][0xcb][0xad]+[0xae]c[0xd7]|[0x86]c[0xaa][0x1c]=[0xe6]*[0xf][0xba]Tw[0xa4][0xb5][0x10][0x9e]b[0xd1][0xdc]-[0xaf][0xd9][0xf4][0xbb][0xc3][0xe3]rcJ[0xe8][0xfe][0xb1][0xaf][0xd8]T[0x17][0xff][0xda][0xe8]&[0xbd]*[0xd9][0xd9]{[0xca][0xff][0x7][0xaf]4b?[0xbf],[0x0][0x0]"
13:53:31.623 [Test worker] DEBUG org.apache.http.headers - http-outgoing-1 << HTTP/1.1 200 OK
13:53:31.623 [Test worker] DEBUG org.apache.http.headers - http-outgoing-1 << Date: Sat, 04 Apr 2020 10:53:31 GMT
13:53:31.623 [Test worker] DEBUG org.apache.http.headers - http-outgoing-1 << Server: Apache/2.4.41 (Win64) OpenSSL/1.1.1c PHP/7.4.2
13:53:31.623 [Test worker] DEBUG org.apache.http.headers - http-outgoing-1 << X-Powered-By: PHP/7.4.2
13:53:31.623 [Test worker] DEBUG org.apache.http.headers - http-outgoing-1 << Cache-Control: no-store, no-cache, must-revalidate
13:53:31.623 [Test worker] DEBUG org.apache.http.headers - http-outgoing-1 << Last-Modified: Sat, 04 Apr 2020 10:53:31 GMT
13:53:31.623 [Test worker] DEBUG org.apache.http.headers - http-outgoing-1 << X-Content-Type-Options: nosniff
13:53:31.623 [Test worker] DEBUG org.apache.http.headers - http-outgoing-1 << Expires: Sat, 04 Apr 2020 10:53:31 GMT
13:53:31.623 [Test worker] DEBUG org.apache.http.headers - http-outgoing-1 << X-Frame-Options: DENY
13:53:31.623 [Test worker] DEBUG org.apache.http.headers - http-outgoing-1 << Content-Security-Policy: default-src 'self'; frame-ancestors 'none'; style-src 'self' 'unsafe-inline'; script-src 'self'; img-src 'self' 'self' data:
13:53:31.623 [Test worker] DEBUG org.apache.http.headers - http-outgoing-1 << Content-Encoding: gzip
13:53:31.623 [Test worker] DEBUG org.apache.http.headers - http-outgoing-1 << Vary: Accept-Encoding
13:53:31.623 [Test worker] DEBUG org.apache.http.headers - http-outgoing-1 << Content-Length: 2757
13:53:31.623 [Test worker] DEBUG org.apache.http.headers - http-outgoing-1 << Keep-Alive: timeout=5, max=97
13:53:31.623 [Test worker] DEBUG org.apache.http.headers - http-outgoing-1 << Connection: Keep-Alive
13:53:31.623 [Test worker] DEBUG org.apache.http.headers - http-outgoing-1 << Content-Type: text/html; charset=UTF-8
13:53:31.623 [Test worker] DEBUG org.apache.http.impl.execchain.MainClientExec - Connection can be kept alive for 5000 MILLISECONDS
13:53:31.624 [Test worker] DEBUG org.apache.http.impl.conn.PoolingHttpClientConnectionManager - Connection [id: 1][route: {}->http://localhost:80] can be kept alive for 5.0 seconds
13:53:31.624 [Test worker] DEBUG org.apache.http.impl.conn.DefaultManagedHttpClientConnection - http-outgoing-1: set socket timeout to 0
13:53:31.624 [Test worker] DEBUG org.apache.http.impl.conn.PoolingHttpClientConnectionManager - Connection released: [id: 1][route: {}->http://localhost:80][total available: 1; route allocated: 1 of 2; total allocated: 1 of 20]
13:53:31.624 [Test worker] DEBUG org.apache.http.client.protocol.RequestAddCookies - CookieSpec selected: default
13:53:31.624 [Test worker] DEBUG org.apache.http.client.protocol.RequestAddCookies - Cookie [version: 0][name: MANTIS_STRING_COOKIE][value: llnKx06A1nbKVKUgK28iSrZ_E5j3WN2Di2v23yXtyEQQISsqrtg5gxgdCCeShNJO][domain: localhost][path: /][expiry: null] match [localhost:80/mantisbt-2.24.0/index.php]
13:53:31.624 [Test worker] DEBUG org.apache.http.client.protocol.RequestAddCookies - Cookie [version: 0][name: MANTIS_secure_session][value: 1][domain: localhost][path: /][expiry: null] match [localhost:80/mantisbt-2.24.0/index.php]
13:53:31.625 [Test worker] DEBUG org.apache.http.client.protocol.RequestAddCookies - Cookie [version: 0][name: PHPSESSID][value: 693ifm7io5991ab6vtncrjrskj][domain: localhost][path: /][expiry: null] match [localhost:80/mantisbt-2.24.0/index.php]
13:53:31.625 [Test worker] DEBUG org.apache.http.client.protocol.RequestAuthCache - Auth cache not set in the context
13:53:31.625 [Test worker] DEBUG org.apache.http.impl.conn.PoolingHttpClientConnectionManager - Connection request: [route: {}->http://localhost:80][total available: 1; route allocated: 1 of 2; total allocated: 1 of 20]
13:53:31.625 [Test worker] DEBUG org.apache.http.impl.conn.PoolingHttpClientConnectionManager - Connection leased: [id: 1][route: {}->http://localhost:80][total available: 0; route allocated: 1 of 2; total allocated: 1 of 20]
13:53:31.625 [Test worker] DEBUG org.apache.http.impl.conn.DefaultManagedHttpClientConnection - http-outgoing-1: set socket timeout to 0
13:53:31.625 [Test worker] DEBUG org.apache.http.impl.execchain.MainClientExec - Executing request GET /mantisbt-2.24.0/index.php HTTP/1.1
13:53:31.625 [Test worker] DEBUG org.apache.http.impl.execchain.MainClientExec - Target auth state: UNCHALLENGED
13:53:31.625 [Test worker] DEBUG org.apache.http.impl.execchain.MainClientExec - Proxy auth state: UNCHALLENGED
13:53:31.625 [Test worker] DEBUG org.apache.http.headers - http-outgoing-1 >> GET /mantisbt-2.24.0/index.php HTTP/1.1
13:53:31.625 [Test worker] DEBUG org.apache.http.headers - http-outgoing-1 >> Host: localhost
13:53:31.625 [Test worker] DEBUG org.apache.http.headers - http-outgoing-1 >> Connection: Keep-Alive
13:53:31.625 [Test worker] DEBUG org.apache.http.headers - http-outgoing-1 >> User-Agent: Apache-HttpClient/4.5.11 (Java/1.8.0_241)
13:53:31.625 [Test worker] DEBUG org.apache.http.headers - http-outgoing-1 >> Cookie: MANTIS_STRING_COOKIE=llnKx06A1nbKVKUgK28iSrZ_E5j3WN2Di2v23yXtyEQQISsqrtg5gxgdCCeShNJO; MANTIS_secure_session=1; PHPSESSID=693ifm7io5991ab6vtncrjrskj
13:53:31.625 [Test worker] DEBUG org.apache.http.headers - http-outgoing-1 >> Accept-Encoding: gzip,deflate
13:53:31.625 [Test worker] DEBUG org.apache.http.wire - http-outgoing-1 >> "GET /mantisbt-2.24.0/index.php HTTP/1.1[\r][\n]"
13:53:31.625 [Test worker] DEBUG org.apache.http.wire - http-outgoing-1 >> "Host: localhost[\r][\n]"
13:53:31.625 [Test worker] DEBUG org.apache.http.wire - http-outgoing-1 >> "Connection: Keep-Alive[\r][\n]"
13:53:31.625 [Test worker] DEBUG org.apache.http.wire - http-outgoing-1 >> "User-Agent: Apache-HttpClient/4.5.11 (Java/1.8.0_241)[\r][\n]"
13:53:31.625 [Test worker] DEBUG org.apache.http.wire - http-outgoing-1 >> "Cookie: MANTIS_STRING_COOKIE=llnKx06A1nbKVKUgK28iSrZ_E5j3WN2Di2v23yXtyEQQISsqrtg5gxgdCCeShNJO; MANTIS_secure_session=1; PHPSESSID=693ifm7io5991ab6vtncrjrskj[\r][\n]"
13:53:31.625 [Test worker] DEBUG org.apache.http.wire - http-outgoing-1 >> "Accept-Encoding: gzip,deflate[\r][\n]"
13:53:31.625 [Test worker] DEBUG org.apache.http.wire - http-outgoing-1 >> "[\r][\n]"
13:53:31.718 [Test worker] DEBUG org.apache.http.wire - http-outgoing-1 << "HTTP/1.1 302 Found[\r][\n]"
13:53:31.718 [Test worker] DEBUG org.apache.http.wire - http-outgoing-1 << "Date: Sat, 04 Apr 2020 10:53:31 GMT[\r][\n]"
13:53:31.718 [Test worker] DEBUG org.apache.http.wire - http-outgoing-1 << "Server: Apache/2.4.41 (Win64) OpenSSL/1.1.1c PHP/7.4.2[\r][\n]"
13:53:31.718 [Test worker] DEBUG org.apache.http.wire - http-outgoing-1 << "X-Powered-By: PHP/7.4.2[\r][\n]"
13:53:31.718 [Test worker] DEBUG org.apache.http.wire - http-outgoing-1 << "Cache-Control: no-store, no-cache, must-revalidate[\r][\n]"
13:53:31.718 [Test worker] DEBUG org.apache.http.wire - http-outgoing-1 << "Last-Modified: Sat, 04 Apr 2020 10:53:31 GMT[\r][\n]"
13:53:31.718 [Test worker] DEBUG org.apache.http.wire - http-outgoing-1 << "X-Content-Type-Options: nosniff[\r][\n]"
13:53:31.718 [Test worker] DEBUG org.apache.http.wire - http-outgoing-1 << "Expires: Sat, 04 Apr 2020 10:53:31 GMT[\r][\n]"
13:53:31.718 [Test worker] DEBUG org.apache.http.wire - http-outgoing-1 << "X-Frame-Options: DENY[\r][\n]"
13:53:31.718 [Test worker] DEBUG org.apache.http.wire - http-outgoing-1 << "Content-Security-Policy: default-src 'self'; frame-ancestors 'none'; style-src 'self' 'unsafe-inline'; script-src 'self'; img-src 'self' 'self' data:[\r][\n]"
13:53:31.718 [Test worker] DEBUG org.apache.http.wire - http-outgoing-1 << "Location: http://localhost/mantisbt-2.24.0/my_view_page.php[\r][\n]"
13:53:31.718 [Test worker] DEBUG org.apache.http.wire - http-outgoing-1 << "Content-Encoding: gzip[\r][\n]"
13:53:31.718 [Test worker] DEBUG org.apache.http.wire - http-outgoing-1 << "Vary: Accept-Encoding[\r][\n]"
13:53:31.718 [Test worker] DEBUG org.apache.http.wire - http-outgoing-1 << "Content-Length: 20[\r][\n]"
13:53:31.718 [Test worker] DEBUG org.apache.http.wire - http-outgoing-1 << "Keep-Alive: timeout=5, max=96[\r][\n]"
13:53:31.718 [Test worker] DEBUG org.apache.http.wire - http-outgoing-1 << "Connection: Keep-Alive[\r][\n]"
13:53:31.718 [Test worker] DEBUG org.apache.http.wire - http-outgoing-1 << "Content-Type: text/html; charset=utf-8[\r][\n]"
13:53:31.718 [Test worker] DEBUG org.apache.http.wire - http-outgoing-1 << "[\r][\n]"
13:53:31.718 [Test worker] DEBUG org.apache.http.wire - http-outgoing-1 << "[0x1f][0x8b][0x8][0x0][0x0][0x0][0x0][0x0][0x0][\n]"
13:53:31.718 [Test worker] DEBUG org.apache.http.wire - http-outgoing-1 << "[0x3][0x0][0x0][0x0][0x0][0x0][0x0][0x0][0x0][0x0]"
13:53:31.718 [Test worker] DEBUG org.apache.http.headers - http-outgoing-1 << HTTP/1.1 302 Found
13:53:31.718 [Test worker] DEBUG org.apache.http.headers - http-outgoing-1 << Date: Sat, 04 Apr 2020 10:53:31 GMT
13:53:31.718 [Test worker] DEBUG org.apache.http.headers - http-outgoing-1 << Server: Apache/2.4.41 (Win64) OpenSSL/1.1.1c PHP/7.4.2
13:53:31.718 [Test worker] DEBUG org.apache.http.headers - http-outgoing-1 << X-Powered-By: PHP/7.4.2
13:53:31.718 [Test worker] DEBUG org.apache.http.headers - http-outgoing-1 << Cache-Control: no-store, no-cache, must-revalidate
13:53:31.718 [Test worker] DEBUG org.apache.http.headers - http-outgoing-1 << Last-Modified: Sat, 04 Apr 2020 10:53:31 GMT
13:53:31.718 [Test worker] DEBUG org.apache.http.headers - http-outgoing-1 << X-Content-Type-Options: nosniff
13:53:31.718 [Test worker] DEBUG org.apache.http.headers - http-outgoing-1 << Expires: Sat, 04 Apr 2020 10:53:31 GMT
13:53:31.718 [Test worker] DEBUG org.apache.http.headers - http-outgoing-1 << X-Frame-Options: DENY
13:53:31.718 [Test worker] DEBUG org.apache.http.headers - http-outgoing-1 << Content-Security-Policy: default-src 'self'; frame-ancestors 'none'; style-src 'self' 'unsafe-inline'; script-src 'self'; img-src 'self' 'self' data:
13:53:31.718 [Test worker] DEBUG org.apache.http.headers - http-outgoing-1 << Location: http://localhost/mantisbt-2.24.0/my_view_page.php
13:53:31.718 [Test worker] DEBUG org.apache.http.headers - http-outgoing-1 << Content-Encoding: gzip
13:53:31.718 [Test worker] DEBUG org.apache.http.headers - http-outgoing-1 << Vary: Accept-Encoding
13:53:31.718 [Test worker] DEBUG org.apache.http.headers - http-outgoing-1 << Content-Length: 20
13:53:31.718 [Test worker] DEBUG org.apache.http.headers - http-outgoing-1 << Keep-Alive: timeout=5, max=96
13:53:31.718 [Test worker] DEBUG org.apache.http.headers - http-outgoing-1 << Connection: Keep-Alive
13:53:31.718 [Test worker] DEBUG org.apache.http.headers - http-outgoing-1 << Content-Type: text/html; charset=utf-8
13:53:31.719 [Test worker] DEBUG org.apache.http.impl.execchain.MainClientExec - Connection can be kept alive for 5000 MILLISECONDS
13:53:31.719 [Test worker] DEBUG org.apache.http.impl.client.LaxRedirectStrategy - Redirect requested to location 'http://localhost/mantisbt-2.24.0/my_view_page.php'
13:53:31.719 [Test worker] DEBUG org.apache.http.impl.execchain.RedirectExec - Resetting target auth state
13:53:31.719 [Test worker] DEBUG org.apache.http.impl.execchain.RedirectExec - Redirecting to 'http://localhost/mantisbt-2.24.0/my_view_page.php' via {}->http://localhost:80
13:53:31.719 [Test worker] DEBUG org.apache.http.impl.conn.PoolingHttpClientConnectionManager - Connection [id: 1][route: {}->http://localhost:80] can be kept alive for 5.0 seconds
13:53:31.719 [Test worker] DEBUG org.apache.http.impl.conn.DefaultManagedHttpClientConnection - http-outgoing-1: set socket timeout to 0
13:53:31.719 [Test worker] DEBUG org.apache.http.impl.conn.PoolingHttpClientConnectionManager - Connection released: [id: 1][route: {}->http://localhost:80][total available: 1; route allocated: 1 of 2; total allocated: 1 of 20]
13:53:31.719 [Test worker] DEBUG org.apache.http.client.protocol.RequestAddCookies - CookieSpec selected: default
13:53:31.719 [Test worker] DEBUG org.apache.http.client.protocol.RequestAddCookies - Cookie [version: 0][name: MANTIS_STRING_COOKIE][value: llnKx06A1nbKVKUgK28iSrZ_E5j3WN2Di2v23yXtyEQQISsqrtg5gxgdCCeShNJO][domain: localhost][path: /][expiry: null] match [localhost:80/mantisbt-2.24.0/my_view_page.php]
13:53:31.720 [Test worker] DEBUG org.apache.http.client.protocol.RequestAddCookies - Cookie [version: 0][name: MANTIS_secure_session][value: 1][domain: localhost][path: /][expiry: null] match [localhost:80/mantisbt-2.24.0/my_view_page.php]
13:53:31.720 [Test worker] DEBUG org.apache.http.client.protocol.RequestAddCookies - Cookie [version: 0][name: PHPSESSID][value: 693ifm7io5991ab6vtncrjrskj][domain: localhost][path: /][expiry: null] match [localhost:80/mantisbt-2.24.0/my_view_page.php]
13:53:31.720 [Test worker] DEBUG org.apache.http.client.protocol.RequestAuthCache - Auth cache not set in the context
13:53:31.720 [Test worker] DEBUG org.apache.http.impl.conn.PoolingHttpClientConnectionManager - Connection request: [route: {}->http://localhost:80][total available: 1; route allocated: 1 of 2; total allocated: 1 of 20]
13:53:31.720 [Test worker] DEBUG org.apache.http.impl.conn.PoolingHttpClientConnectionManager - Connection leased: [id: 1][route: {}->http://localhost:80][total available: 0; route allocated: 1 of 2; total allocated: 1 of 20]
13:53:31.720 [Test worker] DEBUG org.apache.http.impl.conn.DefaultManagedHttpClientConnection - http-outgoing-1: set socket timeout to 0
13:53:31.720 [Test worker] DEBUG org.apache.http.impl.execchain.MainClientExec - Executing request GET /mantisbt-2.24.0/my_view_page.php HTTP/1.1
13:53:31.720 [Test worker] DEBUG org.apache.http.impl.execchain.MainClientExec - Target auth state: UNCHALLENGED
13:53:31.720 [Test worker] DEBUG org.apache.http.impl.execchain.MainClientExec - Proxy auth state: UNCHALLENGED
13:53:31.720 [Test worker] DEBUG org.apache.http.headers - http-outgoing-1 >> GET /mantisbt-2.24.0/my_view_page.php HTTP/1.1
13:53:31.720 [Test worker] DEBUG org.apache.http.headers - http-outgoing-1 >> Host: localhost
13:53:31.720 [Test worker] DEBUG org.apache.http.headers - http-outgoing-1 >> Connection: Keep-Alive
13:53:31.720 [Test worker] DEBUG org.apache.http.headers - http-outgoing-1 >> User-Agent: Apache-HttpClient/4.5.11 (Java/1.8.0_241)
13:53:31.720 [Test worker] DEBUG org.apache.http.headers - http-outgoing-1 >> Cookie: MANTIS_STRING_COOKIE=llnKx06A1nbKVKUgK28iSrZ_E5j3WN2Di2v23yXtyEQQISsqrtg5gxgdCCeShNJO; MANTIS_secure_session=1; PHPSESSID=693ifm7io5991ab6vtncrjrskj
13:53:31.720 [Test worker] DEBUG org.apache.http.headers - http-outgoing-1 >> Accept-Encoding: gzip,deflate
13:53:31.720 [Test worker] DEBUG org.apache.http.wire - http-outgoing-1 >> "GET /mantisbt-2.24.0/my_view_page.php HTTP/1.1[\r][\n]"
13:53:31.720 [Test worker] DEBUG org.apache.http.wire - http-outgoing-1 >> "Host: localhost[\r][\n]"
13:53:31.720 [Test worker] DEBUG org.apache.http.wire - http-outgoing-1 >> "Connection: Keep-Alive[\r][\n]"
13:53:31.720 [Test worker] DEBUG org.apache.http.wire - http-outgoing-1 >> "User-Agent: Apache-HttpClient/4.5.11 (Java/1.8.0_241)[\r][\n]"
13:53:31.720 [Test worker] DEBUG org.apache.http.wire - http-outgoing-1 >> "Cookie: MANTIS_STRING_COOKIE=llnKx06A1nbKVKUgK28iSrZ_E5j3WN2Di2v23yXtyEQQISsqrtg5gxgdCCeShNJO; MANTIS_secure_session=1; PHPSESSID=693ifm7io5991ab6vtncrjrskj[\r][\n]"
13:53:31.720 [Test worker] DEBUG org.apache.http.wire - http-outgoing-1 >> "Accept-Encoding: gzip,deflate[\r][\n]"
13:53:31.720 [Test worker] DEBUG org.apache.http.wire - http-outgoing-1 >> "[\r][\n]"
13:53:31.833 [Test worker] DEBUG org.apache.http.wire - http-outgoing-1 << "HTTP/1.1 200 OK[\r][\n]"
13:53:31.833 [Test worker] DEBUG org.apache.http.wire - http-outgoing-1 << "Date: Sat, 04 Apr 2020 10:53:31 GMT[\r][\n]"
13:53:31.833 [Test worker] DEBUG org.apache.http.wire - http-outgoing-1 << "Server: Apache/2.4.41 (Win64) OpenSSL/1.1.1c PHP/7.4.2[\r][\n]"
13:53:31.833 [Test worker] DEBUG org.apache.http.wire - http-outgoing-1 << "X-Powered-By: PHP/7.4.2[\r][\n]"
13:53:31.833 [Test worker] DEBUG org.apache.http.wire - http-outgoing-1 << "Cache-Control: no-store, no-cache, must-revalidate[\r][\n]"
13:53:31.833 [Test worker] DEBUG org.apache.http.wire - http-outgoing-1 << "Last-Modified: Sat, 04 Apr 2020 10:53:31 GMT[\r][\n]"
13:53:31.833 [Test worker] DEBUG org.apache.http.wire - http-outgoing-1 << "X-Content-Type-Options: nosniff[\r][\n]"
13:53:31.833 [Test worker] DEBUG org.apache.http.wire - http-outgoing-1 << "Expires: Sat, 04 Apr 2020 10:53:31 GMT[\r][\n]"
13:53:31.833 [Test worker] DEBUG org.apache.http.wire - http-outgoing-1 << "X-Frame-Options: DENY[\r][\n]"
13:53:31.833 [Test worker] DEBUG org.apache.http.wire - http-outgoing-1 << "Content-Security-Policy: default-src 'self'; frame-ancestors 'none'; style-src 'self' 'unsafe-inline'; script-src 'self'; img-src 'self' 'self' data:[\r][\n]"
13:53:31.833 [Test worker] DEBUG org.apache.http.wire - http-outgoing-1 << "Content-Encoding: gzip[\r][\n]"
13:53:31.833 [Test worker] DEBUG org.apache.http.wire - http-outgoing-1 << "Vary: Accept-Encoding[\r][\n]"
13:53:31.833 [Test worker] DEBUG org.apache.http.wire - http-outgoing-1 << "Content-Length: 2757[\r][\n]"
13:53:31.833 [Test worker] DEBUG org.apache.http.wire - http-outgoing-1 << "Keep-Alive: timeout=5, max=95[\r][\n]"
13:53:31.833 [Test worker] DEBUG org.apache.http.wire - http-outgoing-1 << "Connection: Keep-Alive[\r][\n]"
13:53:31.833 [Test worker] DEBUG org.apache.http.wire - http-outgoing-1 << "Content-Type: text/html; charset=UTF-8[\r][\n]"
13:53:31.833 [Test worker] DEBUG org.apache.http.wire - http-outgoing-1 << "[\r][\n]"
13:53:31.833 [Test worker] DEBUG org.apache.http.wire - http-outgoing-1 << "[0x1f][0x8b][0x8][0x0][0x0][0x0][0x0][0x0][0x0][\n]"
13:53:31.833 [Test worker] DEBUG org.apache.http.wire - http-outgoing-1 << "[0xed][0x1a]k[0x8f][0xdb][0xb8][0xf1][0xf3][0x1a][0xe8]]]>&#x7f;<![CDATA[`[0x15] [0xe8]#[0xb2][0xe5][0xd7][0xee]fc[0xbb][0xcd]mR[0xdc][0x1e][0x12][0xe4].[0xd9]\[0xd1][0x16][0x85]AI[0x94][0xc5][0xac]$*$[0xe5]G[0x8b][0xfe][0xf7][0xce][0x90][0x92],[0xd9][0xde]G[0xe][0xde][0xdc][0x87][0xb][0xb0]^[0x89][0xe4]p8[0xef][0x19]R[0x9c][0xfc][0xfe][0xd5][0xbb][0xcb][0xeb]]]>&#x7f;<![CDATA[[0xfc][0xf8][0x9a][0xc4]:Mf[0x9d]I[0xf5]`4[0x9c]uN&)[0xd3][0x14][0x86]t[0xee][0xb2][0xcf][0x5]_N[0x9d]K[0x91]i[0x96]iWor[0xe6][0x90][0xc0][0xb6][0xa6][0x8e]fk[0xdd][0xc3][0xb9]/H[0x10]S[0xa9][0x98][0x9e][0x16]:r[0xcf][0x1d][0xd2][0xab][0xd1]d4eSG[\n]"
13:53:31.833 [Test worker] DEBUG org.apache.http.wire - http-outgoing-1 << "_h[0xd5][0x98][0x9a][0x9][0x9e][0x85]l[0xfd],[0x12]I"V[0xe5][0x4][0xcd]u[0xc2]fo7[0xe4]g[0xce]V[0xc4]%oi[0xa6][0xb9][0xfa][0xee]z[0xd2][0xb3]#[0x9d]&[0xca]%[0xc0][0xe4]B[0xea][0x6][0xd2][0x15][0xf]u<[\r][0xd9][0x92][0x7][0xcc]5[0x8d]g[0x84]g\s[0x9a][0xb8]*[0xa0][0x9][0x9b][0xf6][0xbb][0xde]3[0x92][0xd2]5O[0x8b][0xb4][0xd9]U(&M[0x9b][0xfa][0xd0][0xe5][0x95][0xf4]$<[0xbb]![0x92]%SG[0xe9]M[0xc2]T[0xcc][0x18],[0x87]B(y[0xf][0x14][0xf0][0x14]K[0x16]M[0x1d][0x14][0xd7]E[0xaf][0x97][0x8]@[0x12][0xb][0xa5]{[0xa9]![0xde][0xd7][0xee][0xa0];[0x18]u=[0x84][0xed][0x85],[0xa2]E[0xa2][0xbb]f[0xde][0xe3],[0xa1]4[0xd5][0x85][0x9a][0x83]L"[0xbe][0xe8][0xe6]q[0xfe][0x97][0x80][0x6]1[0x9b][0xdf][0xb0][0xcd][0x94]z[0xde]8[0xf2][0xfa],8[0x1b][\r][0x9f][0xb3]~[0xf4]<[0x8]|[0xff][0x9c][0x6][0xfd]so[0xd4][0x1f][0x8f]F[0x8f][0xc6][0xb6][0x14][0xf9]]]>&#x7f;<![CDATA[D[0xc6][0xdc]qw[0xdc][0xf5][0xba])[0xcf][0x1e]S[0x2][0xbe][0x0]S[0xd3][0x92][0xe6][0xee][0xb0];[0xea][0xf6][0x1f]{[0xb9][0x8][0xac][0xcf][0xa5]+[0xa6]D[0xca][0xdc]Q[0xf7][0xb4];[0xfc][0x1a]+[0xaa][0xaf]#[0xc1][0x90]j[0xa6]y[0xca]r[0x1e][0xdc][0x80][0x87][0x80]8[0xcf][0xba][0xa3][0xb3][0xc7]f[0x90][0x6][0xec]+,[0xe1][0xda][0xfe][0xc7]^E[0xdd][0xf0]L[0xb5][0xd8]i[0xaf][0x14]C[0xc][0xb][\n]"
13:53:31.833 [Test worker] DEBUG org.apache.http.wire - http-outgoing-1 << "M8[0xb8]l[0x85]|[0xf][0x19]O[0xe9][0x82][0x81][0xe6][0xe9][0x12][0xc1][0xba][0xf0][0xaf][0xa2][0xcb][0x8c][0xf4][0xd6][0xae][0x9d][0xbe][0xcb][0x6][0xa3]2[0x88]+P[0x9a][0xe7][0x9][0xf][0xa8][0xe6]"[0xeb][0x89][0x9c]ev4d*[0x90]<[0xc7][0xde]?[0xaf][0xd3][0x4][0x80]1[0xd6]N[0x9d]*[0xf8]^[0x90][0xa8]H[0x12][0x17][0xf9]'[0x15][0xbe][0x7][0x8a][0xc0][0x97]b[0x5][0x81]un[0xa7][0xcd][0xf3][0xa4]X[0x80][0x18]0&[0x19][0x82][0x10][0xa5][0xf3]([0x14][8[0xe2]o[0xc8][0x95]R[0x5]#W[0xe1][0xb1]h[0xe6][0xa1][0xa5][0xd8]R[0xd0][0xb4][0x8d]OtIm[0xaf]C[0x94][0xc][0xe](q[0xb][0xf1][0xb][0xc3][0xf3]l[0xd2][0xb3][0xf3][0x8f]@[0x1][0xb8]w[0xa6][0x12]#Z[0xb5]CGx>[0x1e][0x9d]1o@G[0xc3][0xf3][0xe7][0xc3][0xd3]0d[0xc1])[0xa5][0xbe]O#[0xe8][0xef][0x9f][0xe][0x8e]@[0x87][0xea]}[0xfa]\0[0xb9][0xc1][0xe][0x8][0xd2][0xe8][0x1d][0x9f][0xd4]Q[0xf0][0x1e][0xc8]5G[0xc2][0x1c][0x88]4[0x15][0xfb][0xd8][0xf6][0x8a][0xa5][0xf7],[0x92][0x10];[0x1a]u[0x9]([0xd0]{A>[0xbe]]]>&#x7f;<![CDATA[3[0xbd][0xd7][0xfc][0xd2][0xcd][0x1c][0xb][0x9b]y[0xe]^m[0xd4]"-[0xb6][0xa9][0x96][0x5]3[0xfe]=[0xe9][0xd9]2m[0xe2][0x8b]pC[0x82][0x84]*[0x5]n[0x3]A[0xc6][0x1d]:[0xd0]k"[0xd7][0xac][0xf3]'[0xf2]_b2SDS[0x9e]l.[0x88][0xf3][0xe][0xfc][0x87]|[0x0][0xa5];/[0xc8][0xff]H'[0xee]?#[0xf1][0x0]~C[0xf8][0x8d][0xe0]7[0xbe]o[0x6]0mqOB[0xbe]$<[0x84]"[0x8e].}*[0x9d][0x8a][0x8][0xdb]$[0xf6][0xe1][0x96][0xb5]N[0xd5][0xc][0xa0][0xd0][0xa3][0xb9]bU;[0xe2]k[0x16][0xba]Z[0xe4]$[0x13][0xb9][0xe4][0x99][0x6][0xa9][0xb6][0xf1][0xba](?[0xca]3[0xb6][0xbb]Bc`6[0xf1][0xb][0xad]Ef[0xa6][0xa5],+[0x0][0xe3]b[0x91][0xe0][0x14][0xab]^;[0xbc][0x8b][0xc0][0x2][0x91][0xe6][0x4][0x92]c[0x94]KX[0xa4]I[0xcc][0xc1][0xe4]37YTo)[0x84][0xf][0xc8][0x84][0xd4][0xd5]T.[0xa0][0xc8]u[0x9e]([0x1e]2d}6Q9[0xcd]j-HWd[0xc9][0xc6][0x99]][[0xfc]%[0x14][0x8][0xe][0x80][0xda][0xa0][0x18][0xae]][0x8b][0xe1][0x8][0xa3]=[0xcb][0xa6][0x95]`[0x9b]U4[0x16]#(z[n[0xd9]5[0xb9]]a[0xf9][0x10])[0xc2]]NS[0x9a][0x80][0xd0][0xdc][0xb3][0xb1]3[0xab][0xcb]tR[0x93]Ck[0xbd]<@[0xb][0xed]Ve'[0xa1]U[0x88][0xe4][0x8b][0xb8][0xd6][0x88]J[0xb7][0x1a][0xd9]j[0xa9][0xd2][0x8d][0x99]?u*[0x4];*[0xeb]V[0xdc][0x18]R[0xd4][0xb3][0xaa][0x8d]6p[0x8f][0x1a]qs`l[0xa5][0xe2][0x8f]W[0x90][0x98][0xdf]Q[0x1b]$[0xa2][0xf0][0xe7][0x1a]@x[0xe][0xd6]d[0x15]s[0xcd]PA|F[0xb6][0xea][0xe9][0x81]~[0xe])[0xa9]$[0x8a][0xb4]t[0xb6][0xe7]95g[0xb3]I[0x91]40[0x10]$[0x3][0x9e][0xd0][0x9f][0xd4][0xa4]-$[0xdb][0x18][0xad][0xb7][0x84][0x83][0xd1]1[0x14][0xab][0xba][0xd0]xR[0xeb][0xa4][0x1a])A[0x9d]/[0xe7][0xb2])B[0xb3][0x9f][0xe2]Y$[0x9c][0x19][0xbe][0xf6][0xc7][0xe7][0xe3][0xb3][0xc1]x[0xe8][0x9d]zg[0xfd][0xfb][0xa4]H3X[0xdf]5T[0x1a][0xcc][0xc6][0x9c][0xb6][0xc][0x1b][0xd4][0xa8][\r]R[0x93][0xbc][0xdf]*[0xed][0xa6][0xee][0xdb]0[0xdc]fn[0xdb][0x1][0x95][0xac]1[0x1c]$[0xc2][0x88]5[0xe1]w[0xf8][0x9][\r][0x2]Qdz[0xeb]'w[0x8b][0xc8]A[0xc5][0x83]\`;[0xfb][0xd2][0xce]4[0x8c][0xf4]p[0x8d][0xe6]:[0xf7][0xa6][0x4][0x8e]%[0x8c][0x9a]Ke[0xf3]4[0xe2]6;[0xe0]=[0xc1]>[0xa5]i[0xfe][0x2][0x13][0xf8][0xe5][0xe0][0xd5][0xf7][0xf3][0xe7][0xeb]O[0xb1][0xfe][0x9e]_[0xf5][0xaf]O[0xa3][0xd7][0x97][0xaf]^_}[0xc][0x93]w?[0xf1][0xf0][0xf2][0x7][0xa0][0xf9][0xf3][0xbb][0xfc]4J_[0xfd]m[0xf1][0xf7][0xcb][0xf9][0xdb][0x97][0xff][0xfc][0xe9][0xb3][0xcc][0xc3][0xf]o[0xd6][0x1f][0xf9][0xcd]2[0xb8][0xba][0xf9][0x99]}[0x88]G[0xf3][0xa5][0xd7][0xbf][0xfe][0xe1][0xda]]_[0xad][0xfc][0x97][0xb9]{[0x7][0xb7]@[0x99][0xab]>[0x17] R" V,X[0xc5][0xfa][0xfb][0xf][0x1f][0x9a]<[0xd7][0xa6][0xc6][0x97][0xdc][0xc6][0xa4]=a[0xec]1[0x9f][0x88][0x85]([0x1e]$s[0xc5][0x17][0x99][0xb][0xb0][0xd5][0xe2]o[0xcc][0xcc][0xed][0xfa][0xbd]"i[0xbd][0x19]Wl[0xfe]o[0xb8]e[\n]"
13:53:31.834 [Test worker] DEBUG org.apache.http.wire - http-outgoing-1 << "[0xd9][0xa5][0x99]~Lvi[0xf7]5[0xd2]`[0x95][0xc][0xea][0xf8]a[0xdb]U[0xf8][0xb7][0xa9][0xe][0xca][[0x95][0x83][0x8f][0xf3]%:r[0x9a][0xd3]@[0x93]=G[0x86][0x9f][0x9b]p[0xa5][[0x9e][0xc][0x90]0[0x9][0x17]|x[0x8][0x7][0xe0]z[0xbe][0xf1][0x87][0x86][0xa0]B[0xaa]b_P[0x19][0x96][0x8e][0xdb]iy[0xae][0xcd][0x89]X[0x99][0x1b][0xd3]5'1[0xa5][0xc7]vP[0x98]Pw[0xd4][0x84]I[0xa8][0x95][0x11][0x89][0x8f]C [0xd9][0xce][0xc4][0xfc][0xbb][0x95]LC#$[0x8e][0xb9]_,[0x1e]F+[\n]"
13:53:31.834 [Test worker] DEBUG org.apache.http.wire - http-outgoing-1 << "[0xc3][0xa5][0x89][0xbe][0x97]TC[0xa7])[0xf6][0xd5][0xd1][0xc8][\r]b4f[0xb0][0xc0][0x87][0xd1][\n]"
13:53:31.834 [Test worker] DEBUG org.apache.http.wire - http-outgoing-1 << "[0x11]e[0x85][0x1b][0xc6][0xfb]H[0xbd]4h[0xd1]>[0x8f]F[0xa9][0x14]4Li[0xfe]@:[0x1][0xf8]^"[0xdf][[0x8c]_@[0xa1][0xf1][0xaa][0x1d][0x97]p}[0x9d][0xed][0xba]E[0x95][0xe8][0xab]f#[0xab]q[0x9b][0xac][0x90][0xd6][0xc1][0xad]i[0xa1][0xf0][0xe1]a[0xc2][0xbb][0xb3][0x5][0xef][0xdf][\r][0x8e]e[0x9d][0xd3]99[0xb9];[0xe1]lA[0xcb][0xbc]sOp`X[0xb4]n[0xc3][0x80]/!m[0x7][0xb2]H}U[0xf3][0xdc][0xe8][0xdb][0xd6][0xb9][0x9d][0x86][0xd7]o[0x1][0xa0][0x9f][0x10][0x13][0xc]k[0xcd]5[0xf2]m[0x8c][0xa7]K[0x86][0xe6]*[0x1c][0x18][0x5][0x92]/IW[0x7]215[0x8b]6[0x8d] [0xa1]>K[0xaa][0xe2]j[0xad][0x88]i[0xd7][0xc5][0xbc][0xd1];[0x3][0xf3][0x91][0xc][0xcf]^Y][0xdb]nm[0xa0][0xb5]=p[0xab][0xfd][0xfc]6[0xc8]U][0xb3]I$dZ[0xb3][\n]"
13:53:31.834 [Test worker] DEBUG org.apache.http.wire - http-outgoing-1 << "[0xef]50l[0xa9]b[0x1][0x8]rH[0x87][0x8e]aXd[0x87][0xf6]dE[0x9a][0xcf][0xb5][0xc0]hR[0xe6][0x86]V[0x95][0x9c][0xe5][0x85][0xb6][0xc7]" Rl4v|Ny[0x88][0x8c][0x81][0x8][0xb6][0xf4][0x84][0x16]Z`TN[0x98][0x86]^[0x11]E[0x7](v[\r][0x12][0x87][0xe4][0x9][0xd8]O,[0x12]HaS[0xc7][0x9e]/<[0xb9]+/[0xd9][0xb3][0x88]&[0x1e]K[0x93]1[0xb1]Rz[0xc8]~ij[0xbf][0xeb]TO[0xd0]L[0xc3][0xec]P[0x8f][0xbb]fW[0xe][0x19]_l[0xf5][0x80]S[0x81][0xf2][0xdc][0xfe][0x0][0x8b]F[0xa8][0x96][0xdd]S[0x0][0xd8]j[0xa6][0xc8][0x0][\n]"
13:53:31.834 [Test worker] DEBUG org.apache.http.wire - http-outgoing-1 << "[0xf2]%h[0xb2][0x9a][0xb1][0xe2]![0xd4][0xc9][0xae]/[0xa0][0xaa][0xb3][0xaf]0S[0x80][0x7]'[0x5][0x1b]@[0xa6][0x82][0x9d]n[0x3]]]>&#x7f;<![CDATA[[0x9]R[0x16][0xaa][0xad][0x96]k[0xf6][0x6]8[0xe1]d[0x12][0x8f]v&[0x98][0x93][0x1a][0x92][0xa0][0xf7][0x9a][0x1c]z[0x2]@[0xb7][0x9][0xae][0x1d][0xfb]1[0xfa]U[0xb8]L[0xd5]Y[0xda]}[0x9d]S[0x14][0xd3][0xdb]c[0x1a][[0xb]i[0x96][0x82][0x95]R[0xb9][0x99]nL[0x1b][0x2]o[0x8][0xbb][0x16][0xd0][0xf8][0xf4]_[0x99][0xc8][0xd8][0xbf]m/[0x4][0xa2][0xb9]=6[0x9f]>[0xf7][0x9c][0xd9][0xc7]Z8[0xa6]xh[0xda][0x94]OCS[0xdd][0x10][0x8f][0xb8][0xf0][0xeb][0xc1][0xaf][0x8a][0x90][0xc0]H/[0x1e][0x19][0xae][0xf7][0xe5][0xa4][0x85]H[0xcc][0x86][0xcd]0\[0xd6][0xe4][0x95]]o7,UMn[0xc0][0x1a][0x82][0xe9][0x93][0x1d][0xd1][0x4]1[J[0xd8][0x4][0x16]9[0xf1][0xf9]b[0x1]B[0xef][0xf][0xc6][0xa5][0x9c]p&[0xfa]5>[0xd0][0x8e][0xee][0xa4][0x8][0x82][0x12][0xa8]\[0xa2][0x12]k[0x97]/[0xa9][0xdc][0x9f]c[0xb7]J[0x96][0xb6]Z[0x19][0x10][0xe1][0x9][0xfc]\[0x88]m)H[0xda][0xbc][0x1b][0x5][0x99]7[0x9]!(4o*}<[0x8d]5[0x92]?[0xb2]~[0xd2]d[0xbd]|)[0x9f][0x7][0xad][0x18][0xf]R[0x9c][[0xe4][0x84][0xc1][0x1e][0x85][0x94][0xd3]0[0xe4][0xd9]b_6[0x9a][0x9a]|T[0x17]w[0x95][0x80]L]]>&#x7f;<![CDATA[[0xb][0x88]XP+n([0x8]m[0x13][0x94][0x1a][0xe2][0xc1]f[0xd5]VZ[0xf2][0xbc]n[0xc5]bikM[0x8d]D[0xe2]S[0xce]&:[0x9c]=}[0xd2]?[0xf5]^Lz[0xf0][\n]"
13:53:31.834 [Test worker] DEBUG org.apache.http.wire - http-outgoing-1 << "[0xff]$[0xfe]+[0x1]zf[0xe2][0xac][0xc]"[0xb7]<[0x1a][0xf4][0x83][0xf1][0x82]m[0xf5]=[0xa7][0x99][0xe9]0F[0x0]K"Y[0xfe][0xc6]"DiT[0xe7][0xde]A;{_[0x8a][0xe4][\[0xf8][0xb5][0xe3][0xc2][0xdd]z[0xfa][0x16][0xf][0x8e][0x18][0xf][0xf6][0xea][0xdf]C[0xb5]E#j[0x4]P[0x9f][0xcc]S[0xf1][0xdb][0x8a][0x1b]M[0xb][0xc4]<e:#[0x9e][0x0]-s]]>&#x7f;<![CDATA[3[0x7][0xec]z^[0xe4][0xf8]55[0x9c][0xe3][0xff][0x12]M[0xab][0x9f]e8[0xb6][0x99][0x8e][0xe][0xf][0xa5]P[0xfa][0xc5][0xb7][\r]n[0xa0][0xb2][0x9c][0xe][0xbc][0x81][0xb7]?[0xc]TIm[0x10][0x8f]o[0x1b][0xb4][0xa8][0x87][0xb7][\r][0xd7][0xc8]1[0x2][0xa2]z[0x93][\r]y+B[0x1e]q[0xb0][0xcb]?[0xc]=[0xf2][0x8a]n[0xd4][0x1f][0xbf][0x5][0xc5]_;([0xfe]V[0x8c][0xf0][x?vx[0xef][0xdc]?1H@[0x1][0x11]_W[0x13][0xf]`[0x1d]x[0x7][0x7]#!4~[0xcd][0xd8][0x1e]]]>&#x7f;<![CDATA[[0xec][\r][0xc2][0xd6][0xba]q[0xa6][0xda][0x1e]:[0xbc][0xe5][0xad]R[0xf][0xd9]f[0xa3][0x96][0xda]&[0xf0][0x6]ZR[0xe6][0x8b](x[0xff]b[0xf6][0xa3]X[0x19]=[0xf8][0x1b][0xd2]:{W[0x17][0xbd][0xde]j[0xb5][0xea]V[0xa7][0xb]]![0x17][0xf5][0x95][0x2][0xbf]X[0x10]-ip[0x3]X[0x89][0x12][0x91]^Q[0x9]:o|[0xf1][0xc2][0xe3][0xe5]r[0x5]2[0xf1]%[0xae][0x87]Yjv)[0xf2][0x8d][0xfd][0x8][0xf1]4[0x80][0xd7][0x17]d[0xe0]y[0x18][0x8][0xd1][0x84][0xb7]_[0xcc][0xae][0x19]Ma[0xbe][0x99][0x81][0xb3][0xeb][0xc9][0x99][0xc6][0x3][0xe2][0x9a]P[0xb0][0xcb]D[0x8b][0x8b][0x15][0xf3]Sp[\r]&[0xff][0xca][0xd6][0x14]O+[0xba][0x81]Hkb[0xab]Y:f[0xa4][0x86]$KN[0x9][0xde]u[0xe1]I[0xd7][0x99][0xd1]0[0xe5][0x19][0xc7][0xbb]=ZH$[0x9e]DB[0x12][0xdc][0xef][0x82][0x97]e[0x1]k[0xd2][0x82]g~[0xb5][0x10][0xf][0x18][0xc4][0x9e][0x6]vT[0xb4][0xfd]~g[0xf][0xd0]s[0xab][0x0][0xd7][0xdf][0xb8][0xf5]I[0xe][0x1e][0xef]7O[0xb6][0xef]U[0x88][0x95][0x1c][0xf9][0xe][0xf4]r[0x8d]za[0xf2][0x82]@[0x94][0x97][0x8c][0x11][0xd8]*[0x12][0xbc]$[0x2]z*d`D@|[0x8a][0xae][0xd6][0xd6][0xe2][0x6][0xc4][0x92]v[0xf1][0xc4]&][0xdc][0xf2][0xb5][0xbf][0xbc]nc[0xbb][0xe7]Hd7[0x7][0xb3]"[0xf6][0x82][0xa1][0xd3][0xf7][0x6][0x10][0x9f][0x19][0xb2]6u[0x86]c[0x87]@-1u[0x1a][0x6]v<*Iof[0x8f]^[0xef][0xf2][0xef][0xf2][0xd1]L3[0xae][\n]"
13:53:31.834 [Test worker] DEBUG org.apache.http.wire - http-outgoing-1 << "$[0xa4]J[0x93][0xf4][0xca][0xa4][0xa3]R[0xf3][0xe0][0x19][0xc4][0x18][0xc5]H[0xc8]U[0x9e][0xd0][0x8d][0xd5]MkF3[0xb7][0xde][0xfb][0x95][0xce][0x1c][0x9a][0xc2]*[0xe6][0xa3]4~6[0xad][0x93][0xac][\r]2[0xbc]:;[0xae]"[0xf3]/[0xbc]}q[0xe8]V[0xdf][0x91].v[0xa4]"[0xc5][0xcb][0xad]+[0xae]c[0xd7]|[0x86]c[0xaa][0x1c]=[0xe6]*[0xf][0xba]Tw[0xa4][0xb5][0x10][0x9e]b[0xd1][0xdc]-[0xaf][0xd9][0xf4][0xbb][0xc3][0xe3]rcJ[0xe8][0xfe][0xb1][0xaf][0xd8]T[0x17][0xff][0xda][0xe8]&[0xbd]*[0xd9][0xd9]{[0xca][0xff][0x7][0xaf]4b?[0xbf],[0x0][0x0]"
13:53:31.834 [Test worker] DEBUG org.apache.http.headers - http-outgoing-1 << HTTP/1.1 200 OK
13:53:31.834 [Test worker] DEBUG org.apache.http.headers - http-outgoing-1 << Date: Sat, 04 Apr 2020 10:53:31 GMT
13:53:31.834 [Test worker] DEBUG org.apache.http.headers - http-outgoing-1 << Server: Apache/2.4.41 (Win64) OpenSSL/1.1.1c PHP/7.4.2
13:53:31.834 [Test worker] DEBUG org.apache.http.headers - http-outgoing-1 << X-Powered-By: PHP/7.4.2
13:53:31.834 [Test worker] DEBUG org.apache.http.headers - http-outgoing-1 << Cache-Control: no-store, no-cache, must-revalidate
13:53:31.834 [Test worker] DEBUG org.apache.http.headers - http-outgoing-1 << Last-Modified: Sat, 04 Apr 2020 10:53:31 GMT
13:53:31.834 [Test worker] DEBUG org.apache.http.headers - http-outgoing-1 << X-Content-Type-Options: nosniff
13:53:31.834 [Test worker] DEBUG org.apache.http.headers - http-outgoing-1 << Expires: Sat, 04 Apr 2020 10:53:31 GMT
13:53:31.834 [Test worker] DEBUG org.apache.http.headers - http-outgoing-1 << X-Frame-Options: DENY
13:53:31.834 [Test worker] DEBUG org.apache.http.headers - http-outgoing-1 << Content-Security-Policy: default-src 'self'; frame-ancestors 'none'; style-src 'self' 'unsafe-inline'; script-src 'self'; img-src 'self' 'self' data:
13:53:31.834 [Test worker] DEBUG org.apache.http.headers - http-outgoing-1 << Content-Encoding: gzip
13:53:31.834 [Test worker] DEBUG org.apache.http.headers - http-outgoing-1 << Vary: Accept-Encoding
13:53:31.834 [Test worker] DEBUG org.apache.http.headers - http-outgoing-1 << Content-Length: 2757
13:53:31.834 [Test worker] DEBUG org.apache.http.headers - http-outgoing-1 << Keep-Alive: timeout=5, max=95
13:53:31.834 [Test worker] DEBUG org.apache.http.headers - http-outgoing-1 << Connection: Keep-Alive
13:53:31.834 [Test worker] DEBUG org.apache.http.headers - http-outgoing-1 << Content-Type: text/html; charset=UTF-8
13:53:31.835 [Test worker] DEBUG org.apache.http.impl.execchain.MainClientExec - Connection can be kept alive for 5000 MILLISECONDS
13:53:31.835 [Test worker] DEBUG org.apache.http.impl.conn.PoolingHttpClientConnectionManager - Connection [id: 1][route: {}->http://localhost:80] can be kept alive for 5.0 seconds
13:53:31.835 [Test worker] DEBUG org.apache.http.impl.conn.DefaultManagedHttpClientConnection - http-outgoing-1: set socket timeout to 0
13:53:31.835 [Test worker] DEBUG org.apache.http.impl.conn.PoolingHttpClientConnectionManager - Connection released: [id: 1][route: {}->http://localhost:80][total available: 1; route allocated: 1 of 2; total allocated: 1 of 20]
13:53:31.839 [Test worker] INFO org.subethamail.smtp.server.SMTPServer - SMTP server *:25 stopping
13:53:31.839 [Test worker] DEBUG org.subethamail.smtp.server.ServerThread - SMTP Server socket shut down
13:53:31.839 [org.subethamail.smtp.server.ServerThread *:25] INFO org.subethamail.smtp.server.ServerThread - SMTP server *:25 stopped
]]></system-out>
  <system-err><![CDATA[SLF4J: Class path contains multiple SLF4J bindings.
SLF4J: Found binding in [jar:file:/C:/Users/dpyrk/.gradle/caches/modules-2/files-2.1/ch.qos.logback/logback-classic/1.2.3/7c4f3c474fb2c041d8028740440937705ebb473a/logback-classic-1.2.3.jar!/org/slf4j/impl/StaticLoggerBinder.class]
SLF4J: Found binding in [jar:file:/C:/Users/dpyrk/.gradle/caches/modules-2/files-2.1/com.cisco.oss.foundation/logging-log4j/1.0.2-1/6a30195bf21e825693673fd5373a8ab4a48fc251/logging-log4j-1.0.2-1.jar!/org/slf4j/impl/StaticLoggerBinder.class]
SLF4J: See http://www.slf4j.org/codes.html#multiple_bindings for an explanation.
SLF4J: Actual binding is of type [ch.qos.logback.classic.util.ContextSelectorStaticBinder]
Starting ChromeDriver 80.0.3987.106 (f68069574609230cf9b635cd784cfb1bf81bb53a-refs/branch-heads/3987@{#882}) on port 13375
Only local connections are allowed.
Please protect ports used by ChromeDriver and related test frameworks to prevent access by malicious code.
[1585997603.753][WARNING]: Timed out connecting to Chrome, retrying...
апр 04, 2020 1:53:25 PM org.openqa.selenium.remote.ProtocolHandshake createSession
INFO: Detected dialect: W3C
[1585997606.271][SEVERE]: Timed out receiving message from renderer: 0.100
[1585997608.207][SEVERE]: Timed out receiving message from renderer: 0.100
[1585997609.624][SEVERE]: Timed out receiving message from renderer: 0.100
]]></system-err>
</testsuite>
