<?xml version="1.0" encoding="UTF-8"?>
<testsuite name="dd.pyrkova.mantis.tests.RegistrationTests" tests="1" skipped="0" failures="0" errors="0" timestamp="2020-04-04T10:47:16" hostname="CONGO" time="12.362">
  <properties/>
  <testcase name="testRegistration" classname="dd.pyrkova.mantis.tests.RegistrationTests" time="12.362"/>
  <system-out><![CDATA[13:47:16.522 [Test worker] DEBUG org.subethamail.smtp.server.CommandHandler - Added command: AUTH
13:47:16.524 [Test worker] DEBUG org.subethamail.smtp.server.CommandHandler - Added command: DATA
13:47:16.524 [Test worker] DEBUG org.subethamail.smtp.server.CommandHandler - Added command: EHLO
13:47:16.524 [Test worker] DEBUG org.subethamail.smtp.server.CommandHandler - Added command: HELO
13:47:16.524 [Test worker] DEBUG org.subethamail.smtp.server.CommandHandler - Added command: HELP
13:47:16.524 [Test worker] DEBUG org.subethamail.smtp.server.CommandHandler - Added command: MAIL
13:47:16.524 [Test worker] DEBUG org.subethamail.smtp.server.CommandHandler - Added command: NOOP
13:47:16.525 [Test worker] DEBUG org.subethamail.smtp.server.CommandHandler - Added command: QUIT
13:47:16.525 [Test worker] DEBUG org.subethamail.smtp.server.CommandHandler - Added command: RCPT
13:47:16.525 [Test worker] DEBUG org.subethamail.smtp.server.CommandHandler - Added command: RSET
13:47:16.525 [Test worker] DEBUG org.subethamail.smtp.server.CommandHandler - Added command: STARTTLS
13:47:16.525 [Test worker] DEBUG org.subethamail.smtp.server.CommandHandler - Added command: VRFY
13:47:16.525 [Test worker] INFO org.subethamail.smtp.server.SMTPServer - SMTP server *:25 starting
13:47:16.528 [org.subethamail.smtp.server.ServerThread *:25] INFO org.subethamail.smtp.server.ServerThread - SMTP server *:25 started
13:47:18.758 [Test worker] DEBUG io.netty.util.internal.logging.InternalLoggerFactory - Using SLF4J as the default logging framework
13:47:18.767 [Test worker] DEBUG io.netty.util.ResourceLeakDetector - -Dio.netty.leakDetection.level: simple
13:47:18.767 [Test worker] DEBUG io.netty.util.ResourceLeakDetector - -Dio.netty.leakDetection.targetRecords: 4
13:47:18.801 [Test worker] DEBUG io.netty.util.internal.PlatformDependent - Platform: Windows
13:47:18.804 [Test worker] DEBUG io.netty.util.internal.PlatformDependent0 - -Dio.netty.noUnsafe: false
13:47:18.804 [Test worker] DEBUG io.netty.util.internal.PlatformDependent0 - Java version: 8
13:47:18.806 [Test worker] DEBUG io.netty.util.internal.PlatformDependent0 - sun.misc.Unsafe.theUnsafe: available
13:47:18.807 [Test worker] DEBUG io.netty.util.internal.PlatformDependent0 - sun.misc.Unsafe.copyMemory: available
13:47:18.808 [Test worker] DEBUG io.netty.util.internal.PlatformDependent0 - java.nio.Buffer.address: available
13:47:18.808 [Test worker] DEBUG io.netty.util.internal.PlatformDependent0 - direct buffer constructor: available
13:47:18.810 [Test worker] DEBUG io.netty.util.internal.PlatformDependent0 - java.nio.Bits.unaligned: available, true
13:47:18.810 [Test worker] DEBUG io.netty.util.internal.PlatformDependent0 - jdk.internal.misc.Unsafe.allocateUninitializedArray(int): unavailable prior to Java9
13:47:18.810 [Test worker] DEBUG io.netty.util.internal.PlatformDependent0 - java.nio.DirectByteBuffer.<init>(long, int): available
13:47:18.810 [Test worker] DEBUG io.netty.util.internal.PlatformDependent - sun.misc.Unsafe: available
13:47:18.810 [Test worker] DEBUG io.netty.util.internal.PlatformDependent - -Dio.netty.tmpdir: C:\Users\dpyrk\AppData\Local\Temp (java.io.tmpdir)
13:47:18.811 [Test worker] DEBUG io.netty.util.internal.PlatformDependent - -Dio.netty.bitMode: 64 (sun.arch.data.model)
13:47:18.812 [Test worker] DEBUG io.netty.util.internal.PlatformDependent - -Dio.netty.maxDirectMemory: 477626368 bytes
13:47:18.812 [Test worker] DEBUG io.netty.util.internal.PlatformDependent - -Dio.netty.uninitializedArrayAllocationThreshold: -1
13:47:18.814 [Test worker] DEBUG io.netty.util.internal.CleanerJava6 - java.nio.ByteBuffer.cleaner(): available
13:47:18.814 [Test worker] DEBUG io.netty.util.internal.PlatformDependent - -Dio.netty.noPreferDirect: false
13:47:18.815 [Test worker] DEBUG io.netty.util.ResourceLeakDetectorFactory - Loaded default ResourceLeakDetector: io.netty.util.ResourceLeakDetector@33670e91
13:47:18.828 [Test worker] DEBUG io.netty.util.internal.PlatformDependent - org.jctools-core.MpscChunkedArrayQueue: available
13:47:19.226 [Test worker] DEBUG io.netty.handler.ssl.JdkSslContext - Default protocols (JDK): [TLSv1.2, TLSv1.1, TLSv1] 
13:47:19.226 [Test worker] DEBUG io.netty.handler.ssl.JdkSslContext - Default cipher suites (JDK): [TLS_ECDHE_ECDSA_WITH_AES_256_GCM_SHA384, TLS_ECDHE_ECDSA_WITH_AES_128_GCM_SHA256, TLS_ECDHE_RSA_WITH_AES_128_GCM_SHA256, TLS_ECDHE_RSA_WITH_AES_256_GCM_SHA384, TLS_ECDHE_RSA_WITH_AES_128_CBC_SHA, TLS_ECDHE_RSA_WITH_AES_256_CBC_SHA, TLS_RSA_WITH_AES_128_GCM_SHA256, TLS_RSA_WITH_AES_128_CBC_SHA, TLS_RSA_WITH_AES_256_CBC_SHA]
13:47:19.249 [Test worker] DEBUG io.netty.util.internal.InternalThreadLocalMap - -Dio.netty.threadLocalMap.stringBuilder.initialSize: 1024
13:47:19.249 [Test worker] DEBUG io.netty.util.internal.InternalThreadLocalMap - -Dio.netty.threadLocalMap.stringBuilder.maxSize: 4096
13:47:19.257 [Test worker] DEBUG io.netty.channel.MultithreadEventLoopGroup - -Dio.netty.eventLoopThreads: 16
13:47:19.268 [Test worker] DEBUG io.netty.channel.nio.NioEventLoop - -Dio.netty.noKeySetOptimization: false
13:47:19.269 [Test worker] DEBUG io.netty.channel.nio.NioEventLoop - -Dio.netty.selectorAutoRebuildThreshold: 512
13:47:19.307 [Test worker] DEBUG io.netty.buffer.PooledByteBufAllocator - -Dio.netty.allocator.numHeapArenas: 4
13:47:19.307 [Test worker] DEBUG io.netty.buffer.PooledByteBufAllocator - -Dio.netty.allocator.numDirectArenas: 4
13:47:19.307 [Test worker] DEBUG io.netty.buffer.PooledByteBufAllocator - -Dio.netty.allocator.pageSize: 8192
13:47:19.307 [Test worker] DEBUG io.netty.buffer.PooledByteBufAllocator - -Dio.netty.allocator.maxOrder: 11
13:47:19.307 [Test worker] DEBUG io.netty.buffer.PooledByteBufAllocator - -Dio.netty.allocator.chunkSize: 16777216
13:47:19.311 [Test worker] DEBUG io.netty.buffer.PooledByteBufAllocator - -Dio.netty.allocator.tinyCacheSize: 512
13:47:19.311 [Test worker] DEBUG io.netty.buffer.PooledByteBufAllocator - -Dio.netty.allocator.smallCacheSize: 256
13:47:19.311 [Test worker] DEBUG io.netty.buffer.PooledByteBufAllocator - -Dio.netty.allocator.normalCacheSize: 64
13:47:19.311 [Test worker] DEBUG io.netty.buffer.PooledByteBufAllocator - -Dio.netty.allocator.maxCachedBufferCapacity: 32768
13:47:19.311 [Test worker] DEBUG io.netty.buffer.PooledByteBufAllocator - -Dio.netty.allocator.cacheTrimInterval: 8192
13:47:19.311 [Test worker] DEBUG io.netty.buffer.PooledByteBufAllocator - -Dio.netty.allocator.cacheTrimIntervalMillis: 0
13:47:19.311 [Test worker] DEBUG io.netty.buffer.PooledByteBufAllocator - -Dio.netty.allocator.useCacheForAllThreads: true
13:47:19.311 [Test worker] DEBUG io.netty.buffer.PooledByteBufAllocator - -Dio.netty.allocator.maxCachedByteBuffersPerChunk: 1023
13:47:19.319 [Test worker] DEBUG io.netty.buffer.ByteBufUtil - -Dio.netty.allocator.type: pooled
13:47:19.319 [Test worker] DEBUG io.netty.buffer.ByteBufUtil - -Dio.netty.threadLocalDirectBufferSize: 0
13:47:19.319 [Test worker] DEBUG io.netty.buffer.ByteBufUtil - -Dio.netty.maxThreadLocalCharBufferSize: 16384
13:47:20.212 [Forwarding newSession on session null to remote] DEBUG io.netty.channel.DefaultChannelId - -Dio.netty.processId: 14776 (auto-detected)
13:47:20.214 [Forwarding newSession on session null to remote] DEBUG io.netty.util.NetUtil - -Djava.net.preferIPv4Stack: false
13:47:20.214 [Forwarding newSession on session null to remote] DEBUG io.netty.util.NetUtil - -Djava.net.preferIPv6Addresses: false
13:47:20.344 [Forwarding newSession on session null to remote] DEBUG io.netty.util.NetUtil - Loopback interface: lo (Software Loopback Interface 1, 127.0.0.1)
13:47:20.345 [Forwarding newSession on session null to remote] DEBUG io.netty.util.NetUtil - Failed to get SOMAXCONN from sysctl and file \proc\sys\net\core\somaxconn. Default: 200
13:47:20.476 [Forwarding newSession on session null to remote] DEBUG io.netty.channel.DefaultChannelId - -Dio.netty.machineId: 50:e5:49:ff:fe:c9:b0:a9 (auto-detected)
13:47:20.531 [AsyncHttpClient-3-1] DEBUG io.netty.buffer.AbstractByteBuf - -Dio.netty.buffer.checkAccessible: true
13:47:20.531 [AsyncHttpClient-3-1] DEBUG io.netty.buffer.AbstractByteBuf - -Dio.netty.buffer.checkBounds: true
13:47:20.531 [AsyncHttpClient-3-1] DEBUG io.netty.util.ResourceLeakDetectorFactory - Loaded default ResourceLeakDetector: io.netty.util.ResourceLeakDetector@67354b4c
13:47:20.546 [AsyncHttpClient-3-1] DEBUG org.asynchttpclient.netty.channel.NettyConnectListener - Using new Channel '[id: 0xc1211d87, L:/127.0.0.1:61940 - R:localhost/127.0.0.1:1868]' for 'POST' to '/session'
13:47:20.567 [AsyncHttpClient-3-1] DEBUG io.netty.util.Recycler - -Dio.netty.recycler.maxCapacityPerThread: 4096
13:47:20.567 [AsyncHttpClient-3-1] DEBUG io.netty.util.Recycler - -Dio.netty.recycler.maxSharedCapacityFactor: 2
13:47:20.567 [AsyncHttpClient-3-1] DEBUG io.netty.util.Recycler - -Dio.netty.recycler.linkCapacity: 16
13:47:20.567 [AsyncHttpClient-3-1] DEBUG io.netty.util.Recycler - -Dio.netty.recycler.ratio: 8
13:47:25.196 [AsyncHttpClient-3-1] DEBUG org.asynchttpclient.netty.handler.HttpHandler - 

Request DefaultHttpRequest(decodeResult: success, version: HTTP/1.1)
POST /session HTTP/1.1
User-Agent: selenium/4.0.0-alpha-4 (java windows)
Content-Length: 365
Content-Type: application/json; charset=utf-8
host: localhost:1868
accept: */*

Response DefaultHttpResponse(decodeResult: success, version: HTTP/1.1)
HTTP/1.1 200 OK
Content-Length: 679
Content-Type: application/json; charset=utf-8
cache-control: no-cache

13:47:25.223 [AsyncHttpClient-3-1] DEBUG org.asynchttpclient.netty.channel.ChannelManager - Adding key: http://localhost:1868 for channel [id: 0xc1211d87, L:/127.0.0.1:61940 - R:localhost/127.0.0.1:1868]
13:47:25.297 [AsyncHttpClient-7-1] DEBUG org.asynchttpclient.netty.channel.NettyConnectListener - Using new Channel '[id: 0x6b039019, L:/127.0.0.1:62015 - R:localhost/127.0.0.1:61941]' for 'GET' to '/json/version'
13:47:25.299 [AsyncHttpClient-7-1] DEBUG org.asynchttpclient.netty.handler.HttpHandler - 

Request DefaultFullHttpRequest(decodeResult: success, version: HTTP/1.1, content: EmptyByteBufBE)
GET /json/version HTTP/1.1
User-Agent: selenium/4.0.0-alpha-4 (java windows)
host: localhost:61941
accept: */*

Response DefaultHttpResponse(decodeResult: success, version: HTTP/1.1)
HTTP/1.1 200 OK
Content-Length: 426
Content-Type: application/json; charset=UTF-8

13:47:25.300 [AsyncHttpClient-7-1] DEBUG org.asynchttpclient.netty.channel.ChannelManager - Adding key: http://localhost:61941 for channel [id: 0x6b039019, L:/127.0.0.1:62015 - R:localhost/127.0.0.1:61941]
13:47:25.307 [Test worker] DEBUG io.netty.util.internal.ThreadLocalRandom - -Dio.netty.initialSeedUniquifier: 0xb67b31d18f84676c
13:47:25.312 [AsyncHttpClient-9-1] DEBUG org.asynchttpclient.netty.channel.NettyConnectListener - Using new Channel '[id: 0x9ce0b642, L:/127.0.0.1:62017 - R:localhost/127.0.0.1:61941]' for 'GET' to '/devtools/browser/fcc813c4-d712-4fe9-91be-b4abb878cb96'
13:47:25.314 [AsyncHttpClient-9-1] DEBUG org.asynchttpclient.netty.handler.WebSocketHandler - 

Request DefaultFullHttpRequest(decodeResult: success, version: HTTP/1.1, content: EmptyByteBufBE)
GET /devtools/browser/fcc813c4-d712-4fe9-91be-b4abb878cb96 HTTP/1.1
upgrade: websocket
connection: upgrade
sec-websocket-key: rvMU1fW5E+LoPfMkZv4+jg==
sec-websocket-version: 13
origin: http://localhost:61941
host: localhost:61941
accept: */*
user-agent: AHC/2.1

Response DefaultHttpResponse(decodeResult: success, version: HTTP/1.1)
HTTP/1.1 101 WebSocket Protocol Handshake
Upgrade: WebSocket
Connection: Upgrade
Sec-WebSocket-Accept: D2FgcIzGjF6rjyhyIWjjWbqGZCA=

13:47:25.332 [Forwarding setTimeout on session cce947badb6cfe1f4f900acd259c110c to remote] DEBUG org.asynchttpclient.netty.request.NettyRequestSender - Using pooled Channel '[id: 0xc1211d87, L:/127.0.0.1:61940 - R:localhost/127.0.0.1:1868]' for 'POST' to 'http://localhost:1868/session/cce947badb6cfe1f4f900acd259c110c/timeouts'
13:47:25.332 [Forwarding setTimeout on session cce947badb6cfe1f4f900acd259c110c to remote] DEBUG org.asynchttpclient.netty.request.NettyRequestSender - Using open Channel [id: 0xc1211d87, L:/127.0.0.1:61940 - R:localhost/127.0.0.1:1868] for POST '/session/cce947badb6cfe1f4f900acd259c110c/timeouts'
13:47:25.337 [AsyncHttpClient-3-1] DEBUG org.asynchttpclient.netty.handler.HttpHandler - 

Request DefaultHttpRequest(decodeResult: success, version: HTTP/1.1)
POST /session/cce947badb6cfe1f4f900acd259c110c/timeouts HTTP/1.1
User-Agent: selenium/4.0.0-alpha-4 (java windows)
Content-Length: 22
Content-Type: application/json; charset=utf-8
host: localhost:1868
accept: */*

Response DefaultHttpResponse(decodeResult: success, version: HTTP/1.1)
HTTP/1.1 200 OK
Content-Length: 14
Content-Type: application/json; charset=utf-8
cache-control: no-cache

13:47:25.337 [AsyncHttpClient-3-1] DEBUG org.asynchttpclient.netty.channel.ChannelManager - Adding key: http://localhost:1868 for channel [id: 0xc1211d87, L:/127.0.0.1:61940 - R:localhost/127.0.0.1:1868]
13:47:25.343 [Forwarding get on session cce947badb6cfe1f4f900acd259c110c to remote] DEBUG org.asynchttpclient.netty.request.NettyRequestSender - Using pooled Channel '[id: 0xc1211d87, L:/127.0.0.1:61940 - R:localhost/127.0.0.1:1868]' for 'POST' to 'http://localhost:1868/session/cce947badb6cfe1f4f900acd259c110c/url'
13:47:25.344 [Forwarding get on session cce947badb6cfe1f4f900acd259c110c to remote] DEBUG org.asynchttpclient.netty.request.NettyRequestSender - Using open Channel [id: 0xc1211d87, L:/127.0.0.1:61940 - R:localhost/127.0.0.1:1868] for POST '/session/cce947badb6cfe1f4f900acd259c110c/url'
13:47:25.913 [AsyncHttpClient-3-1] DEBUG org.asynchttpclient.netty.handler.HttpHandler - 

Request DefaultHttpRequest(decodeResult: success, version: HTTP/1.1)
POST /session/cce947badb6cfe1f4f900acd259c110c/url HTTP/1.1
User-Agent: selenium/4.0.0-alpha-4 (java windows)
Content-Length: 68
Content-Type: application/json; charset=utf-8
host: localhost:1868
accept: */*

Response DefaultHttpResponse(decodeResult: success, version: HTTP/1.1)
HTTP/1.1 200 OK
Content-Length: 14
Content-Type: application/json; charset=utf-8
cache-control: no-cache

13:47:25.914 [AsyncHttpClient-3-1] DEBUG org.asynchttpclient.netty.channel.ChannelManager - Adding key: http://localhost:1868 for channel [id: 0xc1211d87, L:/127.0.0.1:61940 - R:localhost/127.0.0.1:1868]
13:47:25.917 [Forwarding get on session cce947badb6cfe1f4f900acd259c110c to remote] DEBUG org.asynchttpclient.netty.request.NettyRequestSender - Using pooled Channel '[id: 0xc1211d87, L:/127.0.0.1:61940 - R:localhost/127.0.0.1:1868]' for 'POST' to 'http://localhost:1868/session/cce947badb6cfe1f4f900acd259c110c/url'
13:47:25.917 [Forwarding get on session cce947badb6cfe1f4f900acd259c110c to remote] DEBUG org.asynchttpclient.netty.request.NettyRequestSender - Using open Channel [id: 0xc1211d87, L:/127.0.0.1:61940 - R:localhost/127.0.0.1:1868] for POST '/session/cce947badb6cfe1f4f900acd259c110c/url'
13:47:26.184 [AsyncHttpClient-3-1] DEBUG org.asynchttpclient.netty.handler.HttpHandler - 

Request DefaultHttpRequest(decodeResult: success, version: HTTP/1.1)
POST /session/cce947badb6cfe1f4f900acd259c110c/url HTTP/1.1
User-Agent: selenium/4.0.0-alpha-4 (java windows)
Content-Length: 89
Content-Type: application/json; charset=utf-8
host: localhost:1868
accept: */*

Response DefaultHttpResponse(decodeResult: success, version: HTTP/1.1)
HTTP/1.1 200 OK
Content-Length: 14
Content-Type: application/json; charset=utf-8
cache-control: no-cache

13:47:26.185 [AsyncHttpClient-3-1] DEBUG org.asynchttpclient.netty.channel.ChannelManager - Adding key: http://localhost:1868 for channel [id: 0xc1211d87, L:/127.0.0.1:61940 - R:localhost/127.0.0.1:1868]
13:47:26.191 [Forwarding findElement on session cce947badb6cfe1f4f900acd259c110c to remote] DEBUG org.asynchttpclient.netty.request.NettyRequestSender - Using pooled Channel '[id: 0xc1211d87, L:/127.0.0.1:61940 - R:localhost/127.0.0.1:1868]' for 'POST' to 'http://localhost:1868/session/cce947badb6cfe1f4f900acd259c110c/element'
13:47:26.191 [Forwarding findElement on session cce947badb6cfe1f4f900acd259c110c to remote] DEBUG org.asynchttpclient.netty.request.NettyRequestSender - Using open Channel [id: 0xc1211d87, L:/127.0.0.1:61940 - R:localhost/127.0.0.1:1868] for POST '/session/cce947badb6cfe1f4f900acd259c110c/element'
13:47:26.204 [AsyncHttpClient-3-1] DEBUG org.asynchttpclient.netty.handler.HttpHandler - 

Request DefaultHttpRequest(decodeResult: success, version: HTTP/1.1)
POST /session/cce947badb6cfe1f4f900acd259c110c/element HTTP/1.1
User-Agent: selenium/4.0.0-alpha-4 (java windows)
Content-Length: 62
Content-Type: application/json; charset=utf-8
host: localhost:1868
accept: */*

Response DefaultHttpResponse(decodeResult: success, version: HTTP/1.1)
HTTP/1.1 200 OK
Content-Length: 88
Content-Type: application/json; charset=utf-8
cache-control: no-cache

13:47:26.204 [AsyncHttpClient-3-1] DEBUG org.asynchttpclient.netty.channel.ChannelManager - Adding key: http://localhost:1868 for channel [id: 0xc1211d87, L:/127.0.0.1:61940 - R:localhost/127.0.0.1:1868]
13:47:26.208 [Forwarding clickElement on session cce947badb6cfe1f4f900acd259c110c to remote] DEBUG org.asynchttpclient.netty.request.NettyRequestSender - Using pooled Channel '[id: 0xc1211d87, L:/127.0.0.1:61940 - R:localhost/127.0.0.1:1868]' for 'POST' to 'http://localhost:1868/session/cce947badb6cfe1f4f900acd259c110c/element/a86c64fd-b270-4733-8ff6-00b9705d1f3b/click'
13:47:26.208 [Forwarding clickElement on session cce947badb6cfe1f4f900acd259c110c to remote] DEBUG org.asynchttpclient.netty.request.NettyRequestSender - Using open Channel [id: 0xc1211d87, L:/127.0.0.1:61940 - R:localhost/127.0.0.1:1868] for POST '/session/cce947badb6cfe1f4f900acd259c110c/element/a86c64fd-b270-4733-8ff6-00b9705d1f3b/click'
13:47:26.258 [AsyncHttpClient-3-1] DEBUG org.asynchttpclient.netty.handler.HttpHandler - 

Request DefaultHttpRequest(decodeResult: success, version: HTTP/1.1)
POST /session/cce947badb6cfe1f4f900acd259c110c/element/a86c64fd-b270-4733-8ff6-00b9705d1f3b/click HTTP/1.1
User-Agent: selenium/4.0.0-alpha-4 (java windows)
Content-Length: 50
Content-Type: application/json; charset=utf-8
host: localhost:1868
accept: */*

Response DefaultHttpResponse(decodeResult: success, version: HTTP/1.1)
HTTP/1.1 200 OK
Content-Length: 14
Content-Type: application/json; charset=utf-8
cache-control: no-cache

13:47:26.258 [AsyncHttpClient-3-1] DEBUG org.asynchttpclient.netty.channel.ChannelManager - Adding key: http://localhost:1868 for channel [id: 0xc1211d87, L:/127.0.0.1:61940 - R:localhost/127.0.0.1:1868]
13:47:26.260 [Forwarding findElement on session cce947badb6cfe1f4f900acd259c110c to remote] DEBUG org.asynchttpclient.netty.request.NettyRequestSender - Using pooled Channel '[id: 0xc1211d87, L:/127.0.0.1:61940 - R:localhost/127.0.0.1:1868]' for 'POST' to 'http://localhost:1868/session/cce947badb6cfe1f4f900acd259c110c/element'
13:47:26.260 [Forwarding findElement on session cce947badb6cfe1f4f900acd259c110c to remote] DEBUG org.asynchttpclient.netty.request.NettyRequestSender - Using open Channel [id: 0xc1211d87, L:/127.0.0.1:61940 - R:localhost/127.0.0.1:1868] for POST '/session/cce947badb6cfe1f4f900acd259c110c/element'
13:47:26.268 [AsyncHttpClient-3-1] DEBUG org.asynchttpclient.netty.handler.HttpHandler - 

Request DefaultHttpRequest(decodeResult: success, version: HTTP/1.1)
POST /session/cce947badb6cfe1f4f900acd259c110c/element HTTP/1.1
User-Agent: selenium/4.0.0-alpha-4 (java windows)
Content-Length: 62
Content-Type: application/json; charset=utf-8
host: localhost:1868
accept: */*

Response DefaultHttpResponse(decodeResult: success, version: HTTP/1.1)
HTTP/1.1 200 OK
Content-Length: 88
Content-Type: application/json; charset=utf-8
cache-control: no-cache

13:47:26.269 [AsyncHttpClient-3-1] DEBUG org.asynchttpclient.netty.channel.ChannelManager - Adding key: http://localhost:1868 for channel [id: 0xc1211d87, L:/127.0.0.1:61940 - R:localhost/127.0.0.1:1868]
13:47:26.288 [Forwarding getElementAttribute on session cce947badb6cfe1f4f900acd259c110c to remote] DEBUG org.asynchttpclient.netty.request.NettyRequestSender - Using pooled Channel '[id: 0xc1211d87, L:/127.0.0.1:61940 - R:localhost/127.0.0.1:1868]' for 'POST' to 'http://localhost:1868/session/cce947badb6cfe1f4f900acd259c110c/execute/sync'
13:47:26.288 [Forwarding getElementAttribute on session cce947badb6cfe1f4f900acd259c110c to remote] DEBUG org.asynchttpclient.netty.request.NettyRequestSender - Using open Channel [id: 0xc1211d87, L:/127.0.0.1:61940 - R:localhost/127.0.0.1:1868] for POST '/session/cce947badb6cfe1f4f900acd259c110c/execute/sync'
13:47:26.302 [AsyncHttpClient-3-1] DEBUG org.asynchttpclient.netty.handler.HttpHandler - 

Request DefaultHttpRequest(decodeResult: success, version: HTTP/1.1)
POST /session/cce947badb6cfe1f4f900acd259c110c/execute/sync HTTP/1.1
User-Agent: selenium/4.0.0-alpha-4 (java windows)
Content-Length: 39635
Content-Type: application/json; charset=utf-8
host: localhost:1868
accept: */*

Response DefaultHttpResponse(decodeResult: success, version: HTTP/1.1)
HTTP/1.1 200 OK
Content-Length: 12
Content-Type: application/json; charset=utf-8
cache-control: no-cache

13:47:26.302 [AsyncHttpClient-3-1] DEBUG org.asynchttpclient.netty.channel.ChannelManager - Adding key: http://localhost:1868 for channel [id: 0xc1211d87, L:/127.0.0.1:61940 - R:localhost/127.0.0.1:1868]
13:47:26.304 [Forwarding findElement on session cce947badb6cfe1f4f900acd259c110c to remote] DEBUG org.asynchttpclient.netty.request.NettyRequestSender - Using pooled Channel '[id: 0xc1211d87, L:/127.0.0.1:61940 - R:localhost/127.0.0.1:1868]' for 'POST' to 'http://localhost:1868/session/cce947badb6cfe1f4f900acd259c110c/element'
13:47:26.304 [Forwarding findElement on session cce947badb6cfe1f4f900acd259c110c to remote] DEBUG org.asynchttpclient.netty.request.NettyRequestSender - Using open Channel [id: 0xc1211d87, L:/127.0.0.1:61940 - R:localhost/127.0.0.1:1868] for POST '/session/cce947badb6cfe1f4f900acd259c110c/element'
13:47:26.311 [AsyncHttpClient-3-1] DEBUG org.asynchttpclient.netty.handler.HttpHandler - 

Request DefaultHttpRequest(decodeResult: success, version: HTTP/1.1)
POST /session/cce947badb6cfe1f4f900acd259c110c/element HTTP/1.1
User-Agent: selenium/4.0.0-alpha-4 (java windows)
Content-Length: 62
Content-Type: application/json; charset=utf-8
host: localhost:1868
accept: */*

Response DefaultHttpResponse(decodeResult: success, version: HTTP/1.1)
HTTP/1.1 200 OK
Content-Length: 88
Content-Type: application/json; charset=utf-8
cache-control: no-cache

13:47:26.311 [AsyncHttpClient-3-1] DEBUG org.asynchttpclient.netty.channel.ChannelManager - Adding key: http://localhost:1868 for channel [id: 0xc1211d87, L:/127.0.0.1:61940 - R:localhost/127.0.0.1:1868]
13:47:26.313 [Forwarding clearElement on session cce947badb6cfe1f4f900acd259c110c to remote] DEBUG org.asynchttpclient.netty.request.NettyRequestSender - Using pooled Channel '[id: 0xc1211d87, L:/127.0.0.1:61940 - R:localhost/127.0.0.1:1868]' for 'POST' to 'http://localhost:1868/session/cce947badb6cfe1f4f900acd259c110c/element/a86c64fd-b270-4733-8ff6-00b9705d1f3b/clear'
13:47:26.313 [Forwarding clearElement on session cce947badb6cfe1f4f900acd259c110c to remote] DEBUG org.asynchttpclient.netty.request.NettyRequestSender - Using open Channel [id: 0xc1211d87, L:/127.0.0.1:61940 - R:localhost/127.0.0.1:1868] for POST '/session/cce947badb6cfe1f4f900acd259c110c/element/a86c64fd-b270-4733-8ff6-00b9705d1f3b/clear'
13:47:26.339 [AsyncHttpClient-3-1] DEBUG org.asynchttpclient.netty.handler.HttpHandler - 

Request DefaultHttpRequest(decodeResult: success, version: HTTP/1.1)
POST /session/cce947badb6cfe1f4f900acd259c110c/element/a86c64fd-b270-4733-8ff6-00b9705d1f3b/clear HTTP/1.1
User-Agent: selenium/4.0.0-alpha-4 (java windows)
Content-Length: 50
Content-Type: application/json; charset=utf-8
host: localhost:1868
accept: */*

Response DefaultHttpResponse(decodeResult: success, version: HTTP/1.1)
HTTP/1.1 200 OK
Content-Length: 14
Content-Type: application/json; charset=utf-8
cache-control: no-cache

13:47:26.339 [AsyncHttpClient-3-1] DEBUG org.asynchttpclient.netty.channel.ChannelManager - Adding key: http://localhost:1868 for channel [id: 0xc1211d87, L:/127.0.0.1:61940 - R:localhost/127.0.0.1:1868]
13:47:26.341 [Forwarding findElement on session cce947badb6cfe1f4f900acd259c110c to remote] DEBUG org.asynchttpclient.netty.request.NettyRequestSender - Using pooled Channel '[id: 0xc1211d87, L:/127.0.0.1:61940 - R:localhost/127.0.0.1:1868]' for 'POST' to 'http://localhost:1868/session/cce947badb6cfe1f4f900acd259c110c/element'
13:47:26.341 [Forwarding findElement on session cce947badb6cfe1f4f900acd259c110c to remote] DEBUG org.asynchttpclient.netty.request.NettyRequestSender - Using open Channel [id: 0xc1211d87, L:/127.0.0.1:61940 - R:localhost/127.0.0.1:1868] for POST '/session/cce947badb6cfe1f4f900acd259c110c/element'
13:47:26.349 [AsyncHttpClient-3-1] DEBUG org.asynchttpclient.netty.handler.HttpHandler - 

Request DefaultHttpRequest(decodeResult: success, version: HTTP/1.1)
POST /session/cce947badb6cfe1f4f900acd259c110c/element HTTP/1.1
User-Agent: selenium/4.0.0-alpha-4 (java windows)
Content-Length: 62
Content-Type: application/json; charset=utf-8
host: localhost:1868
accept: */*

Response DefaultHttpResponse(decodeResult: success, version: HTTP/1.1)
HTTP/1.1 200 OK
Content-Length: 88
Content-Type: application/json; charset=utf-8
cache-control: no-cache

13:47:26.349 [AsyncHttpClient-3-1] DEBUG org.asynchttpclient.netty.channel.ChannelManager - Adding key: http://localhost:1868 for channel [id: 0xc1211d87, L:/127.0.0.1:61940 - R:localhost/127.0.0.1:1868]
13:47:26.356 [Forwarding sendKeysToElement on session cce947badb6cfe1f4f900acd259c110c to remote] DEBUG org.asynchttpclient.netty.request.NettyRequestSender - Using pooled Channel '[id: 0xc1211d87, L:/127.0.0.1:61940 - R:localhost/127.0.0.1:1868]' for 'POST' to 'http://localhost:1868/session/cce947badb6cfe1f4f900acd259c110c/element/a86c64fd-b270-4733-8ff6-00b9705d1f3b/value'
13:47:26.356 [Forwarding sendKeysToElement on session cce947badb6cfe1f4f900acd259c110c to remote] DEBUG org.asynchttpclient.netty.request.NettyRequestSender - Using open Channel [id: 0xc1211d87, L:/127.0.0.1:61940 - R:localhost/127.0.0.1:1868] for POST '/session/cce947badb6cfe1f4f900acd259c110c/element/a86c64fd-b270-4733-8ff6-00b9705d1f3b/value'
13:47:26.368 [AsyncHttpClient-timer-6-1] DEBUG org.asynchttpclient.netty.channel.DefaultChannelPool - Entry count for : http://localhost:61941 : 1
13:47:26.424 [AsyncHttpClient-3-1] DEBUG org.asynchttpclient.netty.handler.HttpHandler - 

Request DefaultHttpRequest(decodeResult: success, version: HTTP/1.1)
POST /session/cce947badb6cfe1f4f900acd259c110c/element/a86c64fd-b270-4733-8ff6-00b9705d1f3b/value HTTP/1.1
User-Agent: selenium/4.0.0-alpha-4 (java windows)
Content-Length: 251
Content-Type: application/json; charset=utf-8
host: localhost:1868
accept: */*

Response DefaultHttpResponse(decodeResult: success, version: HTTP/1.1)
HTTP/1.1 200 OK
Content-Length: 14
Content-Type: application/json; charset=utf-8
cache-control: no-cache

13:47:26.425 [AsyncHttpClient-3-1] DEBUG org.asynchttpclient.netty.channel.ChannelManager - Adding key: http://localhost:1868 for channel [id: 0xc1211d87, L:/127.0.0.1:61940 - R:localhost/127.0.0.1:1868]
13:47:26.426 [Forwarding findElement on session cce947badb6cfe1f4f900acd259c110c to remote] DEBUG org.asynchttpclient.netty.request.NettyRequestSender - Using pooled Channel '[id: 0xc1211d87, L:/127.0.0.1:61940 - R:localhost/127.0.0.1:1868]' for 'POST' to 'http://localhost:1868/session/cce947badb6cfe1f4f900acd259c110c/element'
13:47:26.426 [Forwarding findElement on session cce947badb6cfe1f4f900acd259c110c to remote] DEBUG org.asynchttpclient.netty.request.NettyRequestSender - Using open Channel [id: 0xc1211d87, L:/127.0.0.1:61940 - R:localhost/127.0.0.1:1868] for POST '/session/cce947badb6cfe1f4f900acd259c110c/element'
13:47:26.438 [AsyncHttpClient-3-1] DEBUG org.asynchttpclient.netty.handler.HttpHandler - 

Request DefaultHttpRequest(decodeResult: success, version: HTTP/1.1)
POST /session/cce947badb6cfe1f4f900acd259c110c/element HTTP/1.1
User-Agent: selenium/4.0.0-alpha-4 (java windows)
Content-Length: 59
Content-Type: application/json; charset=utf-8
host: localhost:1868
accept: */*

Response DefaultHttpResponse(decodeResult: success, version: HTTP/1.1)
HTTP/1.1 200 OK
Content-Length: 88
Content-Type: application/json; charset=utf-8
cache-control: no-cache

13:47:26.438 [AsyncHttpClient-3-1] DEBUG org.asynchttpclient.netty.channel.ChannelManager - Adding key: http://localhost:1868 for channel [id: 0xc1211d87, L:/127.0.0.1:61940 - R:localhost/127.0.0.1:1868]
13:47:26.440 [Forwarding clickElement on session cce947badb6cfe1f4f900acd259c110c to remote] DEBUG org.asynchttpclient.netty.request.NettyRequestSender - Using pooled Channel '[id: 0xc1211d87, L:/127.0.0.1:61940 - R:localhost/127.0.0.1:1868]' for 'POST' to 'http://localhost:1868/session/cce947badb6cfe1f4f900acd259c110c/element/4c584bfc-c7dc-40d6-95b9-1eaf949a167e/click'
13:47:26.440 [Forwarding clickElement on session cce947badb6cfe1f4f900acd259c110c to remote] DEBUG org.asynchttpclient.netty.request.NettyRequestSender - Using open Channel [id: 0xc1211d87, L:/127.0.0.1:61940 - R:localhost/127.0.0.1:1868] for POST '/session/cce947badb6cfe1f4f900acd259c110c/element/4c584bfc-c7dc-40d6-95b9-1eaf949a167e/click'
13:47:26.491 [AsyncHttpClient-3-1] DEBUG org.asynchttpclient.netty.handler.HttpHandler - 

Request DefaultHttpRequest(decodeResult: success, version: HTTP/1.1)
POST /session/cce947badb6cfe1f4f900acd259c110c/element/4c584bfc-c7dc-40d6-95b9-1eaf949a167e/click HTTP/1.1
User-Agent: selenium/4.0.0-alpha-4 (java windows)
Content-Length: 50
Content-Type: application/json; charset=utf-8
host: localhost:1868
accept: */*

Response DefaultHttpResponse(decodeResult: success, version: HTTP/1.1)
HTTP/1.1 200 OK
Content-Length: 14
Content-Type: application/json; charset=utf-8
cache-control: no-cache

13:47:26.491 [AsyncHttpClient-3-1] DEBUG org.asynchttpclient.netty.channel.ChannelManager - Adding key: http://localhost:1868 for channel [id: 0xc1211d87, L:/127.0.0.1:61940 - R:localhost/127.0.0.1:1868]
13:47:26.493 [Forwarding findElement on session cce947badb6cfe1f4f900acd259c110c to remote] DEBUG org.asynchttpclient.netty.request.NettyRequestSender - Using pooled Channel '[id: 0xc1211d87, L:/127.0.0.1:61940 - R:localhost/127.0.0.1:1868]' for 'POST' to 'http://localhost:1868/session/cce947badb6cfe1f4f900acd259c110c/element'
13:47:26.493 [Forwarding findElement on session cce947badb6cfe1f4f900acd259c110c to remote] DEBUG org.asynchttpclient.netty.request.NettyRequestSender - Using open Channel [id: 0xc1211d87, L:/127.0.0.1:61940 - R:localhost/127.0.0.1:1868] for POST '/session/cce947badb6cfe1f4f900acd259c110c/element'
13:47:26.500 [AsyncHttpClient-3-1] DEBUG org.asynchttpclient.netty.handler.HttpHandler - 

Request DefaultHttpRequest(decodeResult: success, version: HTTP/1.1)
POST /session/cce947badb6cfe1f4f900acd259c110c/element HTTP/1.1
User-Agent: selenium/4.0.0-alpha-4 (java windows)
Content-Length: 59
Content-Type: application/json; charset=utf-8
host: localhost:1868
accept: */*

Response DefaultHttpResponse(decodeResult: success, version: HTTP/1.1)
HTTP/1.1 200 OK
Content-Length: 88
Content-Type: application/json; charset=utf-8
cache-control: no-cache

13:47:26.501 [AsyncHttpClient-3-1] DEBUG org.asynchttpclient.netty.channel.ChannelManager - Adding key: http://localhost:1868 for channel [id: 0xc1211d87, L:/127.0.0.1:61940 - R:localhost/127.0.0.1:1868]
13:47:26.509 [Forwarding getElementAttribute on session cce947badb6cfe1f4f900acd259c110c to remote] DEBUG org.asynchttpclient.netty.request.NettyRequestSender - Using pooled Channel '[id: 0xc1211d87, L:/127.0.0.1:61940 - R:localhost/127.0.0.1:1868]' for 'POST' to 'http://localhost:1868/session/cce947badb6cfe1f4f900acd259c110c/execute/sync'
13:47:26.509 [Forwarding getElementAttribute on session cce947badb6cfe1f4f900acd259c110c to remote] DEBUG org.asynchttpclient.netty.request.NettyRequestSender - Using open Channel [id: 0xc1211d87, L:/127.0.0.1:61940 - R:localhost/127.0.0.1:1868] for POST '/session/cce947badb6cfe1f4f900acd259c110c/execute/sync'
13:47:26.523 [AsyncHttpClient-3-1] DEBUG org.asynchttpclient.netty.handler.HttpHandler - 

Request DefaultHttpRequest(decodeResult: success, version: HTTP/1.1)
POST /session/cce947badb6cfe1f4f900acd259c110c/execute/sync HTTP/1.1
User-Agent: selenium/4.0.0-alpha-4 (java windows)
Content-Length: 39635
Content-Type: application/json; charset=utf-8
host: localhost:1868
accept: */*

Response DefaultHttpResponse(decodeResult: success, version: HTTP/1.1)
HTTP/1.1 200 OK
Content-Length: 12
Content-Type: application/json; charset=utf-8
cache-control: no-cache

13:47:26.523 [AsyncHttpClient-3-1] DEBUG org.asynchttpclient.netty.channel.ChannelManager - Adding key: http://localhost:1868 for channel [id: 0xc1211d87, L:/127.0.0.1:61940 - R:localhost/127.0.0.1:1868]
13:47:26.525 [Forwarding findElement on session cce947badb6cfe1f4f900acd259c110c to remote] DEBUG org.asynchttpclient.netty.request.NettyRequestSender - Using pooled Channel '[id: 0xc1211d87, L:/127.0.0.1:61940 - R:localhost/127.0.0.1:1868]' for 'POST' to 'http://localhost:1868/session/cce947badb6cfe1f4f900acd259c110c/element'
13:47:26.525 [Forwarding findElement on session cce947badb6cfe1f4f900acd259c110c to remote] DEBUG org.asynchttpclient.netty.request.NettyRequestSender - Using open Channel [id: 0xc1211d87, L:/127.0.0.1:61940 - R:localhost/127.0.0.1:1868] for POST '/session/cce947badb6cfe1f4f900acd259c110c/element'
13:47:26.532 [AsyncHttpClient-3-1] DEBUG org.asynchttpclient.netty.handler.HttpHandler - 

Request DefaultHttpRequest(decodeResult: success, version: HTTP/1.1)
POST /session/cce947badb6cfe1f4f900acd259c110c/element HTTP/1.1
User-Agent: selenium/4.0.0-alpha-4 (java windows)
Content-Length: 59
Content-Type: application/json; charset=utf-8
host: localhost:1868
accept: */*

Response DefaultHttpResponse(decodeResult: success, version: HTTP/1.1)
HTTP/1.1 200 OK
Content-Length: 88
Content-Type: application/json; charset=utf-8
cache-control: no-cache

13:47:26.532 [AsyncHttpClient-3-1] DEBUG org.asynchttpclient.netty.channel.ChannelManager - Adding key: http://localhost:1868 for channel [id: 0xc1211d87, L:/127.0.0.1:61940 - R:localhost/127.0.0.1:1868]
13:47:26.535 [Forwarding clearElement on session cce947badb6cfe1f4f900acd259c110c to remote] DEBUG org.asynchttpclient.netty.request.NettyRequestSender - Using pooled Channel '[id: 0xc1211d87, L:/127.0.0.1:61940 - R:localhost/127.0.0.1:1868]' for 'POST' to 'http://localhost:1868/session/cce947badb6cfe1f4f900acd259c110c/element/4c584bfc-c7dc-40d6-95b9-1eaf949a167e/clear'
13:47:26.535 [Forwarding clearElement on session cce947badb6cfe1f4f900acd259c110c to remote] DEBUG org.asynchttpclient.netty.request.NettyRequestSender - Using open Channel [id: 0xc1211d87, L:/127.0.0.1:61940 - R:localhost/127.0.0.1:1868] for POST '/session/cce947badb6cfe1f4f900acd259c110c/element/4c584bfc-c7dc-40d6-95b9-1eaf949a167e/clear'
13:47:26.560 [AsyncHttpClient-3-1] DEBUG org.asynchttpclient.netty.handler.HttpHandler - 

Request DefaultHttpRequest(decodeResult: success, version: HTTP/1.1)
POST /session/cce947badb6cfe1f4f900acd259c110c/element/4c584bfc-c7dc-40d6-95b9-1eaf949a167e/clear HTTP/1.1
User-Agent: selenium/4.0.0-alpha-4 (java windows)
Content-Length: 50
Content-Type: application/json; charset=utf-8
host: localhost:1868
accept: */*

Response DefaultHttpResponse(decodeResult: success, version: HTTP/1.1)
HTTP/1.1 200 OK
Content-Length: 14
Content-Type: application/json; charset=utf-8
cache-control: no-cache

13:47:26.561 [AsyncHttpClient-3-1] DEBUG org.asynchttpclient.netty.channel.ChannelManager - Adding key: http://localhost:1868 for channel [id: 0xc1211d87, L:/127.0.0.1:61940 - R:localhost/127.0.0.1:1868]
13:47:26.562 [Forwarding findElement on session cce947badb6cfe1f4f900acd259c110c to remote] DEBUG org.asynchttpclient.netty.request.NettyRequestSender - Using pooled Channel '[id: 0xc1211d87, L:/127.0.0.1:61940 - R:localhost/127.0.0.1:1868]' for 'POST' to 'http://localhost:1868/session/cce947badb6cfe1f4f900acd259c110c/element'
13:47:26.562 [Forwarding findElement on session cce947badb6cfe1f4f900acd259c110c to remote] DEBUG org.asynchttpclient.netty.request.NettyRequestSender - Using open Channel [id: 0xc1211d87, L:/127.0.0.1:61940 - R:localhost/127.0.0.1:1868] for POST '/session/cce947badb6cfe1f4f900acd259c110c/element'
13:47:26.570 [AsyncHttpClient-3-1] DEBUG org.asynchttpclient.netty.handler.HttpHandler - 

Request DefaultHttpRequest(decodeResult: success, version: HTTP/1.1)
POST /session/cce947badb6cfe1f4f900acd259c110c/element HTTP/1.1
User-Agent: selenium/4.0.0-alpha-4 (java windows)
Content-Length: 59
Content-Type: application/json; charset=utf-8
host: localhost:1868
accept: */*

Response DefaultHttpResponse(decodeResult: success, version: HTTP/1.1)
HTTP/1.1 200 OK
Content-Length: 88
Content-Type: application/json; charset=utf-8
cache-control: no-cache

13:47:26.571 [AsyncHttpClient-3-1] DEBUG org.asynchttpclient.netty.channel.ChannelManager - Adding key: http://localhost:1868 for channel [id: 0xc1211d87, L:/127.0.0.1:61940 - R:localhost/127.0.0.1:1868]
13:47:26.574 [Forwarding sendKeysToElement on session cce947badb6cfe1f4f900acd259c110c to remote] DEBUG org.asynchttpclient.netty.request.NettyRequestSender - Using pooled Channel '[id: 0xc1211d87, L:/127.0.0.1:61940 - R:localhost/127.0.0.1:1868]' for 'POST' to 'http://localhost:1868/session/cce947badb6cfe1f4f900acd259c110c/element/4c584bfc-c7dc-40d6-95b9-1eaf949a167e/value'
13:47:26.574 [Forwarding sendKeysToElement on session cce947badb6cfe1f4f900acd259c110c to remote] DEBUG org.asynchttpclient.netty.request.NettyRequestSender - Using open Channel [id: 0xc1211d87, L:/127.0.0.1:61940 - R:localhost/127.0.0.1:1868] for POST '/session/cce947badb6cfe1f4f900acd259c110c/element/4c584bfc-c7dc-40d6-95b9-1eaf949a167e/value'
13:47:26.659 [AsyncHttpClient-3-1] DEBUG org.asynchttpclient.netty.handler.HttpHandler - 

Request DefaultHttpRequest(decodeResult: success, version: HTTP/1.1)
POST /session/cce947badb6cfe1f4f900acd259c110c/element/4c584bfc-c7dc-40d6-95b9-1eaf949a167e/value HTTP/1.1
User-Agent: selenium/4.0.0-alpha-4 (java windows)
Content-Length: 351
Content-Type: application/json; charset=utf-8
host: localhost:1868
accept: */*

Response DefaultHttpResponse(decodeResult: success, version: HTTP/1.1)
HTTP/1.1 200 OK
Content-Length: 14
Content-Type: application/json; charset=utf-8
cache-control: no-cache

13:47:26.659 [AsyncHttpClient-3-1] DEBUG org.asynchttpclient.netty.channel.ChannelManager - Adding key: http://localhost:1868 for channel [id: 0xc1211d87, L:/127.0.0.1:61940 - R:localhost/127.0.0.1:1868]
13:47:26.661 [Forwarding findElement on session cce947badb6cfe1f4f900acd259c110c to remote] DEBUG org.asynchttpclient.netty.request.NettyRequestSender - Using pooled Channel '[id: 0xc1211d87, L:/127.0.0.1:61940 - R:localhost/127.0.0.1:1868]' for 'POST' to 'http://localhost:1868/session/cce947badb6cfe1f4f900acd259c110c/element'
13:47:26.661 [Forwarding findElement on session cce947badb6cfe1f4f900acd259c110c to remote] DEBUG org.asynchttpclient.netty.request.NettyRequestSender - Using open Channel [id: 0xc1211d87, L:/127.0.0.1:61940 - R:localhost/127.0.0.1:1868] for POST '/session/cce947badb6cfe1f4f900acd259c110c/element'
13:47:26.673 [AsyncHttpClient-3-1] DEBUG org.asynchttpclient.netty.handler.HttpHandler - 

Request DefaultHttpRequest(decodeResult: success, version: HTTP/1.1)
POST /session/cce947badb6cfe1f4f900acd259c110c/element HTTP/1.1
User-Agent: selenium/4.0.0-alpha-4 (java windows)
Content-Length: 64
Content-Type: application/json; charset=utf-8
host: localhost:1868
accept: */*

Response DefaultHttpResponse(decodeResult: success, version: HTTP/1.1)
HTTP/1.1 200 OK
Content-Length: 88
Content-Type: application/json; charset=utf-8
cache-control: no-cache

13:47:26.674 [AsyncHttpClient-3-1] DEBUG org.asynchttpclient.netty.channel.ChannelManager - Adding key: http://localhost:1868 for channel [id: 0xc1211d87, L:/127.0.0.1:61940 - R:localhost/127.0.0.1:1868]
13:47:26.675 [Forwarding clickElement on session cce947badb6cfe1f4f900acd259c110c to remote] DEBUG org.asynchttpclient.netty.request.NettyRequestSender - Using pooled Channel '[id: 0xc1211d87, L:/127.0.0.1:61940 - R:localhost/127.0.0.1:1868]' for 'POST' to 'http://localhost:1868/session/cce947badb6cfe1f4f900acd259c110c/element/c1a8bd60-99f2-4d26-975c-c17a6f9cfc37/click'
13:47:26.675 [Forwarding clickElement on session cce947badb6cfe1f4f900acd259c110c to remote] DEBUG org.asynchttpclient.netty.request.NettyRequestSender - Using open Channel [id: 0xc1211d87, L:/127.0.0.1:61940 - R:localhost/127.0.0.1:1868] for POST '/session/cce947badb6cfe1f4f900acd259c110c/element/c1a8bd60-99f2-4d26-975c-c17a6f9cfc37/click'
13:47:26.909 [org.subethamail.smtp.server.Session-/0:0:0:0:0:0:0:1:62032] DEBUG org.subethamail.smtp.server.Session - SMTP connection from 0:0:0:0:0:0:0:1/0:0:0:0:0:0:0:1, new connection count: 1
13:47:26.909 [org.subethamail.smtp.server.Session-/0:0:0:0:0:0:0:1:62032] DEBUG org.subethamail.smtp.server.Session - Server: 220 192.168.0.28 ESMTP SubEthaSMTP 3.1.7
13:47:26.910 [org.subethamail.smtp.server.Session-/0:0:0:0:0:0:0:1:62032] DEBUG org.subethamail.smtp.server.Session - Client: EHLO localhost
13:47:26.910 [org.subethamail.smtp.server.Session-/0:0:0:0:0:0:0:1:62032] DEBUG org.subethamail.smtp.server.Session - Server: 250-192.168.0.28
250-8BITMIME
250 Ok
13:47:26.910 [org.subethamail.smtp.server.Session-/0:0:0:0:0:0:0:1:62032] DEBUG org.subethamail.smtp.server.Session - Client: MAIL FROM:<admin@example.com>
13:47:26.915 [org.subethamail.smtp.server.Session-/0:0:0:0:0:0:0:1:62032] DEBUG org.subethamail.smtp.server.Session - Server: 250 Ok
13:47:26.915 [org.subethamail.smtp.server.Session-/0:0:0:0:0:0:0:1:62032] DEBUG org.subethamail.smtp.server.Session - Client: RCPT TO:<user1585997236530@localhost>
13:47:26.916 [org.subethamail.smtp.server.Session-/0:0:0:0:0:0:0:1:62032] DEBUG org.subethamail.wiser.Wiser - Accepting mail from admin@example.com to user1585997236530@localhost
13:47:26.916 [org.subethamail.smtp.server.Session-/0:0:0:0:0:0:0:1:62032] DEBUG org.subethamail.smtp.server.Session - Server: 250 Ok
13:47:26.916 [org.subethamail.smtp.server.Session-/0:0:0:0:0:0:0:1:62032] DEBUG org.subethamail.smtp.server.Session - Client: DATA
13:47:26.916 [org.subethamail.smtp.server.Session-/0:0:0:0:0:0:0:1:62032] DEBUG org.subethamail.smtp.server.Session - Server: 354 End data with <CR><LF>.<CR><LF>
13:47:26.924 [org.subethamail.smtp.server.Session-/0:0:0:0:0:0:0:1:62032] DEBUG org.subethamail.wiser.Wiser - Delivering mail from admin@example.com to user1585997236530@localhost
13:47:26.925 [org.subethamail.smtp.server.Session-/0:0:0:0:0:0:0:1:62032] DEBUG org.subethamail.wiser.Wiser - Creating message from data with 2752 bytes
13:47:26.926 [org.subethamail.smtp.server.Session-/0:0:0:0:0:0:0:1:62032] DEBUG org.subethamail.smtp.server.Session - Server: 250 Ok
13:47:26.926 [org.subethamail.smtp.server.Session-/0:0:0:0:0:0:0:1:62032] DEBUG org.subethamail.smtp.server.Session - Client: RSET
13:47:26.926 [org.subethamail.smtp.server.Session-/0:0:0:0:0:0:0:1:62032] DEBUG org.subethamail.smtp.server.Session - Server: 250 Ok
13:47:26.955 [org.subethamail.smtp.server.Session-/0:0:0:0:0:0:0:1:62032] DEBUG org.subethamail.smtp.server.Session - Client: QUIT
13:47:26.955 [org.subethamail.smtp.server.Session-/0:0:0:0:0:0:0:1:62032] DEBUG org.subethamail.smtp.server.Session - Server: 221 Bye
13:47:26.957 [org.subethamail.smtp.server.Session-/0:0:0:0:0:0:0:1:62033] DEBUG org.subethamail.smtp.server.Session - SMTP connection from 0:0:0:0:0:0:0:1/0:0:0:0:0:0:0:1, new connection count: 1
13:47:26.957 [org.subethamail.smtp.server.Session-/0:0:0:0:0:0:0:1:62033] DEBUG org.subethamail.smtp.server.Session - Server: 220 192.168.0.28 ESMTP SubEthaSMTP 3.1.7
13:47:26.958 [org.subethamail.smtp.server.Session-/0:0:0:0:0:0:0:1:62033] DEBUG org.subethamail.smtp.server.Session - Client: EHLO localhost
13:47:26.958 [org.subethamail.smtp.server.Session-/0:0:0:0:0:0:0:1:62033] DEBUG org.subethamail.smtp.server.Session - Server: 250-192.168.0.28
250-8BITMIME
250 Ok
13:47:26.958 [org.subethamail.smtp.server.Session-/0:0:0:0:0:0:0:1:62033] DEBUG org.subethamail.smtp.server.Session - Client: MAIL FROM:<admin@example.com>
13:47:26.958 [org.subethamail.smtp.server.Session-/0:0:0:0:0:0:0:1:62033] DEBUG org.subethamail.smtp.server.Session - Server: 250 Ok
13:47:26.959 [org.subethamail.smtp.server.Session-/0:0:0:0:0:0:0:1:62033] DEBUG org.subethamail.smtp.server.Session - Client: RCPT TO:<root@localhost>
13:47:26.959 [org.subethamail.smtp.server.Session-/0:0:0:0:0:0:0:1:62033] DEBUG org.subethamail.wiser.Wiser - Accepting mail from admin@example.com to root@localhost
13:47:26.959 [org.subethamail.smtp.server.Session-/0:0:0:0:0:0:0:1:62033] DEBUG org.subethamail.smtp.server.Session - Server: 250 Ok
13:47:26.959 [org.subethamail.smtp.server.Session-/0:0:0:0:0:0:0:1:62033] DEBUG org.subethamail.smtp.server.Session - Client: DATA
13:47:26.959 [org.subethamail.smtp.server.Session-/0:0:0:0:0:0:0:1:62033] DEBUG org.subethamail.smtp.server.Session - Server: 354 End data with <CR><LF>.<CR><LF>
13:47:26.960 [org.subethamail.smtp.server.Session-/0:0:0:0:0:0:0:1:62033] DEBUG org.subethamail.wiser.Wiser - Delivering mail from admin@example.com to root@localhost
13:47:26.960 [org.subethamail.smtp.server.Session-/0:0:0:0:0:0:0:1:62033] DEBUG org.subethamail.wiser.Wiser - Creating message from data with 851 bytes
13:47:26.960 [org.subethamail.smtp.server.Session-/0:0:0:0:0:0:0:1:62033] DEBUG org.subethamail.smtp.server.Session - Server: 250 Ok
13:47:26.961 [org.subethamail.smtp.server.Session-/0:0:0:0:0:0:0:1:62033] DEBUG org.subethamail.smtp.server.Session - Client: RSET
13:47:26.961 [org.subethamail.smtp.server.Session-/0:0:0:0:0:0:0:1:62033] DEBUG org.subethamail.smtp.server.Session - Server: 250 Ok
13:47:26.989 [org.subethamail.smtp.server.Session-/0:0:0:0:0:0:0:1:62033] DEBUG org.subethamail.smtp.server.Session - Client: QUIT
13:47:26.989 [org.subethamail.smtp.server.Session-/0:0:0:0:0:0:0:1:62033] DEBUG org.subethamail.smtp.server.Session - Server: 221 Bye
13:47:27.128 [AsyncHttpClient-3-1] DEBUG org.asynchttpclient.netty.handler.HttpHandler - 

Request DefaultHttpRequest(decodeResult: success, version: HTTP/1.1)
POST /session/cce947badb6cfe1f4f900acd259c110c/element/c1a8bd60-99f2-4d26-975c-c17a6f9cfc37/click HTTP/1.1
User-Agent: selenium/4.0.0-alpha-4 (java windows)
Content-Length: 50
Content-Type: application/json; charset=utf-8
host: localhost:1868
accept: */*

Response DefaultHttpResponse(decodeResult: success, version: HTTP/1.1)
HTTP/1.1 200 OK
Content-Length: 14
Content-Type: application/json; charset=utf-8
cache-control: no-cache

13:47:27.128 [AsyncHttpClient-3-1] DEBUG org.asynchttpclient.netty.channel.ChannelManager - Adding key: http://localhost:1868 for channel [id: 0xc1211d87, L:/127.0.0.1:61940 - R:localhost/127.0.0.1:1868]
13:47:27.169 [Forwarding get on session cce947badb6cfe1f4f900acd259c110c to remote] DEBUG org.asynchttpclient.netty.request.NettyRequestSender - Using pooled Channel '[id: 0xc1211d87, L:/127.0.0.1:61940 - R:localhost/127.0.0.1:1868]' for 'POST' to 'http://localhost:1868/session/cce947badb6cfe1f4f900acd259c110c/url'
13:47:27.169 [Forwarding get on session cce947badb6cfe1f4f900acd259c110c to remote] DEBUG org.asynchttpclient.netty.request.NettyRequestSender - Using open Channel [id: 0xc1211d87, L:/127.0.0.1:61940 - R:localhost/127.0.0.1:1868] for POST '/session/cce947badb6cfe1f4f900acd259c110c/url'
13:47:27.469 [AsyncHttpClient-timer-6-1] DEBUG org.asynchttpclient.netty.channel.DefaultChannelPool - Entry count for : http://localhost:61941 : 1
13:47:27.527 [AsyncHttpClient-3-1] DEBUG org.asynchttpclient.netty.handler.HttpHandler - 

Request DefaultHttpRequest(decodeResult: success, version: HTTP/1.1)
POST /session/cce947badb6cfe1f4f900acd259c110c/url HTTP/1.1
User-Agent: selenium/4.0.0-alpha-4 (java windows)
Content-Length: 187
Content-Type: application/json; charset=utf-8
host: localhost:1868
accept: */*

Response DefaultHttpResponse(decodeResult: success, version: HTTP/1.1)
HTTP/1.1 200 OK
Content-Length: 14
Content-Type: application/json; charset=utf-8
cache-control: no-cache

13:47:27.527 [AsyncHttpClient-3-1] DEBUG org.asynchttpclient.netty.channel.ChannelManager - Adding key: http://localhost:1868 for channel [id: 0xc1211d87, L:/127.0.0.1:61940 - R:localhost/127.0.0.1:1868]
13:47:27.529 [Forwarding findElement on session cce947badb6cfe1f4f900acd259c110c to remote] DEBUG org.asynchttpclient.netty.request.NettyRequestSender - Using pooled Channel '[id: 0xc1211d87, L:/127.0.0.1:61940 - R:localhost/127.0.0.1:1868]' for 'POST' to 'http://localhost:1868/session/cce947badb6cfe1f4f900acd259c110c/element'
13:47:27.529 [Forwarding findElement on session cce947badb6cfe1f4f900acd259c110c to remote] DEBUG org.asynchttpclient.netty.request.NettyRequestSender - Using open Channel [id: 0xc1211d87, L:/127.0.0.1:61940 - R:localhost/127.0.0.1:1868] for POST '/session/cce947badb6cfe1f4f900acd259c110c/element'
13:47:27.542 [AsyncHttpClient-3-1] DEBUG org.asynchttpclient.netty.handler.HttpHandler - 

Request DefaultHttpRequest(decodeResult: success, version: HTTP/1.1)
POST /session/cce947badb6cfe1f4f900acd259c110c/element HTTP/1.1
User-Agent: selenium/4.0.0-alpha-4 (java windows)
Content-Length: 62
Content-Type: application/json; charset=utf-8
host: localhost:1868
accept: */*

Response DefaultHttpResponse(decodeResult: success, version: HTTP/1.1)
HTTP/1.1 200 OK
Content-Length: 88
Content-Type: application/json; charset=utf-8
cache-control: no-cache

13:47:27.542 [AsyncHttpClient-3-1] DEBUG org.asynchttpclient.netty.channel.ChannelManager - Adding key: http://localhost:1868 for channel [id: 0xc1211d87, L:/127.0.0.1:61940 - R:localhost/127.0.0.1:1868]
13:47:27.544 [Forwarding clickElement on session cce947badb6cfe1f4f900acd259c110c to remote] DEBUG org.asynchttpclient.netty.request.NettyRequestSender - Using pooled Channel '[id: 0xc1211d87, L:/127.0.0.1:61940 - R:localhost/127.0.0.1:1868]' for 'POST' to 'http://localhost:1868/session/cce947badb6cfe1f4f900acd259c110c/element/1af095e0-73a0-4a2a-bdfb-f8b0a49ba0ed/click'
13:47:27.544 [Forwarding clickElement on session cce947badb6cfe1f4f900acd259c110c to remote] DEBUG org.asynchttpclient.netty.request.NettyRequestSender - Using open Channel [id: 0xc1211d87, L:/127.0.0.1:61940 - R:localhost/127.0.0.1:1868] for POST '/session/cce947badb6cfe1f4f900acd259c110c/element/1af095e0-73a0-4a2a-bdfb-f8b0a49ba0ed/click'
13:47:27.592 [AsyncHttpClient-3-1] DEBUG org.asynchttpclient.netty.handler.HttpHandler - 

Request DefaultHttpRequest(decodeResult: success, version: HTTP/1.1)
POST /session/cce947badb6cfe1f4f900acd259c110c/element/1af095e0-73a0-4a2a-bdfb-f8b0a49ba0ed/click HTTP/1.1
User-Agent: selenium/4.0.0-alpha-4 (java windows)
Content-Length: 50
Content-Type: application/json; charset=utf-8
host: localhost:1868
accept: */*

Response DefaultHttpResponse(decodeResult: success, version: HTTP/1.1)
HTTP/1.1 200 OK
Content-Length: 14
Content-Type: application/json; charset=utf-8
cache-control: no-cache

13:47:27.592 [AsyncHttpClient-3-1] DEBUG org.asynchttpclient.netty.channel.ChannelManager - Adding key: http://localhost:1868 for channel [id: 0xc1211d87, L:/127.0.0.1:61940 - R:localhost/127.0.0.1:1868]
13:47:27.594 [Forwarding findElement on session cce947badb6cfe1f4f900acd259c110c to remote] DEBUG org.asynchttpclient.netty.request.NettyRequestSender - Using pooled Channel '[id: 0xc1211d87, L:/127.0.0.1:61940 - R:localhost/127.0.0.1:1868]' for 'POST' to 'http://localhost:1868/session/cce947badb6cfe1f4f900acd259c110c/element'
13:47:27.594 [Forwarding findElement on session cce947badb6cfe1f4f900acd259c110c to remote] DEBUG org.asynchttpclient.netty.request.NettyRequestSender - Using open Channel [id: 0xc1211d87, L:/127.0.0.1:61940 - R:localhost/127.0.0.1:1868] for POST '/session/cce947badb6cfe1f4f900acd259c110c/element'
13:47:27.602 [AsyncHttpClient-3-1] DEBUG org.asynchttpclient.netty.handler.HttpHandler - 

Request DefaultHttpRequest(decodeResult: success, version: HTTP/1.1)
POST /session/cce947badb6cfe1f4f900acd259c110c/element HTTP/1.1
User-Agent: selenium/4.0.0-alpha-4 (java windows)
Content-Length: 62
Content-Type: application/json; charset=utf-8
host: localhost:1868
accept: */*

Response DefaultHttpResponse(decodeResult: success, version: HTTP/1.1)
HTTP/1.1 200 OK
Content-Length: 88
Content-Type: application/json; charset=utf-8
cache-control: no-cache

13:47:27.602 [AsyncHttpClient-3-1] DEBUG org.asynchttpclient.netty.channel.ChannelManager - Adding key: http://localhost:1868 for channel [id: 0xc1211d87, L:/127.0.0.1:61940 - R:localhost/127.0.0.1:1868]
13:47:27.607 [Forwarding getElementAttribute on session cce947badb6cfe1f4f900acd259c110c to remote] DEBUG org.asynchttpclient.netty.request.NettyRequestSender - Using pooled Channel '[id: 0xc1211d87, L:/127.0.0.1:61940 - R:localhost/127.0.0.1:1868]' for 'POST' to 'http://localhost:1868/session/cce947badb6cfe1f4f900acd259c110c/execute/sync'
13:47:27.607 [Forwarding getElementAttribute on session cce947badb6cfe1f4f900acd259c110c to remote] DEBUG org.asynchttpclient.netty.request.NettyRequestSender - Using open Channel [id: 0xc1211d87, L:/127.0.0.1:61940 - R:localhost/127.0.0.1:1868] for POST '/session/cce947badb6cfe1f4f900acd259c110c/execute/sync'
13:47:27.617 [AsyncHttpClient-3-1] DEBUG org.asynchttpclient.netty.handler.HttpHandler - 

Request DefaultHttpRequest(decodeResult: success, version: HTTP/1.1)
POST /session/cce947badb6cfe1f4f900acd259c110c/execute/sync HTTP/1.1
User-Agent: selenium/4.0.0-alpha-4 (java windows)
Content-Length: 39635
Content-Type: application/json; charset=utf-8
host: localhost:1868
accept: */*

Response DefaultHttpResponse(decodeResult: success, version: HTTP/1.1)
HTTP/1.1 200 OK
Content-Length: 12
Content-Type: application/json; charset=utf-8
cache-control: no-cache

13:47:27.617 [AsyncHttpClient-3-1] DEBUG org.asynchttpclient.netty.channel.ChannelManager - Adding key: http://localhost:1868 for channel [id: 0xc1211d87, L:/127.0.0.1:61940 - R:localhost/127.0.0.1:1868]
13:47:27.619 [Forwarding findElement on session cce947badb6cfe1f4f900acd259c110c to remote] DEBUG org.asynchttpclient.netty.request.NettyRequestSender - Using pooled Channel '[id: 0xc1211d87, L:/127.0.0.1:61940 - R:localhost/127.0.0.1:1868]' for 'POST' to 'http://localhost:1868/session/cce947badb6cfe1f4f900acd259c110c/element'
13:47:27.619 [Forwarding findElement on session cce947badb6cfe1f4f900acd259c110c to remote] DEBUG org.asynchttpclient.netty.request.NettyRequestSender - Using open Channel [id: 0xc1211d87, L:/127.0.0.1:61940 - R:localhost/127.0.0.1:1868] for POST '/session/cce947badb6cfe1f4f900acd259c110c/element'
13:47:27.626 [AsyncHttpClient-3-1] DEBUG org.asynchttpclient.netty.handler.HttpHandler - 

Request DefaultHttpRequest(decodeResult: success, version: HTTP/1.1)
POST /session/cce947badb6cfe1f4f900acd259c110c/element HTTP/1.1
User-Agent: selenium/4.0.0-alpha-4 (java windows)
Content-Length: 62
Content-Type: application/json; charset=utf-8
host: localhost:1868
accept: */*

Response DefaultHttpResponse(decodeResult: success, version: HTTP/1.1)
HTTP/1.1 200 OK
Content-Length: 88
Content-Type: application/json; charset=utf-8
cache-control: no-cache

13:47:27.626 [AsyncHttpClient-3-1] DEBUG org.asynchttpclient.netty.channel.ChannelManager - Adding key: http://localhost:1868 for channel [id: 0xc1211d87, L:/127.0.0.1:61940 - R:localhost/127.0.0.1:1868]
13:47:27.628 [Forwarding clearElement on session cce947badb6cfe1f4f900acd259c110c to remote] DEBUG org.asynchttpclient.netty.request.NettyRequestSender - Using pooled Channel '[id: 0xc1211d87, L:/127.0.0.1:61940 - R:localhost/127.0.0.1:1868]' for 'POST' to 'http://localhost:1868/session/cce947badb6cfe1f4f900acd259c110c/element/1af095e0-73a0-4a2a-bdfb-f8b0a49ba0ed/clear'
13:47:27.628 [Forwarding clearElement on session cce947badb6cfe1f4f900acd259c110c to remote] DEBUG org.asynchttpclient.netty.request.NettyRequestSender - Using open Channel [id: 0xc1211d87, L:/127.0.0.1:61940 - R:localhost/127.0.0.1:1868] for POST '/session/cce947badb6cfe1f4f900acd259c110c/element/1af095e0-73a0-4a2a-bdfb-f8b0a49ba0ed/clear'
13:47:27.664 [AsyncHttpClient-3-1] DEBUG org.asynchttpclient.netty.handler.HttpHandler - 

Request DefaultHttpRequest(decodeResult: success, version: HTTP/1.1)
POST /session/cce947badb6cfe1f4f900acd259c110c/element/1af095e0-73a0-4a2a-bdfb-f8b0a49ba0ed/clear HTTP/1.1
User-Agent: selenium/4.0.0-alpha-4 (java windows)
Content-Length: 50
Content-Type: application/json; charset=utf-8
host: localhost:1868
accept: */*

Response DefaultHttpResponse(decodeResult: success, version: HTTP/1.1)
HTTP/1.1 200 OK
Content-Length: 14
Content-Type: application/json; charset=utf-8
cache-control: no-cache

13:47:27.665 [AsyncHttpClient-3-1] DEBUG org.asynchttpclient.netty.channel.ChannelManager - Adding key: http://localhost:1868 for channel [id: 0xc1211d87, L:/127.0.0.1:61940 - R:localhost/127.0.0.1:1868]
13:47:27.667 [Forwarding findElement on session cce947badb6cfe1f4f900acd259c110c to remote] DEBUG org.asynchttpclient.netty.request.NettyRequestSender - Using pooled Channel '[id: 0xc1211d87, L:/127.0.0.1:61940 - R:localhost/127.0.0.1:1868]' for 'POST' to 'http://localhost:1868/session/cce947badb6cfe1f4f900acd259c110c/element'
13:47:27.667 [Forwarding findElement on session cce947badb6cfe1f4f900acd259c110c to remote] DEBUG org.asynchttpclient.netty.request.NettyRequestSender - Using open Channel [id: 0xc1211d87, L:/127.0.0.1:61940 - R:localhost/127.0.0.1:1868] for POST '/session/cce947badb6cfe1f4f900acd259c110c/element'
13:47:27.674 [AsyncHttpClient-3-1] DEBUG org.asynchttpclient.netty.handler.HttpHandler - 

Request DefaultHttpRequest(decodeResult: success, version: HTTP/1.1)
POST /session/cce947badb6cfe1f4f900acd259c110c/element HTTP/1.1
User-Agent: selenium/4.0.0-alpha-4 (java windows)
Content-Length: 62
Content-Type: application/json; charset=utf-8
host: localhost:1868
accept: */*

Response DefaultHttpResponse(decodeResult: success, version: HTTP/1.1)
HTTP/1.1 200 OK
Content-Length: 88
Content-Type: application/json; charset=utf-8
cache-control: no-cache

13:47:27.675 [AsyncHttpClient-3-1] DEBUG org.asynchttpclient.netty.channel.ChannelManager - Adding key: http://localhost:1868 for channel [id: 0xc1211d87, L:/127.0.0.1:61940 - R:localhost/127.0.0.1:1868]
13:47:27.677 [Forwarding sendKeysToElement on session cce947badb6cfe1f4f900acd259c110c to remote] DEBUG org.asynchttpclient.netty.request.NettyRequestSender - Using pooled Channel '[id: 0xc1211d87, L:/127.0.0.1:61940 - R:localhost/127.0.0.1:1868]' for 'POST' to 'http://localhost:1868/session/cce947badb6cfe1f4f900acd259c110c/element/1af095e0-73a0-4a2a-bdfb-f8b0a49ba0ed/value'
13:47:27.677 [Forwarding sendKeysToElement on session cce947badb6cfe1f4f900acd259c110c to remote] DEBUG org.asynchttpclient.netty.request.NettyRequestSender - Using open Channel [id: 0xc1211d87, L:/127.0.0.1:61940 - R:localhost/127.0.0.1:1868] for POST '/session/cce947badb6cfe1f4f900acd259c110c/element/1af095e0-73a0-4a2a-bdfb-f8b0a49ba0ed/value'
13:47:27.712 [AsyncHttpClient-3-1] DEBUG org.asynchttpclient.netty.handler.HttpHandler - 

Request DefaultHttpRequest(decodeResult: success, version: HTTP/1.1)
POST /session/cce947badb6cfe1f4f900acd259c110c/element/1af095e0-73a0-4a2a-bdfb-f8b0a49ba0ed/value HTTP/1.1
User-Agent: selenium/4.0.0-alpha-4 (java windows)
Content-Length: 161
Content-Type: application/json; charset=utf-8
host: localhost:1868
accept: */*

Response DefaultHttpResponse(decodeResult: success, version: HTTP/1.1)
HTTP/1.1 200 OK
Content-Length: 14
Content-Type: application/json; charset=utf-8
cache-control: no-cache

13:47:27.713 [AsyncHttpClient-3-1] DEBUG org.asynchttpclient.netty.channel.ChannelManager - Adding key: http://localhost:1868 for channel [id: 0xc1211d87, L:/127.0.0.1:61940 - R:localhost/127.0.0.1:1868]
13:47:27.714 [Forwarding findElement on session cce947badb6cfe1f4f900acd259c110c to remote] DEBUG org.asynchttpclient.netty.request.NettyRequestSender - Using pooled Channel '[id: 0xc1211d87, L:/127.0.0.1:61940 - R:localhost/127.0.0.1:1868]' for 'POST' to 'http://localhost:1868/session/cce947badb6cfe1f4f900acd259c110c/element'
13:47:27.715 [Forwarding findElement on session cce947badb6cfe1f4f900acd259c110c to remote] DEBUG org.asynchttpclient.netty.request.NettyRequestSender - Using open Channel [id: 0xc1211d87, L:/127.0.0.1:61940 - R:localhost/127.0.0.1:1868] for POST '/session/cce947badb6cfe1f4f900acd259c110c/element'
13:47:27.727 [AsyncHttpClient-3-1] DEBUG org.asynchttpclient.netty.handler.HttpHandler - 

Request DefaultHttpRequest(decodeResult: success, version: HTTP/1.1)
POST /session/cce947badb6cfe1f4f900acd259c110c/element HTTP/1.1
User-Agent: selenium/4.0.0-alpha-4 (java windows)
Content-Length: 70
Content-Type: application/json; charset=utf-8
host: localhost:1868
accept: */*

Response DefaultHttpResponse(decodeResult: success, version: HTTP/1.1)
HTTP/1.1 200 OK
Content-Length: 88
Content-Type: application/json; charset=utf-8
cache-control: no-cache

13:47:27.727 [AsyncHttpClient-3-1] DEBUG org.asynchttpclient.netty.channel.ChannelManager - Adding key: http://localhost:1868 for channel [id: 0xc1211d87, L:/127.0.0.1:61940 - R:localhost/127.0.0.1:1868]
13:47:27.729 [Forwarding clickElement on session cce947badb6cfe1f4f900acd259c110c to remote] DEBUG org.asynchttpclient.netty.request.NettyRequestSender - Using pooled Channel '[id: 0xc1211d87, L:/127.0.0.1:61940 - R:localhost/127.0.0.1:1868]' for 'POST' to 'http://localhost:1868/session/cce947badb6cfe1f4f900acd259c110c/element/dae6e311-84e7-4847-a981-aeeeea2b3571/click'
13:47:27.729 [Forwarding clickElement on session cce947badb6cfe1f4f900acd259c110c to remote] DEBUG org.asynchttpclient.netty.request.NettyRequestSender - Using open Channel [id: 0xc1211d87, L:/127.0.0.1:61940 - R:localhost/127.0.0.1:1868] for POST '/session/cce947badb6cfe1f4f900acd259c110c/element/dae6e311-84e7-4847-a981-aeeeea2b3571/click'
13:47:27.774 [AsyncHttpClient-3-1] DEBUG org.asynchttpclient.netty.handler.HttpHandler - 

Request DefaultHttpRequest(decodeResult: success, version: HTTP/1.1)
POST /session/cce947badb6cfe1f4f900acd259c110c/element/dae6e311-84e7-4847-a981-aeeeea2b3571/click HTTP/1.1
User-Agent: selenium/4.0.0-alpha-4 (java windows)
Content-Length: 50
Content-Type: application/json; charset=utf-8
host: localhost:1868
accept: */*

Response DefaultHttpResponse(decodeResult: success, version: HTTP/1.1)
HTTP/1.1 200 OK
Content-Length: 14
Content-Type: application/json; charset=utf-8
cache-control: no-cache

13:47:27.774 [AsyncHttpClient-3-1] DEBUG org.asynchttpclient.netty.channel.ChannelManager - Adding key: http://localhost:1868 for channel [id: 0xc1211d87, L:/127.0.0.1:61940 - R:localhost/127.0.0.1:1868]
13:47:27.776 [Forwarding findElement on session cce947badb6cfe1f4f900acd259c110c to remote] DEBUG org.asynchttpclient.netty.request.NettyRequestSender - Using pooled Channel '[id: 0xc1211d87, L:/127.0.0.1:61940 - R:localhost/127.0.0.1:1868]' for 'POST' to 'http://localhost:1868/session/cce947badb6cfe1f4f900acd259c110c/element'
13:47:27.776 [Forwarding findElement on session cce947badb6cfe1f4f900acd259c110c to remote] DEBUG org.asynchttpclient.netty.request.NettyRequestSender - Using open Channel [id: 0xc1211d87, L:/127.0.0.1:61940 - R:localhost/127.0.0.1:1868] for POST '/session/cce947badb6cfe1f4f900acd259c110c/element'
13:47:27.783 [AsyncHttpClient-3-1] DEBUG org.asynchttpclient.netty.handler.HttpHandler - 

Request DefaultHttpRequest(decodeResult: success, version: HTTP/1.1)
POST /session/cce947badb6cfe1f4f900acd259c110c/element HTTP/1.1
User-Agent: selenium/4.0.0-alpha-4 (java windows)
Content-Length: 70
Content-Type: application/json; charset=utf-8
host: localhost:1868
accept: */*

Response DefaultHttpResponse(decodeResult: success, version: HTTP/1.1)
HTTP/1.1 200 OK
Content-Length: 88
Content-Type: application/json; charset=utf-8
cache-control: no-cache

13:47:27.784 [AsyncHttpClient-3-1] DEBUG org.asynchttpclient.netty.channel.ChannelManager - Adding key: http://localhost:1868 for channel [id: 0xc1211d87, L:/127.0.0.1:61940 - R:localhost/127.0.0.1:1868]
13:47:27.788 [Forwarding getElementAttribute on session cce947badb6cfe1f4f900acd259c110c to remote] DEBUG org.asynchttpclient.netty.request.NettyRequestSender - Using pooled Channel '[id: 0xc1211d87, L:/127.0.0.1:61940 - R:localhost/127.0.0.1:1868]' for 'POST' to 'http://localhost:1868/session/cce947badb6cfe1f4f900acd259c110c/execute/sync'
13:47:27.788 [Forwarding getElementAttribute on session cce947badb6cfe1f4f900acd259c110c to remote] DEBUG org.asynchttpclient.netty.request.NettyRequestSender - Using open Channel [id: 0xc1211d87, L:/127.0.0.1:61940 - R:localhost/127.0.0.1:1868] for POST '/session/cce947badb6cfe1f4f900acd259c110c/execute/sync'
13:47:27.798 [AsyncHttpClient-3-1] DEBUG org.asynchttpclient.netty.handler.HttpHandler - 

Request DefaultHttpRequest(decodeResult: success, version: HTTP/1.1)
POST /session/cce947badb6cfe1f4f900acd259c110c/execute/sync HTTP/1.1
User-Agent: selenium/4.0.0-alpha-4 (java windows)
Content-Length: 39635
Content-Type: application/json; charset=utf-8
host: localhost:1868
accept: */*

Response DefaultHttpResponse(decodeResult: success, version: HTTP/1.1)
HTTP/1.1 200 OK
Content-Length: 12
Content-Type: application/json; charset=utf-8
cache-control: no-cache

13:47:27.798 [AsyncHttpClient-3-1] DEBUG org.asynchttpclient.netty.channel.ChannelManager - Adding key: http://localhost:1868 for channel [id: 0xc1211d87, L:/127.0.0.1:61940 - R:localhost/127.0.0.1:1868]
13:47:27.800 [Forwarding findElement on session cce947badb6cfe1f4f900acd259c110c to remote] DEBUG org.asynchttpclient.netty.request.NettyRequestSender - Using pooled Channel '[id: 0xc1211d87, L:/127.0.0.1:61940 - R:localhost/127.0.0.1:1868]' for 'POST' to 'http://localhost:1868/session/cce947badb6cfe1f4f900acd259c110c/element'
13:47:27.801 [Forwarding findElement on session cce947badb6cfe1f4f900acd259c110c to remote] DEBUG org.asynchttpclient.netty.request.NettyRequestSender - Using open Channel [id: 0xc1211d87, L:/127.0.0.1:61940 - R:localhost/127.0.0.1:1868] for POST '/session/cce947badb6cfe1f4f900acd259c110c/element'
13:47:27.808 [AsyncHttpClient-3-1] DEBUG org.asynchttpclient.netty.handler.HttpHandler - 

Request DefaultHttpRequest(decodeResult: success, version: HTTP/1.1)
POST /session/cce947badb6cfe1f4f900acd259c110c/element HTTP/1.1
User-Agent: selenium/4.0.0-alpha-4 (java windows)
Content-Length: 70
Content-Type: application/json; charset=utf-8
host: localhost:1868
accept: */*

Response DefaultHttpResponse(decodeResult: success, version: HTTP/1.1)
HTTP/1.1 200 OK
Content-Length: 88
Content-Type: application/json; charset=utf-8
cache-control: no-cache

13:47:27.808 [AsyncHttpClient-3-1] DEBUG org.asynchttpclient.netty.channel.ChannelManager - Adding key: http://localhost:1868 for channel [id: 0xc1211d87, L:/127.0.0.1:61940 - R:localhost/127.0.0.1:1868]
13:47:27.809 [Forwarding clearElement on session cce947badb6cfe1f4f900acd259c110c to remote] DEBUG org.asynchttpclient.netty.request.NettyRequestSender - Using pooled Channel '[id: 0xc1211d87, L:/127.0.0.1:61940 - R:localhost/127.0.0.1:1868]' for 'POST' to 'http://localhost:1868/session/cce947badb6cfe1f4f900acd259c110c/element/dae6e311-84e7-4847-a981-aeeeea2b3571/clear'
13:47:27.809 [Forwarding clearElement on session cce947badb6cfe1f4f900acd259c110c to remote] DEBUG org.asynchttpclient.netty.request.NettyRequestSender - Using open Channel [id: 0xc1211d87, L:/127.0.0.1:61940 - R:localhost/127.0.0.1:1868] for POST '/session/cce947badb6cfe1f4f900acd259c110c/element/dae6e311-84e7-4847-a981-aeeeea2b3571/clear'
13:47:27.835 [AsyncHttpClient-3-1] DEBUG org.asynchttpclient.netty.handler.HttpHandler - 

Request DefaultHttpRequest(decodeResult: success, version: HTTP/1.1)
POST /session/cce947badb6cfe1f4f900acd259c110c/element/dae6e311-84e7-4847-a981-aeeeea2b3571/clear HTTP/1.1
User-Agent: selenium/4.0.0-alpha-4 (java windows)
Content-Length: 50
Content-Type: application/json; charset=utf-8
host: localhost:1868
accept: */*

Response DefaultHttpResponse(decodeResult: success, version: HTTP/1.1)
HTTP/1.1 200 OK
Content-Length: 14
Content-Type: application/json; charset=utf-8
cache-control: no-cache

13:47:27.835 [AsyncHttpClient-3-1] DEBUG org.asynchttpclient.netty.channel.ChannelManager - Adding key: http://localhost:1868 for channel [id: 0xc1211d87, L:/127.0.0.1:61940 - R:localhost/127.0.0.1:1868]
13:47:27.837 [Forwarding findElement on session cce947badb6cfe1f4f900acd259c110c to remote] DEBUG org.asynchttpclient.netty.request.NettyRequestSender - Using pooled Channel '[id: 0xc1211d87, L:/127.0.0.1:61940 - R:localhost/127.0.0.1:1868]' for 'POST' to 'http://localhost:1868/session/cce947badb6cfe1f4f900acd259c110c/element'
13:47:27.837 [Forwarding findElement on session cce947badb6cfe1f4f900acd259c110c to remote] DEBUG org.asynchttpclient.netty.request.NettyRequestSender - Using open Channel [id: 0xc1211d87, L:/127.0.0.1:61940 - R:localhost/127.0.0.1:1868] for POST '/session/cce947badb6cfe1f4f900acd259c110c/element'
13:47:27.844 [AsyncHttpClient-3-1] DEBUG org.asynchttpclient.netty.handler.HttpHandler - 

Request DefaultHttpRequest(decodeResult: success, version: HTTP/1.1)
POST /session/cce947badb6cfe1f4f900acd259c110c/element HTTP/1.1
User-Agent: selenium/4.0.0-alpha-4 (java windows)
Content-Length: 70
Content-Type: application/json; charset=utf-8
host: localhost:1868
accept: */*

Response DefaultHttpResponse(decodeResult: success, version: HTTP/1.1)
HTTP/1.1 200 OK
Content-Length: 88
Content-Type: application/json; charset=utf-8
cache-control: no-cache

13:47:27.844 [AsyncHttpClient-3-1] DEBUG org.asynchttpclient.netty.channel.ChannelManager - Adding key: http://localhost:1868 for channel [id: 0xc1211d87, L:/127.0.0.1:61940 - R:localhost/127.0.0.1:1868]
13:47:27.846 [Forwarding sendKeysToElement on session cce947badb6cfe1f4f900acd259c110c to remote] DEBUG org.asynchttpclient.netty.request.NettyRequestSender - Using pooled Channel '[id: 0xc1211d87, L:/127.0.0.1:61940 - R:localhost/127.0.0.1:1868]' for 'POST' to 'http://localhost:1868/session/cce947badb6cfe1f4f900acd259c110c/element/dae6e311-84e7-4847-a981-aeeeea2b3571/value'
13:47:27.846 [Forwarding sendKeysToElement on session cce947badb6cfe1f4f900acd259c110c to remote] DEBUG org.asynchttpclient.netty.request.NettyRequestSender - Using open Channel [id: 0xc1211d87, L:/127.0.0.1:61940 - R:localhost/127.0.0.1:1868] for POST '/session/cce947badb6cfe1f4f900acd259c110c/element/dae6e311-84e7-4847-a981-aeeeea2b3571/value'
13:47:27.881 [AsyncHttpClient-3-1] DEBUG org.asynchttpclient.netty.handler.HttpHandler - 

Request DefaultHttpRequest(decodeResult: success, version: HTTP/1.1)
POST /session/cce947badb6cfe1f4f900acd259c110c/element/dae6e311-84e7-4847-a981-aeeeea2b3571/value HTTP/1.1
User-Agent: selenium/4.0.0-alpha-4 (java windows)
Content-Length: 161
Content-Type: application/json; charset=utf-8
host: localhost:1868
accept: */*

Response DefaultHttpResponse(decodeResult: success, version: HTTP/1.1)
HTTP/1.1 200 OK
Content-Length: 14
Content-Type: application/json; charset=utf-8
cache-control: no-cache

13:47:27.882 [AsyncHttpClient-3-1] DEBUG org.asynchttpclient.netty.channel.ChannelManager - Adding key: http://localhost:1868 for channel [id: 0xc1211d87, L:/127.0.0.1:61940 - R:localhost/127.0.0.1:1868]
13:47:27.884 [Forwarding findElement on session cce947badb6cfe1f4f900acd259c110c to remote] DEBUG org.asynchttpclient.netty.request.NettyRequestSender - Using pooled Channel '[id: 0xc1211d87, L:/127.0.0.1:61940 - R:localhost/127.0.0.1:1868]' for 'POST' to 'http://localhost:1868/session/cce947badb6cfe1f4f900acd259c110c/element'
13:47:27.884 [Forwarding findElement on session cce947badb6cfe1f4f900acd259c110c to remote] DEBUG org.asynchttpclient.netty.request.NettyRequestSender - Using open Channel [id: 0xc1211d87, L:/127.0.0.1:61940 - R:localhost/127.0.0.1:1868] for POST '/session/cce947badb6cfe1f4f900acd259c110c/element'
13:47:27.896 [AsyncHttpClient-3-1] DEBUG org.asynchttpclient.netty.handler.HttpHandler - 

Request DefaultHttpRequest(decodeResult: success, version: HTTP/1.1)
POST /session/cce947badb6cfe1f4f900acd259c110c/element HTTP/1.1
User-Agent: selenium/4.0.0-alpha-4 (java windows)
Content-Length: 50
Content-Type: application/json; charset=utf-8
host: localhost:1868
accept: */*

Response DefaultHttpResponse(decodeResult: success, version: HTTP/1.1)
HTTP/1.1 200 OK
Content-Length: 88
Content-Type: application/json; charset=utf-8
cache-control: no-cache

13:47:27.896 [AsyncHttpClient-3-1] DEBUG org.asynchttpclient.netty.channel.ChannelManager - Adding key: http://localhost:1868 for channel [id: 0xc1211d87, L:/127.0.0.1:61940 - R:localhost/127.0.0.1:1868]
13:47:27.897 [Forwarding clickElement on session cce947badb6cfe1f4f900acd259c110c to remote] DEBUG org.asynchttpclient.netty.request.NettyRequestSender - Using pooled Channel '[id: 0xc1211d87, L:/127.0.0.1:61940 - R:localhost/127.0.0.1:1868]' for 'POST' to 'http://localhost:1868/session/cce947badb6cfe1f4f900acd259c110c/element/5eb86029-d5dd-4282-83a5-cd69bcca5a6d/click'
13:47:27.897 [Forwarding clickElement on session cce947badb6cfe1f4f900acd259c110c to remote] DEBUG org.asynchttpclient.netty.request.NettyRequestSender - Using open Channel [id: 0xc1211d87, L:/127.0.0.1:61940 - R:localhost/127.0.0.1:1868] for POST '/session/cce947badb6cfe1f4f900acd259c110c/element/5eb86029-d5dd-4282-83a5-cd69bcca5a6d/click'
13:47:28.253 [AsyncHttpClient-3-1] DEBUG org.asynchttpclient.netty.handler.HttpHandler - 

Request DefaultHttpRequest(decodeResult: success, version: HTTP/1.1)
POST /session/cce947badb6cfe1f4f900acd259c110c/element/5eb86029-d5dd-4282-83a5-cd69bcca5a6d/click HTTP/1.1
User-Agent: selenium/4.0.0-alpha-4 (java windows)
Content-Length: 50
Content-Type: application/json; charset=utf-8
host: localhost:1868
accept: */*

Response DefaultHttpResponse(decodeResult: success, version: HTTP/1.1)
HTTP/1.1 200 OK
Content-Length: 14
Content-Type: application/json; charset=utf-8
cache-control: no-cache

13:47:28.253 [AsyncHttpClient-3-1] DEBUG org.asynchttpclient.netty.channel.ChannelManager - Adding key: http://localhost:1868 for channel [id: 0xc1211d87, L:/127.0.0.1:61940 - R:localhost/127.0.0.1:1868]
13:47:28.357 [Test worker] DEBUG org.apache.http.client.protocol.RequestAddCookies - CookieSpec selected: default
13:47:28.366 [Test worker] DEBUG org.apache.http.client.protocol.RequestAuthCache - Auth cache not set in the context
13:47:28.368 [Test worker] DEBUG org.apache.http.impl.conn.PoolingHttpClientConnectionManager - Connection request: [route: {}->http://localhost:80][total available: 0; route allocated: 0 of 2; total allocated: 0 of 20]
13:47:28.380 [Test worker] DEBUG org.apache.http.impl.conn.PoolingHttpClientConnectionManager - Connection leased: [id: 0][route: {}->http://localhost:80][total available: 0; route allocated: 1 of 2; total allocated: 1 of 20]
13:47:28.381 [Test worker] DEBUG org.apache.http.impl.execchain.MainClientExec - Opening connection {}->http://localhost:80
13:47:28.383 [Test worker] DEBUG org.apache.http.impl.conn.DefaultHttpClientConnectionOperator - Connecting to localhost/127.0.0.1:80
13:47:28.384 [Test worker] DEBUG org.apache.http.impl.conn.DefaultHttpClientConnectionOperator - Connection established 127.0.0.1:62039<->127.0.0.1:80
13:47:28.385 [Test worker] DEBUG org.apache.http.impl.execchain.MainClientExec - Executing request POST /mantisbt-2.24.0/login.php HTTP/1.1
13:47:28.385 [Test worker] DEBUG org.apache.http.impl.execchain.MainClientExec - Target auth state: UNCHALLENGED
13:47:28.385 [Test worker] DEBUG org.apache.http.impl.execchain.MainClientExec - Proxy auth state: UNCHALLENGED
13:47:28.386 [Test worker] DEBUG org.apache.http.headers - http-outgoing-0 >> POST /mantisbt-2.24.0/login.php HTTP/1.1
13:47:28.387 [Test worker] DEBUG org.apache.http.headers - http-outgoing-0 >> Content-Length: 82
13:47:28.387 [Test worker] DEBUG org.apache.http.headers - http-outgoing-0 >> Content-Type: application/x-www-form-urlencoded
13:47:28.387 [Test worker] DEBUG org.apache.http.headers - http-outgoing-0 >> Host: localhost
13:47:28.387 [Test worker] DEBUG org.apache.http.headers - http-outgoing-0 >> Connection: Keep-Alive
13:47:28.387 [Test worker] DEBUG org.apache.http.headers - http-outgoing-0 >> User-Agent: Apache-HttpClient/4.5.11 (Java/1.8.0_241)
13:47:28.387 [Test worker] DEBUG org.apache.http.headers - http-outgoing-0 >> Accept-Encoding: gzip,deflate
13:47:28.387 [Test worker] DEBUG org.apache.http.wire - http-outgoing-0 >> "POST /mantisbt-2.24.0/login.php HTTP/1.1[\r][\n]"
13:47:28.388 [Test worker] DEBUG org.apache.http.wire - http-outgoing-0 >> "Content-Length: 82[\r][\n]"
13:47:28.388 [Test worker] DEBUG org.apache.http.wire - http-outgoing-0 >> "Content-Type: application/x-www-form-urlencoded[\r][\n]"
13:47:28.388 [Test worker] DEBUG org.apache.http.wire - http-outgoing-0 >> "Host: localhost[\r][\n]"
13:47:28.388 [Test worker] DEBUG org.apache.http.wire - http-outgoing-0 >> "Connection: Keep-Alive[\r][\n]"
13:47:28.388 [Test worker] DEBUG org.apache.http.wire - http-outgoing-0 >> "User-Agent: Apache-HttpClient/4.5.11 (Java/1.8.0_241)[\r][\n]"
13:47:28.388 [Test worker] DEBUG org.apache.http.wire - http-outgoing-0 >> "Accept-Encoding: gzip,deflate[\r][\n]"
13:47:28.388 [Test worker] DEBUG org.apache.http.wire - http-outgoing-0 >> "[\r][\n]"
13:47:28.388 [Test worker] DEBUG org.apache.http.wire - http-outgoing-0 >> "username=user1585997236530&password=password&secure_session=on&return=%2Findex.php"
13:47:28.524 [Test worker] DEBUG org.apache.http.wire - http-outgoing-0 << "HTTP/1.1 302 Found[\r][\n]"
13:47:28.524 [Test worker] DEBUG org.apache.http.wire - http-outgoing-0 << "Date: Sat, 04 Apr 2020 10:47:28 GMT[\r][\n]"
13:47:28.524 [Test worker] DEBUG org.apache.http.wire - http-outgoing-0 << "Server: Apache/2.4.41 (Win64) OpenSSL/1.1.1c PHP/7.4.2[\r][\n]"
13:47:28.524 [Test worker] DEBUG org.apache.http.wire - http-outgoing-0 << "X-Powered-By: PHP/7.4.2[\r][\n]"
13:47:28.524 [Test worker] DEBUG org.apache.http.wire - http-outgoing-0 << "Set-Cookie: PHPSESSID=bh57i7u7ul85g4k7pq16hnjahm; path=/; HttpOnly[\r][\n]"
13:47:28.524 [Test worker] DEBUG org.apache.http.wire - http-outgoing-0 << "Cache-Control: no-store, no-cache, must-revalidate[\r][\n]"
13:47:28.524 [Test worker] DEBUG org.apache.http.wire - http-outgoing-0 << "Last-Modified: Sat, 04 Apr 2020 10:47:28 GMT[\r][\n]"
13:47:28.524 [Test worker] DEBUG org.apache.http.wire - http-outgoing-0 << "X-Content-Type-Options: nosniff[\r][\n]"
13:47:28.524 [Test worker] DEBUG org.apache.http.wire - http-outgoing-0 << "Expires: Sat, 04 Apr 2020 10:47:28 GMT[\r][\n]"
13:47:28.524 [Test worker] DEBUG org.apache.http.wire - http-outgoing-0 << "X-Frame-Options: DENY[\r][\n]"
13:47:28.524 [Test worker] DEBUG org.apache.http.wire - http-outgoing-0 << "Content-Security-Policy: default-src 'self'; frame-ancestors 'none'; style-src 'self' 'unsafe-inline'; script-src 'self'; img-src 'self' 'self' data:[\r][\n]"
13:47:28.525 [Test worker] DEBUG org.apache.http.wire - http-outgoing-0 << "Set-Cookie: MANTIS_secure_session=1; path=/; HttpOnly[\r][\n]"
13:47:28.525 [Test worker] DEBUG org.apache.http.wire - http-outgoing-0 << "Set-Cookie: MANTIS_STRING_COOKIE=zCdwXweQGxpjuLJ0Jo9fDxm76HyeCITcgmQIVjlKS4Pgra4U4BM81wre7jQIQQ5X; path=/; HttpOnly[\r][\n]"
13:47:28.525 [Test worker] DEBUG org.apache.http.wire - http-outgoing-0 << "Location: http://localhost/mantisbt-2.24.0/login_cookie_test.php?return=index.php[\r][\n]"
13:47:28.525 [Test worker] DEBUG org.apache.http.wire - http-outgoing-0 << "Content-Encoding: gzip[\r][\n]"
13:47:28.525 [Test worker] DEBUG org.apache.http.wire - http-outgoing-0 << "Vary: Accept-Encoding[\r][\n]"
13:47:28.525 [Test worker] DEBUG org.apache.http.wire - http-outgoing-0 << "Content-Length: 20[\r][\n]"
13:47:28.525 [Test worker] DEBUG org.apache.http.wire - http-outgoing-0 << "Keep-Alive: timeout=5, max=100[\r][\n]"
13:47:28.525 [Test worker] DEBUG org.apache.http.wire - http-outgoing-0 << "Connection: Keep-Alive[\r][\n]"
13:47:28.525 [Test worker] DEBUG org.apache.http.wire - http-outgoing-0 << "Content-Type: text/html; charset=utf-8[\r][\n]"
13:47:28.525 [Test worker] DEBUG org.apache.http.wire - http-outgoing-0 << "[\r][\n]"
13:47:28.525 [Test worker] DEBUG org.apache.http.wire - http-outgoing-0 << "[0x1f][0x8b][0x8][0x0][0x0][0x0][0x0][0x0][0x0][\n]"
13:47:28.525 [Test worker] DEBUG org.apache.http.wire - http-outgoing-0 << "[0x3][0x0][0x0][0x0][0x0][0x0][0x0][0x0][0x0][0x0]"
13:47:28.528 [Test worker] DEBUG org.apache.http.headers - http-outgoing-0 << HTTP/1.1 302 Found
13:47:28.528 [Test worker] DEBUG org.apache.http.headers - http-outgoing-0 << Date: Sat, 04 Apr 2020 10:47:28 GMT
13:47:28.528 [Test worker] DEBUG org.apache.http.headers - http-outgoing-0 << Server: Apache/2.4.41 (Win64) OpenSSL/1.1.1c PHP/7.4.2
13:47:28.528 [Test worker] DEBUG org.apache.http.headers - http-outgoing-0 << X-Powered-By: PHP/7.4.2
13:47:28.528 [Test worker] DEBUG org.apache.http.headers - http-outgoing-0 << Set-Cookie: PHPSESSID=bh57i7u7ul85g4k7pq16hnjahm; path=/; HttpOnly
13:47:28.528 [Test worker] DEBUG org.apache.http.headers - http-outgoing-0 << Cache-Control: no-store, no-cache, must-revalidate
13:47:28.528 [Test worker] DEBUG org.apache.http.headers - http-outgoing-0 << Last-Modified: Sat, 04 Apr 2020 10:47:28 GMT
13:47:28.528 [Test worker] DEBUG org.apache.http.headers - http-outgoing-0 << X-Content-Type-Options: nosniff
13:47:28.529 [Test worker] DEBUG org.apache.http.headers - http-outgoing-0 << Expires: Sat, 04 Apr 2020 10:47:28 GMT
13:47:28.529 [Test worker] DEBUG org.apache.http.headers - http-outgoing-0 << X-Frame-Options: DENY
13:47:28.529 [Test worker] DEBUG org.apache.http.headers - http-outgoing-0 << Content-Security-Policy: default-src 'self'; frame-ancestors 'none'; style-src 'self' 'unsafe-inline'; script-src 'self'; img-src 'self' 'self' data:
13:47:28.529 [Test worker] DEBUG org.apache.http.headers - http-outgoing-0 << Set-Cookie: MANTIS_secure_session=1; path=/; HttpOnly
13:47:28.529 [Test worker] DEBUG org.apache.http.headers - http-outgoing-0 << Set-Cookie: MANTIS_STRING_COOKIE=zCdwXweQGxpjuLJ0Jo9fDxm76HyeCITcgmQIVjlKS4Pgra4U4BM81wre7jQIQQ5X; path=/; HttpOnly
13:47:28.529 [Test worker] DEBUG org.apache.http.headers - http-outgoing-0 << Location: http://localhost/mantisbt-2.24.0/login_cookie_test.php?return=index.php
13:47:28.529 [Test worker] DEBUG org.apache.http.headers - http-outgoing-0 << Content-Encoding: gzip
13:47:28.529 [Test worker] DEBUG org.apache.http.headers - http-outgoing-0 << Vary: Accept-Encoding
13:47:28.529 [Test worker] DEBUG org.apache.http.headers - http-outgoing-0 << Content-Length: 20
13:47:28.529 [Test worker] DEBUG org.apache.http.headers - http-outgoing-0 << Keep-Alive: timeout=5, max=100
13:47:28.529 [Test worker] DEBUG org.apache.http.headers - http-outgoing-0 << Connection: Keep-Alive
13:47:28.529 [Test worker] DEBUG org.apache.http.headers - http-outgoing-0 << Content-Type: text/html; charset=utf-8
13:47:28.537 [Test worker] DEBUG org.apache.http.impl.execchain.MainClientExec - Connection can be kept alive for 5000 MILLISECONDS
13:47:28.542 [Test worker] DEBUG org.apache.http.client.protocol.ResponseProcessCookies - Cookie accepted [PHPSESSID="bh57i7u7ul85g4k7pq16hnjahm", version:0, domain:localhost, path:/, expiry:null]
13:47:28.542 [Test worker] DEBUG org.apache.http.client.protocol.ResponseProcessCookies - Cookie accepted [MANTIS_secure_session="1", version:0, domain:localhost, path:/, expiry:null]
13:47:28.543 [Test worker] DEBUG org.apache.http.client.protocol.ResponseProcessCookies - Cookie accepted [MANTIS_STRING_COOKIE="zCdwXweQGxpjuLJ0Jo9fDxm76HyeCITcgmQIVjlKS4Pgra4U4BM81wre7jQIQQ5X", version:0, domain:localhost, path:/, expiry:null]
13:47:28.544 [Test worker] DEBUG org.apache.http.impl.client.LaxRedirectStrategy - Redirect requested to location 'http://localhost/mantisbt-2.24.0/login_cookie_test.php?return=index.php'
13:47:28.546 [Test worker] DEBUG org.apache.http.impl.execchain.RedirectExec - Resetting target auth state
13:47:28.546 [Test worker] DEBUG org.apache.http.impl.execchain.RedirectExec - Redirecting to 'http://localhost/mantisbt-2.24.0/login_cookie_test.php?return=index.php' via {}->http://localhost:80
13:47:28.547 [Test worker] DEBUG org.apache.http.impl.conn.PoolingHttpClientConnectionManager - Connection [id: 0][route: {}->http://localhost:80] can be kept alive for 5.0 seconds
13:47:28.547 [Test worker] DEBUG org.apache.http.impl.conn.DefaultManagedHttpClientConnection - http-outgoing-0: set socket timeout to 0
13:47:28.548 [Test worker] DEBUG org.apache.http.impl.conn.PoolingHttpClientConnectionManager - Connection released: [id: 0][route: {}->http://localhost:80][total available: 1; route allocated: 1 of 2; total allocated: 1 of 20]
13:47:28.548 [Test worker] DEBUG org.apache.http.client.protocol.RequestAddCookies - CookieSpec selected: default
13:47:28.548 [Test worker] DEBUG org.apache.http.client.protocol.RequestAddCookies - Cookie [version: 0][name: MANTIS_STRING_COOKIE][value: zCdwXweQGxpjuLJ0Jo9fDxm76HyeCITcgmQIVjlKS4Pgra4U4BM81wre7jQIQQ5X][domain: localhost][path: /][expiry: null] match [localhost:80/mantisbt-2.24.0/login_cookie_test.php]
13:47:28.548 [Test worker] DEBUG org.apache.http.client.protocol.RequestAddCookies - Cookie [version: 0][name: MANTIS_secure_session][value: 1][domain: localhost][path: /][expiry: null] match [localhost:80/mantisbt-2.24.0/login_cookie_test.php]
13:47:28.548 [Test worker] DEBUG org.apache.http.client.protocol.RequestAddCookies - Cookie [version: 0][name: PHPSESSID][value: bh57i7u7ul85g4k7pq16hnjahm][domain: localhost][path: /][expiry: null] match [localhost:80/mantisbt-2.24.0/login_cookie_test.php]
13:47:28.549 [Test worker] DEBUG org.apache.http.client.protocol.RequestAuthCache - Auth cache not set in the context
13:47:28.549 [Test worker] DEBUG org.apache.http.impl.conn.PoolingHttpClientConnectionManager - Connection request: [route: {}->http://localhost:80][total available: 1; route allocated: 1 of 2; total allocated: 1 of 20]
13:47:28.549 [Test worker] DEBUG org.apache.http.impl.conn.PoolingHttpClientConnectionManager - Connection leased: [id: 0][route: {}->http://localhost:80][total available: 0; route allocated: 1 of 2; total allocated: 1 of 20]
13:47:28.550 [Test worker] DEBUG org.apache.http.impl.conn.DefaultManagedHttpClientConnection - http-outgoing-0: set socket timeout to 0
13:47:28.550 [Test worker] DEBUG org.apache.http.impl.execchain.MainClientExec - Executing request GET /mantisbt-2.24.0/login_cookie_test.php?return=index.php HTTP/1.1
13:47:28.550 [Test worker] DEBUG org.apache.http.impl.execchain.MainClientExec - Target auth state: UNCHALLENGED
13:47:28.550 [Test worker] DEBUG org.apache.http.impl.execchain.MainClientExec - Proxy auth state: UNCHALLENGED
13:47:28.550 [Test worker] DEBUG org.apache.http.headers - http-outgoing-0 >> GET /mantisbt-2.24.0/login_cookie_test.php?return=index.php HTTP/1.1
13:47:28.550 [Test worker] DEBUG org.apache.http.headers - http-outgoing-0 >> Host: localhost
13:47:28.550 [Test worker] DEBUG org.apache.http.headers - http-outgoing-0 >> Connection: Keep-Alive
13:47:28.550 [Test worker] DEBUG org.apache.http.headers - http-outgoing-0 >> User-Agent: Apache-HttpClient/4.5.11 (Java/1.8.0_241)
13:47:28.550 [Test worker] DEBUG org.apache.http.headers - http-outgoing-0 >> Cookie: MANTIS_STRING_COOKIE=zCdwXweQGxpjuLJ0Jo9fDxm76HyeCITcgmQIVjlKS4Pgra4U4BM81wre7jQIQQ5X; MANTIS_secure_session=1; PHPSESSID=bh57i7u7ul85g4k7pq16hnjahm
13:47:28.550 [Test worker] DEBUG org.apache.http.headers - http-outgoing-0 >> Accept-Encoding: gzip,deflate
13:47:28.550 [Test worker] DEBUG org.apache.http.wire - http-outgoing-0 >> "GET /mantisbt-2.24.0/login_cookie_test.php?return=index.php HTTP/1.1[\r][\n]"
13:47:28.550 [Test worker] DEBUG org.apache.http.wire - http-outgoing-0 >> "Host: localhost[\r][\n]"
13:47:28.550 [Test worker] DEBUG org.apache.http.wire - http-outgoing-0 >> "Connection: Keep-Alive[\r][\n]"
13:47:28.550 [Test worker] DEBUG org.apache.http.wire - http-outgoing-0 >> "User-Agent: Apache-HttpClient/4.5.11 (Java/1.8.0_241)[\r][\n]"
13:47:28.550 [Test worker] DEBUG org.apache.http.wire - http-outgoing-0 >> "Cookie: MANTIS_STRING_COOKIE=zCdwXweQGxpjuLJ0Jo9fDxm76HyeCITcgmQIVjlKS4Pgra4U4BM81wre7jQIQQ5X; MANTIS_secure_session=1; PHPSESSID=bh57i7u7ul85g4k7pq16hnjahm[\r][\n]"
13:47:28.550 [Test worker] DEBUG org.apache.http.wire - http-outgoing-0 >> "Accept-Encoding: gzip,deflate[\r][\n]"
13:47:28.550 [Test worker] DEBUG org.apache.http.wire - http-outgoing-0 >> "[\r][\n]"
13:47:28.569 [AsyncHttpClient-timer-6-1] DEBUG org.asynchttpclient.netty.channel.DefaultChannelPool - Entry count for : http://localhost:61941 : 1
13:47:28.639 [Test worker] DEBUG org.apache.http.wire - http-outgoing-0 << "HTTP/1.1 302 Found[\r][\n]"
13:47:28.639 [Test worker] DEBUG org.apache.http.wire - http-outgoing-0 << "Date: Sat, 04 Apr 2020 10:47:28 GMT[\r][\n]"
13:47:28.639 [Test worker] DEBUG org.apache.http.wire - http-outgoing-0 << "Server: Apache/2.4.41 (Win64) OpenSSL/1.1.1c PHP/7.4.2[\r][\n]"
13:47:28.639 [Test worker] DEBUG org.apache.http.wire - http-outgoing-0 << "X-Powered-By: PHP/7.4.2[\r][\n]"
13:47:28.639 [Test worker] DEBUG org.apache.http.wire - http-outgoing-0 << "Cache-Control: no-store, no-cache, must-revalidate[\r][\n]"
13:47:28.639 [Test worker] DEBUG org.apache.http.wire - http-outgoing-0 << "Last-Modified: Sat, 04 Apr 2020 10:47:28 GMT[\r][\n]"
13:47:28.639 [Test worker] DEBUG org.apache.http.wire - http-outgoing-0 << "X-Content-Type-Options: nosniff[\r][\n]"
13:47:28.639 [Test worker] DEBUG org.apache.http.wire - http-outgoing-0 << "Expires: Sat, 04 Apr 2020 10:47:28 GMT[\r][\n]"
13:47:28.639 [Test worker] DEBUG org.apache.http.wire - http-outgoing-0 << "X-Frame-Options: DENY[\r][\n]"
13:47:28.639 [Test worker] DEBUG org.apache.http.wire - http-outgoing-0 << "Content-Security-Policy: default-src 'self'; frame-ancestors 'none'; style-src 'self' 'unsafe-inline'; script-src 'self'; img-src 'self' 'self' data:[\r][\n]"
13:47:28.639 [Test worker] DEBUG org.apache.http.wire - http-outgoing-0 << "Location: http://localhost/mantisbt-2.24.0/index.php[\r][\n]"
13:47:28.639 [Test worker] DEBUG org.apache.http.wire - http-outgoing-0 << "Content-Encoding: gzip[\r][\n]"
13:47:28.640 [Test worker] DEBUG org.apache.http.wire - http-outgoing-0 << "Vary: Accept-Encoding[\r][\n]"
13:47:28.640 [Test worker] DEBUG org.apache.http.wire - http-outgoing-0 << "Content-Length: 20[\r][\n]"
13:47:28.640 [Test worker] DEBUG org.apache.http.wire - http-outgoing-0 << "Keep-Alive: timeout=5, max=99[\r][\n]"
13:47:28.640 [Test worker] DEBUG org.apache.http.wire - http-outgoing-0 << "Connection: Keep-Alive[\r][\n]"
13:47:28.640 [Test worker] DEBUG org.apache.http.wire - http-outgoing-0 << "Content-Type: text/html; charset=utf-8[\r][\n]"
13:47:28.640 [Test worker] DEBUG org.apache.http.wire - http-outgoing-0 << "[\r][\n]"
13:47:28.640 [Test worker] DEBUG org.apache.http.wire - http-outgoing-0 << "[0x1f][0x8b][0x8][0x0][0x0][0x0][0x0][0x0][0x0][\n]"
13:47:28.640 [Test worker] DEBUG org.apache.http.wire - http-outgoing-0 << "[0x3][0x0][0x0][0x0][0x0][0x0][0x0][0x0][0x0][0x0]"
13:47:28.640 [Test worker] DEBUG org.apache.http.headers - http-outgoing-0 << HTTP/1.1 302 Found
13:47:28.640 [Test worker] DEBUG org.apache.http.headers - http-outgoing-0 << Date: Sat, 04 Apr 2020 10:47:28 GMT
13:47:28.640 [Test worker] DEBUG org.apache.http.headers - http-outgoing-0 << Server: Apache/2.4.41 (Win64) OpenSSL/1.1.1c PHP/7.4.2
13:47:28.640 [Test worker] DEBUG org.apache.http.headers - http-outgoing-0 << X-Powered-By: PHP/7.4.2
13:47:28.640 [Test worker] DEBUG org.apache.http.headers - http-outgoing-0 << Cache-Control: no-store, no-cache, must-revalidate
13:47:28.640 [Test worker] DEBUG org.apache.http.headers - http-outgoing-0 << Last-Modified: Sat, 04 Apr 2020 10:47:28 GMT
13:47:28.640 [Test worker] DEBUG org.apache.http.headers - http-outgoing-0 << X-Content-Type-Options: nosniff
13:47:28.640 [Test worker] DEBUG org.apache.http.headers - http-outgoing-0 << Expires: Sat, 04 Apr 2020 10:47:28 GMT
13:47:28.640 [Test worker] DEBUG org.apache.http.headers - http-outgoing-0 << X-Frame-Options: DENY
13:47:28.640 [Test worker] DEBUG org.apache.http.headers - http-outgoing-0 << Content-Security-Policy: default-src 'self'; frame-ancestors 'none'; style-src 'self' 'unsafe-inline'; script-src 'self'; img-src 'self' 'self' data:
13:47:28.640 [Test worker] DEBUG org.apache.http.headers - http-outgoing-0 << Location: http://localhost/mantisbt-2.24.0/index.php
13:47:28.640 [Test worker] DEBUG org.apache.http.headers - http-outgoing-0 << Content-Encoding: gzip
13:47:28.640 [Test worker] DEBUG org.apache.http.headers - http-outgoing-0 << Vary: Accept-Encoding
13:47:28.640 [Test worker] DEBUG org.apache.http.headers - http-outgoing-0 << Content-Length: 20
13:47:28.640 [Test worker] DEBUG org.apache.http.headers - http-outgoing-0 << Keep-Alive: timeout=5, max=99
13:47:28.640 [Test worker] DEBUG org.apache.http.headers - http-outgoing-0 << Connection: Keep-Alive
13:47:28.640 [Test worker] DEBUG org.apache.http.headers - http-outgoing-0 << Content-Type: text/html; charset=utf-8
13:47:28.640 [Test worker] DEBUG org.apache.http.impl.execchain.MainClientExec - Connection can be kept alive for 5000 MILLISECONDS
13:47:28.640 [Test worker] DEBUG org.apache.http.impl.client.LaxRedirectStrategy - Redirect requested to location 'http://localhost/mantisbt-2.24.0/index.php'
13:47:28.641 [Test worker] DEBUG org.apache.http.impl.execchain.RedirectExec - Resetting target auth state
13:47:28.641 [Test worker] DEBUG org.apache.http.impl.execchain.RedirectExec - Redirecting to 'http://localhost/mantisbt-2.24.0/index.php' via {}->http://localhost:80
13:47:28.641 [Test worker] DEBUG org.apache.http.impl.conn.PoolingHttpClientConnectionManager - Connection [id: 0][route: {}->http://localhost:80] can be kept alive for 5.0 seconds
13:47:28.641 [Test worker] DEBUG org.apache.http.impl.conn.DefaultManagedHttpClientConnection - http-outgoing-0: set socket timeout to 0
13:47:28.641 [Test worker] DEBUG org.apache.http.impl.conn.PoolingHttpClientConnectionManager - Connection released: [id: 0][route: {}->http://localhost:80][total available: 1; route allocated: 1 of 2; total allocated: 1 of 20]
13:47:28.641 [Test worker] DEBUG org.apache.http.client.protocol.RequestAddCookies - CookieSpec selected: default
13:47:28.641 [Test worker] DEBUG org.apache.http.client.protocol.RequestAddCookies - Cookie [version: 0][name: MANTIS_STRING_COOKIE][value: zCdwXweQGxpjuLJ0Jo9fDxm76HyeCITcgmQIVjlKS4Pgra4U4BM81wre7jQIQQ5X][domain: localhost][path: /][expiry: null] match [localhost:80/mantisbt-2.24.0/index.php]
13:47:28.641 [Test worker] DEBUG org.apache.http.client.protocol.RequestAddCookies - Cookie [version: 0][name: MANTIS_secure_session][value: 1][domain: localhost][path: /][expiry: null] match [localhost:80/mantisbt-2.24.0/index.php]
13:47:28.641 [Test worker] DEBUG org.apache.http.client.protocol.RequestAddCookies - Cookie [version: 0][name: PHPSESSID][value: bh57i7u7ul85g4k7pq16hnjahm][domain: localhost][path: /][expiry: null] match [localhost:80/mantisbt-2.24.0/index.php]
13:47:28.641 [Test worker] DEBUG org.apache.http.client.protocol.RequestAuthCache - Auth cache not set in the context
13:47:28.641 [Test worker] DEBUG org.apache.http.impl.conn.PoolingHttpClientConnectionManager - Connection request: [route: {}->http://localhost:80][total available: 1; route allocated: 1 of 2; total allocated: 1 of 20]
13:47:28.641 [Test worker] DEBUG org.apache.http.impl.conn.PoolingHttpClientConnectionManager - Connection leased: [id: 0][route: {}->http://localhost:80][total available: 0; route allocated: 1 of 2; total allocated: 1 of 20]
13:47:28.641 [Test worker] DEBUG org.apache.http.impl.conn.DefaultManagedHttpClientConnection - http-outgoing-0: set socket timeout to 0
13:47:28.641 [Test worker] DEBUG org.apache.http.impl.execchain.MainClientExec - Executing request GET /mantisbt-2.24.0/index.php HTTP/1.1
13:47:28.641 [Test worker] DEBUG org.apache.http.impl.execchain.MainClientExec - Target auth state: UNCHALLENGED
13:47:28.641 [Test worker] DEBUG org.apache.http.impl.execchain.MainClientExec - Proxy auth state: UNCHALLENGED
13:47:28.641 [Test worker] DEBUG org.apache.http.headers - http-outgoing-0 >> GET /mantisbt-2.24.0/index.php HTTP/1.1
13:47:28.641 [Test worker] DEBUG org.apache.http.headers - http-outgoing-0 >> Host: localhost
13:47:28.641 [Test worker] DEBUG org.apache.http.headers - http-outgoing-0 >> Connection: Keep-Alive
13:47:28.641 [Test worker] DEBUG org.apache.http.headers - http-outgoing-0 >> User-Agent: Apache-HttpClient/4.5.11 (Java/1.8.0_241)
13:47:28.641 [Test worker] DEBUG org.apache.http.headers - http-outgoing-0 >> Cookie: MANTIS_STRING_COOKIE=zCdwXweQGxpjuLJ0Jo9fDxm76HyeCITcgmQIVjlKS4Pgra4U4BM81wre7jQIQQ5X; MANTIS_secure_session=1; PHPSESSID=bh57i7u7ul85g4k7pq16hnjahm
13:47:28.642 [Test worker] DEBUG org.apache.http.headers - http-outgoing-0 >> Accept-Encoding: gzip,deflate
13:47:28.642 [Test worker] DEBUG org.apache.http.wire - http-outgoing-0 >> "GET /mantisbt-2.24.0/index.php HTTP/1.1[\r][\n]"
13:47:28.642 [Test worker] DEBUG org.apache.http.wire - http-outgoing-0 >> "Host: localhost[\r][\n]"
13:47:28.642 [Test worker] DEBUG org.apache.http.wire - http-outgoing-0 >> "Connection: Keep-Alive[\r][\n]"
13:47:28.642 [Test worker] DEBUG org.apache.http.wire - http-outgoing-0 >> "User-Agent: Apache-HttpClient/4.5.11 (Java/1.8.0_241)[\r][\n]"
13:47:28.642 [Test worker] DEBUG org.apache.http.wire - http-outgoing-0 >> "Cookie: MANTIS_STRING_COOKIE=zCdwXweQGxpjuLJ0Jo9fDxm76HyeCITcgmQIVjlKS4Pgra4U4BM81wre7jQIQQ5X; MANTIS_secure_session=1; PHPSESSID=bh57i7u7ul85g4k7pq16hnjahm[\r][\n]"
13:47:28.642 [Test worker] DEBUG org.apache.http.wire - http-outgoing-0 >> "Accept-Encoding: gzip,deflate[\r][\n]"
13:47:28.642 [Test worker] DEBUG org.apache.http.wire - http-outgoing-0 >> "[\r][\n]"
13:47:28.724 [Test worker] DEBUG org.apache.http.wire - http-outgoing-0 << "HTTP/1.1 302 Found[\r][\n]"
13:47:28.725 [Test worker] DEBUG org.apache.http.wire - http-outgoing-0 << "Date: Sat, 04 Apr 2020 10:47:28 GMT[\r][\n]"
13:47:28.725 [Test worker] DEBUG org.apache.http.wire - http-outgoing-0 << "Server: Apache/2.4.41 (Win64) OpenSSL/1.1.1c PHP/7.4.2[\r][\n]"
13:47:28.725 [Test worker] DEBUG org.apache.http.wire - http-outgoing-0 << "X-Powered-By: PHP/7.4.2[\r][\n]"
13:47:28.725 [Test worker] DEBUG org.apache.http.wire - http-outgoing-0 << "Cache-Control: no-store, no-cache, must-revalidate[\r][\n]"
13:47:28.725 [Test worker] DEBUG org.apache.http.wire - http-outgoing-0 << "Last-Modified: Sat, 04 Apr 2020 10:47:28 GMT[\r][\n]"
13:47:28.725 [Test worker] DEBUG org.apache.http.wire - http-outgoing-0 << "X-Content-Type-Options: nosniff[\r][\n]"
13:47:28.725 [Test worker] DEBUG org.apache.http.wire - http-outgoing-0 << "Expires: Sat, 04 Apr 2020 10:47:28 GMT[\r][\n]"
13:47:28.725 [Test worker] DEBUG org.apache.http.wire - http-outgoing-0 << "X-Frame-Options: DENY[\r][\n]"
13:47:28.725 [Test worker] DEBUG org.apache.http.wire - http-outgoing-0 << "Content-Security-Policy: default-src 'self'; frame-ancestors 'none'; style-src 'self' 'unsafe-inline'; script-src 'self'; img-src 'self' 'self' data:[\r][\n]"
13:47:28.725 [Test worker] DEBUG org.apache.http.wire - http-outgoing-0 << "Location: http://localhost/mantisbt-2.24.0/my_view_page.php[\r][\n]"
13:47:28.725 [Test worker] DEBUG org.apache.http.wire - http-outgoing-0 << "Content-Encoding: gzip[\r][\n]"
13:47:28.725 [Test worker] DEBUG org.apache.http.wire - http-outgoing-0 << "Vary: Accept-Encoding[\r][\n]"
13:47:28.725 [Test worker] DEBUG org.apache.http.wire - http-outgoing-0 << "Content-Length: 20[\r][\n]"
13:47:28.725 [Test worker] DEBUG org.apache.http.wire - http-outgoing-0 << "Keep-Alive: timeout=5, max=98[\r][\n]"
13:47:28.725 [Test worker] DEBUG org.apache.http.wire - http-outgoing-0 << "Connection: Keep-Alive[\r][\n]"
13:47:28.725 [Test worker] DEBUG org.apache.http.wire - http-outgoing-0 << "Content-Type: text/html; charset=utf-8[\r][\n]"
13:47:28.725 [Test worker] DEBUG org.apache.http.wire - http-outgoing-0 << "[\r][\n]"
13:47:28.725 [Test worker] DEBUG org.apache.http.wire - http-outgoing-0 << "[0x1f][0x8b][0x8][0x0][0x0][0x0][0x0][0x0][0x0][\n]"
13:47:28.725 [Test worker] DEBUG org.apache.http.wire - http-outgoing-0 << "[0x3][0x0][0x0][0x0][0x0][0x0][0x0][0x0][0x0][0x0]"
13:47:28.725 [Test worker] DEBUG org.apache.http.headers - http-outgoing-0 << HTTP/1.1 302 Found
13:47:28.725 [Test worker] DEBUG org.apache.http.headers - http-outgoing-0 << Date: Sat, 04 Apr 2020 10:47:28 GMT
13:47:28.725 [Test worker] DEBUG org.apache.http.headers - http-outgoing-0 << Server: Apache/2.4.41 (Win64) OpenSSL/1.1.1c PHP/7.4.2
13:47:28.725 [Test worker] DEBUG org.apache.http.headers - http-outgoing-0 << X-Powered-By: PHP/7.4.2
13:47:28.725 [Test worker] DEBUG org.apache.http.headers - http-outgoing-0 << Cache-Control: no-store, no-cache, must-revalidate
13:47:28.725 [Test worker] DEBUG org.apache.http.headers - http-outgoing-0 << Last-Modified: Sat, 04 Apr 2020 10:47:28 GMT
13:47:28.725 [Test worker] DEBUG org.apache.http.headers - http-outgoing-0 << X-Content-Type-Options: nosniff
13:47:28.725 [Test worker] DEBUG org.apache.http.headers - http-outgoing-0 << Expires: Sat, 04 Apr 2020 10:47:28 GMT
13:47:28.725 [Test worker] DEBUG org.apache.http.headers - http-outgoing-0 << X-Frame-Options: DENY
13:47:28.725 [Test worker] DEBUG org.apache.http.headers - http-outgoing-0 << Content-Security-Policy: default-src 'self'; frame-ancestors 'none'; style-src 'self' 'unsafe-inline'; script-src 'self'; img-src 'self' 'self' data:
13:47:28.725 [Test worker] DEBUG org.apache.http.headers - http-outgoing-0 << Location: http://localhost/mantisbt-2.24.0/my_view_page.php
13:47:28.726 [Test worker] DEBUG org.apache.http.headers - http-outgoing-0 << Content-Encoding: gzip
13:47:28.726 [Test worker] DEBUG org.apache.http.headers - http-outgoing-0 << Vary: Accept-Encoding
13:47:28.726 [Test worker] DEBUG org.apache.http.headers - http-outgoing-0 << Content-Length: 20
13:47:28.726 [Test worker] DEBUG org.apache.http.headers - http-outgoing-0 << Keep-Alive: timeout=5, max=98
13:47:28.726 [Test worker] DEBUG org.apache.http.headers - http-outgoing-0 << Connection: Keep-Alive
13:47:28.726 [Test worker] DEBUG org.apache.http.headers - http-outgoing-0 << Content-Type: text/html; charset=utf-8
13:47:28.726 [Test worker] DEBUG org.apache.http.impl.execchain.MainClientExec - Connection can be kept alive for 5000 MILLISECONDS
13:47:28.726 [Test worker] DEBUG org.apache.http.impl.client.LaxRedirectStrategy - Redirect requested to location 'http://localhost/mantisbt-2.24.0/my_view_page.php'
13:47:28.726 [Test worker] DEBUG org.apache.http.impl.execchain.RedirectExec - Resetting target auth state
13:47:28.726 [Test worker] DEBUG org.apache.http.impl.execchain.RedirectExec - Redirecting to 'http://localhost/mantisbt-2.24.0/my_view_page.php' via {}->http://localhost:80
13:47:28.727 [Test worker] DEBUG org.apache.http.impl.conn.PoolingHttpClientConnectionManager - Connection [id: 0][route: {}->http://localhost:80] can be kept alive for 5.0 seconds
13:47:28.727 [Test worker] DEBUG org.apache.http.impl.conn.DefaultManagedHttpClientConnection - http-outgoing-0: set socket timeout to 0
13:47:28.727 [Test worker] DEBUG org.apache.http.impl.conn.PoolingHttpClientConnectionManager - Connection released: [id: 0][route: {}->http://localhost:80][total available: 1; route allocated: 1 of 2; total allocated: 1 of 20]
13:47:28.727 [Test worker] DEBUG org.apache.http.client.protocol.RequestAddCookies - CookieSpec selected: default
13:47:28.727 [Test worker] DEBUG org.apache.http.client.protocol.RequestAddCookies - Cookie [version: 0][name: MANTIS_STRING_COOKIE][value: zCdwXweQGxpjuLJ0Jo9fDxm76HyeCITcgmQIVjlKS4Pgra4U4BM81wre7jQIQQ5X][domain: localhost][path: /][expiry: null] match [localhost:80/mantisbt-2.24.0/my_view_page.php]
13:47:28.727 [Test worker] DEBUG org.apache.http.client.protocol.RequestAddCookies - Cookie [version: 0][name: MANTIS_secure_session][value: 1][domain: localhost][path: /][expiry: null] match [localhost:80/mantisbt-2.24.0/my_view_page.php]
13:47:28.727 [Test worker] DEBUG org.apache.http.client.protocol.RequestAddCookies - Cookie [version: 0][name: PHPSESSID][value: bh57i7u7ul85g4k7pq16hnjahm][domain: localhost][path: /][expiry: null] match [localhost:80/mantisbt-2.24.0/my_view_page.php]
13:47:28.727 [Test worker] DEBUG org.apache.http.client.protocol.RequestAuthCache - Auth cache not set in the context
13:47:28.727 [Test worker] DEBUG org.apache.http.impl.conn.PoolingHttpClientConnectionManager - Connection request: [route: {}->http://localhost:80][total available: 1; route allocated: 1 of 2; total allocated: 1 of 20]
13:47:28.727 [Test worker] DEBUG org.apache.http.impl.conn.PoolingHttpClientConnectionManager - Connection leased: [id: 0][route: {}->http://localhost:80][total available: 0; route allocated: 1 of 2; total allocated: 1 of 20]
13:47:28.727 [Test worker] DEBUG org.apache.http.impl.conn.DefaultManagedHttpClientConnection - http-outgoing-0: set socket timeout to 0
13:47:28.727 [Test worker] DEBUG org.apache.http.impl.execchain.MainClientExec - Executing request GET /mantisbt-2.24.0/my_view_page.php HTTP/1.1
13:47:28.727 [Test worker] DEBUG org.apache.http.impl.execchain.MainClientExec - Target auth state: UNCHALLENGED
13:47:28.727 [Test worker] DEBUG org.apache.http.impl.execchain.MainClientExec - Proxy auth state: UNCHALLENGED
13:47:28.727 [Test worker] DEBUG org.apache.http.headers - http-outgoing-0 >> GET /mantisbt-2.24.0/my_view_page.php HTTP/1.1
13:47:28.727 [Test worker] DEBUG org.apache.http.headers - http-outgoing-0 >> Host: localhost
13:47:28.727 [Test worker] DEBUG org.apache.http.headers - http-outgoing-0 >> Connection: Keep-Alive
13:47:28.727 [Test worker] DEBUG org.apache.http.headers - http-outgoing-0 >> User-Agent: Apache-HttpClient/4.5.11 (Java/1.8.0_241)
13:47:28.728 [Test worker] DEBUG org.apache.http.headers - http-outgoing-0 >> Cookie: MANTIS_STRING_COOKIE=zCdwXweQGxpjuLJ0Jo9fDxm76HyeCITcgmQIVjlKS4Pgra4U4BM81wre7jQIQQ5X; MANTIS_secure_session=1; PHPSESSID=bh57i7u7ul85g4k7pq16hnjahm
13:47:28.728 [Test worker] DEBUG org.apache.http.headers - http-outgoing-0 >> Accept-Encoding: gzip,deflate
13:47:28.728 [Test worker] DEBUG org.apache.http.wire - http-outgoing-0 >> "GET /mantisbt-2.24.0/my_view_page.php HTTP/1.1[\r][\n]"
13:47:28.728 [Test worker] DEBUG org.apache.http.wire - http-outgoing-0 >> "Host: localhost[\r][\n]"
13:47:28.728 [Test worker] DEBUG org.apache.http.wire - http-outgoing-0 >> "Connection: Keep-Alive[\r][\n]"
13:47:28.728 [Test worker] DEBUG org.apache.http.wire - http-outgoing-0 >> "User-Agent: Apache-HttpClient/4.5.11 (Java/1.8.0_241)[\r][\n]"
13:47:28.728 [Test worker] DEBUG org.apache.http.wire - http-outgoing-0 >> "Cookie: MANTIS_STRING_COOKIE=zCdwXweQGxpjuLJ0Jo9fDxm76HyeCITcgmQIVjlKS4Pgra4U4BM81wre7jQIQQ5X; MANTIS_secure_session=1; PHPSESSID=bh57i7u7ul85g4k7pq16hnjahm[\r][\n]"
13:47:28.728 [Test worker] DEBUG org.apache.http.wire - http-outgoing-0 >> "Accept-Encoding: gzip,deflate[\r][\n]"
13:47:28.728 [Test worker] DEBUG org.apache.http.wire - http-outgoing-0 >> "[\r][\n]"
13:47:28.885 [Test worker] DEBUG org.apache.http.wire - http-outgoing-0 << "HTTP/1.1 200 OK[\r][\n]"
13:47:28.886 [Test worker] DEBUG org.apache.http.wire - http-outgoing-0 << "Date: Sat, 04 Apr 2020 10:47:28 GMT[\r][\n]"
13:47:28.886 [Test worker] DEBUG org.apache.http.wire - http-outgoing-0 << "Server: Apache/2.4.41 (Win64) OpenSSL/1.1.1c PHP/7.4.2[\r][\n]"
13:47:28.886 [Test worker] DEBUG org.apache.http.wire - http-outgoing-0 << "X-Powered-By: PHP/7.4.2[\r][\n]"
13:47:28.886 [Test worker] DEBUG org.apache.http.wire - http-outgoing-0 << "Cache-Control: no-store, no-cache, must-revalidate[\r][\n]"
13:47:28.886 [Test worker] DEBUG org.apache.http.wire - http-outgoing-0 << "Last-Modified: Sat, 04 Apr 2020 10:47:28 GMT[\r][\n]"
13:47:28.886 [Test worker] DEBUG org.apache.http.wire - http-outgoing-0 << "X-Content-Type-Options: nosniff[\r][\n]"
13:47:28.886 [Test worker] DEBUG org.apache.http.wire - http-outgoing-0 << "Expires: Sat, 04 Apr 2020 10:47:28 GMT[\r][\n]"
13:47:28.886 [Test worker] DEBUG org.apache.http.wire - http-outgoing-0 << "X-Frame-Options: DENY[\r][\n]"
13:47:28.886 [Test worker] DEBUG org.apache.http.wire - http-outgoing-0 << "Content-Security-Policy: default-src 'self'; frame-ancestors 'none'; style-src 'self' 'unsafe-inline'; script-src 'self'; img-src 'self' 'self' data:[\r][\n]"
13:47:28.886 [Test worker] DEBUG org.apache.http.wire - http-outgoing-0 << "Content-Encoding: gzip[\r][\n]"
13:47:28.886 [Test worker] DEBUG org.apache.http.wire - http-outgoing-0 << "Vary: Accept-Encoding[\r][\n]"
13:47:28.886 [Test worker] DEBUG org.apache.http.wire - http-outgoing-0 << "Content-Length: 2759[\r][\n]"
13:47:28.886 [Test worker] DEBUG org.apache.http.wire - http-outgoing-0 << "Keep-Alive: timeout=5, max=97[\r][\n]"
13:47:28.886 [Test worker] DEBUG org.apache.http.wire - http-outgoing-0 << "Connection: Keep-Alive[\r][\n]"
13:47:28.886 [Test worker] DEBUG org.apache.http.wire - http-outgoing-0 << "Content-Type: text/html; charset=UTF-8[\r][\n]"
13:47:28.886 [Test worker] DEBUG org.apache.http.wire - http-outgoing-0 << "[\r][\n]"
13:47:28.886 [Test worker] DEBUG org.apache.http.wire - http-outgoing-0 << "[0x1f][0x8b][0x8][0x0][0x0][0x0][0x0][0x0][0x0][\n]"
13:47:28.886 [Test worker] DEBUG org.apache.http.wire - http-outgoing-0 << "[0xed][0x1a]k[0x8f][0xdb][0xb8][0xf1][0xf3][0x1a][0xe8]]]>&#x7f;<![CDATA[`[0x15] [0xe8]#[0xf2][0xdb][0xfb][0x8a][0xed][0xf6][0xf2]h[0xef][0x9a][0x4]9d7w[0xcd][0x15][0x85]AI[0xb4][0xc5][0xac]$*$e[-[0xfa][0xdf];CJ[0xb2]d{[0xd7][0x9b][0x83]7[0xf7]![0x1][0xd6]+[0x91][0x1c][0xe][0xe7]=C[0x8a][0xe3][0xdf][0xbf]x[0xfb][0xfc][0xfa][0xc3][0x8f]/I[0xa8][0xe3]h[0xda][0x1a][0x97][0xf]F[0x83]i[0xeb]d[0x1c]3MaH[0xa7].[0xfb][0x94][0xf1][0xe5][0xc4]y.[0x12][0xcd][0x12][0xed][0xea]<e[0xe][0xf1]mk[0xe2]h[0xb6][0xd6][0x1d][0x9c][0xfb][0x94][0xf8]![0x95][0x8a][0xe9]I[0xa6][0xe7][0xee][0xb9]C:[0x15][0x9a][0x84][0xc6]l[0xe2]H[0xe1][0x9][0xad]jS[0x13][0xc1][0x93][0x80][0xad][0x9f][0xcc]E[0x14][0x89]U1As[0x1d][0xb1][0xe9][0x9b][0x9c][0xfc][0xc4][0xd9][0x8a][0xb8][0xe4][\r]M4W[0xcf][0xae][0xc7][0x1d];[0xd2][0xaa][0xa3]\[0x2]L*[0xa4][0xae]!][0xf1]@[0x87][0x93][0x80]-[0xb9][0xcf]\[0xd3]xBx[0xc2]5[0xa7][0x91][0xab]|[0x1a][0xb1]I[0xaf][0xdd]}Bb[0xba][0xe6]q[0x16][0xd7][0xbb]2[0xc5][0xa4]iS[0xf][0xba][0xba][0x5]=[0x11]On[0x88]d[0xd1][0xc4]Q:[0x8f][0x98][\n]"
13:47:28.886 [Test worker] DEBUG org.apache.http.wire - http-outgoing-0 << "[0x19][0x83][0xe5]P[0x8][0x5][0xef][0xbe][0x2][0x9e]B[0xc9][0xe6][0x13][0x7][0xc5]u[0xd9][0xe9]D[0x2][0x90][0x84]B[0xe9]Nl[0x88][0xf7][0xb4][0xdb]o[0xf7][0x87][0xed].[0xc2]v[0x2]6[0xa7]Y[0xa4][0xdb]f[0xde][0xc3],[0xa1]4[0xd5][0x99][0x9a][0x81]L[0xe6]|[0xd1]N[0xc3][0xf4]/>[0xf5]C6[0xbb]a[0xf9]dt1[0x1c][0x9e][0xf][0xcf][0xbc][0xee][0xe8][0xa2]w[0xd1][0xf7][0xbb]g[0x8c][\r].[0x2][0x8f][0xcd][0xfd][0xd1][0xf0][0xdc][0xa3][0x17][0xf][0xc6][0xb6][0x14][0xe9]]]>&#x7f;<![CDATA[D[0xc2][0xdc]Q{[0xd4][0xee][0xb6]c[0x9e]<[0xa4][0x4]<[0x1][0xa6][0xa6]%M[0xdd]A{[0xd8][0xee]=[0xf4]rs[0xb0]>[0x97][0xae][0x98][0x12]1s[0x87][0xed][0xd3][0xf6][0xe0]K[0xac][0xa8][0xbe][0x8c][0x4][0x3][0xaa][0x99][0xe6]1K[0xb9]]]>&#x7f;<![CDATA[[0x3][0x1e][0x2][0xe2]<k[0xf][0xcf][0x1e][0x9a]A[0xea][0xb3]/[0xb0][0x84]k[0xfb][0x1f]z[0x15]u[0xc3][0x13][0xd5]`[0xa7][0xb9]R[0x8]1[0xcc][0xcf]4[0xe1][0xe0][0xb2]%[0xf2][0x1d]d<[0xa6][0xb][0x6][0x9a][0xa7]K[0x4]k[0xc3][0xbf][0x92].3[0xd2]Y[0xbb]v[0xfa]6[0x1b][0x8c]J?,Ai[0x9a]F[0xdc][0xa7][0x9a][0x8b][0xa4]#R[0x96][0xd8][0xd1][0x80])_[0xf2][0x14]{[0xff][0xbc][0x8e]#[0x0][0xc6]X;q[0xca][0xe0]{I[0xe6]Y[0x14][0xb9][0xc8]?)[0xf1][0xdd]S[0x4][0x9e][0x14]+[0x8][0xac]3;m[0x96]F[0xd9][0x2][0xc4][0x80]1[0xc9][0x10][0x84]([0x9d][0x7][0xa1][0xd8][0xc2][0x11]/'?([0x95]1[0xf2]Cp,[0x9a]y`)[0xb6][0x14][0xd4]m[0xe3]#]R[0xdb][0xeb][0x10]%[0xfd]=J[0xdc]@[0xfc][0xca][0xf0]<[0x1d]w[0xec][0xfc]#P[0x0][0xee][0x9d][0xa8][0xc8][0x88]Vm[0xd1][0x11][0x9c][0x8f][0x86]g[0xac][0xdb][0xa7][0xc3][0xc1][0xf9][0xc5][0xe0]4[0x8][0x98]]]>&#x7f;<![CDATA[J[0xa9][0xe7][0xd1]9[0xf4][0xf7]N[0xfb]G[0xa0]Cu>~[0xca][0x98][0xcc][0xb1][0x3][0x82]4z[0xc7]Gu[0x14][0xbc]{r[0xcd][0x91]0[0xfb]"[0x8e][0xc5].[0xb6][0x9d]b[0xe9][0x1d][0x9b]K[0x88][0x1d][0xb5][0xba][0xa4]w[0xde][0xed]>%[0xef][0xdf][0xbd][0x9e][0x1c]4[0xbf]8[0x9f]aa3K[0xc1][0xab][0x8d]Z[0xa4][0xc5]6[0xd1]2c[0xc6][0xbf][0xc7][0x1d][[0xa6][0x8d]=[0x11][0xe4][0xc4][0x8f][0xa8]R[0xe0]6[0x10]d[0xdc][0x81][0x3][0xbd]&rM[]]>&#x7f;<![CDATA["[0xff]%&3[0xcd]i[0xcc][0xa3][0xfc][0x92]8o[0xc1]]]>&#x7f;<![CDATA[[0xc8][0x15]([0xdd]yJ[0xfe]GZa[0xef][0x9][0x9][0xfb][0xf0][0x1b][0xc0]o[0x8][0xbf][0xd1][0xa1][0x19][0xc0][0xb4][0xc5]=[0xe][0xf8][0x92][0xf0][0x0][0x8a]8[0xba][0xf4][0xa8]tJ"l[0x93][0xd8][0x87][[0xd4]:e[0xd3][0x87]B[0x8f][0xa6][0x8a][0x95][0xed]9_[0xb3][0xc0][0xd5]"%[0x89]H%O4H[0xb5][0x89][0xd7]E[0xf9]Q[0x9e][0xb0][0xed][0x15]j[0x3][0xd3][0xb1][0x97]i-[0x12]3-fI[0x6][0x18][0x17][0x8b][0x8][0xa7]X[0xf5][0xda][0xe1]m[0x4][0x16][0x88][0xd4]'[0x90][0x14][0xa3]\[0xc4][0xe6][0x9a][0x84][0x1c]L>q[0xa3]E[0xf9][0x16]C[0xf8][0x80]LH]M[0xe5][0x2][0x8a]\[0xe7][0x91][0xe2][0x1]C[0xd6][0xa7]c[0x95][0xd2][0xa4][0xd2][0x82]tE[0x12][0xe5][0xce][0xf4][0xda][0xe2]/[0xa0]@p[0x0][0xd4][0x4][0xc5]p[0xed]Z[0xc]G[0x18][0xed]X6[0xad][0x4][0x9b][0xac][0xa2][0xb1][0x18]A[0xd1][0xdb]r[0xcb][0xb6][0xc9]m[0xb][0xcb][0x83]H[0x11]ls[0x1a][0xd3][0x8][0x84][0xe6][0x9e][0x8d][0x9c]iU[0xa6][0x93][0x8a][0x1c]Z[0xe9][0xe5][0x1e]Zh[0xb6]J;[0x9][0xac]B$_[0x84][0x95]FT[0xbc][0xd1][0xc8]FK[0xa5]n[0xcc][0xfc][0x89]S"[0xd8]RY[0xbb][0xe4][0xc6][0x90][0xa2][0x9e][0x94]m[0xb4][0x81][0x3]j[0xc4][0xcd][0x81][0xb1][0x95][0x92]?^Bb~Gm[0x90]9[0x85]?[0xd7][0x0][0xc2][0xb3][0xbf]&[0xab][0x90]k[0x86][\n]"
13:47:28.886 [Test worker] DEBUG org.apache.http.wire - http-outgoing-0 << "[0xe2]S[0xb2]QO[0x7][0xf4][0xb3]OI[0x5]Q[0xa4][0xa1][0xb3][0x1d][0xcf][0xa9]8[0x9b][0x8e][0xb3][0xa8][0x86][0x81] [0x19][0xf0][0x84][0xfe][0xa8]"m!Yn[0xb4][0xde][0x10][0xe]F[0xc7]@[0xac][0xaa]B[0xe3]Q[0xa5][0x93]r[0xa4][0x0]u>[0x9f][0xcb][0xba][0x8][0xcd]~[0x8a]'s[0xe1]L[0xf1][0xb5]7:[0x1f]]\[0x9c][0xf5][0x7][0xa7][0xa3]A[0xf7][0x90][0x14]i[0x2][0xeb][0xbb][0x86]J[0x83][0xd9][0x98][0xd3][0x86]a[0x83][0x1a][0xb5]A*[0x92]w[[0x85][0xdd]T}9[0xc3]m[0xe6][0xa6][0xed]S[0xc9]j[0xc3]~$[0x8c]X#~[0x87][0x9f]P[0xdf][0x17]Y[0xa2]7~r[0xb7][0x88][0x1c]T<[0xc8][0x5][0xb6][0xb3][0xdf][0xd9][0x99][0x86][0x91][0xe][0xae]Q_[0xe7]`J[0xe0]X[0xc2][0xa8][0x99]T6O#n[0xb3][0x3][0xde][0x11][0xec]c[0x1a][0xa7]O1[0x81][0xbf]Z[0xff]CI[0xef][0x97][0xd5][0xcb]W[0x1f][0x94][0xfc][0x4][0x9b]Z[0xda]c[0xc9][0xcd][0xf0][0x97][0xe4][0xf5][0x8b][0xf5]U[0xf6][0xe2][0xe2][0x9a][0x9e]]]>&#x7f;<![CDATA[[0xcf][0xfd]+[0x97][0xcf][0xf8][0xcf][0xaf]^e[0xdd][0xf5]?Go]]>&#x7f;<![CDATA[[0x1a][0xf6][0xcf][0xbf][0xbb][0x9e]}[0x18][0xae][0xaf]^[0xe6]]]>&#x7f;<![CDATA[[0xa3][0xdd][0xc1]K[0xf9][0xf3][0xea][0xfd][0xdf]_=[0x1b][0xd1]g[0xa7][0xdf]G[0xbf][0xdc][0xc1]-P[0xe6][0xaa]O[0x19][0x88][0x94][0x8][0x88][0x15][0xb]V[0xb2][0xfe][0xee][0xea][0xaa][0xce]sej|[0xc9]mL[0xda][0x11][0xc6][0xe][0xf3][0x91]X[0x88][0xec]^2W|[0x91][0xb8][0x0][.[0xfe][0xda][0xcc][0xdc][0xac][0xdf][0xc9][0xa2][0xc6][0x9b]q[0xc5][0xfa][0xff][0x9a][[0xc6][0x90]][0xea][0xe9][0xc7]d[0x97]f_-[\r][0x96][0xc9][0xa0][0x8a][0x1f][0xb6]][0x86]]]>&#x7f;<![CDATA[[0x9b][0xea][0xa0][0xbc]U)[0xf8]8_[0xa2]#[0xc7])[0xf5]5[0xd9]qd[0xf8][0xb9][0x11]W[0xba][0xe1][0xc9][0x0][0x9][0x93]p[0xc1][0xfb][0x87]p[0x0][0xae][0xe6][0x1b]]]>&#x7f;<![CDATA[[0xa8][0x9]*[0xa0]*[0xf4][0x4][0x95]A[0xe1][0xb8][0xad][0x86][0xe7][0xda][0x9c][0x88][0x95][0xb9]1]s[0x12]Sxl[0xb][0x85][0x9]uGE[0x98][0x84]Z[0x19][0x91]x8[0x4][0x92]m[0x8d][0xcd][0xbf][[0xc9]44B[0xe2][0x98]y[0xd9][0xe2]~[0xb4][0xa2]0\[0x1a][0xe9][0x83][0xa4][0x1a]:M[0xb1][0xaf][0x8e]F[0xae][0x1f][0xa2]1[0x83][0x5][0xde][0x8f]V[0x88](+[0xdc]0[0x1e]"[0xf5][0xb9]A[0x8b][0xf6]y4J[0xa5][0xa0]AL[0xd3]{[0xd2][0x9][0xc0][0x7][0x89]|g1~[0x6][0x85][0xc6][0xab][0xb6]\[0xc2][0xf5]t[0xb2][0xed][0x16]e[0xa2]/[0x9b][0xb5][0xac][0xc6]m[0xb2]BZ[0xfb][0xb7][0xa6][0x85][0xcc][0x83][0x87][0x9][0xef][0xce][0x6][0xbc]w78[0x96]uN[0xeb][0xe4][0xe4][0xee][0x84][0xb3][0x1]-[0xf2][0xce][0x81][0xe0][0xc0][0xb0]h[0xdd][0x84][0x1]OB[0xda][0xf6]e[0x16]{[0xaa][0xe2][0xb9][0xd6][0xb7][0xa9]s[5[0xaf][0xdf][0x0]@?!&[0x18]V[0x9a][0xab][0xe5][0xdb][0x10]O[0x97][0xc][0xcd]e80[\n]"
13:47:28.886 [Test worker] DEBUG org.apache.http.wire - http-outgoing-0 << "$[0x9f][0x93][0xae][0xf6]dbj[0x16][0xad][0x1b]AD=[0x16][0x95][0xc5][0xd5]Z[0x11][0xd3][0xae][0x8a]y[0xa3]w[0x6][0xe6]#[0x19][0x9e][0xbd][0xb2][0xaa][0xb6][0xdd][0xd8]@c{[0xe0][0x96][0xfb][0xf9]M[0x90]+[0xbb][0xa6][0xe3][0xb9][0x90]q[0xc5]*[0xbc]W[0xc0][0xb0][0xa5][\n]"
13:47:28.887 [Test worker] DEBUG org.apache.http.wire - http-outgoing-0 << "[0x5] H![0x1d]:[0x86]a[0x91][0xec][0xdb][0x93]eq:[0xd3][0x2][0xa3]I[0x91][0x1b][0x1a]Ur[0x92]f[0xda][0x1e][0x8b][0x80]H[0xb1]Q[0xdb][0xf1]9[0xc5]!2[0x6]"[0xd8][0xd2][0x13][0x9a]i[0x81]Q9b[0x1a]z[0xc5]|[0xbe][0x87]b[0xd7] qH[0x1a][0x81][0xfd][0x84]"[0x82][0x14]6q[0xec][0xf9][0xc2][0xa3][0xbb][0xf2][0x92]=[0x8b][0xa8][0xe3][0xb1]4[0x19][0x13]+[0xa4][0x87][0xec][0x17][0xa6][0xf6][0xbb]V[0xf9][0x4][0xcd][0xd4][0xcc][0xe][0xf5][0xb8]mv[0xc5][0x90][0xf1][0xc5]F[0xf]8[0x15]([0xcf][0xed][0xf5][0xb1]h[0x84]j[0xd9]=[0x5][0x80][0x8d]f[0xb2][0x4][0xa0] _[0x82]&[0xcb][0x19]+[0x1e]@[0x9d][0xec]z[0x2][0xaa]:[0xfb][\n]"
13:47:28.887 [Test worker] DEBUG org.apache.http.wire - http-outgoing-0 << "3[0x5]xp[0x94][0xb1]>d*[0xd8][0xe9][0xd6][0xf0][0x17] E[0xa1][0xda]h[0xb9]fo[0x80][0x13]N[0xc6][0xe1]pk[0x82]9[0xa9]![0x11]z[0xaf][0xc9][0xa1]'[0x0]t[0x9b][0xe0][0x9a][0xb1][0x1f][0xa3]_[0x89][0xcb]T[0x9d][0x85][0xdd]W9E1[0xbd]9[0xa6][0xe9][0x99]ZH[0xb3][0x18][0xac][0x94][0xca]|[0x92][0x9b]6[0x4][0xde][0x0]v-[0xa0][0xf1][0xc9][0xbf][0x12][0x91][0xb0]]]>&#x7f;<![CDATA[[0xdb]^[0x8]D3{l>[0xb9][0xe8]:[0xd3][0xf7][0x95]pL[0xf1]P[0xb7])[0x8f][0x6][0xa6][0xba]!][0xe2][0xc2][0xaf][0x3][0xbf]2B[0x2]#[0x9d]ph[0xb8][0xde][0x95][0x93][0x16]"2[0x1b]6[0xc3]pQ[0x93][0x97]v[0xbd][0xd9][0xb0][0x94]5[0xb9][0x1][0xab][0x9][0xa6]G[0xb6]D[0xe3][0x87]l)a[0x13][0x98][0xa5][0xc4][0xe3][0x8b][0x5][0x8][0xbd][0xd7][0x1f][0x15]r[0xc2][0x99][0xe8][0xd7][0xf8]@;[0xba][0x93]"[0x8]J[0xa0]r[0x89]J[0xac]\[0xbe][0xa0]rw[0x8e][0xdd]*Y[0xda]*e@[0x84]'[0xf0]s![0xb6][0xc5] i[0xf3]n[0x14]d[0xde]$[0x84][0xa0][0xc0][0xbc][0xa9][0xf8][0xe1]4VK[0xfe][0xc8][0xfa]I[0x9d][0xf5][0xe2][0xa5]x[0xee][0xb5]b<Hqn[0x91][0x13][0x6]{[0x14]RJ[0x83][0x80]'[0x8b]][0xd9]hj[0xf2]QU[0xdc][0x95][0x2]2[0xfd][\r] bA[0xad][0xb8][0xa1] [0xb4]MPj[0x80][0x7][0x9b]e[i[0xc9][0xd3][0xaa][0x15][0x8a][0xa5][0xad]55[0x12][0x89]O9[0x1d][0xeb]`[0xfa][0xf8]Q[0xef][0xb4][0xfb]t[0xdc][0x81]W[0xf8]'[0xf1]_[0x1][0xd0]1[0x13][0xa7]E[0x10][0xb9][0xe5]Q[0xa3][0x1f][0x8c][0x17]l[0xab][0xd7]u[0xea][0x99][0xe]c[0x4][0xb0]$[0xa2][0xe5]W[0x16]![\n]"
13:47:28.887 [Test worker] DEBUG org.apache.http.wire - http-outgoing-0 << "[0xa3]:[0xef][0xee][0xb5][0xb3]w[0x85]H[0xbe][0xc5][0x85][0xdf]:.[0xdc][0xad][0xa7]o[0xf1][0xe0][0x88][0xf1]`[0xa7][0xfe][0xdd]W[[0xd4][0xa2][0x86][0xf][0xf5][0xc9],[0x16]_W[0xdc][0xa8][ [0xe6])[0xd3]9[0xe7][0x11][0xd0]2[0xf3][0xf2][0x19]`[0xd7][0xb3],[0xc5][0xaf][0xa9][0xc1][0xc][0xff][0x17]h[0x1a][0xfd],[0xc1][0xb1]|2[0xdc]?[0x14]C[0xe9][0x17][0xde]6[0x98]Ce9[0xe9]w[0xfb][0xdd][0xdd]a[0xa0]Jj[0x83]xt[0xdb][0xa0]E=[0xb8]m[0xb8]B[0x8e][0x11][0x10][0xd5][0x1b][0xe5][0xe4][0x8d][0x8][0xf8][0x9c][0x83]][0xfe]a[0xd0]%/h[0xae][0xfe][0xf8]-([0xfe][0xd6]A[0xf1]k1[0xc2]o[0xe1][0xfd][0xd8][0xe1][0xbd]ux[0xa2][0x1f][0x81][0x2][0xe6]|]N[0xdc][0x83][0xb5][0xdf][0xdd];8[0x17]B[0xe3][0xd7][0x8c][0xcd][0xf1][0xc7][0xce] l[0xad]kg[0xaa][0xcd][0xa1][0xfd][[0xde]2[0xf5][0x90]M6j[0xa8]m[0xc]o[0xa0]%e[0xbe][0x88][0x82][0xf7]/[0xa6]?[0x8a][0x95][0xd1][0x83][0x97][0x93][0xc6][0xd9][0xbb][0xba][0xec]tV[0xab]U[0xbb]<]h[0xb][0xb9][0xa8][0xae][0x14]x[0xd9][0x82]hI[0xfd][0x1b][0xc0]J[0x94][0x98][0xeb][0x15][0x95][0xa0][0xf3][0xda][0x17]/<^.V cO[0xe2]z[0x98][0xa5][0xa6][0xcf]E[0x9a][0xdb][0x8f][0x10][0x8f]}x}J[0xfa][0xdd].[0x6]B4[0xe1][0xcd][0x17][0xb3]kFc[0x98]of[0xe0][0xec]jr[0xa2][0xf1][0x80][0xb8]"[0x14][0xec]2[0xd2][0xe2]r[0xc5][0xbc][0x18]\[0x83][0xc9][0xbf][0xb2]5[0xc5][0xd3][0x8a][0xb6]/[0xe2][0x8a][0xd8]r[0x96][0xe][0x19][0xa9] [0xc9][0x92]S[0x82]w]x[0xd4]v[0xa6]4[0x88]y[0xc2][0xf1]n[0x8f][0x16][0x12][0x89]'s![0x9][0xee]w[0xc1][0xcb][0x12][0x9f][0xd5]i[0xc1]3[0xbf]J[0x88]{[0xc]bG[0x3][*[0xda]|[0xbf][0xb3][0x7][0xe8][0xa9]U[0x80][0xeb][0xe5]nu[0x92][0x83][0xc7][0xfb][0xf5][0x93][0xed][0x83][\n]"
13:47:28.887 [Test worker] DEBUG org.apache.http.wire - http-outgoing-0 << "[0xb1][0x92]#[0xcf]@/[0xd7][0xa8][0x17]&/[0x9]Dy[0xc9][0x18][0x81][0xad]"[0xc1]K"[0xa0][0xa7]L[0xfa]F[0x4][0xc4][0xa3][0xe8]jM-[0xe6] [0x96][0xb8][0x8d]'6[0xf1][0xe2][0x96][0xaf][0xfd][0xc5]u[0x1b][0xdb]=C"[0xdb])[0x98][0x15][0xb1][0x17][0xc][0x9d]^[0xb7][0xf][0xf1][0x99]!k[0x13]g0r[0x8][0xd4][0x12][0x13][0xa7]f`[0xc7][0xa3][0x92]t[0xa6][0xf6][0xe8][0xf5].[0xff].[0x1e][0xf5]4[0xe3]*_B[0xaa]4I[0xaf]H:*6[0xf][0x9e]@[0x8c]Q[0x8c][0x4]\[0xa5][0x11][0xcd][0xad]n[0x1a]3[0xea][0xb9][0xf5][0xe0]W:sh[\n]"
13:47:28.887 [Test worker] DEBUG org.apache.http.wire - http-outgoing-0 << "[0xab][0x98][0x8f][0xd2][0xf8][0xd9][0xb4]J[0xb2]6[0xc8][0xf0][0xf2][0xec][0xb8][0x8c][0xcc][0xbf][0xf2][0xf6][0xc5][0xbe][}G[0xba][0xd8][0x11][0x8b][0x18]/[0xb7][0xae][0xb8][0xe]][0xf3][0x19][0x8e][0xa9]b[0xf4][0x98][0xab][0xdc][0xeb]R[0xdd][0x91][0xd6]Bx[0x8a]Es[0xbb][0xb8]f[0xd3]k[0xf][0x8e][0xcb][0x8d])[0xa1]{[0xc7][0xbe]bS^[0xfc]k[0xa2][0x1b]w[0xca]dg[0xef])[0xff][0x1f][0x10]4"[0xe4][0xbf],[0x0][0x0]"
13:47:28.887 [Test worker] DEBUG org.apache.http.headers - http-outgoing-0 << HTTP/1.1 200 OK
13:47:28.887 [Test worker] DEBUG org.apache.http.headers - http-outgoing-0 << Date: Sat, 04 Apr 2020 10:47:28 GMT
13:47:28.887 [Test worker] DEBUG org.apache.http.headers - http-outgoing-0 << Server: Apache/2.4.41 (Win64) OpenSSL/1.1.1c PHP/7.4.2
13:47:28.887 [Test worker] DEBUG org.apache.http.headers - http-outgoing-0 << X-Powered-By: PHP/7.4.2
13:47:28.887 [Test worker] DEBUG org.apache.http.headers - http-outgoing-0 << Cache-Control: no-store, no-cache, must-revalidate
13:47:28.887 [Test worker] DEBUG org.apache.http.headers - http-outgoing-0 << Last-Modified: Sat, 04 Apr 2020 10:47:28 GMT
13:47:28.887 [Test worker] DEBUG org.apache.http.headers - http-outgoing-0 << X-Content-Type-Options: nosniff
13:47:28.887 [Test worker] DEBUG org.apache.http.headers - http-outgoing-0 << Expires: Sat, 04 Apr 2020 10:47:28 GMT
13:47:28.887 [Test worker] DEBUG org.apache.http.headers - http-outgoing-0 << X-Frame-Options: DENY
13:47:28.887 [Test worker] DEBUG org.apache.http.headers - http-outgoing-0 << Content-Security-Policy: default-src 'self'; frame-ancestors 'none'; style-src 'self' 'unsafe-inline'; script-src 'self'; img-src 'self' 'self' data:
13:47:28.887 [Test worker] DEBUG org.apache.http.headers - http-outgoing-0 << Content-Encoding: gzip
13:47:28.887 [Test worker] DEBUG org.apache.http.headers - http-outgoing-0 << Vary: Accept-Encoding
13:47:28.887 [Test worker] DEBUG org.apache.http.headers - http-outgoing-0 << Content-Length: 2759
13:47:28.887 [Test worker] DEBUG org.apache.http.headers - http-outgoing-0 << Keep-Alive: timeout=5, max=97
13:47:28.887 [Test worker] DEBUG org.apache.http.headers - http-outgoing-0 << Connection: Keep-Alive
13:47:28.887 [Test worker] DEBUG org.apache.http.headers - http-outgoing-0 << Content-Type: text/html; charset=UTF-8
13:47:28.888 [Test worker] DEBUG org.apache.http.impl.execchain.MainClientExec - Connection can be kept alive for 5000 MILLISECONDS
13:47:28.889 [Test worker] DEBUG org.apache.http.impl.conn.PoolingHttpClientConnectionManager - Connection [id: 0][route: {}->http://localhost:80] can be kept alive for 5.0 seconds
13:47:28.889 [Test worker] DEBUG org.apache.http.impl.conn.DefaultManagedHttpClientConnection - http-outgoing-0: set socket timeout to 0
13:47:28.889 [Test worker] DEBUG org.apache.http.impl.conn.PoolingHttpClientConnectionManager - Connection released: [id: 0][route: {}->http://localhost:80][total available: 1; route allocated: 1 of 2; total allocated: 1 of 20]
13:47:28.895 [Test worker] INFO org.subethamail.smtp.server.SMTPServer - SMTP server *:25 stopping
13:47:28.895 [Test worker] DEBUG org.subethamail.smtp.server.ServerThread - SMTP Server socket shut down
13:47:28.895 [org.subethamail.smtp.server.ServerThread *:25] INFO org.subethamail.smtp.server.ServerThread - SMTP server *:25 stopped
]]></system-out>
  <system-err><![CDATA[SLF4J: Class path contains multiple SLF4J bindings.
SLF4J: Found binding in [jar:file:/C:/Users/dpyrk/.gradle/caches/modules-2/files-2.1/ch.qos.logback/logback-classic/1.2.3/7c4f3c474fb2c041d8028740440937705ebb473a/logback-classic-1.2.3.jar!/org/slf4j/impl/StaticLoggerBinder.class]
SLF4J: Found binding in [jar:file:/C:/Users/dpyrk/.gradle/caches/modules-2/files-2.1/com.cisco.oss.foundation/logging-log4j/1.0.2-1/6a30195bf21e825693673fd5373a8ab4a48fc251/logging-log4j-1.0.2-1.jar!/org/slf4j/impl/StaticLoggerBinder.class]
SLF4J: See http://www.slf4j.org/codes.html#multiple_bindings for an explanation.
SLF4J: Actual binding is of type [ch.qos.logback.classic.util.ContextSelectorStaticBinder]
java.net.ConnectException: Connection refused: connect
	at java.net.DualStackPlainSocketImpl.connect0(Native Method)
	at java.net.DualStackPlainSocketImpl.socketConnect(DualStackPlainSocketImpl.java:79)
	at java.net.AbstractPlainSocketImpl.doConnect(AbstractPlainSocketImpl.java:350)
	at java.net.AbstractPlainSocketImpl.connectToAddress(AbstractPlainSocketImpl.java:206)
	at java.net.AbstractPlainSocketImpl.connect(AbstractPlainSocketImpl.java:188)
	at java.net.PlainSocketImpl.connect(PlainSocketImpl.java:172)
	at java.net.SocksSocketImpl.connect(SocksSocketImpl.java:392)
	at java.net.Socket.connect(Socket.java:606)
	at org.apache.commons.net.SocketClient._connect(SocketClient.java:243)
	at org.apache.commons.net.SocketClient.connect(SocketClient.java:202)
	at dd.pyrkova.mantis.appmanager.JamesHelper.initTelnetSession(JamesHelper.java:63)
	at dd.pyrkova.mantis.appmanager.JamesHelper.createUser(JamesHelper.java:43)
	at dd.pyrkova.mantis.tests.RegistrationTests.testRegistration(RegistrationTests.java:29)
	at sun.reflect.NativeMethodAccessorImpl.invoke0(Native Method)
	at sun.reflect.NativeMethodAccessorImpl.invoke(NativeMethodAccessorImpl.java:62)
	at sun.reflect.DelegatingMethodAccessorImpl.invoke(DelegatingMethodAccessorImpl.java:43)
	at java.lang.reflect.Method.invoke(Method.java:498)
	at org.testng.internal.MethodInvocationHelper.invokeMethod(MethodInvocationHelper.java:134)
	at org.testng.internal.TestInvoker.invokeMethod(TestInvoker.java:597)
	at org.testng.internal.TestInvoker.invokeTestMethod(TestInvoker.java:173)
	at org.testng.internal.MethodRunner.runInSequence(MethodRunner.java:46)
	at org.testng.internal.TestInvoker$MethodInvocationAgent.invoke(TestInvoker.java:816)
	at org.testng.internal.TestInvoker.invokeTestMethods(TestInvoker.java:146)
	at org.testng.internal.TestMethodWorker.invokeTestMethods(TestMethodWorker.java:146)
	at org.testng.internal.TestMethodWorker.run(TestMethodWorker.java:128)
	at java.util.ArrayList.forEach(ArrayList.java:1257)
	at org.testng.TestRunner.privateRun(TestRunner.java:766)
	at org.testng.TestRunner.run(TestRunner.java:587)
	at org.testng.SuiteRunner.runTest(SuiteRunner.java:384)
	at org.testng.SuiteRunner.runSequentially(SuiteRunner.java:378)
	at org.testng.SuiteRunner.privateRun(SuiteRunner.java:337)
	at org.testng.SuiteRunner.run(SuiteRunner.java:286)
	at org.testng.SuiteRunnerWorker.runSuite(SuiteRunnerWorker.java:53)
	at org.testng.SuiteRunnerWorker.run(SuiteRunnerWorker.java:96)
	at org.testng.TestNG.runSuitesSequentially(TestNG.java:1187)
	at org.testng.TestNG.runSuitesLocally(TestNG.java:1109)
	at org.testng.TestNG.runSuites(TestNG.java:1039)
	at org.testng.TestNG.run(TestNG.java:1007)
	at org.gradle.api.internal.tasks.testing.testng.TestNGTestClassProcessor.runTests(TestNGTestClassProcessor.java:141)
	at org.gradle.api.internal.tasks.testing.testng.TestNGTestClassProcessor.stop(TestNGTestClassProcessor.java:90)
	at org.gradle.api.internal.tasks.testing.SuiteTestClassProcessor.stop(SuiteTestClassProcessor.java:61)
	at sun.reflect.NativeMethodAccessorImpl.invoke0(Native Method)
	at sun.reflect.NativeMethodAccessorImpl.invoke(NativeMethodAccessorImpl.java:62)
	at sun.reflect.DelegatingMethodAccessorImpl.invoke(DelegatingMethodAccessorImpl.java:43)
	at java.lang.reflect.Method.invoke(Method.java:498)
	at org.gradle.internal.dispatch.ReflectionDispatch.dispatch(ReflectionDispatch.java:36)
	at org.gradle.internal.dispatch.ReflectionDispatch.dispatch(ReflectionDispatch.java:24)
	at org.gradle.internal.dispatch.ContextClassLoaderDispatch.dispatch(ContextClassLoaderDispatch.java:33)
	at org.gradle.internal.dispatch.ProxyDispatchAdapter$DispatchingInvocationHandler.invoke(ProxyDispatchAdapter.java:94)
	at com.sun.proxy.$Proxy2.stop(Unknown Source)
	at org.gradle.api.internal.tasks.testing.worker.TestWorker.stop(TestWorker.java:132)
	at sun.reflect.NativeMethodAccessorImpl.invoke0(Native Method)
	at sun.reflect.NativeMethodAccessorImpl.invoke(NativeMethodAccessorImpl.java:62)
	at sun.reflect.DelegatingMethodAccessorImpl.invoke(DelegatingMethodAccessorImpl.java:43)
	at java.lang.reflect.Method.invoke(Method.java:498)
	at org.gradle.internal.dispatch.ReflectionDispatch.dispatch(ReflectionDispatch.java:36)
	at org.gradle.internal.dispatch.ReflectionDispatch.dispatch(ReflectionDispatch.java:24)
	at org.gradle.internal.remote.internal.hub.MessageHubBackedObjectConnection$DispatchWrapper.dispatch(MessageHubBackedObjectConnection.java:182)
	at org.gradle.internal.remote.internal.hub.MessageHubBackedObjectConnection$DispatchWrapper.dispatch(MessageHubBackedObjectConnection.java:164)
	at org.gradle.internal.remote.internal.hub.MessageHub$Handler.run(MessageHub.java:412)
	at org.gradle.internal.concurrent.ExecutorPolicy$CatchAndRecordFailures.onExecute(ExecutorPolicy.java:64)
	at org.gradle.internal.concurrent.ManagedExecutorImpl$1.run(ManagedExecutorImpl.java:48)
	at java.util.concurrent.ThreadPoolExecutor.runWorker(ThreadPoolExecutor.java:1149)
	at java.util.concurrent.ThreadPoolExecutor$Worker.run(ThreadPoolExecutor.java:624)
	at org.gradle.internal.concurrent.ThreadFactoryImpl$ManagedThreadRunnable.run(ThreadFactoryImpl.java:56)
	at java.lang.Thread.run(Thread.java:748)
java.lang.NullPointerException
	at dd.pyrkova.mantis.appmanager.JamesHelper.readUntil(JamesHelper.java:92)
	at dd.pyrkova.mantis.appmanager.JamesHelper.initTelnetSession(JamesHelper.java:73)
	at dd.pyrkova.mantis.appmanager.JamesHelper.createUser(JamesHelper.java:43)
	at dd.pyrkova.mantis.tests.RegistrationTests.testRegistration(RegistrationTests.java:29)
	at sun.reflect.NativeMethodAccessorImpl.invoke0(Native Method)
	at sun.reflect.NativeMethodAccessorImpl.invoke(NativeMethodAccessorImpl.java:62)
	at sun.reflect.DelegatingMethodAccessorImpl.invoke(DelegatingMethodAccessorImpl.java:43)
	at java.lang.reflect.Method.invoke(Method.java:498)
	at org.testng.internal.MethodInvocationHelper.invokeMethod(MethodInvocationHelper.java:134)
	at org.testng.internal.TestInvoker.invokeMethod(TestInvoker.java:597)
	at org.testng.internal.TestInvoker.invokeTestMethod(TestInvoker.java:173)
	at org.testng.internal.MethodRunner.runInSequence(MethodRunner.java:46)
	at org.testng.internal.TestInvoker$MethodInvocationAgent.invoke(TestInvoker.java:816)
	at org.testng.internal.TestInvoker.invokeTestMethods(TestInvoker.java:146)
	at org.testng.internal.TestMethodWorker.invokeTestMethods(TestMethodWorker.java:146)
	at org.testng.internal.TestMethodWorker.run(TestMethodWorker.java:128)
	at java.util.ArrayList.forEach(ArrayList.java:1257)
	at org.testng.TestRunner.privateRun(TestRunner.java:766)
	at org.testng.TestRunner.run(TestRunner.java:587)
	at org.testng.SuiteRunner.runTest(SuiteRunner.java:384)
	at org.testng.SuiteRunner.runSequentially(SuiteRunner.java:378)
	at org.testng.SuiteRunner.privateRun(SuiteRunner.java:337)
	at org.testng.SuiteRunner.run(SuiteRunner.java:286)
	at org.testng.SuiteRunnerWorker.runSuite(SuiteRunnerWorker.java:53)
	at org.testng.SuiteRunnerWorker.run(SuiteRunnerWorker.java:96)
	at org.testng.TestNG.runSuitesSequentially(TestNG.java:1187)
	at org.testng.TestNG.runSuitesLocally(TestNG.java:1109)
	at org.testng.TestNG.runSuites(TestNG.java:1039)
	at org.testng.TestNG.run(TestNG.java:1007)
	at org.gradle.api.internal.tasks.testing.testng.TestNGTestClassProcessor.runTests(TestNGTestClassProcessor.java:141)
	at org.gradle.api.internal.tasks.testing.testng.TestNGTestClassProcessor.stop(TestNGTestClassProcessor.java:90)
	at org.gradle.api.internal.tasks.testing.SuiteTestClassProcessor.stop(SuiteTestClassProcessor.java:61)
	at sun.reflect.NativeMethodAccessorImpl.invoke0(Native Method)
	at sun.reflect.NativeMethodAccessorImpl.invoke(NativeMethodAccessorImpl.java:62)
	at sun.reflect.DelegatingMethodAccessorImpl.invoke(DelegatingMethodAccessorImpl.java:43)
	at java.lang.reflect.Method.invoke(Method.java:498)
	at org.gradle.internal.dispatch.ReflectionDispatch.dispatch(ReflectionDispatch.java:36)
	at org.gradle.internal.dispatch.ReflectionDispatch.dispatch(ReflectionDispatch.java:24)
	at org.gradle.internal.dispatch.ContextClassLoaderDispatch.dispatch(ContextClassLoaderDispatch.java:33)
	at org.gradle.internal.dispatch.ProxyDispatchAdapter$DispatchingInvocationHandler.invoke(ProxyDispatchAdapter.java:94)
	at com.sun.proxy.$Proxy2.stop(Unknown Source)
	at org.gradle.api.internal.tasks.testing.worker.TestWorker.stop(TestWorker.java:132)
	at sun.reflect.NativeMethodAccessorImpl.invoke0(Native Method)
	at sun.reflect.NativeMethodAccessorImpl.invoke(NativeMethodAccessorImpl.java:62)
	at sun.reflect.DelegatingMethodAccessorImpl.invoke(DelegatingMethodAccessorImpl.java:43)
	at java.lang.reflect.Method.invoke(Method.java:498)
	at org.gradle.internal.dispatch.ReflectionDispatch.dispatch(ReflectionDispatch.java:36)
	at org.gradle.internal.dispatch.ReflectionDispatch.dispatch(ReflectionDispatch.java:24)
	at org.gradle.internal.remote.internal.hub.MessageHubBackedObjectConnection$DispatchWrapper.dispatch(MessageHubBackedObjectConnection.java:182)
	at org.gradle.internal.remote.internal.hub.MessageHubBackedObjectConnection$DispatchWrapper.dispatch(MessageHubBackedObjectConnection.java:164)
	at org.gradle.internal.remote.internal.hub.MessageHub$Handler.run(MessageHub.java:412)
	at org.gradle.internal.concurrent.ExecutorPolicy$CatchAndRecordFailures.onExecute(ExecutorPolicy.java:64)
	at org.gradle.internal.concurrent.ManagedExecutorImpl$1.run(ManagedExecutorImpl.java:48)
	at java.util.concurrent.ThreadPoolExecutor.runWorker(ThreadPoolExecutor.java:1149)
	at java.util.concurrent.ThreadPoolExecutor$Worker.run(ThreadPoolExecutor.java:624)
	at org.gradle.internal.concurrent.ThreadFactoryImpl$ManagedThreadRunnable.run(ThreadFactoryImpl.java:56)
	at java.lang.Thread.run(Thread.java:748)
java.lang.NullPointerException
	at dd.pyrkova.mantis.appmanager.JamesHelper.write(JamesHelper.java:111)
	at dd.pyrkova.mantis.appmanager.JamesHelper.initTelnetSession(JamesHelper.java:74)
	at dd.pyrkova.mantis.appmanager.JamesHelper.createUser(JamesHelper.java:43)
	at dd.pyrkova.mantis.tests.RegistrationTests.testRegistration(RegistrationTests.java:29)
	at sun.reflect.NativeMethodAccessorImpl.invoke0(Native Method)
	at sun.reflect.NativeMethodAccessorImpl.invoke(NativeMethodAccessorImpl.java:62)
	at sun.reflect.DelegatingMethodAccessorImpl.invoke(DelegatingMethodAccessorImpl.java:43)
	at java.lang.reflect.Method.invoke(Method.java:498)
	at org.testng.internal.MethodInvocationHelper.invokeMethod(MethodInvocationHelper.java:134)
	at org.testng.internal.TestInvoker.invokeMethod(TestInvoker.java:597)
	at org.testng.internal.TestInvoker.invokeTestMethod(TestInvoker.java:173)
	at org.testng.internal.MethodRunner.runInSequence(MethodRunner.java:46)
	at org.testng.internal.TestInvoker$MethodInvocationAgent.invoke(TestInvoker.java:816)
	at org.testng.internal.TestInvoker.invokeTestMethods(TestInvoker.java:146)
	at org.testng.internal.TestMethodWorker.invokeTestMethods(TestMethodWorker.java:146)
	at org.testng.internal.TestMethodWorker.run(TestMethodWorker.java:128)
	at java.util.ArrayList.forEach(ArrayList.java:1257)
	at org.testng.TestRunner.privateRun(TestRunner.java:766)
	at org.testng.TestRunner.run(TestRunner.java:587)
	at org.testng.SuiteRunner.runTest(SuiteRunner.java:384)
	at org.testng.SuiteRunner.runSequentially(SuiteRunner.java:378)
	at org.testng.SuiteRunner.privateRun(SuiteRunner.java:337)
	at org.testng.SuiteRunner.run(SuiteRunner.java:286)
	at org.testng.SuiteRunnerWorker.runSuite(SuiteRunnerWorker.java:53)
	at org.testng.SuiteRunnerWorker.run(SuiteRunnerWorker.java:96)
	at org.testng.TestNG.runSuitesSequentially(TestNG.java:1187)
	at org.testng.TestNG.runSuitesLocally(TestNG.java:1109)
	at org.testng.TestNG.runSuites(TestNG.java:1039)
	at org.testng.TestNG.run(TestNG.java:1007)
	at org.gradle.api.internal.tasks.testing.testng.TestNGTestClassProcessor.runTests(TestNGTestClassProcessor.java:141)
	at org.gradle.api.internal.tasks.testing.testng.TestNGTestClassProcessor.stop(TestNGTestClassProcessor.java:90)
	at org.gradle.api.internal.tasks.testing.SuiteTestClassProcessor.stop(SuiteTestClassProcessor.java:61)
	at sun.reflect.NativeMethodAccessorImpl.invoke0(Native Method)
	at sun.reflect.NativeMethodAccessorImpl.invoke(NativeMethodAccessorImpl.java:62)
	at sun.reflect.DelegatingMethodAccessorImpl.invoke(DelegatingMethodAccessorImpl.java:43)
	at java.lang.reflect.Method.invoke(Method.java:498)
	at org.gradle.internal.dispatch.ReflectionDispatch.dispatch(ReflectionDispatch.java:36)
	at org.gradle.internal.dispatch.ReflectionDispatch.dispatch(ReflectionDispatch.java:24)
	at org.gradle.internal.dispatch.ContextClassLoaderDispatch.dispatch(ContextClassLoaderDispatch.java:33)
	at org.gradle.internal.dispatch.ProxyDispatchAdapter$DispatchingInvocationHandler.invoke(ProxyDispatchAdapter.java:94)
	at com.sun.proxy.$Proxy2.stop(Unknown Source)
	at org.gradle.api.internal.tasks.testing.worker.TestWorker.stop(TestWorker.java:132)
	at sun.reflect.NativeMethodAccessorImpl.invoke0(Native Method)
	at sun.reflect.NativeMethodAccessorImpl.invoke(NativeMethodAccessorImpl.java:62)
	at sun.reflect.DelegatingMethodAccessorImpl.invoke(DelegatingMethodAccessorImpl.java:43)
	at java.lang.reflect.Method.invoke(Method.java:498)
	at org.gradle.internal.dispatch.ReflectionDispatch.dispatch(ReflectionDispatch.java:36)
	at org.gradle.internal.dispatch.ReflectionDispatch.dispatch(ReflectionDispatch.java:24)
	at org.gradle.internal.remote.internal.hub.MessageHubBackedObjectConnection$DispatchWrapper.dispatch(MessageHubBackedObjectConnection.java:182)
	at org.gradle.internal.remote.internal.hub.MessageHubBackedObjectConnection$DispatchWrapper.dispatch(MessageHubBackedObjectConnection.java:164)
	at org.gradle.internal.remote.internal.hub.MessageHub$Handler.run(MessageHub.java:412)
	at org.gradle.internal.concurrent.ExecutorPolicy$CatchAndRecordFailures.onExecute(ExecutorPolicy.java:64)
	at org.gradle.internal.concurrent.ManagedExecutorImpl$1.run(ManagedExecutorImpl.java:48)
	at java.util.concurrent.ThreadPoolExecutor.runWorker(ThreadPoolExecutor.java:1149)
	at java.util.concurrent.ThreadPoolExecutor$Worker.run(ThreadPoolExecutor.java:624)
	at org.gradle.internal.concurrent.ThreadFactoryImpl$ManagedThreadRunnable.run(ThreadFactoryImpl.java:56)
	at java.lang.Thread.run(Thread.java:748)
java.lang.NullPointerException
	at dd.pyrkova.mantis.appmanager.JamesHelper.readUntil(JamesHelper.java:92)
	at dd.pyrkova.mantis.appmanager.JamesHelper.initTelnetSession(JamesHelper.java:75)
	at dd.pyrkova.mantis.appmanager.JamesHelper.createUser(JamesHelper.java:43)
	at dd.pyrkova.mantis.tests.RegistrationTests.testRegistration(RegistrationTests.java:29)
	at sun.reflect.NativeMethodAccessorImpl.invoke0(Native Method)
	at sun.reflect.NativeMethodAccessorImpl.invoke(NativeMethodAccessorImpl.java:62)
	at sun.reflect.DelegatingMethodAccessorImpl.invoke(DelegatingMethodAccessorImpl.java:43)
	at java.lang.reflect.Method.invoke(Method.java:498)
	at org.testng.internal.MethodInvocationHelper.invokeMethod(MethodInvocationHelper.java:134)
	at org.testng.internal.TestInvoker.invokeMethod(TestInvoker.java:597)
	at org.testng.internal.TestInvoker.invokeTestMethod(TestInvoker.java:173)
	at org.testng.internal.MethodRunner.runInSequence(MethodRunner.java:46)
	at org.testng.internal.TestInvoker$MethodInvocationAgent.invoke(TestInvoker.java:816)
	at org.testng.internal.TestInvoker.invokeTestMethods(TestInvoker.java:146)
	at org.testng.internal.TestMethodWorker.invokeTestMethods(TestMethodWorker.java:146)
	at org.testng.internal.TestMethodWorker.run(TestMethodWorker.java:128)
	at java.util.ArrayList.forEach(ArrayList.java:1257)
	at org.testng.TestRunner.privateRun(TestRunner.java:766)
	at org.testng.TestRunner.run(TestRunner.java:587)
	at org.testng.SuiteRunner.runTest(SuiteRunner.java:384)
	at org.testng.SuiteRunner.runSequentially(SuiteRunner.java:378)
	at org.testng.SuiteRunner.privateRun(SuiteRunner.java:337)
	at org.testng.SuiteRunner.run(SuiteRunner.java:286)
	at org.testng.SuiteRunnerWorker.runSuite(SuiteRunnerWorker.java:53)
	at org.testng.SuiteRunnerWorker.run(SuiteRunnerWorker.java:96)
	at org.testng.TestNG.runSuitesSequentially(TestNG.java:1187)
	at org.testng.TestNG.runSuitesLocally(TestNG.java:1109)
	at org.testng.TestNG.runSuites(TestNG.java:1039)
	at org.testng.TestNG.run(TestNG.java:1007)
	at org.gradle.api.internal.tasks.testing.testng.TestNGTestClassProcessor.runTests(TestNGTestClassProcessor.java:141)
	at org.gradle.api.internal.tasks.testing.testng.TestNGTestClassProcessor.stop(TestNGTestClassProcessor.java:90)
	at org.gradle.api.internal.tasks.testing.SuiteTestClassProcessor.stop(SuiteTestClassProcessor.java:61)
	at sun.reflect.NativeMethodAccessorImpl.invoke0(Native Method)
	at sun.reflect.NativeMethodAccessorImpl.invoke(NativeMethodAccessorImpl.java:62)
	at sun.reflect.DelegatingMethodAccessorImpl.invoke(DelegatingMethodAccessorImpl.java:43)
	at java.lang.reflect.Method.invoke(Method.java:498)
	at org.gradle.internal.dispatch.ReflectionDispatch.dispatch(ReflectionDispatch.java:36)
	at org.gradle.internal.dispatch.ReflectionDispatch.dispatch(ReflectionDispatch.java:24)
	at org.gradle.internal.dispatch.ContextClassLoaderDispatch.dispatch(ContextClassLoaderDispatch.java:33)
	at org.gradle.internal.dispatch.ProxyDispatchAdapter$DispatchingInvocationHandler.invoke(ProxyDispatchAdapter.java:94)
	at com.sun.proxy.$Proxy2.stop(Unknown Source)
	at org.gradle.api.internal.tasks.testing.worker.TestWorker.stop(TestWorker.java:132)
	at sun.reflect.NativeMethodAccessorImpl.invoke0(Native Method)
	at sun.reflect.NativeMethodAccessorImpl.invoke(NativeMethodAccessorImpl.java:62)
	at sun.reflect.DelegatingMethodAccessorImpl.invoke(DelegatingMethodAccessorImpl.java:43)
	at java.lang.reflect.Method.invoke(Method.java:498)
	at org.gradle.internal.dispatch.ReflectionDispatch.dispatch(ReflectionDispatch.java:36)
	at org.gradle.internal.dispatch.ReflectionDispatch.dispatch(ReflectionDispatch.java:24)
	at org.gradle.internal.remote.internal.hub.MessageHubBackedObjectConnection$DispatchWrapper.dispatch(MessageHubBackedObjectConnection.java:182)
	at org.gradle.internal.remote.internal.hub.MessageHubBackedObjectConnection$DispatchWrapper.dispatch(MessageHubBackedObjectConnection.java:164)
	at org.gradle.internal.remote.internal.hub.MessageHub$Handler.run(MessageHub.java:412)
	at org.gradle.internal.concurrent.ExecutorPolicy$CatchAndRecordFailures.onExecute(ExecutorPolicy.java:64)
	at org.gradle.internal.concurrent.ManagedExecutorImpl$1.run(ManagedExecutorImpl.java:48)
	at java.util.concurrent.ThreadPoolExecutor.runWorker(ThreadPoolExecutor.java:1149)
	at java.util.concurrent.ThreadPoolExecutor$Worker.run(ThreadPoolExecutor.java:624)
	at org.gradle.internal.concurrent.ThreadFactoryImpl$ManagedThreadRunnable.run(ThreadFactoryImpl.java:56)
	at java.lang.Thread.run(Thread.java:748)
java.lang.NullPointerException
	at dd.pyrkova.mantis.appmanager.JamesHelper.write(JamesHelper.java:111)
	at dd.pyrkova.mantis.appmanager.JamesHelper.initTelnetSession(JamesHelper.java:76)
	at dd.pyrkova.mantis.appmanager.JamesHelper.createUser(JamesHelper.java:43)
	at dd.pyrkova.mantis.tests.RegistrationTests.testRegistration(RegistrationTests.java:29)
	at sun.reflect.NativeMethodAccessorImpl.invoke0(Native Method)
	at sun.reflect.NativeMethodAccessorImpl.invoke(NativeMethodAccessorImpl.java:62)
	at sun.reflect.DelegatingMethodAccessorImpl.invoke(DelegatingMethodAccessorImpl.java:43)
	at java.lang.reflect.Method.invoke(Method.java:498)
	at org.testng.internal.MethodInvocationHelper.invokeMethod(MethodInvocationHelper.java:134)
	at org.testng.internal.TestInvoker.invokeMethod(TestInvoker.java:597)
	at org.testng.internal.TestInvoker.invokeTestMethod(TestInvoker.java:173)
	at org.testng.internal.MethodRunner.runInSequence(MethodRunner.java:46)
	at org.testng.internal.TestInvoker$MethodInvocationAgent.invoke(TestInvoker.java:816)
	at org.testng.internal.TestInvoker.invokeTestMethods(TestInvoker.java:146)
	at org.testng.internal.TestMethodWorker.invokeTestMethods(TestMethodWorker.java:146)
	at org.testng.internal.TestMethodWorker.run(TestMethodWorker.java:128)
	at java.util.ArrayList.forEach(ArrayList.java:1257)
	at org.testng.TestRunner.privateRun(TestRunner.java:766)
	at org.testng.TestRunner.run(TestRunner.java:587)
	at org.testng.SuiteRunner.runTest(SuiteRunner.java:384)
	at org.testng.SuiteRunner.runSequentially(SuiteRunner.java:378)
	at org.testng.SuiteRunner.privateRun(SuiteRunner.java:337)
	at org.testng.SuiteRunner.run(SuiteRunner.java:286)
	at org.testng.SuiteRunnerWorker.runSuite(SuiteRunnerWorker.java:53)
	at org.testng.SuiteRunnerWorker.run(SuiteRunnerWorker.java:96)
	at org.testng.TestNG.runSuitesSequentially(TestNG.java:1187)
	at org.testng.TestNG.runSuitesLocally(TestNG.java:1109)
	at org.testng.TestNG.runSuites(TestNG.java:1039)
	at org.testng.TestNG.run(TestNG.java:1007)
	at org.gradle.api.internal.tasks.testing.testng.TestNGTestClassProcessor.runTests(TestNGTestClassProcessor.java:141)
	at org.gradle.api.internal.tasks.testing.testng.TestNGTestClassProcessor.stop(TestNGTestClassProcessor.java:90)
	at org.gradle.api.internal.tasks.testing.SuiteTestClassProcessor.stop(SuiteTestClassProcessor.java:61)
	at sun.reflect.NativeMethodAccessorImpl.invoke0(Native Method)
	at sun.reflect.NativeMethodAccessorImpl.invoke(NativeMethodAccessorImpl.java:62)
	at sun.reflect.DelegatingMethodAccessorImpl.invoke(DelegatingMethodAccessorImpl.java:43)
	at java.lang.reflect.Method.invoke(Method.java:498)
	at org.gradle.internal.dispatch.ReflectionDispatch.dispatch(ReflectionDispatch.java:36)
	at org.gradle.internal.dispatch.ReflectionDispatch.dispatch(ReflectionDispatch.java:24)
	at org.gradle.internal.dispatch.ContextClassLoaderDispatch.dispatch(ContextClassLoaderDispatch.java:33)
	at org.gradle.internal.dispatch.ProxyDispatchAdapter$DispatchingInvocationHandler.invoke(ProxyDispatchAdapter.java:94)
	at com.sun.proxy.$Proxy2.stop(Unknown Source)
	at org.gradle.api.internal.tasks.testing.worker.TestWorker.stop(TestWorker.java:132)
	at sun.reflect.NativeMethodAccessorImpl.invoke0(Native Method)
	at sun.reflect.NativeMethodAccessorImpl.invoke(NativeMethodAccessorImpl.java:62)
	at sun.reflect.DelegatingMethodAccessorImpl.invoke(DelegatingMethodAccessorImpl.java:43)
	at java.lang.reflect.Method.invoke(Method.java:498)
	at org.gradle.internal.dispatch.ReflectionDispatch.dispatch(ReflectionDispatch.java:36)
	at org.gradle.internal.dispatch.ReflectionDispatch.dispatch(ReflectionDispatch.java:24)
	at org.gradle.internal.remote.internal.hub.MessageHubBackedObjectConnection$DispatchWrapper.dispatch(MessageHubBackedObjectConnection.java:182)
	at org.gradle.internal.remote.internal.hub.MessageHubBackedObjectConnection$DispatchWrapper.dispatch(MessageHubBackedObjectConnection.java:164)
	at org.gradle.internal.remote.internal.hub.MessageHub$Handler.run(MessageHub.java:412)
	at org.gradle.internal.concurrent.ExecutorPolicy$CatchAndRecordFailures.onExecute(ExecutorPolicy.java:64)
	at org.gradle.internal.concurrent.ManagedExecutorImpl$1.run(ManagedExecutorImpl.java:48)
	at java.util.concurrent.ThreadPoolExecutor.runWorker(ThreadPoolExecutor.java:1149)
	at java.util.concurrent.ThreadPoolExecutor$Worker.run(ThreadPoolExecutor.java:624)
	at org.gradle.internal.concurrent.ThreadFactoryImpl$ManagedThreadRunnable.run(ThreadFactoryImpl.java:56)
	at java.lang.Thread.run(Thread.java:748)
java.lang.NullPointerException
	at dd.pyrkova.mantis.appmanager.JamesHelper.readUntil(JamesHelper.java:92)
	at dd.pyrkova.mantis.appmanager.JamesHelper.initTelnetSession(JamesHelper.java:79)
	at dd.pyrkova.mantis.appmanager.JamesHelper.createUser(JamesHelper.java:43)
	at dd.pyrkova.mantis.tests.RegistrationTests.testRegistration(RegistrationTests.java:29)
	at sun.reflect.NativeMethodAccessorImpl.invoke0(Native Method)
	at sun.reflect.NativeMethodAccessorImpl.invoke(NativeMethodAccessorImpl.java:62)
	at sun.reflect.DelegatingMethodAccessorImpl.invoke(DelegatingMethodAccessorImpl.java:43)
	at java.lang.reflect.Method.invoke(Method.java:498)
	at org.testng.internal.MethodInvocationHelper.invokeMethod(MethodInvocationHelper.java:134)
	at org.testng.internal.TestInvoker.invokeMethod(TestInvoker.java:597)
	at org.testng.internal.TestInvoker.invokeTestMethod(TestInvoker.java:173)
	at org.testng.internal.MethodRunner.runInSequence(MethodRunner.java:46)
	at org.testng.internal.TestInvoker$MethodInvocationAgent.invoke(TestInvoker.java:816)
	at org.testng.internal.TestInvoker.invokeTestMethods(TestInvoker.java:146)
	at org.testng.internal.TestMethodWorker.invokeTestMethods(TestMethodWorker.java:146)
	at org.testng.internal.TestMethodWorker.run(TestMethodWorker.java:128)
	at java.util.ArrayList.forEach(ArrayList.java:1257)
	at org.testng.TestRunner.privateRun(TestRunner.java:766)
	at org.testng.TestRunner.run(TestRunner.java:587)
	at org.testng.SuiteRunner.runTest(SuiteRunner.java:384)
	at org.testng.SuiteRunner.runSequentially(SuiteRunner.java:378)
	at org.testng.SuiteRunner.privateRun(SuiteRunner.java:337)
	at org.testng.SuiteRunner.run(SuiteRunner.java:286)
	at org.testng.SuiteRunnerWorker.runSuite(SuiteRunnerWorker.java:53)
	at org.testng.SuiteRunnerWorker.run(SuiteRunnerWorker.java:96)
	at org.testng.TestNG.runSuitesSequentially(TestNG.java:1187)
	at org.testng.TestNG.runSuitesLocally(TestNG.java:1109)
	at org.testng.TestNG.runSuites(TestNG.java:1039)
	at org.testng.TestNG.run(TestNG.java:1007)
	at org.gradle.api.internal.tasks.testing.testng.TestNGTestClassProcessor.runTests(TestNGTestClassProcessor.java:141)
	at org.gradle.api.internal.tasks.testing.testng.TestNGTestClassProcessor.stop(TestNGTestClassProcessor.java:90)
	at org.gradle.api.internal.tasks.testing.SuiteTestClassProcessor.stop(SuiteTestClassProcessor.java:61)
	at sun.reflect.NativeMethodAccessorImpl.invoke0(Native Method)
	at sun.reflect.NativeMethodAccessorImpl.invoke(NativeMethodAccessorImpl.java:62)
	at sun.reflect.DelegatingMethodAccessorImpl.invoke(DelegatingMethodAccessorImpl.java:43)
	at java.lang.reflect.Method.invoke(Method.java:498)
	at org.gradle.internal.dispatch.ReflectionDispatch.dispatch(ReflectionDispatch.java:36)
	at org.gradle.internal.dispatch.ReflectionDispatch.dispatch(ReflectionDispatch.java:24)
	at org.gradle.internal.dispatch.ContextClassLoaderDispatch.dispatch(ContextClassLoaderDispatch.java:33)
	at org.gradle.internal.dispatch.ProxyDispatchAdapter$DispatchingInvocationHandler.invoke(ProxyDispatchAdapter.java:94)
	at com.sun.proxy.$Proxy2.stop(Unknown Source)
	at org.gradle.api.internal.tasks.testing.worker.TestWorker.stop(TestWorker.java:132)
	at sun.reflect.NativeMethodAccessorImpl.invoke0(Native Method)
	at sun.reflect.NativeMethodAccessorImpl.invoke(NativeMethodAccessorImpl.java:62)
	at sun.reflect.DelegatingMethodAccessorImpl.invoke(DelegatingMethodAccessorImpl.java:43)
	at java.lang.reflect.Method.invoke(Method.java:498)
	at org.gradle.internal.dispatch.ReflectionDispatch.dispatch(ReflectionDispatch.java:36)
	at org.gradle.internal.dispatch.ReflectionDispatch.dispatch(ReflectionDispatch.java:24)
	at org.gradle.internal.remote.internal.hub.MessageHubBackedObjectConnection$DispatchWrapper.dispatch(MessageHubBackedObjectConnection.java:182)
	at org.gradle.internal.remote.internal.hub.MessageHubBackedObjectConnection$DispatchWrapper.dispatch(MessageHubBackedObjectConnection.java:164)
	at org.gradle.internal.remote.internal.hub.MessageHub$Handler.run(MessageHub.java:412)
	at org.gradle.internal.concurrent.ExecutorPolicy$CatchAndRecordFailures.onExecute(ExecutorPolicy.java:64)
	at org.gradle.internal.concurrent.ManagedExecutorImpl$1.run(ManagedExecutorImpl.java:48)
	at java.util.concurrent.ThreadPoolExecutor.runWorker(ThreadPoolExecutor.java:1149)
	at java.util.concurrent.ThreadPoolExecutor$Worker.run(ThreadPoolExecutor.java:624)
	at org.gradle.internal.concurrent.ThreadFactoryImpl$ManagedThreadRunnable.run(ThreadFactoryImpl.java:56)
	at java.lang.Thread.run(Thread.java:748)
java.lang.NullPointerException
	at dd.pyrkova.mantis.appmanager.JamesHelper.write(JamesHelper.java:111)
	at dd.pyrkova.mantis.appmanager.JamesHelper.initTelnetSession(JamesHelper.java:80)
	at dd.pyrkova.mantis.appmanager.JamesHelper.createUser(JamesHelper.java:43)
	at dd.pyrkova.mantis.tests.RegistrationTests.testRegistration(RegistrationTests.java:29)
	at sun.reflect.NativeMethodAccessorImpl.invoke0(Native Method)
	at sun.reflect.NativeMethodAccessorImpl.invoke(NativeMethodAccessorImpl.java:62)
	at sun.reflect.DelegatingMethodAccessorImpl.invoke(DelegatingMethodAccessorImpl.java:43)
	at java.lang.reflect.Method.invoke(Method.java:498)
	at org.testng.internal.MethodInvocationHelper.invokeMethod(MethodInvocationHelper.java:134)
	at org.testng.internal.TestInvoker.invokeMethod(TestInvoker.java:597)
	at org.testng.internal.TestInvoker.invokeTestMethod(TestInvoker.java:173)
	at org.testng.internal.MethodRunner.runInSequence(MethodRunner.java:46)
	at org.testng.internal.TestInvoker$MethodInvocationAgent.invoke(TestInvoker.java:816)
	at org.testng.internal.TestInvoker.invokeTestMethods(TestInvoker.java:146)
	at org.testng.internal.TestMethodWorker.invokeTestMethods(TestMethodWorker.java:146)
	at org.testng.internal.TestMethodWorker.run(TestMethodWorker.java:128)
	at java.util.ArrayList.forEach(ArrayList.java:1257)
	at org.testng.TestRunner.privateRun(TestRunner.java:766)
	at org.testng.TestRunner.run(TestRunner.java:587)
	at org.testng.SuiteRunner.runTest(SuiteRunner.java:384)
	at org.testng.SuiteRunner.runSequentially(SuiteRunner.java:378)
	at org.testng.SuiteRunner.privateRun(SuiteRunner.java:337)
	at org.testng.SuiteRunner.run(SuiteRunner.java:286)
	at org.testng.SuiteRunnerWorker.runSuite(SuiteRunnerWorker.java:53)
	at org.testng.SuiteRunnerWorker.run(SuiteRunnerWorker.java:96)
	at org.testng.TestNG.runSuitesSequentially(TestNG.java:1187)
	at org.testng.TestNG.runSuitesLocally(TestNG.java:1109)
	at org.testng.TestNG.runSuites(TestNG.java:1039)
	at org.testng.TestNG.run(TestNG.java:1007)
	at org.gradle.api.internal.tasks.testing.testng.TestNGTestClassProcessor.runTests(TestNGTestClassProcessor.java:141)
	at org.gradle.api.internal.tasks.testing.testng.TestNGTestClassProcessor.stop(TestNGTestClassProcessor.java:90)
	at org.gradle.api.internal.tasks.testing.SuiteTestClassProcessor.stop(SuiteTestClassProcessor.java:61)
	at sun.reflect.NativeMethodAccessorImpl.invoke0(Native Method)
	at sun.reflect.NativeMethodAccessorImpl.invoke(NativeMethodAccessorImpl.java:62)
	at sun.reflect.DelegatingMethodAccessorImpl.invoke(DelegatingMethodAccessorImpl.java:43)
	at java.lang.reflect.Method.invoke(Method.java:498)
	at org.gradle.internal.dispatch.ReflectionDispatch.dispatch(ReflectionDispatch.java:36)
	at org.gradle.internal.dispatch.ReflectionDispatch.dispatch(ReflectionDispatch.java:24)
	at org.gradle.internal.dispatch.ContextClassLoaderDispatch.dispatch(ContextClassLoaderDispatch.java:33)
	at org.gradle.internal.dispatch.ProxyDispatchAdapter$DispatchingInvocationHandler.invoke(ProxyDispatchAdapter.java:94)
	at com.sun.proxy.$Proxy2.stop(Unknown Source)
	at org.gradle.api.internal.tasks.testing.worker.TestWorker.stop(TestWorker.java:132)
	at sun.reflect.NativeMethodAccessorImpl.invoke0(Native Method)
	at sun.reflect.NativeMethodAccessorImpl.invoke(NativeMethodAccessorImpl.java:62)
	at sun.reflect.DelegatingMethodAccessorImpl.invoke(DelegatingMethodAccessorImpl.java:43)
	at java.lang.reflect.Method.invoke(Method.java:498)
	at org.gradle.internal.dispatch.ReflectionDispatch.dispatch(ReflectionDispatch.java:36)
	at org.gradle.internal.dispatch.ReflectionDispatch.dispatch(ReflectionDispatch.java:24)
	at org.gradle.internal.remote.internal.hub.MessageHubBackedObjectConnection$DispatchWrapper.dispatch(MessageHubBackedObjectConnection.java:182)
	at org.gradle.internal.remote.internal.hub.MessageHubBackedObjectConnection$DispatchWrapper.dispatch(MessageHubBackedObjectConnection.java:164)
	at org.gradle.internal.remote.internal.hub.MessageHub$Handler.run(MessageHub.java:412)
	at org.gradle.internal.concurrent.ExecutorPolicy$CatchAndRecordFailures.onExecute(ExecutorPolicy.java:64)
	at org.gradle.internal.concurrent.ManagedExecutorImpl$1.run(ManagedExecutorImpl.java:48)
	at java.util.concurrent.ThreadPoolExecutor.runWorker(ThreadPoolExecutor.java:1149)
	at java.util.concurrent.ThreadPoolExecutor$Worker.run(ThreadPoolExecutor.java:624)
	at org.gradle.internal.concurrent.ThreadFactoryImpl$ManagedThreadRunnable.run(ThreadFactoryImpl.java:56)
	at java.lang.Thread.run(Thread.java:748)
java.lang.NullPointerException
	at dd.pyrkova.mantis.appmanager.JamesHelper.readUntil(JamesHelper.java:92)
	at dd.pyrkova.mantis.appmanager.JamesHelper.initTelnetSession(JamesHelper.java:81)
	at dd.pyrkova.mantis.appmanager.JamesHelper.createUser(JamesHelper.java:43)
	at dd.pyrkova.mantis.tests.RegistrationTests.testRegistration(RegistrationTests.java:29)
	at sun.reflect.NativeMethodAccessorImpl.invoke0(Native Method)
	at sun.reflect.NativeMethodAccessorImpl.invoke(NativeMethodAccessorImpl.java:62)
	at sun.reflect.DelegatingMethodAccessorImpl.invoke(DelegatingMethodAccessorImpl.java:43)
	at java.lang.reflect.Method.invoke(Method.java:498)
	at org.testng.internal.MethodInvocationHelper.invokeMethod(MethodInvocationHelper.java:134)
	at org.testng.internal.TestInvoker.invokeMethod(TestInvoker.java:597)
	at org.testng.internal.TestInvoker.invokeTestMethod(TestInvoker.java:173)
	at org.testng.internal.MethodRunner.runInSequence(MethodRunner.java:46)
	at org.testng.internal.TestInvoker$MethodInvocationAgent.invoke(TestInvoker.java:816)
	at org.testng.internal.TestInvoker.invokeTestMethods(TestInvoker.java:146)
	at org.testng.internal.TestMethodWorker.invokeTestMethods(TestMethodWorker.java:146)
	at org.testng.internal.TestMethodWorker.run(TestMethodWorker.java:128)
	at java.util.ArrayList.forEach(ArrayList.java:1257)
	at org.testng.TestRunner.privateRun(TestRunner.java:766)
	at org.testng.TestRunner.run(TestRunner.java:587)
	at org.testng.SuiteRunner.runTest(SuiteRunner.java:384)
	at org.testng.SuiteRunner.runSequentially(SuiteRunner.java:378)
	at org.testng.SuiteRunner.privateRun(SuiteRunner.java:337)
	at org.testng.SuiteRunner.run(SuiteRunner.java:286)
	at org.testng.SuiteRunnerWorker.runSuite(SuiteRunnerWorker.java:53)
	at org.testng.SuiteRunnerWorker.run(SuiteRunnerWorker.java:96)
	at org.testng.TestNG.runSuitesSequentially(TestNG.java:1187)
	at org.testng.TestNG.runSuitesLocally(TestNG.java:1109)
	at org.testng.TestNG.runSuites(TestNG.java:1039)
	at org.testng.TestNG.run(TestNG.java:1007)
	at org.gradle.api.internal.tasks.testing.testng.TestNGTestClassProcessor.runTests(TestNGTestClassProcessor.java:141)
	at org.gradle.api.internal.tasks.testing.testng.TestNGTestClassProcessor.stop(TestNGTestClassProcessor.java:90)
	at org.gradle.api.internal.tasks.testing.SuiteTestClassProcessor.stop(SuiteTestClassProcessor.java:61)
	at sun.reflect.NativeMethodAccessorImpl.invoke0(Native Method)
	at sun.reflect.NativeMethodAccessorImpl.invoke(NativeMethodAccessorImpl.java:62)
	at sun.reflect.DelegatingMethodAccessorImpl.invoke(DelegatingMethodAccessorImpl.java:43)
	at java.lang.reflect.Method.invoke(Method.java:498)
	at org.gradle.internal.dispatch.ReflectionDispatch.dispatch(ReflectionDispatch.java:36)
	at org.gradle.internal.dispatch.ReflectionDispatch.dispatch(ReflectionDispatch.java:24)
	at org.gradle.internal.dispatch.ContextClassLoaderDispatch.dispatch(ContextClassLoaderDispatch.java:33)
	at org.gradle.internal.dispatch.ProxyDispatchAdapter$DispatchingInvocationHandler.invoke(ProxyDispatchAdapter.java:94)
	at com.sun.proxy.$Proxy2.stop(Unknown Source)
	at org.gradle.api.internal.tasks.testing.worker.TestWorker.stop(TestWorker.java:132)
	at sun.reflect.NativeMethodAccessorImpl.invoke0(Native Method)
	at sun.reflect.NativeMethodAccessorImpl.invoke(NativeMethodAccessorImpl.java:62)
	at sun.reflect.DelegatingMethodAccessorImpl.invoke(DelegatingMethodAccessorImpl.java:43)
	at java.lang.reflect.Method.invoke(Method.java:498)
	at org.gradle.internal.dispatch.ReflectionDispatch.dispatch(ReflectionDispatch.java:36)
	at org.gradle.internal.dispatch.ReflectionDispatch.dispatch(ReflectionDispatch.java:24)
	at org.gradle.internal.remote.internal.hub.MessageHubBackedObjectConnection$DispatchWrapper.dispatch(MessageHubBackedObjectConnection.java:182)
	at org.gradle.internal.remote.internal.hub.MessageHubBackedObjectConnection$DispatchWrapper.dispatch(MessageHubBackedObjectConnection.java:164)
	at org.gradle.internal.remote.internal.hub.MessageHub$Handler.run(MessageHub.java:412)
	at org.gradle.internal.concurrent.ExecutorPolicy$CatchAndRecordFailures.onExecute(ExecutorPolicy.java:64)
	at org.gradle.internal.concurrent.ManagedExecutorImpl$1.run(ManagedExecutorImpl.java:48)
	at java.util.concurrent.ThreadPoolExecutor.runWorker(ThreadPoolExecutor.java:1149)
	at java.util.concurrent.ThreadPoolExecutor$Worker.run(ThreadPoolExecutor.java:624)
	at org.gradle.internal.concurrent.ThreadFactoryImpl$ManagedThreadRunnable.run(ThreadFactoryImpl.java:56)
	at java.lang.Thread.run(Thread.java:748)
java.lang.NullPointerException
	at dd.pyrkova.mantis.appmanager.JamesHelper.write(JamesHelper.java:111)
	at dd.pyrkova.mantis.appmanager.JamesHelper.initTelnetSession(JamesHelper.java:82)
	at dd.pyrkova.mantis.appmanager.JamesHelper.createUser(JamesHelper.java:43)
	at dd.pyrkova.mantis.tests.RegistrationTests.testRegistration(RegistrationTests.java:29)
	at sun.reflect.NativeMethodAccessorImpl.invoke0(Native Method)
	at sun.reflect.NativeMethodAccessorImpl.invoke(NativeMethodAccessorImpl.java:62)
	at sun.reflect.DelegatingMethodAccessorImpl.invoke(DelegatingMethodAccessorImpl.java:43)
	at java.lang.reflect.Method.invoke(Method.java:498)
	at org.testng.internal.MethodInvocationHelper.invokeMethod(MethodInvocationHelper.java:134)
	at org.testng.internal.TestInvoker.invokeMethod(TestInvoker.java:597)
	at org.testng.internal.TestInvoker.invokeTestMethod(TestInvoker.java:173)
	at org.testng.internal.MethodRunner.runInSequence(MethodRunner.java:46)
	at org.testng.internal.TestInvoker$MethodInvocationAgent.invoke(TestInvoker.java:816)
	at org.testng.internal.TestInvoker.invokeTestMethods(TestInvoker.java:146)
	at org.testng.internal.TestMethodWorker.invokeTestMethods(TestMethodWorker.java:146)
	at org.testng.internal.TestMethodWorker.run(TestMethodWorker.java:128)
	at java.util.ArrayList.forEach(ArrayList.java:1257)
	at org.testng.TestRunner.privateRun(TestRunner.java:766)
	at org.testng.TestRunner.run(TestRunner.java:587)
	at org.testng.SuiteRunner.runTest(SuiteRunner.java:384)
	at org.testng.SuiteRunner.runSequentially(SuiteRunner.java:378)
	at org.testng.SuiteRunner.privateRun(SuiteRunner.java:337)
	at org.testng.SuiteRunner.run(SuiteRunner.java:286)
	at org.testng.SuiteRunnerWorker.runSuite(SuiteRunnerWorker.java:53)
	at org.testng.SuiteRunnerWorker.run(SuiteRunnerWorker.java:96)
	at org.testng.TestNG.runSuitesSequentially(TestNG.java:1187)
	at org.testng.TestNG.runSuitesLocally(TestNG.java:1109)
	at org.testng.TestNG.runSuites(TestNG.java:1039)
	at org.testng.TestNG.run(TestNG.java:1007)
	at org.gradle.api.internal.tasks.testing.testng.TestNGTestClassProcessor.runTests(TestNGTestClassProcessor.java:141)
	at org.gradle.api.internal.tasks.testing.testng.TestNGTestClassProcessor.stop(TestNGTestClassProcessor.java:90)
	at org.gradle.api.internal.tasks.testing.SuiteTestClassProcessor.stop(SuiteTestClassProcessor.java:61)
	at sun.reflect.NativeMethodAccessorImpl.invoke0(Native Method)
	at sun.reflect.NativeMethodAccessorImpl.invoke(NativeMethodAccessorImpl.java:62)
	at sun.reflect.DelegatingMethodAccessorImpl.invoke(DelegatingMethodAccessorImpl.java:43)
	at java.lang.reflect.Method.invoke(Method.java:498)
	at org.gradle.internal.dispatch.ReflectionDispatch.dispatch(ReflectionDispatch.java:36)
	at org.gradle.internal.dispatch.ReflectionDispatch.dispatch(ReflectionDispatch.java:24)
	at org.gradle.internal.dispatch.ContextClassLoaderDispatch.dispatch(ContextClassLoaderDispatch.java:33)
	at org.gradle.internal.dispatch.ProxyDispatchAdapter$DispatchingInvocationHandler.invoke(ProxyDispatchAdapter.java:94)
	at com.sun.proxy.$Proxy2.stop(Unknown Source)
	at org.gradle.api.internal.tasks.testing.worker.TestWorker.stop(TestWorker.java:132)
	at sun.reflect.NativeMethodAccessorImpl.invoke0(Native Method)
	at sun.reflect.NativeMethodAccessorImpl.invoke(NativeMethodAccessorImpl.java:62)
	at sun.reflect.DelegatingMethodAccessorImpl.invoke(DelegatingMethodAccessorImpl.java:43)
	at java.lang.reflect.Method.invoke(Method.java:498)
	at org.gradle.internal.dispatch.ReflectionDispatch.dispatch(ReflectionDispatch.java:36)
	at org.gradle.internal.dispatch.ReflectionDispatch.dispatch(ReflectionDispatch.java:24)
	at org.gradle.internal.remote.internal.hub.MessageHubBackedObjectConnection$DispatchWrapper.dispatch(MessageHubBackedObjectConnection.java:182)
	at org.gradle.internal.remote.internal.hub.MessageHubBackedObjectConnection$DispatchWrapper.dispatch(MessageHubBackedObjectConnection.java:164)
	at org.gradle.internal.remote.internal.hub.MessageHub$Handler.run(MessageHub.java:412)
	at org.gradle.internal.concurrent.ExecutorPolicy$CatchAndRecordFailures.onExecute(ExecutorPolicy.java:64)
	at org.gradle.internal.concurrent.ManagedExecutorImpl$1.run(ManagedExecutorImpl.java:48)
	at java.util.concurrent.ThreadPoolExecutor.runWorker(ThreadPoolExecutor.java:1149)
	at java.util.concurrent.ThreadPoolExecutor$Worker.run(ThreadPoolExecutor.java:624)
	at org.gradle.internal.concurrent.ThreadFactoryImpl$ManagedThreadRunnable.run(ThreadFactoryImpl.java:56)
	at java.lang.Thread.run(Thread.java:748)
java.lang.NullPointerException
	at dd.pyrkova.mantis.appmanager.JamesHelper.readUntil(JamesHelper.java:92)
	at dd.pyrkova.mantis.appmanager.JamesHelper.initTelnetSession(JamesHelper.java:85)
	at dd.pyrkova.mantis.appmanager.JamesHelper.createUser(JamesHelper.java:43)
	at dd.pyrkova.mantis.tests.RegistrationTests.testRegistration(RegistrationTests.java:29)
	at sun.reflect.NativeMethodAccessorImpl.invoke0(Native Method)
	at sun.reflect.NativeMethodAccessorImpl.invoke(NativeMethodAccessorImpl.java:62)
	at sun.reflect.DelegatingMethodAccessorImpl.invoke(DelegatingMethodAccessorImpl.java:43)
	at java.lang.reflect.Method.invoke(Method.java:498)
	at org.testng.internal.MethodInvocationHelper.invokeMethod(MethodInvocationHelper.java:134)
	at org.testng.internal.TestInvoker.invokeMethod(TestInvoker.java:597)
	at org.testng.internal.TestInvoker.invokeTestMethod(TestInvoker.java:173)
	at org.testng.internal.MethodRunner.runInSequence(MethodRunner.java:46)
	at org.testng.internal.TestInvoker$MethodInvocationAgent.invoke(TestInvoker.java:816)
	at org.testng.internal.TestInvoker.invokeTestMethods(TestInvoker.java:146)
	at org.testng.internal.TestMethodWorker.invokeTestMethods(TestMethodWorker.java:146)
	at org.testng.internal.TestMethodWorker.run(TestMethodWorker.java:128)
	at java.util.ArrayList.forEach(ArrayList.java:1257)
	at org.testng.TestRunner.privateRun(TestRunner.java:766)
	at org.testng.TestRunner.run(TestRunner.java:587)
	at org.testng.SuiteRunner.runTest(SuiteRunner.java:384)
	at org.testng.SuiteRunner.runSequentially(SuiteRunner.java:378)
	at org.testng.SuiteRunner.privateRun(SuiteRunner.java:337)
	at org.testng.SuiteRunner.run(SuiteRunner.java:286)
	at org.testng.SuiteRunnerWorker.runSuite(SuiteRunnerWorker.java:53)
	at org.testng.SuiteRunnerWorker.run(SuiteRunnerWorker.java:96)
	at org.testng.TestNG.runSuitesSequentially(TestNG.java:1187)
	at org.testng.TestNG.runSuitesLocally(TestNG.java:1109)
	at org.testng.TestNG.runSuites(TestNG.java:1039)
	at org.testng.TestNG.run(TestNG.java:1007)
	at org.gradle.api.internal.tasks.testing.testng.TestNGTestClassProcessor.runTests(TestNGTestClassProcessor.java:141)
	at org.gradle.api.internal.tasks.testing.testng.TestNGTestClassProcessor.stop(TestNGTestClassProcessor.java:90)
	at org.gradle.api.internal.tasks.testing.SuiteTestClassProcessor.stop(SuiteTestClassProcessor.java:61)
	at sun.reflect.NativeMethodAccessorImpl.invoke0(Native Method)
	at sun.reflect.NativeMethodAccessorImpl.invoke(NativeMethodAccessorImpl.java:62)
	at sun.reflect.DelegatingMethodAccessorImpl.invoke(DelegatingMethodAccessorImpl.java:43)
	at java.lang.reflect.Method.invoke(Method.java:498)
	at org.gradle.internal.dispatch.ReflectionDispatch.dispatch(ReflectionDispatch.java:36)
	at org.gradle.internal.dispatch.ReflectionDispatch.dispatch(ReflectionDispatch.java:24)
	at org.gradle.internal.dispatch.ContextClassLoaderDispatch.dispatch(ContextClassLoaderDispatch.java:33)
	at org.gradle.internal.dispatch.ProxyDispatchAdapter$DispatchingInvocationHandler.invoke(ProxyDispatchAdapter.java:94)
	at com.sun.proxy.$Proxy2.stop(Unknown Source)
	at org.gradle.api.internal.tasks.testing.worker.TestWorker.stop(TestWorker.java:132)
	at sun.reflect.NativeMethodAccessorImpl.invoke0(Native Method)
	at sun.reflect.NativeMethodAccessorImpl.invoke(NativeMethodAccessorImpl.java:62)
	at sun.reflect.DelegatingMethodAccessorImpl.invoke(DelegatingMethodAccessorImpl.java:43)
	at java.lang.reflect.Method.invoke(Method.java:498)
	at org.gradle.internal.dispatch.ReflectionDispatch.dispatch(ReflectionDispatch.java:36)
	at org.gradle.internal.dispatch.ReflectionDispatch.dispatch(ReflectionDispatch.java:24)
	at org.gradle.internal.remote.internal.hub.MessageHubBackedObjectConnection$DispatchWrapper.dispatch(MessageHubBackedObjectConnection.java:182)
	at org.gradle.internal.remote.internal.hub.MessageHubBackedObjectConnection$DispatchWrapper.dispatch(MessageHubBackedObjectConnection.java:164)
	at org.gradle.internal.remote.internal.hub.MessageHub$Handler.run(MessageHub.java:412)
	at org.gradle.internal.concurrent.ExecutorPolicy$CatchAndRecordFailures.onExecute(ExecutorPolicy.java:64)
	at org.gradle.internal.concurrent.ManagedExecutorImpl$1.run(ManagedExecutorImpl.java:48)
	at java.util.concurrent.ThreadPoolExecutor.runWorker(ThreadPoolExecutor.java:1149)
	at java.util.concurrent.ThreadPoolExecutor$Worker.run(ThreadPoolExecutor.java:624)
	at org.gradle.internal.concurrent.ThreadFactoryImpl$ManagedThreadRunnable.run(ThreadFactoryImpl.java:56)
	at java.lang.Thread.run(Thread.java:748)
java.lang.NullPointerException
	at dd.pyrkova.mantis.appmanager.JamesHelper.write(JamesHelper.java:111)
	at dd.pyrkova.mantis.appmanager.JamesHelper.createUser(JamesHelper.java:44)
	at dd.pyrkova.mantis.tests.RegistrationTests.testRegistration(RegistrationTests.java:29)
	at sun.reflect.NativeMethodAccessorImpl.invoke0(Native Method)
	at sun.reflect.NativeMethodAccessorImpl.invoke(NativeMethodAccessorImpl.java:62)
	at sun.reflect.DelegatingMethodAccessorImpl.invoke(DelegatingMethodAccessorImpl.java:43)
	at java.lang.reflect.Method.invoke(Method.java:498)
	at org.testng.internal.MethodInvocationHelper.invokeMethod(MethodInvocationHelper.java:134)
	at org.testng.internal.TestInvoker.invokeMethod(TestInvoker.java:597)
	at org.testng.internal.TestInvoker.invokeTestMethod(TestInvoker.java:173)
	at org.testng.internal.MethodRunner.runInSequence(MethodRunner.java:46)
	at org.testng.internal.TestInvoker$MethodInvocationAgent.invoke(TestInvoker.java:816)
	at org.testng.internal.TestInvoker.invokeTestMethods(TestInvoker.java:146)
	at org.testng.internal.TestMethodWorker.invokeTestMethods(TestMethodWorker.java:146)
	at org.testng.internal.TestMethodWorker.run(TestMethodWorker.java:128)
	at java.util.ArrayList.forEach(ArrayList.java:1257)
	at org.testng.TestRunner.privateRun(TestRunner.java:766)
	at org.testng.TestRunner.run(TestRunner.java:587)
	at org.testng.SuiteRunner.runTest(SuiteRunner.java:384)
	at org.testng.SuiteRunner.runSequentially(SuiteRunner.java:378)
	at org.testng.SuiteRunner.privateRun(SuiteRunner.java:337)
	at org.testng.SuiteRunner.run(SuiteRunner.java:286)
	at org.testng.SuiteRunnerWorker.runSuite(SuiteRunnerWorker.java:53)
	at org.testng.SuiteRunnerWorker.run(SuiteRunnerWorker.java:96)
	at org.testng.TestNG.runSuitesSequentially(TestNG.java:1187)
	at org.testng.TestNG.runSuitesLocally(TestNG.java:1109)
	at org.testng.TestNG.runSuites(TestNG.java:1039)
	at org.testng.TestNG.run(TestNG.java:1007)
	at org.gradle.api.internal.tasks.testing.testng.TestNGTestClassProcessor.runTests(TestNGTestClassProcessor.java:141)
	at org.gradle.api.internal.tasks.testing.testng.TestNGTestClassProcessor.stop(TestNGTestClassProcessor.java:90)
	at org.gradle.api.internal.tasks.testing.SuiteTestClassProcessor.stop(SuiteTestClassProcessor.java:61)
	at sun.reflect.NativeMethodAccessorImpl.invoke0(Native Method)
	at sun.reflect.NativeMethodAccessorImpl.invoke(NativeMethodAccessorImpl.java:62)
	at sun.reflect.DelegatingMethodAccessorImpl.invoke(DelegatingMethodAccessorImpl.java:43)
	at java.lang.reflect.Method.invoke(Method.java:498)
	at org.gradle.internal.dispatch.ReflectionDispatch.dispatch(ReflectionDispatch.java:36)
	at org.gradle.internal.dispatch.ReflectionDispatch.dispatch(ReflectionDispatch.java:24)
	at org.gradle.internal.dispatch.ContextClassLoaderDispatch.dispatch(ContextClassLoaderDispatch.java:33)
	at org.gradle.internal.dispatch.ProxyDispatchAdapter$DispatchingInvocationHandler.invoke(ProxyDispatchAdapter.java:94)
	at com.sun.proxy.$Proxy2.stop(Unknown Source)
	at org.gradle.api.internal.tasks.testing.worker.TestWorker.stop(TestWorker.java:132)
	at sun.reflect.NativeMethodAccessorImpl.invoke0(Native Method)
	at sun.reflect.NativeMethodAccessorImpl.invoke(NativeMethodAccessorImpl.java:62)
	at sun.reflect.DelegatingMethodAccessorImpl.invoke(DelegatingMethodAccessorImpl.java:43)
	at java.lang.reflect.Method.invoke(Method.java:498)
	at org.gradle.internal.dispatch.ReflectionDispatch.dispatch(ReflectionDispatch.java:36)
	at org.gradle.internal.dispatch.ReflectionDispatch.dispatch(ReflectionDispatch.java:24)
	at org.gradle.internal.remote.internal.hub.MessageHubBackedObjectConnection$DispatchWrapper.dispatch(MessageHubBackedObjectConnection.java:182)
	at org.gradle.internal.remote.internal.hub.MessageHubBackedObjectConnection$DispatchWrapper.dispatch(MessageHubBackedObjectConnection.java:164)
	at org.gradle.internal.remote.internal.hub.MessageHub$Handler.run(MessageHub.java:412)
	at org.gradle.internal.concurrent.ExecutorPolicy$CatchAndRecordFailures.onExecute(ExecutorPolicy.java:64)
	at org.gradle.internal.concurrent.ManagedExecutorImpl$1.run(ManagedExecutorImpl.java:48)
	at java.util.concurrent.ThreadPoolExecutor.runWorker(ThreadPoolExecutor.java:1149)
	at java.util.concurrent.ThreadPoolExecutor$Worker.run(ThreadPoolExecutor.java:624)
	at org.gradle.internal.concurrent.ThreadFactoryImpl$ManagedThreadRunnable.run(ThreadFactoryImpl.java:56)
	at java.lang.Thread.run(Thread.java:748)
java.lang.NullPointerException
	at dd.pyrkova.mantis.appmanager.JamesHelper.readUntil(JamesHelper.java:92)
	at dd.pyrkova.mantis.appmanager.JamesHelper.createUser(JamesHelper.java:45)
	at dd.pyrkova.mantis.tests.RegistrationTests.testRegistration(RegistrationTests.java:29)
	at sun.reflect.NativeMethodAccessorImpl.invoke0(Native Method)
	at sun.reflect.NativeMethodAccessorImpl.invoke(NativeMethodAccessorImpl.java:62)
	at sun.reflect.DelegatingMethodAccessorImpl.invoke(DelegatingMethodAccessorImpl.java:43)
	at java.lang.reflect.Method.invoke(Method.java:498)
	at org.testng.internal.MethodInvocationHelper.invokeMethod(MethodInvocationHelper.java:134)
	at org.testng.internal.TestInvoker.invokeMethod(TestInvoker.java:597)
	at org.testng.internal.TestInvoker.invokeTestMethod(TestInvoker.java:173)
	at org.testng.internal.MethodRunner.runInSequence(MethodRunner.java:46)
	at org.testng.internal.TestInvoker$MethodInvocationAgent.invoke(TestInvoker.java:816)
	at org.testng.internal.TestInvoker.invokeTestMethods(TestInvoker.java:146)
	at org.testng.internal.TestMethodWorker.invokeTestMethods(TestMethodWorker.java:146)
	at org.testng.internal.TestMethodWorker.run(TestMethodWorker.java:128)
	at java.util.ArrayList.forEach(ArrayList.java:1257)
	at org.testng.TestRunner.privateRun(TestRunner.java:766)
	at org.testng.TestRunner.run(TestRunner.java:587)
	at org.testng.SuiteRunner.runTest(SuiteRunner.java:384)
	at org.testng.SuiteRunner.runSequentially(SuiteRunner.java:378)
	at org.testng.SuiteRunner.privateRun(SuiteRunner.java:337)
	at org.testng.SuiteRunner.run(SuiteRunner.java:286)
	at org.testng.SuiteRunnerWorker.runSuite(SuiteRunnerWorker.java:53)
	at org.testng.SuiteRunnerWorker.run(SuiteRunnerWorker.java:96)
	at org.testng.TestNG.runSuitesSequentially(TestNG.java:1187)
	at org.testng.TestNG.runSuitesLocally(TestNG.java:1109)
	at org.testng.TestNG.runSuites(TestNG.java:1039)
	at org.testng.TestNG.run(TestNG.java:1007)
	at org.gradle.api.internal.tasks.testing.testng.TestNGTestClassProcessor.runTests(TestNGTestClassProcessor.java:141)
	at org.gradle.api.internal.tasks.testing.testng.TestNGTestClassProcessor.stop(TestNGTestClassProcessor.java:90)
	at org.gradle.api.internal.tasks.testing.SuiteTestClassProcessor.stop(SuiteTestClassProcessor.java:61)
	at sun.reflect.NativeMethodAccessorImpl.invoke0(Native Method)
	at sun.reflect.NativeMethodAccessorImpl.invoke(NativeMethodAccessorImpl.java:62)
	at sun.reflect.DelegatingMethodAccessorImpl.invoke(DelegatingMethodAccessorImpl.java:43)
	at java.lang.reflect.Method.invoke(Method.java:498)
	at org.gradle.internal.dispatch.ReflectionDispatch.dispatch(ReflectionDispatch.java:36)
	at org.gradle.internal.dispatch.ReflectionDispatch.dispatch(ReflectionDispatch.java:24)
	at org.gradle.internal.dispatch.ContextClassLoaderDispatch.dispatch(ContextClassLoaderDispatch.java:33)
	at org.gradle.internal.dispatch.ProxyDispatchAdapter$DispatchingInvocationHandler.invoke(ProxyDispatchAdapter.java:94)
	at com.sun.proxy.$Proxy2.stop(Unknown Source)
	at org.gradle.api.internal.tasks.testing.worker.TestWorker.stop(TestWorker.java:132)
	at sun.reflect.NativeMethodAccessorImpl.invoke0(Native Method)
	at sun.reflect.NativeMethodAccessorImpl.invoke(NativeMethodAccessorImpl.java:62)
	at sun.reflect.DelegatingMethodAccessorImpl.invoke(DelegatingMethodAccessorImpl.java:43)
	at java.lang.reflect.Method.invoke(Method.java:498)
	at org.gradle.internal.dispatch.ReflectionDispatch.dispatch(ReflectionDispatch.java:36)
	at org.gradle.internal.dispatch.ReflectionDispatch.dispatch(ReflectionDispatch.java:24)
	at org.gradle.internal.remote.internal.hub.MessageHubBackedObjectConnection$DispatchWrapper.dispatch(MessageHubBackedObjectConnection.java:182)
	at org.gradle.internal.remote.internal.hub.MessageHubBackedObjectConnection$DispatchWrapper.dispatch(MessageHubBackedObjectConnection.java:164)
	at org.gradle.internal.remote.internal.hub.MessageHub$Handler.run(MessageHub.java:412)
	at org.gradle.internal.concurrent.ExecutorPolicy$CatchAndRecordFailures.onExecute(ExecutorPolicy.java:64)
	at org.gradle.internal.concurrent.ManagedExecutorImpl$1.run(ManagedExecutorImpl.java:48)
	at java.util.concurrent.ThreadPoolExecutor.runWorker(ThreadPoolExecutor.java:1149)
	at java.util.concurrent.ThreadPoolExecutor$Worker.run(ThreadPoolExecutor.java:624)
	at org.gradle.internal.concurrent.ThreadFactoryImpl$ManagedThreadRunnable.run(ThreadFactoryImpl.java:56)
	at java.lang.Thread.run(Thread.java:748)
java.lang.NullPointerException
	at dd.pyrkova.mantis.appmanager.JamesHelper.write(JamesHelper.java:111)
	at dd.pyrkova.mantis.appmanager.JamesHelper.closeTelnetSession(JamesHelper.java:120)
	at dd.pyrkova.mantis.appmanager.JamesHelper.createUser(JamesHelper.java:46)
	at dd.pyrkova.mantis.tests.RegistrationTests.testRegistration(RegistrationTests.java:29)
	at sun.reflect.NativeMethodAccessorImpl.invoke0(Native Method)
	at sun.reflect.NativeMethodAccessorImpl.invoke(NativeMethodAccessorImpl.java:62)
	at sun.reflect.DelegatingMethodAccessorImpl.invoke(DelegatingMethodAccessorImpl.java:43)
	at java.lang.reflect.Method.invoke(Method.java:498)
	at org.testng.internal.MethodInvocationHelper.invokeMethod(MethodInvocationHelper.java:134)
	at org.testng.internal.TestInvoker.invokeMethod(TestInvoker.java:597)
	at org.testng.internal.TestInvoker.invokeTestMethod(TestInvoker.java:173)
	at org.testng.internal.MethodRunner.runInSequence(MethodRunner.java:46)
	at org.testng.internal.TestInvoker$MethodInvocationAgent.invoke(TestInvoker.java:816)
	at org.testng.internal.TestInvoker.invokeTestMethods(TestInvoker.java:146)
	at org.testng.internal.TestMethodWorker.invokeTestMethods(TestMethodWorker.java:146)
	at org.testng.internal.TestMethodWorker.run(TestMethodWorker.java:128)
	at java.util.ArrayList.forEach(ArrayList.java:1257)
	at org.testng.TestRunner.privateRun(TestRunner.java:766)
	at org.testng.TestRunner.run(TestRunner.java:587)
	at org.testng.SuiteRunner.runTest(SuiteRunner.java:384)
	at org.testng.SuiteRunner.runSequentially(SuiteRunner.java:378)
	at org.testng.SuiteRunner.privateRun(SuiteRunner.java:337)
	at org.testng.SuiteRunner.run(SuiteRunner.java:286)
	at org.testng.SuiteRunnerWorker.runSuite(SuiteRunnerWorker.java:53)
	at org.testng.SuiteRunnerWorker.run(SuiteRunnerWorker.java:96)
	at org.testng.TestNG.runSuitesSequentially(TestNG.java:1187)
	at org.testng.TestNG.runSuitesLocally(TestNG.java:1109)
	at org.testng.TestNG.runSuites(TestNG.java:1039)
	at org.testng.TestNG.run(TestNG.java:1007)
	at org.gradle.api.internal.tasks.testing.testng.TestNGTestClassProcessor.runTests(TestNGTestClassProcessor.java:141)
	at org.gradle.api.internal.tasks.testing.testng.TestNGTestClassProcessor.stop(TestNGTestClassProcessor.java:90)
	at org.gradle.api.internal.tasks.testing.SuiteTestClassProcessor.stop(SuiteTestClassProcessor.java:61)
	at sun.reflect.NativeMethodAccessorImpl.invoke0(Native Method)
	at sun.reflect.NativeMethodAccessorImpl.invoke(NativeMethodAccessorImpl.java:62)
	at sun.reflect.DelegatingMethodAccessorImpl.invoke(DelegatingMethodAccessorImpl.java:43)
	at java.lang.reflect.Method.invoke(Method.java:498)
	at org.gradle.internal.dispatch.ReflectionDispatch.dispatch(ReflectionDispatch.java:36)
	at org.gradle.internal.dispatch.ReflectionDispatch.dispatch(ReflectionDispatch.java:24)
	at org.gradle.internal.dispatch.ContextClassLoaderDispatch.dispatch(ContextClassLoaderDispatch.java:33)
	at org.gradle.internal.dispatch.ProxyDispatchAdapter$DispatchingInvocationHandler.invoke(ProxyDispatchAdapter.java:94)
	at com.sun.proxy.$Proxy2.stop(Unknown Source)
	at org.gradle.api.internal.tasks.testing.worker.TestWorker.stop(TestWorker.java:132)
	at sun.reflect.NativeMethodAccessorImpl.invoke0(Native Method)
	at sun.reflect.NativeMethodAccessorImpl.invoke(NativeMethodAccessorImpl.java:62)
	at sun.reflect.DelegatingMethodAccessorImpl.invoke(DelegatingMethodAccessorImpl.java:43)
	at java.lang.reflect.Method.invoke(Method.java:498)
	at org.gradle.internal.dispatch.ReflectionDispatch.dispatch(ReflectionDispatch.java:36)
	at org.gradle.internal.dispatch.ReflectionDispatch.dispatch(ReflectionDispatch.java:24)
	at org.gradle.internal.remote.internal.hub.MessageHubBackedObjectConnection$DispatchWrapper.dispatch(MessageHubBackedObjectConnection.java:182)
	at org.gradle.internal.remote.internal.hub.MessageHubBackedObjectConnection$DispatchWrapper.dispatch(MessageHubBackedObjectConnection.java:164)
	at org.gradle.internal.remote.internal.hub.MessageHub$Handler.run(MessageHub.java:412)
	at org.gradle.internal.concurrent.ExecutorPolicy$CatchAndRecordFailures.onExecute(ExecutorPolicy.java:64)
	at org.gradle.internal.concurrent.ManagedExecutorImpl$1.run(ManagedExecutorImpl.java:48)
	at java.util.concurrent.ThreadPoolExecutor.runWorker(ThreadPoolExecutor.java:1149)
	at java.util.concurrent.ThreadPoolExecutor$Worker.run(ThreadPoolExecutor.java:624)
	at org.gradle.internal.concurrent.ThreadFactoryImpl$ManagedThreadRunnable.run(ThreadFactoryImpl.java:56)
	at java.lang.Thread.run(Thread.java:748)
Starting ChromeDriver 80.0.3987.106 (f68069574609230cf9b635cd784cfb1bf81bb53a-refs/branch-heads/3987@{#882}) on port 1868
Only local connections are allowed.
Please protect ports used by ChromeDriver and related test frameworks to prevent access by malicious code.
[1585997243.170][WARNING]: Timed out connecting to Chrome, retrying...
апр 04, 2020 1:47:25 PM org.openqa.selenium.remote.ProtocolHandshake createSession
INFO: Detected dialect: W3C
[1585997245.696][SEVERE]: Timed out receiving message from renderer: 0.100
[1585997247.486][SEVERE]: Timed out receiving message from renderer: 0.100
]]></system-err>
</testsuite>
