<?xml version="1.0" encoding="UTF-8"?>
<testsuite name="dd.pyrkova.mantis.tests.RegistrationTests" tests="2" skipped="1" failures="1" errors="0" timestamp="2020-03-30T19:59:37" hostname="CONGO" time="4.591">
  <properties/>
  <testcase name="startMailServer" classname="dd.pyrkova.mantis.tests.RegistrationTests" time="4.589">
    <failure message="java.lang.RuntimeException: java.net.BindException: Address already in use: JVM_Bind" type="java.lang.RuntimeException">java.lang.RuntimeException: java.net.BindException: Address already in use: JVM_Bind
	at org.subethamail.smtp.server.SMTPServer.start(SMTPServer.java:292)
	at org.subethamail.wiser.Wiser.start(Wiser.java:90)
	at dd.pyrkova.mantis.appmanager.MailHelper.start(MailHelper.java:50)
	at dd.pyrkova.mantis.tests.RegistrationTests.startMailServer(RegistrationTests.java:20)
	at sun.reflect.NativeMethodAccessorImpl.invoke0(Native Method)
	at sun.reflect.NativeMethodAccessorImpl.invoke(NativeMethodAccessorImpl.java:62)
	at sun.reflect.DelegatingMethodAccessorImpl.invoke(DelegatingMethodAccessorImpl.java:43)
	at java.lang.reflect.Method.invoke(Method.java:498)
	at org.testng.internal.MethodInvocationHelper.invokeMethod(MethodInvocationHelper.java:134)
	at org.testng.internal.MethodInvocationHelper.invokeMethodConsideringTimeout(MethodInvocationHelper.java:63)
	at org.testng.internal.ConfigInvoker.invokeConfigurationMethod(ConfigInvoker.java:348)
	at org.testng.internal.ConfigInvoker.invokeConfigurations(ConfigInvoker.java:302)
	at org.testng.internal.TestInvoker.runConfigMethods(TestInvoker.java:695)
	at org.testng.internal.TestInvoker.invokeMethod(TestInvoker.java:523)
	at org.testng.internal.TestInvoker.invokeTestMethod(TestInvoker.java:173)
	at org.testng.internal.MethodRunner.runInSequence(MethodRunner.java:46)
	at org.testng.internal.TestInvoker$MethodInvocationAgent.invoke(TestInvoker.java:816)
	at org.testng.internal.TestInvoker.invokeTestMethods(TestInvoker.java:146)
	at org.testng.internal.TestMethodWorker.invokeTestMethods(TestMethodWorker.java:146)
	at org.testng.internal.TestMethodWorker.run(TestMethodWorker.java:128)
	at java.util.ArrayList.forEach(ArrayList.java:1257)
	at org.testng.TestRunner.privateRun(TestRunner.java:766)
	at org.testng.TestRunner.run(TestRunner.java:587)
	at org.testng.SuiteRunner.runTest(SuiteRunner.java:384)
	at org.testng.SuiteRunner.runSequentially(SuiteRunner.java:378)
	at org.testng.SuiteRunner.privateRun(SuiteRunner.java:337)
	at org.testng.SuiteRunner.run(SuiteRunner.java:286)
	at org.testng.SuiteRunnerWorker.runSuite(SuiteRunnerWorker.java:53)
	at org.testng.SuiteRunnerWorker.run(SuiteRunnerWorker.java:96)
	at org.testng.TestNG.runSuitesSequentially(TestNG.java:1187)
	at org.testng.TestNG.runSuitesLocally(TestNG.java:1109)
	at org.testng.TestNG.runSuites(TestNG.java:1039)
	at org.testng.TestNG.run(TestNG.java:1007)
	at org.gradle.api.internal.tasks.testing.testng.TestNGTestClassProcessor.runTests(TestNGTestClassProcessor.java:141)
	at org.gradle.api.internal.tasks.testing.testng.TestNGTestClassProcessor.stop(TestNGTestClassProcessor.java:90)
	at org.gradle.api.internal.tasks.testing.SuiteTestClassProcessor.stop(SuiteTestClassProcessor.java:61)
	at sun.reflect.NativeMethodAccessorImpl.invoke0(Native Method)
	at sun.reflect.NativeMethodAccessorImpl.invoke(NativeMethodAccessorImpl.java:62)
	at sun.reflect.DelegatingMethodAccessorImpl.invoke(DelegatingMethodAccessorImpl.java:43)
	at java.lang.reflect.Method.invoke(Method.java:498)
	at org.gradle.internal.dispatch.ReflectionDispatch.dispatch(ReflectionDispatch.java:36)
	at org.gradle.internal.dispatch.ReflectionDispatch.dispatch(ReflectionDispatch.java:24)
	at org.gradle.internal.dispatch.ContextClassLoaderDispatch.dispatch(ContextClassLoaderDispatch.java:33)
	at org.gradle.internal.dispatch.ProxyDispatchAdapter$DispatchingInvocationHandler.invoke(ProxyDispatchAdapter.java:94)
	at com.sun.proxy.$Proxy2.stop(Unknown Source)
	at org.gradle.api.internal.tasks.testing.worker.TestWorker.stop(TestWorker.java:132)
	at sun.reflect.NativeMethodAccessorImpl.invoke0(Native Method)
	at sun.reflect.NativeMethodAccessorImpl.invoke(NativeMethodAccessorImpl.java:62)
	at sun.reflect.DelegatingMethodAccessorImpl.invoke(DelegatingMethodAccessorImpl.java:43)
	at java.lang.reflect.Method.invoke(Method.java:498)
	at org.gradle.internal.dispatch.ReflectionDispatch.dispatch(ReflectionDispatch.java:36)
	at org.gradle.internal.dispatch.ReflectionDispatch.dispatch(ReflectionDispatch.java:24)
	at org.gradle.internal.remote.internal.hub.MessageHubBackedObjectConnection$DispatchWrapper.dispatch(MessageHubBackedObjectConnection.java:182)
	at org.gradle.internal.remote.internal.hub.MessageHubBackedObjectConnection$DispatchWrapper.dispatch(MessageHubBackedObjectConnection.java:164)
	at org.gradle.internal.remote.internal.hub.MessageHub$Handler.run(MessageHub.java:412)
	at org.gradle.internal.concurrent.ExecutorPolicy$CatchAndRecordFailures.onExecute(ExecutorPolicy.java:64)
	at org.gradle.internal.concurrent.ManagedExecutorImpl$1.run(ManagedExecutorImpl.java:48)
	at java.util.concurrent.ThreadPoolExecutor.runWorker(ThreadPoolExecutor.java:1149)
	at java.util.concurrent.ThreadPoolExecutor$Worker.run(ThreadPoolExecutor.java:624)
	at org.gradle.internal.concurrent.ThreadFactoryImpl$ManagedThreadRunnable.run(ThreadFactoryImpl.java:56)
	at java.lang.Thread.run(Thread.java:748)
Caused by: java.net.BindException: Address already in use: JVM_Bind
	at java.net.DualStackPlainSocketImpl.bind0(Native Method)
	at java.net.DualStackPlainSocketImpl.socketBind(DualStackPlainSocketImpl.java:106)
	at java.net.AbstractPlainSocketImpl.bind(AbstractPlainSocketImpl.java:387)
	at java.net.PlainSocketImpl.bind(PlainSocketImpl.java:190)
	at java.net.ServerSocket.bind(ServerSocket.java:375)
	at org.subethamail.smtp.server.SMTPServer.createServerSocket(SMTPServer.java:334)
	at org.subethamail.smtp.server.SMTPServer.start(SMTPServer.java:288)
	... 60 more
</failure>
  </testcase>
  <testcase name="testRegistration" classname="dd.pyrkova.mantis.tests.RegistrationTests" time="0.0">
    <skipped/>
  </testcase>
  <system-out><![CDATA[22:59:42.478 [Test worker] DEBUG org.subethamail.smtp.server.CommandHandler - Added command: AUTH
22:59:42.481 [Test worker] DEBUG org.subethamail.smtp.server.CommandHandler - Added command: DATA
22:59:42.481 [Test worker] DEBUG org.subethamail.smtp.server.CommandHandler - Added command: EHLO
22:59:42.481 [Test worker] DEBUG org.subethamail.smtp.server.CommandHandler - Added command: HELO
22:59:42.481 [Test worker] DEBUG org.subethamail.smtp.server.CommandHandler - Added command: HELP
22:59:42.482 [Test worker] DEBUG org.subethamail.smtp.server.CommandHandler - Added command: MAIL
22:59:42.482 [Test worker] DEBUG org.subethamail.smtp.server.CommandHandler - Added command: NOOP
22:59:42.482 [Test worker] DEBUG org.subethamail.smtp.server.CommandHandler - Added command: QUIT
22:59:42.482 [Test worker] DEBUG org.subethamail.smtp.server.CommandHandler - Added command: RCPT
22:59:42.482 [Test worker] DEBUG org.subethamail.smtp.server.CommandHandler - Added command: RSET
22:59:42.482 [Test worker] DEBUG org.subethamail.smtp.server.CommandHandler - Added command: STARTTLS
22:59:42.482 [Test worker] DEBUG org.subethamail.smtp.server.CommandHandler - Added command: VRFY
22:59:42.482 [Test worker] INFO org.subethamail.smtp.server.SMTPServer - SMTP server *:25 starting
22:59:42.487 [Test worker] INFO org.subethamail.smtp.server.SMTPServer - SMTP server *:25 stopping
]]></system-out>
  <system-err><![CDATA[SLF4J: Class path contains multiple SLF4J bindings.
SLF4J: Found binding in [jar:file:/C:/Users/dpyrk/.gradle/caches/modules-2/files-2.1/ch.qos.logback/logback-classic/1.2.3/7c4f3c474fb2c041d8028740440937705ebb473a/logback-classic-1.2.3.jar!/org/slf4j/impl/StaticLoggerBinder.class]
SLF4J: Found binding in [jar:file:/C:/Users/dpyrk/.gradle/caches/modules-2/files-2.1/com.cisco.oss.foundation/logging-log4j/1.0.2-1/6a30195bf21e825693673fd5373a8ab4a48fc251/logging-log4j-1.0.2-1.jar!/org/slf4j/impl/StaticLoggerBinder.class]
SLF4J: See http://www.slf4j.org/codes.html#multiple_bindings for an explanation.
SLF4J: Actual binding is of type [ch.qos.logback.classic.util.ContextSelectorStaticBinder]
]]></system-err>
</testsuite>
