<?xml version="1.0" encoding="UTF-8"?>
<testsuite name="dd.pyrkova.mantis.tests.SoapTests" tests="2" skipped="0" failures="0" errors="0" timestamp="2020-04-04T20:36:46" hostname="CONGO" time="1.597">
  <properties/>
  <testcase name="testCreateIssue" classname="dd.pyrkova.mantis.tests.SoapTests" time="1.421"/>
  <testcase name="testGetProjects" classname="dd.pyrkova.mantis.tests.SoapTests" time="0.169"/>
  <system-out><![CDATA[23:36:47.068 [Test worker] DEBUG org.apache.axis.i18n.ProjectResourceBundle - getBundle(org.apache.axis,org.apache.axis.i18n,resource,null,...)
23:36:47.079 [Test worker] DEBUG org.apache.axis.i18n.ProjectResourceBundle - loadBundle: Ignoring MissingResourceException: Can't find bundle for base name org.apache.axis.resource, locale ru_RU
23:36:47.079 [Test worker] DEBUG org.apache.axis.i18n.ProjectResourceBundle - Created org.apache.axis.i18n.resource, linked to parent null
23:36:47.080 [Test worker] DEBUG org.apache.axis.i18n.ProjectResourceBundle - getBundle(org.apache.axis,org.apache.axis.utils,resource,null,...)
23:36:47.082 [Test worker] DEBUG org.apache.axis.i18n.ProjectResourceBundle - loadBundle: Ignoring MissingResourceException: Can't find bundle for base name org.apache.axis.utils.resource, locale ru_RU
23:36:47.082 [Test worker] DEBUG org.apache.axis.i18n.ProjectResourceBundle - loadBundle: Ignoring MissingResourceException: Can't find bundle for base name org.apache.axis.resource, locale ru_RU
23:36:47.082 [Test worker] DEBUG org.apache.axis.i18n.ProjectResourceBundle - Root package not found, cross link to org.apache.axis.i18n.resource
23:36:47.082 [Test worker] DEBUG org.apache.axis.i18n.ProjectResourceBundle - Root package not found, cross link to org.apache.axis.i18n.resource
23:36:47.082 [Test worker] DEBUG org.apache.axis.i18n.ProjectResourceBundle - org.apache.axis.i18n.resource::handleGetObject(engineConfigLoadFactory)
23:36:47.083 [Test worker] DEBUG org.apache.axis.configuration.EngineConfigurationFactoryFinder - Factory org.apache.axis.configuration.EngineConfigurationFactoryServlet Ignored: unable to load/resolve class.
23:36:47.084 [Test worker] DEBUG org.apache.axis.i18n.ProjectResourceBundle - org.apache.axis.i18n.resource::handleGetObject(engineFactory)
23:36:47.084 [Test worker] DEBUG org.apache.axis.configuration.EngineConfigurationFactoryFinder - Got EngineFactory: org.apache.axis.configuration.EngineConfigurationFactoryDefault
23:36:47.087 [Test worker] DEBUG org.apache.axis.AxisEngine - Enter: AxisEngine::init
23:36:47.159 [Test worker] DEBUG org.apache.axis.i18n.ProjectResourceBundle - org.apache.axis.i18n.resource::handleGetObject(attachEnabled)
23:36:47.159 [Test worker] DEBUG org.apache.axis.utils.JavaUtils - Attachment support is enabled?  true
23:36:47.174 [Test worker] DEBUG org.apache.axis.encoding.ser.JAFDataHandlerDeserializerFactory - Enter/Exit: JAFDataHandlerDeserializerFactory(class java.lang.String, {http://xml.apache.org/xml-soap}PlainText)
23:36:47.175 [Test worker] DEBUG org.apache.axis.i18n.ProjectResourceBundle - org.apache.axis.i18n.resource::handleGetObject(oddDigits00)
23:36:47.176 [Test worker] DEBUG org.apache.axis.i18n.ProjectResourceBundle - org.apache.axis.i18n.resource::handleGetObject(badChars01)
23:36:47.208 [Test worker] DEBUG org.apache.axis.encoding.ser.JAFDataHandlerDeserializerFactory - Enter/Exit: JAFDataHandlerDeserializerFactory(class java.awt.Image, {http://xml.apache.org/xml-soap}Image)
23:36:47.209 [Test worker] DEBUG org.apache.axis.encoding.ser.JAFDataHandlerDeserializerFactory - Enter/Exit: JAFDataHandlerDeserializerFactory(class javax.mail.internet.MimeMultipart, {http://xml.apache.org/xml-soap}Multipart)
23:36:47.211 [Test worker] DEBUG org.apache.axis.encoding.ser.JAFDataHandlerDeserializerFactory - Enter/Exit: JAFDataHandlerDeserializerFactory(interface javax.xml.transform.Source, {http://xml.apache.org/xml-soap}Source)
23:36:47.212 [Test worker] DEBUG org.apache.axis.encoding.ser.JAFDataHandlerDeserializerFactory - Enter/Exit: JAFDataHandlerDeserializerFactory(class org.apache.axis.attachments.OctetStream, {http://xml.apache.org/xml-soap}octet-stream)
23:36:47.212 [Test worker] DEBUG org.apache.axis.encoding.ser.JAFDataHandlerDeserializerFactory - Enter/Exit: JAFDataHandlerDeserializerFactory()
23:36:47.239 [Test worker] DEBUG org.apache.axis.AxisEngine - Exit: AxisEngine::init
23:36:47.255 [Test worker] DEBUG org.apache.axis.description.OperationDesc - @ab93ff6setReturnType({http://www.w3.org/2001/XMLSchema}string)
23:36:47.258 [Test worker] DEBUG org.apache.axis.description.OperationDesc - @2beeff7 added parameter >name:       username
typeEntry:  null
mode:       IN
position:   0
isReturn:   false
typeQName:  {http://www.w3.org/2001/XMLSchema}string
javaType:   class java.lang.String
inHeader:   false
outHeader:  false
@585e7a4d<total parameters:1
23:36:47.258 [Test worker] DEBUG org.apache.axis.description.OperationDesc - @2beeff7 added parameter >name:       password
typeEntry:  null
mode:       IN
position:   1
isReturn:   false
typeQName:  {http://www.w3.org/2001/XMLSchema}string
javaType:   class java.lang.String
inHeader:   false
outHeader:  false
@12d92153<total parameters:2
23:36:47.258 [Test worker] DEBUG org.apache.axis.description.OperationDesc - @2beeff7setReturnType({http://futureware.biz/mantisconnect}UserData)
23:36:47.259 [Test worker] DEBUG org.apache.axis.description.OperationDesc - @48b60f98 added parameter >name:       username
typeEntry:  null
mode:       IN
position:   0
isReturn:   false
typeQName:  {http://www.w3.org/2001/XMLSchema}string
javaType:   class java.lang.String
inHeader:   false
outHeader:  false
@13be6c64<total parameters:1
23:36:47.260 [Test worker] DEBUG org.apache.axis.description.OperationDesc - @48b60f98 added parameter >name:       password
typeEntry:  null
mode:       IN
position:   1
isReturn:   false
typeQName:  {http://www.w3.org/2001/XMLSchema}string
javaType:   class java.lang.String
inHeader:   false
outHeader:  false
@2d6b1443<total parameters:2
23:36:47.260 [Test worker] DEBUG org.apache.axis.description.OperationDesc - @48b60f98setReturnType({http://futureware.biz/mantisconnect}ObjectRefArray)
23:36:47.261 [Test worker] DEBUG org.apache.axis.description.OperationDesc - @5af7c387 added parameter >name:       username
typeEntry:  null
mode:       IN
position:   0
isReturn:   false
typeQName:  {http://www.w3.org/2001/XMLSchema}string
javaType:   class java.lang.String
inHeader:   false
outHeader:  false
@2fcb1d96<total parameters:1
23:36:47.262 [Test worker] DEBUG org.apache.axis.description.OperationDesc - @5af7c387 added parameter >name:       password
typeEntry:  null
mode:       IN
position:   1
isReturn:   false
typeQName:  {http://www.w3.org/2001/XMLSchema}string
javaType:   class java.lang.String
inHeader:   false
outHeader:  false
@2f749f29<total parameters:2
23:36:47.262 [Test worker] DEBUG org.apache.axis.description.OperationDesc - @5af7c387setReturnType({http://futureware.biz/mantisconnect}ObjectRefArray)
23:36:47.262 [Test worker] DEBUG org.apache.axis.description.OperationDesc - @47f99a54 added parameter >name:       username
typeEntry:  null
mode:       IN
position:   0
isReturn:   false
typeQName:  {http://www.w3.org/2001/XMLSchema}string
javaType:   class java.lang.String
inHeader:   false
outHeader:  false
@237682d7<total parameters:1
23:36:47.263 [Test worker] DEBUG org.apache.axis.description.OperationDesc - @47f99a54 added parameter >name:       password
typeEntry:  null
mode:       IN
position:   1
isReturn:   false
typeQName:  {http://www.w3.org/2001/XMLSchema}string
javaType:   class java.lang.String
inHeader:   false
outHeader:  false
@54260c82<total parameters:2
23:36:47.263 [Test worker] DEBUG org.apache.axis.description.OperationDesc - @47f99a54setReturnType({http://futureware.biz/mantisconnect}ObjectRefArray)
23:36:47.263 [Test worker] DEBUG org.apache.axis.description.OperationDesc - @5fa05cf8 added parameter >name:       username
typeEntry:  null
mode:       IN
position:   0
isReturn:   false
typeQName:  {http://www.w3.org/2001/XMLSchema}string
javaType:   class java.lang.String
inHeader:   false
outHeader:  false
@54004662<total parameters:1
23:36:47.264 [Test worker] DEBUG org.apache.axis.description.OperationDesc - @5fa05cf8 added parameter >name:       password
typeEntry:  null
mode:       IN
position:   1
isReturn:   false
typeQName:  {http://www.w3.org/2001/XMLSchema}string
javaType:   class java.lang.String
inHeader:   false
outHeader:  false
@43f7060f<total parameters:2
23:36:47.264 [Test worker] DEBUG org.apache.axis.description.OperationDesc - @5fa05cf8setReturnType({http://futureware.biz/mantisconnect}ObjectRefArray)
23:36:47.264 [Test worker] DEBUG org.apache.axis.description.OperationDesc - @27d150ef added parameter >name:       username
typeEntry:  null
mode:       IN
position:   0
isReturn:   false
typeQName:  {http://www.w3.org/2001/XMLSchema}string
javaType:   class java.lang.String
inHeader:   false
outHeader:  false
@7acb8f71<total parameters:1
23:36:47.265 [Test worker] DEBUG org.apache.axis.description.OperationDesc - @27d150ef added parameter >name:       password
typeEntry:  null
mode:       IN
position:   1
isReturn:   false
typeQName:  {http://www.w3.org/2001/XMLSchema}string
javaType:   class java.lang.String
inHeader:   false
outHeader:  false
@2c2ee51c<total parameters:2
23:36:47.265 [Test worker] DEBUG org.apache.axis.description.OperationDesc - @27d150efsetReturnType({http://futureware.biz/mantisconnect}ObjectRefArray)
23:36:47.265 [Test worker] DEBUG org.apache.axis.description.OperationDesc - @571249e8 added parameter >name:       username
typeEntry:  null
mode:       IN
position:   0
isReturn:   false
typeQName:  {http://www.w3.org/2001/XMLSchema}string
javaType:   class java.lang.String
inHeader:   false
outHeader:  false
@7ae93dcd<total parameters:1
23:36:47.266 [Test worker] DEBUG org.apache.axis.description.OperationDesc - @571249e8 added parameter >name:       password
typeEntry:  null
mode:       IN
position:   1
isReturn:   false
typeQName:  {http://www.w3.org/2001/XMLSchema}string
javaType:   class java.lang.String
inHeader:   false
outHeader:  false
@5c7f95e6<total parameters:2
23:36:47.266 [Test worker] DEBUG org.apache.axis.description.OperationDesc - @571249e8setReturnType({http://futureware.biz/mantisconnect}ObjectRefArray)
23:36:47.266 [Test worker] DEBUG org.apache.axis.description.OperationDesc - @7a28d70 added parameter >name:       username
typeEntry:  null
mode:       IN
position:   0
isReturn:   false
typeQName:  {http://www.w3.org/2001/XMLSchema}string
javaType:   class java.lang.String
inHeader:   false
outHeader:  false
@423ad965<total parameters:1
23:36:47.266 [Test worker] DEBUG org.apache.axis.description.OperationDesc - @7a28d70 added parameter >name:       password
typeEntry:  null
mode:       IN
position:   1
isReturn:   false
typeQName:  {http://www.w3.org/2001/XMLSchema}string
javaType:   class java.lang.String
inHeader:   false
outHeader:  false
@718e93ba<total parameters:2
23:36:47.267 [Test worker] DEBUG org.apache.axis.description.OperationDesc - @7a28d70setReturnType({http://futureware.biz/mantisconnect}ObjectRefArray)
23:36:47.267 [Test worker] DEBUG org.apache.axis.description.OperationDesc - @517ee8c8 added parameter >name:       username
typeEntry:  null
mode:       IN
position:   0
isReturn:   false
typeQName:  {http://www.w3.org/2001/XMLSchema}string
javaType:   class java.lang.String
inHeader:   false
outHeader:  false
@42a4269a<total parameters:1
23:36:47.267 [Test worker] DEBUG org.apache.axis.description.OperationDesc - @517ee8c8 added parameter >name:       password
typeEntry:  null
mode:       IN
position:   1
isReturn:   false
typeQName:  {http://www.w3.org/2001/XMLSchema}string
javaType:   class java.lang.String
inHeader:   false
outHeader:  false
@56412e5a<total parameters:2
23:36:47.268 [Test worker] DEBUG org.apache.axis.description.OperationDesc - @517ee8c8setReturnType({http://futureware.biz/mantisconnect}ObjectRefArray)
23:36:47.268 [Test worker] DEBUG org.apache.axis.description.OperationDesc - @5357746b added parameter >name:       username
typeEntry:  null
mode:       IN
position:   0
isReturn:   false
typeQName:  {http://www.w3.org/2001/XMLSchema}string
javaType:   class java.lang.String
inHeader:   false
outHeader:  false
@75c9ee61<total parameters:1
23:36:47.268 [Test worker] DEBUG org.apache.axis.description.OperationDesc - @5357746b added parameter >name:       password
typeEntry:  null
mode:       IN
position:   1
isReturn:   false
typeQName:  {http://www.w3.org/2001/XMLSchema}string
javaType:   class java.lang.String
inHeader:   false
outHeader:  false
@163a96b4<total parameters:2
23:36:47.269 [Test worker] DEBUG org.apache.axis.description.OperationDesc - @5357746bsetReturnType({http://futureware.biz/mantisconnect}ObjectRefArray)
23:36:47.269 [Test worker] DEBUG org.apache.axis.description.OperationDesc - @495649d7 added parameter >name:       username
typeEntry:  null
mode:       IN
position:   0
isReturn:   false
typeQName:  {http://www.w3.org/2001/XMLSchema}string
javaType:   class java.lang.String
inHeader:   false
outHeader:  false
@214a88ba<total parameters:1
23:36:47.269 [Test worker] DEBUG org.apache.axis.description.OperationDesc - @495649d7 added parameter >name:       password
typeEntry:  null
mode:       IN
position:   1
isReturn:   false
typeQName:  {http://www.w3.org/2001/XMLSchema}string
javaType:   class java.lang.String
inHeader:   false
outHeader:  false
@1b4ad014<total parameters:2
23:36:47.270 [Test worker] DEBUG org.apache.axis.description.OperationDesc - @495649d7setReturnType({http://futureware.biz/mantisconnect}ObjectRefArray)
23:36:47.270 [Test worker] DEBUG org.apache.axis.description.OperationDesc - @59877aff added parameter >name:       username
typeEntry:  null
mode:       IN
position:   0
isReturn:   false
typeQName:  {http://www.w3.org/2001/XMLSchema}string
javaType:   class java.lang.String
inHeader:   false
outHeader:  false
@22e488e9<total parameters:1
23:36:47.270 [Test worker] DEBUG org.apache.axis.description.OperationDesc - @59877aff added parameter >name:       password
typeEntry:  null
mode:       IN
position:   1
isReturn:   false
typeQName:  {http://www.w3.org/2001/XMLSchema}string
javaType:   class java.lang.String
inHeader:   false
outHeader:  false
@579ecb57<total parameters:2
23:36:47.271 [Test worker] DEBUG org.apache.axis.description.OperationDesc - @59877affsetReturnType({http://futureware.biz/mantisconnect}ObjectRefArray)
23:36:47.271 [Test worker] DEBUG org.apache.axis.description.OperationDesc - @1a996bc0 added parameter >name:       username
typeEntry:  null
mode:       IN
position:   0
isReturn:   false
typeQName:  {http://www.w3.org/2001/XMLSchema}string
javaType:   class java.lang.String
inHeader:   false
outHeader:  false
@782bbaee<total parameters:1
23:36:47.271 [Test worker] DEBUG org.apache.axis.description.OperationDesc - @1a996bc0 added parameter >name:       password
typeEntry:  null
mode:       IN
position:   1
isReturn:   false
typeQName:  {http://www.w3.org/2001/XMLSchema}string
javaType:   class java.lang.String
inHeader:   false
outHeader:  false
@7e0ec6c2<total parameters:2
23:36:47.272 [Test worker] DEBUG org.apache.axis.description.OperationDesc - @1a996bc0setReturnType({http://futureware.biz/mantisconnect}ObjectRefArray)
23:36:47.272 [Test worker] DEBUG org.apache.axis.description.OperationDesc - @5feb7e27 added parameter >name:       username
typeEntry:  null
mode:       IN
position:   0
isReturn:   false
typeQName:  {http://www.w3.org/2001/XMLSchema}string
javaType:   class java.lang.String
inHeader:   false
outHeader:  false
@efdd971<total parameters:1
23:36:47.272 [Test worker] DEBUG org.apache.axis.description.OperationDesc - @5feb7e27 added parameter >name:       password
typeEntry:  null
mode:       IN
position:   1
isReturn:   false
typeQName:  {http://www.w3.org/2001/XMLSchema}string
javaType:   class java.lang.String
inHeader:   false
outHeader:  false
@2ba4fe8a<total parameters:2
23:36:47.272 [Test worker] DEBUG org.apache.axis.description.OperationDesc - @5feb7e27 added parameter >name:       enumeration
typeEntry:  null
mode:       IN
position:   2
isReturn:   false
typeQName:  {http://www.w3.org/2001/XMLSchema}string
javaType:   class java.lang.String
inHeader:   false
outHeader:  false
@239415ea<total parameters:3
23:36:47.272 [Test worker] DEBUG org.apache.axis.description.OperationDesc - @5feb7e27setReturnType({http://www.w3.org/2001/XMLSchema}string)
23:36:47.272 [Test worker] DEBUG org.apache.axis.description.OperationDesc - @278a4df9 added parameter >name:       username
typeEntry:  null
mode:       IN
position:   0
isReturn:   false
typeQName:  {http://www.w3.org/2001/XMLSchema}string
javaType:   class java.lang.String
inHeader:   false
outHeader:  false
@47dc2e28<total parameters:1
23:36:47.273 [Test worker] DEBUG org.apache.axis.description.OperationDesc - @278a4df9 added parameter >name:       password
typeEntry:  null
mode:       IN
position:   1
isReturn:   false
typeQName:  {http://www.w3.org/2001/XMLSchema}string
javaType:   class java.lang.String
inHeader:   false
outHeader:  false
@4b80d8f7<total parameters:2
23:36:47.273 [Test worker] DEBUG org.apache.axis.description.OperationDesc - @278a4df9 added parameter >name:       issue_id
typeEntry:  null
mode:       IN
position:   2
isReturn:   false
typeQName:  {http://www.w3.org/2001/XMLSchema}integer
javaType:   class java.math.BigInteger
inHeader:   false
outHeader:  false
@4838af28<total parameters:3
23:36:47.273 [Test worker] DEBUG org.apache.axis.description.OperationDesc - @278a4df9setReturnType({http://www.w3.org/2001/XMLSchema}boolean)
23:36:47.273 [Test worker] DEBUG org.apache.axis.description.OperationDesc - @3da8d653 added parameter >name:       username
typeEntry:  null
mode:       IN
position:   0
isReturn:   false
typeQName:  {http://www.w3.org/2001/XMLSchema}string
javaType:   class java.lang.String
inHeader:   false
outHeader:  false
@1ba302a0<total parameters:1
23:36:47.273 [Test worker] DEBUG org.apache.axis.description.OperationDesc - @3da8d653 added parameter >name:       password
typeEntry:  null
mode:       IN
position:   1
isReturn:   false
typeQName:  {http://www.w3.org/2001/XMLSchema}string
javaType:   class java.lang.String
inHeader:   false
outHeader:  false
@56a92643<total parameters:2
23:36:47.274 [Test worker] DEBUG org.apache.axis.description.OperationDesc - @3da8d653 added parameter >name:       issue_id
typeEntry:  null
mode:       IN
position:   2
isReturn:   false
typeQName:  {http://www.w3.org/2001/XMLSchema}integer
javaType:   class java.math.BigInteger
inHeader:   false
outHeader:  false
@5be58251<total parameters:3
23:36:47.274 [Test worker] DEBUG org.apache.axis.description.OperationDesc - @3da8d653setReturnType({http://futureware.biz/mantisconnect}IssueData)
23:36:47.275 [Test worker] DEBUG org.apache.axis.description.OperationDesc - @3c35cc99 added parameter >name:       username
typeEntry:  null
mode:       IN
position:   0
isReturn:   false
typeQName:  {http://www.w3.org/2001/XMLSchema}string
javaType:   class java.lang.String
inHeader:   false
outHeader:  false
@4bb52644<total parameters:1
23:36:47.275 [Test worker] DEBUG org.apache.axis.description.OperationDesc - @3c35cc99 added parameter >name:       password
typeEntry:  null
mode:       IN
position:   1
isReturn:   false
typeQName:  {http://www.w3.org/2001/XMLSchema}string
javaType:   class java.lang.String
inHeader:   false
outHeader:  false
@4dde8f5f<total parameters:2
23:36:47.276 [Test worker] DEBUG org.apache.axis.description.OperationDesc - @3c35cc99 added parameter >name:       issue_id
typeEntry:  null
mode:       IN
position:   2
isReturn:   false
typeQName:  {http://www.w3.org/2001/XMLSchema}integer
javaType:   class java.math.BigInteger
inHeader:   false
outHeader:  false
@65ab369b<total parameters:3
23:36:47.276 [Test worker] DEBUG org.apache.axis.description.OperationDesc - @3c35cc99setReturnType({http://futureware.biz/mantisconnect}HistoryDataArray)
23:36:47.276 [Test worker] DEBUG org.apache.axis.description.OperationDesc - @2c103185 added parameter >name:       username
typeEntry:  null
mode:       IN
position:   0
isReturn:   false
typeQName:  {http://www.w3.org/2001/XMLSchema}string
javaType:   class java.lang.String
inHeader:   false
outHeader:  false
@1033d572<total parameters:1
23:36:47.277 [Test worker] DEBUG org.apache.axis.description.OperationDesc - @2c103185 added parameter >name:       password
typeEntry:  null
mode:       IN
position:   1
isReturn:   false
typeQName:  {http://www.w3.org/2001/XMLSchema}string
javaType:   class java.lang.String
inHeader:   false
outHeader:  false
@2492a530<total parameters:2
23:36:47.277 [Test worker] DEBUG org.apache.axis.description.OperationDesc - @2c103185 added parameter >name:       project_id
typeEntry:  null
mode:       IN
position:   2
isReturn:   false
typeQName:  {http://www.w3.org/2001/XMLSchema}integer
javaType:   class java.math.BigInteger
inHeader:   false
outHeader:  false
@5ee53c2e<total parameters:3
23:36:47.277 [Test worker] DEBUG org.apache.axis.description.OperationDesc - @2c103185setReturnType({http://www.w3.org/2001/XMLSchema}integer)
23:36:47.277 [Test worker] DEBUG org.apache.axis.description.OperationDesc - @7354a26e added parameter >name:       username
typeEntry:  null
mode:       IN
position:   0
isReturn:   false
typeQName:  {http://www.w3.org/2001/XMLSchema}string
javaType:   class java.lang.String
inHeader:   false
outHeader:  false
@7dc26133<total parameters:1
23:36:47.277 [Test worker] DEBUG org.apache.axis.description.OperationDesc - @7354a26e added parameter >name:       password
typeEntry:  null
mode:       IN
position:   1
isReturn:   false
typeQName:  {http://www.w3.org/2001/XMLSchema}string
javaType:   class java.lang.String
inHeader:   false
outHeader:  false
@4c48e09e<total parameters:2
23:36:47.278 [Test worker] DEBUG org.apache.axis.description.OperationDesc - @7354a26e added parameter >name:       summary
typeEntry:  null
mode:       IN
position:   2
isReturn:   false
typeQName:  {http://www.w3.org/2001/XMLSchema}string
javaType:   class java.lang.String
inHeader:   false
outHeader:  false
@3bbbb175<total parameters:3
23:36:47.278 [Test worker] DEBUG org.apache.axis.description.OperationDesc - @7354a26esetReturnType({http://www.w3.org/2001/XMLSchema}integer)
23:36:47.278 [Test worker] DEBUG org.apache.axis.description.OperationDesc - @6daa23be added parameter >name:       username
typeEntry:  null
mode:       IN
position:   0
isReturn:   false
typeQName:  {http://www.w3.org/2001/XMLSchema}string
javaType:   class java.lang.String
inHeader:   false
outHeader:  false
@38f1cc1<total parameters:1
23:36:47.279 [Test worker] DEBUG org.apache.axis.description.OperationDesc - @6daa23be added parameter >name:       password
typeEntry:  null
mode:       IN
position:   1
isReturn:   false
typeQName:  {http://www.w3.org/2001/XMLSchema}string
javaType:   class java.lang.String
inHeader:   false
outHeader:  false
@848503e<total parameters:2
23:36:47.279 [Test worker] DEBUG org.apache.axis.description.OperationDesc - @6daa23be added parameter >name:       issue
typeEntry:  null
mode:       IN
position:   2
isReturn:   false
typeQName:  {http://futureware.biz/mantisconnect}IssueData
javaType:   class biz.futureware.mantis.rpc.soap.client.IssueData
inHeader:   false
outHeader:  false
@6e9e785b<total parameters:3
23:36:47.280 [Test worker] DEBUG org.apache.axis.description.OperationDesc - @6daa23besetReturnType({http://www.w3.org/2001/XMLSchema}integer)
23:36:47.280 [Test worker] DEBUG org.apache.axis.description.OperationDesc - @521501e5 added parameter >name:       username
typeEntry:  null
mode:       IN
position:   0
isReturn:   false
typeQName:  {http://www.w3.org/2001/XMLSchema}string
javaType:   class java.lang.String
inHeader:   false
outHeader:  false
@29876672<total parameters:1
23:36:47.280 [Test worker] DEBUG org.apache.axis.description.OperationDesc - @521501e5 added parameter >name:       password
typeEntry:  null
mode:       IN
position:   1
isReturn:   false
typeQName:  {http://www.w3.org/2001/XMLSchema}string
javaType:   class java.lang.String
inHeader:   false
outHeader:  false
@63040adc<total parameters:2
23:36:47.280 [Test worker] DEBUG org.apache.axis.description.OperationDesc - @521501e5 added parameter >name:       issueId
typeEntry:  null
mode:       IN
position:   2
isReturn:   false
typeQName:  {http://www.w3.org/2001/XMLSchema}integer
javaType:   class java.math.BigInteger
inHeader:   false
outHeader:  false
@7e45fa47<total parameters:3
23:36:47.281 [Test worker] DEBUG org.apache.axis.description.OperationDesc - @521501e5 added parameter >name:       issue
typeEntry:  null
mode:       IN
position:   3
isReturn:   false
typeQName:  {http://futureware.biz/mantisconnect}IssueData
javaType:   class biz.futureware.mantis.rpc.soap.client.IssueData
inHeader:   false
outHeader:  false
@425c643<total parameters:4
23:36:47.281 [Test worker] DEBUG org.apache.axis.description.OperationDesc - @521501e5setReturnType({http://www.w3.org/2001/XMLSchema}boolean)
23:36:47.281 [Test worker] DEBUG org.apache.axis.description.OperationDesc - @16838443 added parameter >name:       username
typeEntry:  null
mode:       IN
position:   0
isReturn:   false
typeQName:  {http://www.w3.org/2001/XMLSchema}string
javaType:   class java.lang.String
inHeader:   false
outHeader:  false
@55923ea5<total parameters:1
23:36:47.282 [Test worker] DEBUG org.apache.axis.description.OperationDesc - @16838443 added parameter >name:       password
typeEntry:  null
mode:       IN
position:   1
isReturn:   false
typeQName:  {http://www.w3.org/2001/XMLSchema}string
javaType:   class java.lang.String
inHeader:   false
outHeader:  false
@4546192<total parameters:2
23:36:47.282 [Test worker] DEBUG org.apache.axis.description.OperationDesc - @16838443 added parameter >name:       issue_id
typeEntry:  null
mode:       IN
position:   2
isReturn:   false
typeQName:  {http://www.w3.org/2001/XMLSchema}integer
javaType:   class java.math.BigInteger
inHeader:   false
outHeader:  false
@2e69a885<total parameters:3
23:36:47.283 [Test worker] DEBUG org.apache.axis.description.OperationDesc - @16838443 added parameter >name:       tags
typeEntry:  null
mode:       IN
position:   3
isReturn:   false
typeQName:  {http://futureware.biz/mantisconnect}TagDataArray
javaType:   class [Lbiz.futureware.mantis.rpc.soap.client.TagData;
inHeader:   false
outHeader:  false
@479e50d3<total parameters:4
23:36:47.284 [Test worker] DEBUG org.apache.axis.description.OperationDesc - @16838443setReturnType({http://www.w3.org/2001/XMLSchema}boolean)
23:36:47.284 [Test worker] DEBUG org.apache.axis.description.OperationDesc - @24d0f525 added parameter >name:       username
typeEntry:  null
mode:       IN
position:   0
isReturn:   false
typeQName:  {http://www.w3.org/2001/XMLSchema}string
javaType:   class java.lang.String
inHeader:   false
outHeader:  false
@14a69f00<total parameters:1
23:36:47.284 [Test worker] DEBUG org.apache.axis.description.OperationDesc - @24d0f525 added parameter >name:       password
typeEntry:  null
mode:       IN
position:   1
isReturn:   false
typeQName:  {http://www.w3.org/2001/XMLSchema}string
javaType:   class java.lang.String
inHeader:   false
outHeader:  false
@7b05d42d<total parameters:2
23:36:47.285 [Test worker] DEBUG org.apache.axis.description.OperationDesc - @24d0f525 added parameter >name:       issue_id
typeEntry:  null
mode:       IN
position:   2
isReturn:   false
typeQName:  {http://www.w3.org/2001/XMLSchema}integer
javaType:   class java.math.BigInteger
inHeader:   false
outHeader:  false
@4ea81b56<total parameters:3
23:36:47.285 [Test worker] DEBUG org.apache.axis.description.OperationDesc - @24d0f525setReturnType({http://www.w3.org/2001/XMLSchema}boolean)
23:36:47.285 [Test worker] DEBUG org.apache.axis.description.OperationDesc - @6d72b67b added parameter >name:       username
typeEntry:  null
mode:       IN
position:   0
isReturn:   false
typeQName:  {http://www.w3.org/2001/XMLSchema}string
javaType:   class java.lang.String
inHeader:   false
outHeader:  false
@4d0c6a4a<total parameters:1
23:36:47.286 [Test worker] DEBUG org.apache.axis.description.OperationDesc - @6d72b67b added parameter >name:       password
typeEntry:  null
mode:       IN
position:   1
isReturn:   false
typeQName:  {http://www.w3.org/2001/XMLSchema}string
javaType:   class java.lang.String
inHeader:   false
outHeader:  false
@187d6b7a<total parameters:2
23:36:47.286 [Test worker] DEBUG org.apache.axis.description.OperationDesc - @6d72b67b added parameter >name:       issue_id
typeEntry:  null
mode:       IN
position:   2
isReturn:   false
typeQName:  {http://www.w3.org/2001/XMLSchema}integer
javaType:   class java.math.BigInteger
inHeader:   false
outHeader:  false
@1601b188<total parameters:3
23:36:47.287 [Test worker] DEBUG org.apache.axis.description.OperationDesc - @6d72b67b added parameter >name:       note
typeEntry:  null
mode:       IN
position:   3
isReturn:   false
typeQName:  {http://futureware.biz/mantisconnect}IssueNoteData
javaType:   class biz.futureware.mantis.rpc.soap.client.IssueNoteData
inHeader:   false
outHeader:  false
@339df032<total parameters:4
23:36:47.287 [Test worker] DEBUG org.apache.axis.description.OperationDesc - @6d72b67bsetReturnType({http://www.w3.org/2001/XMLSchema}integer)
23:36:47.287 [Test worker] DEBUG org.apache.axis.description.OperationDesc - @280b8a38 added parameter >name:       username
typeEntry:  null
mode:       IN
position:   0
isReturn:   false
typeQName:  {http://www.w3.org/2001/XMLSchema}string
javaType:   class java.lang.String
inHeader:   false
outHeader:  false
@6ff2190<total parameters:1
23:36:47.288 [Test worker] DEBUG org.apache.axis.description.OperationDesc - @280b8a38 added parameter >name:       password
typeEntry:  null
mode:       IN
position:   1
isReturn:   false
typeQName:  {http://www.w3.org/2001/XMLSchema}string
javaType:   class java.lang.String
inHeader:   false
outHeader:  false
@59b7310<total parameters:2
23:36:47.288 [Test worker] DEBUG org.apache.axis.description.OperationDesc - @280b8a38 added parameter >name:       issue_note_id
typeEntry:  null
mode:       IN
position:   2
isReturn:   false
typeQName:  {http://www.w3.org/2001/XMLSchema}integer
javaType:   class java.math.BigInteger
inHeader:   false
outHeader:  false
@595b0ff1<total parameters:3
23:36:47.288 [Test worker] DEBUG org.apache.axis.description.OperationDesc - @280b8a38setReturnType({http://www.w3.org/2001/XMLSchema}boolean)
23:36:47.288 [Test worker] DEBUG org.apache.axis.description.OperationDesc - @2d7504a8 added parameter >name:       username
typeEntry:  null
mode:       IN
position:   0
isReturn:   false
typeQName:  {http://www.w3.org/2001/XMLSchema}string
javaType:   class java.lang.String
inHeader:   false
outHeader:  false
@52f94337<total parameters:1
23:36:47.288 [Test worker] DEBUG org.apache.axis.description.OperationDesc - @2d7504a8 added parameter >name:       password
typeEntry:  null
mode:       IN
position:   1
isReturn:   false
typeQName:  {http://www.w3.org/2001/XMLSchema}string
javaType:   class java.lang.String
inHeader:   false
outHeader:  false
@c24a98b<total parameters:2
23:36:47.288 [Test worker] DEBUG org.apache.axis.description.OperationDesc - @2d7504a8 added parameter >name:       note
typeEntry:  null
mode:       IN
position:   2
isReturn:   false
typeQName:  {http://futureware.biz/mantisconnect}IssueNoteData
javaType:   class biz.futureware.mantis.rpc.soap.client.IssueNoteData
inHeader:   false
outHeader:  false
@d010b79<total parameters:3
23:36:47.288 [Test worker] DEBUG org.apache.axis.description.OperationDesc - @2d7504a8setReturnType({http://www.w3.org/2001/XMLSchema}boolean)
23:36:47.289 [Test worker] DEBUG org.apache.axis.description.OperationDesc - @8541e35 added parameter >name:       username
typeEntry:  null
mode:       IN
position:   0
isReturn:   false
typeQName:  {http://www.w3.org/2001/XMLSchema}string
javaType:   class java.lang.String
inHeader:   false
outHeader:  false
@10ac04f3<total parameters:1
23:36:47.289 [Test worker] DEBUG org.apache.axis.description.OperationDesc - @8541e35 added parameter >name:       password
typeEntry:  null
mode:       IN
position:   1
isReturn:   false
typeQName:  {http://www.w3.org/2001/XMLSchema}string
javaType:   class java.lang.String
inHeader:   false
outHeader:  false
@39ed9f9c<total parameters:2
23:36:47.289 [Test worker] DEBUG org.apache.axis.description.OperationDesc - @8541e35 added parameter >name:       issue_id
typeEntry:  null
mode:       IN
position:   2
isReturn:   false
typeQName:  {http://www.w3.org/2001/XMLSchema}integer
javaType:   class java.math.BigInteger
inHeader:   false
outHeader:  false
@3cb2011b<total parameters:3
23:36:47.290 [Test worker] DEBUG org.apache.axis.description.OperationDesc - @8541e35 added parameter >name:       relationship
typeEntry:  null
mode:       IN
position:   3
isReturn:   false
typeQName:  {http://futureware.biz/mantisconnect}RelationshipData
javaType:   class biz.futureware.mantis.rpc.soap.client.RelationshipData
inHeader:   false
outHeader:  false
@3100629d<total parameters:4
23:36:47.290 [Test worker] DEBUG org.apache.axis.description.OperationDesc - @8541e35setReturnType({http://www.w3.org/2001/XMLSchema}integer)
23:36:47.290 [Test worker] DEBUG org.apache.axis.description.OperationDesc - @1d16177f added parameter >name:       username
typeEntry:  null
mode:       IN
position:   0
isReturn:   false
typeQName:  {http://www.w3.org/2001/XMLSchema}string
javaType:   class java.lang.String
inHeader:   false
outHeader:  false
@716d66b6<total parameters:1
23:36:47.290 [Test worker] DEBUG org.apache.axis.description.OperationDesc - @1d16177f added parameter >name:       password
typeEntry:  null
mode:       IN
position:   1
isReturn:   false
typeQName:  {http://www.w3.org/2001/XMLSchema}string
javaType:   class java.lang.String
inHeader:   false
outHeader:  false
@356a0bcd<total parameters:2
23:36:47.290 [Test worker] DEBUG org.apache.axis.description.OperationDesc - @1d16177f added parameter >name:       issue_id
typeEntry:  null
mode:       IN
position:   2
isReturn:   false
typeQName:  {http://www.w3.org/2001/XMLSchema}integer
javaType:   class java.math.BigInteger
inHeader:   false
outHeader:  false
@7cc8377<total parameters:3
23:36:47.291 [Test worker] DEBUG org.apache.axis.description.OperationDesc - @1d16177f added parameter >name:       relationship_id
typeEntry:  null
mode:       IN
position:   3
isReturn:   false
typeQName:  {http://www.w3.org/2001/XMLSchema}integer
javaType:   class java.math.BigInteger
inHeader:   false
outHeader:  false
@2accc11e<total parameters:4
23:36:47.291 [Test worker] DEBUG org.apache.axis.description.OperationDesc - @1d16177fsetReturnType({http://www.w3.org/2001/XMLSchema}boolean)
23:36:47.291 [Test worker] DEBUG org.apache.axis.description.OperationDesc - @308e5a27 added parameter >name:       username
typeEntry:  null
mode:       IN
position:   0
isReturn:   false
typeQName:  {http://www.w3.org/2001/XMLSchema}string
javaType:   class java.lang.String
inHeader:   false
outHeader:  false
@555f1b98<total parameters:1
23:36:47.291 [Test worker] DEBUG org.apache.axis.description.OperationDesc - @308e5a27 added parameter >name:       password
typeEntry:  null
mode:       IN
position:   1
isReturn:   false
typeQName:  {http://www.w3.org/2001/XMLSchema}string
javaType:   class java.lang.String
inHeader:   false
outHeader:  false
@36ebfd7f<total parameters:2
23:36:47.291 [Test worker] DEBUG org.apache.axis.description.OperationDesc - @308e5a27 added parameter >name:       issue_id
typeEntry:  null
mode:       IN
position:   2
isReturn:   false
typeQName:  {http://www.w3.org/2001/XMLSchema}integer
javaType:   class java.math.BigInteger
inHeader:   false
outHeader:  false
@7ae30e8d<total parameters:3
23:36:47.291 [Test worker] DEBUG org.apache.axis.description.OperationDesc - @308e5a27 added parameter >name:       name
typeEntry:  null
mode:       IN
position:   3
isReturn:   false
typeQName:  {http://www.w3.org/2001/XMLSchema}string
javaType:   class java.lang.String
inHeader:   false
outHeader:  false
@387e2c94<total parameters:4
23:36:47.292 [Test worker] DEBUG org.apache.axis.description.OperationDesc - @308e5a27 added parameter >name:       file_type
typeEntry:  null
mode:       IN
position:   4
isReturn:   false
typeQName:  {http://www.w3.org/2001/XMLSchema}string
javaType:   class java.lang.String
inHeader:   false
outHeader:  false
@155073d8<total parameters:5
23:36:47.292 [Test worker] DEBUG org.apache.axis.description.OperationDesc - @308e5a27 added parameter >name:       content
typeEntry:  null
mode:       IN
position:   5
isReturn:   false
typeQName:  {http://www.w3.org/2001/XMLSchema}base64Binary
javaType:   class [B
inHeader:   false
outHeader:  false
@7c396408<total parameters:6
23:36:47.292 [Test worker] DEBUG org.apache.axis.description.OperationDesc - @308e5a27setReturnType({http://www.w3.org/2001/XMLSchema}integer)
23:36:47.292 [Test worker] DEBUG org.apache.axis.description.OperationDesc - @1e4c8a64 added parameter >name:       username
typeEntry:  null
mode:       IN
position:   0
isReturn:   false
typeQName:  {http://www.w3.org/2001/XMLSchema}string
javaType:   class java.lang.String
inHeader:   false
outHeader:  false
@579f1fb5<total parameters:1
23:36:47.293 [Test worker] DEBUG org.apache.axis.description.OperationDesc - @1e4c8a64 added parameter >name:       password
typeEntry:  null
mode:       IN
position:   1
isReturn:   false
typeQName:  {http://www.w3.org/2001/XMLSchema}string
javaType:   class java.lang.String
inHeader:   false
outHeader:  false
@4147782d<total parameters:2
23:36:47.293 [Test worker] DEBUG org.apache.axis.description.OperationDesc - @1e4c8a64 added parameter >name:       issue_attachment_id
typeEntry:  null
mode:       IN
position:   2
isReturn:   false
typeQName:  {http://www.w3.org/2001/XMLSchema}integer
javaType:   class java.math.BigInteger
inHeader:   false
outHeader:  false
@76695d29<total parameters:3
23:36:47.293 [Test worker] DEBUG org.apache.axis.description.OperationDesc - @1e4c8a64setReturnType({http://www.w3.org/2001/XMLSchema}boolean)
23:36:47.293 [Test worker] DEBUG org.apache.axis.description.OperationDesc - @c0cf62a added parameter >name:       username
typeEntry:  null
mode:       IN
position:   0
isReturn:   false
typeQName:  {http://www.w3.org/2001/XMLSchema}string
javaType:   class java.lang.String
inHeader:   false
outHeader:  false
@234132a9<total parameters:1
23:36:47.293 [Test worker] DEBUG org.apache.axis.description.OperationDesc - @c0cf62a added parameter >name:       password
typeEntry:  null
mode:       IN
position:   1
isReturn:   false
typeQName:  {http://www.w3.org/2001/XMLSchema}string
javaType:   class java.lang.String
inHeader:   false
outHeader:  false
@593db0fc<total parameters:2
23:36:47.294 [Test worker] DEBUG org.apache.axis.description.OperationDesc - @c0cf62a added parameter >name:       issue_attachment_id
typeEntry:  null
mode:       IN
position:   2
isReturn:   false
typeQName:  {http://www.w3.org/2001/XMLSchema}integer
javaType:   class java.math.BigInteger
inHeader:   false
outHeader:  false
@65012ee7<total parameters:3
23:36:47.294 [Test worker] DEBUG org.apache.axis.description.OperationDesc - @c0cf62asetReturnType({http://www.w3.org/2001/XMLSchema}base64Binary)
23:36:47.294 [Test worker] DEBUG org.apache.axis.description.OperationDesc - @e5729cb added parameter >name:       username
typeEntry:  null
mode:       IN
position:   0
isReturn:   false
typeQName:  {http://www.w3.org/2001/XMLSchema}string
javaType:   class java.lang.String
inHeader:   false
outHeader:  false
@242986d2<total parameters:1
23:36:47.294 [Test worker] DEBUG org.apache.axis.description.OperationDesc - @e5729cb added parameter >name:       password
typeEntry:  null
mode:       IN
position:   1
isReturn:   false
typeQName:  {http://www.w3.org/2001/XMLSchema}string
javaType:   class java.lang.String
inHeader:   false
outHeader:  false
@102778fb<total parameters:2
23:36:47.295 [Test worker] DEBUG org.apache.axis.description.OperationDesc - @e5729cb added parameter >name:       project
typeEntry:  null
mode:       IN
position:   2
isReturn:   false
typeQName:  {http://futureware.biz/mantisconnect}ProjectData
javaType:   class biz.futureware.mantis.rpc.soap.client.ProjectData
inHeader:   false
outHeader:  false
@23e46d85<total parameters:3
23:36:47.295 [Test worker] DEBUG org.apache.axis.description.OperationDesc - @e5729cbsetReturnType({http://www.w3.org/2001/XMLSchema}integer)
23:36:47.295 [Test worker] DEBUG org.apache.axis.description.OperationDesc - @82f39a2 added parameter >name:       username
typeEntry:  null
mode:       IN
position:   0
isReturn:   false
typeQName:  {http://www.w3.org/2001/XMLSchema}string
javaType:   class java.lang.String
inHeader:   false
outHeader:  false
@1c562fc3<total parameters:1
23:36:47.296 [Test worker] DEBUG org.apache.axis.description.OperationDesc - @82f39a2 added parameter >name:       password
typeEntry:  null
mode:       IN
position:   1
isReturn:   false
typeQName:  {http://www.w3.org/2001/XMLSchema}string
javaType:   class java.lang.String
inHeader:   false
outHeader:  false
@4cfc331f<total parameters:2
23:36:47.296 [Test worker] DEBUG org.apache.axis.description.OperationDesc - @82f39a2 added parameter >name:       project_id
typeEntry:  null
mode:       IN
position:   2
isReturn:   false
typeQName:  {http://www.w3.org/2001/XMLSchema}integer
javaType:   class java.math.BigInteger
inHeader:   false
outHeader:  false
@4cf4f740<total parameters:3
23:36:47.296 [Test worker] DEBUG org.apache.axis.description.OperationDesc - @82f39a2setReturnType({http://www.w3.org/2001/XMLSchema}boolean)
23:36:47.296 [Test worker] DEBUG org.apache.axis.description.OperationDesc - @3de72555 added parameter >name:       username
typeEntry:  null
mode:       IN
position:   0
isReturn:   false
typeQName:  {http://www.w3.org/2001/XMLSchema}string
javaType:   class java.lang.String
inHeader:   false
outHeader:  false
@10e23d1d<total parameters:1
23:36:47.296 [Test worker] DEBUG org.apache.axis.description.OperationDesc - @3de72555 added parameter >name:       password
typeEntry:  null
mode:       IN
position:   1
isReturn:   false
typeQName:  {http://www.w3.org/2001/XMLSchema}string
javaType:   class java.lang.String
inHeader:   false
outHeader:  false
@3d2b90d5<total parameters:2
23:36:47.296 [Test worker] DEBUG org.apache.axis.description.OperationDesc - @3de72555 added parameter >name:       project_id
typeEntry:  null
mode:       IN
position:   2
isReturn:   false
typeQName:  {http://www.w3.org/2001/XMLSchema}integer
javaType:   class java.math.BigInteger
inHeader:   false
outHeader:  false
@560e3ec7<total parameters:3
23:36:47.296 [Test worker] DEBUG org.apache.axis.description.OperationDesc - @3de72555 added parameter >name:       project
typeEntry:  null
mode:       IN
position:   3
isReturn:   false
typeQName:  {http://futureware.biz/mantisconnect}ProjectData
javaType:   class biz.futureware.mantis.rpc.soap.client.ProjectData
inHeader:   false
outHeader:  false
@52c764de<total parameters:4
23:36:47.297 [Test worker] DEBUG org.apache.axis.description.OperationDesc - @3de72555setReturnType({http://www.w3.org/2001/XMLSchema}boolean)
23:36:47.297 [Test worker] DEBUG org.apache.axis.description.OperationDesc - @53cca14e added parameter >name:       username
typeEntry:  null
mode:       IN
position:   0
isReturn:   false
typeQName:  {http://www.w3.org/2001/XMLSchema}string
javaType:   class java.lang.String
inHeader:   false
outHeader:  false
@32802eda<total parameters:1
23:36:47.297 [Test worker] DEBUG org.apache.axis.description.OperationDesc - @53cca14e added parameter >name:       password
typeEntry:  null
mode:       IN
position:   1
isReturn:   false
typeQName:  {http://www.w3.org/2001/XMLSchema}string
javaType:   class java.lang.String
inHeader:   false
outHeader:  false
@15dfd64b<total parameters:2
23:36:47.297 [Test worker] DEBUG org.apache.axis.description.OperationDesc - @53cca14e added parameter >name:       project_name
typeEntry:  null
mode:       IN
position:   2
isReturn:   false
typeQName:  {http://www.w3.org/2001/XMLSchema}string
javaType:   class java.lang.String
inHeader:   false
outHeader:  false
@7cd7b1ba<total parameters:3
23:36:47.298 [Test worker] DEBUG org.apache.axis.description.OperationDesc - @53cca14esetReturnType({http://www.w3.org/2001/XMLSchema}integer)
23:36:47.298 [Test worker] DEBUG org.apache.axis.description.OperationDesc - @4aa7a9bf added parameter >name:       username
typeEntry:  null
mode:       IN
position:   0
isReturn:   false
typeQName:  {http://www.w3.org/2001/XMLSchema}string
javaType:   class java.lang.String
inHeader:   false
outHeader:  false
@7962b8cf<total parameters:1
23:36:47.298 [Test worker] DEBUG org.apache.axis.description.OperationDesc - @4aa7a9bf added parameter >name:       password
typeEntry:  null
mode:       IN
position:   1
isReturn:   false
typeQName:  {http://www.w3.org/2001/XMLSchema}string
javaType:   class java.lang.String
inHeader:   false
outHeader:  false
@12644426<total parameters:2
23:36:47.298 [Test worker] DEBUG org.apache.axis.description.OperationDesc - @4aa7a9bf added parameter >name:       project_id
typeEntry:  null
mode:       IN
position:   2
isReturn:   false
typeQName:  {http://www.w3.org/2001/XMLSchema}integer
javaType:   class java.math.BigInteger
inHeader:   false
outHeader:  false
@53ff6db1<total parameters:3
23:36:47.299 [Test worker] DEBUG org.apache.axis.description.OperationDesc - @4aa7a9bf added parameter >name:       filter_type
typeEntry:  null
mode:       IN
position:   3
isReturn:   false
typeQName:  {http://www.w3.org/2001/XMLSchema}string
javaType:   class java.lang.String
inHeader:   false
outHeader:  false
@24e2dc20<total parameters:4
23:36:47.300 [Test worker] DEBUG org.apache.axis.description.OperationDesc - @4aa7a9bf added parameter >name:       target_user
typeEntry:  null
mode:       IN
position:   4
isReturn:   false
typeQName:  {http://futureware.biz/mantisconnect}AccountData
javaType:   class biz.futureware.mantis.rpc.soap.client.AccountData
inHeader:   false
outHeader:  false
@5065fcab<total parameters:5
23:36:47.300 [Test worker] DEBUG org.apache.axis.description.OperationDesc - @4aa7a9bf added parameter >name:       page_number
typeEntry:  null
mode:       IN
position:   5
isReturn:   false
typeQName:  {http://www.w3.org/2001/XMLSchema}integer
javaType:   class java.math.BigInteger
inHeader:   false
outHeader:  false
@62d4295b<total parameters:6
23:36:47.300 [Test worker] DEBUG org.apache.axis.description.OperationDesc - @4aa7a9bf added parameter >name:       per_page
typeEntry:  null
mode:       IN
position:   6
isReturn:   false
typeQName:  {http://www.w3.org/2001/XMLSchema}integer
javaType:   class java.math.BigInteger
inHeader:   false
outHeader:  false
@7f06ce86<total parameters:7
23:36:47.301 [Test worker] DEBUG org.apache.axis.description.OperationDesc - @4aa7a9bfsetReturnType({http://futureware.biz/mantisconnect}IssueDataArray)
23:36:47.301 [Test worker] DEBUG org.apache.axis.description.OperationDesc - @7bfa1da6 added parameter >name:       username
typeEntry:  null
mode:       IN
position:   0
isReturn:   false
typeQName:  {http://www.w3.org/2001/XMLSchema}string
javaType:   class java.lang.String
inHeader:   false
outHeader:  false
@40526d6<total parameters:1
23:36:47.301 [Test worker] DEBUG org.apache.axis.description.OperationDesc - @7bfa1da6 added parameter >name:       password
typeEntry:  null
mode:       IN
position:   1
isReturn:   false
typeQName:  {http://www.w3.org/2001/XMLSchema}string
javaType:   class java.lang.String
inHeader:   false
outHeader:  false
@47d859fc<total parameters:2
23:36:47.301 [Test worker] DEBUG org.apache.axis.description.OperationDesc - @7bfa1da6 added parameter >name:       project_id
typeEntry:  null
mode:       IN
position:   2
isReturn:   false
typeQName:  {http://www.w3.org/2001/XMLSchema}integer
javaType:   class java.math.BigInteger
inHeader:   false
outHeader:  false
@e63cd7f<total parameters:3
23:36:47.301 [Test worker] DEBUG org.apache.axis.description.OperationDesc - @7bfa1da6 added parameter >name:       page_number
typeEntry:  null
mode:       IN
position:   3
isReturn:   false
typeQName:  {http://www.w3.org/2001/XMLSchema}integer
javaType:   class java.math.BigInteger
inHeader:   false
outHeader:  false
@255ff638<total parameters:4
23:36:47.301 [Test worker] DEBUG org.apache.axis.description.OperationDesc - @7bfa1da6 added parameter >name:       per_page
typeEntry:  null
mode:       IN
position:   4
isReturn:   false
typeQName:  {http://www.w3.org/2001/XMLSchema}integer
javaType:   class java.math.BigInteger
inHeader:   false
outHeader:  false
@8c157d3<total parameters:5
23:36:47.302 [Test worker] DEBUG org.apache.axis.description.OperationDesc - @7bfa1da6setReturnType({http://futureware.biz/mantisconnect}IssueDataArray)
23:36:47.302 [Test worker] DEBUG org.apache.axis.description.OperationDesc - @dd3e88e added parameter >name:       username
typeEntry:  null
mode:       IN
position:   0
isReturn:   false
typeQName:  {http://www.w3.org/2001/XMLSchema}string
javaType:   class java.lang.String
inHeader:   false
outHeader:  false
@1dcbc47e<total parameters:1
23:36:47.302 [Test worker] DEBUG org.apache.axis.description.OperationDesc - @dd3e88e added parameter >name:       password
typeEntry:  null
mode:       IN
position:   1
isReturn:   false
typeQName:  {http://www.w3.org/2001/XMLSchema}string
javaType:   class java.lang.String
inHeader:   false
outHeader:  false
@47ff0fc9<total parameters:2
23:36:47.302 [Test worker] DEBUG org.apache.axis.description.OperationDesc - @dd3e88e added parameter >name:       project_id
typeEntry:  null
mode:       IN
position:   2
isReturn:   false
typeQName:  {http://www.w3.org/2001/XMLSchema}integer
javaType:   class java.math.BigInteger
inHeader:   false
outHeader:  false
@4502b72a<total parameters:3
23:36:47.302 [Test worker] DEBUG org.apache.axis.description.OperationDesc - @dd3e88e added parameter >name:       page_number
typeEntry:  null
mode:       IN
position:   3
isReturn:   false
typeQName:  {http://www.w3.org/2001/XMLSchema}integer
javaType:   class java.math.BigInteger
inHeader:   false
outHeader:  false
@5787a09c<total parameters:4
23:36:47.302 [Test worker] DEBUG org.apache.axis.description.OperationDesc - @dd3e88e added parameter >name:       per_page
typeEntry:  null
mode:       IN
position:   4
isReturn:   false
typeQName:  {http://www.w3.org/2001/XMLSchema}integer
javaType:   class java.math.BigInteger
inHeader:   false
outHeader:  false
@14ac6626<total parameters:5
23:36:47.302 [Test worker] DEBUG org.apache.axis.description.OperationDesc - @dd3e88esetReturnType({http://futureware.biz/mantisconnect}IssueHeaderDataArray)
23:36:47.303 [Test worker] DEBUG org.apache.axis.description.OperationDesc - @11902721 added parameter >name:       username
typeEntry:  null
mode:       IN
position:   0
isReturn:   false
typeQName:  {http://www.w3.org/2001/XMLSchema}string
javaType:   class java.lang.String
inHeader:   false
outHeader:  false
@667afe63<total parameters:1
23:36:47.303 [Test worker] DEBUG org.apache.axis.description.OperationDesc - @11902721 added parameter >name:       password
typeEntry:  null
mode:       IN
position:   1
isReturn:   false
typeQName:  {http://www.w3.org/2001/XMLSchema}string
javaType:   class java.lang.String
inHeader:   false
outHeader:  false
@58c72bdb<total parameters:2
23:36:47.303 [Test worker] DEBUG org.apache.axis.description.OperationDesc - @11902721 added parameter >name:       project_id
typeEntry:  null
mode:       IN
position:   2
isReturn:   false
typeQName:  {http://www.w3.org/2001/XMLSchema}integer
javaType:   class java.math.BigInteger
inHeader:   false
outHeader:  false
@6cd66eba<total parameters:3
23:36:47.303 [Test worker] DEBUG org.apache.axis.description.OperationDesc - @11902721 added parameter >name:       access
typeEntry:  null
mode:       IN
position:   3
isReturn:   false
typeQName:  {http://www.w3.org/2001/XMLSchema}integer
javaType:   class java.math.BigInteger
inHeader:   false
outHeader:  false
@7c6fe52e<total parameters:4
23:36:47.303 [Test worker] DEBUG org.apache.axis.description.OperationDesc - @11902721setReturnType({http://futureware.biz/mantisconnect}AccountDataArray)
23:36:47.303 [Test worker] DEBUG org.apache.axis.description.OperationDesc - @4dd78526 added parameter >name:       username
typeEntry:  null
mode:       IN
position:   0
isReturn:   false
typeQName:  {http://www.w3.org/2001/XMLSchema}string
javaType:   class java.lang.String
inHeader:   false
outHeader:  false
@2cafe6b4<total parameters:1
23:36:47.303 [Test worker] DEBUG org.apache.axis.description.OperationDesc - @4dd78526 added parameter >name:       password
typeEntry:  null
mode:       IN
position:   1
isReturn:   false
typeQName:  {http://www.w3.org/2001/XMLSchema}string
javaType:   class java.lang.String
inHeader:   false
outHeader:  false
@73d3ee25<total parameters:2
23:36:47.303 [Test worker] DEBUG org.apache.axis.description.OperationDesc - @4dd78526setReturnType({http://futureware.biz/mantisconnect}ProjectDataArray)
23:36:47.303 [Test worker] DEBUG org.apache.axis.description.OperationDesc - @709633e4 added parameter >name:       username
typeEntry:  null
mode:       IN
position:   0
isReturn:   false
typeQName:  {http://www.w3.org/2001/XMLSchema}string
javaType:   class java.lang.String
inHeader:   false
outHeader:  false
@1997665<total parameters:1
23:36:47.304 [Test worker] DEBUG org.apache.axis.description.OperationDesc - @709633e4 added parameter >name:       password
typeEntry:  null
mode:       IN
position:   1
isReturn:   false
typeQName:  {http://www.w3.org/2001/XMLSchema}string
javaType:   class java.lang.String
inHeader:   false
outHeader:  false
@52d0baa4<total parameters:2
23:36:47.304 [Test worker] DEBUG org.apache.axis.description.OperationDesc - @709633e4 added parameter >name:       project_id
typeEntry:  null
mode:       IN
position:   2
isReturn:   false
typeQName:  {http://www.w3.org/2001/XMLSchema}integer
javaType:   class java.math.BigInteger
inHeader:   false
outHeader:  false
@3e9ed41d<total parameters:3
23:36:47.304 [Test worker] DEBUG org.apache.axis.description.OperationDesc - @709633e4setReturnType({http://futureware.biz/mantisconnect}StringArray)
23:36:47.304 [Test worker] DEBUG org.apache.axis.description.OperationDesc - @7f56d939 added parameter >name:       username
typeEntry:  null
mode:       IN
position:   0
isReturn:   false
typeQName:  {http://www.w3.org/2001/XMLSchema}string
javaType:   class java.lang.String
inHeader:   false
outHeader:  false
@3536a2e8<total parameters:1
23:36:47.304 [Test worker] DEBUG org.apache.axis.description.OperationDesc - @7f56d939 added parameter >name:       password
typeEntry:  null
mode:       IN
position:   1
isReturn:   false
typeQName:  {http://www.w3.org/2001/XMLSchema}string
javaType:   class java.lang.String
inHeader:   false
outHeader:  false
@62e43b70<total parameters:2
23:36:47.304 [Test worker] DEBUG org.apache.axis.description.OperationDesc - @7f56d939 added parameter >name:       project_id
typeEntry:  null
mode:       IN
position:   2
isReturn:   false
typeQName:  {http://www.w3.org/2001/XMLSchema}integer
javaType:   class java.math.BigInteger
inHeader:   false
outHeader:  false
@2a92250d<total parameters:3
23:36:47.304 [Test worker] DEBUG org.apache.axis.description.OperationDesc - @7f56d939 added parameter >name:       p_category_name
typeEntry:  null
mode:       IN
position:   3
isReturn:   false
typeQName:  {http://www.w3.org/2001/XMLSchema}string
javaType:   class java.lang.String
inHeader:   false
outHeader:  false
@63c4be77<total parameters:4
23:36:47.304 [Test worker] DEBUG org.apache.axis.description.OperationDesc - @7f56d939setReturnType({http://www.w3.org/2001/XMLSchema}integer)
23:36:47.304 [Test worker] DEBUG org.apache.axis.description.OperationDesc - @63657105 added parameter >name:       username
typeEntry:  null
mode:       IN
position:   0
isReturn:   false
typeQName:  {http://www.w3.org/2001/XMLSchema}string
javaType:   class java.lang.String
inHeader:   false
outHeader:  false
@2099e9a2<total parameters:1
23:36:47.304 [Test worker] DEBUG org.apache.axis.description.OperationDesc - @63657105 added parameter >name:       password
typeEntry:  null
mode:       IN
position:   1
isReturn:   false
typeQName:  {http://www.w3.org/2001/XMLSchema}string
javaType:   class java.lang.String
inHeader:   false
outHeader:  false
@1b181af1<total parameters:2
23:36:47.304 [Test worker] DEBUG org.apache.axis.description.OperationDesc - @63657105 added parameter >name:       project_id
typeEntry:  null
mode:       IN
position:   2
isReturn:   false
typeQName:  {http://www.w3.org/2001/XMLSchema}integer
javaType:   class java.math.BigInteger
inHeader:   false
outHeader:  false
@5d6928e3<total parameters:3
23:36:47.304 [Test worker] DEBUG org.apache.axis.description.OperationDesc - @63657105 added parameter >name:       p_category_name
typeEntry:  null
mode:       IN
position:   3
isReturn:   false
typeQName:  {http://www.w3.org/2001/XMLSchema}string
javaType:   class java.lang.String
inHeader:   false
outHeader:  false
@154c9712<total parameters:4
23:36:47.304 [Test worker] DEBUG org.apache.axis.description.OperationDesc - @63657105setReturnType({http://www.w3.org/2001/XMLSchema}integer)
23:36:47.304 [Test worker] DEBUG org.apache.axis.description.OperationDesc - @7a77a8e0 added parameter >name:       username
typeEntry:  null
mode:       IN
position:   0
isReturn:   false
typeQName:  {http://www.w3.org/2001/XMLSchema}string
javaType:   class java.lang.String
inHeader:   false
outHeader:  false
@2163facd<total parameters:1
23:36:47.304 [Test worker] DEBUG org.apache.axis.description.OperationDesc - @7a77a8e0 added parameter >name:       password
typeEntry:  null
mode:       IN
position:   1
isReturn:   false
typeQName:  {http://www.w3.org/2001/XMLSchema}string
javaType:   class java.lang.String
inHeader:   false
outHeader:  false
@3559f032<total parameters:2
23:36:47.305 [Test worker] DEBUG org.apache.axis.description.OperationDesc - @7a77a8e0 added parameter >name:       project_id
typeEntry:  null
mode:       IN
position:   2
isReturn:   false
typeQName:  {http://www.w3.org/2001/XMLSchema}integer
javaType:   class java.math.BigInteger
inHeader:   false
outHeader:  false
@445c158c<total parameters:3
23:36:47.305 [Test worker] DEBUG org.apache.axis.description.OperationDesc - @7a77a8e0 added parameter >name:       p_category_name
typeEntry:  null
mode:       IN
position:   3
isReturn:   false
typeQName:  {http://www.w3.org/2001/XMLSchema}string
javaType:   class java.lang.String
inHeader:   false
outHeader:  false
@3ab854f<total parameters:4
23:36:47.305 [Test worker] DEBUG org.apache.axis.description.OperationDesc - @7a77a8e0 added parameter >name:       p_category_name_new
typeEntry:  null
mode:       IN
position:   4
isReturn:   false
typeQName:  {http://www.w3.org/2001/XMLSchema}string
javaType:   class java.lang.String
inHeader:   false
outHeader:  false
@3da0b265<total parameters:5
23:36:47.305 [Test worker] DEBUG org.apache.axis.description.OperationDesc - @7a77a8e0 added parameter >name:       p_assigned_to
typeEntry:  null
mode:       IN
position:   5
isReturn:   false
typeQName:  {http://www.w3.org/2001/XMLSchema}integer
javaType:   class java.math.BigInteger
inHeader:   false
outHeader:  false
@47020d83<total parameters:6
23:36:47.305 [Test worker] DEBUG org.apache.axis.description.OperationDesc - @7a77a8e0setReturnType({http://www.w3.org/2001/XMLSchema}integer)
23:36:47.305 [Test worker] DEBUG org.apache.axis.description.OperationDesc - @6356809a added parameter >name:       username
typeEntry:  null
mode:       IN
position:   0
isReturn:   false
typeQName:  {http://www.w3.org/2001/XMLSchema}string
javaType:   class java.lang.String
inHeader:   false
outHeader:  false
@3c08e042<total parameters:1
23:36:47.305 [Test worker] DEBUG org.apache.axis.description.OperationDesc - @6356809a added parameter >name:       password
typeEntry:  null
mode:       IN
position:   1
isReturn:   false
typeQName:  {http://www.w3.org/2001/XMLSchema}string
javaType:   class java.lang.String
inHeader:   false
outHeader:  false
@4034e3c<total parameters:2
23:36:47.305 [Test worker] DEBUG org.apache.axis.description.OperationDesc - @6356809a added parameter >name:       project_id
typeEntry:  null
mode:       IN
position:   2
isReturn:   false
typeQName:  {http://www.w3.org/2001/XMLSchema}integer
javaType:   class java.math.BigInteger
inHeader:   false
outHeader:  false
@533a352a<total parameters:3
23:36:47.305 [Test worker] DEBUG org.apache.axis.description.OperationDesc - @6356809asetReturnType({http://futureware.biz/mantisconnect}ProjectVersionDataArray)
23:36:47.306 [Test worker] DEBUG org.apache.axis.description.OperationDesc - @612214c9 added parameter >name:       username
typeEntry:  null
mode:       IN
position:   0
isReturn:   false
typeQName:  {http://www.w3.org/2001/XMLSchema}string
javaType:   class java.lang.String
inHeader:   false
outHeader:  false
@6333eea2<total parameters:1
23:36:47.306 [Test worker] DEBUG org.apache.axis.description.OperationDesc - @612214c9 added parameter >name:       password
typeEntry:  null
mode:       IN
position:   1
isReturn:   false
typeQName:  {http://www.w3.org/2001/XMLSchema}string
javaType:   class java.lang.String
inHeader:   false
outHeader:  false
@1e1d2446<total parameters:2
23:36:47.306 [Test worker] DEBUG org.apache.axis.description.OperationDesc - @612214c9 added parameter >name:       version
typeEntry:  null
mode:       IN
position:   2
isReturn:   false
typeQName:  {http://futureware.biz/mantisconnect}ProjectVersionData
javaType:   class biz.futureware.mantis.rpc.soap.client.ProjectVersionData
inHeader:   false
outHeader:  false
@17670360<total parameters:3
23:36:47.306 [Test worker] DEBUG org.apache.axis.description.OperationDesc - @612214c9setReturnType({http://www.w3.org/2001/XMLSchema}integer)
23:36:47.306 [Test worker] DEBUG org.apache.axis.description.OperationDesc - @6692d919 added parameter >name:       username
typeEntry:  null
mode:       IN
position:   0
isReturn:   false
typeQName:  {http://www.w3.org/2001/XMLSchema}string
javaType:   class java.lang.String
inHeader:   false
outHeader:  false
@1aa86d97<total parameters:1
23:36:47.306 [Test worker] DEBUG org.apache.axis.description.OperationDesc - @6692d919 added parameter >name:       password
typeEntry:  null
mode:       IN
position:   1
isReturn:   false
typeQName:  {http://www.w3.org/2001/XMLSchema}string
javaType:   class java.lang.String
inHeader:   false
outHeader:  false
@6d604590<total parameters:2
23:36:47.306 [Test worker] DEBUG org.apache.axis.description.OperationDesc - @6692d919 added parameter >name:       version_id
typeEntry:  null
mode:       IN
position:   2
isReturn:   false
typeQName:  {http://www.w3.org/2001/XMLSchema}integer
javaType:   class java.math.BigInteger
inHeader:   false
outHeader:  false
@4233275f<total parameters:3
23:36:47.306 [Test worker] DEBUG org.apache.axis.description.OperationDesc - @6692d919 added parameter >name:       version
typeEntry:  null
mode:       IN
position:   3
isReturn:   false
typeQName:  {http://futureware.biz/mantisconnect}ProjectVersionData
javaType:   class biz.futureware.mantis.rpc.soap.client.ProjectVersionData
inHeader:   false
outHeader:  false
@32997411<total parameters:4
23:36:47.306 [Test worker] DEBUG org.apache.axis.description.OperationDesc - @6692d919setReturnType({http://www.w3.org/2001/XMLSchema}boolean)
23:36:47.306 [Test worker] DEBUG org.apache.axis.description.OperationDesc - @6b046300 added parameter >name:       username
typeEntry:  null
mode:       IN
position:   0
isReturn:   false
typeQName:  {http://www.w3.org/2001/XMLSchema}string
javaType:   class java.lang.String
inHeader:   false
outHeader:  false
@4a7e735<total parameters:1
23:36:47.306 [Test worker] DEBUG org.apache.axis.description.OperationDesc - @6b046300 added parameter >name:       password
typeEntry:  null
mode:       IN
position:   1
isReturn:   false
typeQName:  {http://www.w3.org/2001/XMLSchema}string
javaType:   class java.lang.String
inHeader:   false
outHeader:  false
@5ff52121<total parameters:2
23:36:47.306 [Test worker] DEBUG org.apache.axis.description.OperationDesc - @6b046300 added parameter >name:       version_id
typeEntry:  null
mode:       IN
position:   2
isReturn:   false
typeQName:  {http://www.w3.org/2001/XMLSchema}integer
javaType:   class java.math.BigInteger
inHeader:   false
outHeader:  false
@2635ff32<total parameters:3
23:36:47.306 [Test worker] DEBUG org.apache.axis.description.OperationDesc - @6b046300setReturnType({http://www.w3.org/2001/XMLSchema}boolean)
23:36:47.307 [Test worker] DEBUG org.apache.axis.description.OperationDesc - @6e618497 added parameter >name:       username
typeEntry:  null
mode:       IN
position:   0
isReturn:   false
typeQName:  {http://www.w3.org/2001/XMLSchema}string
javaType:   class java.lang.String
inHeader:   false
outHeader:  false
@55445821<total parameters:1
23:36:47.307 [Test worker] DEBUG org.apache.axis.description.OperationDesc - @6e618497 added parameter >name:       password
typeEntry:  null
mode:       IN
position:   1
isReturn:   false
typeQName:  {http://www.w3.org/2001/XMLSchema}string
javaType:   class java.lang.String
inHeader:   false
outHeader:  false
@23ce9781<total parameters:2
23:36:47.307 [Test worker] DEBUG org.apache.axis.description.OperationDesc - @6e618497 added parameter >name:       project_id
typeEntry:  null
mode:       IN
position:   2
isReturn:   false
typeQName:  {http://www.w3.org/2001/XMLSchema}integer
javaType:   class java.math.BigInteger
inHeader:   false
outHeader:  false
@2a8b20a5<total parameters:3
23:36:47.307 [Test worker] DEBUG org.apache.axis.description.OperationDesc - @6e618497setReturnType({http://futureware.biz/mantisconnect}ProjectVersionDataArray)
23:36:47.307 [Test worker] DEBUG org.apache.axis.description.OperationDesc - @48ac5c5f added parameter >name:       username
typeEntry:  null
mode:       IN
position:   0
isReturn:   false
typeQName:  {http://www.w3.org/2001/XMLSchema}string
javaType:   class java.lang.String
inHeader:   false
outHeader:  false
@3fde803b<total parameters:1
23:36:47.307 [Test worker] DEBUG org.apache.axis.description.OperationDesc - @48ac5c5f added parameter >name:       password
typeEntry:  null
mode:       IN
position:   1
isReturn:   false
typeQName:  {http://www.w3.org/2001/XMLSchema}string
javaType:   class java.lang.String
inHeader:   false
outHeader:  false
@687b7ade<total parameters:2
23:36:47.307 [Test worker] DEBUG org.apache.axis.description.OperationDesc - @48ac5c5f added parameter >name:       project_id
typeEntry:  null
mode:       IN
position:   2
isReturn:   false
typeQName:  {http://www.w3.org/2001/XMLSchema}integer
javaType:   class java.math.BigInteger
inHeader:   false
outHeader:  false
@1b86f17c<total parameters:3
23:36:47.307 [Test worker] DEBUG org.apache.axis.description.OperationDesc - @48ac5c5fsetReturnType({http://futureware.biz/mantisconnect}ProjectVersionDataArray)
23:36:47.307 [Test worker] DEBUG org.apache.axis.description.OperationDesc - @31e218f7 added parameter >name:       username
typeEntry:  null
mode:       IN
position:   0
isReturn:   false
typeQName:  {http://www.w3.org/2001/XMLSchema}string
javaType:   class java.lang.String
inHeader:   false
outHeader:  false
@7a7699a8<total parameters:1
23:36:47.307 [Test worker] DEBUG org.apache.axis.description.OperationDesc - @31e218f7 added parameter >name:       password
typeEntry:  null
mode:       IN
position:   1
isReturn:   false
typeQName:  {http://www.w3.org/2001/XMLSchema}string
javaType:   class java.lang.String
inHeader:   false
outHeader:  false
@4968b1b2<total parameters:2
23:36:47.307 [Test worker] DEBUG org.apache.axis.description.OperationDesc - @31e218f7 added parameter >name:       project_id
typeEntry:  null
mode:       IN
position:   2
isReturn:   false
typeQName:  {http://www.w3.org/2001/XMLSchema}integer
javaType:   class java.math.BigInteger
inHeader:   false
outHeader:  false
@6549b4f2<total parameters:3
23:36:47.307 [Test worker] DEBUG org.apache.axis.description.OperationDesc - @31e218f7setReturnType({http://futureware.biz/mantisconnect}ProjectAttachmentDataArray)
23:36:47.308 [Test worker] DEBUG org.apache.axis.description.OperationDesc - @6519220 added parameter >name:       username
typeEntry:  null
mode:       IN
position:   0
isReturn:   false
typeQName:  {http://www.w3.org/2001/XMLSchema}string
javaType:   class java.lang.String
inHeader:   false
outHeader:  false
@2e17483c<total parameters:1
23:36:47.308 [Test worker] DEBUG org.apache.axis.description.OperationDesc - @6519220 added parameter >name:       password
typeEntry:  null
mode:       IN
position:   1
isReturn:   false
typeQName:  {http://www.w3.org/2001/XMLSchema}string
javaType:   class java.lang.String
inHeader:   false
outHeader:  false
@39f25bf<total parameters:2
23:36:47.308 [Test worker] DEBUG org.apache.axis.description.OperationDesc - @6519220 added parameter >name:       project_id
typeEntry:  null
mode:       IN
position:   2
isReturn:   false
typeQName:  {http://www.w3.org/2001/XMLSchema}integer
javaType:   class java.math.BigInteger
inHeader:   false
outHeader:  false
@4bd045cf<total parameters:3
23:36:47.308 [Test worker] DEBUG org.apache.axis.description.OperationDesc - @6519220setReturnType({http://futureware.biz/mantisconnect}CustomFieldDefinitionDataArray)
23:36:47.309 [Test worker] DEBUG org.apache.axis.description.OperationDesc - @2f109d69 added parameter >name:       username
typeEntry:  null
mode:       IN
position:   0
isReturn:   false
typeQName:  {http://www.w3.org/2001/XMLSchema}string
javaType:   class java.lang.String
inHeader:   false
outHeader:  false
@66274b79<total parameters:1
23:36:47.309 [Test worker] DEBUG org.apache.axis.description.OperationDesc - @2f109d69 added parameter >name:       password
typeEntry:  null
mode:       IN
position:   1
isReturn:   false
typeQName:  {http://www.w3.org/2001/XMLSchema}string
javaType:   class java.lang.String
inHeader:   false
outHeader:  false
@775c8b9c<total parameters:2
23:36:47.309 [Test worker] DEBUG org.apache.axis.description.OperationDesc - @2f109d69 added parameter >name:       project_attachment_id
typeEntry:  null
mode:       IN
position:   2
isReturn:   false
typeQName:  {http://www.w3.org/2001/XMLSchema}integer
javaType:   class java.math.BigInteger
inHeader:   false
outHeader:  false
@65d360af<total parameters:3
23:36:47.310 [Test worker] DEBUG org.apache.axis.description.OperationDesc - @2f109d69setReturnType({http://www.w3.org/2001/XMLSchema}base64Binary)
23:36:47.310 [Test worker] DEBUG org.apache.axis.description.OperationDesc - @4e0352a9 added parameter >name:       username
typeEntry:  null
mode:       IN
position:   0
isReturn:   false
typeQName:  {http://www.w3.org/2001/XMLSchema}string
javaType:   class java.lang.String
inHeader:   false
outHeader:  false
@1223b493<total parameters:1
23:36:47.310 [Test worker] DEBUG org.apache.axis.description.OperationDesc - @4e0352a9 added parameter >name:       password
typeEntry:  null
mode:       IN
position:   1
isReturn:   false
typeQName:  {http://www.w3.org/2001/XMLSchema}string
javaType:   class java.lang.String
inHeader:   false
outHeader:  false
@130cd20<total parameters:2
23:36:47.310 [Test worker] DEBUG org.apache.axis.description.OperationDesc - @4e0352a9 added parameter >name:       project_id
typeEntry:  null
mode:       IN
position:   2
isReturn:   false
typeQName:  {http://www.w3.org/2001/XMLSchema}integer
javaType:   class java.math.BigInteger
inHeader:   false
outHeader:  false
@7f9813b1<total parameters:3
23:36:47.310 [Test worker] DEBUG org.apache.axis.description.OperationDesc - @4e0352a9 added parameter >name:       name
typeEntry:  null
mode:       IN
position:   3
isReturn:   false
typeQName:  {http://www.w3.org/2001/XMLSchema}string
javaType:   class java.lang.String
inHeader:   false
outHeader:  false
@2bda80f1<total parameters:4
23:36:47.310 [Test worker] DEBUG org.apache.axis.description.OperationDesc - @4e0352a9 added parameter >name:       title
typeEntry:  null
mode:       IN
position:   4
isReturn:   false
typeQName:  {http://www.w3.org/2001/XMLSchema}string
javaType:   class java.lang.String
inHeader:   false
outHeader:  false
@24d22e35<total parameters:5
23:36:47.310 [Test worker] DEBUG org.apache.axis.description.OperationDesc - @4e0352a9 added parameter >name:       description
typeEntry:  null
mode:       IN
position:   5
isReturn:   false
typeQName:  {http://www.w3.org/2001/XMLSchema}string
javaType:   class java.lang.String
inHeader:   false
outHeader:  false
@238cae42<total parameters:6
23:36:47.310 [Test worker] DEBUG org.apache.axis.description.OperationDesc - @4e0352a9 added parameter >name:       file_type
typeEntry:  null
mode:       IN
position:   6
isReturn:   false
typeQName:  {http://www.w3.org/2001/XMLSchema}string
javaType:   class java.lang.String
inHeader:   false
outHeader:  false
@1cb62419<total parameters:7
23:36:47.310 [Test worker] DEBUG org.apache.axis.description.OperationDesc - @4e0352a9 added parameter >name:       content
typeEntry:  null
mode:       IN
position:   7
isReturn:   false
typeQName:  {http://www.w3.org/2001/XMLSchema}base64Binary
javaType:   class [B
inHeader:   false
outHeader:  false
@6394e276<total parameters:8
23:36:47.310 [Test worker] DEBUG org.apache.axis.description.OperationDesc - @4e0352a9setReturnType({http://www.w3.org/2001/XMLSchema}integer)
23:36:47.311 [Test worker] DEBUG org.apache.axis.description.OperationDesc - @5602cbb7 added parameter >name:       username
typeEntry:  null
mode:       IN
position:   0
isReturn:   false
typeQName:  {http://www.w3.org/2001/XMLSchema}string
javaType:   class java.lang.String
inHeader:   false
outHeader:  false
@103a818b<total parameters:1
23:36:47.311 [Test worker] DEBUG org.apache.axis.description.OperationDesc - @5602cbb7 added parameter >name:       password
typeEntry:  null
mode:       IN
position:   1
isReturn:   false
typeQName:  {http://www.w3.org/2001/XMLSchema}string
javaType:   class java.lang.String
inHeader:   false
outHeader:  false
@3d81e979<total parameters:2
23:36:47.311 [Test worker] DEBUG org.apache.axis.description.OperationDesc - @5602cbb7 added parameter >name:       project_attachment_id
typeEntry:  null
mode:       IN
position:   2
isReturn:   false
typeQName:  {http://www.w3.org/2001/XMLSchema}integer
javaType:   class java.math.BigInteger
inHeader:   false
outHeader:  false
@79c22bed<total parameters:3
23:36:47.311 [Test worker] DEBUG org.apache.axis.description.OperationDesc - @5602cbb7setReturnType({http://www.w3.org/2001/XMLSchema}boolean)
23:36:47.311 [Test worker] DEBUG org.apache.axis.description.OperationDesc - @39dd0811 added parameter >name:       username
typeEntry:  null
mode:       IN
position:   0
isReturn:   false
typeQName:  {http://www.w3.org/2001/XMLSchema}string
javaType:   class java.lang.String
inHeader:   false
outHeader:  false
@7dafe078<total parameters:1
23:36:47.311 [Test worker] DEBUG org.apache.axis.description.OperationDesc - @39dd0811 added parameter >name:       password
typeEntry:  null
mode:       IN
position:   1
isReturn:   false
typeQName:  {http://www.w3.org/2001/XMLSchema}string
javaType:   class java.lang.String
inHeader:   false
outHeader:  false
@4fd70495<total parameters:2
23:36:47.311 [Test worker] DEBUG org.apache.axis.description.OperationDesc - @39dd0811 added parameter >name:       project_id
typeEntry:  null
mode:       IN
position:   2
isReturn:   false
typeQName:  {http://www.w3.org/2001/XMLSchema}integer
javaType:   class java.math.BigInteger
inHeader:   false
outHeader:  false
@2722c3c1<total parameters:3
23:36:47.311 [Test worker] DEBUG org.apache.axis.description.OperationDesc - @39dd0811setReturnType({http://futureware.biz/mantisconnect}StringArray)
23:36:47.311 [Test worker] DEBUG org.apache.axis.description.OperationDesc - @766ecab4 added parameter >name:       username
typeEntry:  null
mode:       IN
position:   0
isReturn:   false
typeQName:  {http://www.w3.org/2001/XMLSchema}string
javaType:   class java.lang.String
inHeader:   false
outHeader:  false
@74c04821<total parameters:1
23:36:47.311 [Test worker] DEBUG org.apache.axis.description.OperationDesc - @766ecab4 added parameter >name:       password
typeEntry:  null
mode:       IN
position:   1
isReturn:   false
typeQName:  {http://www.w3.org/2001/XMLSchema}string
javaType:   class java.lang.String
inHeader:   false
outHeader:  false
@3441980<total parameters:2
23:36:47.311 [Test worker] DEBUG org.apache.axis.description.OperationDesc - @766ecab4 added parameter >name:       project_id
typeEntry:  null
mode:       IN
position:   2
isReturn:   false
typeQName:  {http://www.w3.org/2001/XMLSchema}integer
javaType:   class java.math.BigInteger
inHeader:   false
outHeader:  false
@32c9eee2<total parameters:3
23:36:47.312 [Test worker] DEBUG org.apache.axis.description.OperationDesc - @766ecab4setReturnType({http://futureware.biz/mantisconnect}FilterDataArray)
23:36:47.312 [Test worker] DEBUG org.apache.axis.description.OperationDesc - @67aef743 added parameter >name:       username
typeEntry:  null
mode:       IN
position:   0
isReturn:   false
typeQName:  {http://www.w3.org/2001/XMLSchema}string
javaType:   class java.lang.String
inHeader:   false
outHeader:  false
@1aedabaa<total parameters:1
23:36:47.312 [Test worker] DEBUG org.apache.axis.description.OperationDesc - @67aef743 added parameter >name:       password
typeEntry:  null
mode:       IN
position:   1
isReturn:   false
typeQName:  {http://www.w3.org/2001/XMLSchema}string
javaType:   class java.lang.String
inHeader:   false
outHeader:  false
@3d739013<total parameters:2
23:36:47.312 [Test worker] DEBUG org.apache.axis.description.OperationDesc - @67aef743 added parameter >name:       project_id
typeEntry:  null
mode:       IN
position:   2
isReturn:   false
typeQName:  {http://www.w3.org/2001/XMLSchema}integer
javaType:   class java.math.BigInteger
inHeader:   false
outHeader:  false
@526bce49<total parameters:3
23:36:47.313 [Test worker] DEBUG org.apache.axis.description.OperationDesc - @67aef743 added parameter >name:       filter_id
typeEntry:  null
mode:       IN
position:   3
isReturn:   false
typeQName:  {http://www.w3.org/2001/XMLSchema}integer
javaType:   class java.math.BigInteger
inHeader:   false
outHeader:  false
@42ef2fa8<total parameters:4
23:36:47.313 [Test worker] DEBUG org.apache.axis.description.OperationDesc - @67aef743 added parameter >name:       page_number
typeEntry:  null
mode:       IN
position:   4
isReturn:   false
typeQName:  {http://www.w3.org/2001/XMLSchema}integer
javaType:   class java.math.BigInteger
inHeader:   false
outHeader:  false
@35286ca4<total parameters:5
23:36:47.313 [Test worker] DEBUG org.apache.axis.description.OperationDesc - @67aef743 added parameter >name:       per_page
typeEntry:  null
mode:       IN
position:   5
isReturn:   false
typeQName:  {http://www.w3.org/2001/XMLSchema}integer
javaType:   class java.math.BigInteger
inHeader:   false
outHeader:  false
@147a911a<total parameters:6
23:36:47.313 [Test worker] DEBUG org.apache.axis.description.OperationDesc - @67aef743setReturnType({http://futureware.biz/mantisconnect}IssueDataArray)
23:36:47.313 [Test worker] DEBUG org.apache.axis.description.OperationDesc - @18ef1c5a added parameter >name:       username
typeEntry:  null
mode:       IN
position:   0
isReturn:   false
typeQName:  {http://www.w3.org/2001/XMLSchema}string
javaType:   class java.lang.String
inHeader:   false
outHeader:  false
@2346e280<total parameters:1
23:36:47.313 [Test worker] DEBUG org.apache.axis.description.OperationDesc - @18ef1c5a added parameter >name:       password
typeEntry:  null
mode:       IN
position:   1
isReturn:   false
typeQName:  {http://www.w3.org/2001/XMLSchema}string
javaType:   class java.lang.String
inHeader:   false
outHeader:  false
@557de700<total parameters:2
23:36:47.313 [Test worker] DEBUG org.apache.axis.description.OperationDesc - @18ef1c5a added parameter >name:       project_id
typeEntry:  null
mode:       IN
position:   2
isReturn:   false
typeQName:  {http://www.w3.org/2001/XMLSchema}integer
javaType:   class java.math.BigInteger
inHeader:   false
outHeader:  false
@15cf5ef4<total parameters:3
23:36:47.313 [Test worker] DEBUG org.apache.axis.description.OperationDesc - @18ef1c5a added parameter >name:       filter_id
typeEntry:  null
mode:       IN
position:   3
isReturn:   false
typeQName:  {http://www.w3.org/2001/XMLSchema}integer
javaType:   class java.math.BigInteger
inHeader:   false
outHeader:  false
@75a29ddb<total parameters:4
23:36:47.313 [Test worker] DEBUG org.apache.axis.description.OperationDesc - @18ef1c5a added parameter >name:       page_number
typeEntry:  null
mode:       IN
position:   4
isReturn:   false
typeQName:  {http://www.w3.org/2001/XMLSchema}integer
javaType:   class java.math.BigInteger
inHeader:   false
outHeader:  false
@61e4230d<total parameters:5
23:36:47.313 [Test worker] DEBUG org.apache.axis.description.OperationDesc - @18ef1c5a added parameter >name:       per_page
typeEntry:  null
mode:       IN
position:   5
isReturn:   false
typeQName:  {http://www.w3.org/2001/XMLSchema}integer
javaType:   class java.math.BigInteger
inHeader:   false
outHeader:  false
@5b1b8dd6<total parameters:6
23:36:47.314 [Test worker] DEBUG org.apache.axis.description.OperationDesc - @18ef1c5asetReturnType({http://futureware.biz/mantisconnect}IssueHeaderDataArray)
23:36:47.314 [Test worker] DEBUG org.apache.axis.description.OperationDesc - @344c50bf added parameter >name:       username
typeEntry:  null
mode:       IN
position:   0
isReturn:   false
typeQName:  {http://www.w3.org/2001/XMLSchema}string
javaType:   class java.lang.String
inHeader:   false
outHeader:  false
@55614fa8<total parameters:1
23:36:47.314 [Test worker] DEBUG org.apache.axis.description.OperationDesc - @344c50bf added parameter >name:       password
typeEntry:  null
mode:       IN
position:   1
isReturn:   false
typeQName:  {http://www.w3.org/2001/XMLSchema}string
javaType:   class java.lang.String
inHeader:   false
outHeader:  false
@15dde242<total parameters:2
23:36:47.314 [Test worker] DEBUG org.apache.axis.description.OperationDesc - @344c50bf added parameter >name:       config_var
typeEntry:  null
mode:       IN
position:   2
isReturn:   false
typeQName:  {http://www.w3.org/2001/XMLSchema}string
javaType:   class java.lang.String
inHeader:   false
outHeader:  false
@12afb812<total parameters:3
23:36:47.314 [Test worker] DEBUG org.apache.axis.description.OperationDesc - @344c50bfsetReturnType({http://www.w3.org/2001/XMLSchema}string)
23:36:47.314 [Test worker] DEBUG org.apache.axis.description.OperationDesc - @44b0cb50 added parameter >name:       username
typeEntry:  null
mode:       IN
position:   0
isReturn:   false
typeQName:  {http://www.w3.org/2001/XMLSchema}string
javaType:   class java.lang.String
inHeader:   false
outHeader:  false
@1b73d061<total parameters:1
23:36:47.314 [Test worker] DEBUG org.apache.axis.description.OperationDesc - @44b0cb50 added parameter >name:       password
typeEntry:  null
mode:       IN
position:   1
isReturn:   false
typeQName:  {http://www.w3.org/2001/XMLSchema}string
javaType:   class java.lang.String
inHeader:   false
outHeader:  false
@61c6febf<total parameters:2
23:36:47.314 [Test worker] DEBUG org.apache.axis.description.OperationDesc - @44b0cb50 added parameter >name:       issue_id
typeEntry:  null
mode:       IN
position:   2
isReturn:   false
typeQName:  {http://www.w3.org/2001/XMLSchema}integer
javaType:   class java.math.BigInteger
inHeader:   false
outHeader:  false
@e46a5bd<total parameters:3
23:36:47.314 [Test worker] DEBUG org.apache.axis.description.OperationDesc - @44b0cb50 added parameter >name:       comment
typeEntry:  null
mode:       IN
position:   3
isReturn:   false
typeQName:  {http://www.w3.org/2001/XMLSchema}string
javaType:   class java.lang.String
inHeader:   false
outHeader:  false
@4c6e056e<total parameters:4
23:36:47.314 [Test worker] DEBUG org.apache.axis.description.OperationDesc - @44b0cb50 added parameter >name:       fixed
typeEntry:  null
mode:       IN
position:   4
isReturn:   false
typeQName:  {http://www.w3.org/2001/XMLSchema}boolean
javaType:   boolean
inHeader:   false
outHeader:  false
@499b345a<total parameters:5
23:36:47.314 [Test worker] DEBUG org.apache.axis.description.OperationDesc - @44b0cb50setReturnType({http://www.w3.org/2001/XMLSchema}boolean)
23:36:47.314 [Test worker] DEBUG org.apache.axis.description.OperationDesc - @1f7e18d0 added parameter >name:       username
typeEntry:  null
mode:       IN
position:   0
isReturn:   false
typeQName:  {http://www.w3.org/2001/XMLSchema}string
javaType:   class java.lang.String
inHeader:   false
outHeader:  false
@242e3dcf<total parameters:1
23:36:47.315 [Test worker] DEBUG org.apache.axis.description.OperationDesc - @1f7e18d0 added parameter >name:       password
typeEntry:  null
mode:       IN
position:   1
isReturn:   false
typeQName:  {http://www.w3.org/2001/XMLSchema}string
javaType:   class java.lang.String
inHeader:   false
outHeader:  false
@18d70951<total parameters:2
23:36:47.315 [Test worker] DEBUG org.apache.axis.description.OperationDesc - @1f7e18d0 added parameter >name:       project_id
typeEntry:  null
mode:       IN
position:   2
isReturn:   false
typeQName:  {http://www.w3.org/2001/XMLSchema}integer
javaType:   class java.math.BigInteger
inHeader:   false
outHeader:  false
@8fec7f5<total parameters:3
23:36:47.315 [Test worker] DEBUG org.apache.axis.description.OperationDesc - @1f7e18d0 added parameter >name:       pref_name
typeEntry:  null
mode:       IN
position:   3
isReturn:   false
typeQName:  {http://www.w3.org/2001/XMLSchema}string
javaType:   class java.lang.String
inHeader:   false
outHeader:  false
@67a9f6a2<total parameters:4
23:36:47.315 [Test worker] DEBUG org.apache.axis.description.OperationDesc - @1f7e18d0setReturnType({http://www.w3.org/2001/XMLSchema}string)
23:36:47.315 [Test worker] DEBUG org.apache.axis.description.OperationDesc - @323c7fdd added parameter >name:       username
typeEntry:  null
mode:       IN
position:   0
isReturn:   false
typeQName:  {http://www.w3.org/2001/XMLSchema}string
javaType:   class java.lang.String
inHeader:   false
outHeader:  false
@1281654a<total parameters:1
23:36:47.315 [Test worker] DEBUG org.apache.axis.description.OperationDesc - @323c7fdd added parameter >name:       password
typeEntry:  null
mode:       IN
position:   1
isReturn:   false
typeQName:  {http://www.w3.org/2001/XMLSchema}string
javaType:   class java.lang.String
inHeader:   false
outHeader:  false
@6c3ec980<total parameters:2
23:36:47.315 [Test worker] DEBUG org.apache.axis.description.OperationDesc - @323c7fdd added parameter >name:       page_number
typeEntry:  null
mode:       IN
position:   2
isReturn:   false
typeQName:  {http://www.w3.org/2001/XMLSchema}integer
javaType:   class java.math.BigInteger
inHeader:   false
outHeader:  false
@440a3e43<total parameters:3
23:36:47.315 [Test worker] DEBUG org.apache.axis.description.OperationDesc - @323c7fdd added parameter >name:       per_page
typeEntry:  null
mode:       IN
position:   3
isReturn:   false
typeQName:  {http://www.w3.org/2001/XMLSchema}integer
javaType:   class java.math.BigInteger
inHeader:   false
outHeader:  false
@15196388<total parameters:4
23:36:47.315 [Test worker] DEBUG org.apache.axis.description.OperationDesc - @323c7fddsetReturnType({http://futureware.biz/mantisconnect}ProfileDataSearchResult)
23:36:47.316 [Test worker] DEBUG org.apache.axis.description.OperationDesc - @3ae9925 added parameter >name:       username
typeEntry:  null
mode:       IN
position:   0
isReturn:   false
typeQName:  {http://www.w3.org/2001/XMLSchema}string
javaType:   class java.lang.String
inHeader:   false
outHeader:  false
@5df5bffb<total parameters:1
23:36:47.316 [Test worker] DEBUG org.apache.axis.description.OperationDesc - @3ae9925 added parameter >name:       password
typeEntry:  null
mode:       IN
position:   1
isReturn:   false
typeQName:  {http://www.w3.org/2001/XMLSchema}string
javaType:   class java.lang.String
inHeader:   false
outHeader:  false
@ef72a5e<total parameters:2
23:36:47.316 [Test worker] DEBUG org.apache.axis.description.OperationDesc - @3ae9925 added parameter >name:       page_number
typeEntry:  null
mode:       IN
position:   2
isReturn:   false
typeQName:  {http://www.w3.org/2001/XMLSchema}integer
javaType:   class java.math.BigInteger
inHeader:   false
outHeader:  false
@294510d<total parameters:3
23:36:47.316 [Test worker] DEBUG org.apache.axis.description.OperationDesc - @3ae9925 added parameter >name:       per_page
typeEntry:  null
mode:       IN
position:   3
isReturn:   false
typeQName:  {http://www.w3.org/2001/XMLSchema}integer
javaType:   class java.math.BigInteger
inHeader:   false
outHeader:  false
@758497cb<total parameters:4
23:36:47.316 [Test worker] DEBUG org.apache.axis.description.OperationDesc - @3ae9925setReturnType({http://futureware.biz/mantisconnect}TagDataSearchResult)
23:36:47.317 [Test worker] DEBUG org.apache.axis.description.OperationDesc - @12d0b8a5 added parameter >name:       username
typeEntry:  null
mode:       IN
position:   0
isReturn:   false
typeQName:  {http://www.w3.org/2001/XMLSchema}string
javaType:   class java.lang.String
inHeader:   false
outHeader:  false
@433b4ffb<total parameters:1
23:36:47.317 [Test worker] DEBUG org.apache.axis.description.OperationDesc - @12d0b8a5 added parameter >name:       password
typeEntry:  null
mode:       IN
position:   1
isReturn:   false
typeQName:  {http://www.w3.org/2001/XMLSchema}string
javaType:   class java.lang.String
inHeader:   false
outHeader:  false
@3190d2a7<total parameters:2
23:36:47.317 [Test worker] DEBUG org.apache.axis.description.OperationDesc - @12d0b8a5 added parameter >name:       tag
typeEntry:  null
mode:       IN
position:   2
isReturn:   false
typeQName:  {http://futureware.biz/mantisconnect}TagData
javaType:   class biz.futureware.mantis.rpc.soap.client.TagData
inHeader:   false
outHeader:  false
@67f41da2<total parameters:3
23:36:47.317 [Test worker] DEBUG org.apache.axis.description.OperationDesc - @12d0b8a5setReturnType({http://www.w3.org/2001/XMLSchema}integer)
23:36:47.317 [Test worker] DEBUG org.apache.axis.description.OperationDesc - @70769469 added parameter >name:       username
typeEntry:  null
mode:       IN
position:   0
isReturn:   false
typeQName:  {http://www.w3.org/2001/XMLSchema}string
javaType:   class java.lang.String
inHeader:   false
outHeader:  false
@692b590b<total parameters:1
23:36:47.317 [Test worker] DEBUG org.apache.axis.description.OperationDesc - @70769469 added parameter >name:       password
typeEntry:  null
mode:       IN
position:   1
isReturn:   false
typeQName:  {http://www.w3.org/2001/XMLSchema}string
javaType:   class java.lang.String
inHeader:   false
outHeader:  false
@5e99ab63<total parameters:2
23:36:47.318 [Test worker] DEBUG org.apache.axis.description.OperationDesc - @70769469 added parameter >name:       tag_id
typeEntry:  null
mode:       IN
position:   2
isReturn:   false
typeQName:  {http://www.w3.org/2001/XMLSchema}integer
javaType:   class java.math.BigInteger
inHeader:   false
outHeader:  false
@1947b41f<total parameters:3
23:36:47.318 [Test worker] DEBUG org.apache.axis.description.OperationDesc - @70769469setReturnType({http://www.w3.org/2001/XMLSchema}boolean)
23:36:47.336 [Test worker] DEBUG org.apache.axis.i18n.ProjectResourceBundle - org.apache.axis.i18n.resource::handleGetObject(transport00)
23:36:47.336 [Test worker] DEBUG org.apache.axis.client.Call - Transport is org.apache.axis.transport.http.HTTPTransport@441b021a
23:36:47.411 [Test worker] DEBUG org.apache.axis.client.Call - Enter: Call::invoke(ns, meth, args)
23:36:47.419 [Test worker] DEBUG org.apache.axis.client.Call - operation=name:        mc_projects_get_user_accessible
returnQName: return
returnType:  {http://futureware.biz/mantisconnect}ProjectDataArray
returnClass: class [Lbiz.futureware.mantis.rpc.soap.client.ProjectData;
elementQName:null
soapAction:  null
style:       rpc
use:         encoded
numInParams: 2
method:null
 ParameterDesc[0]:
  name:       username
  typeEntry:  null
  mode:       IN
  position:   0
  isReturn:   false
  typeQName:  {http://www.w3.org/2001/XMLSchema}string
  javaType:   class java.lang.String
  inHeader:   false
  outHeader:  false

 ParameterDesc[1]:
  name:       password
  typeEntry:  null
  mode:       IN
  position:   1
  isReturn:   false
  typeQName:  {http://www.w3.org/2001/XMLSchema}string
  javaType:   class java.lang.String
  inHeader:   false
  outHeader:  false


23:36:47.420 [Test worker] DEBUG org.apache.axis.client.Call - operation.getNumParams()=2
23:36:47.420 [Test worker] DEBUG org.apache.axis.client.Call - getParamList number of params: 2
23:36:47.426 [Test worker] DEBUG org.apache.axis.client.Call - Enter: Call::invoke(RPCElement)
23:36:47.433 [Test worker] DEBUG org.apache.axis.i18n.ProjectResourceBundle - org.apache.axis.i18n.resource::handleGetObject(attachEnabled)
23:36:47.433 [Test worker] DEBUG org.apache.axis.Message - Attachment support is enabled?  true
23:36:47.436 [Test worker] DEBUG org.apache.axis.SOAPPart - Enter: SOAPPart ctor(FORM_SOAPENVELOPE)
23:36:47.436 [Test worker] DEBUG org.apache.axis.i18n.ProjectResourceBundle - org.apache.axis.i18n.resource::handleGetObject(setMsgForm)
23:36:47.436 [Test worker] DEBUG org.apache.axis.SOAPPart - Setting current message form to: FORM_SOAPENVELOPE (currentMessage is now org.apache.axis.message.SOAPEnvelope)
23:36:47.436 [Test worker] DEBUG org.apache.axis.SOAPPart - Exit: SOAPPart ctor()
23:36:47.436 [Test worker] DEBUG org.apache.axis.i18n.ProjectResourceBundle - org.apache.axis.i18n.resource::handleGetObject(addBody00)
23:36:47.436 [Test worker] DEBUG org.apache.axis.message.SOAPBody - Adding body element to message...
23:36:47.436 [Test worker] DEBUG org.apache.axis.client.Call - Enter: Call::invoke()
23:36:47.440 [Test worker] DEBUG org.apache.axis.MessageContext - MessageContext: setTargetService(MantisConnectPort)
23:36:47.440 [Test worker] DEBUG org.apache.axis.i18n.ProjectResourceBundle - org.apache.axis.i18n.resource::handleGetObject(noService10)
23:36:47.443 [Test worker] DEBUG org.apache.axis.ConfigurationException - Exception: 
org.apache.axis.ConfigurationException: No service named MantisConnectPort is available
	at org.apache.axis.configuration.FileProvider.getService(FileProvider.java:233)
	at org.apache.axis.AxisEngine.getService(AxisEngine.java:311)
	at org.apache.axis.MessageContext.setTargetService(MessageContext.java:756)
	at org.apache.axis.client.Call.invoke(Call.java:2690)
	at org.apache.axis.client.Call.invoke(Call.java:2443)
	at org.apache.axis.client.Call.invoke(Call.java:2366)
	at org.apache.axis.client.Call.invoke(Call.java:1812)
	at biz.futureware.mantis.rpc.soap.client.MantisConnectBindingStub.mc_projects_get_user_accessible(MantisConnectBindingStub.java:2750)
	at dd.pyrkova.mantis.appmanager.SoapHelper.getProjects(SoapHelper.java:32)
	at dd.pyrkova.mantis.tests.SoapTests.testCreateIssue(SoapTests.java:30)
	at sun.reflect.NativeMethodAccessorImpl.invoke0(Native Method)
	at sun.reflect.NativeMethodAccessorImpl.invoke(NativeMethodAccessorImpl.java:62)
	at sun.reflect.DelegatingMethodAccessorImpl.invoke(DelegatingMethodAccessorImpl.java:43)
	at java.lang.reflect.Method.invoke(Method.java:498)
	at org.testng.internal.MethodInvocationHelper.invokeMethod(MethodInvocationHelper.java:134)
	at org.testng.internal.TestInvoker.invokeMethod(TestInvoker.java:597)
	at org.testng.internal.TestInvoker.invokeTestMethod(TestInvoker.java:173)
	at org.testng.internal.MethodRunner.runInSequence(MethodRunner.java:46)
	at org.testng.internal.TestInvoker$MethodInvocationAgent.invoke(TestInvoker.java:816)
	at org.testng.internal.TestInvoker.invokeTestMethods(TestInvoker.java:146)
	at org.testng.internal.TestMethodWorker.invokeTestMethods(TestMethodWorker.java:146)
	at org.testng.internal.TestMethodWorker.run(TestMethodWorker.java:128)
	at java.util.ArrayList.forEach(ArrayList.java:1257)
	at org.testng.TestRunner.privateRun(TestRunner.java:766)
	at org.testng.TestRunner.run(TestRunner.java:587)
	at org.testng.SuiteRunner.runTest(SuiteRunner.java:384)
	at org.testng.SuiteRunner.runSequentially(SuiteRunner.java:378)
	at org.testng.SuiteRunner.privateRun(SuiteRunner.java:337)
	at org.testng.SuiteRunner.run(SuiteRunner.java:286)
	at org.testng.SuiteRunnerWorker.runSuite(SuiteRunnerWorker.java:53)
	at org.testng.SuiteRunnerWorker.run(SuiteRunnerWorker.java:96)
	at org.testng.TestNG.runSuitesSequentially(TestNG.java:1187)
	at org.testng.TestNG.runSuitesLocally(TestNG.java:1109)
	at org.testng.TestNG.runSuites(TestNG.java:1039)
	at org.testng.TestNG.run(TestNG.java:1007)
	at org.gradle.api.internal.tasks.testing.testng.TestNGTestClassProcessor.runTests(TestNGTestClassProcessor.java:141)
	at org.gradle.api.internal.tasks.testing.testng.TestNGTestClassProcessor.stop(TestNGTestClassProcessor.java:90)
	at org.gradle.api.internal.tasks.testing.SuiteTestClassProcessor.stop(SuiteTestClassProcessor.java:61)
	at sun.reflect.NativeMethodAccessorImpl.invoke0(Native Method)
	at sun.reflect.NativeMethodAccessorImpl.invoke(NativeMethodAccessorImpl.java:62)
	at sun.reflect.DelegatingMethodAccessorImpl.invoke(DelegatingMethodAccessorImpl.java:43)
	at java.lang.reflect.Method.invoke(Method.java:498)
	at org.gradle.internal.dispatch.ReflectionDispatch.dispatch(ReflectionDispatch.java:36)
	at org.gradle.internal.dispatch.ReflectionDispatch.dispatch(ReflectionDispatch.java:24)
	at org.gradle.internal.dispatch.ContextClassLoaderDispatch.dispatch(ContextClassLoaderDispatch.java:33)
	at org.gradle.internal.dispatch.ProxyDispatchAdapter$DispatchingInvocationHandler.invoke(ProxyDispatchAdapter.java:94)
	at com.sun.proxy.$Proxy2.stop(Unknown Source)
	at org.gradle.api.internal.tasks.testing.worker.TestWorker.stop(TestWorker.java:132)
	at sun.reflect.NativeMethodAccessorImpl.invoke0(Native Method)
	at sun.reflect.NativeMethodAccessorImpl.invoke(NativeMethodAccessorImpl.java:62)
	at sun.reflect.DelegatingMethodAccessorImpl.invoke(DelegatingMethodAccessorImpl.java:43)
	at java.lang.reflect.Method.invoke(Method.java:498)
	at org.gradle.internal.dispatch.ReflectionDispatch.dispatch(ReflectionDispatch.java:36)
	at org.gradle.internal.dispatch.ReflectionDispatch.dispatch(ReflectionDispatch.java:24)
	at org.gradle.internal.remote.internal.hub.MessageHubBackedObjectConnection$DispatchWrapper.dispatch(MessageHubBackedObjectConnection.java:182)
	at org.gradle.internal.remote.internal.hub.MessageHubBackedObjectConnection$DispatchWrapper.dispatch(MessageHubBackedObjectConnection.java:164)
	at org.gradle.internal.remote.internal.hub.MessageHub$Handler.run(MessageHub.java:412)
	at org.gradle.internal.concurrent.ExecutorPolicy$CatchAndRecordFailures.onExecute(ExecutorPolicy.java:64)
	at org.gradle.internal.concurrent.ManagedExecutorImpl$1.run(ManagedExecutorImpl.java:48)
	at java.util.concurrent.ThreadPoolExecutor.runWorker(ThreadPoolExecutor.java:1149)
	at java.util.concurrent.ThreadPoolExecutor$Worker.run(ThreadPoolExecutor.java:624)
	at org.gradle.internal.concurrent.ThreadFactoryImpl$ManagedThreadRunnable.run(ThreadFactoryImpl.java:56)
	at java.lang.Thread.run(Thread.java:748)
23:36:47.443 [Test worker] DEBUG org.apache.axis.MessageContext - MessageContext: setServiceHandler(null)
23:36:47.443 [Test worker] DEBUG org.apache.axis.i18n.ProjectResourceBundle - org.apache.axis.i18n.resource::handleGetObject(targetService)
23:36:47.444 [Test worker] DEBUG org.apache.axis.client.Call - Target service:  MantisConnectPort
23:36:47.444 [Test worker] DEBUG org.apache.axis.MessageContext - MessageContext: setTargetService(http://www.mantisbt.org/bugs/api/soap/mantisconnect.php/mc_projects_get_user_accessible)
23:36:47.444 [Test worker] DEBUG org.apache.axis.i18n.ProjectResourceBundle - org.apache.axis.i18n.resource::handleGetObject(noService10)
23:36:47.444 [Test worker] DEBUG org.apache.axis.ConfigurationException - Exception: 
org.apache.axis.ConfigurationException: No service named http://www.mantisbt.org/bugs/api/soap/mantisconnect.php/mc_projects_get_user_accessible is available
	at org.apache.axis.configuration.FileProvider.getService(FileProvider.java:233)
	at org.apache.axis.AxisEngine.getService(AxisEngine.java:311)
	at org.apache.axis.MessageContext.setTargetService(MessageContext.java:756)
	at org.apache.axis.transport.http.HTTPTransport.setupMessageContextImpl(HTTPTransport.java:89)
	at org.apache.axis.client.Transport.setupMessageContext(Transport.java:46)
	at org.apache.axis.client.Call.invoke(Call.java:2738)
	at org.apache.axis.client.Call.invoke(Call.java:2443)
	at org.apache.axis.client.Call.invoke(Call.java:2366)
	at org.apache.axis.client.Call.invoke(Call.java:1812)
	at biz.futureware.mantis.rpc.soap.client.MantisConnectBindingStub.mc_projects_get_user_accessible(MantisConnectBindingStub.java:2750)
	at dd.pyrkova.mantis.appmanager.SoapHelper.getProjects(SoapHelper.java:32)
	at dd.pyrkova.mantis.tests.SoapTests.testCreateIssue(SoapTests.java:30)
	at sun.reflect.NativeMethodAccessorImpl.invoke0(Native Method)
	at sun.reflect.NativeMethodAccessorImpl.invoke(NativeMethodAccessorImpl.java:62)
	at sun.reflect.DelegatingMethodAccessorImpl.invoke(DelegatingMethodAccessorImpl.java:43)
	at java.lang.reflect.Method.invoke(Method.java:498)
	at org.testng.internal.MethodInvocationHelper.invokeMethod(MethodInvocationHelper.java:134)
	at org.testng.internal.TestInvoker.invokeMethod(TestInvoker.java:597)
	at org.testng.internal.TestInvoker.invokeTestMethod(TestInvoker.java:173)
	at org.testng.internal.MethodRunner.runInSequence(MethodRunner.java:46)
	at org.testng.internal.TestInvoker$MethodInvocationAgent.invoke(TestInvoker.java:816)
	at org.testng.internal.TestInvoker.invokeTestMethods(TestInvoker.java:146)
	at org.testng.internal.TestMethodWorker.invokeTestMethods(TestMethodWorker.java:146)
	at org.testng.internal.TestMethodWorker.run(TestMethodWorker.java:128)
	at java.util.ArrayList.forEach(ArrayList.java:1257)
	at org.testng.TestRunner.privateRun(TestRunner.java:766)
	at org.testng.TestRunner.run(TestRunner.java:587)
	at org.testng.SuiteRunner.runTest(SuiteRunner.java:384)
	at org.testng.SuiteRunner.runSequentially(SuiteRunner.java:378)
	at org.testng.SuiteRunner.privateRun(SuiteRunner.java:337)
	at org.testng.SuiteRunner.run(SuiteRunner.java:286)
	at org.testng.SuiteRunnerWorker.runSuite(SuiteRunnerWorker.java:53)
	at org.testng.SuiteRunnerWorker.run(SuiteRunnerWorker.java:96)
	at org.testng.TestNG.runSuitesSequentially(TestNG.java:1187)
	at org.testng.TestNG.runSuitesLocally(TestNG.java:1109)
	at org.testng.TestNG.runSuites(TestNG.java:1039)
	at org.testng.TestNG.run(TestNG.java:1007)
	at org.gradle.api.internal.tasks.testing.testng.TestNGTestClassProcessor.runTests(TestNGTestClassProcessor.java:141)
	at org.gradle.api.internal.tasks.testing.testng.TestNGTestClassProcessor.stop(TestNGTestClassProcessor.java:90)
	at org.gradle.api.internal.tasks.testing.SuiteTestClassProcessor.stop(SuiteTestClassProcessor.java:61)
	at sun.reflect.NativeMethodAccessorImpl.invoke0(Native Method)
	at sun.reflect.NativeMethodAccessorImpl.invoke(NativeMethodAccessorImpl.java:62)
	at sun.reflect.DelegatingMethodAccessorImpl.invoke(DelegatingMethodAccessorImpl.java:43)
	at java.lang.reflect.Method.invoke(Method.java:498)
	at org.gradle.internal.dispatch.ReflectionDispatch.dispatch(ReflectionDispatch.java:36)
	at org.gradle.internal.dispatch.ReflectionDispatch.dispatch(ReflectionDispatch.java:24)
	at org.gradle.internal.dispatch.ContextClassLoaderDispatch.dispatch(ContextClassLoaderDispatch.java:33)
	at org.gradle.internal.dispatch.ProxyDispatchAdapter$DispatchingInvocationHandler.invoke(ProxyDispatchAdapter.java:94)
	at com.sun.proxy.$Proxy2.stop(Unknown Source)
	at org.gradle.api.internal.tasks.testing.worker.TestWorker.stop(TestWorker.java:132)
	at sun.reflect.NativeMethodAccessorImpl.invoke0(Native Method)
	at sun.reflect.NativeMethodAccessorImpl.invoke(NativeMethodAccessorImpl.java:62)
	at sun.reflect.DelegatingMethodAccessorImpl.invoke(DelegatingMethodAccessorImpl.java:43)
	at java.lang.reflect.Method.invoke(Method.java:498)
	at org.gradle.internal.dispatch.ReflectionDispatch.dispatch(ReflectionDispatch.java:36)
	at org.gradle.internal.dispatch.ReflectionDispatch.dispatch(ReflectionDispatch.java:24)
	at org.gradle.internal.remote.internal.hub.MessageHubBackedObjectConnection$DispatchWrapper.dispatch(MessageHubBackedObjectConnection.java:182)
	at org.gradle.internal.remote.internal.hub.MessageHubBackedObjectConnection$DispatchWrapper.dispatch(MessageHubBackedObjectConnection.java:164)
	at org.gradle.internal.remote.internal.hub.MessageHub$Handler.run(MessageHub.java:412)
	at org.gradle.internal.concurrent.ExecutorPolicy$CatchAndRecordFailures.onExecute(ExecutorPolicy.java:64)
	at org.gradle.internal.concurrent.ManagedExecutorImpl$1.run(ManagedExecutorImpl.java:48)
	at java.util.concurrent.ThreadPoolExecutor.runWorker(ThreadPoolExecutor.java:1149)
	at java.util.concurrent.ThreadPoolExecutor$Worker.run(ThreadPoolExecutor.java:624)
	at org.gradle.internal.concurrent.ThreadFactoryImpl$ManagedThreadRunnable.run(ThreadFactoryImpl.java:56)
	at java.lang.Thread.run(Thread.java:748)
23:36:47.445 [Test worker] DEBUG org.apache.axis.MessageContext - MessageContext: setServiceHandler(null)
23:36:47.448 [Test worker] DEBUG org.apache.axis.SOAPPart - Enter: SOAPPart::getAsSOAPEnvelope()
23:36:47.448 [Test worker] DEBUG org.apache.axis.i18n.ProjectResourceBundle - org.apache.axis.i18n.resource::handleGetObject(currForm)
23:36:47.448 [Test worker] DEBUG org.apache.axis.SOAPPart - current form is FORM_SOAPENVELOPE
23:36:47.448 [Test worker] DEBUG org.apache.axis.i18n.ProjectResourceBundle - org.apache.axis.i18n.resource::handleGetObject(register00)
23:36:47.448 [Test worker] DEBUG org.apache.axis.encoding.SerializationContext - register 'soapenv' - 'http://schemas.xmlsoap.org/soap/envelope/'
23:36:47.448 [Test worker] DEBUG org.apache.axis.i18n.ProjectResourceBundle - org.apache.axis.i18n.resource::handleGetObject(register00)
23:36:47.448 [Test worker] DEBUG org.apache.axis.encoding.SerializationContext - register 'soapenv' - 'http://schemas.xmlsoap.org/soap/envelope/'
23:36:47.448 [Test worker] DEBUG org.apache.axis.i18n.ProjectResourceBundle - org.apache.axis.i18n.resource::handleGetObject(register00)
23:36:47.448 [Test worker] DEBUG org.apache.axis.encoding.SerializationContext - register 'xsd' - 'http://www.w3.org/2001/XMLSchema'
23:36:47.448 [Test worker] DEBUG org.apache.axis.i18n.ProjectResourceBundle - org.apache.axis.i18n.resource::handleGetObject(register00)
23:36:47.449 [Test worker] DEBUG org.apache.axis.encoding.SerializationContext - register 'xsi' - 'http://www.w3.org/2001/XMLSchema-instance'
23:36:47.449 [Test worker] DEBUG org.apache.axis.i18n.ProjectResourceBundle - org.apache.axis.i18n.resource::handleGetObject(startElem00)
23:36:47.449 [Test worker] DEBUG org.apache.axis.encoding.SerializationContext - Start element [http://schemas.xmlsoap.org/soap/envelope/]:Envelope
23:36:47.451 [Test worker] DEBUG org.apache.axis.i18n.ProjectResourceBundle - org.apache.axis.i18n.resource::handleGetObject(startElem00)
23:36:47.452 [Test worker] DEBUG org.apache.axis.encoding.SerializationContext - Start element [http://schemas.xmlsoap.org/soap/envelope/]:Body
23:36:47.452 [Test worker] DEBUG org.apache.axis.i18n.ProjectResourceBundle - org.apache.axis.i18n.resource::handleGetObject(startElem00)
23:36:47.452 [Test worker] DEBUG org.apache.axis.encoding.SerializationContext - Start element [http://futureware.biz/mantisconnect]:mc_projects_get_user_accessible
23:36:47.452 [Test worker] DEBUG org.apache.axis.i18n.ProjectResourceBundle - org.apache.axis.i18n.resource::handleGetObject(register00)
23:36:47.452 [Test worker] DEBUG org.apache.axis.encoding.SerializationContext - register 'ns1' - 'http://futureware.biz/mantisconnect'
23:36:47.456 [Test worker] DEBUG org.apache.axis.i18n.ProjectResourceBundle - org.apache.axis.i18n.resource::handleGetObject(startElem00)
23:36:47.456 [Test worker] DEBUG org.apache.axis.encoding.SerializationContext - Start element []:username
23:36:47.456 [Test worker] DEBUG org.apache.axis.i18n.ProjectResourceBundle - org.apache.axis.i18n.resource::handleGetObject(endElem00)
23:36:47.457 [Test worker] DEBUG org.apache.axis.encoding.SerializationContext - End element username
23:36:47.457 [Test worker] DEBUG org.apache.axis.i18n.ProjectResourceBundle - org.apache.axis.i18n.resource::handleGetObject(startElem00)
23:36:47.457 [Test worker] DEBUG org.apache.axis.encoding.SerializationContext - Start element []:password
23:36:47.457 [Test worker] DEBUG org.apache.axis.i18n.ProjectResourceBundle - org.apache.axis.i18n.resource::handleGetObject(endElem00)
23:36:47.457 [Test worker] DEBUG org.apache.axis.encoding.SerializationContext - End element password
23:36:47.457 [Test worker] DEBUG org.apache.axis.i18n.ProjectResourceBundle - org.apache.axis.i18n.resource::handleGetObject(endElem00)
23:36:47.457 [Test worker] DEBUG org.apache.axis.encoding.SerializationContext - End element ns1:mc_projects_get_user_accessible
23:36:47.457 [Test worker] DEBUG org.apache.axis.i18n.ProjectResourceBundle - org.apache.axis.i18n.resource::handleGetObject(endElem00)
23:36:47.457 [Test worker] DEBUG org.apache.axis.encoding.SerializationContext - End element soapenv:Body
23:36:47.457 [Test worker] DEBUG org.apache.axis.i18n.ProjectResourceBundle - org.apache.axis.i18n.resource::handleGetObject(endElem00)
23:36:47.457 [Test worker] DEBUG org.apache.axis.encoding.SerializationContext - End element soapenv:Envelope
23:36:47.457 [Test worker] DEBUG org.apache.axis.client.Call - <?xml version="1.0" encoding="UTF-8"?><soapenv:Envelope xmlns:soapenv="http://schemas.xmlsoap.org/soap/envelope/" xmlns:xsd="http://www.w3.org/2001/XMLSchema" xmlns:xsi="http://www.w3.org/2001/XMLSchema-instance"><soapenv:Body><ns1:mc_projects_get_user_accessible soapenv:encodingStyle="http://schemas.xmlsoap.org/soap/encoding/" xmlns:ns1="http://futureware.biz/mantisconnect"><username xsi:type="xsd:string">administrator</username><password xsi:type="xsd:string">root</password></ns1:mc_projects_get_user_accessible></soapenv:Body></soapenv:Envelope>
23:36:47.457 [Test worker] DEBUG org.apache.axis.client.AxisClient - Enter: AxisClient::invoke
23:36:47.457 [Test worker] DEBUG org.apache.axis.client.AxisClient - EngineHandler: null
23:36:47.460 [Test worker] DEBUG org.apache.axis.i18n.ProjectResourceBundle - org.apache.axis.i18n.resource::handleGetObject(axisUserAgent)
23:36:47.463 [Test worker] DEBUG org.apache.axis.SimpleChain - Enter: SimpleChain::invoke
23:36:47.464 [Test worker] DEBUG org.apache.axis.i18n.ProjectResourceBundle - org.apache.axis.i18n.resource::handleGetObject(enter00)
23:36:47.464 [Test worker] DEBUG org.apache.axis.transport.http.HTTPSender - Enter:  HTTPSender::invoke
23:36:47.464 [Test worker] DEBUG org.apache.axis.SOAPPart - Enter: SOAPPart::saveChanges
23:36:47.466 [Test worker] DEBUG org.apache.axis.i18n.ProjectResourceBundle - org.apache.axis.i18n.resource::handleGetObject(register00)
23:36:47.466 [Test worker] DEBUG org.apache.axis.encoding.SerializationContext - register 'soapenv' - 'http://schemas.xmlsoap.org/soap/envelope/'
23:36:47.466 [Test worker] DEBUG org.apache.axis.i18n.ProjectResourceBundle - org.apache.axis.i18n.resource::handleGetObject(register00)
23:36:47.466 [Test worker] DEBUG org.apache.axis.encoding.SerializationContext - register 'soapenv' - 'http://schemas.xmlsoap.org/soap/envelope/'
23:36:47.466 [Test worker] DEBUG org.apache.axis.i18n.ProjectResourceBundle - org.apache.axis.i18n.resource::handleGetObject(register00)
23:36:47.466 [Test worker] DEBUG org.apache.axis.encoding.SerializationContext - register 'xsd' - 'http://www.w3.org/2001/XMLSchema'
23:36:47.466 [Test worker] DEBUG org.apache.axis.i18n.ProjectResourceBundle - org.apache.axis.i18n.resource::handleGetObject(register00)
23:36:47.466 [Test worker] DEBUG org.apache.axis.encoding.SerializationContext - register 'xsi' - 'http://www.w3.org/2001/XMLSchema-instance'
23:36:47.466 [Test worker] DEBUG org.apache.axis.i18n.ProjectResourceBundle - org.apache.axis.i18n.resource::handleGetObject(startElem00)
23:36:47.466 [Test worker] DEBUG org.apache.axis.encoding.SerializationContext - Start element [http://schemas.xmlsoap.org/soap/envelope/]:Envelope
23:36:47.466 [Test worker] DEBUG org.apache.axis.i18n.ProjectResourceBundle - org.apache.axis.i18n.resource::handleGetObject(startElem00)
23:36:47.467 [Test worker] DEBUG org.apache.axis.encoding.SerializationContext - Start element [http://schemas.xmlsoap.org/soap/envelope/]:Body
23:36:47.467 [Test worker] DEBUG org.apache.axis.i18n.ProjectResourceBundle - org.apache.axis.i18n.resource::handleGetObject(startElem00)
23:36:47.467 [Test worker] DEBUG org.apache.axis.encoding.SerializationContext - Start element [http://futureware.biz/mantisconnect]:mc_projects_get_user_accessible
23:36:47.467 [Test worker] DEBUG org.apache.axis.i18n.ProjectResourceBundle - org.apache.axis.i18n.resource::handleGetObject(register00)
23:36:47.467 [Test worker] DEBUG org.apache.axis.encoding.SerializationContext - register 'ns1' - 'http://futureware.biz/mantisconnect'
23:36:47.467 [Test worker] DEBUG org.apache.axis.i18n.ProjectResourceBundle - org.apache.axis.i18n.resource::handleGetObject(startElem00)
23:36:47.467 [Test worker] DEBUG org.apache.axis.encoding.SerializationContext - Start element []:username
23:36:47.467 [Test worker] DEBUG org.apache.axis.i18n.ProjectResourceBundle - org.apache.axis.i18n.resource::handleGetObject(endElem00)
23:36:47.467 [Test worker] DEBUG org.apache.axis.encoding.SerializationContext - End element username
23:36:47.467 [Test worker] DEBUG org.apache.axis.i18n.ProjectResourceBundle - org.apache.axis.i18n.resource::handleGetObject(startElem00)
23:36:47.467 [Test worker] DEBUG org.apache.axis.encoding.SerializationContext - Start element []:password
23:36:47.467 [Test worker] DEBUG org.apache.axis.i18n.ProjectResourceBundle - org.apache.axis.i18n.resource::handleGetObject(endElem00)
23:36:47.467 [Test worker] DEBUG org.apache.axis.encoding.SerializationContext - End element password
23:36:47.467 [Test worker] DEBUG org.apache.axis.i18n.ProjectResourceBundle - org.apache.axis.i18n.resource::handleGetObject(endElem00)
23:36:47.467 [Test worker] DEBUG org.apache.axis.encoding.SerializationContext - End element ns1:mc_projects_get_user_accessible
23:36:47.468 [Test worker] DEBUG org.apache.axis.i18n.ProjectResourceBundle - org.apache.axis.i18n.resource::handleGetObject(endElem00)
23:36:47.468 [Test worker] DEBUG org.apache.axis.encoding.SerializationContext - End element soapenv:Body
23:36:47.468 [Test worker] DEBUG org.apache.axis.i18n.ProjectResourceBundle - org.apache.axis.i18n.resource::handleGetObject(endElem00)
23:36:47.468 [Test worker] DEBUG org.apache.axis.encoding.SerializationContext - End element soapenv:Envelope
23:36:47.468 [Test worker] DEBUG org.apache.axis.i18n.ProjectResourceBundle - org.apache.axis.i18n.resource::handleGetObject(setMsgForm)
23:36:47.468 [Test worker] DEBUG org.apache.axis.SOAPPart - Setting current message form to: FORM_OPTIMIZED (currentMessage is now org.apache.axis.utils.ByteArray)
23:36:47.468 [Test worker] DEBUG org.apache.axis.SOAPPart - Exit: SOAPPart::saveChanges(): org.apache.axis.utils.ByteArray@4ea8cfb6
23:36:47.468 [Test worker] DEBUG org.apache.axis.SOAPPart - Enter: SOAPPart::saveChanges
23:36:47.468 [Test worker] DEBUG org.apache.axis.SOAPPart - Enter: SOAPPart::saveChanges
23:36:47.479 [Test worker] DEBUG org.apache.axis.i18n.ProjectResourceBundle - org.apache.axis.i18n.resource::handleGetObject(createdHTTP00)
23:36:47.479 [Test worker] DEBUG org.apache.axis.components.net.DefaultSocketFactory - Created an insecure HTTP connection
23:36:47.479 [Test worker] DEBUG org.apache.axis.i18n.ProjectResourceBundle - org.apache.axis.i18n.resource::handleGetObject(xmlSent00)
23:36:47.479 [Test worker] DEBUG org.apache.axis.transport.http.HTTPSender - XML sent:
23:36:47.479 [Test worker] DEBUG org.apache.axis.transport.http.HTTPSender - ---------------------------------------------------
23:36:47.480 [Test worker] DEBUG org.apache.axis.SOAPPart - Enter: SOAPPart::saveChanges
23:36:47.480 [Test worker] DEBUG org.apache.axis.transport.http.HTTPSender - POST /mantisbt-2.24.0/api/soap/mantisconnect.php HTTP/1.0
Content-Type: text/xml; charset=utf-8
Accept: application/soap+xml, application/dime, multipart/related, text/*
User-Agent: Axis/1.4
Host: localhost
Cache-Control: no-cache
Pragma: no-cache
SOAPAction: "http://www.mantisbt.org/bugs/api/soap/mantisconnect.php/mc_projects_get_user_accessible"
Content-Length: 553

<?xml version="1.0" encoding="UTF-8"?><soapenv:Envelope xmlns:soapenv="http://schemas.xmlsoap.org/soap/envelope/" xmlns:xsd="http://www.w3.org/2001/XMLSchema" xmlns:xsi="http://www.w3.org/2001/XMLSchema-instance"><soapenv:Body><ns1:mc_projects_get_user_accessible soapenv:encodingStyle="http://schemas.xmlsoap.org/soap/encoding/" xmlns:ns1="http://futureware.biz/mantisconnect"><username xsi:type="xsd:string">administrator</username><password xsi:type="xsd:string">root</password></ns1:mc_projects_get_user_accessible></soapenv:Body></soapenv:Envelope>
23:36:47.605 [Test worker] DEBUG org.apache.axis.transport.http.HTTPSender - HTTP/1.1 200 OK
23:36:47.605 [Test worker] DEBUG org.apache.axis.transport.http.HTTPSender - Date Sat, 04 Apr 2020 20:36:47 GMT
23:36:47.605 [Test worker] DEBUG org.apache.axis.transport.http.HTTPSender - Server Apache/2.4.41 (Win64) OpenSSL/1.1.1c PHP/7.4.2
23:36:47.605 [Test worker] DEBUG org.apache.axis.transport.http.HTTPSender - X-Powered-By PHP/7.4.2
23:36:47.605 [Test worker] DEBUG org.apache.axis.transport.http.HTTPSender - Set-Cookie PHPSESSID=qirgj2pu2jd6jjvolnj591sh5u; path=/; HttpOnly
23:36:47.605 [Test worker] DEBUG org.apache.axis.transport.http.HTTPSender - Cache-Control private, max-age=10800
23:36:47.606 [Test worker] DEBUG org.apache.axis.transport.http.HTTPSender - Last-Modified Sun, 29 Mar 2020 07:04:47 GMT
23:36:47.606 [Test worker] DEBUG org.apache.axis.transport.http.HTTPSender - Content-Length 1315
23:36:47.606 [Test worker] DEBUG org.apache.axis.transport.http.HTTPSender - Connection close
23:36:47.606 [Test worker] DEBUG org.apache.axis.transport.http.HTTPSender - Content-Type text/xml; charset=utf-8
23:36:47.607 [Test worker] DEBUG org.apache.axis.SOAPPart - Enter: SOAPPart ctor(FORM_INPUTSTREAM)
23:36:47.607 [Test worker] DEBUG org.apache.axis.i18n.ProjectResourceBundle - org.apache.axis.i18n.resource::handleGetObject(setMsgForm)
23:36:47.607 [Test worker] DEBUG org.apache.axis.SOAPPart - Setting current message form to: FORM_INPUTSTREAM (currentMessage is now org.apache.axis.transport.http.SocketInputStream)
23:36:47.607 [Test worker] DEBUG org.apache.axis.SOAPPart - Exit: SOAPPart ctor()
23:36:47.607 [Test worker] DEBUG org.apache.axis.i18n.ProjectResourceBundle - org.apache.axis.i18n.resource::handleGetObject(xmlRecd00)
23:36:47.607 [Test worker] DEBUG org.apache.axis.transport.http.HTTPSender - 
XML received:
23:36:47.607 [Test worker] DEBUG org.apache.axis.transport.http.HTTPSender - -----------------------------------------------
23:36:47.607 [Test worker] DEBUG org.apache.axis.SOAPPart - Enter: SOAPPart::getAsSOAPEnvelope()
23:36:47.607 [Test worker] DEBUG org.apache.axis.i18n.ProjectResourceBundle - org.apache.axis.i18n.resource::handleGetObject(currForm)
23:36:47.607 [Test worker] DEBUG org.apache.axis.SOAPPart - current form is FORM_INPUTSTREAM
23:36:47.617 [Test worker] DEBUG org.apache.axis.i18n.ProjectResourceBundle - org.apache.axis.i18n.resource::handleGetObject(pushHandler00)
23:36:47.617 [Test worker] DEBUG org.apache.axis.encoding.DeserializationContext - Pushing handler org.apache.axis.message.EnvelopeHandler@316b198a
23:36:47.622 [Test worker] DEBUG org.apache.axis.encoding.DeserializationContext - Enter: DeserializationContext::startPrefixMapping(SOAP-ENV, http://schemas.xmlsoap.org/soap/envelope/)
23:36:47.622 [Test worker] DEBUG org.apache.axis.encoding.DeserializationContext - Exit: DeserializationContext::startPrefixMapping()
23:36:47.622 [Test worker] DEBUG org.apache.axis.encoding.DeserializationContext - Enter: DeserializationContext::startPrefixMapping(ns1, http://futureware.biz/mantisconnect)
23:36:47.622 [Test worker] DEBUG org.apache.axis.encoding.DeserializationContext - Exit: DeserializationContext::startPrefixMapping()
23:36:47.622 [Test worker] DEBUG org.apache.axis.encoding.DeserializationContext - Enter: DeserializationContext::startPrefixMapping(SOAP-ENC, http://schemas.xmlsoap.org/soap/encoding/)
23:36:47.622 [Test worker] DEBUG org.apache.axis.encoding.DeserializationContext - Exit: DeserializationContext::startPrefixMapping()
23:36:47.622 [Test worker] DEBUG org.apache.axis.encoding.DeserializationContext - Enter: DeserializationContext::startPrefixMapping(xsd, http://www.w3.org/2001/XMLSchema)
23:36:47.622 [Test worker] DEBUG org.apache.axis.encoding.DeserializationContext - Exit: DeserializationContext::startPrefixMapping()
23:36:47.622 [Test worker] DEBUG org.apache.axis.encoding.DeserializationContext - Enter: DeserializationContext::startPrefixMapping(xsi, http://www.w3.org/2001/XMLSchema-instance)
23:36:47.622 [Test worker] DEBUG org.apache.axis.encoding.DeserializationContext - Exit: DeserializationContext::startPrefixMapping()
23:36:47.622 [Test worker] DEBUG org.apache.axis.encoding.DeserializationContext - Enter: DeserializationContext::startElement(http://schemas.xmlsoap.org/soap/envelope/, Envelope)
23:36:47.622 [Test worker] DEBUG org.apache.axis.i18n.ProjectResourceBundle - org.apache.axis.i18n.resource::handleGetObject(pushHandler00)
23:36:47.622 [Test worker] DEBUG org.apache.axis.encoding.DeserializationContext - Pushing handler org.apache.axis.message.EnvelopeBuilder@42d55ea5
23:36:47.622 [Test worker] DEBUG org.apache.axis.encoding.DeserializationContext - Pushing element Envelope
23:36:47.622 [Test worker] DEBUG org.apache.axis.encoding.DeserializationContext - Exit: DeserializationContext::startElement()
23:36:47.623 [Test worker] DEBUG org.apache.axis.encoding.DeserializationContext - Enter: DeserializationContext::startElement(http://schemas.xmlsoap.org/soap/envelope/, Body)
23:36:47.624 [Test worker] DEBUG org.apache.axis.i18n.ProjectResourceBundle - org.apache.axis.i18n.resource::handleGetObject(pushHandler00)
23:36:47.624 [Test worker] DEBUG org.apache.axis.encoding.DeserializationContext - Pushing handler org.apache.axis.message.BodyBuilder@260d48ec
23:36:47.624 [Test worker] DEBUG org.apache.axis.i18n.ProjectResourceBundle - org.apache.axis.i18n.resource::handleGetObject(newElem00)
23:36:47.624 [Test worker] DEBUG org.apache.axis.message.MessageElement - New MessageElement (org.apache.axis.message.SOAPBody@4e450afe) named {SOAP-ENV}Body
23:36:47.624 [Test worker] DEBUG org.apache.axis.encoding.DeserializationContext - Pushing element Body
23:36:47.624 [Test worker] DEBUG org.apache.axis.encoding.DeserializationContext - Exit: DeserializationContext::startElement()
23:36:47.624 [Test worker] DEBUG org.apache.axis.encoding.DeserializationContext - Enter: DeserializationContext::startElement(http://futureware.biz/mantisconnect, mc_projects_get_user_accessibleResponse)
23:36:47.624 [Test worker] DEBUG org.apache.axis.message.BodyBuilder - Enter: BodyBuilder::onStartChild()
23:36:47.624 [Test worker] DEBUG org.apache.axis.i18n.ProjectResourceBundle - org.apache.axis.i18n.resource::handleGetObject(newElem00)
23:36:47.624 [Test worker] DEBUG org.apache.axis.message.MessageElement - New MessageElement (org.apache.axis.message.RPCElement@286af16c) named {ns1}mc_projects_get_user_accessibleResponse
23:36:47.624 [Test worker] DEBUG org.apache.axis.message.BodyBuilder - Exit: BodyBuilder::onStartChild()
23:36:47.624 [Test worker] DEBUG org.apache.axis.i18n.ProjectResourceBundle - org.apache.axis.i18n.resource::handleGetObject(pushHandler00)
23:36:47.624 [Test worker] DEBUG org.apache.axis.encoding.DeserializationContext - Pushing handler org.apache.axis.message.SOAPHandler@7a85deb1
23:36:47.624 [Test worker] DEBUG org.apache.axis.encoding.DeserializationContext - Pushing element mc_projects_get_user_accessibleResponse
23:36:47.625 [Test worker] DEBUG org.apache.axis.encoding.DeserializationContext - Exit: DeserializationContext::startElement()
23:36:47.625 [Test worker] DEBUG org.apache.axis.encoding.DeserializationContext - Enter: DeserializationContext::startElement(, return)
23:36:47.625 [Test worker] DEBUG org.apache.axis.i18n.ProjectResourceBundle - org.apache.axis.i18n.resource::handleGetObject(pushHandler00)
23:36:47.625 [Test worker] DEBUG org.apache.axis.encoding.DeserializationContext - Pushing handler org.apache.axis.message.SOAPHandler@3603b325
23:36:47.625 [Test worker] DEBUG org.apache.axis.i18n.ProjectResourceBundle - org.apache.axis.i18n.resource::handleGetObject(newElem00)
23:36:47.625 [Test worker] DEBUG org.apache.axis.message.MessageElement - New MessageElement (org.apache.axis.message.MessageElement@50f74de1) named {}return
23:36:47.625 [Test worker] DEBUG org.apache.axis.message.MessageElement -   SOAP-ENC:arrayType = 'ns1:ProjectData[1]'
23:36:47.625 [Test worker] DEBUG org.apache.axis.message.MessageElement -   xsi:type = 'SOAP-ENC:Array'
23:36:47.625 [Test worker] DEBUG org.apache.axis.encoding.DeserializationContext - Pushing element return
23:36:47.625 [Test worker] DEBUG org.apache.axis.encoding.DeserializationContext - Exit: DeserializationContext::startElement()
23:36:47.625 [Test worker] DEBUG org.apache.axis.encoding.DeserializationContext - Enter: DeserializationContext::startElement(, item)
23:36:47.625 [Test worker] DEBUG org.apache.axis.i18n.ProjectResourceBundle - org.apache.axis.i18n.resource::handleGetObject(pushHandler00)
23:36:47.625 [Test worker] DEBUG org.apache.axis.encoding.DeserializationContext - Pushing handler org.apache.axis.message.SOAPHandler@2fe93702
23:36:47.625 [Test worker] DEBUG org.apache.axis.i18n.ProjectResourceBundle - org.apache.axis.i18n.resource::handleGetObject(newElem00)
23:36:47.625 [Test worker] DEBUG org.apache.axis.message.MessageElement - New MessageElement (org.apache.axis.message.MessageElement@7bcd0418) named {}item
23:36:47.625 [Test worker] DEBUG org.apache.axis.message.MessageElement -   xsi:type = 'ns1:ProjectData'
23:36:47.625 [Test worker] DEBUG org.apache.axis.encoding.DeserializationContext - Pushing element item
23:36:47.625 [Test worker] DEBUG org.apache.axis.encoding.DeserializationContext - Exit: DeserializationContext::startElement()
23:36:47.625 [Test worker] DEBUG org.apache.axis.encoding.DeserializationContext - Enter: DeserializationContext::startElement(, id)
23:36:47.625 [Test worker] DEBUG org.apache.axis.i18n.ProjectResourceBundle - org.apache.axis.i18n.resource::handleGetObject(pushHandler00)
23:36:47.625 [Test worker] DEBUG org.apache.axis.encoding.DeserializationContext - Pushing handler org.apache.axis.message.SOAPHandler@50fc1adf
23:36:47.626 [Test worker] DEBUG org.apache.axis.i18n.ProjectResourceBundle - org.apache.axis.i18n.resource::handleGetObject(newElem00)
23:36:47.626 [Test worker] DEBUG org.apache.axis.message.MessageElement - New MessageElement (org.apache.axis.message.MessageElement@3a8ecd64) named {}id
23:36:47.626 [Test worker] DEBUG org.apache.axis.message.MessageElement -   xsi:type = 'xsd:integer'
23:36:47.626 [Test worker] DEBUG org.apache.axis.encoding.DeserializationContext - Pushing element id
23:36:47.626 [Test worker] DEBUG org.apache.axis.encoding.DeserializationContext - Exit: DeserializationContext::startElement()
23:36:47.626 [Test worker] DEBUG org.apache.axis.encoding.DeserializationContext - Enter: DeserializationContext::endElement(, id)
23:36:47.626 [Test worker] DEBUG org.apache.axis.i18n.ProjectResourceBundle - org.apache.axis.i18n.resource::handleGetObject(popHandler00)
23:36:47.626 [Test worker] DEBUG org.apache.axis.encoding.DeserializationContext - Popping handler org.apache.axis.message.SOAPHandler@50fc1adf
23:36:47.627 [Test worker] DEBUG org.apache.axis.encoding.DeserializationContext - Popped element stack to org.apache.axis.message.MessageElement:item
23:36:47.627 [Test worker] DEBUG org.apache.axis.encoding.DeserializationContext - Exit: DeserializationContext::endElement()
23:36:47.627 [Test worker] DEBUG org.apache.axis.encoding.DeserializationContext - Enter: DeserializationContext::startElement(, name)
23:36:47.627 [Test worker] DEBUG org.apache.axis.i18n.ProjectResourceBundle - org.apache.axis.i18n.resource::handleGetObject(pushHandler00)
23:36:47.627 [Test worker] DEBUG org.apache.axis.encoding.DeserializationContext - Pushing handler org.apache.axis.message.SOAPHandler@7fdd5f9e
23:36:47.627 [Test worker] DEBUG org.apache.axis.i18n.ProjectResourceBundle - org.apache.axis.i18n.resource::handleGetObject(newElem00)
23:36:47.628 [Test worker] DEBUG org.apache.axis.message.MessageElement - New MessageElement (org.apache.axis.message.MessageElement@33f458ec) named {}name
23:36:47.628 [Test worker] DEBUG org.apache.axis.message.MessageElement -   xsi:type = 'xsd:string'
23:36:47.628 [Test worker] DEBUG org.apache.axis.encoding.DeserializationContext - Pushing element name
23:36:47.628 [Test worker] DEBUG org.apache.axis.encoding.DeserializationContext - Exit: DeserializationContext::startElement()
23:36:47.628 [Test worker] DEBUG org.apache.axis.encoding.DeserializationContext - Enter: DeserializationContext::endElement(, name)
23:36:47.628 [Test worker] DEBUG org.apache.axis.i18n.ProjectResourceBundle - org.apache.axis.i18n.resource::handleGetObject(popHandler00)
23:36:47.628 [Test worker] DEBUG org.apache.axis.encoding.DeserializationContext - Popping handler org.apache.axis.message.SOAPHandler@7fdd5f9e
23:36:47.628 [Test worker] DEBUG org.apache.axis.encoding.DeserializationContext - Popped element stack to org.apache.axis.message.MessageElement:item
23:36:47.628 [Test worker] DEBUG org.apache.axis.encoding.DeserializationContext - Exit: DeserializationContext::endElement()
23:36:47.628 [Test worker] DEBUG org.apache.axis.encoding.DeserializationContext - Enter: DeserializationContext::startElement(, status)
23:36:47.628 [Test worker] DEBUG org.apache.axis.i18n.ProjectResourceBundle - org.apache.axis.i18n.resource::handleGetObject(pushHandler00)
23:36:47.628 [Test worker] DEBUG org.apache.axis.encoding.DeserializationContext - Pushing handler org.apache.axis.message.SOAPHandler@223c3bae
23:36:47.628 [Test worker] DEBUG org.apache.axis.i18n.ProjectResourceBundle - org.apache.axis.i18n.resource::handleGetObject(newElem00)
23:36:47.628 [Test worker] DEBUG org.apache.axis.message.MessageElement - New MessageElement (org.apache.axis.message.MessageElement@51fadc74) named {}status
23:36:47.629 [Test worker] DEBUG org.apache.axis.message.MessageElement -   xsi:type = 'ns1:ObjectRef'
23:36:47.629 [Test worker] DEBUG org.apache.axis.encoding.DeserializationContext - Pushing element status
23:36:47.629 [Test worker] DEBUG org.apache.axis.encoding.DeserializationContext - Exit: DeserializationContext::startElement()
23:36:47.629 [Test worker] DEBUG org.apache.axis.encoding.DeserializationContext - Enter: DeserializationContext::startElement(, id)
23:36:47.629 [Test worker] DEBUG org.apache.axis.i18n.ProjectResourceBundle - org.apache.axis.i18n.resource::handleGetObject(pushHandler00)
23:36:47.629 [Test worker] DEBUG org.apache.axis.encoding.DeserializationContext - Pushing handler org.apache.axis.message.SOAPHandler@444e487a
23:36:47.629 [Test worker] DEBUG org.apache.axis.i18n.ProjectResourceBundle - org.apache.axis.i18n.resource::handleGetObject(newElem00)
23:36:47.629 [Test worker] DEBUG org.apache.axis.message.MessageElement - New MessageElement (org.apache.axis.message.MessageElement@556c4b27) named {}id
23:36:47.629 [Test worker] DEBUG org.apache.axis.message.MessageElement -   xsi:type = 'xsd:integer'
23:36:47.629 [Test worker] DEBUG org.apache.axis.encoding.DeserializationContext - Pushing element id
23:36:47.629 [Test worker] DEBUG org.apache.axis.encoding.DeserializationContext - Exit: DeserializationContext::startElement()
23:36:47.629 [Test worker] DEBUG org.apache.axis.encoding.DeserializationContext - Enter: DeserializationContext::endElement(, id)
23:36:47.629 [Test worker] DEBUG org.apache.axis.i18n.ProjectResourceBundle - org.apache.axis.i18n.resource::handleGetObject(popHandler00)
23:36:47.629 [Test worker] DEBUG org.apache.axis.encoding.DeserializationContext - Popping handler org.apache.axis.message.SOAPHandler@444e487a
23:36:47.629 [Test worker] DEBUG org.apache.axis.encoding.DeserializationContext - Popped element stack to org.apache.axis.message.MessageElement:status
23:36:47.629 [Test worker] DEBUG org.apache.axis.encoding.DeserializationContext - Exit: DeserializationContext::endElement()
23:36:47.630 [Test worker] DEBUG org.apache.axis.encoding.DeserializationContext - Enter: DeserializationContext::startElement(, name)
23:36:47.630 [Test worker] DEBUG org.apache.axis.i18n.ProjectResourceBundle - org.apache.axis.i18n.resource::handleGetObject(pushHandler00)
23:36:47.630 [Test worker] DEBUG org.apache.axis.encoding.DeserializationContext - Pushing handler org.apache.axis.message.SOAPHandler@164eeb6f
23:36:47.630 [Test worker] DEBUG org.apache.axis.i18n.ProjectResourceBundle - org.apache.axis.i18n.resource::handleGetObject(newElem00)
23:36:47.630 [Test worker] DEBUG org.apache.axis.message.MessageElement - New MessageElement (org.apache.axis.message.MessageElement@11509cae) named {}name
23:36:47.630 [Test worker] DEBUG org.apache.axis.message.MessageElement -   xsi:type = 'xsd:string'
23:36:47.630 [Test worker] DEBUG org.apache.axis.encoding.DeserializationContext - Pushing element name
23:36:47.630 [Test worker] DEBUG org.apache.axis.encoding.DeserializationContext - Exit: DeserializationContext::startElement()
23:36:47.630 [Test worker] DEBUG org.apache.axis.encoding.DeserializationContext - Enter: DeserializationContext::endElement(, name)
23:36:47.630 [Test worker] DEBUG org.apache.axis.i18n.ProjectResourceBundle - org.apache.axis.i18n.resource::handleGetObject(popHandler00)
23:36:47.630 [Test worker] DEBUG org.apache.axis.encoding.DeserializationContext - Popping handler org.apache.axis.message.SOAPHandler@164eeb6f
23:36:47.630 [Test worker] DEBUG org.apache.axis.encoding.DeserializationContext - Popped element stack to org.apache.axis.message.MessageElement:status
23:36:47.630 [Test worker] DEBUG org.apache.axis.encoding.DeserializationContext - Exit: DeserializationContext::endElement()
23:36:47.630 [Test worker] DEBUG org.apache.axis.encoding.DeserializationContext - Enter: DeserializationContext::endElement(, status)
23:36:47.630 [Test worker] DEBUG org.apache.axis.i18n.ProjectResourceBundle - org.apache.axis.i18n.resource::handleGetObject(popHandler00)
23:36:47.630 [Test worker] DEBUG org.apache.axis.encoding.DeserializationContext - Popping handler org.apache.axis.message.SOAPHandler@223c3bae
23:36:47.630 [Test worker] DEBUG org.apache.axis.encoding.DeserializationContext - Popped element stack to org.apache.axis.message.MessageElement:item
23:36:47.630 [Test worker] DEBUG org.apache.axis.encoding.DeserializationContext - Exit: DeserializationContext::endElement()
23:36:47.630 [Test worker] DEBUG org.apache.axis.encoding.DeserializationContext - Enter: DeserializationContext::startElement(, enabled)
23:36:47.631 [Test worker] DEBUG org.apache.axis.i18n.ProjectResourceBundle - org.apache.axis.i18n.resource::handleGetObject(pushHandler00)
23:36:47.631 [Test worker] DEBUG org.apache.axis.encoding.DeserializationContext - Pushing handler org.apache.axis.message.SOAPHandler@276b1b66
23:36:47.631 [Test worker] DEBUG org.apache.axis.i18n.ProjectResourceBundle - org.apache.axis.i18n.resource::handleGetObject(newElem00)
23:36:47.631 [Test worker] DEBUG org.apache.axis.message.MessageElement - New MessageElement (org.apache.axis.message.MessageElement@106949df) named {}enabled
23:36:47.631 [Test worker] DEBUG org.apache.axis.message.MessageElement -   xsi:type = 'xsd:boolean'
23:36:47.631 [Test worker] DEBUG org.apache.axis.encoding.DeserializationContext - Pushing element enabled
23:36:47.631 [Test worker] DEBUG org.apache.axis.encoding.DeserializationContext - Exit: DeserializationContext::startElement()
23:36:47.631 [Test worker] DEBUG org.apache.axis.encoding.DeserializationContext - Enter: DeserializationContext::endElement(, enabled)
23:36:47.631 [Test worker] DEBUG org.apache.axis.i18n.ProjectResourceBundle - org.apache.axis.i18n.resource::handleGetObject(popHandler00)
23:36:47.631 [Test worker] DEBUG org.apache.axis.encoding.DeserializationContext - Popping handler org.apache.axis.message.SOAPHandler@276b1b66
23:36:47.631 [Test worker] DEBUG org.apache.axis.encoding.DeserializationContext - Popped element stack to org.apache.axis.message.MessageElement:item
23:36:47.631 [Test worker] DEBUG org.apache.axis.encoding.DeserializationContext - Exit: DeserializationContext::endElement()
23:36:47.631 [Test worker] DEBUG org.apache.axis.encoding.DeserializationContext - Enter: DeserializationContext::startElement(, view_state)
23:36:47.631 [Test worker] DEBUG org.apache.axis.i18n.ProjectResourceBundle - org.apache.axis.i18n.resource::handleGetObject(pushHandler00)
23:36:47.631 [Test worker] DEBUG org.apache.axis.encoding.DeserializationContext - Pushing handler org.apache.axis.message.SOAPHandler@719ddd2e
23:36:47.631 [Test worker] DEBUG org.apache.axis.i18n.ProjectResourceBundle - org.apache.axis.i18n.resource::handleGetObject(newElem00)
23:36:47.631 [Test worker] DEBUG org.apache.axis.message.MessageElement - New MessageElement (org.apache.axis.message.MessageElement@643d8a5f) named {}view_state
23:36:47.631 [Test worker] DEBUG org.apache.axis.message.MessageElement -   xsi:type = 'ns1:ObjectRef'
23:36:47.632 [Test worker] DEBUG org.apache.axis.encoding.DeserializationContext - Pushing element view_state
23:36:47.632 [Test worker] DEBUG org.apache.axis.encoding.DeserializationContext - Exit: DeserializationContext::startElement()
23:36:47.632 [Test worker] DEBUG org.apache.axis.encoding.DeserializationContext - Enter: DeserializationContext::startElement(, id)
23:36:47.632 [Test worker] DEBUG org.apache.axis.i18n.ProjectResourceBundle - org.apache.axis.i18n.resource::handleGetObject(pushHandler00)
23:36:47.632 [Test worker] DEBUG org.apache.axis.encoding.DeserializationContext - Pushing handler org.apache.axis.message.SOAPHandler@1b721d95
23:36:47.632 [Test worker] DEBUG org.apache.axis.i18n.ProjectResourceBundle - org.apache.axis.i18n.resource::handleGetObject(newElem00)
23:36:47.632 [Test worker] DEBUG org.apache.axis.message.MessageElement - New MessageElement (org.apache.axis.message.MessageElement@418f9895) named {}id
23:36:47.632 [Test worker] DEBUG org.apache.axis.message.MessageElement -   xsi:type = 'xsd:integer'
23:36:47.632 [Test worker] DEBUG org.apache.axis.encoding.DeserializationContext - Pushing element id
23:36:47.632 [Test worker] DEBUG org.apache.axis.encoding.DeserializationContext - Exit: DeserializationContext::startElement()
23:36:47.632 [Test worker] DEBUG org.apache.axis.encoding.DeserializationContext - Enter: DeserializationContext::endElement(, id)
23:36:47.632 [Test worker] DEBUG org.apache.axis.i18n.ProjectResourceBundle - org.apache.axis.i18n.resource::handleGetObject(popHandler00)
23:36:47.632 [Test worker] DEBUG org.apache.axis.encoding.DeserializationContext - Popping handler org.apache.axis.message.SOAPHandler@1b721d95
23:36:47.632 [Test worker] DEBUG org.apache.axis.encoding.DeserializationContext - Popped element stack to org.apache.axis.message.MessageElement:view_state
23:36:47.632 [Test worker] DEBUG org.apache.axis.encoding.DeserializationContext - Exit: DeserializationContext::endElement()
23:36:47.632 [Test worker] DEBUG org.apache.axis.encoding.DeserializationContext - Enter: DeserializationContext::startElement(, name)
23:36:47.632 [Test worker] DEBUG org.apache.axis.i18n.ProjectResourceBundle - org.apache.axis.i18n.resource::handleGetObject(pushHandler00)
23:36:47.632 [Test worker] DEBUG org.apache.axis.encoding.DeserializationContext - Pushing handler org.apache.axis.message.SOAPHandler@5e644927
23:36:47.632 [Test worker] DEBUG org.apache.axis.i18n.ProjectResourceBundle - org.apache.axis.i18n.resource::handleGetObject(newElem00)
23:36:47.632 [Test worker] DEBUG org.apache.axis.message.MessageElement - New MessageElement (org.apache.axis.message.MessageElement@56834fc6) named {}name
23:36:47.632 [Test worker] DEBUG org.apache.axis.message.MessageElement -   xsi:type = 'xsd:string'
23:36:47.632 [Test worker] DEBUG org.apache.axis.encoding.DeserializationContext - Pushing element name
23:36:47.632 [Test worker] DEBUG org.apache.axis.encoding.DeserializationContext - Exit: DeserializationContext::startElement()
23:36:47.632 [Test worker] DEBUG org.apache.axis.encoding.DeserializationContext - Enter: DeserializationContext::endElement(, name)
23:36:47.632 [Test worker] DEBUG org.apache.axis.i18n.ProjectResourceBundle - org.apache.axis.i18n.resource::handleGetObject(popHandler00)
23:36:47.632 [Test worker] DEBUG org.apache.axis.encoding.DeserializationContext - Popping handler org.apache.axis.message.SOAPHandler@5e644927
23:36:47.632 [Test worker] DEBUG org.apache.axis.encoding.DeserializationContext - Popped element stack to org.apache.axis.message.MessageElement:view_state
23:36:47.632 [Test worker] DEBUG org.apache.axis.encoding.DeserializationContext - Exit: DeserializationContext::endElement()
23:36:47.632 [Test worker] DEBUG org.apache.axis.encoding.DeserializationContext - Enter: DeserializationContext::endElement(, view_state)
23:36:47.632 [Test worker] DEBUG org.apache.axis.i18n.ProjectResourceBundle - org.apache.axis.i18n.resource::handleGetObject(popHandler00)
23:36:47.632 [Test worker] DEBUG org.apache.axis.encoding.DeserializationContext - Popping handler org.apache.axis.message.SOAPHandler@719ddd2e
23:36:47.632 [Test worker] DEBUG org.apache.axis.encoding.DeserializationContext - Popped element stack to org.apache.axis.message.MessageElement:item
23:36:47.632 [Test worker] DEBUG org.apache.axis.encoding.DeserializationContext - Exit: DeserializationContext::endElement()
23:36:47.632 [Test worker] DEBUG org.apache.axis.encoding.DeserializationContext - Enter: DeserializationContext::startElement(, access_min)
23:36:47.632 [Test worker] DEBUG org.apache.axis.i18n.ProjectResourceBundle - org.apache.axis.i18n.resource::handleGetObject(pushHandler00)
23:36:47.632 [Test worker] DEBUG org.apache.axis.encoding.DeserializationContext - Pushing handler org.apache.axis.message.SOAPHandler@5d166e36
23:36:47.632 [Test worker] DEBUG org.apache.axis.i18n.ProjectResourceBundle - org.apache.axis.i18n.resource::handleGetObject(newElem00)
23:36:47.632 [Test worker] DEBUG org.apache.axis.message.MessageElement - New MessageElement (org.apache.axis.message.MessageElement@60601e31) named {}access_min
23:36:47.632 [Test worker] DEBUG org.apache.axis.message.MessageElement -   xsi:type = 'ns1:ObjectRef'
23:36:47.632 [Test worker] DEBUG org.apache.axis.encoding.DeserializationContext - Pushing element access_min
23:36:47.633 [Test worker] DEBUG org.apache.axis.encoding.DeserializationContext - Exit: DeserializationContext::startElement()
23:36:47.633 [Test worker] DEBUG org.apache.axis.encoding.DeserializationContext - Enter: DeserializationContext::startElement(, id)
23:36:47.633 [Test worker] DEBUG org.apache.axis.i18n.ProjectResourceBundle - org.apache.axis.i18n.resource::handleGetObject(pushHandler00)
23:36:47.633 [Test worker] DEBUG org.apache.axis.encoding.DeserializationContext - Pushing handler org.apache.axis.message.SOAPHandler@1cb14e6b
23:36:47.633 [Test worker] DEBUG org.apache.axis.i18n.ProjectResourceBundle - org.apache.axis.i18n.resource::handleGetObject(newElem00)
23:36:47.633 [Test worker] DEBUG org.apache.axis.message.MessageElement - New MessageElement (org.apache.axis.message.MessageElement@5000df44) named {}id
23:36:47.633 [Test worker] DEBUG org.apache.axis.message.MessageElement -   xsi:type = 'xsd:integer'
23:36:47.633 [Test worker] DEBUG org.apache.axis.encoding.DeserializationContext - Pushing element id
23:36:47.633 [Test worker] DEBUG org.apache.axis.encoding.DeserializationContext - Exit: DeserializationContext::startElement()
23:36:47.633 [Test worker] DEBUG org.apache.axis.encoding.DeserializationContext - Enter: DeserializationContext::endElement(, id)
23:36:47.633 [Test worker] DEBUG org.apache.axis.i18n.ProjectResourceBundle - org.apache.axis.i18n.resource::handleGetObject(popHandler00)
23:36:47.633 [Test worker] DEBUG org.apache.axis.encoding.DeserializationContext - Popping handler org.apache.axis.message.SOAPHandler@1cb14e6b
23:36:47.633 [Test worker] DEBUG org.apache.axis.encoding.DeserializationContext - Popped element stack to org.apache.axis.message.MessageElement:access_min
23:36:47.633 [Test worker] DEBUG org.apache.axis.encoding.DeserializationContext - Exit: DeserializationContext::endElement()
23:36:47.633 [Test worker] DEBUG org.apache.axis.encoding.DeserializationContext - Enter: DeserializationContext::startElement(, name)
23:36:47.633 [Test worker] DEBUG org.apache.axis.i18n.ProjectResourceBundle - org.apache.axis.i18n.resource::handleGetObject(pushHandler00)
23:36:47.633 [Test worker] DEBUG org.apache.axis.encoding.DeserializationContext - Pushing handler org.apache.axis.message.SOAPHandler@3e897cac
23:36:47.633 [Test worker] DEBUG org.apache.axis.i18n.ProjectResourceBundle - org.apache.axis.i18n.resource::handleGetObject(newElem00)
23:36:47.633 [Test worker] DEBUG org.apache.axis.message.MessageElement - New MessageElement (org.apache.axis.message.MessageElement@5e787cda) named {}name
23:36:47.633 [Test worker] DEBUG org.apache.axis.message.MessageElement -   xsi:type = 'xsd:string'
23:36:47.633 [Test worker] DEBUG org.apache.axis.encoding.DeserializationContext - Pushing element name
23:36:47.633 [Test worker] DEBUG org.apache.axis.encoding.DeserializationContext - Exit: DeserializationContext::startElement()
23:36:47.633 [Test worker] DEBUG org.apache.axis.encoding.DeserializationContext - Enter: DeserializationContext::endElement(, name)
23:36:47.633 [Test worker] DEBUG org.apache.axis.i18n.ProjectResourceBundle - org.apache.axis.i18n.resource::handleGetObject(popHandler00)
23:36:47.633 [Test worker] DEBUG org.apache.axis.encoding.DeserializationContext - Popping handler org.apache.axis.message.SOAPHandler@3e897cac
23:36:47.633 [Test worker] DEBUG org.apache.axis.encoding.DeserializationContext - Popped element stack to org.apache.axis.message.MessageElement:access_min
23:36:47.633 [Test worker] DEBUG org.apache.axis.encoding.DeserializationContext - Exit: DeserializationContext::endElement()
23:36:47.633 [Test worker] DEBUG org.apache.axis.encoding.DeserializationContext - Enter: DeserializationContext::endElement(, access_min)
23:36:47.633 [Test worker] DEBUG org.apache.axis.i18n.ProjectResourceBundle - org.apache.axis.i18n.resource::handleGetObject(popHandler00)
23:36:47.633 [Test worker] DEBUG org.apache.axis.encoding.DeserializationContext - Popping handler org.apache.axis.message.SOAPHandler@5d166e36
23:36:47.633 [Test worker] DEBUG org.apache.axis.encoding.DeserializationContext - Popped element stack to org.apache.axis.message.MessageElement:item
23:36:47.633 [Test worker] DEBUG org.apache.axis.encoding.DeserializationContext - Exit: DeserializationContext::endElement()
23:36:47.633 [Test worker] DEBUG org.apache.axis.encoding.DeserializationContext - Enter: DeserializationContext::startElement(, file_path)
23:36:47.633 [Test worker] DEBUG org.apache.axis.i18n.ProjectResourceBundle - org.apache.axis.i18n.resource::handleGetObject(pushHandler00)
23:36:47.633 [Test worker] DEBUG org.apache.axis.encoding.DeserializationContext - Pushing handler org.apache.axis.message.SOAPHandler@48aca368
23:36:47.633 [Test worker] DEBUG org.apache.axis.i18n.ProjectResourceBundle - org.apache.axis.i18n.resource::handleGetObject(newElem00)
23:36:47.633 [Test worker] DEBUG org.apache.axis.message.MessageElement - New MessageElement (org.apache.axis.message.MessageElement@1e80afc6) named {}file_path
23:36:47.633 [Test worker] DEBUG org.apache.axis.message.MessageElement -   xsi:type = 'xsd:string'
23:36:47.633 [Test worker] DEBUG org.apache.axis.encoding.DeserializationContext - Pushing element file_path
23:36:47.633 [Test worker] DEBUG org.apache.axis.encoding.DeserializationContext - Exit: DeserializationContext::startElement()
23:36:47.633 [Test worker] DEBUG org.apache.axis.encoding.DeserializationContext - Enter: DeserializationContext::endElement(, file_path)
23:36:47.633 [Test worker] DEBUG org.apache.axis.i18n.ProjectResourceBundle - org.apache.axis.i18n.resource::handleGetObject(popHandler00)
23:36:47.634 [Test worker] DEBUG org.apache.axis.encoding.DeserializationContext - Popping handler org.apache.axis.message.SOAPHandler@48aca368
23:36:47.634 [Test worker] DEBUG org.apache.axis.encoding.DeserializationContext - Popped element stack to org.apache.axis.message.MessageElement:item
23:36:47.634 [Test worker] DEBUG org.apache.axis.encoding.DeserializationContext - Exit: DeserializationContext::endElement()
23:36:47.634 [Test worker] DEBUG org.apache.axis.encoding.DeserializationContext - Enter: DeserializationContext::startElement(, description)
23:36:47.634 [Test worker] DEBUG org.apache.axis.i18n.ProjectResourceBundle - org.apache.axis.i18n.resource::handleGetObject(pushHandler00)
23:36:47.634 [Test worker] DEBUG org.apache.axis.encoding.DeserializationContext - Pushing handler org.apache.axis.message.SOAPHandler@6b99cca6
23:36:47.634 [Test worker] DEBUG org.apache.axis.i18n.ProjectResourceBundle - org.apache.axis.i18n.resource::handleGetObject(newElem00)
23:36:47.634 [Test worker] DEBUG org.apache.axis.message.MessageElement - New MessageElement (org.apache.axis.message.MessageElement@769ae3a3) named {}description
23:36:47.634 [Test worker] DEBUG org.apache.axis.message.MessageElement -   xsi:type = 'xsd:string'
23:36:47.634 [Test worker] DEBUG org.apache.axis.encoding.DeserializationContext - Pushing element description
23:36:47.634 [Test worker] DEBUG org.apache.axis.encoding.DeserializationContext - Exit: DeserializationContext::startElement()
23:36:47.634 [Test worker] DEBUG org.apache.axis.encoding.DeserializationContext - Enter: DeserializationContext::endElement(, description)
23:36:47.634 [Test worker] DEBUG org.apache.axis.i18n.ProjectResourceBundle - org.apache.axis.i18n.resource::handleGetObject(popHandler00)
23:36:47.634 [Test worker] DEBUG org.apache.axis.encoding.DeserializationContext - Popping handler org.apache.axis.message.SOAPHandler@6b99cca6
23:36:47.634 [Test worker] DEBUG org.apache.axis.encoding.DeserializationContext - Popped element stack to org.apache.axis.message.MessageElement:item
23:36:47.634 [Test worker] DEBUG org.apache.axis.encoding.DeserializationContext - Exit: DeserializationContext::endElement()
23:36:47.634 [Test worker] DEBUG org.apache.axis.encoding.DeserializationContext - Enter: DeserializationContext::startElement(, subprojects)
23:36:47.634 [Test worker] DEBUG org.apache.axis.i18n.ProjectResourceBundle - org.apache.axis.i18n.resource::handleGetObject(pushHandler00)
23:36:47.634 [Test worker] DEBUG org.apache.axis.encoding.DeserializationContext - Pushing handler org.apache.axis.message.SOAPHandler@5b00b9fb
23:36:47.634 [Test worker] DEBUG org.apache.axis.i18n.ProjectResourceBundle - org.apache.axis.i18n.resource::handleGetObject(newElem00)
23:36:47.634 [Test worker] DEBUG org.apache.axis.message.MessageElement - New MessageElement (org.apache.axis.message.MessageElement@4065d3c2) named {}subprojects
23:36:47.634 [Test worker] DEBUG org.apache.axis.message.MessageElement -   SOAP-ENC:arrayType = 'ns1:ProjectData[0]'
23:36:47.634 [Test worker] DEBUG org.apache.axis.message.MessageElement -   xsi:type = 'SOAP-ENC:Array'
23:36:47.634 [Test worker] DEBUG org.apache.axis.encoding.DeserializationContext - Pushing element subprojects
23:36:47.634 [Test worker] DEBUG org.apache.axis.encoding.DeserializationContext - Exit: DeserializationContext::startElement()
23:36:47.634 [Test worker] DEBUG org.apache.axis.encoding.DeserializationContext - Enter: DeserializationContext::endElement(, subprojects)
23:36:47.634 [Test worker] DEBUG org.apache.axis.i18n.ProjectResourceBundle - org.apache.axis.i18n.resource::handleGetObject(popHandler00)
23:36:47.634 [Test worker] DEBUG org.apache.axis.encoding.DeserializationContext - Popping handler org.apache.axis.message.SOAPHandler@5b00b9fb
23:36:47.634 [Test worker] DEBUG org.apache.axis.encoding.DeserializationContext - Popped element stack to org.apache.axis.message.MessageElement:item
23:36:47.634 [Test worker] DEBUG org.apache.axis.encoding.DeserializationContext - Exit: DeserializationContext::endElement()
23:36:47.634 [Test worker] DEBUG org.apache.axis.encoding.DeserializationContext - Enter: DeserializationContext::endElement(, item)
23:36:47.635 [Test worker] DEBUG org.apache.axis.i18n.ProjectResourceBundle - org.apache.axis.i18n.resource::handleGetObject(popHandler00)
23:36:47.635 [Test worker] DEBUG org.apache.axis.encoding.DeserializationContext - Popping handler org.apache.axis.message.SOAPHandler@2fe93702
23:36:47.635 [Test worker] DEBUG org.apache.axis.encoding.DeserializationContext - Popped element stack to org.apache.axis.message.MessageElement:return
23:36:47.635 [Test worker] DEBUG org.apache.axis.encoding.DeserializationContext - Exit: DeserializationContext::endElement()
23:36:47.635 [Test worker] DEBUG org.apache.axis.encoding.DeserializationContext - Enter: DeserializationContext::endElement(, return)
23:36:47.635 [Test worker] DEBUG org.apache.axis.i18n.ProjectResourceBundle - org.apache.axis.i18n.resource::handleGetObject(popHandler00)
23:36:47.635 [Test worker] DEBUG org.apache.axis.encoding.DeserializationContext - Popping handler org.apache.axis.message.SOAPHandler@3603b325
23:36:47.635 [Test worker] DEBUG org.apache.axis.encoding.DeserializationContext - Popped element stack to org.apache.axis.message.RPCElement:mc_projects_get_user_accessibleResponse
23:36:47.635 [Test worker] DEBUG org.apache.axis.encoding.DeserializationContext - Exit: DeserializationContext::endElement()
23:36:47.635 [Test worker] DEBUG org.apache.axis.encoding.DeserializationContext - Enter: DeserializationContext::endElement(http://futureware.biz/mantisconnect, mc_projects_get_user_accessibleResponse)
23:36:47.635 [Test worker] DEBUG org.apache.axis.i18n.ProjectResourceBundle - org.apache.axis.i18n.resource::handleGetObject(popHandler00)
23:36:47.635 [Test worker] DEBUG org.apache.axis.encoding.DeserializationContext - Popping handler org.apache.axis.message.SOAPHandler@7a85deb1
23:36:47.635 [Test worker] DEBUG org.apache.axis.encoding.DeserializationContext - Popped element stack to org.apache.axis.message.SOAPBody:Body
23:36:47.635 [Test worker] DEBUG org.apache.axis.encoding.DeserializationContext - Exit: DeserializationContext::endElement()
23:36:47.635 [Test worker] DEBUG org.apache.axis.encoding.DeserializationContext - Enter: DeserializationContext::endElement(http://schemas.xmlsoap.org/soap/envelope/, Body)
23:36:47.635 [Test worker] DEBUG org.apache.axis.i18n.ProjectResourceBundle - org.apache.axis.i18n.resource::handleGetObject(popHandler00)
23:36:47.635 [Test worker] DEBUG org.apache.axis.encoding.DeserializationContext - Popping handler org.apache.axis.message.BodyBuilder@260d48ec
23:36:47.635 [Test worker] DEBUG org.apache.axis.encoding.DeserializationContext - Popped element stack to org.apache.axis.message.SOAPEnvelope:Envelope
23:36:47.635 [Test worker] DEBUG org.apache.axis.encoding.DeserializationContext - Exit: DeserializationContext::endElement()
23:36:47.635 [Test worker] DEBUG org.apache.axis.encoding.DeserializationContext - Enter: DeserializationContext::endElement(http://schemas.xmlsoap.org/soap/envelope/, Envelope)
23:36:47.635 [Test worker] DEBUG org.apache.axis.i18n.ProjectResourceBundle - org.apache.axis.i18n.resource::handleGetObject(popHandler00)
23:36:47.635 [Test worker] DEBUG org.apache.axis.encoding.DeserializationContext - Popping handler org.apache.axis.message.EnvelopeBuilder@42d55ea5
23:36:47.635 [Test worker] DEBUG org.apache.axis.encoding.DeserializationContext - Popped element stack to null
23:36:47.635 [Test worker] DEBUG org.apache.axis.encoding.DeserializationContext - Exit: DeserializationContext::endElement()
23:36:47.635 [Test worker] DEBUG org.apache.axis.encoding.DeserializationContext - Enter: DeserializationContext::endPrefixMapping(SOAP-ENV)
23:36:47.635 [Test worker] DEBUG org.apache.axis.encoding.DeserializationContext - Exit: DeserializationContext::endPrefixMapping()
23:36:47.635 [Test worker] DEBUG org.apache.axis.encoding.DeserializationContext - Enter: DeserializationContext::endPrefixMapping(ns1)
23:36:47.635 [Test worker] DEBUG org.apache.axis.encoding.DeserializationContext - Exit: DeserializationContext::endPrefixMapping()
23:36:47.635 [Test worker] DEBUG org.apache.axis.encoding.DeserializationContext - Enter: DeserializationContext::endPrefixMapping(SOAP-ENC)
23:36:47.635 [Test worker] DEBUG org.apache.axis.encoding.DeserializationContext - Exit: DeserializationContext::endPrefixMapping()
23:36:47.635 [Test worker] DEBUG org.apache.axis.encoding.DeserializationContext - Enter: DeserializationContext::endPrefixMapping(xsd)
23:36:47.635 [Test worker] DEBUG org.apache.axis.encoding.DeserializationContext - Exit: DeserializationContext::endPrefixMapping()
23:36:47.636 [Test worker] DEBUG org.apache.axis.encoding.DeserializationContext - Enter: DeserializationContext::endPrefixMapping(xsi)
23:36:47.636 [Test worker] DEBUG org.apache.axis.encoding.DeserializationContext - Exit: DeserializationContext::endPrefixMapping()
23:36:47.636 [Test worker] DEBUG org.apache.axis.encoding.DeserializationContext - Enter: DeserializationContext::endDocument()
23:36:47.636 [Test worker] DEBUG org.apache.axis.encoding.DeserializationContext - Exit: DeserializationContext::endDocument()
23:36:47.636 [Test worker] DEBUG org.apache.axis.i18n.ProjectResourceBundle - org.apache.axis.i18n.resource::handleGetObject(setMsgForm)
23:36:47.636 [Test worker] DEBUG org.apache.axis.SOAPPart - Setting current message form to: FORM_SOAPENVELOPE (currentMessage is now org.apache.axis.message.SOAPEnvelope)
23:36:47.636 [Test worker] DEBUG org.apache.axis.SOAPPart - Exit: SOAPPart::getAsSOAPEnvelope
23:36:47.636 [Test worker] DEBUG org.apache.axis.i18n.ProjectResourceBundle - org.apache.axis.i18n.resource::handleGetObject(register00)
23:36:47.636 [Test worker] DEBUG org.apache.axis.encoding.SerializationContext - register 'SOAP-ENV' - 'http://schemas.xmlsoap.org/soap/envelope/'
23:36:47.636 [Test worker] DEBUG org.apache.axis.i18n.ProjectResourceBundle - org.apache.axis.i18n.resource::handleGetObject(register00)
23:36:47.636 [Test worker] DEBUG org.apache.axis.encoding.SerializationContext - register 'ns1' - 'http://futureware.biz/mantisconnect'
23:36:47.636 [Test worker] DEBUG org.apache.axis.i18n.ProjectResourceBundle - org.apache.axis.i18n.resource::handleGetObject(register00)
23:36:47.637 [Test worker] DEBUG org.apache.axis.encoding.SerializationContext - register 'SOAP-ENC' - 'http://schemas.xmlsoap.org/soap/encoding/'
23:36:47.637 [Test worker] DEBUG org.apache.axis.i18n.ProjectResourceBundle - org.apache.axis.i18n.resource::handleGetObject(register00)
23:36:47.637 [Test worker] DEBUG org.apache.axis.encoding.SerializationContext - register 'xsd' - 'http://www.w3.org/2001/XMLSchema'
23:36:47.637 [Test worker] DEBUG org.apache.axis.i18n.ProjectResourceBundle - org.apache.axis.i18n.resource::handleGetObject(register00)
23:36:47.637 [Test worker] DEBUG org.apache.axis.encoding.SerializationContext - register 'xsi' - 'http://www.w3.org/2001/XMLSchema-instance'
23:36:47.637 [Test worker] DEBUG org.apache.axis.i18n.ProjectResourceBundle - org.apache.axis.i18n.resource::handleGetObject(startElem00)
23:36:47.637 [Test worker] DEBUG org.apache.axis.encoding.SerializationContext - Start element [http://schemas.xmlsoap.org/soap/envelope/]:Envelope
23:36:47.637 [Test worker] DEBUG org.apache.axis.i18n.ProjectResourceBundle - org.apache.axis.i18n.resource::handleGetObject(startElem00)
23:36:47.637 [Test worker] DEBUG org.apache.axis.encoding.SerializationContext - Start element [http://schemas.xmlsoap.org/soap/envelope/]:Body
23:36:47.638 [Test worker] DEBUG org.apache.axis.message.SAXOutputter - SAXOutputter.startElement ['http://futureware.biz/mantisconnect' mc_projects_get_user_accessibleResponse]
23:36:47.638 [Test worker] DEBUG org.apache.axis.i18n.ProjectResourceBundle - org.apache.axis.i18n.resource::handleGetObject(startElem00)
23:36:47.638 [Test worker] DEBUG org.apache.axis.encoding.SerializationContext - Start element [http://futureware.biz/mantisconnect]:mc_projects_get_user_accessibleResponse
23:36:47.638 [Test worker] DEBUG org.apache.axis.message.SAXOutputter - SAXOutputter.startElement ['' return]
23:36:47.638 [Test worker] DEBUG org.apache.axis.i18n.ProjectResourceBundle - org.apache.axis.i18n.resource::handleGetObject(startElem00)
23:36:47.638 [Test worker] DEBUG org.apache.axis.encoding.SerializationContext - Start element []:return
23:36:47.638 [Test worker] DEBUG org.apache.axis.message.SAXOutputter - SAXOutputter.startElement ['' item]
23:36:47.638 [Test worker] DEBUG org.apache.axis.i18n.ProjectResourceBundle - org.apache.axis.i18n.resource::handleGetObject(startElem00)
23:36:47.638 [Test worker] DEBUG org.apache.axis.encoding.SerializationContext - Start element []:item
23:36:47.638 [Test worker] DEBUG org.apache.axis.message.SAXOutputter - SAXOutputter.startElement ['' id]
23:36:47.638 [Test worker] DEBUG org.apache.axis.i18n.ProjectResourceBundle - org.apache.axis.i18n.resource::handleGetObject(startElem00)
23:36:47.639 [Test worker] DEBUG org.apache.axis.encoding.SerializationContext - Start element []:id
23:36:47.639 [Test worker] DEBUG org.apache.axis.message.SAXOutputter - SAXOutputter.characters ['1']
23:36:47.639 [Test worker] DEBUG org.apache.axis.message.SAXOutputter - SAXOutputter.endElement ['' id]
23:36:47.639 [Test worker] DEBUG org.apache.axis.i18n.ProjectResourceBundle - org.apache.axis.i18n.resource::handleGetObject(endElem00)
23:36:47.639 [Test worker] DEBUG org.apache.axis.encoding.SerializationContext - End element id
23:36:47.639 [Test worker] DEBUG org.apache.axis.message.SAXOutputter - SAXOutputter.startElement ['' name]
23:36:47.639 [Test worker] DEBUG org.apache.axis.i18n.ProjectResourceBundle - org.apache.axis.i18n.resource::handleGetObject(startElem00)
23:36:47.639 [Test worker] DEBUG org.apache.axis.encoding.SerializationContext - Start element []:name
23:36:47.639 [Test worker] DEBUG org.apache.axis.message.SAXOutputter - SAXOutputter.characters ['test']
23:36:47.639 [Test worker] DEBUG org.apache.axis.message.SAXOutputter - SAXOutputter.endElement ['' name]
23:36:47.639 [Test worker] DEBUG org.apache.axis.i18n.ProjectResourceBundle - org.apache.axis.i18n.resource::handleGetObject(endElem00)
23:36:47.639 [Test worker] DEBUG org.apache.axis.encoding.SerializationContext - End element name
23:36:47.639 [Test worker] DEBUG org.apache.axis.message.SAXOutputter - SAXOutputter.startElement ['' status]
23:36:47.639 [Test worker] DEBUG org.apache.axis.i18n.ProjectResourceBundle - org.apache.axis.i18n.resource::handleGetObject(startElem00)
23:36:47.639 [Test worker] DEBUG org.apache.axis.encoding.SerializationContext - Start element []:status
23:36:47.639 [Test worker] DEBUG org.apache.axis.message.SAXOutputter - SAXOutputter.startElement ['' id]
23:36:47.639 [Test worker] DEBUG org.apache.axis.i18n.ProjectResourceBundle - org.apache.axis.i18n.resource::handleGetObject(startElem00)
23:36:47.639 [Test worker] DEBUG org.apache.axis.encoding.SerializationContext - Start element []:id
23:36:47.639 [Test worker] DEBUG org.apache.axis.message.SAXOutputter - SAXOutputter.characters ['50']
23:36:47.639 [Test worker] DEBUG org.apache.axis.message.SAXOutputter - SAXOutputter.endElement ['' id]
23:36:47.639 [Test worker] DEBUG org.apache.axis.i18n.ProjectResourceBundle - org.apache.axis.i18n.resource::handleGetObject(endElem00)
23:36:47.639 [Test worker] DEBUG org.apache.axis.encoding.SerializationContext - End element id
23:36:47.639 [Test worker] DEBUG org.apache.axis.message.SAXOutputter - SAXOutputter.startElement ['' name]
23:36:47.639 [Test worker] DEBUG org.apache.axis.i18n.ProjectResourceBundle - org.apache.axis.i18n.resource::handleGetObject(startElem00)
23:36:47.639 [Test worker] DEBUG org.apache.axis.encoding.SerializationContext - Start element []:name
23:36:47.639 [Test worker] DEBUG org.apache.axis.message.SAXOutputter - SAXOutputter.characters ['stable']
23:36:47.639 [Test worker] DEBUG org.apache.axis.message.SAXOutputter - SAXOutputter.endElement ['' name]
23:36:47.639 [Test worker] DEBUG org.apache.axis.i18n.ProjectResourceBundle - org.apache.axis.i18n.resource::handleGetObject(endElem00)
23:36:47.639 [Test worker] DEBUG org.apache.axis.encoding.SerializationContext - End element name
23:36:47.639 [Test worker] DEBUG org.apache.axis.message.SAXOutputter - SAXOutputter.endElement ['' status]
23:36:47.639 [Test worker] DEBUG org.apache.axis.i18n.ProjectResourceBundle - org.apache.axis.i18n.resource::handleGetObject(endElem00)
23:36:47.639 [Test worker] DEBUG org.apache.axis.encoding.SerializationContext - End element status
23:36:47.639 [Test worker] DEBUG org.apache.axis.message.SAXOutputter - SAXOutputter.startElement ['' enabled]
23:36:47.639 [Test worker] DEBUG org.apache.axis.i18n.ProjectResourceBundle - org.apache.axis.i18n.resource::handleGetObject(startElem00)
23:36:47.639 [Test worker] DEBUG org.apache.axis.encoding.SerializationContext - Start element []:enabled
23:36:47.639 [Test worker] DEBUG org.apache.axis.message.SAXOutputter - SAXOutputter.characters ['true']
23:36:47.639 [Test worker] DEBUG org.apache.axis.message.SAXOutputter - SAXOutputter.endElement ['' enabled]
23:36:47.639 [Test worker] DEBUG org.apache.axis.i18n.ProjectResourceBundle - org.apache.axis.i18n.resource::handleGetObject(endElem00)
23:36:47.640 [Test worker] DEBUG org.apache.axis.encoding.SerializationContext - End element enabled
23:36:47.640 [Test worker] DEBUG org.apache.axis.message.SAXOutputter - SAXOutputter.startElement ['' view_state]
23:36:47.640 [Test worker] DEBUG org.apache.axis.i18n.ProjectResourceBundle - org.apache.axis.i18n.resource::handleGetObject(startElem00)
23:36:47.640 [Test worker] DEBUG org.apache.axis.encoding.SerializationContext - Start element []:view_state
23:36:47.640 [Test worker] DEBUG org.apache.axis.message.SAXOutputter - SAXOutputter.startElement ['' id]
23:36:47.640 [Test worker] DEBUG org.apache.axis.i18n.ProjectResourceBundle - org.apache.axis.i18n.resource::handleGetObject(startElem00)
23:36:47.640 [Test worker] DEBUG org.apache.axis.encoding.SerializationContext - Start element []:id
23:36:47.640 [Test worker] DEBUG org.apache.axis.message.SAXOutputter - SAXOutputter.characters ['10']
23:36:47.640 [Test worker] DEBUG org.apache.axis.message.SAXOutputter - SAXOutputter.endElement ['' id]
23:36:47.640 [Test worker] DEBUG org.apache.axis.i18n.ProjectResourceBundle - org.apache.axis.i18n.resource::handleGetObject(endElem00)
23:36:47.640 [Test worker] DEBUG org.apache.axis.encoding.SerializationContext - End element id
23:36:47.640 [Test worker] DEBUG org.apache.axis.message.SAXOutputter - SAXOutputter.startElement ['' name]
23:36:47.640 [Test worker] DEBUG org.apache.axis.i18n.ProjectResourceBundle - org.apache.axis.i18n.resource::handleGetObject(startElem00)
23:36:47.640 [Test worker] DEBUG org.apache.axis.encoding.SerializationContext - Start element []:name
23:36:47.640 [Test worker] DEBUG org.apache.axis.message.SAXOutputter - SAXOutputter.characters ['public']
23:36:47.640 [Test worker] DEBUG org.apache.axis.message.SAXOutputter - SAXOutputter.endElement ['' name]
23:36:47.640 [Test worker] DEBUG org.apache.axis.i18n.ProjectResourceBundle - org.apache.axis.i18n.resource::handleGetObject(endElem00)
23:36:47.640 [Test worker] DEBUG org.apache.axis.encoding.SerializationContext - End element name
23:36:47.640 [Test worker] DEBUG org.apache.axis.message.SAXOutputter - SAXOutputter.endElement ['' view_state]
23:36:47.640 [Test worker] DEBUG org.apache.axis.i18n.ProjectResourceBundle - org.apache.axis.i18n.resource::handleGetObject(endElem00)
23:36:47.640 [Test worker] DEBUG org.apache.axis.encoding.SerializationContext - End element view_state
23:36:47.640 [Test worker] DEBUG org.apache.axis.message.SAXOutputter - SAXOutputter.startElement ['' access_min]
23:36:47.640 [Test worker] DEBUG org.apache.axis.i18n.ProjectResourceBundle - org.apache.axis.i18n.resource::handleGetObject(startElem00)
23:36:47.640 [Test worker] DEBUG org.apache.axis.encoding.SerializationContext - Start element []:access_min
23:36:47.640 [Test worker] DEBUG org.apache.axis.message.SAXOutputter - SAXOutputter.startElement ['' id]
23:36:47.640 [Test worker] DEBUG org.apache.axis.i18n.ProjectResourceBundle - org.apache.axis.i18n.resource::handleGetObject(startElem00)
23:36:47.640 [Test worker] DEBUG org.apache.axis.encoding.SerializationContext - Start element []:id
23:36:47.640 [Test worker] DEBUG org.apache.axis.message.SAXOutputter - SAXOutputter.characters ['10']
23:36:47.640 [Test worker] DEBUG org.apache.axis.message.SAXOutputter - SAXOutputter.endElement ['' id]
23:36:47.640 [Test worker] DEBUG org.apache.axis.i18n.ProjectResourceBundle - org.apache.axis.i18n.resource::handleGetObject(endElem00)
23:36:47.641 [Test worker] DEBUG org.apache.axis.encoding.SerializationContext - End element id
23:36:47.641 [Test worker] DEBUG org.apache.axis.message.SAXOutputter - SAXOutputter.startElement ['' name]
23:36:47.641 [Test worker] DEBUG org.apache.axis.i18n.ProjectResourceBundle - org.apache.axis.i18n.resource::handleGetObject(startElem00)
23:36:47.641 [Test worker] DEBUG org.apache.axis.encoding.SerializationContext - Start element []:name
23:36:47.641 [Test worker] DEBUG org.apache.axis.message.SAXOutputter - SAXOutputter.characters ['viewer']
23:36:47.641 [Test worker] DEBUG org.apache.axis.message.SAXOutputter - SAXOutputter.endElement ['' name]
23:36:47.641 [Test worker] DEBUG org.apache.axis.i18n.ProjectResourceBundle - org.apache.axis.i18n.resource::handleGetObject(endElem00)
23:36:47.641 [Test worker] DEBUG org.apache.axis.encoding.SerializationContext - End element name
23:36:47.641 [Test worker] DEBUG org.apache.axis.message.SAXOutputter - SAXOutputter.endElement ['' access_min]
23:36:47.641 [Test worker] DEBUG org.apache.axis.i18n.ProjectResourceBundle - org.apache.axis.i18n.resource::handleGetObject(endElem00)
23:36:47.641 [Test worker] DEBUG org.apache.axis.encoding.SerializationContext - End element access_min
23:36:47.641 [Test worker] DEBUG org.apache.axis.message.SAXOutputter - SAXOutputter.startElement ['' file_path]
23:36:47.641 [Test worker] DEBUG org.apache.axis.i18n.ProjectResourceBundle - org.apache.axis.i18n.resource::handleGetObject(startElem00)
23:36:47.641 [Test worker] DEBUG org.apache.axis.encoding.SerializationContext - Start element []:file_path
23:36:47.641 [Test worker] DEBUG org.apache.axis.message.SAXOutputter - SAXOutputter.endElement ['' file_path]
23:36:47.641 [Test worker] DEBUG org.apache.axis.i18n.ProjectResourceBundle - org.apache.axis.i18n.resource::handleGetObject(endElem00)
23:36:47.641 [Test worker] DEBUG org.apache.axis.encoding.SerializationContext - End element file_path
23:36:47.641 [Test worker] DEBUG org.apache.axis.message.SAXOutputter - SAXOutputter.startElement ['' description]
23:36:47.641 [Test worker] DEBUG org.apache.axis.i18n.ProjectResourceBundle - org.apache.axis.i18n.resource::handleGetObject(startElem00)
23:36:47.641 [Test worker] DEBUG org.apache.axis.encoding.SerializationContext - Start element []:description
23:36:47.641 [Test worker] DEBUG org.apache.axis.message.SAXOutputter - SAXOutputter.endElement ['' description]
23:36:47.641 [Test worker] DEBUG org.apache.axis.i18n.ProjectResourceBundle - org.apache.axis.i18n.resource::handleGetObject(endElem00)
23:36:47.641 [Test worker] DEBUG org.apache.axis.encoding.SerializationContext - End element description
23:36:47.641 [Test worker] DEBUG org.apache.axis.message.SAXOutputter - SAXOutputter.startElement ['' subprojects]
23:36:47.641 [Test worker] DEBUG org.apache.axis.i18n.ProjectResourceBundle - org.apache.axis.i18n.resource::handleGetObject(startElem00)
23:36:47.641 [Test worker] DEBUG org.apache.axis.encoding.SerializationContext - Start element []:subprojects
23:36:47.641 [Test worker] DEBUG org.apache.axis.message.SAXOutputter - SAXOutputter.endElement ['' subprojects]
23:36:47.642 [Test worker] DEBUG org.apache.axis.i18n.ProjectResourceBundle - org.apache.axis.i18n.resource::handleGetObject(endElem00)
23:36:47.642 [Test worker] DEBUG org.apache.axis.encoding.SerializationContext - End element subprojects
23:36:47.642 [Test worker] DEBUG org.apache.axis.message.SAXOutputter - SAXOutputter.endElement ['' item]
23:36:47.642 [Test worker] DEBUG org.apache.axis.i18n.ProjectResourceBundle - org.apache.axis.i18n.resource::handleGetObject(endElem00)
23:36:47.642 [Test worker] DEBUG org.apache.axis.encoding.SerializationContext - End element item
23:36:47.642 [Test worker] DEBUG org.apache.axis.message.SAXOutputter - SAXOutputter.endElement ['' return]
23:36:47.642 [Test worker] DEBUG org.apache.axis.i18n.ProjectResourceBundle - org.apache.axis.i18n.resource::handleGetObject(endElem00)
23:36:47.642 [Test worker] DEBUG org.apache.axis.encoding.SerializationContext - End element return
23:36:47.642 [Test worker] DEBUG org.apache.axis.message.SAXOutputter - SAXOutputter.endElement ['http://futureware.biz/mantisconnect' mc_projects_get_user_accessibleResponse]
23:36:47.642 [Test worker] DEBUG org.apache.axis.i18n.ProjectResourceBundle - org.apache.axis.i18n.resource::handleGetObject(endElem00)
23:36:47.642 [Test worker] DEBUG org.apache.axis.encoding.SerializationContext - End element ns1:mc_projects_get_user_accessibleResponse
23:36:47.642 [Test worker] DEBUG org.apache.axis.i18n.ProjectResourceBundle - org.apache.axis.i18n.resource::handleGetObject(endElem00)
23:36:47.642 [Test worker] DEBUG org.apache.axis.encoding.SerializationContext - End element SOAP-ENV:Body
23:36:47.642 [Test worker] DEBUG org.apache.axis.i18n.ProjectResourceBundle - org.apache.axis.i18n.resource::handleGetObject(endElem00)
23:36:47.642 [Test worker] DEBUG org.apache.axis.encoding.SerializationContext - End element SOAP-ENV:Envelope
23:36:47.642 [Test worker] DEBUG org.apache.axis.transport.http.HTTPSender - <SOAP-ENV:Envelope xmlns:SOAP-ENV="http://schemas.xmlsoap.org/soap/envelope/" xmlns:ns1="http://futureware.biz/mantisconnect" xmlns:SOAP-ENC="http://schemas.xmlsoap.org/soap/encoding/" xmlns:xsd="http://www.w3.org/2001/XMLSchema" xmlns:xsi="http://www.w3.org/2001/XMLSchema-instance"><SOAP-ENV:Body><ns1:mc_projects_get_user_accessibleResponse><return SOAP-ENC:arrayType="ns1:ProjectData[1]" xsi:type="SOAP-ENC:Array"><item xsi:type="ns1:ProjectData"><id xsi:type="xsd:integer">1</id><name xsi:type="xsd:string">test</name><status xsi:type="ns1:ObjectRef"><id xsi:type="xsd:integer">50</id><name xsi:type="xsd:string">stable</name></status><enabled xsi:type="xsd:boolean">true</enabled><view_state xsi:type="ns1:ObjectRef"><id xsi:type="xsd:integer">10</id><name xsi:type="xsd:string">public</name></view_state><access_min xsi:type="ns1:ObjectRef"><id xsi:type="xsd:integer">10</id><name xsi:type="xsd:string">viewer</name></access_min><file_path xsi:type="xsd:string"/><description xsi:type="xsd:string"/><subprojects SOAP-ENC:arrayType="ns1:ProjectData[0]" xsi:type="SOAP-ENC:Array"/></item></return></ns1:mc_projects_get_user_accessibleResponse></SOAP-ENV:Body></SOAP-ENV:Envelope>
23:36:47.642 [Test worker] DEBUG org.apache.axis.i18n.ProjectResourceBundle - org.apache.axis.i18n.resource::handleGetObject(exit00)
23:36:47.642 [Test worker] DEBUG org.apache.axis.transport.http.HTTPSender - Exit:  HTTPDispatchHandler::invoke
23:36:47.642 [Test worker] DEBUG org.apache.axis.SimpleChain - Exit: SimpleChain::invoke
23:36:47.642 [Test worker] DEBUG org.apache.axis.i18n.ProjectResourceBundle - org.apache.axis.i18n.resource::handleGetObject(semanticCheck00)
23:36:47.642 [Test worker] DEBUG org.apache.axis.handlers.soap.MustUnderstandChecker - Doing SOAP semantic checks...
23:36:47.643 [Test worker] DEBUG org.apache.axis.SOAPPart - Enter: SOAPPart::getAsSOAPEnvelope()
23:36:47.643 [Test worker] DEBUG org.apache.axis.i18n.ProjectResourceBundle - org.apache.axis.i18n.resource::handleGetObject(currForm)
23:36:47.643 [Test worker] DEBUG org.apache.axis.SOAPPart - current form is FORM_SOAPENVELOPE
23:36:47.643 [Test worker] DEBUG org.apache.axis.client.AxisClient - Exit: AxisClient::invoke
23:36:47.643 [Test worker] DEBUG org.apache.axis.SOAPPart - Enter: SOAPPart::getAsSOAPEnvelope()
23:36:47.643 [Test worker] DEBUG org.apache.axis.i18n.ProjectResourceBundle - org.apache.axis.i18n.resource::handleGetObject(currForm)
23:36:47.643 [Test worker] DEBUG org.apache.axis.SOAPPart - current form is FORM_SOAPENVELOPE
23:36:47.643 [Test worker] DEBUG org.apache.axis.client.Call - Exit: Call::invoke()
23:36:47.643 [Test worker] DEBUG org.apache.axis.SOAPPart - Enter: SOAPPart::getAsSOAPEnvelope()
23:36:47.643 [Test worker] DEBUG org.apache.axis.i18n.ProjectResourceBundle - org.apache.axis.i18n.resource::handleGetObject(currForm)
23:36:47.643 [Test worker] DEBUG org.apache.axis.SOAPPart - current form is FORM_SOAPENVELOPE
23:36:47.644 [Test worker] DEBUG org.apache.axis.i18n.ProjectResourceBundle - org.apache.axis.i18n.resource::handleGetObject(pushHandler00)
23:36:47.644 [Test worker] DEBUG org.apache.axis.encoding.DeserializationContext - Pushing handler org.apache.axis.message.EnvelopeHandler@1a0b0d72
23:36:47.644 [Test worker] DEBUG org.apache.axis.encoding.DeserializationContext - Enter: DeserializationContext::startElement(http://futureware.biz/mantisconnect, mc_projects_get_user_accessibleResponse)
23:36:47.644 [Test worker] DEBUG org.apache.axis.i18n.ProjectResourceBundle - org.apache.axis.i18n.resource::handleGetObject(pushHandler00)
23:36:47.644 [Test worker] DEBUG org.apache.axis.encoding.DeserializationContext - Pushing handler org.apache.axis.message.RPCHandler@741e3632
23:36:47.644 [Test worker] DEBUG org.apache.axis.encoding.DeserializationContext - Exit: DeserializationContext::startElement()
23:36:47.644 [Test worker] DEBUG org.apache.axis.encoding.DeserializationContext - Enter: DeserializationContext::startElement(, return)
23:36:47.644 [Test worker] DEBUG org.apache.axis.message.RPCHandler - Enter: RPCHandler.onStartChild()
23:36:47.644 [Test worker] DEBUG org.apache.axis.i18n.ProjectResourceBundle - org.apache.axis.i18n.resource::handleGetObject(typeFromAttr00)
23:36:47.644 [Test worker] DEBUG org.apache.axis.message.RPCHandler - Type from attributes is:  {http://schemas.xmlsoap.org/soap/encoding/}Array
23:36:47.650 [Test worker] DEBUG org.apache.axis.message.RPCHandler - Exit: RPCHandler.onStartChild()
23:36:47.650 [Test worker] DEBUG org.apache.axis.i18n.ProjectResourceBundle - org.apache.axis.i18n.resource::handleGetObject(pushHandler00)
23:36:47.650 [Test worker] DEBUG org.apache.axis.encoding.DeserializationContext - Pushing handler org.apache.axis.encoding.ser.ArrayDeserializer@6e2648ff
23:36:47.650 [Test worker] DEBUG org.apache.axis.encoding.ser.ArrayDeserializer - Enter: ArrayDeserializer::startElement()
23:36:47.651 [Test worker] DEBUG org.apache.axis.encoding.ser.ArrayDeserializer - Exit: ArrayDeserializer::startElement()
23:36:47.651 [Test worker] DEBUG org.apache.axis.encoding.DeserializationContext - Exit: DeserializationContext::startElement()
23:36:47.651 [Test worker] DEBUG org.apache.axis.encoding.DeserializationContext - Enter: DeserializationContext::startElement(, item)
23:36:47.652 [Test worker] DEBUG org.apache.axis.encoding.ser.ArrayDeserializer - Enter: ArrayDeserializer.onStartChild()
23:36:47.652 [Test worker] DEBUG org.apache.axis.encoding.ser.ArrayDeserializer - Exit: ArrayDeserializer.onStartChild()
23:36:47.652 [Test worker] DEBUG org.apache.axis.i18n.ProjectResourceBundle - org.apache.axis.i18n.resource::handleGetObject(pushHandler00)
23:36:47.652 [Test worker] DEBUG org.apache.axis.encoding.DeserializationContext - Pushing handler org.apache.axis.encoding.ser.BeanDeserializer@38106d80
23:36:47.652 [Test worker] DEBUG org.apache.axis.encoding.DeserializationContext - Exit: DeserializationContext::startElement()
23:36:47.652 [Test worker] DEBUG org.apache.axis.encoding.DeserializationContext - Enter: DeserializationContext::startElement(, id)
23:36:47.655 [Test worker] DEBUG org.apache.axis.i18n.ProjectResourceBundle - org.apache.axis.i18n.resource::handleGetObject(pushHandler00)
23:36:47.655 [Test worker] DEBUG org.apache.axis.encoding.DeserializationContext - Pushing handler org.apache.axis.encoding.ser.SimpleDeserializer@7489f07d
23:36:47.655 [Test worker] DEBUG org.apache.axis.encoding.DeserializationContext - Exit: DeserializationContext::startElement()
23:36:47.655 [Test worker] DEBUG org.apache.axis.encoding.DeserializationContext - Enter: DeserializationContext::endElement(, id)
23:36:47.655 [Test worker] DEBUG org.apache.axis.i18n.ProjectResourceBundle - org.apache.axis.i18n.resource::handleGetObject(popHandler00)
23:36:47.656 [Test worker] DEBUG org.apache.axis.encoding.DeserializationContext - Popping handler org.apache.axis.encoding.ser.SimpleDeserializer@7489f07d
23:36:47.656 [Test worker] DEBUG org.apache.axis.i18n.ProjectResourceBundle - org.apache.axis.i18n.resource::handleGetObject(setValueInTarget00)
23:36:47.656 [Test worker] DEBUG org.apache.axis.encoding.DeserializerImpl - Set value 1 in target org.apache.axis.encoding.ser.BeanPropertyTarget@67abf439
23:36:47.656 [Test worker] DEBUG org.apache.axis.i18n.ProjectResourceBundle - org.apache.axis.i18n.resource::handleGetObject(setValueInTarget00)
23:36:47.656 [Test worker] DEBUG org.apache.axis.encoding.DeserializerImpl - Set value 1 in target org.apache.axis.encoding.CallbackTarget@2f747e59
23:36:47.656 [Test worker] DEBUG org.apache.axis.encoding.DeserializationContext - Popped element stack to org.apache.axis.message.MessageElement:item
23:36:47.656 [Test worker] DEBUG org.apache.axis.encoding.DeserializationContext - Exit: DeserializationContext::endElement()
23:36:47.656 [Test worker] DEBUG org.apache.axis.encoding.DeserializationContext - Enter: DeserializationContext::startElement(, name)
23:36:47.659 [Test worker] DEBUG org.apache.axis.i18n.ProjectResourceBundle - org.apache.axis.i18n.resource::handleGetObject(pushHandler00)
23:36:47.659 [Test worker] DEBUG org.apache.axis.encoding.DeserializationContext - Pushing handler org.apache.axis.encoding.ser.SimpleDeserializer@1e0de52c
23:36:47.659 [Test worker] DEBUG org.apache.axis.encoding.DeserializationContext - Exit: DeserializationContext::startElement()
23:36:47.659 [Test worker] DEBUG org.apache.axis.encoding.DeserializationContext - Enter: DeserializationContext::endElement(, name)
23:36:47.659 [Test worker] DEBUG org.apache.axis.i18n.ProjectResourceBundle - org.apache.axis.i18n.resource::handleGetObject(popHandler00)
23:36:47.659 [Test worker] DEBUG org.apache.axis.encoding.DeserializationContext - Popping handler org.apache.axis.encoding.ser.SimpleDeserializer@1e0de52c
23:36:47.659 [Test worker] DEBUG org.apache.axis.i18n.ProjectResourceBundle - org.apache.axis.i18n.resource::handleGetObject(setValueInTarget00)
23:36:47.659 [Test worker] DEBUG org.apache.axis.encoding.DeserializerImpl - Set value test in target org.apache.axis.encoding.ser.BeanPropertyTarget@253cf488
23:36:47.660 [Test worker] DEBUG org.apache.axis.i18n.ProjectResourceBundle - org.apache.axis.i18n.resource::handleGetObject(setValueInTarget00)
23:36:47.660 [Test worker] DEBUG org.apache.axis.encoding.DeserializerImpl - Set value test in target org.apache.axis.encoding.CallbackTarget@1d0ec62a
23:36:47.660 [Test worker] DEBUG org.apache.axis.encoding.DeserializationContext - Popped element stack to org.apache.axis.message.MessageElement:item
23:36:47.660 [Test worker] DEBUG org.apache.axis.encoding.DeserializationContext - Exit: DeserializationContext::endElement()
23:36:47.660 [Test worker] DEBUG org.apache.axis.encoding.DeserializationContext - Enter: DeserializationContext::startElement(, status)
23:36:47.660 [Test worker] DEBUG org.apache.axis.i18n.ProjectResourceBundle - org.apache.axis.i18n.resource::handleGetObject(pushHandler00)
23:36:47.660 [Test worker] DEBUG org.apache.axis.encoding.DeserializationContext - Pushing handler org.apache.axis.encoding.ser.BeanDeserializer@1104f564
23:36:47.660 [Test worker] DEBUG org.apache.axis.encoding.DeserializationContext - Exit: DeserializationContext::startElement()
23:36:47.660 [Test worker] DEBUG org.apache.axis.encoding.DeserializationContext - Enter: DeserializationContext::startElement(, id)
23:36:47.660 [Test worker] DEBUG org.apache.axis.i18n.ProjectResourceBundle - org.apache.axis.i18n.resource::handleGetObject(pushHandler00)
23:36:47.660 [Test worker] DEBUG org.apache.axis.encoding.DeserializationContext - Pushing handler org.apache.axis.encoding.ser.SimpleDeserializer@605146ed
23:36:47.660 [Test worker] DEBUG org.apache.axis.encoding.DeserializationContext - Exit: DeserializationContext::startElement()
23:36:47.660 [Test worker] DEBUG org.apache.axis.encoding.DeserializationContext - Enter: DeserializationContext::endElement(, id)
23:36:47.660 [Test worker] DEBUG org.apache.axis.i18n.ProjectResourceBundle - org.apache.axis.i18n.resource::handleGetObject(popHandler00)
23:36:47.660 [Test worker] DEBUG org.apache.axis.encoding.DeserializationContext - Popping handler org.apache.axis.encoding.ser.SimpleDeserializer@605146ed
23:36:47.660 [Test worker] DEBUG org.apache.axis.i18n.ProjectResourceBundle - org.apache.axis.i18n.resource::handleGetObject(setValueInTarget00)
23:36:47.660 [Test worker] DEBUG org.apache.axis.encoding.DeserializerImpl - Set value 50 in target org.apache.axis.encoding.ser.BeanPropertyTarget@220b76db
23:36:47.660 [Test worker] DEBUG org.apache.axis.i18n.ProjectResourceBundle - org.apache.axis.i18n.resource::handleGetObject(setValueInTarget00)
23:36:47.660 [Test worker] DEBUG org.apache.axis.encoding.DeserializerImpl - Set value 50 in target org.apache.axis.encoding.CallbackTarget@495fdb26
23:36:47.660 [Test worker] DEBUG org.apache.axis.encoding.DeserializationContext - Popped element stack to org.apache.axis.message.MessageElement:status
23:36:47.660 [Test worker] DEBUG org.apache.axis.encoding.DeserializationContext - Exit: DeserializationContext::endElement()
23:36:47.660 [Test worker] DEBUG org.apache.axis.encoding.DeserializationContext - Enter: DeserializationContext::startElement(, name)
23:36:47.660 [Test worker] DEBUG org.apache.axis.i18n.ProjectResourceBundle - org.apache.axis.i18n.resource::handleGetObject(pushHandler00)
23:36:47.660 [Test worker] DEBUG org.apache.axis.encoding.DeserializationContext - Pushing handler org.apache.axis.encoding.ser.SimpleDeserializer@7f46a8bc
23:36:47.660 [Test worker] DEBUG org.apache.axis.encoding.DeserializationContext - Exit: DeserializationContext::startElement()
23:36:47.661 [Test worker] DEBUG org.apache.axis.encoding.DeserializationContext - Enter: DeserializationContext::endElement(, name)
23:36:47.661 [Test worker] DEBUG org.apache.axis.i18n.ProjectResourceBundle - org.apache.axis.i18n.resource::handleGetObject(popHandler00)
23:36:47.661 [Test worker] DEBUG org.apache.axis.encoding.DeserializationContext - Popping handler org.apache.axis.encoding.ser.SimpleDeserializer@7f46a8bc
23:36:47.661 [Test worker] DEBUG org.apache.axis.i18n.ProjectResourceBundle - org.apache.axis.i18n.resource::handleGetObject(setValueInTarget00)
23:36:47.661 [Test worker] DEBUG org.apache.axis.encoding.DeserializerImpl - Set value stable in target org.apache.axis.encoding.ser.BeanPropertyTarget@154aff97
23:36:47.661 [Test worker] DEBUG org.apache.axis.i18n.ProjectResourceBundle - org.apache.axis.i18n.resource::handleGetObject(setValueInTarget00)
23:36:47.661 [Test worker] DEBUG org.apache.axis.encoding.DeserializerImpl - Set value stable in target org.apache.axis.encoding.CallbackTarget@6c8efe4b
23:36:47.661 [Test worker] DEBUG org.apache.axis.encoding.DeserializationContext - Popped element stack to org.apache.axis.message.MessageElement:status
23:36:47.661 [Test worker] DEBUG org.apache.axis.encoding.DeserializationContext - Exit: DeserializationContext::endElement()
23:36:47.661 [Test worker] DEBUG org.apache.axis.encoding.DeserializationContext - Enter: DeserializationContext::endElement(, status)
23:36:47.661 [Test worker] DEBUG org.apache.axis.i18n.ProjectResourceBundle - org.apache.axis.i18n.resource::handleGetObject(popHandler00)
23:36:47.661 [Test worker] DEBUG org.apache.axis.encoding.DeserializationContext - Popping handler org.apache.axis.encoding.ser.BeanDeserializer@1104f564
23:36:47.661 [Test worker] DEBUG org.apache.axis.i18n.ProjectResourceBundle - org.apache.axis.i18n.resource::handleGetObject(setValueInTarget00)
23:36:47.661 [Test worker] DEBUG org.apache.axis.encoding.DeserializerImpl - Set value biz.futureware.mantis.rpc.soap.client.ObjectRef@cacd8b6e in target org.apache.axis.encoding.ser.BeanPropertyTarget@5bbf8e17
23:36:47.661 [Test worker] DEBUG org.apache.axis.i18n.ProjectResourceBundle - org.apache.axis.i18n.resource::handleGetObject(setValueInTarget00)
23:36:47.661 [Test worker] DEBUG org.apache.axis.encoding.DeserializerImpl - Set value biz.futureware.mantis.rpc.soap.client.ObjectRef@cacd8b6e in target org.apache.axis.encoding.CallbackTarget@1176ce94
23:36:47.661 [Test worker] DEBUG org.apache.axis.encoding.DeserializationContext - Popped element stack to org.apache.axis.message.MessageElement:item
23:36:47.661 [Test worker] DEBUG org.apache.axis.encoding.DeserializationContext - Exit: DeserializationContext::endElement()
23:36:47.661 [Test worker] DEBUG org.apache.axis.encoding.DeserializationContext - Enter: DeserializationContext::startElement(, enabled)
23:36:47.662 [Test worker] DEBUG org.apache.axis.i18n.ProjectResourceBundle - org.apache.axis.i18n.resource::handleGetObject(pushHandler00)
23:36:47.663 [Test worker] DEBUG org.apache.axis.encoding.DeserializationContext - Pushing handler org.apache.axis.encoding.ser.SimpleDeserializer@53022d6a
23:36:47.663 [Test worker] DEBUG org.apache.axis.encoding.DeserializationContext - Exit: DeserializationContext::startElement()
23:36:47.663 [Test worker] DEBUG org.apache.axis.encoding.DeserializationContext - Enter: DeserializationContext::endElement(, enabled)
23:36:47.663 [Test worker] DEBUG org.apache.axis.i18n.ProjectResourceBundle - org.apache.axis.i18n.resource::handleGetObject(popHandler00)
23:36:47.663 [Test worker] DEBUG org.apache.axis.encoding.DeserializationContext - Popping handler org.apache.axis.encoding.ser.SimpleDeserializer@53022d6a
23:36:47.663 [Test worker] DEBUG org.apache.axis.i18n.ProjectResourceBundle - org.apache.axis.i18n.resource::handleGetObject(setValueInTarget00)
23:36:47.663 [Test worker] DEBUG org.apache.axis.encoding.DeserializerImpl - Set value true in target org.apache.axis.encoding.ser.BeanPropertyTarget@48e5fde7
23:36:47.663 [Test worker] DEBUG org.apache.axis.i18n.ProjectResourceBundle - org.apache.axis.i18n.resource::handleGetObject(setValueInTarget00)
23:36:47.663 [Test worker] DEBUG org.apache.axis.encoding.DeserializerImpl - Set value true in target org.apache.axis.encoding.CallbackTarget@6f8d1dda
23:36:47.663 [Test worker] DEBUG org.apache.axis.encoding.DeserializationContext - Popped element stack to org.apache.axis.message.MessageElement:item
23:36:47.663 [Test worker] DEBUG org.apache.axis.encoding.DeserializationContext - Exit: DeserializationContext::endElement()
23:36:47.663 [Test worker] DEBUG org.apache.axis.encoding.DeserializationContext - Enter: DeserializationContext::startElement(, view_state)
23:36:47.663 [Test worker] DEBUG org.apache.axis.i18n.ProjectResourceBundle - org.apache.axis.i18n.resource::handleGetObject(pushHandler00)
23:36:47.663 [Test worker] DEBUG org.apache.axis.encoding.DeserializationContext - Pushing handler org.apache.axis.encoding.ser.BeanDeserializer@48a87cd1
23:36:47.663 [Test worker] DEBUG org.apache.axis.encoding.DeserializationContext - Exit: DeserializationContext::startElement()
23:36:47.663 [Test worker] DEBUG org.apache.axis.encoding.DeserializationContext - Enter: DeserializationContext::startElement(, id)
23:36:47.663 [Test worker] DEBUG org.apache.axis.i18n.ProjectResourceBundle - org.apache.axis.i18n.resource::handleGetObject(pushHandler00)
23:36:47.663 [Test worker] DEBUG org.apache.axis.encoding.DeserializationContext - Pushing handler org.apache.axis.encoding.ser.SimpleDeserializer@a8361d3
23:36:47.663 [Test worker] DEBUG org.apache.axis.encoding.DeserializationContext - Exit: DeserializationContext::startElement()
23:36:47.663 [Test worker] DEBUG org.apache.axis.encoding.DeserializationContext - Enter: DeserializationContext::endElement(, id)
23:36:47.663 [Test worker] DEBUG org.apache.axis.i18n.ProjectResourceBundle - org.apache.axis.i18n.resource::handleGetObject(popHandler00)
23:36:47.663 [Test worker] DEBUG org.apache.axis.encoding.DeserializationContext - Popping handler org.apache.axis.encoding.ser.SimpleDeserializer@a8361d3
23:36:47.663 [Test worker] DEBUG org.apache.axis.i18n.ProjectResourceBundle - org.apache.axis.i18n.resource::handleGetObject(setValueInTarget00)
23:36:47.663 [Test worker] DEBUG org.apache.axis.encoding.DeserializerImpl - Set value 10 in target org.apache.axis.encoding.ser.BeanPropertyTarget@6d6eafa1
23:36:47.663 [Test worker] DEBUG org.apache.axis.i18n.ProjectResourceBundle - org.apache.axis.i18n.resource::handleGetObject(setValueInTarget00)
23:36:47.664 [Test worker] DEBUG org.apache.axis.encoding.DeserializerImpl - Set value 10 in target org.apache.axis.encoding.CallbackTarget@6a0a1c1b
23:36:47.664 [Test worker] DEBUG org.apache.axis.encoding.DeserializationContext - Popped element stack to org.apache.axis.message.MessageElement:view_state
23:36:47.664 [Test worker] DEBUG org.apache.axis.encoding.DeserializationContext - Exit: DeserializationContext::endElement()
23:36:47.664 [Test worker] DEBUG org.apache.axis.encoding.DeserializationContext - Enter: DeserializationContext::startElement(, name)
23:36:47.664 [Test worker] DEBUG org.apache.axis.i18n.ProjectResourceBundle - org.apache.axis.i18n.resource::handleGetObject(pushHandler00)
23:36:47.664 [Test worker] DEBUG org.apache.axis.encoding.DeserializationContext - Pushing handler org.apache.axis.encoding.ser.SimpleDeserializer@614fbb7f
23:36:47.664 [Test worker] DEBUG org.apache.axis.encoding.DeserializationContext - Exit: DeserializationContext::startElement()
23:36:47.664 [Test worker] DEBUG org.apache.axis.encoding.DeserializationContext - Enter: DeserializationContext::endElement(, name)
23:36:47.664 [Test worker] DEBUG org.apache.axis.i18n.ProjectResourceBundle - org.apache.axis.i18n.resource::handleGetObject(popHandler00)
23:36:47.664 [Test worker] DEBUG org.apache.axis.encoding.DeserializationContext - Popping handler org.apache.axis.encoding.ser.SimpleDeserializer@614fbb7f
23:36:47.664 [Test worker] DEBUG org.apache.axis.i18n.ProjectResourceBundle - org.apache.axis.i18n.resource::handleGetObject(setValueInTarget00)
23:36:47.664 [Test worker] DEBUG org.apache.axis.encoding.DeserializerImpl - Set value public in target org.apache.axis.encoding.ser.BeanPropertyTarget@70d3d37c
23:36:47.664 [Test worker] DEBUG org.apache.axis.i18n.ProjectResourceBundle - org.apache.axis.i18n.resource::handleGetObject(setValueInTarget00)
23:36:47.664 [Test worker] DEBUG org.apache.axis.encoding.DeserializerImpl - Set value public in target org.apache.axis.encoding.CallbackTarget@68587960
23:36:47.664 [Test worker] DEBUG org.apache.axis.encoding.DeserializationContext - Popped element stack to org.apache.axis.message.MessageElement:view_state
23:36:47.664 [Test worker] DEBUG org.apache.axis.encoding.DeserializationContext - Exit: DeserializationContext::endElement()
23:36:47.664 [Test worker] DEBUG org.apache.axis.encoding.DeserializationContext - Enter: DeserializationContext::endElement(, view_state)
23:36:47.664 [Test worker] DEBUG org.apache.axis.i18n.ProjectResourceBundle - org.apache.axis.i18n.resource::handleGetObject(popHandler00)
23:36:47.664 [Test worker] DEBUG org.apache.axis.encoding.DeserializationContext - Popping handler org.apache.axis.encoding.ser.BeanDeserializer@48a87cd1
23:36:47.664 [Test worker] DEBUG org.apache.axis.i18n.ProjectResourceBundle - org.apache.axis.i18n.resource::handleGetObject(setValueInTarget00)
23:36:47.664 [Test worker] DEBUG org.apache.axis.encoding.DeserializerImpl - Set value biz.futureware.mantis.rpc.soap.client.ObjectRef@c5bdb274 in target org.apache.axis.encoding.ser.BeanPropertyTarget@52085ab4
23:36:47.664 [Test worker] DEBUG org.apache.axis.i18n.ProjectResourceBundle - org.apache.axis.i18n.resource::handleGetObject(setValueInTarget00)
23:36:47.664 [Test worker] DEBUG org.apache.axis.encoding.DeserializerImpl - Set value biz.futureware.mantis.rpc.soap.client.ObjectRef@c5bdb274 in target org.apache.axis.encoding.CallbackTarget@4e0097c9
23:36:47.664 [Test worker] DEBUG org.apache.axis.encoding.DeserializationContext - Popped element stack to org.apache.axis.message.MessageElement:item
23:36:47.664 [Test worker] DEBUG org.apache.axis.encoding.DeserializationContext - Exit: DeserializationContext::endElement()
23:36:47.664 [Test worker] DEBUG org.apache.axis.encoding.DeserializationContext - Enter: DeserializationContext::startElement(, access_min)
23:36:47.664 [Test worker] DEBUG org.apache.axis.i18n.ProjectResourceBundle - org.apache.axis.i18n.resource::handleGetObject(pushHandler00)
23:36:47.664 [Test worker] DEBUG org.apache.axis.encoding.DeserializationContext - Pushing handler org.apache.axis.encoding.ser.BeanDeserializer@2026e546
23:36:47.665 [Test worker] DEBUG org.apache.axis.encoding.DeserializationContext - Exit: DeserializationContext::startElement()
23:36:47.665 [Test worker] DEBUG org.apache.axis.encoding.DeserializationContext - Enter: DeserializationContext::startElement(, id)
23:36:47.665 [Test worker] DEBUG org.apache.axis.i18n.ProjectResourceBundle - org.apache.axis.i18n.resource::handleGetObject(pushHandler00)
23:36:47.665 [Test worker] DEBUG org.apache.axis.encoding.DeserializationContext - Pushing handler org.apache.axis.encoding.ser.SimpleDeserializer@b1e0b5b
23:36:47.665 [Test worker] DEBUG org.apache.axis.encoding.DeserializationContext - Exit: DeserializationContext::startElement()
23:36:47.665 [Test worker] DEBUG org.apache.axis.encoding.DeserializationContext - Enter: DeserializationContext::endElement(, id)
23:36:47.665 [Test worker] DEBUG org.apache.axis.i18n.ProjectResourceBundle - org.apache.axis.i18n.resource::handleGetObject(popHandler00)
23:36:47.665 [Test worker] DEBUG org.apache.axis.encoding.DeserializationContext - Popping handler org.apache.axis.encoding.ser.SimpleDeserializer@b1e0b5b
23:36:47.665 [Test worker] DEBUG org.apache.axis.i18n.ProjectResourceBundle - org.apache.axis.i18n.resource::handleGetObject(setValueInTarget00)
23:36:47.665 [Test worker] DEBUG org.apache.axis.encoding.DeserializerImpl - Set value 10 in target org.apache.axis.encoding.ser.BeanPropertyTarget@1b533d76
23:36:47.665 [Test worker] DEBUG org.apache.axis.i18n.ProjectResourceBundle - org.apache.axis.i18n.resource::handleGetObject(setValueInTarget00)
23:36:47.665 [Test worker] DEBUG org.apache.axis.encoding.DeserializerImpl - Set value 10 in target org.apache.axis.encoding.CallbackTarget@51a75f0a
23:36:47.665 [Test worker] DEBUG org.apache.axis.encoding.DeserializationContext - Popped element stack to org.apache.axis.message.MessageElement:access_min
23:36:47.665 [Test worker] DEBUG org.apache.axis.encoding.DeserializationContext - Exit: DeserializationContext::endElement()
23:36:47.665 [Test worker] DEBUG org.apache.axis.encoding.DeserializationContext - Enter: DeserializationContext::startElement(, name)
23:36:47.665 [Test worker] DEBUG org.apache.axis.i18n.ProjectResourceBundle - org.apache.axis.i18n.resource::handleGetObject(pushHandler00)
23:36:47.665 [Test worker] DEBUG org.apache.axis.encoding.DeserializationContext - Pushing handler org.apache.axis.encoding.ser.SimpleDeserializer@46bc8cad
23:36:47.665 [Test worker] DEBUG org.apache.axis.encoding.DeserializationContext - Exit: DeserializationContext::startElement()
23:36:47.665 [Test worker] DEBUG org.apache.axis.encoding.DeserializationContext - Enter: DeserializationContext::endElement(, name)
23:36:47.665 [Test worker] DEBUG org.apache.axis.i18n.ProjectResourceBundle - org.apache.axis.i18n.resource::handleGetObject(popHandler00)
23:36:47.665 [Test worker] DEBUG org.apache.axis.encoding.DeserializationContext - Popping handler org.apache.axis.encoding.ser.SimpleDeserializer@46bc8cad
23:36:47.665 [Test worker] DEBUG org.apache.axis.i18n.ProjectResourceBundle - org.apache.axis.i18n.resource::handleGetObject(setValueInTarget00)
23:36:47.665 [Test worker] DEBUG org.apache.axis.encoding.DeserializerImpl - Set value viewer in target org.apache.axis.encoding.ser.BeanPropertyTarget@3d8313f2
23:36:47.665 [Test worker] DEBUG org.apache.axis.i18n.ProjectResourceBundle - org.apache.axis.i18n.resource::handleGetObject(setValueInTarget00)
23:36:47.665 [Test worker] DEBUG org.apache.axis.encoding.DeserializerImpl - Set value viewer in target org.apache.axis.encoding.CallbackTarget@3fb921b9
23:36:47.665 [Test worker] DEBUG org.apache.axis.encoding.DeserializationContext - Popped element stack to org.apache.axis.message.MessageElement:access_min
23:36:47.665 [Test worker] DEBUG org.apache.axis.encoding.DeserializationContext - Exit: DeserializationContext::endElement()
23:36:47.665 [Test worker] DEBUG org.apache.axis.encoding.DeserializationContext - Enter: DeserializationContext::endElement(, access_min)
23:36:47.665 [Test worker] DEBUG org.apache.axis.i18n.ProjectResourceBundle - org.apache.axis.i18n.resource::handleGetObject(popHandler00)
23:36:47.666 [Test worker] DEBUG org.apache.axis.encoding.DeserializationContext - Popping handler org.apache.axis.encoding.ser.BeanDeserializer@2026e546
23:36:47.666 [Test worker] DEBUG org.apache.axis.i18n.ProjectResourceBundle - org.apache.axis.i18n.resource::handleGetObject(setValueInTarget00)
23:36:47.666 [Test worker] DEBUG org.apache.axis.encoding.DeserializerImpl - Set value biz.futureware.mantis.rpc.soap.client.ObjectRef@cf53321d in target org.apache.axis.encoding.ser.BeanPropertyTarget@548d664b
23:36:47.666 [Test worker] DEBUG org.apache.axis.i18n.ProjectResourceBundle - org.apache.axis.i18n.resource::handleGetObject(setValueInTarget00)
23:36:47.666 [Test worker] DEBUG org.apache.axis.encoding.DeserializerImpl - Set value biz.futureware.mantis.rpc.soap.client.ObjectRef@cf53321d in target org.apache.axis.encoding.CallbackTarget@76f64193
23:36:47.666 [Test worker] DEBUG org.apache.axis.encoding.DeserializationContext - Popped element stack to org.apache.axis.message.MessageElement:item
23:36:47.666 [Test worker] DEBUG org.apache.axis.encoding.DeserializationContext - Exit: DeserializationContext::endElement()
23:36:47.666 [Test worker] DEBUG org.apache.axis.encoding.DeserializationContext - Enter: DeserializationContext::startElement(, file_path)
23:36:47.666 [Test worker] DEBUG org.apache.axis.i18n.ProjectResourceBundle - org.apache.axis.i18n.resource::handleGetObject(pushHandler00)
23:36:47.666 [Test worker] DEBUG org.apache.axis.encoding.DeserializationContext - Pushing handler org.apache.axis.encoding.ser.SimpleDeserializer@1e0de52c
23:36:47.666 [Test worker] DEBUG org.apache.axis.encoding.DeserializationContext - Exit: DeserializationContext::startElement()
23:36:47.666 [Test worker] DEBUG org.apache.axis.encoding.DeserializationContext - Enter: DeserializationContext::endElement(, file_path)
23:36:47.666 [Test worker] DEBUG org.apache.axis.i18n.ProjectResourceBundle - org.apache.axis.i18n.resource::handleGetObject(popHandler00)
23:36:47.666 [Test worker] DEBUG org.apache.axis.encoding.DeserializationContext - Popping handler org.apache.axis.encoding.ser.SimpleDeserializer@1e0de52c
23:36:47.666 [Test worker] DEBUG org.apache.axis.i18n.ProjectResourceBundle - org.apache.axis.i18n.resource::handleGetObject(setValueInTarget00)
23:36:47.666 [Test worker] DEBUG org.apache.axis.encoding.DeserializerImpl - Set value  in target org.apache.axis.encoding.ser.BeanPropertyTarget@53cfd03c
23:36:47.666 [Test worker] DEBUG org.apache.axis.i18n.ProjectResourceBundle - org.apache.axis.i18n.resource::handleGetObject(setValueInTarget00)
23:36:47.666 [Test worker] DEBUG org.apache.axis.encoding.DeserializerImpl - Set value  in target org.apache.axis.encoding.CallbackTarget@250d8715
23:36:47.666 [Test worker] DEBUG org.apache.axis.encoding.DeserializationContext - Popped element stack to org.apache.axis.message.MessageElement:item
23:36:47.666 [Test worker] DEBUG org.apache.axis.encoding.DeserializationContext - Exit: DeserializationContext::endElement()
23:36:47.666 [Test worker] DEBUG org.apache.axis.encoding.DeserializationContext - Enter: DeserializationContext::startElement(, description)
23:36:47.666 [Test worker] DEBUG org.apache.axis.i18n.ProjectResourceBundle - org.apache.axis.i18n.resource::handleGetObject(pushHandler00)
23:36:47.666 [Test worker] DEBUG org.apache.axis.encoding.DeserializationContext - Pushing handler org.apache.axis.encoding.ser.SimpleDeserializer@1e0de52c
23:36:47.666 [Test worker] DEBUG org.apache.axis.encoding.DeserializationContext - Exit: DeserializationContext::startElement()
23:36:47.666 [Test worker] DEBUG org.apache.axis.encoding.DeserializationContext - Enter: DeserializationContext::endElement(, description)
23:36:47.666 [Test worker] DEBUG org.apache.axis.i18n.ProjectResourceBundle - org.apache.axis.i18n.resource::handleGetObject(popHandler00)
23:36:47.666 [Test worker] DEBUG org.apache.axis.encoding.DeserializationContext - Popping handler org.apache.axis.encoding.ser.SimpleDeserializer@1e0de52c
23:36:47.666 [Test worker] DEBUG org.apache.axis.i18n.ProjectResourceBundle - org.apache.axis.i18n.resource::handleGetObject(setValueInTarget00)
23:36:47.666 [Test worker] DEBUG org.apache.axis.encoding.DeserializerImpl - Set value  in target org.apache.axis.encoding.ser.BeanPropertyTarget@1a0d02c1
23:36:47.666 [Test worker] DEBUG org.apache.axis.i18n.ProjectResourceBundle - org.apache.axis.i18n.resource::handleGetObject(setValueInTarget00)
23:36:47.666 [Test worker] DEBUG org.apache.axis.encoding.DeserializerImpl - Set value  in target org.apache.axis.encoding.CallbackTarget@5e3332ca
23:36:47.666 [Test worker] DEBUG org.apache.axis.encoding.DeserializationContext - Popped element stack to org.apache.axis.message.MessageElement:item
23:36:47.666 [Test worker] DEBUG org.apache.axis.encoding.DeserializationContext - Exit: DeserializationContext::endElement()
23:36:47.666 [Test worker] DEBUG org.apache.axis.encoding.DeserializationContext - Enter: DeserializationContext::startElement(, subprojects)
23:36:47.666 [Test worker] DEBUG org.apache.axis.i18n.ProjectResourceBundle - org.apache.axis.i18n.resource::handleGetObject(pushHandler00)
23:36:47.666 [Test worker] DEBUG org.apache.axis.encoding.DeserializationContext - Pushing handler org.apache.axis.encoding.ser.ArrayDeserializer@73504700
23:36:47.666 [Test worker] DEBUG org.apache.axis.encoding.ser.ArrayDeserializer - Enter: ArrayDeserializer::startElement()
23:36:47.666 [Test worker] DEBUG org.apache.axis.encoding.ser.ArrayDeserializer - Exit: ArrayDeserializer::startElement()
23:36:47.666 [Test worker] DEBUG org.apache.axis.encoding.DeserializationContext - Exit: DeserializationContext::startElement()
23:36:47.667 [Test worker] DEBUG org.apache.axis.encoding.DeserializationContext - Enter: DeserializationContext::endElement(, subprojects)
23:36:47.667 [Test worker] DEBUG org.apache.axis.i18n.ProjectResourceBundle - org.apache.axis.i18n.resource::handleGetObject(popHandler00)
23:36:47.667 [Test worker] DEBUG org.apache.axis.encoding.DeserializationContext - Popping handler org.apache.axis.encoding.ser.ArrayDeserializer@73504700
23:36:47.667 [Test worker] DEBUG org.apache.axis.i18n.ProjectResourceBundle - org.apache.axis.i18n.resource::handleGetObject(convert00)
23:36:47.667 [Test worker] DEBUG org.apache.axis.utils.JavaUtils - Trying to convert org.apache.axis.encoding.ser.ArrayDeserializer$ArrayListExtension to [Lbiz.futureware.mantis.rpc.soap.client.ProjectData;
23:36:47.677 [Test worker] DEBUG org.apache.axis.i18n.ProjectResourceBundle - org.apache.axis.i18n.resource::handleGetObject(setValueInTarget00)
23:36:47.677 [Test worker] DEBUG org.apache.axis.encoding.DeserializerImpl - Set value [Lbiz.futureware.mantis.rpc.soap.client.ProjectData;@5690463c in target org.apache.axis.encoding.ser.BeanPropertyTarget@486edfbb
23:36:47.677 [Test worker] DEBUG org.apache.axis.i18n.ProjectResourceBundle - org.apache.axis.i18n.resource::handleGetObject(setValueInTarget00)
23:36:47.677 [Test worker] DEBUG org.apache.axis.encoding.DeserializerImpl - Set value [Lbiz.futureware.mantis.rpc.soap.client.ProjectData;@5690463c in target org.apache.axis.encoding.CallbackTarget@1668920f
23:36:47.677 [Test worker] DEBUG org.apache.axis.encoding.DeserializationContext - Popped element stack to org.apache.axis.message.MessageElement:item
23:36:47.677 [Test worker] DEBUG org.apache.axis.encoding.DeserializationContext - Exit: DeserializationContext::endElement()
23:36:47.677 [Test worker] DEBUG org.apache.axis.encoding.DeserializationContext - Enter: DeserializationContext::endElement(, item)
23:36:47.677 [Test worker] DEBUG org.apache.axis.i18n.ProjectResourceBundle - org.apache.axis.i18n.resource::handleGetObject(popHandler00)
23:36:47.677 [Test worker] DEBUG org.apache.axis.encoding.DeserializationContext - Popping handler org.apache.axis.encoding.ser.BeanDeserializer@38106d80
23:36:47.678 [Test worker] DEBUG org.apache.axis.encoding.ser.ArrayDeserializer - Enter: ArrayDeserializer::setValue(biz.futureware.mantis.rpc.soap.client.ProjectData@6014b962, 0)
23:36:47.678 [Test worker] DEBUG org.apache.axis.i18n.ProjectResourceBundle - org.apache.axis.i18n.resource::handleGetObject(setValueInTarget00)
23:36:47.678 [Test worker] DEBUG org.apache.axis.encoding.DeserializerImpl - Set value biz.futureware.mantis.rpc.soap.client.ProjectData@6014b962 in target org.apache.axis.encoding.DeserializerTarget@73e65b05
23:36:47.678 [Test worker] DEBUG org.apache.axis.i18n.ProjectResourceBundle - org.apache.axis.i18n.resource::handleGetObject(setValueInTarget00)
23:36:47.678 [Test worker] DEBUG org.apache.axis.encoding.DeserializerImpl - Set value biz.futureware.mantis.rpc.soap.client.ProjectData@6014b962 in target org.apache.axis.encoding.CallbackTarget@279342e3
23:36:47.678 [Test worker] DEBUG org.apache.axis.encoding.DeserializationContext - Popped element stack to org.apache.axis.message.MessageElement:return
23:36:47.678 [Test worker] DEBUG org.apache.axis.encoding.DeserializationContext - Exit: DeserializationContext::endElement()
23:36:47.678 [Test worker] DEBUG org.apache.axis.encoding.DeserializationContext - Enter: DeserializationContext::endElement(, return)
23:36:47.678 [Test worker] DEBUG org.apache.axis.i18n.ProjectResourceBundle - org.apache.axis.i18n.resource::handleGetObject(popHandler00)
23:36:47.678 [Test worker] DEBUG org.apache.axis.encoding.DeserializationContext - Popping handler org.apache.axis.encoding.ser.ArrayDeserializer@6e2648ff
23:36:47.678 [Test worker] DEBUG org.apache.axis.i18n.ProjectResourceBundle - org.apache.axis.i18n.resource::handleGetObject(convert00)
23:36:47.678 [Test worker] DEBUG org.apache.axis.utils.JavaUtils - Trying to convert org.apache.axis.encoding.ser.ArrayDeserializer$ArrayListExtension to [Lbiz.futureware.mantis.rpc.soap.client.ProjectData;
23:36:47.678 [Test worker] DEBUG org.apache.axis.i18n.ProjectResourceBundle - org.apache.axis.i18n.resource::handleGetObject(setValueInTarget00)
23:36:47.678 [Test worker] DEBUG org.apache.axis.encoding.DeserializerImpl - Set value [Lbiz.futureware.mantis.rpc.soap.client.ProjectData;@193ed2ad in target org.apache.axis.message.RPCParamTarget@4b14c36f
23:36:47.678 [Test worker] DEBUG org.apache.axis.encoding.DeserializationContext - Popped element stack to org.apache.axis.message.RPCElement:mc_projects_get_user_accessibleResponse
23:36:47.678 [Test worker] DEBUG org.apache.axis.encoding.DeserializationContext - Exit: DeserializationContext::endElement()
23:36:47.678 [Test worker] DEBUG org.apache.axis.encoding.DeserializationContext - Enter: DeserializationContext::endElement(http://futureware.biz/mantisconnect, mc_projects_get_user_accessibleResponse)
23:36:47.678 [Test worker] DEBUG org.apache.axis.i18n.ProjectResourceBundle - org.apache.axis.i18n.resource::handleGetObject(popHandler00)
23:36:47.679 [Test worker] DEBUG org.apache.axis.encoding.DeserializationContext - Popping handler org.apache.axis.message.RPCHandler@741e3632
23:36:47.679 [Test worker] DEBUG org.apache.axis.i18n.ProjectResourceBundle - org.apache.axis.i18n.resource::handleGetObject(setProp00)
23:36:47.679 [Test worker] DEBUG org.apache.axis.message.RPCHandler - Setting MessageContext property in RPCHandler.endElement().
23:36:47.679 [Test worker] DEBUG org.apache.axis.encoding.DeserializationContext - Popped element stack to org.apache.axis.message.SOAPBody:Body
23:36:47.679 [Test worker] DEBUG org.apache.axis.encoding.DeserializationContext - Exit: DeserializationContext::endElement()
23:36:47.679 [Test worker] DEBUG org.apache.axis.client.Call - Exit: Call::invoke(RPCElement)
23:36:47.679 [Test worker] DEBUG org.apache.axis.client.Call - Exit: Call::invoke(ns, meth, args)
23:36:47.679 [Test worker] DEBUG org.apache.axis.TIME - axis.Call.invoke: 268 {http://futureware.biz/mantisconnect}mc_projects_get_user_accessible
23:36:47.679 [Test worker] DEBUG org.apache.axis.SOAPPart - Enter: SOAPPart::saveChanges
23:36:47.679 [Test worker] DEBUG org.apache.axis.i18n.ProjectResourceBundle - org.apache.axis.i18n.resource::handleGetObject(register00)
23:36:47.679 [Test worker] DEBUG org.apache.axis.encoding.SerializationContext - register 'SOAP-ENV' - 'http://schemas.xmlsoap.org/soap/envelope/'
23:36:47.679 [Test worker] DEBUG org.apache.axis.i18n.ProjectResourceBundle - org.apache.axis.i18n.resource::handleGetObject(register00)
23:36:47.679 [Test worker] DEBUG org.apache.axis.encoding.SerializationContext - register 'ns1' - 'http://futureware.biz/mantisconnect'
23:36:47.679 [Test worker] DEBUG org.apache.axis.i18n.ProjectResourceBundle - org.apache.axis.i18n.resource::handleGetObject(register00)
23:36:47.679 [Test worker] DEBUG org.apache.axis.encoding.SerializationContext - register 'SOAP-ENC' - 'http://schemas.xmlsoap.org/soap/encoding/'
23:36:47.679 [Test worker] DEBUG org.apache.axis.i18n.ProjectResourceBundle - org.apache.axis.i18n.resource::handleGetObject(register00)
23:36:47.679 [Test worker] DEBUG org.apache.axis.encoding.SerializationContext - register 'xsd' - 'http://www.w3.org/2001/XMLSchema'
23:36:47.679 [Test worker] DEBUG org.apache.axis.i18n.ProjectResourceBundle - org.apache.axis.i18n.resource::handleGetObject(register00)
23:36:47.679 [Test worker] DEBUG org.apache.axis.encoding.SerializationContext - register 'xsi' - 'http://www.w3.org/2001/XMLSchema-instance'
23:36:47.679 [Test worker] DEBUG org.apache.axis.i18n.ProjectResourceBundle - org.apache.axis.i18n.resource::handleGetObject(startElem00)
23:36:47.679 [Test worker] DEBUG org.apache.axis.encoding.SerializationContext - Start element [http://schemas.xmlsoap.org/soap/envelope/]:Envelope
23:36:47.680 [Test worker] DEBUG org.apache.axis.i18n.ProjectResourceBundle - org.apache.axis.i18n.resource::handleGetObject(headers00)
23:36:47.680 [Test worker] DEBUG org.apache.axis.message.SOAPHeader - 0 headers
23:36:47.680 [Test worker] DEBUG org.apache.axis.i18n.ProjectResourceBundle - org.apache.axis.i18n.resource::handleGetObject(startElem00)
23:36:47.680 [Test worker] DEBUG org.apache.axis.encoding.SerializationContext - Start element [http://schemas.xmlsoap.org/soap/envelope/]:Body
23:36:47.680 [Test worker] DEBUG org.apache.axis.message.SAXOutputter - SAXOutputter.startElement ['http://futureware.biz/mantisconnect' mc_projects_get_user_accessibleResponse]
23:36:47.680 [Test worker] DEBUG org.apache.axis.i18n.ProjectResourceBundle - org.apache.axis.i18n.resource::handleGetObject(startElem00)
23:36:47.680 [Test worker] DEBUG org.apache.axis.encoding.SerializationContext - Start element [http://futureware.biz/mantisconnect]:mc_projects_get_user_accessibleResponse
23:36:47.680 [Test worker] DEBUG org.apache.axis.message.SAXOutputter - SAXOutputter.startElement ['' return]
23:36:47.680 [Test worker] DEBUG org.apache.axis.i18n.ProjectResourceBundle - org.apache.axis.i18n.resource::handleGetObject(startElem00)
23:36:47.680 [Test worker] DEBUG org.apache.axis.encoding.SerializationContext - Start element []:return
23:36:47.680 [Test worker] DEBUG org.apache.axis.message.SAXOutputter - SAXOutputter.startElement ['' item]
23:36:47.680 [Test worker] DEBUG org.apache.axis.i18n.ProjectResourceBundle - org.apache.axis.i18n.resource::handleGetObject(startElem00)
23:36:47.680 [Test worker] DEBUG org.apache.axis.encoding.SerializationContext - Start element []:item
23:36:47.680 [Test worker] DEBUG org.apache.axis.message.SAXOutputter - SAXOutputter.startElement ['' id]
23:36:47.680 [Test worker] DEBUG org.apache.axis.i18n.ProjectResourceBundle - org.apache.axis.i18n.resource::handleGetObject(startElem00)
23:36:47.680 [Test worker] DEBUG org.apache.axis.encoding.SerializationContext - Start element []:id
23:36:47.680 [Test worker] DEBUG org.apache.axis.message.SAXOutputter - SAXOutputter.characters ['1']
23:36:47.680 [Test worker] DEBUG org.apache.axis.message.SAXOutputter - SAXOutputter.endElement ['' id]
23:36:47.680 [Test worker] DEBUG org.apache.axis.i18n.ProjectResourceBundle - org.apache.axis.i18n.resource::handleGetObject(endElem00)
23:36:47.680 [Test worker] DEBUG org.apache.axis.encoding.SerializationContext - End element id
23:36:47.680 [Test worker] DEBUG org.apache.axis.message.SAXOutputter - SAXOutputter.startElement ['' name]
23:36:47.680 [Test worker] DEBUG org.apache.axis.i18n.ProjectResourceBundle - org.apache.axis.i18n.resource::handleGetObject(startElem00)
23:36:47.680 [Test worker] DEBUG org.apache.axis.encoding.SerializationContext - Start element []:name
23:36:47.680 [Test worker] DEBUG org.apache.axis.message.SAXOutputter - SAXOutputter.characters ['test']
23:36:47.680 [Test worker] DEBUG org.apache.axis.message.SAXOutputter - SAXOutputter.endElement ['' name]
23:36:47.680 [Test worker] DEBUG org.apache.axis.i18n.ProjectResourceBundle - org.apache.axis.i18n.resource::handleGetObject(endElem00)
23:36:47.680 [Test worker] DEBUG org.apache.axis.encoding.SerializationContext - End element name
23:36:47.680 [Test worker] DEBUG org.apache.axis.message.SAXOutputter - SAXOutputter.startElement ['' status]
23:36:47.680 [Test worker] DEBUG org.apache.axis.i18n.ProjectResourceBundle - org.apache.axis.i18n.resource::handleGetObject(startElem00)
23:36:47.680 [Test worker] DEBUG org.apache.axis.encoding.SerializationContext - Start element []:status
23:36:47.681 [Test worker] DEBUG org.apache.axis.message.SAXOutputter - SAXOutputter.startElement ['' id]
23:36:47.681 [Test worker] DEBUG org.apache.axis.i18n.ProjectResourceBundle - org.apache.axis.i18n.resource::handleGetObject(startElem00)
23:36:47.681 [Test worker] DEBUG org.apache.axis.encoding.SerializationContext - Start element []:id
23:36:47.681 [Test worker] DEBUG org.apache.axis.message.SAXOutputter - SAXOutputter.characters ['50']
23:36:47.681 [Test worker] DEBUG org.apache.axis.message.SAXOutputter - SAXOutputter.endElement ['' id]
23:36:47.681 [Test worker] DEBUG org.apache.axis.i18n.ProjectResourceBundle - org.apache.axis.i18n.resource::handleGetObject(endElem00)
23:36:47.681 [Test worker] DEBUG org.apache.axis.encoding.SerializationContext - End element id
23:36:47.681 [Test worker] DEBUG org.apache.axis.message.SAXOutputter - SAXOutputter.startElement ['' name]
23:36:47.681 [Test worker] DEBUG org.apache.axis.i18n.ProjectResourceBundle - org.apache.axis.i18n.resource::handleGetObject(startElem00)
23:36:47.681 [Test worker] DEBUG org.apache.axis.encoding.SerializationContext - Start element []:name
23:36:47.681 [Test worker] DEBUG org.apache.axis.message.SAXOutputter - SAXOutputter.characters ['stable']
23:36:47.681 [Test worker] DEBUG org.apache.axis.message.SAXOutputter - SAXOutputter.endElement ['' name]
23:36:47.681 [Test worker] DEBUG org.apache.axis.i18n.ProjectResourceBundle - org.apache.axis.i18n.resource::handleGetObject(endElem00)
23:36:47.681 [Test worker] DEBUG org.apache.axis.encoding.SerializationContext - End element name
23:36:47.681 [Test worker] DEBUG org.apache.axis.message.SAXOutputter - SAXOutputter.endElement ['' status]
23:36:47.681 [Test worker] DEBUG org.apache.axis.i18n.ProjectResourceBundle - org.apache.axis.i18n.resource::handleGetObject(endElem00)
23:36:47.681 [Test worker] DEBUG org.apache.axis.encoding.SerializationContext - End element status
23:36:47.681 [Test worker] DEBUG org.apache.axis.message.SAXOutputter - SAXOutputter.startElement ['' enabled]
23:36:47.681 [Test worker] DEBUG org.apache.axis.i18n.ProjectResourceBundle - org.apache.axis.i18n.resource::handleGetObject(startElem00)
23:36:47.681 [Test worker] DEBUG org.apache.axis.encoding.SerializationContext - Start element []:enabled
23:36:47.681 [Test worker] DEBUG org.apache.axis.message.SAXOutputter - SAXOutputter.characters ['true']
23:36:47.681 [Test worker] DEBUG org.apache.axis.message.SAXOutputter - SAXOutputter.endElement ['' enabled]
23:36:47.681 [Test worker] DEBUG org.apache.axis.i18n.ProjectResourceBundle - org.apache.axis.i18n.resource::handleGetObject(endElem00)
23:36:47.681 [Test worker] DEBUG org.apache.axis.encoding.SerializationContext - End element enabled
23:36:47.681 [Test worker] DEBUG org.apache.axis.message.SAXOutputter - SAXOutputter.startElement ['' view_state]
23:36:47.681 [Test worker] DEBUG org.apache.axis.i18n.ProjectResourceBundle - org.apache.axis.i18n.resource::handleGetObject(startElem00)
23:36:47.681 [Test worker] DEBUG org.apache.axis.encoding.SerializationContext - Start element []:view_state
23:36:47.681 [Test worker] DEBUG org.apache.axis.message.SAXOutputter - SAXOutputter.startElement ['' id]
23:36:47.681 [Test worker] DEBUG org.apache.axis.i18n.ProjectResourceBundle - org.apache.axis.i18n.resource::handleGetObject(startElem00)
23:36:47.681 [Test worker] DEBUG org.apache.axis.encoding.SerializationContext - Start element []:id
23:36:47.682 [Test worker] DEBUG org.apache.axis.message.SAXOutputter - SAXOutputter.characters ['10']
23:36:47.682 [Test worker] DEBUG org.apache.axis.message.SAXOutputter - SAXOutputter.endElement ['' id]
23:36:47.682 [Test worker] DEBUG org.apache.axis.i18n.ProjectResourceBundle - org.apache.axis.i18n.resource::handleGetObject(endElem00)
23:36:47.682 [Test worker] DEBUG org.apache.axis.encoding.SerializationContext - End element id
23:36:47.682 [Test worker] DEBUG org.apache.axis.message.SAXOutputter - SAXOutputter.startElement ['' name]
23:36:47.682 [Test worker] DEBUG org.apache.axis.i18n.ProjectResourceBundle - org.apache.axis.i18n.resource::handleGetObject(startElem00)
23:36:47.682 [Test worker] DEBUG org.apache.axis.encoding.SerializationContext - Start element []:name
23:36:47.682 [Test worker] DEBUG org.apache.axis.message.SAXOutputter - SAXOutputter.characters ['public']
23:36:47.682 [Test worker] DEBUG org.apache.axis.message.SAXOutputter - SAXOutputter.endElement ['' name]
23:36:47.682 [Test worker] DEBUG org.apache.axis.i18n.ProjectResourceBundle - org.apache.axis.i18n.resource::handleGetObject(endElem00)
23:36:47.682 [Test worker] DEBUG org.apache.axis.encoding.SerializationContext - End element name
23:36:47.682 [Test worker] DEBUG org.apache.axis.message.SAXOutputter - SAXOutputter.endElement ['' view_state]
23:36:47.682 [Test worker] DEBUG org.apache.axis.i18n.ProjectResourceBundle - org.apache.axis.i18n.resource::handleGetObject(endElem00)
23:36:47.682 [Test worker] DEBUG org.apache.axis.encoding.SerializationContext - End element view_state
23:36:47.682 [Test worker] DEBUG org.apache.axis.message.SAXOutputter - SAXOutputter.startElement ['' access_min]
23:36:47.682 [Test worker] DEBUG org.apache.axis.i18n.ProjectResourceBundle - org.apache.axis.i18n.resource::handleGetObject(startElem00)
23:36:47.682 [Test worker] DEBUG org.apache.axis.encoding.SerializationContext - Start element []:access_min
23:36:47.682 [Test worker] DEBUG org.apache.axis.message.SAXOutputter - SAXOutputter.startElement ['' id]
23:36:47.682 [Test worker] DEBUG org.apache.axis.i18n.ProjectResourceBundle - org.apache.axis.i18n.resource::handleGetObject(startElem00)
23:36:47.682 [Test worker] DEBUG org.apache.axis.encoding.SerializationContext - Start element []:id
23:36:47.682 [Test worker] DEBUG org.apache.axis.message.SAXOutputter - SAXOutputter.characters ['10']
23:36:47.682 [Test worker] DEBUG org.apache.axis.message.SAXOutputter - SAXOutputter.endElement ['' id]
23:36:47.682 [Test worker] DEBUG org.apache.axis.i18n.ProjectResourceBundle - org.apache.axis.i18n.resource::handleGetObject(endElem00)
23:36:47.682 [Test worker] DEBUG org.apache.axis.encoding.SerializationContext - End element id
23:36:47.682 [Test worker] DEBUG org.apache.axis.message.SAXOutputter - SAXOutputter.startElement ['' name]
23:36:47.682 [Test worker] DEBUG org.apache.axis.i18n.ProjectResourceBundle - org.apache.axis.i18n.resource::handleGetObject(startElem00)
23:36:47.682 [Test worker] DEBUG org.apache.axis.encoding.SerializationContext - Start element []:name
23:36:47.682 [Test worker] DEBUG org.apache.axis.message.SAXOutputter - SAXOutputter.characters ['viewer']
23:36:47.682 [Test worker] DEBUG org.apache.axis.message.SAXOutputter - SAXOutputter.endElement ['' name]
23:36:47.682 [Test worker] DEBUG org.apache.axis.i18n.ProjectResourceBundle - org.apache.axis.i18n.resource::handleGetObject(endElem00)
23:36:47.682 [Test worker] DEBUG org.apache.axis.encoding.SerializationContext - End element name
23:36:47.683 [Test worker] DEBUG org.apache.axis.message.SAXOutputter - SAXOutputter.endElement ['' access_min]
23:36:47.683 [Test worker] DEBUG org.apache.axis.i18n.ProjectResourceBundle - org.apache.axis.i18n.resource::handleGetObject(endElem00)
23:36:47.683 [Test worker] DEBUG org.apache.axis.encoding.SerializationContext - End element access_min
23:36:47.683 [Test worker] DEBUG org.apache.axis.message.SAXOutputter - SAXOutputter.startElement ['' file_path]
23:36:47.683 [Test worker] DEBUG org.apache.axis.i18n.ProjectResourceBundle - org.apache.axis.i18n.resource::handleGetObject(startElem00)
23:36:47.683 [Test worker] DEBUG org.apache.axis.encoding.SerializationContext - Start element []:file_path
23:36:47.683 [Test worker] DEBUG org.apache.axis.message.SAXOutputter - SAXOutputter.endElement ['' file_path]
23:36:47.683 [Test worker] DEBUG org.apache.axis.i18n.ProjectResourceBundle - org.apache.axis.i18n.resource::handleGetObject(endElem00)
23:36:47.683 [Test worker] DEBUG org.apache.axis.encoding.SerializationContext - End element file_path
23:36:47.683 [Test worker] DEBUG org.apache.axis.message.SAXOutputter - SAXOutputter.startElement ['' description]
23:36:47.683 [Test worker] DEBUG org.apache.axis.i18n.ProjectResourceBundle - org.apache.axis.i18n.resource::handleGetObject(startElem00)
23:36:47.683 [Test worker] DEBUG org.apache.axis.encoding.SerializationContext - Start element []:description
23:36:47.683 [Test worker] DEBUG org.apache.axis.message.SAXOutputter - SAXOutputter.endElement ['' description]
23:36:47.683 [Test worker] DEBUG org.apache.axis.i18n.ProjectResourceBundle - org.apache.axis.i18n.resource::handleGetObject(endElem00)
23:36:47.683 [Test worker] DEBUG org.apache.axis.encoding.SerializationContext - End element description
23:36:47.683 [Test worker] DEBUG org.apache.axis.message.SAXOutputter - SAXOutputter.startElement ['' subprojects]
23:36:47.683 [Test worker] DEBUG org.apache.axis.i18n.ProjectResourceBundle - org.apache.axis.i18n.resource::handleGetObject(startElem00)
23:36:47.683 [Test worker] DEBUG org.apache.axis.encoding.SerializationContext - Start element []:subprojects
23:36:47.683 [Test worker] DEBUG org.apache.axis.message.SAXOutputter - SAXOutputter.endElement ['' subprojects]
23:36:47.683 [Test worker] DEBUG org.apache.axis.i18n.ProjectResourceBundle - org.apache.axis.i18n.resource::handleGetObject(endElem00)
23:36:47.683 [Test worker] DEBUG org.apache.axis.encoding.SerializationContext - End element subprojects
23:36:47.683 [Test worker] DEBUG org.apache.axis.message.SAXOutputter - SAXOutputter.endElement ['' item]
23:36:47.683 [Test worker] DEBUG org.apache.axis.i18n.ProjectResourceBundle - org.apache.axis.i18n.resource::handleGetObject(endElem00)
23:36:47.683 [Test worker] DEBUG org.apache.axis.encoding.SerializationContext - End element item
23:36:47.683 [Test worker] DEBUG org.apache.axis.message.SAXOutputter - SAXOutputter.endElement ['' return]
23:36:47.683 [Test worker] DEBUG org.apache.axis.i18n.ProjectResourceBundle - org.apache.axis.i18n.resource::handleGetObject(endElem00)
23:36:47.683 [Test worker] DEBUG org.apache.axis.encoding.SerializationContext - End element return
23:36:47.683 [Test worker] DEBUG org.apache.axis.message.SAXOutputter - SAXOutputter.endElement ['http://futureware.biz/mantisconnect' mc_projects_get_user_accessibleResponse]
23:36:47.683 [Test worker] DEBUG org.apache.axis.i18n.ProjectResourceBundle - org.apache.axis.i18n.resource::handleGetObject(endElem00)
23:36:47.683 [Test worker] DEBUG org.apache.axis.encoding.SerializationContext - End element ns1:mc_projects_get_user_accessibleResponse
23:36:47.683 [Test worker] DEBUG org.apache.axis.i18n.ProjectResourceBundle - org.apache.axis.i18n.resource::handleGetObject(endElem00)
23:36:47.683 [Test worker] DEBUG org.apache.axis.encoding.SerializationContext - End element SOAP-ENV:Body
23:36:47.684 [Test worker] DEBUG org.apache.axis.i18n.ProjectResourceBundle - org.apache.axis.i18n.resource::handleGetObject(endElem00)
23:36:47.684 [Test worker] DEBUG org.apache.axis.encoding.SerializationContext - End element SOAP-ENV:Envelope
23:36:47.684 [Test worker] DEBUG org.apache.axis.i18n.ProjectResourceBundle - org.apache.axis.i18n.resource::handleGetObject(setMsgForm)
23:36:47.684 [Test worker] DEBUG org.apache.axis.SOAPPart - Setting current message form to: FORM_OPTIMIZED (currentMessage is now org.apache.axis.utils.ByteArray)
23:36:47.684 [Test worker] DEBUG org.apache.axis.SOAPPart - Exit: SOAPPart::saveChanges(): org.apache.axis.utils.ByteArray@aeb977b
23:36:47.689 [Test worker] DEBUG org.apache.axis.i18n.ProjectResourceBundle - org.apache.axis.i18n.resource::handleGetObject(engineConfigLoadFactory)
23:36:47.689 [Test worker] DEBUG org.apache.axis.configuration.EngineConfigurationFactoryFinder - Factory org.apache.axis.configuration.EngineConfigurationFactoryServlet Ignored: unable to load/resolve class.
23:36:47.689 [Test worker] DEBUG org.apache.axis.i18n.ProjectResourceBundle - org.apache.axis.i18n.resource::handleGetObject(engineFactory)
23:36:47.689 [Test worker] DEBUG org.apache.axis.configuration.EngineConfigurationFactoryFinder - Got EngineFactory: org.apache.axis.configuration.EngineConfigurationFactoryDefault
23:36:47.690 [Test worker] DEBUG org.apache.axis.AxisEngine - Enter: AxisEngine::init
23:36:47.695 [Test worker] DEBUG org.apache.axis.AxisEngine - Exit: AxisEngine::init
23:36:47.695 [Test worker] DEBUG org.apache.axis.i18n.ProjectResourceBundle - org.apache.axis.i18n.resource::handleGetObject(transport00)
23:36:47.695 [Test worker] DEBUG org.apache.axis.client.Call - Transport is org.apache.axis.transport.http.HTTPTransport@19eda7e0
23:36:47.696 [Test worker] DEBUG org.apache.axis.client.Call - Enter: Call::invoke(ns, meth, args)
23:36:47.696 [Test worker] DEBUG org.apache.axis.client.Call - operation=name:        mc_project_get_categories
returnQName: return
returnType:  {http://futureware.biz/mantisconnect}StringArray
returnClass: class [Ljava.lang.String;
elementQName:null
soapAction:  null
style:       rpc
use:         encoded
numInParams: 3
method:null
 ParameterDesc[0]:
  name:       username
  typeEntry:  null
  mode:       IN
  position:   0
  isReturn:   false
  typeQName:  {http://www.w3.org/2001/XMLSchema}string
  javaType:   class java.lang.String
  inHeader:   false
  outHeader:  false

 ParameterDesc[1]:
  name:       password
  typeEntry:  null
  mode:       IN
  position:   1
  isReturn:   false
  typeQName:  {http://www.w3.org/2001/XMLSchema}string
  javaType:   class java.lang.String
  inHeader:   false
  outHeader:  false

 ParameterDesc[2]:
  name:       project_id
  typeEntry:  null
  mode:       IN
  position:   2
  isReturn:   false
  typeQName:  {http://www.w3.org/2001/XMLSchema}integer
  javaType:   class java.math.BigInteger
  inHeader:   false
  outHeader:  false


23:36:47.696 [Test worker] DEBUG org.apache.axis.client.Call - operation.getNumParams()=3
23:36:47.696 [Test worker] DEBUG org.apache.axis.client.Call - getParamList number of params: 3
23:36:47.696 [Test worker] DEBUG org.apache.axis.client.Call - Enter: Call::invoke(RPCElement)
23:36:47.696 [Test worker] DEBUG org.apache.axis.SOAPPart - Enter: SOAPPart ctor(FORM_SOAPENVELOPE)
23:36:47.696 [Test worker] DEBUG org.apache.axis.i18n.ProjectResourceBundle - org.apache.axis.i18n.resource::handleGetObject(setMsgForm)
23:36:47.696 [Test worker] DEBUG org.apache.axis.SOAPPart - Setting current message form to: FORM_SOAPENVELOPE (currentMessage is now org.apache.axis.message.SOAPEnvelope)
23:36:47.696 [Test worker] DEBUG org.apache.axis.SOAPPart - Exit: SOAPPart ctor()
23:36:47.696 [Test worker] DEBUG org.apache.axis.i18n.ProjectResourceBundle - org.apache.axis.i18n.resource::handleGetObject(addBody00)
23:36:47.696 [Test worker] DEBUG org.apache.axis.message.SOAPBody - Adding body element to message...
23:36:47.697 [Test worker] DEBUG org.apache.axis.client.Call - Enter: Call::invoke()
23:36:47.697 [Test worker] DEBUG org.apache.axis.MessageContext - MessageContext: setTargetService(MantisConnectPort)
23:36:47.697 [Test worker] DEBUG org.apache.axis.i18n.ProjectResourceBundle - org.apache.axis.i18n.resource::handleGetObject(noService10)
23:36:47.697 [Test worker] DEBUG org.apache.axis.ConfigurationException - Exception: 
org.apache.axis.ConfigurationException: No service named MantisConnectPort is available
	at org.apache.axis.configuration.FileProvider.getService(FileProvider.java:233)
	at org.apache.axis.AxisEngine.getService(AxisEngine.java:311)
	at org.apache.axis.MessageContext.setTargetService(MessageContext.java:756)
	at org.apache.axis.client.Call.invoke(Call.java:2690)
	at org.apache.axis.client.Call.invoke(Call.java:2443)
	at org.apache.axis.client.Call.invoke(Call.java:2366)
	at org.apache.axis.client.Call.invoke(Call.java:1812)
	at biz.futureware.mantis.rpc.soap.client.MantisConnectBindingStub.mc_project_get_categories(MantisConnectBindingStub.java:2781)
	at dd.pyrkova.mantis.appmanager.SoapHelper.addIssue(SoapHelper.java:44)
	at dd.pyrkova.mantis.tests.SoapTests.testCreateIssue(SoapTests.java:33)
	at sun.reflect.NativeMethodAccessorImpl.invoke0(Native Method)
	at sun.reflect.NativeMethodAccessorImpl.invoke(NativeMethodAccessorImpl.java:62)
	at sun.reflect.DelegatingMethodAccessorImpl.invoke(DelegatingMethodAccessorImpl.java:43)
	at java.lang.reflect.Method.invoke(Method.java:498)
	at org.testng.internal.MethodInvocationHelper.invokeMethod(MethodInvocationHelper.java:134)
	at org.testng.internal.TestInvoker.invokeMethod(TestInvoker.java:597)
	at org.testng.internal.TestInvoker.invokeTestMethod(TestInvoker.java:173)
	at org.testng.internal.MethodRunner.runInSequence(MethodRunner.java:46)
	at org.testng.internal.TestInvoker$MethodInvocationAgent.invoke(TestInvoker.java:816)
	at org.testng.internal.TestInvoker.invokeTestMethods(TestInvoker.java:146)
	at org.testng.internal.TestMethodWorker.invokeTestMethods(TestMethodWorker.java:146)
	at org.testng.internal.TestMethodWorker.run(TestMethodWorker.java:128)
	at java.util.ArrayList.forEach(ArrayList.java:1257)
	at org.testng.TestRunner.privateRun(TestRunner.java:766)
	at org.testng.TestRunner.run(TestRunner.java:587)
	at org.testng.SuiteRunner.runTest(SuiteRunner.java:384)
	at org.testng.SuiteRunner.runSequentially(SuiteRunner.java:378)
	at org.testng.SuiteRunner.privateRun(SuiteRunner.java:337)
	at org.testng.SuiteRunner.run(SuiteRunner.java:286)
	at org.testng.SuiteRunnerWorker.runSuite(SuiteRunnerWorker.java:53)
	at org.testng.SuiteRunnerWorker.run(SuiteRunnerWorker.java:96)
	at org.testng.TestNG.runSuitesSequentially(TestNG.java:1187)
	at org.testng.TestNG.runSuitesLocally(TestNG.java:1109)
	at org.testng.TestNG.runSuites(TestNG.java:1039)
	at org.testng.TestNG.run(TestNG.java:1007)
	at org.gradle.api.internal.tasks.testing.testng.TestNGTestClassProcessor.runTests(TestNGTestClassProcessor.java:141)
	at org.gradle.api.internal.tasks.testing.testng.TestNGTestClassProcessor.stop(TestNGTestClassProcessor.java:90)
	at org.gradle.api.internal.tasks.testing.SuiteTestClassProcessor.stop(SuiteTestClassProcessor.java:61)
	at sun.reflect.NativeMethodAccessorImpl.invoke0(Native Method)
	at sun.reflect.NativeMethodAccessorImpl.invoke(NativeMethodAccessorImpl.java:62)
	at sun.reflect.DelegatingMethodAccessorImpl.invoke(DelegatingMethodAccessorImpl.java:43)
	at java.lang.reflect.Method.invoke(Method.java:498)
	at org.gradle.internal.dispatch.ReflectionDispatch.dispatch(ReflectionDispatch.java:36)
	at org.gradle.internal.dispatch.ReflectionDispatch.dispatch(ReflectionDispatch.java:24)
	at org.gradle.internal.dispatch.ContextClassLoaderDispatch.dispatch(ContextClassLoaderDispatch.java:33)
	at org.gradle.internal.dispatch.ProxyDispatchAdapter$DispatchingInvocationHandler.invoke(ProxyDispatchAdapter.java:94)
	at com.sun.proxy.$Proxy2.stop(Unknown Source)
	at org.gradle.api.internal.tasks.testing.worker.TestWorker.stop(TestWorker.java:132)
	at sun.reflect.NativeMethodAccessorImpl.invoke0(Native Method)
	at sun.reflect.NativeMethodAccessorImpl.invoke(NativeMethodAccessorImpl.java:62)
	at sun.reflect.DelegatingMethodAccessorImpl.invoke(DelegatingMethodAccessorImpl.java:43)
	at java.lang.reflect.Method.invoke(Method.java:498)
	at org.gradle.internal.dispatch.ReflectionDispatch.dispatch(ReflectionDispatch.java:36)
	at org.gradle.internal.dispatch.ReflectionDispatch.dispatch(ReflectionDispatch.java:24)
	at org.gradle.internal.remote.internal.hub.MessageHubBackedObjectConnection$DispatchWrapper.dispatch(MessageHubBackedObjectConnection.java:182)
	at org.gradle.internal.remote.internal.hub.MessageHubBackedObjectConnection$DispatchWrapper.dispatch(MessageHubBackedObjectConnection.java:164)
	at org.gradle.internal.remote.internal.hub.MessageHub$Handler.run(MessageHub.java:412)
	at org.gradle.internal.concurrent.ExecutorPolicy$CatchAndRecordFailures.onExecute(ExecutorPolicy.java:64)
	at org.gradle.internal.concurrent.ManagedExecutorImpl$1.run(ManagedExecutorImpl.java:48)
	at java.util.concurrent.ThreadPoolExecutor.runWorker(ThreadPoolExecutor.java:1149)
	at java.util.concurrent.ThreadPoolExecutor$Worker.run(ThreadPoolExecutor.java:624)
	at org.gradle.internal.concurrent.ThreadFactoryImpl$ManagedThreadRunnable.run(ThreadFactoryImpl.java:56)
	at java.lang.Thread.run(Thread.java:748)
23:36:47.698 [Test worker] DEBUG org.apache.axis.MessageContext - MessageContext: setServiceHandler(null)
23:36:47.698 [Test worker] DEBUG org.apache.axis.i18n.ProjectResourceBundle - org.apache.axis.i18n.resource::handleGetObject(targetService)
23:36:47.698 [Test worker] DEBUG org.apache.axis.client.Call - Target service:  MantisConnectPort
23:36:47.698 [Test worker] DEBUG org.apache.axis.MessageContext - MessageContext: setTargetService(http://www.mantisbt.org/bugs/api/soap/mantisconnect.php/mc_project_get_categories)
23:36:47.698 [Test worker] DEBUG org.apache.axis.i18n.ProjectResourceBundle - org.apache.axis.i18n.resource::handleGetObject(noService10)
23:36:47.699 [Test worker] DEBUG org.apache.axis.ConfigurationException - Exception: 
org.apache.axis.ConfigurationException: No service named http://www.mantisbt.org/bugs/api/soap/mantisconnect.php/mc_project_get_categories is available
	at org.apache.axis.configuration.FileProvider.getService(FileProvider.java:233)
	at org.apache.axis.AxisEngine.getService(AxisEngine.java:311)
	at org.apache.axis.MessageContext.setTargetService(MessageContext.java:756)
	at org.apache.axis.transport.http.HTTPTransport.setupMessageContextImpl(HTTPTransport.java:89)
	at org.apache.axis.client.Transport.setupMessageContext(Transport.java:46)
	at org.apache.axis.client.Call.invoke(Call.java:2738)
	at org.apache.axis.client.Call.invoke(Call.java:2443)
	at org.apache.axis.client.Call.invoke(Call.java:2366)
	at org.apache.axis.client.Call.invoke(Call.java:1812)
	at biz.futureware.mantis.rpc.soap.client.MantisConnectBindingStub.mc_project_get_categories(MantisConnectBindingStub.java:2781)
	at dd.pyrkova.mantis.appmanager.SoapHelper.addIssue(SoapHelper.java:44)
	at dd.pyrkova.mantis.tests.SoapTests.testCreateIssue(SoapTests.java:33)
	at sun.reflect.NativeMethodAccessorImpl.invoke0(Native Method)
	at sun.reflect.NativeMethodAccessorImpl.invoke(NativeMethodAccessorImpl.java:62)
	at sun.reflect.DelegatingMethodAccessorImpl.invoke(DelegatingMethodAccessorImpl.java:43)
	at java.lang.reflect.Method.invoke(Method.java:498)
	at org.testng.internal.MethodInvocationHelper.invokeMethod(MethodInvocationHelper.java:134)
	at org.testng.internal.TestInvoker.invokeMethod(TestInvoker.java:597)
	at org.testng.internal.TestInvoker.invokeTestMethod(TestInvoker.java:173)
	at org.testng.internal.MethodRunner.runInSequence(MethodRunner.java:46)
	at org.testng.internal.TestInvoker$MethodInvocationAgent.invoke(TestInvoker.java:816)
	at org.testng.internal.TestInvoker.invokeTestMethods(TestInvoker.java:146)
	at org.testng.internal.TestMethodWorker.invokeTestMethods(TestMethodWorker.java:146)
	at org.testng.internal.TestMethodWorker.run(TestMethodWorker.java:128)
	at java.util.ArrayList.forEach(ArrayList.java:1257)
	at org.testng.TestRunner.privateRun(TestRunner.java:766)
	at org.testng.TestRunner.run(TestRunner.java:587)
	at org.testng.SuiteRunner.runTest(SuiteRunner.java:384)
	at org.testng.SuiteRunner.runSequentially(SuiteRunner.java:378)
	at org.testng.SuiteRunner.privateRun(SuiteRunner.java:337)
	at org.testng.SuiteRunner.run(SuiteRunner.java:286)
	at org.testng.SuiteRunnerWorker.runSuite(SuiteRunnerWorker.java:53)
	at org.testng.SuiteRunnerWorker.run(SuiteRunnerWorker.java:96)
	at org.testng.TestNG.runSuitesSequentially(TestNG.java:1187)
	at org.testng.TestNG.runSuitesLocally(TestNG.java:1109)
	at org.testng.TestNG.runSuites(TestNG.java:1039)
	at org.testng.TestNG.run(TestNG.java:1007)
	at org.gradle.api.internal.tasks.testing.testng.TestNGTestClassProcessor.runTests(TestNGTestClassProcessor.java:141)
	at org.gradle.api.internal.tasks.testing.testng.TestNGTestClassProcessor.stop(TestNGTestClassProcessor.java:90)
	at org.gradle.api.internal.tasks.testing.SuiteTestClassProcessor.stop(SuiteTestClassProcessor.java:61)
	at sun.reflect.NativeMethodAccessorImpl.invoke0(Native Method)
	at sun.reflect.NativeMethodAccessorImpl.invoke(NativeMethodAccessorImpl.java:62)
	at sun.reflect.DelegatingMethodAccessorImpl.invoke(DelegatingMethodAccessorImpl.java:43)
	at java.lang.reflect.Method.invoke(Method.java:498)
	at org.gradle.internal.dispatch.ReflectionDispatch.dispatch(ReflectionDispatch.java:36)
	at org.gradle.internal.dispatch.ReflectionDispatch.dispatch(ReflectionDispatch.java:24)
	at org.gradle.internal.dispatch.ContextClassLoaderDispatch.dispatch(ContextClassLoaderDispatch.java:33)
	at org.gradle.internal.dispatch.ProxyDispatchAdapter$DispatchingInvocationHandler.invoke(ProxyDispatchAdapter.java:94)
	at com.sun.proxy.$Proxy2.stop(Unknown Source)
	at org.gradle.api.internal.tasks.testing.worker.TestWorker.stop(TestWorker.java:132)
	at sun.reflect.NativeMethodAccessorImpl.invoke0(Native Method)
	at sun.reflect.NativeMethodAccessorImpl.invoke(NativeMethodAccessorImpl.java:62)
	at sun.reflect.DelegatingMethodAccessorImpl.invoke(DelegatingMethodAccessorImpl.java:43)
	at java.lang.reflect.Method.invoke(Method.java:498)
	at org.gradle.internal.dispatch.ReflectionDispatch.dispatch(ReflectionDispatch.java:36)
	at org.gradle.internal.dispatch.ReflectionDispatch.dispatch(ReflectionDispatch.java:24)
	at org.gradle.internal.remote.internal.hub.MessageHubBackedObjectConnection$DispatchWrapper.dispatch(MessageHubBackedObjectConnection.java:182)
	at org.gradle.internal.remote.internal.hub.MessageHubBackedObjectConnection$DispatchWrapper.dispatch(MessageHubBackedObjectConnection.java:164)
	at org.gradle.internal.remote.internal.hub.MessageHub$Handler.run(MessageHub.java:412)
	at org.gradle.internal.concurrent.ExecutorPolicy$CatchAndRecordFailures.onExecute(ExecutorPolicy.java:64)
	at org.gradle.internal.concurrent.ManagedExecutorImpl$1.run(ManagedExecutorImpl.java:48)
	at java.util.concurrent.ThreadPoolExecutor.runWorker(ThreadPoolExecutor.java:1149)
	at java.util.concurrent.ThreadPoolExecutor$Worker.run(ThreadPoolExecutor.java:624)
	at org.gradle.internal.concurrent.ThreadFactoryImpl$ManagedThreadRunnable.run(ThreadFactoryImpl.java:56)
	at java.lang.Thread.run(Thread.java:748)
23:36:47.699 [Test worker] DEBUG org.apache.axis.MessageContext - MessageContext: setServiceHandler(null)
23:36:47.699 [Test worker] DEBUG org.apache.axis.SOAPPart - Enter: SOAPPart::getAsSOAPEnvelope()
23:36:47.699 [Test worker] DEBUG org.apache.axis.i18n.ProjectResourceBundle - org.apache.axis.i18n.resource::handleGetObject(currForm)
23:36:47.699 [Test worker] DEBUG org.apache.axis.SOAPPart - current form is FORM_SOAPENVELOPE
23:36:47.699 [Test worker] DEBUG org.apache.axis.i18n.ProjectResourceBundle - org.apache.axis.i18n.resource::handleGetObject(register00)
23:36:47.699 [Test worker] DEBUG org.apache.axis.encoding.SerializationContext - register 'soapenv' - 'http://schemas.xmlsoap.org/soap/envelope/'
23:36:47.699 [Test worker] DEBUG org.apache.axis.i18n.ProjectResourceBundle - org.apache.axis.i18n.resource::handleGetObject(register00)
23:36:47.699 [Test worker] DEBUG org.apache.axis.encoding.SerializationContext - register 'soapenv' - 'http://schemas.xmlsoap.org/soap/envelope/'
23:36:47.699 [Test worker] DEBUG org.apache.axis.i18n.ProjectResourceBundle - org.apache.axis.i18n.resource::handleGetObject(register00)
23:36:47.700 [Test worker] DEBUG org.apache.axis.encoding.SerializationContext - register 'xsd' - 'http://www.w3.org/2001/XMLSchema'
23:36:47.700 [Test worker] DEBUG org.apache.axis.i18n.ProjectResourceBundle - org.apache.axis.i18n.resource::handleGetObject(register00)
23:36:47.700 [Test worker] DEBUG org.apache.axis.encoding.SerializationContext - register 'xsi' - 'http://www.w3.org/2001/XMLSchema-instance'
23:36:47.700 [Test worker] DEBUG org.apache.axis.i18n.ProjectResourceBundle - org.apache.axis.i18n.resource::handleGetObject(startElem00)
23:36:47.700 [Test worker] DEBUG org.apache.axis.encoding.SerializationContext - Start element [http://schemas.xmlsoap.org/soap/envelope/]:Envelope
23:36:47.700 [Test worker] DEBUG org.apache.axis.i18n.ProjectResourceBundle - org.apache.axis.i18n.resource::handleGetObject(startElem00)
23:36:47.700 [Test worker] DEBUG org.apache.axis.encoding.SerializationContext - Start element [http://schemas.xmlsoap.org/soap/envelope/]:Body
23:36:47.700 [Test worker] DEBUG org.apache.axis.i18n.ProjectResourceBundle - org.apache.axis.i18n.resource::handleGetObject(startElem00)
23:36:47.700 [Test worker] DEBUG org.apache.axis.encoding.SerializationContext - Start element [http://futureware.biz/mantisconnect]:mc_project_get_categories
23:36:47.700 [Test worker] DEBUG org.apache.axis.i18n.ProjectResourceBundle - org.apache.axis.i18n.resource::handleGetObject(register00)
23:36:47.700 [Test worker] DEBUG org.apache.axis.encoding.SerializationContext - register 'ns1' - 'http://futureware.biz/mantisconnect'
23:36:47.700 [Test worker] DEBUG org.apache.axis.i18n.ProjectResourceBundle - org.apache.axis.i18n.resource::handleGetObject(startElem00)
23:36:47.700 [Test worker] DEBUG org.apache.axis.encoding.SerializationContext - Start element []:username
23:36:47.700 [Test worker] DEBUG org.apache.axis.i18n.ProjectResourceBundle - org.apache.axis.i18n.resource::handleGetObject(endElem00)
23:36:47.700 [Test worker] DEBUG org.apache.axis.encoding.SerializationContext - End element username
23:36:47.700 [Test worker] DEBUG org.apache.axis.i18n.ProjectResourceBundle - org.apache.axis.i18n.resource::handleGetObject(startElem00)
23:36:47.700 [Test worker] DEBUG org.apache.axis.encoding.SerializationContext - Start element []:password
23:36:47.700 [Test worker] DEBUG org.apache.axis.i18n.ProjectResourceBundle - org.apache.axis.i18n.resource::handleGetObject(endElem00)
23:36:47.700 [Test worker] DEBUG org.apache.axis.encoding.SerializationContext - End element password
23:36:47.706 [Test worker] DEBUG org.apache.axis.i18n.ProjectResourceBundle - org.apache.axis.i18n.resource::handleGetObject(startElem00)
23:36:47.706 [Test worker] DEBUG org.apache.axis.encoding.SerializationContext - Start element []:project_id
23:36:47.706 [Test worker] DEBUG org.apache.axis.i18n.ProjectResourceBundle - org.apache.axis.i18n.resource::handleGetObject(endElem00)
23:36:47.706 [Test worker] DEBUG org.apache.axis.encoding.SerializationContext - End element project_id
23:36:47.706 [Test worker] DEBUG org.apache.axis.i18n.ProjectResourceBundle - org.apache.axis.i18n.resource::handleGetObject(endElem00)
23:36:47.707 [Test worker] DEBUG org.apache.axis.encoding.SerializationContext - End element ns1:mc_project_get_categories
23:36:47.707 [Test worker] DEBUG org.apache.axis.i18n.ProjectResourceBundle - org.apache.axis.i18n.resource::handleGetObject(endElem00)
23:36:47.707 [Test worker] DEBUG org.apache.axis.encoding.SerializationContext - End element soapenv:Body
23:36:47.707 [Test worker] DEBUG org.apache.axis.i18n.ProjectResourceBundle - org.apache.axis.i18n.resource::handleGetObject(endElem00)
23:36:47.707 [Test worker] DEBUG org.apache.axis.encoding.SerializationContext - End element soapenv:Envelope
23:36:47.707 [Test worker] DEBUG org.apache.axis.client.Call - <?xml version="1.0" encoding="UTF-8"?><soapenv:Envelope xmlns:soapenv="http://schemas.xmlsoap.org/soap/envelope/" xmlns:xsd="http://www.w3.org/2001/XMLSchema" xmlns:xsi="http://www.w3.org/2001/XMLSchema-instance"><soapenv:Body><ns1:mc_project_get_categories soapenv:encodingStyle="http://schemas.xmlsoap.org/soap/encoding/" xmlns:ns1="http://futureware.biz/mantisconnect"><username xsi:type="xsd:string">administrator</username><password xsi:type="xsd:string">root</password><project_id xsi:type="xsd:integer">1</project_id></ns1:mc_project_get_categories></soapenv:Body></soapenv:Envelope>
23:36:47.707 [Test worker] DEBUG org.apache.axis.client.AxisClient - Enter: AxisClient::invoke
23:36:47.707 [Test worker] DEBUG org.apache.axis.client.AxisClient - EngineHandler: null
23:36:47.707 [Test worker] DEBUG org.apache.axis.SimpleChain - Enter: SimpleChain::invoke
23:36:47.707 [Test worker] DEBUG org.apache.axis.i18n.ProjectResourceBundle - org.apache.axis.i18n.resource::handleGetObject(enter00)
23:36:47.707 [Test worker] DEBUG org.apache.axis.transport.http.HTTPSender - Enter:  HTTPSender::invoke
23:36:47.707 [Test worker] DEBUG org.apache.axis.SOAPPart - Enter: SOAPPart::saveChanges
23:36:47.707 [Test worker] DEBUG org.apache.axis.i18n.ProjectResourceBundle - org.apache.axis.i18n.resource::handleGetObject(register00)
23:36:47.707 [Test worker] DEBUG org.apache.axis.encoding.SerializationContext - register 'soapenv' - 'http://schemas.xmlsoap.org/soap/envelope/'
23:36:47.707 [Test worker] DEBUG org.apache.axis.i18n.ProjectResourceBundle - org.apache.axis.i18n.resource::handleGetObject(register00)
23:36:47.707 [Test worker] DEBUG org.apache.axis.encoding.SerializationContext - register 'soapenv' - 'http://schemas.xmlsoap.org/soap/envelope/'
23:36:47.707 [Test worker] DEBUG org.apache.axis.i18n.ProjectResourceBundle - org.apache.axis.i18n.resource::handleGetObject(register00)
23:36:47.707 [Test worker] DEBUG org.apache.axis.encoding.SerializationContext - register 'xsd' - 'http://www.w3.org/2001/XMLSchema'
23:36:47.707 [Test worker] DEBUG org.apache.axis.i18n.ProjectResourceBundle - org.apache.axis.i18n.resource::handleGetObject(register00)
23:36:47.707 [Test worker] DEBUG org.apache.axis.encoding.SerializationContext - register 'xsi' - 'http://www.w3.org/2001/XMLSchema-instance'
23:36:47.707 [Test worker] DEBUG org.apache.axis.i18n.ProjectResourceBundle - org.apache.axis.i18n.resource::handleGetObject(startElem00)
23:36:47.707 [Test worker] DEBUG org.apache.axis.encoding.SerializationContext - Start element [http://schemas.xmlsoap.org/soap/envelope/]:Envelope
23:36:47.707 [Test worker] DEBUG org.apache.axis.i18n.ProjectResourceBundle - org.apache.axis.i18n.resource::handleGetObject(startElem00)
23:36:47.707 [Test worker] DEBUG org.apache.axis.encoding.SerializationContext - Start element [http://schemas.xmlsoap.org/soap/envelope/]:Body
23:36:47.707 [Test worker] DEBUG org.apache.axis.i18n.ProjectResourceBundle - org.apache.axis.i18n.resource::handleGetObject(startElem00)
23:36:47.707 [Test worker] DEBUG org.apache.axis.encoding.SerializationContext - Start element [http://futureware.biz/mantisconnect]:mc_project_get_categories
23:36:47.708 [Test worker] DEBUG org.apache.axis.i18n.ProjectResourceBundle - org.apache.axis.i18n.resource::handleGetObject(register00)
23:36:47.708 [Test worker] DEBUG org.apache.axis.encoding.SerializationContext - register 'ns1' - 'http://futureware.biz/mantisconnect'
23:36:47.708 [Test worker] DEBUG org.apache.axis.i18n.ProjectResourceBundle - org.apache.axis.i18n.resource::handleGetObject(startElem00)
23:36:47.708 [Test worker] DEBUG org.apache.axis.encoding.SerializationContext - Start element []:username
23:36:47.708 [Test worker] DEBUG org.apache.axis.i18n.ProjectResourceBundle - org.apache.axis.i18n.resource::handleGetObject(endElem00)
23:36:47.708 [Test worker] DEBUG org.apache.axis.encoding.SerializationContext - End element username
23:36:47.708 [Test worker] DEBUG org.apache.axis.i18n.ProjectResourceBundle - org.apache.axis.i18n.resource::handleGetObject(startElem00)
23:36:47.708 [Test worker] DEBUG org.apache.axis.encoding.SerializationContext - Start element []:password
23:36:47.708 [Test worker] DEBUG org.apache.axis.i18n.ProjectResourceBundle - org.apache.axis.i18n.resource::handleGetObject(endElem00)
23:36:47.708 [Test worker] DEBUG org.apache.axis.encoding.SerializationContext - End element password
23:36:47.708 [Test worker] DEBUG org.apache.axis.i18n.ProjectResourceBundle - org.apache.axis.i18n.resource::handleGetObject(startElem00)
23:36:47.708 [Test worker] DEBUG org.apache.axis.encoding.SerializationContext - Start element []:project_id
23:36:47.708 [Test worker] DEBUG org.apache.axis.i18n.ProjectResourceBundle - org.apache.axis.i18n.resource::handleGetObject(endElem00)
23:36:47.708 [Test worker] DEBUG org.apache.axis.encoding.SerializationContext - End element project_id
23:36:47.708 [Test worker] DEBUG org.apache.axis.i18n.ProjectResourceBundle - org.apache.axis.i18n.resource::handleGetObject(endElem00)
23:36:47.708 [Test worker] DEBUG org.apache.axis.encoding.SerializationContext - End element ns1:mc_project_get_categories
23:36:47.708 [Test worker] DEBUG org.apache.axis.i18n.ProjectResourceBundle - org.apache.axis.i18n.resource::handleGetObject(endElem00)
23:36:47.708 [Test worker] DEBUG org.apache.axis.encoding.SerializationContext - End element soapenv:Body
23:36:47.708 [Test worker] DEBUG org.apache.axis.i18n.ProjectResourceBundle - org.apache.axis.i18n.resource::handleGetObject(endElem00)
23:36:47.708 [Test worker] DEBUG org.apache.axis.encoding.SerializationContext - End element soapenv:Envelope
23:36:47.708 [Test worker] DEBUG org.apache.axis.i18n.ProjectResourceBundle - org.apache.axis.i18n.resource::handleGetObject(setMsgForm)
23:36:47.708 [Test worker] DEBUG org.apache.axis.SOAPPart - Setting current message form to: FORM_OPTIMIZED (currentMessage is now org.apache.axis.utils.ByteArray)
23:36:47.708 [Test worker] DEBUG org.apache.axis.SOAPPart - Exit: SOAPPart::saveChanges(): org.apache.axis.utils.ByteArray@3780b76b
23:36:47.708 [Test worker] DEBUG org.apache.axis.SOAPPart - Enter: SOAPPart::saveChanges
23:36:47.708 [Test worker] DEBUG org.apache.axis.SOAPPart - Enter: SOAPPart::saveChanges
23:36:47.709 [Test worker] DEBUG org.apache.axis.i18n.ProjectResourceBundle - org.apache.axis.i18n.resource::handleGetObject(createdHTTP00)
23:36:47.709 [Test worker] DEBUG org.apache.axis.components.net.DefaultSocketFactory - Created an insecure HTTP connection
23:36:47.709 [Test worker] DEBUG org.apache.axis.i18n.ProjectResourceBundle - org.apache.axis.i18n.resource::handleGetObject(xmlSent00)
23:36:47.709 [Test worker] DEBUG org.apache.axis.transport.http.HTTPSender - XML sent:
23:36:47.709 [Test worker] DEBUG org.apache.axis.transport.http.HTTPSender - ---------------------------------------------------
23:36:47.709 [Test worker] DEBUG org.apache.axis.SOAPPart - Enter: SOAPPart::saveChanges
23:36:47.710 [Test worker] DEBUG org.apache.axis.transport.http.HTTPSender - POST /mantisbt-2.24.0/api/soap/mantisconnect.php HTTP/1.0
Content-Type: text/xml; charset=utf-8
Accept: application/soap+xml, application/dime, multipart/related, text/*
User-Agent: Axis/1.4
Host: localhost
Cache-Control: no-cache
Pragma: no-cache
SOAPAction: "http://www.mantisbt.org/bugs/api/soap/mantisconnect.php/mc_project_get_categories"
Content-Length: 590

<?xml version="1.0" encoding="UTF-8"?><soapenv:Envelope xmlns:soapenv="http://schemas.xmlsoap.org/soap/envelope/" xmlns:xsd="http://www.w3.org/2001/XMLSchema" xmlns:xsi="http://www.w3.org/2001/XMLSchema-instance"><soapenv:Body><ns1:mc_project_get_categories soapenv:encodingStyle="http://schemas.xmlsoap.org/soap/encoding/" xmlns:ns1="http://futureware.biz/mantisconnect"><username xsi:type="xsd:string">administrator</username><password xsi:type="xsd:string">root</password><project_id xsi:type="xsd:integer">1</project_id></ns1:mc_project_get_categories></soapenv:Body></soapenv:Envelope>
23:36:47.822 [Test worker] DEBUG org.apache.axis.transport.http.HTTPSender - HTTP/1.1 200 OK
23:36:47.822 [Test worker] DEBUG org.apache.axis.transport.http.HTTPSender - Date Sat, 04 Apr 2020 20:36:47 GMT
23:36:47.822 [Test worker] DEBUG org.apache.axis.transport.http.HTTPSender - Server Apache/2.4.41 (Win64) OpenSSL/1.1.1c PHP/7.4.2
23:36:47.822 [Test worker] DEBUG org.apache.axis.transport.http.HTTPSender - X-Powered-By PHP/7.4.2
23:36:47.822 [Test worker] DEBUG org.apache.axis.transport.http.HTTPSender - Set-Cookie PHPSESSID=gr9ffrecjfh866ldein5oe5sol; path=/; HttpOnly
23:36:47.822 [Test worker] DEBUG org.apache.axis.transport.http.HTTPSender - Cache-Control private, max-age=10800
23:36:47.822 [Test worker] DEBUG org.apache.axis.transport.http.HTTPSender - Last-Modified Sun, 29 Mar 2020 07:04:47 GMT
23:36:47.822 [Test worker] DEBUG org.apache.axis.transport.http.HTTPSender - Content-Length 641
23:36:47.822 [Test worker] DEBUG org.apache.axis.transport.http.HTTPSender - Connection close
23:36:47.822 [Test worker] DEBUG org.apache.axis.transport.http.HTTPSender - Content-Type text/xml; charset=utf-8
23:36:47.822 [Test worker] DEBUG org.apache.axis.SOAPPart - Enter: SOAPPart ctor(FORM_INPUTSTREAM)
23:36:47.822 [Test worker] DEBUG org.apache.axis.i18n.ProjectResourceBundle - org.apache.axis.i18n.resource::handleGetObject(setMsgForm)
23:36:47.822 [Test worker] DEBUG org.apache.axis.SOAPPart - Setting current message form to: FORM_INPUTSTREAM (currentMessage is now org.apache.axis.transport.http.SocketInputStream)
23:36:47.823 [Test worker] DEBUG org.apache.axis.SOAPPart - Exit: SOAPPart ctor()
23:36:47.823 [Test worker] DEBUG org.apache.axis.i18n.ProjectResourceBundle - org.apache.axis.i18n.resource::handleGetObject(xmlRecd00)
23:36:47.823 [Test worker] DEBUG org.apache.axis.transport.http.HTTPSender - 
XML received:
23:36:47.823 [Test worker] DEBUG org.apache.axis.transport.http.HTTPSender - -----------------------------------------------
23:36:47.823 [Test worker] DEBUG org.apache.axis.SOAPPart - Enter: SOAPPart::getAsSOAPEnvelope()
23:36:47.823 [Test worker] DEBUG org.apache.axis.i18n.ProjectResourceBundle - org.apache.axis.i18n.resource::handleGetObject(currForm)
23:36:47.823 [Test worker] DEBUG org.apache.axis.SOAPPart - current form is FORM_INPUTSTREAM
23:36:47.823 [Test worker] DEBUG org.apache.axis.i18n.ProjectResourceBundle - org.apache.axis.i18n.resource::handleGetObject(pushHandler00)
23:36:47.823 [Test worker] DEBUG org.apache.axis.encoding.DeserializationContext - Pushing handler org.apache.axis.message.EnvelopeHandler@f224fe
23:36:47.823 [Test worker] DEBUG org.apache.axis.encoding.DeserializationContext - Enter: DeserializationContext::startPrefixMapping(SOAP-ENV, http://schemas.xmlsoap.org/soap/envelope/)
23:36:47.823 [Test worker] DEBUG org.apache.axis.encoding.DeserializationContext - Exit: DeserializationContext::startPrefixMapping()
23:36:47.823 [Test worker] DEBUG org.apache.axis.encoding.DeserializationContext - Enter: DeserializationContext::startPrefixMapping(ns1, http://futureware.biz/mantisconnect)
23:36:47.823 [Test worker] DEBUG org.apache.axis.encoding.DeserializationContext - Exit: DeserializationContext::startPrefixMapping()
23:36:47.823 [Test worker] DEBUG org.apache.axis.encoding.DeserializationContext - Enter: DeserializationContext::startPrefixMapping(xsd, http://www.w3.org/2001/XMLSchema)
23:36:47.823 [Test worker] DEBUG org.apache.axis.encoding.DeserializationContext - Exit: DeserializationContext::startPrefixMapping()
23:36:47.823 [Test worker] DEBUG org.apache.axis.encoding.DeserializationContext - Enter: DeserializationContext::startPrefixMapping(SOAP-ENC, http://schemas.xmlsoap.org/soap/encoding/)
23:36:47.823 [Test worker] DEBUG org.apache.axis.encoding.DeserializationContext - Exit: DeserializationContext::startPrefixMapping()
23:36:47.823 [Test worker] DEBUG org.apache.axis.encoding.DeserializationContext - Enter: DeserializationContext::startPrefixMapping(xsi, http://www.w3.org/2001/XMLSchema-instance)
23:36:47.823 [Test worker] DEBUG org.apache.axis.encoding.DeserializationContext - Exit: DeserializationContext::startPrefixMapping()
23:36:47.823 [Test worker] DEBUG org.apache.axis.encoding.DeserializationContext - Enter: DeserializationContext::startElement(http://schemas.xmlsoap.org/soap/envelope/, Envelope)
23:36:47.823 [Test worker] DEBUG org.apache.axis.i18n.ProjectResourceBundle - org.apache.axis.i18n.resource::handleGetObject(pushHandler00)
23:36:47.823 [Test worker] DEBUG org.apache.axis.encoding.DeserializationContext - Pushing handler org.apache.axis.message.EnvelopeBuilder@1db3693
23:36:47.823 [Test worker] DEBUG org.apache.axis.encoding.DeserializationContext - Pushing element Envelope
23:36:47.823 [Test worker] DEBUG org.apache.axis.encoding.DeserializationContext - Exit: DeserializationContext::startElement()
23:36:47.823 [Test worker] DEBUG org.apache.axis.encoding.DeserializationContext - Enter: DeserializationContext::startElement(http://schemas.xmlsoap.org/soap/envelope/, Body)
23:36:47.823 [Test worker] DEBUG org.apache.axis.i18n.ProjectResourceBundle - org.apache.axis.i18n.resource::handleGetObject(pushHandler00)
23:36:47.823 [Test worker] DEBUG org.apache.axis.encoding.DeserializationContext - Pushing handler org.apache.axis.message.BodyBuilder@476f9134
23:36:47.823 [Test worker] DEBUG org.apache.axis.i18n.ProjectResourceBundle - org.apache.axis.i18n.resource::handleGetObject(newElem00)
23:36:47.824 [Test worker] DEBUG org.apache.axis.message.MessageElement - New MessageElement (org.apache.axis.message.SOAPBody@75665d5d) named {SOAP-ENV}Body
23:36:47.824 [Test worker] DEBUG org.apache.axis.encoding.DeserializationContext - Pushing element Body
23:36:47.824 [Test worker] DEBUG org.apache.axis.encoding.DeserializationContext - Exit: DeserializationContext::startElement()
23:36:47.824 [Test worker] DEBUG org.apache.axis.encoding.DeserializationContext - Enter: DeserializationContext::startElement(http://futureware.biz/mantisconnect, mc_project_get_categoriesResponse)
23:36:47.824 [Test worker] DEBUG org.apache.axis.message.BodyBuilder - Enter: BodyBuilder::onStartChild()
23:36:47.824 [Test worker] DEBUG org.apache.axis.i18n.ProjectResourceBundle - org.apache.axis.i18n.resource::handleGetObject(newElem00)
23:36:47.824 [Test worker] DEBUG org.apache.axis.message.MessageElement - New MessageElement (org.apache.axis.message.RPCElement@64a242db) named {ns1}mc_project_get_categoriesResponse
23:36:47.824 [Test worker] DEBUG org.apache.axis.message.BodyBuilder - Exit: BodyBuilder::onStartChild()
23:36:47.824 [Test worker] DEBUG org.apache.axis.i18n.ProjectResourceBundle - org.apache.axis.i18n.resource::handleGetObject(pushHandler00)
23:36:47.824 [Test worker] DEBUG org.apache.axis.encoding.DeserializationContext - Pushing handler org.apache.axis.message.SOAPHandler@3c959f72
23:36:47.824 [Test worker] DEBUG org.apache.axis.encoding.DeserializationContext - Pushing element mc_project_get_categoriesResponse
23:36:47.824 [Test worker] DEBUG org.apache.axis.encoding.DeserializationContext - Exit: DeserializationContext::startElement()
23:36:47.824 [Test worker] DEBUG org.apache.axis.encoding.DeserializationContext - Enter: DeserializationContext::startElement(, return)
23:36:47.824 [Test worker] DEBUG org.apache.axis.i18n.ProjectResourceBundle - org.apache.axis.i18n.resource::handleGetObject(pushHandler00)
23:36:47.824 [Test worker] DEBUG org.apache.axis.encoding.DeserializationContext - Pushing handler org.apache.axis.message.SOAPHandler@7c85fe5
23:36:47.824 [Test worker] DEBUG org.apache.axis.i18n.ProjectResourceBundle - org.apache.axis.i18n.resource::handleGetObject(newElem00)
23:36:47.824 [Test worker] DEBUG org.apache.axis.message.MessageElement - New MessageElement (org.apache.axis.message.MessageElement@408366f4) named {}return
23:36:47.824 [Test worker] DEBUG org.apache.axis.message.MessageElement -   SOAP-ENC:arrayType = 'xsd:string[1]'
23:36:47.824 [Test worker] DEBUG org.apache.axis.message.MessageElement -   xsi:type = 'SOAP-ENC:Array'
23:36:47.824 [Test worker] DEBUG org.apache.axis.encoding.DeserializationContext - Pushing element return
23:36:47.824 [Test worker] DEBUG org.apache.axis.encoding.DeserializationContext - Exit: DeserializationContext::startElement()
23:36:47.824 [Test worker] DEBUG org.apache.axis.encoding.DeserializationContext - Enter: DeserializationContext::startElement(, item)
23:36:47.824 [Test worker] DEBUG org.apache.axis.i18n.ProjectResourceBundle - org.apache.axis.i18n.resource::handleGetObject(pushHandler00)
23:36:47.824 [Test worker] DEBUG org.apache.axis.encoding.DeserializationContext - Pushing handler org.apache.axis.message.SOAPHandler@36c150a5
23:36:47.824 [Test worker] DEBUG org.apache.axis.i18n.ProjectResourceBundle - org.apache.axis.i18n.resource::handleGetObject(newElem00)
23:36:47.824 [Test worker] DEBUG org.apache.axis.message.MessageElement - New MessageElement (org.apache.axis.message.MessageElement@26bf3700) named {}item
23:36:47.824 [Test worker] DEBUG org.apache.axis.message.MessageElement -   xsi:type = 'xsd:string'
23:36:47.824 [Test worker] DEBUG org.apache.axis.encoding.DeserializationContext - Pushing element item
23:36:47.824 [Test worker] DEBUG org.apache.axis.encoding.DeserializationContext - Exit: DeserializationContext::startElement()
23:36:47.824 [Test worker] DEBUG org.apache.axis.encoding.DeserializationContext - Enter: DeserializationContext::endElement(, item)
23:36:47.824 [Test worker] DEBUG org.apache.axis.i18n.ProjectResourceBundle - org.apache.axis.i18n.resource::handleGetObject(popHandler00)
23:36:47.824 [Test worker] DEBUG org.apache.axis.encoding.DeserializationContext - Popping handler org.apache.axis.message.SOAPHandler@36c150a5
23:36:47.824 [Test worker] DEBUG org.apache.axis.encoding.DeserializationContext - Popped element stack to org.apache.axis.message.MessageElement:return
23:36:47.824 [Test worker] DEBUG org.apache.axis.encoding.DeserializationContext - Exit: DeserializationContext::endElement()
23:36:47.824 [Test worker] DEBUG org.apache.axis.encoding.DeserializationContext - Enter: DeserializationContext::endElement(, return)
23:36:47.824 [Test worker] DEBUG org.apache.axis.i18n.ProjectResourceBundle - org.apache.axis.i18n.resource::handleGetObject(popHandler00)
23:36:47.824 [Test worker] DEBUG org.apache.axis.encoding.DeserializationContext - Popping handler org.apache.axis.message.SOAPHandler@7c85fe5
23:36:47.824 [Test worker] DEBUG org.apache.axis.encoding.DeserializationContext - Popped element stack to org.apache.axis.message.RPCElement:mc_project_get_categoriesResponse
23:36:47.824 [Test worker] DEBUG org.apache.axis.encoding.DeserializationContext - Exit: DeserializationContext::endElement()
23:36:47.824 [Test worker] DEBUG org.apache.axis.encoding.DeserializationContext - Enter: DeserializationContext::endElement(http://futureware.biz/mantisconnect, mc_project_get_categoriesResponse)
23:36:47.825 [Test worker] DEBUG org.apache.axis.i18n.ProjectResourceBundle - org.apache.axis.i18n.resource::handleGetObject(popHandler00)
23:36:47.825 [Test worker] DEBUG org.apache.axis.encoding.DeserializationContext - Popping handler org.apache.axis.message.SOAPHandler@3c959f72
23:36:47.825 [Test worker] DEBUG org.apache.axis.encoding.DeserializationContext - Popped element stack to org.apache.axis.message.SOAPBody:Body
23:36:47.825 [Test worker] DEBUG org.apache.axis.encoding.DeserializationContext - Exit: DeserializationContext::endElement()
23:36:47.825 [Test worker] DEBUG org.apache.axis.encoding.DeserializationContext - Enter: DeserializationContext::endElement(http://schemas.xmlsoap.org/soap/envelope/, Body)
23:36:47.825 [Test worker] DEBUG org.apache.axis.i18n.ProjectResourceBundle - org.apache.axis.i18n.resource::handleGetObject(popHandler00)
23:36:47.825 [Test worker] DEBUG org.apache.axis.encoding.DeserializationContext - Popping handler org.apache.axis.message.BodyBuilder@476f9134
23:36:47.825 [Test worker] DEBUG org.apache.axis.encoding.DeserializationContext - Popped element stack to org.apache.axis.message.SOAPEnvelope:Envelope
23:36:47.825 [Test worker] DEBUG org.apache.axis.encoding.DeserializationContext - Exit: DeserializationContext::endElement()
23:36:47.825 [Test worker] DEBUG org.apache.axis.encoding.DeserializationContext - Enter: DeserializationContext::endElement(http://schemas.xmlsoap.org/soap/envelope/, Envelope)
23:36:47.825 [Test worker] DEBUG org.apache.axis.i18n.ProjectResourceBundle - org.apache.axis.i18n.resource::handleGetObject(popHandler00)
23:36:47.825 [Test worker] DEBUG org.apache.axis.encoding.DeserializationContext - Popping handler org.apache.axis.message.EnvelopeBuilder@1db3693
23:36:47.825 [Test worker] DEBUG org.apache.axis.encoding.DeserializationContext - Popped element stack to null
23:36:47.825 [Test worker] DEBUG org.apache.axis.encoding.DeserializationContext - Exit: DeserializationContext::endElement()
23:36:47.825 [Test worker] DEBUG org.apache.axis.encoding.DeserializationContext - Enter: DeserializationContext::endPrefixMapping(SOAP-ENV)
23:36:47.825 [Test worker] DEBUG org.apache.axis.encoding.DeserializationContext - Exit: DeserializationContext::endPrefixMapping()
23:36:47.825 [Test worker] DEBUG org.apache.axis.encoding.DeserializationContext - Enter: DeserializationContext::endPrefixMapping(ns1)
23:36:47.825 [Test worker] DEBUG org.apache.axis.encoding.DeserializationContext - Exit: DeserializationContext::endPrefixMapping()
23:36:47.825 [Test worker] DEBUG org.apache.axis.encoding.DeserializationContext - Enter: DeserializationContext::endPrefixMapping(xsd)
23:36:47.825 [Test worker] DEBUG org.apache.axis.encoding.DeserializationContext - Exit: DeserializationContext::endPrefixMapping()
23:36:47.825 [Test worker] DEBUG org.apache.axis.encoding.DeserializationContext - Enter: DeserializationContext::endPrefixMapping(SOAP-ENC)
23:36:47.825 [Test worker] DEBUG org.apache.axis.encoding.DeserializationContext - Exit: DeserializationContext::endPrefixMapping()
23:36:47.825 [Test worker] DEBUG org.apache.axis.encoding.DeserializationContext - Enter: DeserializationContext::endPrefixMapping(xsi)
23:36:47.825 [Test worker] DEBUG org.apache.axis.encoding.DeserializationContext - Exit: DeserializationContext::endPrefixMapping()
23:36:47.825 [Test worker] DEBUG org.apache.axis.encoding.DeserializationContext - Enter: DeserializationContext::endDocument()
23:36:47.825 [Test worker] DEBUG org.apache.axis.encoding.DeserializationContext - Exit: DeserializationContext::endDocument()
23:36:47.825 [Test worker] DEBUG org.apache.axis.i18n.ProjectResourceBundle - org.apache.axis.i18n.resource::handleGetObject(setMsgForm)
23:36:47.825 [Test worker] DEBUG org.apache.axis.SOAPPart - Setting current message form to: FORM_SOAPENVELOPE (currentMessage is now org.apache.axis.message.SOAPEnvelope)
23:36:47.825 [Test worker] DEBUG org.apache.axis.SOAPPart - Exit: SOAPPart::getAsSOAPEnvelope
23:36:47.825 [Test worker] DEBUG org.apache.axis.i18n.ProjectResourceBundle - org.apache.axis.i18n.resource::handleGetObject(register00)
23:36:47.825 [Test worker] DEBUG org.apache.axis.encoding.SerializationContext - register 'SOAP-ENV' - 'http://schemas.xmlsoap.org/soap/envelope/'
23:36:47.825 [Test worker] DEBUG org.apache.axis.i18n.ProjectResourceBundle - org.apache.axis.i18n.resource::handleGetObject(register00)
23:36:47.825 [Test worker] DEBUG org.apache.axis.encoding.SerializationContext - register 'ns1' - 'http://futureware.biz/mantisconnect'
23:36:47.826 [Test worker] DEBUG org.apache.axis.i18n.ProjectResourceBundle - org.apache.axis.i18n.resource::handleGetObject(register00)
23:36:47.826 [Test worker] DEBUG org.apache.axis.encoding.SerializationContext - register 'xsd' - 'http://www.w3.org/2001/XMLSchema'
23:36:47.826 [Test worker] DEBUG org.apache.axis.i18n.ProjectResourceBundle - org.apache.axis.i18n.resource::handleGetObject(register00)
23:36:47.826 [Test worker] DEBUG org.apache.axis.encoding.SerializationContext - register 'SOAP-ENC' - 'http://schemas.xmlsoap.org/soap/encoding/'
23:36:47.826 [Test worker] DEBUG org.apache.axis.i18n.ProjectResourceBundle - org.apache.axis.i18n.resource::handleGetObject(register00)
23:36:47.826 [Test worker] DEBUG org.apache.axis.encoding.SerializationContext - register 'xsi' - 'http://www.w3.org/2001/XMLSchema-instance'
23:36:47.826 [Test worker] DEBUG org.apache.axis.i18n.ProjectResourceBundle - org.apache.axis.i18n.resource::handleGetObject(startElem00)
23:36:47.826 [Test worker] DEBUG org.apache.axis.encoding.SerializationContext - Start element [http://schemas.xmlsoap.org/soap/envelope/]:Envelope
23:36:47.826 [Test worker] DEBUG org.apache.axis.i18n.ProjectResourceBundle - org.apache.axis.i18n.resource::handleGetObject(startElem00)
23:36:47.826 [Test worker] DEBUG org.apache.axis.encoding.SerializationContext - Start element [http://schemas.xmlsoap.org/soap/envelope/]:Body
23:36:47.826 [Test worker] DEBUG org.apache.axis.message.SAXOutputter - SAXOutputter.startElement ['http://futureware.biz/mantisconnect' mc_project_get_categoriesResponse]
23:36:47.826 [Test worker] DEBUG org.apache.axis.i18n.ProjectResourceBundle - org.apache.axis.i18n.resource::handleGetObject(startElem00)
23:36:47.826 [Test worker] DEBUG org.apache.axis.encoding.SerializationContext - Start element [http://futureware.biz/mantisconnect]:mc_project_get_categoriesResponse
23:36:47.826 [Test worker] DEBUG org.apache.axis.message.SAXOutputter - SAXOutputter.startElement ['' return]
23:36:47.826 [Test worker] DEBUG org.apache.axis.i18n.ProjectResourceBundle - org.apache.axis.i18n.resource::handleGetObject(startElem00)
23:36:47.826 [Test worker] DEBUG org.apache.axis.encoding.SerializationContext - Start element []:return
23:36:47.826 [Test worker] DEBUG org.apache.axis.message.SAXOutputter - SAXOutputter.startElement ['' item]
23:36:47.826 [Test worker] DEBUG org.apache.axis.i18n.ProjectResourceBundle - org.apache.axis.i18n.resource::handleGetObject(startElem00)
23:36:47.826 [Test worker] DEBUG org.apache.axis.encoding.SerializationContext - Start element []:item
23:36:47.826 [Test worker] DEBUG org.apache.axis.message.SAXOutputter - SAXOutputter.characters ['General']
23:36:47.826 [Test worker] DEBUG org.apache.axis.message.SAXOutputter - SAXOutputter.endElement ['' item]
23:36:47.826 [Test worker] DEBUG org.apache.axis.i18n.ProjectResourceBundle - org.apache.axis.i18n.resource::handleGetObject(endElem00)
23:36:47.826 [Test worker] DEBUG org.apache.axis.encoding.SerializationContext - End element item
23:36:47.826 [Test worker] DEBUG org.apache.axis.message.SAXOutputter - SAXOutputter.endElement ['' return]
23:36:47.826 [Test worker] DEBUG org.apache.axis.i18n.ProjectResourceBundle - org.apache.axis.i18n.resource::handleGetObject(endElem00)
23:36:47.826 [Test worker] DEBUG org.apache.axis.encoding.SerializationContext - End element return
23:36:47.826 [Test worker] DEBUG org.apache.axis.message.SAXOutputter - SAXOutputter.endElement ['http://futureware.biz/mantisconnect' mc_project_get_categoriesResponse]
23:36:47.826 [Test worker] DEBUG org.apache.axis.i18n.ProjectResourceBundle - org.apache.axis.i18n.resource::handleGetObject(endElem00)
23:36:47.826 [Test worker] DEBUG org.apache.axis.encoding.SerializationContext - End element ns1:mc_project_get_categoriesResponse
23:36:47.826 [Test worker] DEBUG org.apache.axis.i18n.ProjectResourceBundle - org.apache.axis.i18n.resource::handleGetObject(endElem00)
23:36:47.826 [Test worker] DEBUG org.apache.axis.encoding.SerializationContext - End element SOAP-ENV:Body
23:36:47.826 [Test worker] DEBUG org.apache.axis.i18n.ProjectResourceBundle - org.apache.axis.i18n.resource::handleGetObject(endElem00)
23:36:47.826 [Test worker] DEBUG org.apache.axis.encoding.SerializationContext - End element SOAP-ENV:Envelope
23:36:47.826 [Test worker] DEBUG org.apache.axis.transport.http.HTTPSender - <SOAP-ENV:Envelope xmlns:SOAP-ENV="http://schemas.xmlsoap.org/soap/envelope/" xmlns:ns1="http://futureware.biz/mantisconnect" xmlns:xsd="http://www.w3.org/2001/XMLSchema" xmlns:SOAP-ENC="http://schemas.xmlsoap.org/soap/encoding/" xmlns:xsi="http://www.w3.org/2001/XMLSchema-instance"><SOAP-ENV:Body><ns1:mc_project_get_categoriesResponse><return SOAP-ENC:arrayType="xsd:string[1]" xsi:type="SOAP-ENC:Array"><item xsi:type="xsd:string">General</item></return></ns1:mc_project_get_categoriesResponse></SOAP-ENV:Body></SOAP-ENV:Envelope>
23:36:47.826 [Test worker] DEBUG org.apache.axis.i18n.ProjectResourceBundle - org.apache.axis.i18n.resource::handleGetObject(exit00)
23:36:47.826 [Test worker] DEBUG org.apache.axis.transport.http.HTTPSender - Exit:  HTTPDispatchHandler::invoke
23:36:47.826 [Test worker] DEBUG org.apache.axis.SimpleChain - Exit: SimpleChain::invoke
23:36:47.826 [Test worker] DEBUG org.apache.axis.i18n.ProjectResourceBundle - org.apache.axis.i18n.resource::handleGetObject(semanticCheck00)
23:36:47.826 [Test worker] DEBUG org.apache.axis.handlers.soap.MustUnderstandChecker - Doing SOAP semantic checks...
23:36:47.826 [Test worker] DEBUG org.apache.axis.SOAPPart - Enter: SOAPPart::getAsSOAPEnvelope()
23:36:47.826 [Test worker] DEBUG org.apache.axis.i18n.ProjectResourceBundle - org.apache.axis.i18n.resource::handleGetObject(currForm)
23:36:47.826 [Test worker] DEBUG org.apache.axis.SOAPPart - current form is FORM_SOAPENVELOPE
23:36:47.826 [Test worker] DEBUG org.apache.axis.client.AxisClient - Exit: AxisClient::invoke
23:36:47.826 [Test worker] DEBUG org.apache.axis.SOAPPart - Enter: SOAPPart::getAsSOAPEnvelope()
23:36:47.826 [Test worker] DEBUG org.apache.axis.i18n.ProjectResourceBundle - org.apache.axis.i18n.resource::handleGetObject(currForm)
23:36:47.826 [Test worker] DEBUG org.apache.axis.SOAPPart - current form is FORM_SOAPENVELOPE
23:36:47.826 [Test worker] DEBUG org.apache.axis.client.Call - Exit: Call::invoke()
23:36:47.826 [Test worker] DEBUG org.apache.axis.SOAPPart - Enter: SOAPPart::getAsSOAPEnvelope()
23:36:47.826 [Test worker] DEBUG org.apache.axis.i18n.ProjectResourceBundle - org.apache.axis.i18n.resource::handleGetObject(currForm)
23:36:47.826 [Test worker] DEBUG org.apache.axis.SOAPPart - current form is FORM_SOAPENVELOPE
23:36:47.826 [Test worker] DEBUG org.apache.axis.i18n.ProjectResourceBundle - org.apache.axis.i18n.resource::handleGetObject(pushHandler00)
23:36:47.827 [Test worker] DEBUG org.apache.axis.encoding.DeserializationContext - Pushing handler org.apache.axis.message.EnvelopeHandler@63cd7345
23:36:47.827 [Test worker] DEBUG org.apache.axis.encoding.DeserializationContext - Enter: DeserializationContext::startElement(http://futureware.biz/mantisconnect, mc_project_get_categoriesResponse)
23:36:47.827 [Test worker] DEBUG org.apache.axis.i18n.ProjectResourceBundle - org.apache.axis.i18n.resource::handleGetObject(pushHandler00)
23:36:47.827 [Test worker] DEBUG org.apache.axis.encoding.DeserializationContext - Pushing handler org.apache.axis.message.RPCHandler@38a20d0e
23:36:47.827 [Test worker] DEBUG org.apache.axis.encoding.DeserializationContext - Exit: DeserializationContext::startElement()
23:36:47.827 [Test worker] DEBUG org.apache.axis.encoding.DeserializationContext - Enter: DeserializationContext::startElement(, return)
23:36:47.827 [Test worker] DEBUG org.apache.axis.message.RPCHandler - Enter: RPCHandler.onStartChild()
23:36:47.827 [Test worker] DEBUG org.apache.axis.i18n.ProjectResourceBundle - org.apache.axis.i18n.resource::handleGetObject(typeFromAttr00)
23:36:47.827 [Test worker] DEBUG org.apache.axis.message.RPCHandler - Type from attributes is:  {http://schemas.xmlsoap.org/soap/encoding/}Array
23:36:47.827 [Test worker] DEBUG org.apache.axis.message.RPCHandler - Exit: RPCHandler.onStartChild()
23:36:47.827 [Test worker] DEBUG org.apache.axis.i18n.ProjectResourceBundle - org.apache.axis.i18n.resource::handleGetObject(pushHandler00)
23:36:47.827 [Test worker] DEBUG org.apache.axis.encoding.DeserializationContext - Pushing handler org.apache.axis.encoding.ser.ArrayDeserializer@4da26c7
23:36:47.827 [Test worker] DEBUG org.apache.axis.encoding.ser.ArrayDeserializer - Enter: ArrayDeserializer::startElement()
23:36:47.827 [Test worker] DEBUG org.apache.axis.encoding.ser.ArrayDeserializer - Exit: ArrayDeserializer::startElement()
23:36:47.827 [Test worker] DEBUG org.apache.axis.encoding.DeserializationContext - Exit: DeserializationContext::startElement()
23:36:47.827 [Test worker] DEBUG org.apache.axis.encoding.DeserializationContext - Enter: DeserializationContext::startElement(, item)
23:36:47.827 [Test worker] DEBUG org.apache.axis.encoding.ser.ArrayDeserializer - Enter: ArrayDeserializer.onStartChild()
23:36:47.827 [Test worker] DEBUG org.apache.axis.encoding.ser.ArrayDeserializer - Exit: ArrayDeserializer.onStartChild()
23:36:47.827 [Test worker] DEBUG org.apache.axis.i18n.ProjectResourceBundle - org.apache.axis.i18n.resource::handleGetObject(pushHandler00)
23:36:47.827 [Test worker] DEBUG org.apache.axis.encoding.DeserializationContext - Pushing handler org.apache.axis.encoding.ser.SimpleDeserializer@5b02066b
23:36:47.827 [Test worker] DEBUG org.apache.axis.encoding.DeserializationContext - Exit: DeserializationContext::startElement()
23:36:47.827 [Test worker] DEBUG org.apache.axis.encoding.DeserializationContext - Enter: DeserializationContext::endElement(, item)
23:36:47.827 [Test worker] DEBUG org.apache.axis.i18n.ProjectResourceBundle - org.apache.axis.i18n.resource::handleGetObject(popHandler00)
23:36:47.827 [Test worker] DEBUG org.apache.axis.encoding.DeserializationContext - Popping handler org.apache.axis.encoding.ser.SimpleDeserializer@5b02066b
23:36:47.827 [Test worker] DEBUG org.apache.axis.encoding.ser.ArrayDeserializer - Enter: ArrayDeserializer::setValue(General, 0)
23:36:47.827 [Test worker] DEBUG org.apache.axis.i18n.ProjectResourceBundle - org.apache.axis.i18n.resource::handleGetObject(setValueInTarget00)
23:36:47.827 [Test worker] DEBUG org.apache.axis.encoding.DeserializerImpl - Set value General in target org.apache.axis.encoding.DeserializerTarget@535d0115
23:36:47.827 [Test worker] DEBUG org.apache.axis.i18n.ProjectResourceBundle - org.apache.axis.i18n.resource::handleGetObject(setValueInTarget00)
23:36:47.827 [Test worker] DEBUG org.apache.axis.encoding.DeserializerImpl - Set value General in target org.apache.axis.encoding.CallbackTarget@7b3fbc0d
23:36:47.827 [Test worker] DEBUG org.apache.axis.encoding.DeserializationContext - Popped element stack to org.apache.axis.message.MessageElement:return
23:36:47.827 [Test worker] DEBUG org.apache.axis.encoding.DeserializationContext - Exit: DeserializationContext::endElement()
23:36:47.827 [Test worker] DEBUG org.apache.axis.encoding.DeserializationContext - Enter: DeserializationContext::endElement(, return)
23:36:47.827 [Test worker] DEBUG org.apache.axis.i18n.ProjectResourceBundle - org.apache.axis.i18n.resource::handleGetObject(popHandler00)
23:36:47.827 [Test worker] DEBUG org.apache.axis.encoding.DeserializationContext - Popping handler org.apache.axis.encoding.ser.ArrayDeserializer@4da26c7
23:36:47.828 [Test worker] DEBUG org.apache.axis.i18n.ProjectResourceBundle - org.apache.axis.i18n.resource::handleGetObject(convert00)
23:36:47.828 [Test worker] DEBUG org.apache.axis.utils.JavaUtils - Trying to convert org.apache.axis.encoding.ser.ArrayDeserializer$ArrayListExtension to [Ljava.lang.String;
23:36:47.828 [Test worker] DEBUG org.apache.axis.i18n.ProjectResourceBundle - org.apache.axis.i18n.resource::handleGetObject(setValueInTarget00)
23:36:47.828 [Test worker] DEBUG org.apache.axis.encoding.DeserializerImpl - Set value [Ljava.lang.String;@2e8651b3 in target org.apache.axis.message.RPCParamTarget@65fc2b56
23:36:47.828 [Test worker] DEBUG org.apache.axis.encoding.DeserializationContext - Popped element stack to org.apache.axis.message.RPCElement:mc_project_get_categoriesResponse
23:36:47.828 [Test worker] DEBUG org.apache.axis.encoding.DeserializationContext - Exit: DeserializationContext::endElement()
23:36:47.828 [Test worker] DEBUG org.apache.axis.encoding.DeserializationContext - Enter: DeserializationContext::endElement(http://futureware.biz/mantisconnect, mc_project_get_categoriesResponse)
23:36:47.828 [Test worker] DEBUG org.apache.axis.i18n.ProjectResourceBundle - org.apache.axis.i18n.resource::handleGetObject(popHandler00)
23:36:47.828 [Test worker] DEBUG org.apache.axis.encoding.DeserializationContext - Popping handler org.apache.axis.message.RPCHandler@38a20d0e
23:36:47.828 [Test worker] DEBUG org.apache.axis.i18n.ProjectResourceBundle - org.apache.axis.i18n.resource::handleGetObject(setProp00)
23:36:47.828 [Test worker] DEBUG org.apache.axis.message.RPCHandler - Setting MessageContext property in RPCHandler.endElement().
23:36:47.828 [Test worker] DEBUG org.apache.axis.encoding.DeserializationContext - Popped element stack to org.apache.axis.message.SOAPBody:Body
23:36:47.828 [Test worker] DEBUG org.apache.axis.encoding.DeserializationContext - Exit: DeserializationContext::endElement()
23:36:47.828 [Test worker] DEBUG org.apache.axis.client.Call - Exit: Call::invoke(RPCElement)
23:36:47.828 [Test worker] DEBUG org.apache.axis.client.Call - Exit: Call::invoke(ns, meth, args)
23:36:47.828 [Test worker] DEBUG org.apache.axis.TIME - axis.Call.invoke: 132 {http://futureware.biz/mantisconnect}mc_project_get_categories
23:36:47.828 [Test worker] DEBUG org.apache.axis.SOAPPart - Enter: SOAPPart::saveChanges
23:36:47.828 [Test worker] DEBUG org.apache.axis.i18n.ProjectResourceBundle - org.apache.axis.i18n.resource::handleGetObject(register00)
23:36:47.828 [Test worker] DEBUG org.apache.axis.encoding.SerializationContext - register 'SOAP-ENV' - 'http://schemas.xmlsoap.org/soap/envelope/'
23:36:47.828 [Test worker] DEBUG org.apache.axis.i18n.ProjectResourceBundle - org.apache.axis.i18n.resource::handleGetObject(register00)
23:36:47.828 [Test worker] DEBUG org.apache.axis.encoding.SerializationContext - register 'ns1' - 'http://futureware.biz/mantisconnect'
23:36:47.828 [Test worker] DEBUG org.apache.axis.i18n.ProjectResourceBundle - org.apache.axis.i18n.resource::handleGetObject(register00)
23:36:47.828 [Test worker] DEBUG org.apache.axis.encoding.SerializationContext - register 'xsd' - 'http://www.w3.org/2001/XMLSchema'
23:36:47.828 [Test worker] DEBUG org.apache.axis.i18n.ProjectResourceBundle - org.apache.axis.i18n.resource::handleGetObject(register00)
23:36:47.828 [Test worker] DEBUG org.apache.axis.encoding.SerializationContext - register 'SOAP-ENC' - 'http://schemas.xmlsoap.org/soap/encoding/'
23:36:47.828 [Test worker] DEBUG org.apache.axis.i18n.ProjectResourceBundle - org.apache.axis.i18n.resource::handleGetObject(register00)
23:36:47.828 [Test worker] DEBUG org.apache.axis.encoding.SerializationContext - register 'xsi' - 'http://www.w3.org/2001/XMLSchema-instance'
23:36:47.828 [Test worker] DEBUG org.apache.axis.i18n.ProjectResourceBundle - org.apache.axis.i18n.resource::handleGetObject(startElem00)
23:36:47.828 [Test worker] DEBUG org.apache.axis.encoding.SerializationContext - Start element [http://schemas.xmlsoap.org/soap/envelope/]:Envelope
23:36:47.829 [Test worker] DEBUG org.apache.axis.i18n.ProjectResourceBundle - org.apache.axis.i18n.resource::handleGetObject(headers00)
23:36:47.829 [Test worker] DEBUG org.apache.axis.message.SOAPHeader - 0 headers
23:36:47.829 [Test worker] DEBUG org.apache.axis.i18n.ProjectResourceBundle - org.apache.axis.i18n.resource::handleGetObject(startElem00)
23:36:47.829 [Test worker] DEBUG org.apache.axis.encoding.SerializationContext - Start element [http://schemas.xmlsoap.org/soap/envelope/]:Body
23:36:47.829 [Test worker] DEBUG org.apache.axis.message.SAXOutputter - SAXOutputter.startElement ['http://futureware.biz/mantisconnect' mc_project_get_categoriesResponse]
23:36:47.829 [Test worker] DEBUG org.apache.axis.i18n.ProjectResourceBundle - org.apache.axis.i18n.resource::handleGetObject(startElem00)
23:36:47.829 [Test worker] DEBUG org.apache.axis.encoding.SerializationContext - Start element [http://futureware.biz/mantisconnect]:mc_project_get_categoriesResponse
23:36:47.829 [Test worker] DEBUG org.apache.axis.message.SAXOutputter - SAXOutputter.startElement ['' return]
23:36:47.829 [Test worker] DEBUG org.apache.axis.i18n.ProjectResourceBundle - org.apache.axis.i18n.resource::handleGetObject(startElem00)
23:36:47.829 [Test worker] DEBUG org.apache.axis.encoding.SerializationContext - Start element []:return
23:36:47.829 [Test worker] DEBUG org.apache.axis.message.SAXOutputter - SAXOutputter.startElement ['' item]
23:36:47.829 [Test worker] DEBUG org.apache.axis.i18n.ProjectResourceBundle - org.apache.axis.i18n.resource::handleGetObject(startElem00)
23:36:47.829 [Test worker] DEBUG org.apache.axis.encoding.SerializationContext - Start element []:item
23:36:47.829 [Test worker] DEBUG org.apache.axis.message.SAXOutputter - SAXOutputter.characters ['General']
23:36:47.829 [Test worker] DEBUG org.apache.axis.message.SAXOutputter - SAXOutputter.endElement ['' item]
23:36:47.829 [Test worker] DEBUG org.apache.axis.i18n.ProjectResourceBundle - org.apache.axis.i18n.resource::handleGetObject(endElem00)
23:36:47.829 [Test worker] DEBUG org.apache.axis.encoding.SerializationContext - End element item
23:36:47.829 [Test worker] DEBUG org.apache.axis.message.SAXOutputter - SAXOutputter.endElement ['' return]
23:36:47.829 [Test worker] DEBUG org.apache.axis.i18n.ProjectResourceBundle - org.apache.axis.i18n.resource::handleGetObject(endElem00)
23:36:47.829 [Test worker] DEBUG org.apache.axis.encoding.SerializationContext - End element return
23:36:47.829 [Test worker] DEBUG org.apache.axis.message.SAXOutputter - SAXOutputter.endElement ['http://futureware.biz/mantisconnect' mc_project_get_categoriesResponse]
23:36:47.829 [Test worker] DEBUG org.apache.axis.i18n.ProjectResourceBundle - org.apache.axis.i18n.resource::handleGetObject(endElem00)
23:36:47.829 [Test worker] DEBUG org.apache.axis.encoding.SerializationContext - End element ns1:mc_project_get_categoriesResponse
23:36:47.829 [Test worker] DEBUG org.apache.axis.i18n.ProjectResourceBundle - org.apache.axis.i18n.resource::handleGetObject(endElem00)
23:36:47.829 [Test worker] DEBUG org.apache.axis.encoding.SerializationContext - End element SOAP-ENV:Body
23:36:47.829 [Test worker] DEBUG org.apache.axis.i18n.ProjectResourceBundle - org.apache.axis.i18n.resource::handleGetObject(endElem00)
23:36:47.829 [Test worker] DEBUG org.apache.axis.encoding.SerializationContext - End element SOAP-ENV:Envelope
23:36:47.829 [Test worker] DEBUG org.apache.axis.i18n.ProjectResourceBundle - org.apache.axis.i18n.resource::handleGetObject(setMsgForm)
23:36:47.829 [Test worker] DEBUG org.apache.axis.SOAPPart - Setting current message form to: FORM_OPTIMIZED (currentMessage is now org.apache.axis.utils.ByteArray)
23:36:47.829 [Test worker] DEBUG org.apache.axis.SOAPPart - Exit: SOAPPart::saveChanges(): org.apache.axis.utils.ByteArray@5e12cb55
23:36:47.830 [Test worker] DEBUG org.apache.axis.i18n.ProjectResourceBundle - org.apache.axis.i18n.resource::handleGetObject(transport00)
23:36:47.830 [Test worker] DEBUG org.apache.axis.client.Call - Transport is org.apache.axis.transport.http.HTTPTransport@19eda7e0
23:36:47.830 [Test worker] DEBUG org.apache.axis.client.Call - Enter: Call::invoke(ns, meth, args)
23:36:47.830 [Test worker] DEBUG org.apache.axis.client.Call - operation=name:        mc_issue_add
returnQName: return
returnType:  {http://www.w3.org/2001/XMLSchema}integer
returnClass: class java.math.BigInteger
elementQName:null
soapAction:  null
style:       rpc
use:         encoded
numInParams: 3
method:null
 ParameterDesc[0]:
  name:       username
  typeEntry:  null
  mode:       IN
  position:   0
  isReturn:   false
  typeQName:  {http://www.w3.org/2001/XMLSchema}string
  javaType:   class java.lang.String
  inHeader:   false
  outHeader:  false

 ParameterDesc[1]:
  name:       password
  typeEntry:  null
  mode:       IN
  position:   1
  isReturn:   false
  typeQName:  {http://www.w3.org/2001/XMLSchema}string
  javaType:   class java.lang.String
  inHeader:   false
  outHeader:  false

 ParameterDesc[2]:
  name:       issue
  typeEntry:  null
  mode:       IN
  position:   2
  isReturn:   false
  typeQName:  {http://futureware.biz/mantisconnect}IssueData
  javaType:   class biz.futureware.mantis.rpc.soap.client.IssueData
  inHeader:   false
  outHeader:  false


23:36:47.830 [Test worker] DEBUG org.apache.axis.client.Call - operation.getNumParams()=3
23:36:47.830 [Test worker] DEBUG org.apache.axis.client.Call - getParamList number of params: 3
23:36:47.830 [Test worker] DEBUG org.apache.axis.client.Call - Enter: Call::invoke(RPCElement)
23:36:47.830 [Test worker] DEBUG org.apache.axis.SOAPPart - Enter: SOAPPart ctor(FORM_SOAPENVELOPE)
23:36:47.830 [Test worker] DEBUG org.apache.axis.i18n.ProjectResourceBundle - org.apache.axis.i18n.resource::handleGetObject(setMsgForm)
23:36:47.830 [Test worker] DEBUG org.apache.axis.SOAPPart - Setting current message form to: FORM_SOAPENVELOPE (currentMessage is now org.apache.axis.message.SOAPEnvelope)
23:36:47.830 [Test worker] DEBUG org.apache.axis.SOAPPart - Exit: SOAPPart ctor()
23:36:47.830 [Test worker] DEBUG org.apache.axis.i18n.ProjectResourceBundle - org.apache.axis.i18n.resource::handleGetObject(addBody00)
23:36:47.830 [Test worker] DEBUG org.apache.axis.message.SOAPBody - Adding body element to message...
23:36:47.830 [Test worker] DEBUG org.apache.axis.client.Call - Enter: Call::invoke()
23:36:47.830 [Test worker] DEBUG org.apache.axis.MessageContext - MessageContext: setTargetService(MantisConnectPort)
23:36:47.830 [Test worker] DEBUG org.apache.axis.i18n.ProjectResourceBundle - org.apache.axis.i18n.resource::handleGetObject(noService10)
23:36:47.831 [Test worker] DEBUG org.apache.axis.ConfigurationException - Exception: 
org.apache.axis.ConfigurationException: No service named MantisConnectPort is available
	at org.apache.axis.configuration.FileProvider.getService(FileProvider.java:233)
	at org.apache.axis.AxisEngine.getService(AxisEngine.java:311)
	at org.apache.axis.MessageContext.setTargetService(MessageContext.java:756)
	at org.apache.axis.client.Call.invoke(Call.java:2690)
	at org.apache.axis.client.Call.invoke(Call.java:2443)
	at org.apache.axis.client.Call.invoke(Call.java:2366)
	at org.apache.axis.client.Call.invoke(Call.java:1812)
	at biz.futureware.mantis.rpc.soap.client.MantisConnectBindingStub.mc_issue_add(MantisConnectBindingStub.java:2130)
	at dd.pyrkova.mantis.appmanager.SoapHelper.addIssue(SoapHelper.java:50)
	at dd.pyrkova.mantis.tests.SoapTests.testCreateIssue(SoapTests.java:33)
	at sun.reflect.NativeMethodAccessorImpl.invoke0(Native Method)
	at sun.reflect.NativeMethodAccessorImpl.invoke(NativeMethodAccessorImpl.java:62)
	at sun.reflect.DelegatingMethodAccessorImpl.invoke(DelegatingMethodAccessorImpl.java:43)
	at java.lang.reflect.Method.invoke(Method.java:498)
	at org.testng.internal.MethodInvocationHelper.invokeMethod(MethodInvocationHelper.java:134)
	at org.testng.internal.TestInvoker.invokeMethod(TestInvoker.java:597)
	at org.testng.internal.TestInvoker.invokeTestMethod(TestInvoker.java:173)
	at org.testng.internal.MethodRunner.runInSequence(MethodRunner.java:46)
	at org.testng.internal.TestInvoker$MethodInvocationAgent.invoke(TestInvoker.java:816)
	at org.testng.internal.TestInvoker.invokeTestMethods(TestInvoker.java:146)
	at org.testng.internal.TestMethodWorker.invokeTestMethods(TestMethodWorker.java:146)
	at org.testng.internal.TestMethodWorker.run(TestMethodWorker.java:128)
	at java.util.ArrayList.forEach(ArrayList.java:1257)
	at org.testng.TestRunner.privateRun(TestRunner.java:766)
	at org.testng.TestRunner.run(TestRunner.java:587)
	at org.testng.SuiteRunner.runTest(SuiteRunner.java:384)
	at org.testng.SuiteRunner.runSequentially(SuiteRunner.java:378)
	at org.testng.SuiteRunner.privateRun(SuiteRunner.java:337)
	at org.testng.SuiteRunner.run(SuiteRunner.java:286)
	at org.testng.SuiteRunnerWorker.runSuite(SuiteRunnerWorker.java:53)
	at org.testng.SuiteRunnerWorker.run(SuiteRunnerWorker.java:96)
	at org.testng.TestNG.runSuitesSequentially(TestNG.java:1187)
	at org.testng.TestNG.runSuitesLocally(TestNG.java:1109)
	at org.testng.TestNG.runSuites(TestNG.java:1039)
	at org.testng.TestNG.run(TestNG.java:1007)
	at org.gradle.api.internal.tasks.testing.testng.TestNGTestClassProcessor.runTests(TestNGTestClassProcessor.java:141)
	at org.gradle.api.internal.tasks.testing.testng.TestNGTestClassProcessor.stop(TestNGTestClassProcessor.java:90)
	at org.gradle.api.internal.tasks.testing.SuiteTestClassProcessor.stop(SuiteTestClassProcessor.java:61)
	at sun.reflect.NativeMethodAccessorImpl.invoke0(Native Method)
	at sun.reflect.NativeMethodAccessorImpl.invoke(NativeMethodAccessorImpl.java:62)
	at sun.reflect.DelegatingMethodAccessorImpl.invoke(DelegatingMethodAccessorImpl.java:43)
	at java.lang.reflect.Method.invoke(Method.java:498)
	at org.gradle.internal.dispatch.ReflectionDispatch.dispatch(ReflectionDispatch.java:36)
	at org.gradle.internal.dispatch.ReflectionDispatch.dispatch(ReflectionDispatch.java:24)
	at org.gradle.internal.dispatch.ContextClassLoaderDispatch.dispatch(ContextClassLoaderDispatch.java:33)
	at org.gradle.internal.dispatch.ProxyDispatchAdapter$DispatchingInvocationHandler.invoke(ProxyDispatchAdapter.java:94)
	at com.sun.proxy.$Proxy2.stop(Unknown Source)
	at org.gradle.api.internal.tasks.testing.worker.TestWorker.stop(TestWorker.java:132)
	at sun.reflect.NativeMethodAccessorImpl.invoke0(Native Method)
	at sun.reflect.NativeMethodAccessorImpl.invoke(NativeMethodAccessorImpl.java:62)
	at sun.reflect.DelegatingMethodAccessorImpl.invoke(DelegatingMethodAccessorImpl.java:43)
	at java.lang.reflect.Method.invoke(Method.java:498)
	at org.gradle.internal.dispatch.ReflectionDispatch.dispatch(ReflectionDispatch.java:36)
	at org.gradle.internal.dispatch.ReflectionDispatch.dispatch(ReflectionDispatch.java:24)
	at org.gradle.internal.remote.internal.hub.MessageHubBackedObjectConnection$DispatchWrapper.dispatch(MessageHubBackedObjectConnection.java:182)
	at org.gradle.internal.remote.internal.hub.MessageHubBackedObjectConnection$DispatchWrapper.dispatch(MessageHubBackedObjectConnection.java:164)
	at org.gradle.internal.remote.internal.hub.MessageHub$Handler.run(MessageHub.java:412)
	at org.gradle.internal.concurrent.ExecutorPolicy$CatchAndRecordFailures.onExecute(ExecutorPolicy.java:64)
	at org.gradle.internal.concurrent.ManagedExecutorImpl$1.run(ManagedExecutorImpl.java:48)
	at java.util.concurrent.ThreadPoolExecutor.runWorker(ThreadPoolExecutor.java:1149)
	at java.util.concurrent.ThreadPoolExecutor$Worker.run(ThreadPoolExecutor.java:624)
	at org.gradle.internal.concurrent.ThreadFactoryImpl$ManagedThreadRunnable.run(ThreadFactoryImpl.java:56)
	at java.lang.Thread.run(Thread.java:748)
23:36:47.832 [Test worker] DEBUG org.apache.axis.MessageContext - MessageContext: setServiceHandler(null)
23:36:47.832 [Test worker] DEBUG org.apache.axis.i18n.ProjectResourceBundle - org.apache.axis.i18n.resource::handleGetObject(targetService)
23:36:47.832 [Test worker] DEBUG org.apache.axis.client.Call - Target service:  MantisConnectPort
23:36:47.832 [Test worker] DEBUG org.apache.axis.MessageContext - MessageContext: setTargetService(http://www.mantisbt.org/bugs/api/soap/mantisconnect.php/mc_issue_add)
23:36:47.832 [Test worker] DEBUG org.apache.axis.i18n.ProjectResourceBundle - org.apache.axis.i18n.resource::handleGetObject(noService10)
23:36:47.832 [Test worker] DEBUG org.apache.axis.ConfigurationException - Exception: 
org.apache.axis.ConfigurationException: No service named http://www.mantisbt.org/bugs/api/soap/mantisconnect.php/mc_issue_add is available
	at org.apache.axis.configuration.FileProvider.getService(FileProvider.java:233)
	at org.apache.axis.AxisEngine.getService(AxisEngine.java:311)
	at org.apache.axis.MessageContext.setTargetService(MessageContext.java:756)
	at org.apache.axis.transport.http.HTTPTransport.setupMessageContextImpl(HTTPTransport.java:89)
	at org.apache.axis.client.Transport.setupMessageContext(Transport.java:46)
	at org.apache.axis.client.Call.invoke(Call.java:2738)
	at org.apache.axis.client.Call.invoke(Call.java:2443)
	at org.apache.axis.client.Call.invoke(Call.java:2366)
	at org.apache.axis.client.Call.invoke(Call.java:1812)
	at biz.futureware.mantis.rpc.soap.client.MantisConnectBindingStub.mc_issue_add(MantisConnectBindingStub.java:2130)
	at dd.pyrkova.mantis.appmanager.SoapHelper.addIssue(SoapHelper.java:50)
	at dd.pyrkova.mantis.tests.SoapTests.testCreateIssue(SoapTests.java:33)
	at sun.reflect.NativeMethodAccessorImpl.invoke0(Native Method)
	at sun.reflect.NativeMethodAccessorImpl.invoke(NativeMethodAccessorImpl.java:62)
	at sun.reflect.DelegatingMethodAccessorImpl.invoke(DelegatingMethodAccessorImpl.java:43)
	at java.lang.reflect.Method.invoke(Method.java:498)
	at org.testng.internal.MethodInvocationHelper.invokeMethod(MethodInvocationHelper.java:134)
	at org.testng.internal.TestInvoker.invokeMethod(TestInvoker.java:597)
	at org.testng.internal.TestInvoker.invokeTestMethod(TestInvoker.java:173)
	at org.testng.internal.MethodRunner.runInSequence(MethodRunner.java:46)
	at org.testng.internal.TestInvoker$MethodInvocationAgent.invoke(TestInvoker.java:816)
	at org.testng.internal.TestInvoker.invokeTestMethods(TestInvoker.java:146)
	at org.testng.internal.TestMethodWorker.invokeTestMethods(TestMethodWorker.java:146)
	at org.testng.internal.TestMethodWorker.run(TestMethodWorker.java:128)
	at java.util.ArrayList.forEach(ArrayList.java:1257)
	at org.testng.TestRunner.privateRun(TestRunner.java:766)
	at org.testng.TestRunner.run(TestRunner.java:587)
	at org.testng.SuiteRunner.runTest(SuiteRunner.java:384)
	at org.testng.SuiteRunner.runSequentially(SuiteRunner.java:378)
	at org.testng.SuiteRunner.privateRun(SuiteRunner.java:337)
	at org.testng.SuiteRunner.run(SuiteRunner.java:286)
	at org.testng.SuiteRunnerWorker.runSuite(SuiteRunnerWorker.java:53)
	at org.testng.SuiteRunnerWorker.run(SuiteRunnerWorker.java:96)
	at org.testng.TestNG.runSuitesSequentially(TestNG.java:1187)
	at org.testng.TestNG.runSuitesLocally(TestNG.java:1109)
	at org.testng.TestNG.runSuites(TestNG.java:1039)
	at org.testng.TestNG.run(TestNG.java:1007)
	at org.gradle.api.internal.tasks.testing.testng.TestNGTestClassProcessor.runTests(TestNGTestClassProcessor.java:141)
	at org.gradle.api.internal.tasks.testing.testng.TestNGTestClassProcessor.stop(TestNGTestClassProcessor.java:90)
	at org.gradle.api.internal.tasks.testing.SuiteTestClassProcessor.stop(SuiteTestClassProcessor.java:61)
	at sun.reflect.NativeMethodAccessorImpl.invoke0(Native Method)
	at sun.reflect.NativeMethodAccessorImpl.invoke(NativeMethodAccessorImpl.java:62)
	at sun.reflect.DelegatingMethodAccessorImpl.invoke(DelegatingMethodAccessorImpl.java:43)
	at java.lang.reflect.Method.invoke(Method.java:498)
	at org.gradle.internal.dispatch.ReflectionDispatch.dispatch(ReflectionDispatch.java:36)
	at org.gradle.internal.dispatch.ReflectionDispatch.dispatch(ReflectionDispatch.java:24)
	at org.gradle.internal.dispatch.ContextClassLoaderDispatch.dispatch(ContextClassLoaderDispatch.java:33)
	at org.gradle.internal.dispatch.ProxyDispatchAdapter$DispatchingInvocationHandler.invoke(ProxyDispatchAdapter.java:94)
	at com.sun.proxy.$Proxy2.stop(Unknown Source)
	at org.gradle.api.internal.tasks.testing.worker.TestWorker.stop(TestWorker.java:132)
	at sun.reflect.NativeMethodAccessorImpl.invoke0(Native Method)
	at sun.reflect.NativeMethodAccessorImpl.invoke(NativeMethodAccessorImpl.java:62)
	at sun.reflect.DelegatingMethodAccessorImpl.invoke(DelegatingMethodAccessorImpl.java:43)
	at java.lang.reflect.Method.invoke(Method.java:498)
	at org.gradle.internal.dispatch.ReflectionDispatch.dispatch(ReflectionDispatch.java:36)
	at org.gradle.internal.dispatch.ReflectionDispatch.dispatch(ReflectionDispatch.java:24)
	at org.gradle.internal.remote.internal.hub.MessageHubBackedObjectConnection$DispatchWrapper.dispatch(MessageHubBackedObjectConnection.java:182)
	at org.gradle.internal.remote.internal.hub.MessageHubBackedObjectConnection$DispatchWrapper.dispatch(MessageHubBackedObjectConnection.java:164)
	at org.gradle.internal.remote.internal.hub.MessageHub$Handler.run(MessageHub.java:412)
	at org.gradle.internal.concurrent.ExecutorPolicy$CatchAndRecordFailures.onExecute(ExecutorPolicy.java:64)
	at org.gradle.internal.concurrent.ManagedExecutorImpl$1.run(ManagedExecutorImpl.java:48)
	at java.util.concurrent.ThreadPoolExecutor.runWorker(ThreadPoolExecutor.java:1149)
	at java.util.concurrent.ThreadPoolExecutor$Worker.run(ThreadPoolExecutor.java:624)
	at org.gradle.internal.concurrent.ThreadFactoryImpl$ManagedThreadRunnable.run(ThreadFactoryImpl.java:56)
	at java.lang.Thread.run(Thread.java:748)
23:36:47.832 [Test worker] DEBUG org.apache.axis.MessageContext - MessageContext: setServiceHandler(null)
23:36:47.832 [Test worker] DEBUG org.apache.axis.SOAPPart - Enter: SOAPPart::getAsSOAPEnvelope()
23:36:47.832 [Test worker] DEBUG org.apache.axis.i18n.ProjectResourceBundle - org.apache.axis.i18n.resource::handleGetObject(currForm)
23:36:47.832 [Test worker] DEBUG org.apache.axis.SOAPPart - current form is FORM_SOAPENVELOPE
23:36:47.833 [Test worker] DEBUG org.apache.axis.i18n.ProjectResourceBundle - org.apache.axis.i18n.resource::handleGetObject(register00)
23:36:47.833 [Test worker] DEBUG org.apache.axis.encoding.SerializationContext - register 'soapenv' - 'http://schemas.xmlsoap.org/soap/envelope/'
23:36:47.833 [Test worker] DEBUG org.apache.axis.i18n.ProjectResourceBundle - org.apache.axis.i18n.resource::handleGetObject(register00)
23:36:47.833 [Test worker] DEBUG org.apache.axis.encoding.SerializationContext - register 'soapenv' - 'http://schemas.xmlsoap.org/soap/envelope/'
23:36:47.833 [Test worker] DEBUG org.apache.axis.i18n.ProjectResourceBundle - org.apache.axis.i18n.resource::handleGetObject(register00)
23:36:47.833 [Test worker] DEBUG org.apache.axis.encoding.SerializationContext - register 'xsd' - 'http://www.w3.org/2001/XMLSchema'
23:36:47.833 [Test worker] DEBUG org.apache.axis.i18n.ProjectResourceBundle - org.apache.axis.i18n.resource::handleGetObject(register00)
23:36:47.833 [Test worker] DEBUG org.apache.axis.encoding.SerializationContext - register 'xsi' - 'http://www.w3.org/2001/XMLSchema-instance'
23:36:47.833 [Test worker] DEBUG org.apache.axis.i18n.ProjectResourceBundle - org.apache.axis.i18n.resource::handleGetObject(startElem00)
23:36:47.833 [Test worker] DEBUG org.apache.axis.encoding.SerializationContext - Start element [http://schemas.xmlsoap.org/soap/envelope/]:Envelope
23:36:47.833 [Test worker] DEBUG org.apache.axis.i18n.ProjectResourceBundle - org.apache.axis.i18n.resource::handleGetObject(startElem00)
23:36:47.833 [Test worker] DEBUG org.apache.axis.encoding.SerializationContext - Start element [http://schemas.xmlsoap.org/soap/envelope/]:Body
23:36:47.833 [Test worker] DEBUG org.apache.axis.i18n.ProjectResourceBundle - org.apache.axis.i18n.resource::handleGetObject(startElem00)
23:36:47.833 [Test worker] DEBUG org.apache.axis.encoding.SerializationContext - Start element [http://futureware.biz/mantisconnect]:mc_issue_add
23:36:47.833 [Test worker] DEBUG org.apache.axis.i18n.ProjectResourceBundle - org.apache.axis.i18n.resource::handleGetObject(register00)
23:36:47.833 [Test worker] DEBUG org.apache.axis.encoding.SerializationContext - register 'ns1' - 'http://futureware.biz/mantisconnect'
23:36:47.833 [Test worker] DEBUG org.apache.axis.i18n.ProjectResourceBundle - org.apache.axis.i18n.resource::handleGetObject(startElem00)
23:36:47.833 [Test worker] DEBUG org.apache.axis.encoding.SerializationContext - Start element []:username
23:36:47.833 [Test worker] DEBUG org.apache.axis.i18n.ProjectResourceBundle - org.apache.axis.i18n.resource::handleGetObject(endElem00)
23:36:47.833 [Test worker] DEBUG org.apache.axis.encoding.SerializationContext - End element username
23:36:47.833 [Test worker] DEBUG org.apache.axis.i18n.ProjectResourceBundle - org.apache.axis.i18n.resource::handleGetObject(startElem00)
23:36:47.833 [Test worker] DEBUG org.apache.axis.encoding.SerializationContext - Start element []:password
23:36:47.833 [Test worker] DEBUG org.apache.axis.i18n.ProjectResourceBundle - org.apache.axis.i18n.resource::handleGetObject(endElem00)
23:36:47.833 [Test worker] DEBUG org.apache.axis.encoding.SerializationContext - End element password
23:36:47.835 [Test worker] DEBUG org.apache.axis.i18n.ProjectResourceBundle - org.apache.axis.i18n.resource::handleGetObject(startElem00)
23:36:47.835 [Test worker] DEBUG org.apache.axis.encoding.SerializationContext - Start element []:issue
23:36:47.835 [Test worker] DEBUG org.apache.axis.i18n.ProjectResourceBundle - org.apache.axis.i18n.resource::handleGetObject(endElem00)
23:36:47.835 [Test worker] DEBUG org.apache.axis.encoding.SerializationContext - End element issue
23:36:47.835 [Test worker] DEBUG org.apache.axis.i18n.ProjectResourceBundle - org.apache.axis.i18n.resource::handleGetObject(endElem00)
23:36:47.835 [Test worker] DEBUG org.apache.axis.encoding.SerializationContext - End element ns1:mc_issue_add
23:36:47.835 [Test worker] DEBUG org.apache.axis.i18n.ProjectResourceBundle - org.apache.axis.i18n.resource::handleGetObject(register00)
23:36:47.835 [Test worker] DEBUG org.apache.axis.encoding.SerializationContext - register 'soapenc' - 'http://schemas.xmlsoap.org/soap/encoding/'
23:36:47.835 [Test worker] DEBUG org.apache.axis.i18n.ProjectResourceBundle - org.apache.axis.i18n.resource::handleGetObject(startElem00)
23:36:47.835 [Test worker] DEBUG org.apache.axis.encoding.SerializationContext - Start element []:multiRef
23:36:47.835 [Test worker] DEBUG org.apache.axis.i18n.ProjectResourceBundle - org.apache.axis.i18n.resource::handleGetObject(register00)
23:36:47.835 [Test worker] DEBUG org.apache.axis.encoding.SerializationContext - register 'ns2' - 'http://futureware.biz/mantisconnect'
23:36:47.840 [Test worker] DEBUG org.apache.axis.i18n.ProjectResourceBundle - org.apache.axis.i18n.resource::handleGetObject(startElem00)
23:36:47.840 [Test worker] DEBUG org.apache.axis.encoding.SerializationContext - Start element []:id
23:36:47.840 [Test worker] DEBUG org.apache.axis.i18n.ProjectResourceBundle - org.apache.axis.i18n.resource::handleGetObject(endElem00)
23:36:47.840 [Test worker] DEBUG org.apache.axis.encoding.SerializationContext - End element id
23:36:47.841 [Test worker] DEBUG org.apache.axis.i18n.ProjectResourceBundle - org.apache.axis.i18n.resource::handleGetObject(startElem00)
23:36:47.841 [Test worker] DEBUG org.apache.axis.encoding.SerializationContext - Start element []:view_state
23:36:47.841 [Test worker] DEBUG org.apache.axis.i18n.ProjectResourceBundle - org.apache.axis.i18n.resource::handleGetObject(endElem00)
23:36:47.841 [Test worker] DEBUG org.apache.axis.encoding.SerializationContext - End element view_state
23:36:47.841 [Test worker] DEBUG org.apache.axis.i18n.ProjectResourceBundle - org.apache.axis.i18n.resource::handleGetObject(startElem00)
23:36:47.841 [Test worker] DEBUG org.apache.axis.encoding.SerializationContext - Start element []:last_updated
23:36:47.841 [Test worker] DEBUG org.apache.axis.i18n.ProjectResourceBundle - org.apache.axis.i18n.resource::handleGetObject(endElem00)
23:36:47.841 [Test worker] DEBUG org.apache.axis.encoding.SerializationContext - End element last_updated
23:36:47.841 [Test worker] DEBUG org.apache.axis.i18n.ProjectResourceBundle - org.apache.axis.i18n.resource::handleGetObject(startElem00)
23:36:47.841 [Test worker] DEBUG org.apache.axis.encoding.SerializationContext - Start element []:project
23:36:47.841 [Test worker] DEBUG org.apache.axis.i18n.ProjectResourceBundle - org.apache.axis.i18n.resource::handleGetObject(endElem00)
23:36:47.841 [Test worker] DEBUG org.apache.axis.encoding.SerializationContext - End element project
23:36:47.841 [Test worker] DEBUG org.apache.axis.i18n.ProjectResourceBundle - org.apache.axis.i18n.resource::handleGetObject(startElem00)
23:36:47.841 [Test worker] DEBUG org.apache.axis.encoding.SerializationContext - Start element []:category
23:36:47.841 [Test worker] DEBUG org.apache.axis.i18n.ProjectResourceBundle - org.apache.axis.i18n.resource::handleGetObject(endElem00)
23:36:47.841 [Test worker] DEBUG org.apache.axis.encoding.SerializationContext - End element category
23:36:47.841 [Test worker] DEBUG org.apache.axis.i18n.ProjectResourceBundle - org.apache.axis.i18n.resource::handleGetObject(startElem00)
23:36:47.841 [Test worker] DEBUG org.apache.axis.encoding.SerializationContext - Start element []:priority
23:36:47.841 [Test worker] DEBUG org.apache.axis.i18n.ProjectResourceBundle - org.apache.axis.i18n.resource::handleGetObject(endElem00)
23:36:47.841 [Test worker] DEBUG org.apache.axis.encoding.SerializationContext - End element priority
23:36:47.841 [Test worker] DEBUG org.apache.axis.i18n.ProjectResourceBundle - org.apache.axis.i18n.resource::handleGetObject(startElem00)
23:36:47.841 [Test worker] DEBUG org.apache.axis.encoding.SerializationContext - Start element []:severity
23:36:47.841 [Test worker] DEBUG org.apache.axis.i18n.ProjectResourceBundle - org.apache.axis.i18n.resource::handleGetObject(endElem00)
23:36:47.841 [Test worker] DEBUG org.apache.axis.encoding.SerializationContext - End element severity
23:36:47.841 [Test worker] DEBUG org.apache.axis.i18n.ProjectResourceBundle - org.apache.axis.i18n.resource::handleGetObject(startElem00)
23:36:47.841 [Test worker] DEBUG org.apache.axis.encoding.SerializationContext - Start element []:status
23:36:47.841 [Test worker] DEBUG org.apache.axis.i18n.ProjectResourceBundle - org.apache.axis.i18n.resource::handleGetObject(endElem00)
23:36:47.841 [Test worker] DEBUG org.apache.axis.encoding.SerializationContext - End element status
23:36:47.841 [Test worker] DEBUG org.apache.axis.i18n.ProjectResourceBundle - org.apache.axis.i18n.resource::handleGetObject(startElem00)
23:36:47.841 [Test worker] DEBUG org.apache.axis.encoding.SerializationContext - Start element []:reporter
23:36:47.841 [Test worker] DEBUG org.apache.axis.i18n.ProjectResourceBundle - org.apache.axis.i18n.resource::handleGetObject(endElem00)
23:36:47.841 [Test worker] DEBUG org.apache.axis.encoding.SerializationContext - End element reporter
23:36:47.841 [Test worker] DEBUG org.apache.axis.i18n.ProjectResourceBundle - org.apache.axis.i18n.resource::handleGetObject(startElem00)
23:36:47.841 [Test worker] DEBUG org.apache.axis.encoding.SerializationContext - Start element []:summary
23:36:47.841 [Test worker] DEBUG org.apache.axis.i18n.ProjectResourceBundle - org.apache.axis.i18n.resource::handleGetObject(endElem00)
23:36:47.841 [Test worker] DEBUG org.apache.axis.encoding.SerializationContext - End element summary
23:36:47.841 [Test worker] DEBUG org.apache.axis.i18n.ProjectResourceBundle - org.apache.axis.i18n.resource::handleGetObject(startElem00)
23:36:47.841 [Test worker] DEBUG org.apache.axis.encoding.SerializationContext - Start element []:version
23:36:47.841 [Test worker] DEBUG org.apache.axis.i18n.ProjectResourceBundle - org.apache.axis.i18n.resource::handleGetObject(endElem00)
23:36:47.841 [Test worker] DEBUG org.apache.axis.encoding.SerializationContext - End element version
23:36:47.842 [Test worker] DEBUG org.apache.axis.i18n.ProjectResourceBundle - org.apache.axis.i18n.resource::handleGetObject(startElem00)
23:36:47.842 [Test worker] DEBUG org.apache.axis.encoding.SerializationContext - Start element []:build
23:36:47.842 [Test worker] DEBUG org.apache.axis.i18n.ProjectResourceBundle - org.apache.axis.i18n.resource::handleGetObject(endElem00)
23:36:47.842 [Test worker] DEBUG org.apache.axis.encoding.SerializationContext - End element build
23:36:47.842 [Test worker] DEBUG org.apache.axis.i18n.ProjectResourceBundle - org.apache.axis.i18n.resource::handleGetObject(startElem00)
23:36:47.842 [Test worker] DEBUG org.apache.axis.encoding.SerializationContext - Start element []:platform
23:36:47.842 [Test worker] DEBUG org.apache.axis.i18n.ProjectResourceBundle - org.apache.axis.i18n.resource::handleGetObject(endElem00)
23:36:47.842 [Test worker] DEBUG org.apache.axis.encoding.SerializationContext - End element platform
23:36:47.842 [Test worker] DEBUG org.apache.axis.i18n.ProjectResourceBundle - org.apache.axis.i18n.resource::handleGetObject(startElem00)
23:36:47.842 [Test worker] DEBUG org.apache.axis.encoding.SerializationContext - Start element []:os
23:36:47.842 [Test worker] DEBUG org.apache.axis.i18n.ProjectResourceBundle - org.apache.axis.i18n.resource::handleGetObject(endElem00)
23:36:47.842 [Test worker] DEBUG org.apache.axis.encoding.SerializationContext - End element os
23:36:47.842 [Test worker] DEBUG org.apache.axis.i18n.ProjectResourceBundle - org.apache.axis.i18n.resource::handleGetObject(startElem00)
23:36:47.842 [Test worker] DEBUG org.apache.axis.encoding.SerializationContext - Start element []:os_build
23:36:47.842 [Test worker] DEBUG org.apache.axis.i18n.ProjectResourceBundle - org.apache.axis.i18n.resource::handleGetObject(endElem00)
23:36:47.842 [Test worker] DEBUG org.apache.axis.encoding.SerializationContext - End element os_build
23:36:47.842 [Test worker] DEBUG org.apache.axis.i18n.ProjectResourceBundle - org.apache.axis.i18n.resource::handleGetObject(startElem00)
23:36:47.842 [Test worker] DEBUG org.apache.axis.encoding.SerializationContext - Start element []:reproducibility
23:36:47.842 [Test worker] DEBUG org.apache.axis.i18n.ProjectResourceBundle - org.apache.axis.i18n.resource::handleGetObject(endElem00)
23:36:47.842 [Test worker] DEBUG org.apache.axis.encoding.SerializationContext - End element reproducibility
23:36:47.842 [Test worker] DEBUG org.apache.axis.i18n.ProjectResourceBundle - org.apache.axis.i18n.resource::handleGetObject(startElem00)
23:36:47.842 [Test worker] DEBUG org.apache.axis.encoding.SerializationContext - Start element []:date_submitted
23:36:47.842 [Test worker] DEBUG org.apache.axis.i18n.ProjectResourceBundle - org.apache.axis.i18n.resource::handleGetObject(endElem00)
23:36:47.842 [Test worker] DEBUG org.apache.axis.encoding.SerializationContext - End element date_submitted
23:36:47.842 [Test worker] DEBUG org.apache.axis.i18n.ProjectResourceBundle - org.apache.axis.i18n.resource::handleGetObject(startElem00)
23:36:47.842 [Test worker] DEBUG org.apache.axis.encoding.SerializationContext - Start element []:sponsorship_total
23:36:47.842 [Test worker] DEBUG org.apache.axis.i18n.ProjectResourceBundle - org.apache.axis.i18n.resource::handleGetObject(endElem00)
23:36:47.842 [Test worker] DEBUG org.apache.axis.encoding.SerializationContext - End element sponsorship_total
23:36:47.842 [Test worker] DEBUG org.apache.axis.i18n.ProjectResourceBundle - org.apache.axis.i18n.resource::handleGetObject(startElem00)
23:36:47.842 [Test worker] DEBUG org.apache.axis.encoding.SerializationContext - Start element []:handler
23:36:47.842 [Test worker] DEBUG org.apache.axis.i18n.ProjectResourceBundle - org.apache.axis.i18n.resource::handleGetObject(endElem00)
23:36:47.842 [Test worker] DEBUG org.apache.axis.encoding.SerializationContext - End element handler
23:36:47.842 [Test worker] DEBUG org.apache.axis.i18n.ProjectResourceBundle - org.apache.axis.i18n.resource::handleGetObject(startElem00)
23:36:47.842 [Test worker] DEBUG org.apache.axis.encoding.SerializationContext - Start element []:projection
23:36:47.842 [Test worker] DEBUG org.apache.axis.i18n.ProjectResourceBundle - org.apache.axis.i18n.resource::handleGetObject(endElem00)
23:36:47.842 [Test worker] DEBUG org.apache.axis.encoding.SerializationContext - End element projection
23:36:47.842 [Test worker] DEBUG org.apache.axis.i18n.ProjectResourceBundle - org.apache.axis.i18n.resource::handleGetObject(startElem00)
23:36:47.842 [Test worker] DEBUG org.apache.axis.encoding.SerializationContext - Start element []:eta
23:36:47.842 [Test worker] DEBUG org.apache.axis.i18n.ProjectResourceBundle - org.apache.axis.i18n.resource::handleGetObject(endElem00)
23:36:47.842 [Test worker] DEBUG org.apache.axis.encoding.SerializationContext - End element eta
23:36:47.842 [Test worker] DEBUG org.apache.axis.i18n.ProjectResourceBundle - org.apache.axis.i18n.resource::handleGetObject(startElem00)
23:36:47.842 [Test worker] DEBUG org.apache.axis.encoding.SerializationContext - Start element []:resolution
23:36:47.842 [Test worker] DEBUG org.apache.axis.i18n.ProjectResourceBundle - org.apache.axis.i18n.resource::handleGetObject(endElem00)
23:36:47.842 [Test worker] DEBUG org.apache.axis.encoding.SerializationContext - End element resolution
23:36:47.842 [Test worker] DEBUG org.apache.axis.i18n.ProjectResourceBundle - org.apache.axis.i18n.resource::handleGetObject(startElem00)
23:36:47.842 [Test worker] DEBUG org.apache.axis.encoding.SerializationContext - Start element []:fixed_in_version
23:36:47.842 [Test worker] DEBUG org.apache.axis.i18n.ProjectResourceBundle - org.apache.axis.i18n.resource::handleGetObject(endElem00)
23:36:47.843 [Test worker] DEBUG org.apache.axis.encoding.SerializationContext - End element fixed_in_version
23:36:47.843 [Test worker] DEBUG org.apache.axis.i18n.ProjectResourceBundle - org.apache.axis.i18n.resource::handleGetObject(startElem00)
23:36:47.843 [Test worker] DEBUG org.apache.axis.encoding.SerializationContext - Start element []:target_version
23:36:47.843 [Test worker] DEBUG org.apache.axis.i18n.ProjectResourceBundle - org.apache.axis.i18n.resource::handleGetObject(endElem00)
23:36:47.843 [Test worker] DEBUG org.apache.axis.encoding.SerializationContext - End element target_version
23:36:47.843 [Test worker] DEBUG org.apache.axis.i18n.ProjectResourceBundle - org.apache.axis.i18n.resource::handleGetObject(startElem00)
23:36:47.843 [Test worker] DEBUG org.apache.axis.encoding.SerializationContext - Start element []:description
23:36:47.843 [Test worker] DEBUG org.apache.axis.i18n.ProjectResourceBundle - org.apache.axis.i18n.resource::handleGetObject(endElem00)
23:36:47.843 [Test worker] DEBUG org.apache.axis.encoding.SerializationContext - End element description
23:36:47.843 [Test worker] DEBUG org.apache.axis.i18n.ProjectResourceBundle - org.apache.axis.i18n.resource::handleGetObject(startElem00)
23:36:47.843 [Test worker] DEBUG org.apache.axis.encoding.SerializationContext - Start element []:steps_to_reproduce
23:36:47.843 [Test worker] DEBUG org.apache.axis.i18n.ProjectResourceBundle - org.apache.axis.i18n.resource::handleGetObject(endElem00)
23:36:47.843 [Test worker] DEBUG org.apache.axis.encoding.SerializationContext - End element steps_to_reproduce
23:36:47.843 [Test worker] DEBUG org.apache.axis.i18n.ProjectResourceBundle - org.apache.axis.i18n.resource::handleGetObject(startElem00)
23:36:47.843 [Test worker] DEBUG org.apache.axis.encoding.SerializationContext - Start element []:additional_information
23:36:47.843 [Test worker] DEBUG org.apache.axis.i18n.ProjectResourceBundle - org.apache.axis.i18n.resource::handleGetObject(endElem00)
23:36:47.843 [Test worker] DEBUG org.apache.axis.encoding.SerializationContext - End element additional_information
23:36:47.843 [Test worker] DEBUG org.apache.axis.i18n.ProjectResourceBundle - org.apache.axis.i18n.resource::handleGetObject(startElem00)
23:36:47.843 [Test worker] DEBUG org.apache.axis.encoding.SerializationContext - Start element []:attachments
23:36:47.843 [Test worker] DEBUG org.apache.axis.i18n.ProjectResourceBundle - org.apache.axis.i18n.resource::handleGetObject(endElem00)
23:36:47.843 [Test worker] DEBUG org.apache.axis.encoding.SerializationContext - End element attachments
23:36:47.843 [Test worker] DEBUG org.apache.axis.i18n.ProjectResourceBundle - org.apache.axis.i18n.resource::handleGetObject(startElem00)
23:36:47.843 [Test worker] DEBUG org.apache.axis.encoding.SerializationContext - Start element []:relationships
23:36:47.843 [Test worker] DEBUG org.apache.axis.i18n.ProjectResourceBundle - org.apache.axis.i18n.resource::handleGetObject(endElem00)
23:36:47.843 [Test worker] DEBUG org.apache.axis.encoding.SerializationContext - End element relationships
23:36:47.843 [Test worker] DEBUG org.apache.axis.i18n.ProjectResourceBundle - org.apache.axis.i18n.resource::handleGetObject(startElem00)
23:36:47.843 [Test worker] DEBUG org.apache.axis.encoding.SerializationContext - Start element []:notes
23:36:47.843 [Test worker] DEBUG org.apache.axis.i18n.ProjectResourceBundle - org.apache.axis.i18n.resource::handleGetObject(endElem00)
23:36:47.843 [Test worker] DEBUG org.apache.axis.encoding.SerializationContext - End element notes
23:36:47.843 [Test worker] DEBUG org.apache.axis.i18n.ProjectResourceBundle - org.apache.axis.i18n.resource::handleGetObject(startElem00)
23:36:47.843 [Test worker] DEBUG org.apache.axis.encoding.SerializationContext - Start element []:custom_fields
23:36:47.843 [Test worker] DEBUG org.apache.axis.i18n.ProjectResourceBundle - org.apache.axis.i18n.resource::handleGetObject(endElem00)
23:36:47.843 [Test worker] DEBUG org.apache.axis.encoding.SerializationContext - End element custom_fields
23:36:47.843 [Test worker] DEBUG org.apache.axis.i18n.ProjectResourceBundle - org.apache.axis.i18n.resource::handleGetObject(startElem00)
23:36:47.843 [Test worker] DEBUG org.apache.axis.encoding.SerializationContext - Start element []:due_date
23:36:47.843 [Test worker] DEBUG org.apache.axis.i18n.ProjectResourceBundle - org.apache.axis.i18n.resource::handleGetObject(endElem00)
23:36:47.843 [Test worker] DEBUG org.apache.axis.encoding.SerializationContext - End element due_date
23:36:47.843 [Test worker] DEBUG org.apache.axis.i18n.ProjectResourceBundle - org.apache.axis.i18n.resource::handleGetObject(startElem00)
23:36:47.843 [Test worker] DEBUG org.apache.axis.encoding.SerializationContext - Start element []:monitors
23:36:47.843 [Test worker] DEBUG org.apache.axis.i18n.ProjectResourceBundle - org.apache.axis.i18n.resource::handleGetObject(endElem00)
23:36:47.843 [Test worker] DEBUG org.apache.axis.encoding.SerializationContext - End element monitors
23:36:47.843 [Test worker] DEBUG org.apache.axis.i18n.ProjectResourceBundle - org.apache.axis.i18n.resource::handleGetObject(startElem00)
23:36:47.843 [Test worker] DEBUG org.apache.axis.encoding.SerializationContext - Start element []:sticky
23:36:47.843 [Test worker] DEBUG org.apache.axis.i18n.ProjectResourceBundle - org.apache.axis.i18n.resource::handleGetObject(endElem00)
23:36:47.843 [Test worker] DEBUG org.apache.axis.encoding.SerializationContext - End element sticky
23:36:47.843 [Test worker] DEBUG org.apache.axis.i18n.ProjectResourceBundle - org.apache.axis.i18n.resource::handleGetObject(startElem00)
23:36:47.843 [Test worker] DEBUG org.apache.axis.encoding.SerializationContext - Start element []:tags
23:36:47.844 [Test worker] DEBUG org.apache.axis.i18n.ProjectResourceBundle - org.apache.axis.i18n.resource::handleGetObject(endElem00)
23:36:47.844 [Test worker] DEBUG org.apache.axis.encoding.SerializationContext - End element tags
23:36:47.844 [Test worker] DEBUG org.apache.axis.i18n.ProjectResourceBundle - org.apache.axis.i18n.resource::handleGetObject(endElem00)
23:36:47.844 [Test worker] DEBUG org.apache.axis.encoding.SerializationContext - End element multiRef
23:36:47.844 [Test worker] DEBUG org.apache.axis.i18n.ProjectResourceBundle - org.apache.axis.i18n.resource::handleGetObject(startElem00)
23:36:47.844 [Test worker] DEBUG org.apache.axis.encoding.SerializationContext - Start element []:multiRef
23:36:47.844 [Test worker] DEBUG org.apache.axis.i18n.ProjectResourceBundle - org.apache.axis.i18n.resource::handleGetObject(register00)
23:36:47.844 [Test worker] DEBUG org.apache.axis.encoding.SerializationContext - register 'ns3' - 'http://futureware.biz/mantisconnect'
23:36:47.844 [Test worker] DEBUG org.apache.axis.i18n.ProjectResourceBundle - org.apache.axis.i18n.resource::handleGetObject(register00)
23:36:47.844 [Test worker] DEBUG org.apache.axis.encoding.SerializationContext - register 'soapenc' - 'http://schemas.xmlsoap.org/soap/encoding/'
23:36:47.844 [Test worker] DEBUG org.apache.axis.i18n.ProjectResourceBundle - org.apache.axis.i18n.resource::handleGetObject(startElem00)
23:36:47.844 [Test worker] DEBUG org.apache.axis.encoding.SerializationContext - Start element []:id
23:36:47.844 [Test worker] DEBUG org.apache.axis.i18n.ProjectResourceBundle - org.apache.axis.i18n.resource::handleGetObject(endElem00)
23:36:47.844 [Test worker] DEBUG org.apache.axis.encoding.SerializationContext - End element id
23:36:47.844 [Test worker] DEBUG org.apache.axis.i18n.ProjectResourceBundle - org.apache.axis.i18n.resource::handleGetObject(startElem00)
23:36:47.844 [Test worker] DEBUG org.apache.axis.encoding.SerializationContext - Start element []:name
23:36:47.844 [Test worker] DEBUG org.apache.axis.i18n.ProjectResourceBundle - org.apache.axis.i18n.resource::handleGetObject(endElem00)
23:36:47.844 [Test worker] DEBUG org.apache.axis.encoding.SerializationContext - End element name
23:36:47.844 [Test worker] DEBUG org.apache.axis.i18n.ProjectResourceBundle - org.apache.axis.i18n.resource::handleGetObject(endElem00)
23:36:47.844 [Test worker] DEBUG org.apache.axis.encoding.SerializationContext - End element multiRef
23:36:47.844 [Test worker] DEBUG org.apache.axis.i18n.ProjectResourceBundle - org.apache.axis.i18n.resource::handleGetObject(endElem00)
23:36:47.844 [Test worker] DEBUG org.apache.axis.encoding.SerializationContext - End element soapenv:Body
23:36:47.844 [Test worker] DEBUG org.apache.axis.i18n.ProjectResourceBundle - org.apache.axis.i18n.resource::handleGetObject(endElem00)
23:36:47.844 [Test worker] DEBUG org.apache.axis.encoding.SerializationContext - End element soapenv:Envelope
23:36:47.844 [Test worker] DEBUG org.apache.axis.client.Call - <?xml version="1.0" encoding="UTF-8"?><soapenv:Envelope xmlns:soapenv="http://schemas.xmlsoap.org/soap/envelope/" xmlns:xsd="http://www.w3.org/2001/XMLSchema" xmlns:xsi="http://www.w3.org/2001/XMLSchema-instance"><soapenv:Body><ns1:mc_issue_add soapenv:encodingStyle="http://schemas.xmlsoap.org/soap/encoding/" xmlns:ns1="http://futureware.biz/mantisconnect"><username xsi:type="xsd:string">administrator</username><password xsi:type="xsd:string">root</password><issue href="#id0"/></ns1:mc_issue_add><multiRef id="id0" soapenc:root="0" soapenv:encodingStyle="http://schemas.xmlsoap.org/soap/encoding/" xsi:type="ns2:IssueData" xmlns:soapenc="http://schemas.xmlsoap.org/soap/encoding/" xmlns:ns2="http://futureware.biz/mantisconnect"><id xsi:type="xsd:integer" xsi:nil="true"/><view_state xsi:type="ns2:ObjectRef" xsi:nil="true"/><last_updated xsi:type="xsd:dateTime" xsi:nil="true"/><project href="#id1"/><category xsi:type="xsd:string">General</category><priority xsi:type="ns2:ObjectRef" xsi:nil="true"/><severity xsi:type="ns2:ObjectRef" xsi:nil="true"/><status xsi:type="ns2:ObjectRef" xsi:nil="true"/><reporter xsi:type="ns2:AccountData" xsi:nil="true"/><summary xsi:type="xsd:string">Test issue</summary><version xsi:type="xsd:string" xsi:nil="true"/><build xsi:type="xsd:string" xsi:nil="true"/><platform xsi:type="xsd:string" xsi:nil="true"/><os xsi:type="xsd:string" xsi:nil="true"/><os_build xsi:type="xsd:string" xsi:nil="true"/><reproducibility xsi:type="ns2:ObjectRef" xsi:nil="true"/><date_submitted xsi:type="xsd:dateTime" xsi:nil="true"/><sponsorship_total xsi:type="xsd:integer" xsi:nil="true"/><handler xsi:type="ns2:AccountData" xsi:nil="true"/><projection xsi:type="ns2:ObjectRef" xsi:nil="true"/><eta xsi:type="ns2:ObjectRef" xsi:nil="true"/><resolution xsi:type="ns2:ObjectRef" xsi:nil="true"/><fixed_in_version xsi:type="xsd:string" xsi:nil="true"/><target_version xsi:type="xsd:string" xsi:nil="true"/><description xsi:type="xsd:string">Test issue description</description><steps_to_reproduce xsi:type="xsd:string" xsi:nil="true"/><additional_information xsi:type="xsd:string" xsi:nil="true"/><attachments xsi:type="ns2:AttachmentData" xsi:nil="true"/><relationships xsi:type="ns2:RelationshipData" xsi:nil="true"/><notes xsi:type="ns2:IssueNoteData" xsi:nil="true"/><custom_fields xsi:type="ns2:CustomFieldValueForIssueData" xsi:nil="true"/><due_date xsi:type="xsd:dateTime" xsi:nil="true"/><monitors xsi:type="ns2:AccountData" xsi:nil="true"/><sticky xsi:type="xsd:boolean" xsi:nil="true"/><tags xsi:type="ns2:ObjectRef" xsi:nil="true"/></multiRef><multiRef id="id1" soapenc:root="0" soapenv:encodingStyle="http://schemas.xmlsoap.org/soap/encoding/" xsi:type="ns3:ObjectRef" xmlns:ns3="http://futureware.biz/mantisconnect" xmlns:soapenc="http://schemas.xmlsoap.org/soap/encoding/"><id xsi:type="xsd:integer">1</id><name xsi:type="xsd:string">test</name></multiRef></soapenv:Body></soapenv:Envelope>
23:36:47.844 [Test worker] DEBUG org.apache.axis.client.AxisClient - Enter: AxisClient::invoke
23:36:47.844 [Test worker] DEBUG org.apache.axis.client.AxisClient - EngineHandler: null
23:36:47.844 [Test worker] DEBUG org.apache.axis.SimpleChain - Enter: SimpleChain::invoke
23:36:47.844 [Test worker] DEBUG org.apache.axis.i18n.ProjectResourceBundle - org.apache.axis.i18n.resource::handleGetObject(enter00)
23:36:47.844 [Test worker] DEBUG org.apache.axis.transport.http.HTTPSender - Enter:  HTTPSender::invoke
23:36:47.844 [Test worker] DEBUG org.apache.axis.SOAPPart - Enter: SOAPPart::saveChanges
23:36:47.844 [Test worker] DEBUG org.apache.axis.i18n.ProjectResourceBundle - org.apache.axis.i18n.resource::handleGetObject(register00)
23:36:47.844 [Test worker] DEBUG org.apache.axis.encoding.SerializationContext - register 'soapenv' - 'http://schemas.xmlsoap.org/soap/envelope/'
23:36:47.844 [Test worker] DEBUG org.apache.axis.i18n.ProjectResourceBundle - org.apache.axis.i18n.resource::handleGetObject(register00)
23:36:47.844 [Test worker] DEBUG org.apache.axis.encoding.SerializationContext - register 'soapenv' - 'http://schemas.xmlsoap.org/soap/envelope/'
23:36:47.844 [Test worker] DEBUG org.apache.axis.i18n.ProjectResourceBundle - org.apache.axis.i18n.resource::handleGetObject(register00)
23:36:47.844 [Test worker] DEBUG org.apache.axis.encoding.SerializationContext - register 'xsd' - 'http://www.w3.org/2001/XMLSchema'
23:36:47.844 [Test worker] DEBUG org.apache.axis.i18n.ProjectResourceBundle - org.apache.axis.i18n.resource::handleGetObject(register00)
23:36:47.844 [Test worker] DEBUG org.apache.axis.encoding.SerializationContext - register 'xsi' - 'http://www.w3.org/2001/XMLSchema-instance'
23:36:47.844 [Test worker] DEBUG org.apache.axis.i18n.ProjectResourceBundle - org.apache.axis.i18n.resource::handleGetObject(startElem00)
23:36:47.844 [Test worker] DEBUG org.apache.axis.encoding.SerializationContext - Start element [http://schemas.xmlsoap.org/soap/envelope/]:Envelope
23:36:47.844 [Test worker] DEBUG org.apache.axis.i18n.ProjectResourceBundle - org.apache.axis.i18n.resource::handleGetObject(startElem00)
23:36:47.844 [Test worker] DEBUG org.apache.axis.encoding.SerializationContext - Start element [http://schemas.xmlsoap.org/soap/envelope/]:Body
23:36:47.844 [Test worker] DEBUG org.apache.axis.i18n.ProjectResourceBundle - org.apache.axis.i18n.resource::handleGetObject(startElem00)
23:36:47.844 [Test worker] DEBUG org.apache.axis.encoding.SerializationContext - Start element [http://futureware.biz/mantisconnect]:mc_issue_add
23:36:47.844 [Test worker] DEBUG org.apache.axis.i18n.ProjectResourceBundle - org.apache.axis.i18n.resource::handleGetObject(register00)
23:36:47.844 [Test worker] DEBUG org.apache.axis.encoding.SerializationContext - register 'ns1' - 'http://futureware.biz/mantisconnect'
23:36:47.845 [Test worker] DEBUG org.apache.axis.i18n.ProjectResourceBundle - org.apache.axis.i18n.resource::handleGetObject(startElem00)
23:36:47.845 [Test worker] DEBUG org.apache.axis.encoding.SerializationContext - Start element []:username
23:36:47.845 [Test worker] DEBUG org.apache.axis.i18n.ProjectResourceBundle - org.apache.axis.i18n.resource::handleGetObject(endElem00)
23:36:47.845 [Test worker] DEBUG org.apache.axis.encoding.SerializationContext - End element username
23:36:47.845 [Test worker] DEBUG org.apache.axis.i18n.ProjectResourceBundle - org.apache.axis.i18n.resource::handleGetObject(startElem00)
23:36:47.845 [Test worker] DEBUG org.apache.axis.encoding.SerializationContext - Start element []:password
23:36:47.845 [Test worker] DEBUG org.apache.axis.i18n.ProjectResourceBundle - org.apache.axis.i18n.resource::handleGetObject(endElem00)
23:36:47.845 [Test worker] DEBUG org.apache.axis.encoding.SerializationContext - End element password
23:36:47.845 [Test worker] DEBUG org.apache.axis.i18n.ProjectResourceBundle - org.apache.axis.i18n.resource::handleGetObject(startElem00)
23:36:47.845 [Test worker] DEBUG org.apache.axis.encoding.SerializationContext - Start element []:issue
23:36:47.845 [Test worker] DEBUG org.apache.axis.i18n.ProjectResourceBundle - org.apache.axis.i18n.resource::handleGetObject(endElem00)
23:36:47.845 [Test worker] DEBUG org.apache.axis.encoding.SerializationContext - End element issue
23:36:47.845 [Test worker] DEBUG org.apache.axis.i18n.ProjectResourceBundle - org.apache.axis.i18n.resource::handleGetObject(endElem00)
23:36:47.845 [Test worker] DEBUG org.apache.axis.encoding.SerializationContext - End element ns1:mc_issue_add
23:36:47.845 [Test worker] DEBUG org.apache.axis.i18n.ProjectResourceBundle - org.apache.axis.i18n.resource::handleGetObject(register00)
23:36:47.845 [Test worker] DEBUG org.apache.axis.encoding.SerializationContext - register 'soapenc' - 'http://schemas.xmlsoap.org/soap/encoding/'
23:36:47.845 [Test worker] DEBUG org.apache.axis.i18n.ProjectResourceBundle - org.apache.axis.i18n.resource::handleGetObject(startElem00)
23:36:47.845 [Test worker] DEBUG org.apache.axis.encoding.SerializationContext - Start element []:multiRef
23:36:47.845 [Test worker] DEBUG org.apache.axis.i18n.ProjectResourceBundle - org.apache.axis.i18n.resource::handleGetObject(register00)
23:36:47.845 [Test worker] DEBUG org.apache.axis.encoding.SerializationContext - register 'ns2' - 'http://futureware.biz/mantisconnect'
23:36:47.845 [Test worker] DEBUG org.apache.axis.i18n.ProjectResourceBundle - org.apache.axis.i18n.resource::handleGetObject(startElem00)
23:36:47.845 [Test worker] DEBUG org.apache.axis.encoding.SerializationContext - Start element []:id
23:36:47.845 [Test worker] DEBUG org.apache.axis.i18n.ProjectResourceBundle - org.apache.axis.i18n.resource::handleGetObject(endElem00)
23:36:47.845 [Test worker] DEBUG org.apache.axis.encoding.SerializationContext - End element id
23:36:47.845 [Test worker] DEBUG org.apache.axis.i18n.ProjectResourceBundle - org.apache.axis.i18n.resource::handleGetObject(startElem00)
23:36:47.845 [Test worker] DEBUG org.apache.axis.encoding.SerializationContext - Start element []:view_state
23:36:47.845 [Test worker] DEBUG org.apache.axis.i18n.ProjectResourceBundle - org.apache.axis.i18n.resource::handleGetObject(endElem00)
23:36:47.845 [Test worker] DEBUG org.apache.axis.encoding.SerializationContext - End element view_state
23:36:47.845 [Test worker] DEBUG org.apache.axis.i18n.ProjectResourceBundle - org.apache.axis.i18n.resource::handleGetObject(startElem00)
23:36:47.845 [Test worker] DEBUG org.apache.axis.encoding.SerializationContext - Start element []:last_updated
23:36:47.845 [Test worker] DEBUG org.apache.axis.i18n.ProjectResourceBundle - org.apache.axis.i18n.resource::handleGetObject(endElem00)
23:36:47.845 [Test worker] DEBUG org.apache.axis.encoding.SerializationContext - End element last_updated
23:36:47.845 [Test worker] DEBUG org.apache.axis.i18n.ProjectResourceBundle - org.apache.axis.i18n.resource::handleGetObject(startElem00)
23:36:47.845 [Test worker] DEBUG org.apache.axis.encoding.SerializationContext - Start element []:project
23:36:47.845 [Test worker] DEBUG org.apache.axis.i18n.ProjectResourceBundle - org.apache.axis.i18n.resource::handleGetObject(endElem00)
23:36:47.845 [Test worker] DEBUG org.apache.axis.encoding.SerializationContext - End element project
23:36:47.845 [Test worker] DEBUG org.apache.axis.i18n.ProjectResourceBundle - org.apache.axis.i18n.resource::handleGetObject(startElem00)
23:36:47.845 [Test worker] DEBUG org.apache.axis.encoding.SerializationContext - Start element []:category
23:36:47.846 [Test worker] DEBUG org.apache.axis.i18n.ProjectResourceBundle - org.apache.axis.i18n.resource::handleGetObject(endElem00)
23:36:47.846 [Test worker] DEBUG org.apache.axis.encoding.SerializationContext - End element category
23:36:47.846 [Test worker] DEBUG org.apache.axis.i18n.ProjectResourceBundle - org.apache.axis.i18n.resource::handleGetObject(startElem00)
23:36:47.846 [Test worker] DEBUG org.apache.axis.encoding.SerializationContext - Start element []:priority
23:36:47.846 [Test worker] DEBUG org.apache.axis.i18n.ProjectResourceBundle - org.apache.axis.i18n.resource::handleGetObject(endElem00)
23:36:47.846 [Test worker] DEBUG org.apache.axis.encoding.SerializationContext - End element priority
23:36:47.846 [Test worker] DEBUG org.apache.axis.i18n.ProjectResourceBundle - org.apache.axis.i18n.resource::handleGetObject(startElem00)
23:36:47.846 [Test worker] DEBUG org.apache.axis.encoding.SerializationContext - Start element []:severity
23:36:47.846 [Test worker] DEBUG org.apache.axis.i18n.ProjectResourceBundle - org.apache.axis.i18n.resource::handleGetObject(endElem00)
23:36:47.846 [Test worker] DEBUG org.apache.axis.encoding.SerializationContext - End element severity
23:36:47.846 [Test worker] DEBUG org.apache.axis.i18n.ProjectResourceBundle - org.apache.axis.i18n.resource::handleGetObject(startElem00)
23:36:47.846 [Test worker] DEBUG org.apache.axis.encoding.SerializationContext - Start element []:status
23:36:47.846 [Test worker] DEBUG org.apache.axis.i18n.ProjectResourceBundle - org.apache.axis.i18n.resource::handleGetObject(endElem00)
23:36:47.846 [Test worker] DEBUG org.apache.axis.encoding.SerializationContext - End element status
23:36:47.846 [Test worker] DEBUG org.apache.axis.i18n.ProjectResourceBundle - org.apache.axis.i18n.resource::handleGetObject(startElem00)
23:36:47.846 [Test worker] DEBUG org.apache.axis.encoding.SerializationContext - Start element []:reporter
23:36:47.846 [Test worker] DEBUG org.apache.axis.i18n.ProjectResourceBundle - org.apache.axis.i18n.resource::handleGetObject(endElem00)
23:36:47.846 [Test worker] DEBUG org.apache.axis.encoding.SerializationContext - End element reporter
23:36:47.846 [Test worker] DEBUG org.apache.axis.i18n.ProjectResourceBundle - org.apache.axis.i18n.resource::handleGetObject(startElem00)
23:36:47.846 [Test worker] DEBUG org.apache.axis.encoding.SerializationContext - Start element []:summary
23:36:47.846 [Test worker] DEBUG org.apache.axis.i18n.ProjectResourceBundle - org.apache.axis.i18n.resource::handleGetObject(endElem00)
23:36:47.846 [Test worker] DEBUG org.apache.axis.encoding.SerializationContext - End element summary
23:36:47.846 [Test worker] DEBUG org.apache.axis.i18n.ProjectResourceBundle - org.apache.axis.i18n.resource::handleGetObject(startElem00)
23:36:47.846 [Test worker] DEBUG org.apache.axis.encoding.SerializationContext - Start element []:version
23:36:47.846 [Test worker] DEBUG org.apache.axis.i18n.ProjectResourceBundle - org.apache.axis.i18n.resource::handleGetObject(endElem00)
23:36:47.846 [Test worker] DEBUG org.apache.axis.encoding.SerializationContext - End element version
23:36:47.846 [Test worker] DEBUG org.apache.axis.i18n.ProjectResourceBundle - org.apache.axis.i18n.resource::handleGetObject(startElem00)
23:36:47.846 [Test worker] DEBUG org.apache.axis.encoding.SerializationContext - Start element []:build
23:36:47.846 [Test worker] DEBUG org.apache.axis.i18n.ProjectResourceBundle - org.apache.axis.i18n.resource::handleGetObject(endElem00)
23:36:47.846 [Test worker] DEBUG org.apache.axis.encoding.SerializationContext - End element build
23:36:47.846 [Test worker] DEBUG org.apache.axis.i18n.ProjectResourceBundle - org.apache.axis.i18n.resource::handleGetObject(startElem00)
23:36:47.846 [Test worker] DEBUG org.apache.axis.encoding.SerializationContext - Start element []:platform
23:36:47.846 [Test worker] DEBUG org.apache.axis.i18n.ProjectResourceBundle - org.apache.axis.i18n.resource::handleGetObject(endElem00)
23:36:47.846 [Test worker] DEBUG org.apache.axis.encoding.SerializationContext - End element platform
23:36:47.846 [Test worker] DEBUG org.apache.axis.i18n.ProjectResourceBundle - org.apache.axis.i18n.resource::handleGetObject(startElem00)
23:36:47.846 [Test worker] DEBUG org.apache.axis.encoding.SerializationContext - Start element []:os
23:36:47.846 [Test worker] DEBUG org.apache.axis.i18n.ProjectResourceBundle - org.apache.axis.i18n.resource::handleGetObject(endElem00)
23:36:47.846 [Test worker] DEBUG org.apache.axis.encoding.SerializationContext - End element os
23:36:47.847 [Test worker] DEBUG org.apache.axis.i18n.ProjectResourceBundle - org.apache.axis.i18n.resource::handleGetObject(startElem00)
23:36:47.847 [Test worker] DEBUG org.apache.axis.encoding.SerializationContext - Start element []:os_build
23:36:47.847 [Test worker] DEBUG org.apache.axis.i18n.ProjectResourceBundle - org.apache.axis.i18n.resource::handleGetObject(endElem00)
23:36:47.847 [Test worker] DEBUG org.apache.axis.encoding.SerializationContext - End element os_build
23:36:47.847 [Test worker] DEBUG org.apache.axis.i18n.ProjectResourceBundle - org.apache.axis.i18n.resource::handleGetObject(startElem00)
23:36:47.847 [Test worker] DEBUG org.apache.axis.encoding.SerializationContext - Start element []:reproducibility
23:36:47.847 [Test worker] DEBUG org.apache.axis.i18n.ProjectResourceBundle - org.apache.axis.i18n.resource::handleGetObject(endElem00)
23:36:47.847 [Test worker] DEBUG org.apache.axis.encoding.SerializationContext - End element reproducibility
23:36:47.847 [Test worker] DEBUG org.apache.axis.i18n.ProjectResourceBundle - org.apache.axis.i18n.resource::handleGetObject(startElem00)
23:36:47.847 [Test worker] DEBUG org.apache.axis.encoding.SerializationContext - Start element []:date_submitted
23:36:47.847 [Test worker] DEBUG org.apache.axis.i18n.ProjectResourceBundle - org.apache.axis.i18n.resource::handleGetObject(endElem00)
23:36:47.847 [Test worker] DEBUG org.apache.axis.encoding.SerializationContext - End element date_submitted
23:36:47.847 [Test worker] DEBUG org.apache.axis.i18n.ProjectResourceBundle - org.apache.axis.i18n.resource::handleGetObject(startElem00)
23:36:47.847 [Test worker] DEBUG org.apache.axis.encoding.SerializationContext - Start element []:sponsorship_total
23:36:47.847 [Test worker] DEBUG org.apache.axis.i18n.ProjectResourceBundle - org.apache.axis.i18n.resource::handleGetObject(endElem00)
23:36:47.847 [Test worker] DEBUG org.apache.axis.encoding.SerializationContext - End element sponsorship_total
23:36:47.847 [Test worker] DEBUG org.apache.axis.i18n.ProjectResourceBundle - org.apache.axis.i18n.resource::handleGetObject(startElem00)
23:36:47.847 [Test worker] DEBUG org.apache.axis.encoding.SerializationContext - Start element []:handler
23:36:47.847 [Test worker] DEBUG org.apache.axis.i18n.ProjectResourceBundle - org.apache.axis.i18n.resource::handleGetObject(endElem00)
23:36:47.847 [Test worker] DEBUG org.apache.axis.encoding.SerializationContext - End element handler
23:36:47.847 [Test worker] DEBUG org.apache.axis.i18n.ProjectResourceBundle - org.apache.axis.i18n.resource::handleGetObject(startElem00)
23:36:47.847 [Test worker] DEBUG org.apache.axis.encoding.SerializationContext - Start element []:projection
23:36:47.847 [Test worker] DEBUG org.apache.axis.i18n.ProjectResourceBundle - org.apache.axis.i18n.resource::handleGetObject(endElem00)
23:36:47.847 [Test worker] DEBUG org.apache.axis.encoding.SerializationContext - End element projection
23:36:47.847 [Test worker] DEBUG org.apache.axis.i18n.ProjectResourceBundle - org.apache.axis.i18n.resource::handleGetObject(startElem00)
23:36:47.847 [Test worker] DEBUG org.apache.axis.encoding.SerializationContext - Start element []:eta
23:36:47.847 [Test worker] DEBUG org.apache.axis.i18n.ProjectResourceBundle - org.apache.axis.i18n.resource::handleGetObject(endElem00)
23:36:47.847 [Test worker] DEBUG org.apache.axis.encoding.SerializationContext - End element eta
23:36:47.847 [Test worker] DEBUG org.apache.axis.i18n.ProjectResourceBundle - org.apache.axis.i18n.resource::handleGetObject(startElem00)
23:36:47.847 [Test worker] DEBUG org.apache.axis.encoding.SerializationContext - Start element []:resolution
23:36:47.847 [Test worker] DEBUG org.apache.axis.i18n.ProjectResourceBundle - org.apache.axis.i18n.resource::handleGetObject(endElem00)
23:36:47.847 [Test worker] DEBUG org.apache.axis.encoding.SerializationContext - End element resolution
23:36:47.847 [Test worker] DEBUG org.apache.axis.i18n.ProjectResourceBundle - org.apache.axis.i18n.resource::handleGetObject(startElem00)
23:36:47.847 [Test worker] DEBUG org.apache.axis.encoding.SerializationContext - Start element []:fixed_in_version
23:36:47.847 [Test worker] DEBUG org.apache.axis.i18n.ProjectResourceBundle - org.apache.axis.i18n.resource::handleGetObject(endElem00)
23:36:47.847 [Test worker] DEBUG org.apache.axis.encoding.SerializationContext - End element fixed_in_version
23:36:47.847 [Test worker] DEBUG org.apache.axis.i18n.ProjectResourceBundle - org.apache.axis.i18n.resource::handleGetObject(startElem00)
23:36:47.847 [Test worker] DEBUG org.apache.axis.encoding.SerializationContext - Start element []:target_version
23:36:47.847 [Test worker] DEBUG org.apache.axis.i18n.ProjectResourceBundle - org.apache.axis.i18n.resource::handleGetObject(endElem00)
23:36:47.848 [Test worker] DEBUG org.apache.axis.encoding.SerializationContext - End element target_version
23:36:47.848 [Test worker] DEBUG org.apache.axis.i18n.ProjectResourceBundle - org.apache.axis.i18n.resource::handleGetObject(startElem00)
23:36:47.848 [Test worker] DEBUG org.apache.axis.encoding.SerializationContext - Start element []:description
23:36:47.848 [Test worker] DEBUG org.apache.axis.i18n.ProjectResourceBundle - org.apache.axis.i18n.resource::handleGetObject(endElem00)
23:36:47.848 [Test worker] DEBUG org.apache.axis.encoding.SerializationContext - End element description
23:36:47.848 [Test worker] DEBUG org.apache.axis.i18n.ProjectResourceBundle - org.apache.axis.i18n.resource::handleGetObject(startElem00)
23:36:47.848 [Test worker] DEBUG org.apache.axis.encoding.SerializationContext - Start element []:steps_to_reproduce
23:36:47.848 [Test worker] DEBUG org.apache.axis.i18n.ProjectResourceBundle - org.apache.axis.i18n.resource::handleGetObject(endElem00)
23:36:47.848 [Test worker] DEBUG org.apache.axis.encoding.SerializationContext - End element steps_to_reproduce
23:36:47.848 [Test worker] DEBUG org.apache.axis.i18n.ProjectResourceBundle - org.apache.axis.i18n.resource::handleGetObject(startElem00)
23:36:47.848 [Test worker] DEBUG org.apache.axis.encoding.SerializationContext - Start element []:additional_information
23:36:47.848 [Test worker] DEBUG org.apache.axis.i18n.ProjectResourceBundle - org.apache.axis.i18n.resource::handleGetObject(endElem00)
23:36:47.848 [Test worker] DEBUG org.apache.axis.encoding.SerializationContext - End element additional_information
23:36:47.848 [Test worker] DEBUG org.apache.axis.i18n.ProjectResourceBundle - org.apache.axis.i18n.resource::handleGetObject(startElem00)
23:36:47.848 [Test worker] DEBUG org.apache.axis.encoding.SerializationContext - Start element []:attachments
23:36:47.848 [Test worker] DEBUG org.apache.axis.i18n.ProjectResourceBundle - org.apache.axis.i18n.resource::handleGetObject(endElem00)
23:36:47.848 [Test worker] DEBUG org.apache.axis.encoding.SerializationContext - End element attachments
23:36:47.848 [Test worker] DEBUG org.apache.axis.i18n.ProjectResourceBundle - org.apache.axis.i18n.resource::handleGetObject(startElem00)
23:36:47.848 [Test worker] DEBUG org.apache.axis.encoding.SerializationContext - Start element []:relationships
23:36:47.848 [Test worker] DEBUG org.apache.axis.i18n.ProjectResourceBundle - org.apache.axis.i18n.resource::handleGetObject(endElem00)
23:36:47.848 [Test worker] DEBUG org.apache.axis.encoding.SerializationContext - End element relationships
23:36:47.848 [Test worker] DEBUG org.apache.axis.i18n.ProjectResourceBundle - org.apache.axis.i18n.resource::handleGetObject(startElem00)
23:36:47.848 [Test worker] DEBUG org.apache.axis.encoding.SerializationContext - Start element []:notes
23:36:47.848 [Test worker] DEBUG org.apache.axis.i18n.ProjectResourceBundle - org.apache.axis.i18n.resource::handleGetObject(endElem00)
23:36:47.848 [Test worker] DEBUG org.apache.axis.encoding.SerializationContext - End element notes
23:36:47.848 [Test worker] DEBUG org.apache.axis.i18n.ProjectResourceBundle - org.apache.axis.i18n.resource::handleGetObject(startElem00)
23:36:47.848 [Test worker] DEBUG org.apache.axis.encoding.SerializationContext - Start element []:custom_fields
23:36:47.848 [Test worker] DEBUG org.apache.axis.i18n.ProjectResourceBundle - org.apache.axis.i18n.resource::handleGetObject(endElem00)
23:36:47.848 [Test worker] DEBUG org.apache.axis.encoding.SerializationContext - End element custom_fields
23:36:47.848 [Test worker] DEBUG org.apache.axis.i18n.ProjectResourceBundle - org.apache.axis.i18n.resource::handleGetObject(startElem00)
23:36:47.848 [Test worker] DEBUG org.apache.axis.encoding.SerializationContext - Start element []:due_date
23:36:47.848 [Test worker] DEBUG org.apache.axis.i18n.ProjectResourceBundle - org.apache.axis.i18n.resource::handleGetObject(endElem00)
23:36:47.848 [Test worker] DEBUG org.apache.axis.encoding.SerializationContext - End element due_date
23:36:47.848 [Test worker] DEBUG org.apache.axis.i18n.ProjectResourceBundle - org.apache.axis.i18n.resource::handleGetObject(startElem00)
23:36:47.848 [Test worker] DEBUG org.apache.axis.encoding.SerializationContext - Start element []:monitors
23:36:47.848 [Test worker] DEBUG org.apache.axis.i18n.ProjectResourceBundle - org.apache.axis.i18n.resource::handleGetObject(endElem00)
23:36:47.848 [Test worker] DEBUG org.apache.axis.encoding.SerializationContext - End element monitors
23:36:47.848 [Test worker] DEBUG org.apache.axis.i18n.ProjectResourceBundle - org.apache.axis.i18n.resource::handleGetObject(startElem00)
23:36:47.848 [Test worker] DEBUG org.apache.axis.encoding.SerializationContext - Start element []:sticky
23:36:47.848 [Test worker] DEBUG org.apache.axis.i18n.ProjectResourceBundle - org.apache.axis.i18n.resource::handleGetObject(endElem00)
23:36:47.848 [Test worker] DEBUG org.apache.axis.encoding.SerializationContext - End element sticky
23:36:47.848 [Test worker] DEBUG org.apache.axis.i18n.ProjectResourceBundle - org.apache.axis.i18n.resource::handleGetObject(startElem00)
23:36:47.848 [Test worker] DEBUG org.apache.axis.encoding.SerializationContext - Start element []:tags
23:36:47.848 [Test worker] DEBUG org.apache.axis.i18n.ProjectResourceBundle - org.apache.axis.i18n.resource::handleGetObject(endElem00)
23:36:47.848 [Test worker] DEBUG org.apache.axis.encoding.SerializationContext - End element tags
23:36:47.848 [Test worker] DEBUG org.apache.axis.i18n.ProjectResourceBundle - org.apache.axis.i18n.resource::handleGetObject(endElem00)
23:36:47.848 [Test worker] DEBUG org.apache.axis.encoding.SerializationContext - End element multiRef
23:36:47.848 [Test worker] DEBUG org.apache.axis.i18n.ProjectResourceBundle - org.apache.axis.i18n.resource::handleGetObject(startElem00)
23:36:47.848 [Test worker] DEBUG org.apache.axis.encoding.SerializationContext - Start element []:multiRef
23:36:47.848 [Test worker] DEBUG org.apache.axis.i18n.ProjectResourceBundle - org.apache.axis.i18n.resource::handleGetObject(register00)
23:36:47.848 [Test worker] DEBUG org.apache.axis.encoding.SerializationContext - register 'ns3' - 'http://futureware.biz/mantisconnect'
23:36:47.848 [Test worker] DEBUG org.apache.axis.i18n.ProjectResourceBundle - org.apache.axis.i18n.resource::handleGetObject(register00)
23:36:47.848 [Test worker] DEBUG org.apache.axis.encoding.SerializationContext - register 'soapenc' - 'http://schemas.xmlsoap.org/soap/encoding/'
23:36:47.848 [Test worker] DEBUG org.apache.axis.i18n.ProjectResourceBundle - org.apache.axis.i18n.resource::handleGetObject(startElem00)
23:36:47.848 [Test worker] DEBUG org.apache.axis.encoding.SerializationContext - Start element []:id
23:36:47.848 [Test worker] DEBUG org.apache.axis.i18n.ProjectResourceBundle - org.apache.axis.i18n.resource::handleGetObject(endElem00)
23:36:47.848 [Test worker] DEBUG org.apache.axis.encoding.SerializationContext - End element id
23:36:47.849 [Test worker] DEBUG org.apache.axis.i18n.ProjectResourceBundle - org.apache.axis.i18n.resource::handleGetObject(startElem00)
23:36:47.849 [Test worker] DEBUG org.apache.axis.encoding.SerializationContext - Start element []:name
23:36:47.849 [Test worker] DEBUG org.apache.axis.i18n.ProjectResourceBundle - org.apache.axis.i18n.resource::handleGetObject(endElem00)
23:36:47.849 [Test worker] DEBUG org.apache.axis.encoding.SerializationContext - End element name
23:36:47.849 [Test worker] DEBUG org.apache.axis.i18n.ProjectResourceBundle - org.apache.axis.i18n.resource::handleGetObject(endElem00)
23:36:47.849 [Test worker] DEBUG org.apache.axis.encoding.SerializationContext - End element multiRef
23:36:47.849 [Test worker] DEBUG org.apache.axis.i18n.ProjectResourceBundle - org.apache.axis.i18n.resource::handleGetObject(endElem00)
23:36:47.849 [Test worker] DEBUG org.apache.axis.encoding.SerializationContext - End element soapenv:Body
23:36:47.849 [Test worker] DEBUG org.apache.axis.i18n.ProjectResourceBundle - org.apache.axis.i18n.resource::handleGetObject(endElem00)
23:36:47.849 [Test worker] DEBUG org.apache.axis.encoding.SerializationContext - End element soapenv:Envelope
23:36:47.849 [Test worker] DEBUG org.apache.axis.i18n.ProjectResourceBundle - org.apache.axis.i18n.resource::handleGetObject(setMsgForm)
23:36:47.849 [Test worker] DEBUG org.apache.axis.SOAPPart - Setting current message form to: FORM_OPTIMIZED (currentMessage is now org.apache.axis.utils.ByteArray)
23:36:47.849 [Test worker] DEBUG org.apache.axis.SOAPPart - Exit: SOAPPart::saveChanges(): org.apache.axis.utils.ByteArray@66720815
23:36:47.849 [Test worker] DEBUG org.apache.axis.SOAPPart - Enter: SOAPPart::saveChanges
23:36:47.849 [Test worker] DEBUG org.apache.axis.SOAPPart - Enter: SOAPPart::saveChanges
23:36:47.849 [Test worker] DEBUG org.apache.axis.i18n.ProjectResourceBundle - org.apache.axis.i18n.resource::handleGetObject(createdHTTP00)
23:36:47.849 [Test worker] DEBUG org.apache.axis.components.net.DefaultSocketFactory - Created an insecure HTTP connection
23:36:47.849 [Test worker] DEBUG org.apache.axis.i18n.ProjectResourceBundle - org.apache.axis.i18n.resource::handleGetObject(xmlSent00)
23:36:47.849 [Test worker] DEBUG org.apache.axis.transport.http.HTTPSender - XML sent:
23:36:47.849 [Test worker] DEBUG org.apache.axis.transport.http.HTTPSender - ---------------------------------------------------
23:36:47.850 [Test worker] DEBUG org.apache.axis.SOAPPart - Enter: SOAPPart::saveChanges
23:36:47.850 [Test worker] DEBUG org.apache.axis.transport.http.HTTPSender - POST /mantisbt-2.24.0/api/soap/mantisconnect.php HTTP/1.0
Content-Type: text/xml; charset=utf-8
Accept: application/soap+xml, application/dime, multipart/related, text/*
User-Agent: Axis/1.4
Host: localhost
Cache-Control: no-cache
Pragma: no-cache
SOAPAction: "http://www.mantisbt.org/bugs/api/soap/mantisconnect.php/mc_issue_add"
Content-Length: 2925

<?xml version="1.0" encoding="UTF-8"?><soapenv:Envelope xmlns:soapenv="http://schemas.xmlsoap.org/soap/envelope/" xmlns:xsd="http://www.w3.org/2001/XMLSchema" xmlns:xsi="http://www.w3.org/2001/XMLSchema-instance"><soapenv:Body><ns1:mc_issue_add soapenv:encodingStyle="http://schemas.xmlsoap.org/soap/encoding/" xmlns:ns1="http://futureware.biz/mantisconnect"><username xsi:type="xsd:string">administrator</username><password xsi:type="xsd:string">root</password><issue href="#id0"/></ns1:mc_issue_add><multiRef id="id0" soapenc:root="0" soapenv:encodingStyle="http://schemas.xmlsoap.org/soap/encoding/" xsi:type="ns2:IssueData" xmlns:soapenc="http://schemas.xmlsoap.org/soap/encoding/" xmlns:ns2="http://futureware.biz/mantisconnect"><id xsi:type="xsd:integer" xsi:nil="true"/><view_state xsi:type="ns2:ObjectRef" xsi:nil="true"/><last_updated xsi:type="xsd:dateTime" xsi:nil="true"/><project href="#id1"/><category xsi:type="xsd:string">General</category><priority xsi:type="ns2:ObjectRef" xsi:nil="true"/><severity xsi:type="ns2:ObjectRef" xsi:nil="true"/><status xsi:type="ns2:ObjectRef" xsi:nil="true"/><reporter xsi:type="ns2:AccountData" xsi:nil="true"/><summary xsi:type="xsd:string">Test issue</summary><version xsi:type="xsd:string" xsi:nil="true"/><build xsi:type="xsd:string" xsi:nil="true"/><platform xsi:type="xsd:string" xsi:nil="true"/><os xsi:type="xsd:string" xsi:nil="true"/><os_build xsi:type="xsd:string" xsi:nil="true"/><reproducibility xsi:type="ns2:ObjectRef" xsi:nil="true"/><date_submitted xsi:type="xsd:dateTime" xsi:nil="true"/><sponsorship_total xsi:type="xsd:integer" xsi:nil="true"/><handler xsi:type="ns2:AccountData" xsi:nil="true"/><projection xsi:type="ns2:ObjectRef" xsi:nil="true"/><eta xsi:type="ns2:ObjectRef" xsi:nil="true"/><resolution xsi:type="ns2:ObjectRef" xsi:nil="true"/><fixed_in_version xsi:type="xsd:string" xsi:nil="true"/><target_version xsi:type="xsd:string" xsi:nil="true"/><description xsi:type="xsd:string">Test issue description</description><steps_to_reproduce xsi:type="xsd:string" xsi:nil="true"/><additional_information xsi:type="xsd:string" xsi:nil="true"/><attachments xsi:type="ns2:AttachmentData" xsi:nil="true"/><relationships xsi:type="ns2:RelationshipData" xsi:nil="true"/><notes xsi:type="ns2:IssueNoteData" xsi:nil="true"/><custom_fields xsi:type="ns2:CustomFieldValueForIssueData" xsi:nil="true"/><due_date xsi:type="xsd:dateTime" xsi:nil="true"/><monitors xsi:type="ns2:AccountData" xsi:nil="true"/><sticky xsi:type="xsd:boolean" xsi:nil="true"/><tags xsi:type="ns2:ObjectRef" xsi:nil="true"/></multiRef><multiRef id="id1" soapenc:root="0" soapenv:encodingStyle="http://schemas.xmlsoap.org/soap/encoding/" xsi:type="ns3:ObjectRef" xmlns:ns3="http://futureware.biz/mantisconnect" xmlns:soapenc="http://schemas.xmlsoap.org/soap/encoding/"><id xsi:type="xsd:integer">1</id><name xsi:type="xsd:string">test</name></multiRef></soapenv:Body></soapenv:Envelope>
23:36:48.208 [Test worker] DEBUG org.apache.axis.transport.http.HTTPSender - HTTP/1.1 200 OK
23:36:48.208 [Test worker] DEBUG org.apache.axis.transport.http.HTTPSender - Date Sat, 04 Apr 2020 20:36:47 GMT
23:36:48.208 [Test worker] DEBUG org.apache.axis.transport.http.HTTPSender - Server Apache/2.4.41 (Win64) OpenSSL/1.1.1c PHP/7.4.2
23:36:48.208 [Test worker] DEBUG org.apache.axis.transport.http.HTTPSender - X-Powered-By PHP/7.4.2
23:36:48.208 [Test worker] DEBUG org.apache.axis.transport.http.HTTPSender - Set-Cookie PHPSESSID=128c3p8445dokts38gjulb1g3s; path=/; HttpOnly
23:36:48.208 [Test worker] DEBUG org.apache.axis.transport.http.HTTPSender - Cache-Control private, max-age=10800
23:36:48.208 [Test worker] DEBUG org.apache.axis.transport.http.HTTPSender - Last-Modified Sun, 29 Mar 2020 07:04:47 GMT
23:36:48.208 [Test worker] DEBUG org.apache.axis.transport.http.HTTPSender - Content-Length 537
23:36:48.208 [Test worker] DEBUG org.apache.axis.transport.http.HTTPSender - Connection close
23:36:48.208 [Test worker] DEBUG org.apache.axis.transport.http.HTTPSender - Content-Type text/xml; charset=utf-8
23:36:48.208 [Test worker] DEBUG org.apache.axis.SOAPPart - Enter: SOAPPart ctor(FORM_INPUTSTREAM)
23:36:48.208 [Test worker] DEBUG org.apache.axis.i18n.ProjectResourceBundle - org.apache.axis.i18n.resource::handleGetObject(setMsgForm)
23:36:48.208 [Test worker] DEBUG org.apache.axis.SOAPPart - Setting current message form to: FORM_INPUTSTREAM (currentMessage is now org.apache.axis.transport.http.SocketInputStream)
23:36:48.208 [Test worker] DEBUG org.apache.axis.SOAPPart - Exit: SOAPPart ctor()
23:36:48.209 [Test worker] DEBUG org.apache.axis.i18n.ProjectResourceBundle - org.apache.axis.i18n.resource::handleGetObject(xmlRecd00)
23:36:48.209 [Test worker] DEBUG org.apache.axis.transport.http.HTTPSender - 
XML received:
23:36:48.209 [Test worker] DEBUG org.apache.axis.transport.http.HTTPSender - -----------------------------------------------
23:36:48.209 [Test worker] DEBUG org.apache.axis.SOAPPart - Enter: SOAPPart::getAsSOAPEnvelope()
23:36:48.209 [Test worker] DEBUG org.apache.axis.i18n.ProjectResourceBundle - org.apache.axis.i18n.resource::handleGetObject(currForm)
23:36:48.209 [Test worker] DEBUG org.apache.axis.SOAPPart - current form is FORM_INPUTSTREAM
23:36:48.209 [Test worker] DEBUG org.apache.axis.i18n.ProjectResourceBundle - org.apache.axis.i18n.resource::handleGetObject(pushHandler00)
23:36:48.209 [Test worker] DEBUG org.apache.axis.encoding.DeserializationContext - Pushing handler org.apache.axis.message.EnvelopeHandler@2d9ca347
23:36:48.210 [Test worker] DEBUG org.apache.axis.encoding.DeserializationContext - Enter: DeserializationContext::startPrefixMapping(SOAP-ENV, http://schemas.xmlsoap.org/soap/envelope/)
23:36:48.210 [Test worker] DEBUG org.apache.axis.encoding.DeserializationContext - Exit: DeserializationContext::startPrefixMapping()
23:36:48.210 [Test worker] DEBUG org.apache.axis.encoding.DeserializationContext - Enter: DeserializationContext::startPrefixMapping(ns1, http://futureware.biz/mantisconnect)
23:36:48.210 [Test worker] DEBUG org.apache.axis.encoding.DeserializationContext - Exit: DeserializationContext::startPrefixMapping()
23:36:48.210 [Test worker] DEBUG org.apache.axis.encoding.DeserializationContext - Enter: DeserializationContext::startPrefixMapping(xsd, http://www.w3.org/2001/XMLSchema)
23:36:48.210 [Test worker] DEBUG org.apache.axis.encoding.DeserializationContext - Exit: DeserializationContext::startPrefixMapping()
23:36:48.210 [Test worker] DEBUG org.apache.axis.encoding.DeserializationContext - Enter: DeserializationContext::startPrefixMapping(xsi, http://www.w3.org/2001/XMLSchema-instance)
23:36:48.210 [Test worker] DEBUG org.apache.axis.encoding.DeserializationContext - Exit: DeserializationContext::startPrefixMapping()
23:36:48.210 [Test worker] DEBUG org.apache.axis.encoding.DeserializationContext - Enter: DeserializationContext::startPrefixMapping(SOAP-ENC, http://schemas.xmlsoap.org/soap/encoding/)
23:36:48.210 [Test worker] DEBUG org.apache.axis.encoding.DeserializationContext - Exit: DeserializationContext::startPrefixMapping()
23:36:48.210 [Test worker] DEBUG org.apache.axis.encoding.DeserializationContext - Enter: DeserializationContext::startElement(http://schemas.xmlsoap.org/soap/envelope/, Envelope)
23:36:48.210 [Test worker] DEBUG org.apache.axis.i18n.ProjectResourceBundle - org.apache.axis.i18n.resource::handleGetObject(pushHandler00)
23:36:48.210 [Test worker] DEBUG org.apache.axis.encoding.DeserializationContext - Pushing handler org.apache.axis.message.EnvelopeBuilder@28485908
23:36:48.210 [Test worker] DEBUG org.apache.axis.encoding.DeserializationContext - Pushing element Envelope
23:36:48.210 [Test worker] DEBUG org.apache.axis.encoding.DeserializationContext - Exit: DeserializationContext::startElement()
23:36:48.210 [Test worker] DEBUG org.apache.axis.encoding.DeserializationContext - Enter: DeserializationContext::startElement(http://schemas.xmlsoap.org/soap/envelope/, Body)
23:36:48.210 [Test worker] DEBUG org.apache.axis.i18n.ProjectResourceBundle - org.apache.axis.i18n.resource::handleGetObject(pushHandler00)
23:36:48.210 [Test worker] DEBUG org.apache.axis.encoding.DeserializationContext - Pushing handler org.apache.axis.message.BodyBuilder@7d2e0b08
23:36:48.210 [Test worker] DEBUG org.apache.axis.i18n.ProjectResourceBundle - org.apache.axis.i18n.resource::handleGetObject(newElem00)
23:36:48.210 [Test worker] DEBUG org.apache.axis.message.MessageElement - New MessageElement (org.apache.axis.message.SOAPBody@bea9618) named {SOAP-ENV}Body
23:36:48.210 [Test worker] DEBUG org.apache.axis.encoding.DeserializationContext - Pushing element Body
23:36:48.210 [Test worker] DEBUG org.apache.axis.encoding.DeserializationContext - Exit: DeserializationContext::startElement()
23:36:48.210 [Test worker] DEBUG org.apache.axis.encoding.DeserializationContext - Enter: DeserializationContext::startElement(http://futureware.biz/mantisconnect, mc_issue_addResponse)
23:36:48.210 [Test worker] DEBUG org.apache.axis.message.BodyBuilder - Enter: BodyBuilder::onStartChild()
23:36:48.210 [Test worker] DEBUG org.apache.axis.i18n.ProjectResourceBundle - org.apache.axis.i18n.resource::handleGetObject(newElem00)
23:36:48.210 [Test worker] DEBUG org.apache.axis.message.MessageElement - New MessageElement (org.apache.axis.message.RPCElement@43249ab9) named {ns1}mc_issue_addResponse
23:36:48.210 [Test worker] DEBUG org.apache.axis.message.BodyBuilder - Exit: BodyBuilder::onStartChild()
23:36:48.210 [Test worker] DEBUG org.apache.axis.i18n.ProjectResourceBundle - org.apache.axis.i18n.resource::handleGetObject(pushHandler00)
23:36:48.210 [Test worker] DEBUG org.apache.axis.encoding.DeserializationContext - Pushing handler org.apache.axis.message.SOAPHandler@29ce1bcc
23:36:48.210 [Test worker] DEBUG org.apache.axis.encoding.DeserializationContext - Pushing element mc_issue_addResponse
23:36:48.210 [Test worker] DEBUG org.apache.axis.encoding.DeserializationContext - Exit: DeserializationContext::startElement()
23:36:48.211 [Test worker] DEBUG org.apache.axis.encoding.DeserializationContext - Enter: DeserializationContext::startElement(, return)
23:36:48.211 [Test worker] DEBUG org.apache.axis.i18n.ProjectResourceBundle - org.apache.axis.i18n.resource::handleGetObject(pushHandler00)
23:36:48.211 [Test worker] DEBUG org.apache.axis.encoding.DeserializationContext - Pushing handler org.apache.axis.message.SOAPHandler@24b533b6
23:36:48.211 [Test worker] DEBUG org.apache.axis.i18n.ProjectResourceBundle - org.apache.axis.i18n.resource::handleGetObject(newElem00)
23:36:48.211 [Test worker] DEBUG org.apache.axis.message.MessageElement - New MessageElement (org.apache.axis.message.MessageElement@7b302b6e) named {}return
23:36:48.211 [Test worker] DEBUG org.apache.axis.message.MessageElement -   xsi:type = 'xsd:integer'
23:36:48.211 [Test worker] DEBUG org.apache.axis.encoding.DeserializationContext - Pushing element return
23:36:48.211 [Test worker] DEBUG org.apache.axis.encoding.DeserializationContext - Exit: DeserializationContext::startElement()
23:36:48.211 [Test worker] DEBUG org.apache.axis.encoding.DeserializationContext - Enter: DeserializationContext::endElement(, return)
23:36:48.211 [Test worker] DEBUG org.apache.axis.i18n.ProjectResourceBundle - org.apache.axis.i18n.resource::handleGetObject(popHandler00)
23:36:48.211 [Test worker] DEBUG org.apache.axis.encoding.DeserializationContext - Popping handler org.apache.axis.message.SOAPHandler@24b533b6
23:36:48.211 [Test worker] DEBUG org.apache.axis.encoding.DeserializationContext - Popped element stack to org.apache.axis.message.RPCElement:mc_issue_addResponse
23:36:48.211 [Test worker] DEBUG org.apache.axis.encoding.DeserializationContext - Exit: DeserializationContext::endElement()
23:36:48.211 [Test worker] DEBUG org.apache.axis.encoding.DeserializationContext - Enter: DeserializationContext::endElement(http://futureware.biz/mantisconnect, mc_issue_addResponse)
23:36:48.211 [Test worker] DEBUG org.apache.axis.i18n.ProjectResourceBundle - org.apache.axis.i18n.resource::handleGetObject(popHandler00)
23:36:48.211 [Test worker] DEBUG org.apache.axis.encoding.DeserializationContext - Popping handler org.apache.axis.message.SOAPHandler@29ce1bcc
23:36:48.211 [Test worker] DEBUG org.apache.axis.encoding.DeserializationContext - Popped element stack to org.apache.axis.message.SOAPBody:Body
23:36:48.211 [Test worker] DEBUG org.apache.axis.encoding.DeserializationContext - Exit: DeserializationContext::endElement()
23:36:48.211 [Test worker] DEBUG org.apache.axis.encoding.DeserializationContext - Enter: DeserializationContext::endElement(http://schemas.xmlsoap.org/soap/envelope/, Body)
23:36:48.211 [Test worker] DEBUG org.apache.axis.i18n.ProjectResourceBundle - org.apache.axis.i18n.resource::handleGetObject(popHandler00)
23:36:48.211 [Test worker] DEBUG org.apache.axis.encoding.DeserializationContext - Popping handler org.apache.axis.message.BodyBuilder@7d2e0b08
23:36:48.211 [Test worker] DEBUG org.apache.axis.encoding.DeserializationContext - Popped element stack to org.apache.axis.message.SOAPEnvelope:Envelope
23:36:48.211 [Test worker] DEBUG org.apache.axis.encoding.DeserializationContext - Exit: DeserializationContext::endElement()
23:36:48.211 [Test worker] DEBUG org.apache.axis.encoding.DeserializationContext - Enter: DeserializationContext::endElement(http://schemas.xmlsoap.org/soap/envelope/, Envelope)
23:36:48.211 [Test worker] DEBUG org.apache.axis.i18n.ProjectResourceBundle - org.apache.axis.i18n.resource::handleGetObject(popHandler00)
23:36:48.211 [Test worker] DEBUG org.apache.axis.encoding.DeserializationContext - Popping handler org.apache.axis.message.EnvelopeBuilder@28485908
23:36:48.211 [Test worker] DEBUG org.apache.axis.encoding.DeserializationContext - Popped element stack to null
23:36:48.211 [Test worker] DEBUG org.apache.axis.encoding.DeserializationContext - Exit: DeserializationContext::endElement()
23:36:48.211 [Test worker] DEBUG org.apache.axis.encoding.DeserializationContext - Enter: DeserializationContext::endPrefixMapping(SOAP-ENV)
23:36:48.211 [Test worker] DEBUG org.apache.axis.encoding.DeserializationContext - Exit: DeserializationContext::endPrefixMapping()
23:36:48.211 [Test worker] DEBUG org.apache.axis.encoding.DeserializationContext - Enter: DeserializationContext::endPrefixMapping(ns1)
23:36:48.211 [Test worker] DEBUG org.apache.axis.encoding.DeserializationContext - Exit: DeserializationContext::endPrefixMapping()
23:36:48.211 [Test worker] DEBUG org.apache.axis.encoding.DeserializationContext - Enter: DeserializationContext::endPrefixMapping(xsd)
23:36:48.211 [Test worker] DEBUG org.apache.axis.encoding.DeserializationContext - Exit: DeserializationContext::endPrefixMapping()
23:36:48.211 [Test worker] DEBUG org.apache.axis.encoding.DeserializationContext - Enter: DeserializationContext::endPrefixMapping(xsi)
23:36:48.211 [Test worker] DEBUG org.apache.axis.encoding.DeserializationContext - Exit: DeserializationContext::endPrefixMapping()
23:36:48.211 [Test worker] DEBUG org.apache.axis.encoding.DeserializationContext - Enter: DeserializationContext::endPrefixMapping(SOAP-ENC)
23:36:48.211 [Test worker] DEBUG org.apache.axis.encoding.DeserializationContext - Exit: DeserializationContext::endPrefixMapping()
23:36:48.211 [Test worker] DEBUG org.apache.axis.encoding.DeserializationContext - Enter: DeserializationContext::endDocument()
23:36:48.211 [Test worker] DEBUG org.apache.axis.encoding.DeserializationContext - Exit: DeserializationContext::endDocument()
23:36:48.211 [Test worker] DEBUG org.apache.axis.i18n.ProjectResourceBundle - org.apache.axis.i18n.resource::handleGetObject(setMsgForm)
23:36:48.211 [Test worker] DEBUG org.apache.axis.SOAPPart - Setting current message form to: FORM_SOAPENVELOPE (currentMessage is now org.apache.axis.message.SOAPEnvelope)
23:36:48.211 [Test worker] DEBUG org.apache.axis.SOAPPart - Exit: SOAPPart::getAsSOAPEnvelope
23:36:48.212 [Test worker] DEBUG org.apache.axis.i18n.ProjectResourceBundle - org.apache.axis.i18n.resource::handleGetObject(register00)
23:36:48.212 [Test worker] DEBUG org.apache.axis.encoding.SerializationContext - register 'SOAP-ENV' - 'http://schemas.xmlsoap.org/soap/envelope/'
23:36:48.212 [Test worker] DEBUG org.apache.axis.i18n.ProjectResourceBundle - org.apache.axis.i18n.resource::handleGetObject(register00)
23:36:48.212 [Test worker] DEBUG org.apache.axis.encoding.SerializationContext - register 'ns1' - 'http://futureware.biz/mantisconnect'
23:36:48.212 [Test worker] DEBUG org.apache.axis.i18n.ProjectResourceBundle - org.apache.axis.i18n.resource::handleGetObject(register00)
23:36:48.212 [Test worker] DEBUG org.apache.axis.encoding.SerializationContext - register 'xsd' - 'http://www.w3.org/2001/XMLSchema'
23:36:48.212 [Test worker] DEBUG org.apache.axis.i18n.ProjectResourceBundle - org.apache.axis.i18n.resource::handleGetObject(register00)
23:36:48.212 [Test worker] DEBUG org.apache.axis.encoding.SerializationContext - register 'xsi' - 'http://www.w3.org/2001/XMLSchema-instance'
23:36:48.212 [Test worker] DEBUG org.apache.axis.i18n.ProjectResourceBundle - org.apache.axis.i18n.resource::handleGetObject(register00)
23:36:48.212 [Test worker] DEBUG org.apache.axis.encoding.SerializationContext - register 'SOAP-ENC' - 'http://schemas.xmlsoap.org/soap/encoding/'
23:36:48.212 [Test worker] DEBUG org.apache.axis.i18n.ProjectResourceBundle - org.apache.axis.i18n.resource::handleGetObject(startElem00)
23:36:48.212 [Test worker] DEBUG org.apache.axis.encoding.SerializationContext - Start element [http://schemas.xmlsoap.org/soap/envelope/]:Envelope
23:36:48.212 [Test worker] DEBUG org.apache.axis.i18n.ProjectResourceBundle - org.apache.axis.i18n.resource::handleGetObject(startElem00)
23:36:48.212 [Test worker] DEBUG org.apache.axis.encoding.SerializationContext - Start element [http://schemas.xmlsoap.org/soap/envelope/]:Body
23:36:48.212 [Test worker] DEBUG org.apache.axis.message.SAXOutputter - SAXOutputter.startElement ['http://futureware.biz/mantisconnect' mc_issue_addResponse]
23:36:48.212 [Test worker] DEBUG org.apache.axis.i18n.ProjectResourceBundle - org.apache.axis.i18n.resource::handleGetObject(startElem00)
23:36:48.212 [Test worker] DEBUG org.apache.axis.encoding.SerializationContext - Start element [http://futureware.biz/mantisconnect]:mc_issue_addResponse
23:36:48.212 [Test worker] DEBUG org.apache.axis.message.SAXOutputter - SAXOutputter.startElement ['' return]
23:36:48.212 [Test worker] DEBUG org.apache.axis.i18n.ProjectResourceBundle - org.apache.axis.i18n.resource::handleGetObject(startElem00)
23:36:48.212 [Test worker] DEBUG org.apache.axis.encoding.SerializationContext - Start element []:return
23:36:48.212 [Test worker] DEBUG org.apache.axis.message.SAXOutputter - SAXOutputter.characters ['19']
23:36:48.212 [Test worker] DEBUG org.apache.axis.message.SAXOutputter - SAXOutputter.endElement ['' return]
23:36:48.212 [Test worker] DEBUG org.apache.axis.i18n.ProjectResourceBundle - org.apache.axis.i18n.resource::handleGetObject(endElem00)
23:36:48.212 [Test worker] DEBUG org.apache.axis.encoding.SerializationContext - End element return
23:36:48.212 [Test worker] DEBUG org.apache.axis.message.SAXOutputter - SAXOutputter.endElement ['http://futureware.biz/mantisconnect' mc_issue_addResponse]
23:36:48.212 [Test worker] DEBUG org.apache.axis.i18n.ProjectResourceBundle - org.apache.axis.i18n.resource::handleGetObject(endElem00)
23:36:48.212 [Test worker] DEBUG org.apache.axis.encoding.SerializationContext - End element ns1:mc_issue_addResponse
23:36:48.212 [Test worker] DEBUG org.apache.axis.i18n.ProjectResourceBundle - org.apache.axis.i18n.resource::handleGetObject(endElem00)
23:36:48.212 [Test worker] DEBUG org.apache.axis.encoding.SerializationContext - End element SOAP-ENV:Body
23:36:48.212 [Test worker] DEBUG org.apache.axis.i18n.ProjectResourceBundle - org.apache.axis.i18n.resource::handleGetObject(endElem00)
23:36:48.212 [Test worker] DEBUG org.apache.axis.encoding.SerializationContext - End element SOAP-ENV:Envelope
23:36:48.212 [Test worker] DEBUG org.apache.axis.transport.http.HTTPSender - <SOAP-ENV:Envelope xmlns:SOAP-ENV="http://schemas.xmlsoap.org/soap/envelope/" xmlns:ns1="http://futureware.biz/mantisconnect" xmlns:xsd="http://www.w3.org/2001/XMLSchema" xmlns:xsi="http://www.w3.org/2001/XMLSchema-instance" xmlns:SOAP-ENC="http://schemas.xmlsoap.org/soap/encoding/"><SOAP-ENV:Body><ns1:mc_issue_addResponse><return xsi:type="xsd:integer">19</return></ns1:mc_issue_addResponse></SOAP-ENV:Body></SOAP-ENV:Envelope>
23:36:48.212 [Test worker] DEBUG org.apache.axis.i18n.ProjectResourceBundle - org.apache.axis.i18n.resource::handleGetObject(exit00)
23:36:48.212 [Test worker] DEBUG org.apache.axis.transport.http.HTTPSender - Exit:  HTTPDispatchHandler::invoke
23:36:48.212 [Test worker] DEBUG org.apache.axis.SimpleChain - Exit: SimpleChain::invoke
23:36:48.212 [Test worker] DEBUG org.apache.axis.i18n.ProjectResourceBundle - org.apache.axis.i18n.resource::handleGetObject(semanticCheck00)
23:36:48.212 [Test worker] DEBUG org.apache.axis.handlers.soap.MustUnderstandChecker - Doing SOAP semantic checks...
23:36:48.212 [Test worker] DEBUG org.apache.axis.SOAPPart - Enter: SOAPPart::getAsSOAPEnvelope()
23:36:48.212 [Test worker] DEBUG org.apache.axis.i18n.ProjectResourceBundle - org.apache.axis.i18n.resource::handleGetObject(currForm)
23:36:48.212 [Test worker] DEBUG org.apache.axis.SOAPPart - current form is FORM_SOAPENVELOPE
23:36:48.212 [Test worker] DEBUG org.apache.axis.client.AxisClient - Exit: AxisClient::invoke
23:36:48.212 [Test worker] DEBUG org.apache.axis.SOAPPart - Enter: SOAPPart::getAsSOAPEnvelope()
23:36:48.212 [Test worker] DEBUG org.apache.axis.i18n.ProjectResourceBundle - org.apache.axis.i18n.resource::handleGetObject(currForm)
23:36:48.212 [Test worker] DEBUG org.apache.axis.SOAPPart - current form is FORM_SOAPENVELOPE
23:36:48.212 [Test worker] DEBUG org.apache.axis.client.Call - Exit: Call::invoke()
23:36:48.212 [Test worker] DEBUG org.apache.axis.SOAPPart - Enter: SOAPPart::getAsSOAPEnvelope()
23:36:48.212 [Test worker] DEBUG org.apache.axis.i18n.ProjectResourceBundle - org.apache.axis.i18n.resource::handleGetObject(currForm)
23:36:48.212 [Test worker] DEBUG org.apache.axis.SOAPPart - current form is FORM_SOAPENVELOPE
23:36:48.212 [Test worker] DEBUG org.apache.axis.i18n.ProjectResourceBundle - org.apache.axis.i18n.resource::handleGetObject(pushHandler00)
23:36:48.212 [Test worker] DEBUG org.apache.axis.encoding.DeserializationContext - Pushing handler org.apache.axis.message.EnvelopeHandler@1c2687e3
23:36:48.212 [Test worker] DEBUG org.apache.axis.encoding.DeserializationContext - Enter: DeserializationContext::startElement(http://futureware.biz/mantisconnect, mc_issue_addResponse)
23:36:48.212 [Test worker] DEBUG org.apache.axis.i18n.ProjectResourceBundle - org.apache.axis.i18n.resource::handleGetObject(pushHandler00)
23:36:48.212 [Test worker] DEBUG org.apache.axis.encoding.DeserializationContext - Pushing handler org.apache.axis.message.RPCHandler@45efffd0
23:36:48.212 [Test worker] DEBUG org.apache.axis.encoding.DeserializationContext - Exit: DeserializationContext::startElement()
23:36:48.212 [Test worker] DEBUG org.apache.axis.encoding.DeserializationContext - Enter: DeserializationContext::startElement(, return)
23:36:48.213 [Test worker] DEBUG org.apache.axis.message.RPCHandler - Enter: RPCHandler.onStartChild()
23:36:48.213 [Test worker] DEBUG org.apache.axis.i18n.ProjectResourceBundle - org.apache.axis.i18n.resource::handleGetObject(typeFromAttr00)
23:36:48.213 [Test worker] DEBUG org.apache.axis.message.RPCHandler - Type from attributes is:  {http://www.w3.org/2001/XMLSchema}integer
23:36:48.213 [Test worker] DEBUG org.apache.axis.message.RPCHandler - Exit: RPCHandler.onStartChild()
23:36:48.213 [Test worker] DEBUG org.apache.axis.i18n.ProjectResourceBundle - org.apache.axis.i18n.resource::handleGetObject(pushHandler00)
23:36:48.213 [Test worker] DEBUG org.apache.axis.encoding.DeserializationContext - Pushing handler org.apache.axis.encoding.ser.SimpleDeserializer@48ca5c58
23:36:48.213 [Test worker] DEBUG org.apache.axis.encoding.DeserializationContext - Exit: DeserializationContext::startElement()
23:36:48.213 [Test worker] DEBUG org.apache.axis.encoding.DeserializationContext - Enter: DeserializationContext::endElement(, return)
23:36:48.213 [Test worker] DEBUG org.apache.axis.i18n.ProjectResourceBundle - org.apache.axis.i18n.resource::handleGetObject(popHandler00)
23:36:48.213 [Test worker] DEBUG org.apache.axis.encoding.DeserializationContext - Popping handler org.apache.axis.encoding.ser.SimpleDeserializer@48ca5c58
23:36:48.213 [Test worker] DEBUG org.apache.axis.i18n.ProjectResourceBundle - org.apache.axis.i18n.resource::handleGetObject(setValueInTarget00)
23:36:48.213 [Test worker] DEBUG org.apache.axis.encoding.DeserializerImpl - Set value 19 in target org.apache.axis.message.RPCParamTarget@325b6574
23:36:48.213 [Test worker] DEBUG org.apache.axis.encoding.DeserializationContext - Popped element stack to org.apache.axis.message.RPCElement:mc_issue_addResponse
23:36:48.213 [Test worker] DEBUG org.apache.axis.encoding.DeserializationContext - Exit: DeserializationContext::endElement()
23:36:48.213 [Test worker] DEBUG org.apache.axis.encoding.DeserializationContext - Enter: DeserializationContext::endElement(http://futureware.biz/mantisconnect, mc_issue_addResponse)
23:36:48.213 [Test worker] DEBUG org.apache.axis.i18n.ProjectResourceBundle - org.apache.axis.i18n.resource::handleGetObject(popHandler00)
23:36:48.213 [Test worker] DEBUG org.apache.axis.encoding.DeserializationContext - Popping handler org.apache.axis.message.RPCHandler@45efffd0
23:36:48.213 [Test worker] DEBUG org.apache.axis.i18n.ProjectResourceBundle - org.apache.axis.i18n.resource::handleGetObject(setProp00)
23:36:48.213 [Test worker] DEBUG org.apache.axis.message.RPCHandler - Setting MessageContext property in RPCHandler.endElement().
23:36:48.213 [Test worker] DEBUG org.apache.axis.encoding.DeserializationContext - Popped element stack to org.apache.axis.message.SOAPBody:Body
23:36:48.213 [Test worker] DEBUG org.apache.axis.encoding.DeserializationContext - Exit: DeserializationContext::endElement()
23:36:48.213 [Test worker] DEBUG org.apache.axis.client.Call - Exit: Call::invoke(RPCElement)
23:36:48.213 [Test worker] DEBUG org.apache.axis.client.Call - Exit: Call::invoke(ns, meth, args)
23:36:48.213 [Test worker] DEBUG org.apache.axis.TIME - axis.Call.invoke: 383 {http://futureware.biz/mantisconnect}mc_issue_add
23:36:48.213 [Test worker] DEBUG org.apache.axis.SOAPPart - Enter: SOAPPart::saveChanges
23:36:48.213 [Test worker] DEBUG org.apache.axis.i18n.ProjectResourceBundle - org.apache.axis.i18n.resource::handleGetObject(register00)
23:36:48.213 [Test worker] DEBUG org.apache.axis.encoding.SerializationContext - register 'SOAP-ENV' - 'http://schemas.xmlsoap.org/soap/envelope/'
23:36:48.213 [Test worker] DEBUG org.apache.axis.i18n.ProjectResourceBundle - org.apache.axis.i18n.resource::handleGetObject(register00)
23:36:48.213 [Test worker] DEBUG org.apache.axis.encoding.SerializationContext - register 'ns1' - 'http://futureware.biz/mantisconnect'
23:36:48.213 [Test worker] DEBUG org.apache.axis.i18n.ProjectResourceBundle - org.apache.axis.i18n.resource::handleGetObject(register00)
23:36:48.213 [Test worker] DEBUG org.apache.axis.encoding.SerializationContext - register 'xsd' - 'http://www.w3.org/2001/XMLSchema'
23:36:48.213 [Test worker] DEBUG org.apache.axis.i18n.ProjectResourceBundle - org.apache.axis.i18n.resource::handleGetObject(register00)
23:36:48.213 [Test worker] DEBUG org.apache.axis.encoding.SerializationContext - register 'xsi' - 'http://www.w3.org/2001/XMLSchema-instance'
23:36:48.213 [Test worker] DEBUG org.apache.axis.i18n.ProjectResourceBundle - org.apache.axis.i18n.resource::handleGetObject(register00)
23:36:48.213 [Test worker] DEBUG org.apache.axis.encoding.SerializationContext - register 'SOAP-ENC' - 'http://schemas.xmlsoap.org/soap/encoding/'
23:36:48.213 [Test worker] DEBUG org.apache.axis.i18n.ProjectResourceBundle - org.apache.axis.i18n.resource::handleGetObject(startElem00)
23:36:48.213 [Test worker] DEBUG org.apache.axis.encoding.SerializationContext - Start element [http://schemas.xmlsoap.org/soap/envelope/]:Envelope
23:36:48.213 [Test worker] DEBUG org.apache.axis.i18n.ProjectResourceBundle - org.apache.axis.i18n.resource::handleGetObject(headers00)
23:36:48.213 [Test worker] DEBUG org.apache.axis.message.SOAPHeader - 0 headers
23:36:48.213 [Test worker] DEBUG org.apache.axis.i18n.ProjectResourceBundle - org.apache.axis.i18n.resource::handleGetObject(startElem00)
23:36:48.213 [Test worker] DEBUG org.apache.axis.encoding.SerializationContext - Start element [http://schemas.xmlsoap.org/soap/envelope/]:Body
23:36:48.213 [Test worker] DEBUG org.apache.axis.message.SAXOutputter - SAXOutputter.startElement ['http://futureware.biz/mantisconnect' mc_issue_addResponse]
23:36:48.214 [Test worker] DEBUG org.apache.axis.i18n.ProjectResourceBundle - org.apache.axis.i18n.resource::handleGetObject(startElem00)
23:36:48.214 [Test worker] DEBUG org.apache.axis.encoding.SerializationContext - Start element [http://futureware.biz/mantisconnect]:mc_issue_addResponse
23:36:48.214 [Test worker] DEBUG org.apache.axis.message.SAXOutputter - SAXOutputter.startElement ['' return]
23:36:48.214 [Test worker] DEBUG org.apache.axis.i18n.ProjectResourceBundle - org.apache.axis.i18n.resource::handleGetObject(startElem00)
23:36:48.214 [Test worker] DEBUG org.apache.axis.encoding.SerializationContext - Start element []:return
23:36:48.214 [Test worker] DEBUG org.apache.axis.message.SAXOutputter - SAXOutputter.characters ['19']
23:36:48.214 [Test worker] DEBUG org.apache.axis.message.SAXOutputter - SAXOutputter.endElement ['' return]
23:36:48.214 [Test worker] DEBUG org.apache.axis.i18n.ProjectResourceBundle - org.apache.axis.i18n.resource::handleGetObject(endElem00)
23:36:48.214 [Test worker] DEBUG org.apache.axis.encoding.SerializationContext - End element return
23:36:48.214 [Test worker] DEBUG org.apache.axis.message.SAXOutputter - SAXOutputter.endElement ['http://futureware.biz/mantisconnect' mc_issue_addResponse]
23:36:48.214 [Test worker] DEBUG org.apache.axis.i18n.ProjectResourceBundle - org.apache.axis.i18n.resource::handleGetObject(endElem00)
23:36:48.214 [Test worker] DEBUG org.apache.axis.encoding.SerializationContext - End element ns1:mc_issue_addResponse
23:36:48.214 [Test worker] DEBUG org.apache.axis.i18n.ProjectResourceBundle - org.apache.axis.i18n.resource::handleGetObject(endElem00)
23:36:48.214 [Test worker] DEBUG org.apache.axis.encoding.SerializationContext - End element SOAP-ENV:Body
23:36:48.214 [Test worker] DEBUG org.apache.axis.i18n.ProjectResourceBundle - org.apache.axis.i18n.resource::handleGetObject(endElem00)
23:36:48.214 [Test worker] DEBUG org.apache.axis.encoding.SerializationContext - End element SOAP-ENV:Envelope
23:36:48.214 [Test worker] DEBUG org.apache.axis.i18n.ProjectResourceBundle - org.apache.axis.i18n.resource::handleGetObject(setMsgForm)
23:36:48.214 [Test worker] DEBUG org.apache.axis.SOAPPart - Setting current message form to: FORM_OPTIMIZED (currentMessage is now org.apache.axis.utils.ByteArray)
23:36:48.214 [Test worker] DEBUG org.apache.axis.SOAPPart - Exit: SOAPPart::saveChanges(): org.apache.axis.utils.ByteArray@1aeaf543
23:36:48.214 [Test worker] DEBUG org.apache.axis.i18n.ProjectResourceBundle - org.apache.axis.i18n.resource::handleGetObject(transport00)
23:36:48.214 [Test worker] DEBUG org.apache.axis.client.Call - Transport is org.apache.axis.transport.http.HTTPTransport@19eda7e0
23:36:48.214 [Test worker] DEBUG org.apache.axis.client.Call - Enter: Call::invoke(ns, meth, args)
23:36:48.214 [Test worker] DEBUG org.apache.axis.client.Call - operation=name:        mc_issue_get
returnQName: return
returnType:  {http://futureware.biz/mantisconnect}IssueData
returnClass: class biz.futureware.mantis.rpc.soap.client.IssueData
elementQName:null
soapAction:  null
style:       rpc
use:         encoded
numInParams: 3
method:null
 ParameterDesc[0]:
  name:       username
  typeEntry:  null
  mode:       IN
  position:   0
  isReturn:   false
  typeQName:  {http://www.w3.org/2001/XMLSchema}string
  javaType:   class java.lang.String
  inHeader:   false
  outHeader:  false

 ParameterDesc[1]:
  name:       password
  typeEntry:  null
  mode:       IN
  position:   1
  isReturn:   false
  typeQName:  {http://www.w3.org/2001/XMLSchema}string
  javaType:   class java.lang.String
  inHeader:   false
  outHeader:  false

 ParameterDesc[2]:
  name:       issue_id
  typeEntry:  null
  mode:       IN
  position:   2
  isReturn:   false
  typeQName:  {http://www.w3.org/2001/XMLSchema}integer
  javaType:   class java.math.BigInteger
  inHeader:   false
  outHeader:  false


23:36:48.214 [Test worker] DEBUG org.apache.axis.client.Call - operation.getNumParams()=3
23:36:48.214 [Test worker] DEBUG org.apache.axis.client.Call - getParamList number of params: 3
23:36:48.214 [Test worker] DEBUG org.apache.axis.client.Call - Enter: Call::invoke(RPCElement)
23:36:48.215 [Test worker] DEBUG org.apache.axis.SOAPPart - Enter: SOAPPart ctor(FORM_SOAPENVELOPE)
23:36:48.215 [Test worker] DEBUG org.apache.axis.i18n.ProjectResourceBundle - org.apache.axis.i18n.resource::handleGetObject(setMsgForm)
23:36:48.215 [Test worker] DEBUG org.apache.axis.SOAPPart - Setting current message form to: FORM_SOAPENVELOPE (currentMessage is now org.apache.axis.message.SOAPEnvelope)
23:36:48.215 [Test worker] DEBUG org.apache.axis.SOAPPart - Exit: SOAPPart ctor()
23:36:48.215 [Test worker] DEBUG org.apache.axis.i18n.ProjectResourceBundle - org.apache.axis.i18n.resource::handleGetObject(addBody00)
23:36:48.215 [Test worker] DEBUG org.apache.axis.message.SOAPBody - Adding body element to message...
23:36:48.215 [Test worker] DEBUG org.apache.axis.client.Call - Enter: Call::invoke()
23:36:48.215 [Test worker] DEBUG org.apache.axis.MessageContext - MessageContext: setTargetService(MantisConnectPort)
23:36:48.215 [Test worker] DEBUG org.apache.axis.i18n.ProjectResourceBundle - org.apache.axis.i18n.resource::handleGetObject(noService10)
23:36:48.215 [Test worker] DEBUG org.apache.axis.ConfigurationException - Exception: 
org.apache.axis.ConfigurationException: No service named MantisConnectPort is available
	at org.apache.axis.configuration.FileProvider.getService(FileProvider.java:233)
	at org.apache.axis.AxisEngine.getService(AxisEngine.java:311)
	at org.apache.axis.MessageContext.setTargetService(MessageContext.java:756)
	at org.apache.axis.client.Call.invoke(Call.java:2690)
	at org.apache.axis.client.Call.invoke(Call.java:2443)
	at org.apache.axis.client.Call.invoke(Call.java:2366)
	at org.apache.axis.client.Call.invoke(Call.java:1812)
	at biz.futureware.mantis.rpc.soap.client.MantisConnectBindingStub.mc_issue_get(MantisConnectBindingStub.java:2006)
	at dd.pyrkova.mantis.appmanager.SoapHelper.addIssue(SoapHelper.java:51)
	at dd.pyrkova.mantis.tests.SoapTests.testCreateIssue(SoapTests.java:33)
	at sun.reflect.NativeMethodAccessorImpl.invoke0(Native Method)
	at sun.reflect.NativeMethodAccessorImpl.invoke(NativeMethodAccessorImpl.java:62)
	at sun.reflect.DelegatingMethodAccessorImpl.invoke(DelegatingMethodAccessorImpl.java:43)
	at java.lang.reflect.Method.invoke(Method.java:498)
	at org.testng.internal.MethodInvocationHelper.invokeMethod(MethodInvocationHelper.java:134)
	at org.testng.internal.TestInvoker.invokeMethod(TestInvoker.java:597)
	at org.testng.internal.TestInvoker.invokeTestMethod(TestInvoker.java:173)
	at org.testng.internal.MethodRunner.runInSequence(MethodRunner.java:46)
	at org.testng.internal.TestInvoker$MethodInvocationAgent.invoke(TestInvoker.java:816)
	at org.testng.internal.TestInvoker.invokeTestMethods(TestInvoker.java:146)
	at org.testng.internal.TestMethodWorker.invokeTestMethods(TestMethodWorker.java:146)
	at org.testng.internal.TestMethodWorker.run(TestMethodWorker.java:128)
	at java.util.ArrayList.forEach(ArrayList.java:1257)
	at org.testng.TestRunner.privateRun(TestRunner.java:766)
	at org.testng.TestRunner.run(TestRunner.java:587)
	at org.testng.SuiteRunner.runTest(SuiteRunner.java:384)
	at org.testng.SuiteRunner.runSequentially(SuiteRunner.java:378)
	at org.testng.SuiteRunner.privateRun(SuiteRunner.java:337)
	at org.testng.SuiteRunner.run(SuiteRunner.java:286)
	at org.testng.SuiteRunnerWorker.runSuite(SuiteRunnerWorker.java:53)
	at org.testng.SuiteRunnerWorker.run(SuiteRunnerWorker.java:96)
	at org.testng.TestNG.runSuitesSequentially(TestNG.java:1187)
	at org.testng.TestNG.runSuitesLocally(TestNG.java:1109)
	at org.testng.TestNG.runSuites(TestNG.java:1039)
	at org.testng.TestNG.run(TestNG.java:1007)
	at org.gradle.api.internal.tasks.testing.testng.TestNGTestClassProcessor.runTests(TestNGTestClassProcessor.java:141)
	at org.gradle.api.internal.tasks.testing.testng.TestNGTestClassProcessor.stop(TestNGTestClassProcessor.java:90)
	at org.gradle.api.internal.tasks.testing.SuiteTestClassProcessor.stop(SuiteTestClassProcessor.java:61)
	at sun.reflect.NativeMethodAccessorImpl.invoke0(Native Method)
	at sun.reflect.NativeMethodAccessorImpl.invoke(NativeMethodAccessorImpl.java:62)
	at sun.reflect.DelegatingMethodAccessorImpl.invoke(DelegatingMethodAccessorImpl.java:43)
	at java.lang.reflect.Method.invoke(Method.java:498)
	at org.gradle.internal.dispatch.ReflectionDispatch.dispatch(ReflectionDispatch.java:36)
	at org.gradle.internal.dispatch.ReflectionDispatch.dispatch(ReflectionDispatch.java:24)
	at org.gradle.internal.dispatch.ContextClassLoaderDispatch.dispatch(ContextClassLoaderDispatch.java:33)
	at org.gradle.internal.dispatch.ProxyDispatchAdapter$DispatchingInvocationHandler.invoke(ProxyDispatchAdapter.java:94)
	at com.sun.proxy.$Proxy2.stop(Unknown Source)
	at org.gradle.api.internal.tasks.testing.worker.TestWorker.stop(TestWorker.java:132)
	at sun.reflect.NativeMethodAccessorImpl.invoke0(Native Method)
	at sun.reflect.NativeMethodAccessorImpl.invoke(NativeMethodAccessorImpl.java:62)
	at sun.reflect.DelegatingMethodAccessorImpl.invoke(DelegatingMethodAccessorImpl.java:43)
	at java.lang.reflect.Method.invoke(Method.java:498)
	at org.gradle.internal.dispatch.ReflectionDispatch.dispatch(ReflectionDispatch.java:36)
	at org.gradle.internal.dispatch.ReflectionDispatch.dispatch(ReflectionDispatch.java:24)
	at org.gradle.internal.remote.internal.hub.MessageHubBackedObjectConnection$DispatchWrapper.dispatch(MessageHubBackedObjectConnection.java:182)
	at org.gradle.internal.remote.internal.hub.MessageHubBackedObjectConnection$DispatchWrapper.dispatch(MessageHubBackedObjectConnection.java:164)
	at org.gradle.internal.remote.internal.hub.MessageHub$Handler.run(MessageHub.java:412)
	at org.gradle.internal.concurrent.ExecutorPolicy$CatchAndRecordFailures.onExecute(ExecutorPolicy.java:64)
	at org.gradle.internal.concurrent.ManagedExecutorImpl$1.run(ManagedExecutorImpl.java:48)
	at java.util.concurrent.ThreadPoolExecutor.runWorker(ThreadPoolExecutor.java:1149)
	at java.util.concurrent.ThreadPoolExecutor$Worker.run(ThreadPoolExecutor.java:624)
	at org.gradle.internal.concurrent.ThreadFactoryImpl$ManagedThreadRunnable.run(ThreadFactoryImpl.java:56)
	at java.lang.Thread.run(Thread.java:748)
23:36:48.216 [Test worker] DEBUG org.apache.axis.MessageContext - MessageContext: setServiceHandler(null)
23:36:48.216 [Test worker] DEBUG org.apache.axis.i18n.ProjectResourceBundle - org.apache.axis.i18n.resource::handleGetObject(targetService)
23:36:48.216 [Test worker] DEBUG org.apache.axis.client.Call - Target service:  MantisConnectPort
23:36:48.216 [Test worker] DEBUG org.apache.axis.MessageContext - MessageContext: setTargetService(http://www.mantisbt.org/bugs/api/soap/mantisconnect.php/mc_issue_get)
23:36:48.216 [Test worker] DEBUG org.apache.axis.i18n.ProjectResourceBundle - org.apache.axis.i18n.resource::handleGetObject(noService10)
23:36:48.216 [Test worker] DEBUG org.apache.axis.ConfigurationException - Exception: 
org.apache.axis.ConfigurationException: No service named http://www.mantisbt.org/bugs/api/soap/mantisconnect.php/mc_issue_get is available
	at org.apache.axis.configuration.FileProvider.getService(FileProvider.java:233)
	at org.apache.axis.AxisEngine.getService(AxisEngine.java:311)
	at org.apache.axis.MessageContext.setTargetService(MessageContext.java:756)
	at org.apache.axis.transport.http.HTTPTransport.setupMessageContextImpl(HTTPTransport.java:89)
	at org.apache.axis.client.Transport.setupMessageContext(Transport.java:46)
	at org.apache.axis.client.Call.invoke(Call.java:2738)
	at org.apache.axis.client.Call.invoke(Call.java:2443)
	at org.apache.axis.client.Call.invoke(Call.java:2366)
	at org.apache.axis.client.Call.invoke(Call.java:1812)
	at biz.futureware.mantis.rpc.soap.client.MantisConnectBindingStub.mc_issue_get(MantisConnectBindingStub.java:2006)
	at dd.pyrkova.mantis.appmanager.SoapHelper.addIssue(SoapHelper.java:51)
	at dd.pyrkova.mantis.tests.SoapTests.testCreateIssue(SoapTests.java:33)
	at sun.reflect.NativeMethodAccessorImpl.invoke0(Native Method)
	at sun.reflect.NativeMethodAccessorImpl.invoke(NativeMethodAccessorImpl.java:62)
	at sun.reflect.DelegatingMethodAccessorImpl.invoke(DelegatingMethodAccessorImpl.java:43)
	at java.lang.reflect.Method.invoke(Method.java:498)
	at org.testng.internal.MethodInvocationHelper.invokeMethod(MethodInvocationHelper.java:134)
	at org.testng.internal.TestInvoker.invokeMethod(TestInvoker.java:597)
	at org.testng.internal.TestInvoker.invokeTestMethod(TestInvoker.java:173)
	at org.testng.internal.MethodRunner.runInSequence(MethodRunner.java:46)
	at org.testng.internal.TestInvoker$MethodInvocationAgent.invoke(TestInvoker.java:816)
	at org.testng.internal.TestInvoker.invokeTestMethods(TestInvoker.java:146)
	at org.testng.internal.TestMethodWorker.invokeTestMethods(TestMethodWorker.java:146)
	at org.testng.internal.TestMethodWorker.run(TestMethodWorker.java:128)
	at java.util.ArrayList.forEach(ArrayList.java:1257)
	at org.testng.TestRunner.privateRun(TestRunner.java:766)
	at org.testng.TestRunner.run(TestRunner.java:587)
	at org.testng.SuiteRunner.runTest(SuiteRunner.java:384)
	at org.testng.SuiteRunner.runSequentially(SuiteRunner.java:378)
	at org.testng.SuiteRunner.privateRun(SuiteRunner.java:337)
	at org.testng.SuiteRunner.run(SuiteRunner.java:286)
	at org.testng.SuiteRunnerWorker.runSuite(SuiteRunnerWorker.java:53)
	at org.testng.SuiteRunnerWorker.run(SuiteRunnerWorker.java:96)
	at org.testng.TestNG.runSuitesSequentially(TestNG.java:1187)
	at org.testng.TestNG.runSuitesLocally(TestNG.java:1109)
	at org.testng.TestNG.runSuites(TestNG.java:1039)
	at org.testng.TestNG.run(TestNG.java:1007)
	at org.gradle.api.internal.tasks.testing.testng.TestNGTestClassProcessor.runTests(TestNGTestClassProcessor.java:141)
	at org.gradle.api.internal.tasks.testing.testng.TestNGTestClassProcessor.stop(TestNGTestClassProcessor.java:90)
	at org.gradle.api.internal.tasks.testing.SuiteTestClassProcessor.stop(SuiteTestClassProcessor.java:61)
	at sun.reflect.NativeMethodAccessorImpl.invoke0(Native Method)
	at sun.reflect.NativeMethodAccessorImpl.invoke(NativeMethodAccessorImpl.java:62)
	at sun.reflect.DelegatingMethodAccessorImpl.invoke(DelegatingMethodAccessorImpl.java:43)
	at java.lang.reflect.Method.invoke(Method.java:498)
	at org.gradle.internal.dispatch.ReflectionDispatch.dispatch(ReflectionDispatch.java:36)
	at org.gradle.internal.dispatch.ReflectionDispatch.dispatch(ReflectionDispatch.java:24)
	at org.gradle.internal.dispatch.ContextClassLoaderDispatch.dispatch(ContextClassLoaderDispatch.java:33)
	at org.gradle.internal.dispatch.ProxyDispatchAdapter$DispatchingInvocationHandler.invoke(ProxyDispatchAdapter.java:94)
	at com.sun.proxy.$Proxy2.stop(Unknown Source)
	at org.gradle.api.internal.tasks.testing.worker.TestWorker.stop(TestWorker.java:132)
	at sun.reflect.NativeMethodAccessorImpl.invoke0(Native Method)
	at sun.reflect.NativeMethodAccessorImpl.invoke(NativeMethodAccessorImpl.java:62)
	at sun.reflect.DelegatingMethodAccessorImpl.invoke(DelegatingMethodAccessorImpl.java:43)
	at java.lang.reflect.Method.invoke(Method.java:498)
	at org.gradle.internal.dispatch.ReflectionDispatch.dispatch(ReflectionDispatch.java:36)
	at org.gradle.internal.dispatch.ReflectionDispatch.dispatch(ReflectionDispatch.java:24)
	at org.gradle.internal.remote.internal.hub.MessageHubBackedObjectConnection$DispatchWrapper.dispatch(MessageHubBackedObjectConnection.java:182)
	at org.gradle.internal.remote.internal.hub.MessageHubBackedObjectConnection$DispatchWrapper.dispatch(MessageHubBackedObjectConnection.java:164)
	at org.gradle.internal.remote.internal.hub.MessageHub$Handler.run(MessageHub.java:412)
	at org.gradle.internal.concurrent.ExecutorPolicy$CatchAndRecordFailures.onExecute(ExecutorPolicy.java:64)
	at org.gradle.internal.concurrent.ManagedExecutorImpl$1.run(ManagedExecutorImpl.java:48)
	at java.util.concurrent.ThreadPoolExecutor.runWorker(ThreadPoolExecutor.java:1149)
	at java.util.concurrent.ThreadPoolExecutor$Worker.run(ThreadPoolExecutor.java:624)
	at org.gradle.internal.concurrent.ThreadFactoryImpl$ManagedThreadRunnable.run(ThreadFactoryImpl.java:56)
	at java.lang.Thread.run(Thread.java:748)
23:36:48.216 [Test worker] DEBUG org.apache.axis.MessageContext - MessageContext: setServiceHandler(null)
23:36:48.217 [Test worker] DEBUG org.apache.axis.SOAPPart - Enter: SOAPPart::getAsSOAPEnvelope()
23:36:48.217 [Test worker] DEBUG org.apache.axis.i18n.ProjectResourceBundle - org.apache.axis.i18n.resource::handleGetObject(currForm)
23:36:48.217 [Test worker] DEBUG org.apache.axis.SOAPPart - current form is FORM_SOAPENVELOPE
23:36:48.217 [Test worker] DEBUG org.apache.axis.i18n.ProjectResourceBundle - org.apache.axis.i18n.resource::handleGetObject(register00)
23:36:48.217 [Test worker] DEBUG org.apache.axis.encoding.SerializationContext - register 'soapenv' - 'http://schemas.xmlsoap.org/soap/envelope/'
23:36:48.217 [Test worker] DEBUG org.apache.axis.i18n.ProjectResourceBundle - org.apache.axis.i18n.resource::handleGetObject(register00)
23:36:48.217 [Test worker] DEBUG org.apache.axis.encoding.SerializationContext - register 'soapenv' - 'http://schemas.xmlsoap.org/soap/envelope/'
23:36:48.217 [Test worker] DEBUG org.apache.axis.i18n.ProjectResourceBundle - org.apache.axis.i18n.resource::handleGetObject(register00)
23:36:48.217 [Test worker] DEBUG org.apache.axis.encoding.SerializationContext - register 'xsd' - 'http://www.w3.org/2001/XMLSchema'
23:36:48.217 [Test worker] DEBUG org.apache.axis.i18n.ProjectResourceBundle - org.apache.axis.i18n.resource::handleGetObject(register00)
23:36:48.217 [Test worker] DEBUG org.apache.axis.encoding.SerializationContext - register 'xsi' - 'http://www.w3.org/2001/XMLSchema-instance'
23:36:48.217 [Test worker] DEBUG org.apache.axis.i18n.ProjectResourceBundle - org.apache.axis.i18n.resource::handleGetObject(startElem00)
23:36:48.217 [Test worker] DEBUG org.apache.axis.encoding.SerializationContext - Start element [http://schemas.xmlsoap.org/soap/envelope/]:Envelope
23:36:48.217 [Test worker] DEBUG org.apache.axis.i18n.ProjectResourceBundle - org.apache.axis.i18n.resource::handleGetObject(startElem00)
23:36:48.217 [Test worker] DEBUG org.apache.axis.encoding.SerializationContext - Start element [http://schemas.xmlsoap.org/soap/envelope/]:Body
23:36:48.217 [Test worker] DEBUG org.apache.axis.i18n.ProjectResourceBundle - org.apache.axis.i18n.resource::handleGetObject(startElem00)
23:36:48.217 [Test worker] DEBUG org.apache.axis.encoding.SerializationContext - Start element [http://futureware.biz/mantisconnect]:mc_issue_get
23:36:48.217 [Test worker] DEBUG org.apache.axis.i18n.ProjectResourceBundle - org.apache.axis.i18n.resource::handleGetObject(register00)
23:36:48.217 [Test worker] DEBUG org.apache.axis.encoding.SerializationContext - register 'ns1' - 'http://futureware.biz/mantisconnect'
23:36:48.217 [Test worker] DEBUG org.apache.axis.i18n.ProjectResourceBundle - org.apache.axis.i18n.resource::handleGetObject(startElem00)
23:36:48.217 [Test worker] DEBUG org.apache.axis.encoding.SerializationContext - Start element []:username
23:36:48.217 [Test worker] DEBUG org.apache.axis.i18n.ProjectResourceBundle - org.apache.axis.i18n.resource::handleGetObject(endElem00)
23:36:48.217 [Test worker] DEBUG org.apache.axis.encoding.SerializationContext - End element username
23:36:48.217 [Test worker] DEBUG org.apache.axis.i18n.ProjectResourceBundle - org.apache.axis.i18n.resource::handleGetObject(startElem00)
23:36:48.217 [Test worker] DEBUG org.apache.axis.encoding.SerializationContext - Start element []:password
23:36:48.217 [Test worker] DEBUG org.apache.axis.i18n.ProjectResourceBundle - org.apache.axis.i18n.resource::handleGetObject(endElem00)
23:36:48.217 [Test worker] DEBUG org.apache.axis.encoding.SerializationContext - End element password
23:36:48.217 [Test worker] DEBUG org.apache.axis.i18n.ProjectResourceBundle - org.apache.axis.i18n.resource::handleGetObject(startElem00)
23:36:48.217 [Test worker] DEBUG org.apache.axis.encoding.SerializationContext - Start element []:issue_id
23:36:48.217 [Test worker] DEBUG org.apache.axis.i18n.ProjectResourceBundle - org.apache.axis.i18n.resource::handleGetObject(endElem00)
23:36:48.217 [Test worker] DEBUG org.apache.axis.encoding.SerializationContext - End element issue_id
23:36:48.217 [Test worker] DEBUG org.apache.axis.i18n.ProjectResourceBundle - org.apache.axis.i18n.resource::handleGetObject(endElem00)
23:36:48.217 [Test worker] DEBUG org.apache.axis.encoding.SerializationContext - End element ns1:mc_issue_get
23:36:48.217 [Test worker] DEBUG org.apache.axis.i18n.ProjectResourceBundle - org.apache.axis.i18n.resource::handleGetObject(endElem00)
23:36:48.217 [Test worker] DEBUG org.apache.axis.encoding.SerializationContext - End element soapenv:Body
23:36:48.217 [Test worker] DEBUG org.apache.axis.i18n.ProjectResourceBundle - org.apache.axis.i18n.resource::handleGetObject(endElem00)
23:36:48.217 [Test worker] DEBUG org.apache.axis.encoding.SerializationContext - End element soapenv:Envelope
23:36:48.217 [Test worker] DEBUG org.apache.axis.client.Call - <?xml version="1.0" encoding="UTF-8"?><soapenv:Envelope xmlns:soapenv="http://schemas.xmlsoap.org/soap/envelope/" xmlns:xsd="http://www.w3.org/2001/XMLSchema" xmlns:xsi="http://www.w3.org/2001/XMLSchema-instance"><soapenv:Body><ns1:mc_issue_get soapenv:encodingStyle="http://schemas.xmlsoap.org/soap/encoding/" xmlns:ns1="http://futureware.biz/mantisconnect"><username xsi:type="xsd:string">administrator</username><password xsi:type="xsd:string">root</password><issue_id xsi:type="xsd:integer">19</issue_id></ns1:mc_issue_get></soapenv:Body></soapenv:Envelope>
23:36:48.218 [Test worker] DEBUG org.apache.axis.client.AxisClient - Enter: AxisClient::invoke
23:36:48.218 [Test worker] DEBUG org.apache.axis.client.AxisClient - EngineHandler: null
23:36:48.218 [Test worker] DEBUG org.apache.axis.SimpleChain - Enter: SimpleChain::invoke
23:36:48.218 [Test worker] DEBUG org.apache.axis.i18n.ProjectResourceBundle - org.apache.axis.i18n.resource::handleGetObject(enter00)
23:36:48.218 [Test worker] DEBUG org.apache.axis.transport.http.HTTPSender - Enter:  HTTPSender::invoke
23:36:48.218 [Test worker] DEBUG org.apache.axis.SOAPPart - Enter: SOAPPart::saveChanges
23:36:48.218 [Test worker] DEBUG org.apache.axis.i18n.ProjectResourceBundle - org.apache.axis.i18n.resource::handleGetObject(register00)
23:36:48.218 [Test worker] DEBUG org.apache.axis.encoding.SerializationContext - register 'soapenv' - 'http://schemas.xmlsoap.org/soap/envelope/'
23:36:48.218 [Test worker] DEBUG org.apache.axis.i18n.ProjectResourceBundle - org.apache.axis.i18n.resource::handleGetObject(register00)
23:36:48.218 [Test worker] DEBUG org.apache.axis.encoding.SerializationContext - register 'soapenv' - 'http://schemas.xmlsoap.org/soap/envelope/'
23:36:48.218 [Test worker] DEBUG org.apache.axis.i18n.ProjectResourceBundle - org.apache.axis.i18n.resource::handleGetObject(register00)
23:36:48.218 [Test worker] DEBUG org.apache.axis.encoding.SerializationContext - register 'xsd' - 'http://www.w3.org/2001/XMLSchema'
23:36:48.218 [Test worker] DEBUG org.apache.axis.i18n.ProjectResourceBundle - org.apache.axis.i18n.resource::handleGetObject(register00)
23:36:48.218 [Test worker] DEBUG org.apache.axis.encoding.SerializationContext - register 'xsi' - 'http://www.w3.org/2001/XMLSchema-instance'
23:36:48.218 [Test worker] DEBUG org.apache.axis.i18n.ProjectResourceBundle - org.apache.axis.i18n.resource::handleGetObject(startElem00)
23:36:48.218 [Test worker] DEBUG org.apache.axis.encoding.SerializationContext - Start element [http://schemas.xmlsoap.org/soap/envelope/]:Envelope
23:36:48.218 [Test worker] DEBUG org.apache.axis.i18n.ProjectResourceBundle - org.apache.axis.i18n.resource::handleGetObject(startElem00)
23:36:48.218 [Test worker] DEBUG org.apache.axis.encoding.SerializationContext - Start element [http://schemas.xmlsoap.org/soap/envelope/]:Body
23:36:48.218 [Test worker] DEBUG org.apache.axis.i18n.ProjectResourceBundle - org.apache.axis.i18n.resource::handleGetObject(startElem00)
23:36:48.218 [Test worker] DEBUG org.apache.axis.encoding.SerializationContext - Start element [http://futureware.biz/mantisconnect]:mc_issue_get
23:36:48.218 [Test worker] DEBUG org.apache.axis.i18n.ProjectResourceBundle - org.apache.axis.i18n.resource::handleGetObject(register00)
23:36:48.218 [Test worker] DEBUG org.apache.axis.encoding.SerializationContext - register 'ns1' - 'http://futureware.biz/mantisconnect'
23:36:48.218 [Test worker] DEBUG org.apache.axis.i18n.ProjectResourceBundle - org.apache.axis.i18n.resource::handleGetObject(startElem00)
23:36:48.218 [Test worker] DEBUG org.apache.axis.encoding.SerializationContext - Start element []:username
23:36:48.218 [Test worker] DEBUG org.apache.axis.i18n.ProjectResourceBundle - org.apache.axis.i18n.resource::handleGetObject(endElem00)
23:36:48.218 [Test worker] DEBUG org.apache.axis.encoding.SerializationContext - End element username
23:36:48.218 [Test worker] DEBUG org.apache.axis.i18n.ProjectResourceBundle - org.apache.axis.i18n.resource::handleGetObject(startElem00)
23:36:48.219 [Test worker] DEBUG org.apache.axis.encoding.SerializationContext - Start element []:password
23:36:48.219 [Test worker] DEBUG org.apache.axis.i18n.ProjectResourceBundle - org.apache.axis.i18n.resource::handleGetObject(endElem00)
23:36:48.219 [Test worker] DEBUG org.apache.axis.encoding.SerializationContext - End element password
23:36:48.219 [Test worker] DEBUG org.apache.axis.i18n.ProjectResourceBundle - org.apache.axis.i18n.resource::handleGetObject(startElem00)
23:36:48.219 [Test worker] DEBUG org.apache.axis.encoding.SerializationContext - Start element []:issue_id
23:36:48.219 [Test worker] DEBUG org.apache.axis.i18n.ProjectResourceBundle - org.apache.axis.i18n.resource::handleGetObject(endElem00)
23:36:48.219 [Test worker] DEBUG org.apache.axis.encoding.SerializationContext - End element issue_id
23:36:48.219 [Test worker] DEBUG org.apache.axis.i18n.ProjectResourceBundle - org.apache.axis.i18n.resource::handleGetObject(endElem00)
23:36:48.219 [Test worker] DEBUG org.apache.axis.encoding.SerializationContext - End element ns1:mc_issue_get
23:36:48.219 [Test worker] DEBUG org.apache.axis.i18n.ProjectResourceBundle - org.apache.axis.i18n.resource::handleGetObject(endElem00)
23:36:48.219 [Test worker] DEBUG org.apache.axis.encoding.SerializationContext - End element soapenv:Body
23:36:48.219 [Test worker] DEBUG org.apache.axis.i18n.ProjectResourceBundle - org.apache.axis.i18n.resource::handleGetObject(endElem00)
23:36:48.219 [Test worker] DEBUG org.apache.axis.encoding.SerializationContext - End element soapenv:Envelope
23:36:48.219 [Test worker] DEBUG org.apache.axis.i18n.ProjectResourceBundle - org.apache.axis.i18n.resource::handleGetObject(setMsgForm)
23:36:48.219 [Test worker] DEBUG org.apache.axis.SOAPPart - Setting current message form to: FORM_OPTIMIZED (currentMessage is now org.apache.axis.utils.ByteArray)
23:36:48.219 [Test worker] DEBUG org.apache.axis.SOAPPart - Exit: SOAPPart::saveChanges(): org.apache.axis.utils.ByteArray@53ea9a82
23:36:48.219 [Test worker] DEBUG org.apache.axis.SOAPPart - Enter: SOAPPart::saveChanges
23:36:48.219 [Test worker] DEBUG org.apache.axis.SOAPPart - Enter: SOAPPart::saveChanges
23:36:48.220 [Test worker] DEBUG org.apache.axis.i18n.ProjectResourceBundle - org.apache.axis.i18n.resource::handleGetObject(createdHTTP00)
23:36:48.220 [Test worker] DEBUG org.apache.axis.components.net.DefaultSocketFactory - Created an insecure HTTP connection
23:36:48.220 [Test worker] DEBUG org.apache.axis.i18n.ProjectResourceBundle - org.apache.axis.i18n.resource::handleGetObject(xmlSent00)
23:36:48.220 [Test worker] DEBUG org.apache.axis.transport.http.HTTPSender - XML sent:
23:36:48.220 [Test worker] DEBUG org.apache.axis.transport.http.HTTPSender - ---------------------------------------------------
23:36:48.220 [Test worker] DEBUG org.apache.axis.SOAPPart - Enter: SOAPPart::saveChanges
23:36:48.221 [Test worker] DEBUG org.apache.axis.transport.http.HTTPSender - POST /mantisbt-2.24.0/api/soap/mantisconnect.php HTTP/1.0
Content-Type: text/xml; charset=utf-8
Accept: application/soap+xml, application/dime, multipart/related, text/*
User-Agent: Axis/1.4
Host: localhost
Cache-Control: no-cache
Pragma: no-cache
SOAPAction: "http://www.mantisbt.org/bugs/api/soap/mantisconnect.php/mc_issue_get"
Content-Length: 561

<?xml version="1.0" encoding="UTF-8"?><soapenv:Envelope xmlns:soapenv="http://schemas.xmlsoap.org/soap/envelope/" xmlns:xsd="http://www.w3.org/2001/XMLSchema" xmlns:xsi="http://www.w3.org/2001/XMLSchema-instance"><soapenv:Body><ns1:mc_issue_get soapenv:encodingStyle="http://schemas.xmlsoap.org/soap/encoding/" xmlns:ns1="http://futureware.biz/mantisconnect"><username xsi:type="xsd:string">administrator</username><password xsi:type="xsd:string">root</password><issue_id xsi:type="xsd:integer">19</issue_id></ns1:mc_issue_get></soapenv:Body></soapenv:Envelope>
23:36:48.356 [Test worker] DEBUG org.apache.axis.transport.http.HTTPSender - HTTP/1.1 200 OK
23:36:48.356 [Test worker] DEBUG org.apache.axis.transport.http.HTTPSender - Date Sat, 04 Apr 2020 20:36:48 GMT
23:36:48.356 [Test worker] DEBUG org.apache.axis.transport.http.HTTPSender - Server Apache/2.4.41 (Win64) OpenSSL/1.1.1c PHP/7.4.2
23:36:48.356 [Test worker] DEBUG org.apache.axis.transport.http.HTTPSender - X-Powered-By PHP/7.4.2
23:36:48.356 [Test worker] DEBUG org.apache.axis.transport.http.HTTPSender - Set-Cookie PHPSESSID=e7bnv69et2tbs7vt8nm059mup5; path=/; HttpOnly
23:36:48.357 [Test worker] DEBUG org.apache.axis.transport.http.HTTPSender - Cache-Control private, max-age=10800
23:36:48.357 [Test worker] DEBUG org.apache.axis.transport.http.HTTPSender - Last-Modified Sun, 29 Mar 2020 07:04:47 GMT
23:36:48.357 [Test worker] DEBUG org.apache.axis.transport.http.HTTPSender - Content-Length 2284
23:36:48.357 [Test worker] DEBUG org.apache.axis.transport.http.HTTPSender - Connection close
23:36:48.357 [Test worker] DEBUG org.apache.axis.transport.http.HTTPSender - Content-Type text/xml; charset=utf-8
23:36:48.357 [Test worker] DEBUG org.apache.axis.SOAPPart - Enter: SOAPPart ctor(FORM_INPUTSTREAM)
23:36:48.357 [Test worker] DEBUG org.apache.axis.i18n.ProjectResourceBundle - org.apache.axis.i18n.resource::handleGetObject(setMsgForm)
23:36:48.357 [Test worker] DEBUG org.apache.axis.SOAPPart - Setting current message form to: FORM_INPUTSTREAM (currentMessage is now org.apache.axis.transport.http.SocketInputStream)
23:36:48.357 [Test worker] DEBUG org.apache.axis.SOAPPart - Exit: SOAPPart ctor()
23:36:48.357 [Test worker] DEBUG org.apache.axis.i18n.ProjectResourceBundle - org.apache.axis.i18n.resource::handleGetObject(xmlRecd00)
23:36:48.357 [Test worker] DEBUG org.apache.axis.transport.http.HTTPSender - 
XML received:
23:36:48.357 [Test worker] DEBUG org.apache.axis.transport.http.HTTPSender - -----------------------------------------------
23:36:48.357 [Test worker] DEBUG org.apache.axis.SOAPPart - Enter: SOAPPart::getAsSOAPEnvelope()
23:36:48.357 [Test worker] DEBUG org.apache.axis.i18n.ProjectResourceBundle - org.apache.axis.i18n.resource::handleGetObject(currForm)
23:36:48.357 [Test worker] DEBUG org.apache.axis.SOAPPart - current form is FORM_INPUTSTREAM
23:36:48.357 [Test worker] DEBUG org.apache.axis.i18n.ProjectResourceBundle - org.apache.axis.i18n.resource::handleGetObject(pushHandler00)
23:36:48.357 [Test worker] DEBUG org.apache.axis.encoding.DeserializationContext - Pushing handler org.apache.axis.message.EnvelopeHandler@1ee73d51
23:36:48.358 [Test worker] DEBUG org.apache.axis.encoding.DeserializationContext - Enter: DeserializationContext::startPrefixMapping(SOAP-ENV, http://schemas.xmlsoap.org/soap/envelope/)
23:36:48.358 [Test worker] DEBUG org.apache.axis.encoding.DeserializationContext - Exit: DeserializationContext::startPrefixMapping()
23:36:48.358 [Test worker] DEBUG org.apache.axis.encoding.DeserializationContext - Enter: DeserializationContext::startPrefixMapping(ns1, http://futureware.biz/mantisconnect)
23:36:48.358 [Test worker] DEBUG org.apache.axis.encoding.DeserializationContext - Exit: DeserializationContext::startPrefixMapping()
23:36:48.358 [Test worker] DEBUG org.apache.axis.encoding.DeserializationContext - Enter: DeserializationContext::startPrefixMapping(xsd, http://www.w3.org/2001/XMLSchema)
23:36:48.358 [Test worker] DEBUG org.apache.axis.encoding.DeserializationContext - Exit: DeserializationContext::startPrefixMapping()
23:36:48.358 [Test worker] DEBUG org.apache.axis.encoding.DeserializationContext - Enter: DeserializationContext::startPrefixMapping(xsi, http://www.w3.org/2001/XMLSchema-instance)
23:36:48.358 [Test worker] DEBUG org.apache.axis.encoding.DeserializationContext - Exit: DeserializationContext::startPrefixMapping()
23:36:48.358 [Test worker] DEBUG org.apache.axis.encoding.DeserializationContext - Enter: DeserializationContext::startPrefixMapping(SOAP-ENC, http://schemas.xmlsoap.org/soap/encoding/)
23:36:48.358 [Test worker] DEBUG org.apache.axis.encoding.DeserializationContext - Exit: DeserializationContext::startPrefixMapping()
23:36:48.358 [Test worker] DEBUG org.apache.axis.encoding.DeserializationContext - Enter: DeserializationContext::startElement(http://schemas.xmlsoap.org/soap/envelope/, Envelope)
23:36:48.358 [Test worker] DEBUG org.apache.axis.i18n.ProjectResourceBundle - org.apache.axis.i18n.resource::handleGetObject(pushHandler00)
23:36:48.358 [Test worker] DEBUG org.apache.axis.encoding.DeserializationContext - Pushing handler org.apache.axis.message.EnvelopeBuilder@32cf2a2c
23:36:48.358 [Test worker] DEBUG org.apache.axis.encoding.DeserializationContext - Pushing element Envelope
23:36:48.358 [Test worker] DEBUG org.apache.axis.encoding.DeserializationContext - Exit: DeserializationContext::startElement()
23:36:48.358 [Test worker] DEBUG org.apache.axis.encoding.DeserializationContext - Enter: DeserializationContext::startElement(http://schemas.xmlsoap.org/soap/envelope/, Body)
23:36:48.358 [Test worker] DEBUG org.apache.axis.i18n.ProjectResourceBundle - org.apache.axis.i18n.resource::handleGetObject(pushHandler00)
23:36:48.358 [Test worker] DEBUG org.apache.axis.encoding.DeserializationContext - Pushing handler org.apache.axis.message.BodyBuilder@11dcdc58
23:36:48.358 [Test worker] DEBUG org.apache.axis.i18n.ProjectResourceBundle - org.apache.axis.i18n.resource::handleGetObject(newElem00)
23:36:48.358 [Test worker] DEBUG org.apache.axis.message.MessageElement - New MessageElement (org.apache.axis.message.SOAPBody@16e57a6b) named {SOAP-ENV}Body
23:36:48.358 [Test worker] DEBUG org.apache.axis.encoding.DeserializationContext - Pushing element Body
23:36:48.358 [Test worker] DEBUG org.apache.axis.encoding.DeserializationContext - Exit: DeserializationContext::startElement()
23:36:48.358 [Test worker] DEBUG org.apache.axis.encoding.DeserializationContext - Enter: DeserializationContext::startElement(http://futureware.biz/mantisconnect, mc_issue_getResponse)
23:36:48.358 [Test worker] DEBUG org.apache.axis.message.BodyBuilder - Enter: BodyBuilder::onStartChild()
23:36:48.358 [Test worker] DEBUG org.apache.axis.i18n.ProjectResourceBundle - org.apache.axis.i18n.resource::handleGetObject(newElem00)
23:36:48.358 [Test worker] DEBUG org.apache.axis.message.MessageElement - New MessageElement (org.apache.axis.message.RPCElement@31cfd053) named {ns1}mc_issue_getResponse
23:36:48.358 [Test worker] DEBUG org.apache.axis.message.BodyBuilder - Exit: BodyBuilder::onStartChild()
23:36:48.358 [Test worker] DEBUG org.apache.axis.i18n.ProjectResourceBundle - org.apache.axis.i18n.resource::handleGetObject(pushHandler00)
23:36:48.358 [Test worker] DEBUG org.apache.axis.encoding.DeserializationContext - Pushing handler org.apache.axis.message.SOAPHandler@7a1a120c
23:36:48.358 [Test worker] DEBUG org.apache.axis.encoding.DeserializationContext - Pushing element mc_issue_getResponse
23:36:48.358 [Test worker] DEBUG org.apache.axis.encoding.DeserializationContext - Exit: DeserializationContext::startElement()
23:36:48.358 [Test worker] DEBUG org.apache.axis.encoding.DeserializationContext - Enter: DeserializationContext::startElement(, return)
23:36:48.358 [Test worker] DEBUG org.apache.axis.i18n.ProjectResourceBundle - org.apache.axis.i18n.resource::handleGetObject(pushHandler00)
23:36:48.358 [Test worker] DEBUG org.apache.axis.encoding.DeserializationContext - Pushing handler org.apache.axis.message.SOAPHandler@d532f0b
23:36:48.358 [Test worker] DEBUG org.apache.axis.i18n.ProjectResourceBundle - org.apache.axis.i18n.resource::handleGetObject(newElem00)
23:36:48.358 [Test worker] DEBUG org.apache.axis.message.MessageElement - New MessageElement (org.apache.axis.message.MessageElement@30d82ae8) named {}return
23:36:48.359 [Test worker] DEBUG org.apache.axis.message.MessageElement -   xsi:type = 'ns1:IssueData'
23:36:48.359 [Test worker] DEBUG org.apache.axis.encoding.DeserializationContext - Pushing element return
23:36:48.359 [Test worker] DEBUG org.apache.axis.encoding.DeserializationContext - Exit: DeserializationContext::startElement()
23:36:48.359 [Test worker] DEBUG org.apache.axis.encoding.DeserializationContext - Enter: DeserializationContext::startElement(, id)
23:36:48.359 [Test worker] DEBUG org.apache.axis.i18n.ProjectResourceBundle - org.apache.axis.i18n.resource::handleGetObject(pushHandler00)
23:36:48.359 [Test worker] DEBUG org.apache.axis.encoding.DeserializationContext - Pushing handler org.apache.axis.message.SOAPHandler@7f5a29e8
23:36:48.359 [Test worker] DEBUG org.apache.axis.i18n.ProjectResourceBundle - org.apache.axis.i18n.resource::handleGetObject(newElem00)
23:36:48.359 [Test worker] DEBUG org.apache.axis.message.MessageElement - New MessageElement (org.apache.axis.message.MessageElement@55face7d) named {}id
23:36:48.359 [Test worker] DEBUG org.apache.axis.message.MessageElement -   xsi:type = 'xsd:integer'
23:36:48.359 [Test worker] DEBUG org.apache.axis.encoding.DeserializationContext - Pushing element id
23:36:48.359 [Test worker] DEBUG org.apache.axis.encoding.DeserializationContext - Exit: DeserializationContext::startElement()
23:36:48.359 [Test worker] DEBUG org.apache.axis.encoding.DeserializationContext - Enter: DeserializationContext::endElement(, id)
23:36:48.359 [Test worker] DEBUG org.apache.axis.i18n.ProjectResourceBundle - org.apache.axis.i18n.resource::handleGetObject(popHandler00)
23:36:48.359 [Test worker] DEBUG org.apache.axis.encoding.DeserializationContext - Popping handler org.apache.axis.message.SOAPHandler@7f5a29e8
23:36:48.359 [Test worker] DEBUG org.apache.axis.encoding.DeserializationContext - Popped element stack to org.apache.axis.message.MessageElement:return
23:36:48.359 [Test worker] DEBUG org.apache.axis.encoding.DeserializationContext - Exit: DeserializationContext::endElement()
23:36:48.359 [Test worker] DEBUG org.apache.axis.encoding.DeserializationContext - Enter: DeserializationContext::startElement(, view_state)
23:36:48.359 [Test worker] DEBUG org.apache.axis.i18n.ProjectResourceBundle - org.apache.axis.i18n.resource::handleGetObject(pushHandler00)
23:36:48.359 [Test worker] DEBUG org.apache.axis.encoding.DeserializationContext - Pushing handler org.apache.axis.message.SOAPHandler@41c588be
23:36:48.359 [Test worker] DEBUG org.apache.axis.i18n.ProjectResourceBundle - org.apache.axis.i18n.resource::handleGetObject(newElem00)
23:36:48.359 [Test worker] DEBUG org.apache.axis.message.MessageElement - New MessageElement (org.apache.axis.message.MessageElement@30bb7504) named {}view_state
23:36:48.359 [Test worker] DEBUG org.apache.axis.message.MessageElement -   xsi:type = 'ns1:ObjectRef'
23:36:48.359 [Test worker] DEBUG org.apache.axis.encoding.DeserializationContext - Pushing element view_state
23:36:48.359 [Test worker] DEBUG org.apache.axis.encoding.DeserializationContext - Exit: DeserializationContext::startElement()
23:36:48.359 [Test worker] DEBUG org.apache.axis.encoding.DeserializationContext - Enter: DeserializationContext::startElement(, id)
23:36:48.359 [Test worker] DEBUG org.apache.axis.i18n.ProjectResourceBundle - org.apache.axis.i18n.resource::handleGetObject(pushHandler00)
23:36:48.359 [Test worker] DEBUG org.apache.axis.encoding.DeserializationContext - Pushing handler org.apache.axis.message.SOAPHandler@1e800f92
23:36:48.359 [Test worker] DEBUG org.apache.axis.i18n.ProjectResourceBundle - org.apache.axis.i18n.resource::handleGetObject(newElem00)
23:36:48.359 [Test worker] DEBUG org.apache.axis.message.MessageElement - New MessageElement (org.apache.axis.message.MessageElement@1d0aa319) named {}id
23:36:48.359 [Test worker] DEBUG org.apache.axis.message.MessageElement -   xsi:type = 'xsd:integer'
23:36:48.359 [Test worker] DEBUG org.apache.axis.encoding.DeserializationContext - Pushing element id
23:36:48.359 [Test worker] DEBUG org.apache.axis.encoding.DeserializationContext - Exit: DeserializationContext::startElement()
23:36:48.359 [Test worker] DEBUG org.apache.axis.encoding.DeserializationContext - Enter: DeserializationContext::endElement(, id)
23:36:48.359 [Test worker] DEBUG org.apache.axis.i18n.ProjectResourceBundle - org.apache.axis.i18n.resource::handleGetObject(popHandler00)
23:36:48.359 [Test worker] DEBUG org.apache.axis.encoding.DeserializationContext - Popping handler org.apache.axis.message.SOAPHandler@1e800f92
23:36:48.359 [Test worker] DEBUG org.apache.axis.encoding.DeserializationContext - Popped element stack to org.apache.axis.message.MessageElement:view_state
23:36:48.359 [Test worker] DEBUG org.apache.axis.encoding.DeserializationContext - Exit: DeserializationContext::endElement()
23:36:48.360 [Test worker] DEBUG org.apache.axis.encoding.DeserializationContext - Enter: DeserializationContext::startElement(, name)
23:36:48.360 [Test worker] DEBUG org.apache.axis.i18n.ProjectResourceBundle - org.apache.axis.i18n.resource::handleGetObject(pushHandler00)
23:36:48.360 [Test worker] DEBUG org.apache.axis.encoding.DeserializationContext - Pushing handler org.apache.axis.message.SOAPHandler@7067587e
23:36:48.360 [Test worker] DEBUG org.apache.axis.i18n.ProjectResourceBundle - org.apache.axis.i18n.resource::handleGetObject(newElem00)
23:36:48.360 [Test worker] DEBUG org.apache.axis.message.MessageElement - New MessageElement (org.apache.axis.message.MessageElement@1b9f0023) named {}name
23:36:48.360 [Test worker] DEBUG org.apache.axis.message.MessageElement -   xsi:type = 'xsd:string'
23:36:48.360 [Test worker] DEBUG org.apache.axis.encoding.DeserializationContext - Pushing element name
23:36:48.360 [Test worker] DEBUG org.apache.axis.encoding.DeserializationContext - Exit: DeserializationContext::startElement()
23:36:48.360 [Test worker] DEBUG org.apache.axis.encoding.DeserializationContext - Enter: DeserializationContext::endElement(, name)
23:36:48.360 [Test worker] DEBUG org.apache.axis.i18n.ProjectResourceBundle - org.apache.axis.i18n.resource::handleGetObject(popHandler00)
23:36:48.360 [Test worker] DEBUG org.apache.axis.encoding.DeserializationContext - Popping handler org.apache.axis.message.SOAPHandler@7067587e
23:36:48.360 [Test worker] DEBUG org.apache.axis.encoding.DeserializationContext - Popped element stack to org.apache.axis.message.MessageElement:view_state
23:36:48.360 [Test worker] DEBUG org.apache.axis.encoding.DeserializationContext - Exit: DeserializationContext::endElement()
23:36:48.360 [Test worker] DEBUG org.apache.axis.encoding.DeserializationContext - Enter: DeserializationContext::endElement(, view_state)
23:36:48.360 [Test worker] DEBUG org.apache.axis.i18n.ProjectResourceBundle - org.apache.axis.i18n.resource::handleGetObject(popHandler00)
23:36:48.360 [Test worker] DEBUG org.apache.axis.encoding.DeserializationContext - Popping handler org.apache.axis.message.SOAPHandler@41c588be
23:36:48.360 [Test worker] DEBUG org.apache.axis.encoding.DeserializationContext - Popped element stack to org.apache.axis.message.MessageElement:return
23:36:48.360 [Test worker] DEBUG org.apache.axis.encoding.DeserializationContext - Exit: DeserializationContext::endElement()
23:36:48.360 [Test worker] DEBUG org.apache.axis.encoding.DeserializationContext - Enter: DeserializationContext::startElement(, last_updated)
23:36:48.360 [Test worker] DEBUG org.apache.axis.i18n.ProjectResourceBundle - org.apache.axis.i18n.resource::handleGetObject(pushHandler00)
23:36:48.360 [Test worker] DEBUG org.apache.axis.encoding.DeserializationContext - Pushing handler org.apache.axis.message.SOAPHandler@57d605d
23:36:48.360 [Test worker] DEBUG org.apache.axis.i18n.ProjectResourceBundle - org.apache.axis.i18n.resource::handleGetObject(newElem00)
23:36:48.360 [Test worker] DEBUG org.apache.axis.message.MessageElement - New MessageElement (org.apache.axis.message.MessageElement@4d271980) named {}last_updated
23:36:48.360 [Test worker] DEBUG org.apache.axis.message.MessageElement -   xsi:type = 'xsd:dateTime'
23:36:48.360 [Test worker] DEBUG org.apache.axis.encoding.DeserializationContext - Pushing element last_updated
23:36:48.360 [Test worker] DEBUG org.apache.axis.encoding.DeserializationContext - Exit: DeserializationContext::startElement()
23:36:48.360 [Test worker] DEBUG org.apache.axis.encoding.DeserializationContext - Enter: DeserializationContext::endElement(, last_updated)
23:36:48.360 [Test worker] DEBUG org.apache.axis.i18n.ProjectResourceBundle - org.apache.axis.i18n.resource::handleGetObject(popHandler00)
23:36:48.360 [Test worker] DEBUG org.apache.axis.encoding.DeserializationContext - Popping handler org.apache.axis.message.SOAPHandler@57d605d
23:36:48.360 [Test worker] DEBUG org.apache.axis.encoding.DeserializationContext - Popped element stack to org.apache.axis.message.MessageElement:return
23:36:48.360 [Test worker] DEBUG org.apache.axis.encoding.DeserializationContext - Exit: DeserializationContext::endElement()
23:36:48.360 [Test worker] DEBUG org.apache.axis.encoding.DeserializationContext - Enter: DeserializationContext::startElement(, project)
23:36:48.360 [Test worker] DEBUG org.apache.axis.i18n.ProjectResourceBundle - org.apache.axis.i18n.resource::handleGetObject(pushHandler00)
23:36:48.360 [Test worker] DEBUG org.apache.axis.encoding.DeserializationContext - Pushing handler org.apache.axis.message.SOAPHandler@7491cf2
23:36:48.360 [Test worker] DEBUG org.apache.axis.i18n.ProjectResourceBundle - org.apache.axis.i18n.resource::handleGetObject(newElem00)
23:36:48.360 [Test worker] DEBUG org.apache.axis.message.MessageElement - New MessageElement (org.apache.axis.message.MessageElement@64348a20) named {}project
23:36:48.360 [Test worker] DEBUG org.apache.axis.message.MessageElement -   xsi:type = 'ns1:ObjectRef'
23:36:48.360 [Test worker] DEBUG org.apache.axis.encoding.DeserializationContext - Pushing element project
23:36:48.360 [Test worker] DEBUG org.apache.axis.encoding.DeserializationContext - Exit: DeserializationContext::startElement()
23:36:48.360 [Test worker] DEBUG org.apache.axis.encoding.DeserializationContext - Enter: DeserializationContext::startElement(, id)
23:36:48.361 [Test worker] DEBUG org.apache.axis.i18n.ProjectResourceBundle - org.apache.axis.i18n.resource::handleGetObject(pushHandler00)
23:36:48.361 [Test worker] DEBUG org.apache.axis.encoding.DeserializationContext - Pushing handler org.apache.axis.message.SOAPHandler@aa57173
23:36:48.361 [Test worker] DEBUG org.apache.axis.i18n.ProjectResourceBundle - org.apache.axis.i18n.resource::handleGetObject(newElem00)
23:36:48.361 [Test worker] DEBUG org.apache.axis.message.MessageElement - New MessageElement (org.apache.axis.message.MessageElement@7f3b92be) named {}id
23:36:48.361 [Test worker] DEBUG org.apache.axis.message.MessageElement -   xsi:type = 'xsd:integer'
23:36:48.361 [Test worker] DEBUG org.apache.axis.encoding.DeserializationContext - Pushing element id
23:36:48.361 [Test worker] DEBUG org.apache.axis.encoding.DeserializationContext - Exit: DeserializationContext::startElement()
23:36:48.361 [Test worker] DEBUG org.apache.axis.encoding.DeserializationContext - Enter: DeserializationContext::endElement(, id)
23:36:48.361 [Test worker] DEBUG org.apache.axis.i18n.ProjectResourceBundle - org.apache.axis.i18n.resource::handleGetObject(popHandler00)
23:36:48.361 [Test worker] DEBUG org.apache.axis.encoding.DeserializationContext - Popping handler org.apache.axis.message.SOAPHandler@aa57173
23:36:48.361 [Test worker] DEBUG org.apache.axis.encoding.DeserializationContext - Popped element stack to org.apache.axis.message.MessageElement:project
23:36:48.361 [Test worker] DEBUG org.apache.axis.encoding.DeserializationContext - Exit: DeserializationContext::endElement()
23:36:48.361 [Test worker] DEBUG org.apache.axis.encoding.DeserializationContext - Enter: DeserializationContext::startElement(, name)
23:36:48.361 [Test worker] DEBUG org.apache.axis.i18n.ProjectResourceBundle - org.apache.axis.i18n.resource::handleGetObject(pushHandler00)
23:36:48.361 [Test worker] DEBUG org.apache.axis.encoding.DeserializationContext - Pushing handler org.apache.axis.message.SOAPHandler@305aaf27
23:36:48.361 [Test worker] DEBUG org.apache.axis.i18n.ProjectResourceBundle - org.apache.axis.i18n.resource::handleGetObject(newElem00)
23:36:48.361 [Test worker] DEBUG org.apache.axis.message.MessageElement - New MessageElement (org.apache.axis.message.MessageElement@70ff4686) named {}name
23:36:48.361 [Test worker] DEBUG org.apache.axis.message.MessageElement -   xsi:type = 'xsd:string'
23:36:48.361 [Test worker] DEBUG org.apache.axis.encoding.DeserializationContext - Pushing element name
23:36:48.361 [Test worker] DEBUG org.apache.axis.encoding.DeserializationContext - Exit: DeserializationContext::startElement()
23:36:48.361 [Test worker] DEBUG org.apache.axis.encoding.DeserializationContext - Enter: DeserializationContext::endElement(, name)
23:36:48.361 [Test worker] DEBUG org.apache.axis.i18n.ProjectResourceBundle - org.apache.axis.i18n.resource::handleGetObject(popHandler00)
23:36:48.361 [Test worker] DEBUG org.apache.axis.encoding.DeserializationContext - Popping handler org.apache.axis.message.SOAPHandler@305aaf27
23:36:48.361 [Test worker] DEBUG org.apache.axis.encoding.DeserializationContext - Popped element stack to org.apache.axis.message.MessageElement:project
23:36:48.361 [Test worker] DEBUG org.apache.axis.encoding.DeserializationContext - Exit: DeserializationContext::endElement()
23:36:48.361 [Test worker] DEBUG org.apache.axis.encoding.DeserializationContext - Enter: DeserializationContext::endElement(, project)
23:36:48.361 [Test worker] DEBUG org.apache.axis.i18n.ProjectResourceBundle - org.apache.axis.i18n.resource::handleGetObject(popHandler00)
23:36:48.361 [Test worker] DEBUG org.apache.axis.encoding.DeserializationContext - Popping handler org.apache.axis.message.SOAPHandler@7491cf2
23:36:48.361 [Test worker] DEBUG org.apache.axis.encoding.DeserializationContext - Popped element stack to org.apache.axis.message.MessageElement:return
23:36:48.361 [Test worker] DEBUG org.apache.axis.encoding.DeserializationContext - Exit: DeserializationContext::endElement()
23:36:48.361 [Test worker] DEBUG org.apache.axis.encoding.DeserializationContext - Enter: DeserializationContext::startElement(, category)
23:36:48.361 [Test worker] DEBUG org.apache.axis.i18n.ProjectResourceBundle - org.apache.axis.i18n.resource::handleGetObject(pushHandler00)
23:36:48.361 [Test worker] DEBUG org.apache.axis.encoding.DeserializationContext - Pushing handler org.apache.axis.message.SOAPHandler@51709f03
23:36:48.361 [Test worker] DEBUG org.apache.axis.i18n.ProjectResourceBundle - org.apache.axis.i18n.resource::handleGetObject(newElem00)
23:36:48.361 [Test worker] DEBUG org.apache.axis.message.MessageElement - New MessageElement (org.apache.axis.message.MessageElement@72fd59f1) named {}category
23:36:48.361 [Test worker] DEBUG org.apache.axis.message.MessageElement -   xsi:type = 'xsd:string'
23:36:48.361 [Test worker] DEBUG org.apache.axis.encoding.DeserializationContext - Pushing element category
23:36:48.361 [Test worker] DEBUG org.apache.axis.encoding.DeserializationContext - Exit: DeserializationContext::startElement()
23:36:48.361 [Test worker] DEBUG org.apache.axis.encoding.DeserializationContext - Enter: DeserializationContext::endElement(, category)
23:36:48.361 [Test worker] DEBUG org.apache.axis.i18n.ProjectResourceBundle - org.apache.axis.i18n.resource::handleGetObject(popHandler00)
23:36:48.361 [Test worker] DEBUG org.apache.axis.encoding.DeserializationContext - Popping handler org.apache.axis.message.SOAPHandler@51709f03
23:36:48.361 [Test worker] DEBUG org.apache.axis.encoding.DeserializationContext - Popped element stack to org.apache.axis.message.MessageElement:return
23:36:48.361 [Test worker] DEBUG org.apache.axis.encoding.DeserializationContext - Exit: DeserializationContext::endElement()
23:36:48.361 [Test worker] DEBUG org.apache.axis.encoding.DeserializationContext - Enter: DeserializationContext::startElement(, priority)
23:36:48.361 [Test worker] DEBUG org.apache.axis.i18n.ProjectResourceBundle - org.apache.axis.i18n.resource::handleGetObject(pushHandler00)
23:36:48.361 [Test worker] DEBUG org.apache.axis.encoding.DeserializationContext - Pushing handler org.apache.axis.message.SOAPHandler@173be31e
23:36:48.361 [Test worker] DEBUG org.apache.axis.i18n.ProjectResourceBundle - org.apache.axis.i18n.resource::handleGetObject(newElem00)
23:36:48.361 [Test worker] DEBUG org.apache.axis.message.MessageElement - New MessageElement (org.apache.axis.message.MessageElement@1dfa4c09) named {}priority
23:36:48.361 [Test worker] DEBUG org.apache.axis.message.MessageElement -   xsi:type = 'ns1:ObjectRef'
23:36:48.362 [Test worker] DEBUG org.apache.axis.encoding.DeserializationContext - Pushing element priority
23:36:48.362 [Test worker] DEBUG org.apache.axis.encoding.DeserializationContext - Exit: DeserializationContext::startElement()
23:36:48.362 [Test worker] DEBUG org.apache.axis.encoding.DeserializationContext - Enter: DeserializationContext::startElement(, id)
23:36:48.362 [Test worker] DEBUG org.apache.axis.i18n.ProjectResourceBundle - org.apache.axis.i18n.resource::handleGetObject(pushHandler00)
23:36:48.362 [Test worker] DEBUG org.apache.axis.encoding.DeserializationContext - Pushing handler org.apache.axis.message.SOAPHandler@48a75032
23:36:48.362 [Test worker] DEBUG org.apache.axis.i18n.ProjectResourceBundle - org.apache.axis.i18n.resource::handleGetObject(newElem00)
23:36:48.362 [Test worker] DEBUG org.apache.axis.message.MessageElement - New MessageElement (org.apache.axis.message.MessageElement@500dba06) named {}id
23:36:48.362 [Test worker] DEBUG org.apache.axis.message.MessageElement -   xsi:type = 'xsd:integer'
23:36:48.362 [Test worker] DEBUG org.apache.axis.encoding.DeserializationContext - Pushing element id
23:36:48.362 [Test worker] DEBUG org.apache.axis.encoding.DeserializationContext - Exit: DeserializationContext::startElement()
23:36:48.362 [Test worker] DEBUG org.apache.axis.encoding.DeserializationContext - Enter: DeserializationContext::endElement(, id)
23:36:48.362 [Test worker] DEBUG org.apache.axis.i18n.ProjectResourceBundle - org.apache.axis.i18n.resource::handleGetObject(popHandler00)
23:36:48.362 [Test worker] DEBUG org.apache.axis.encoding.DeserializationContext - Popping handler org.apache.axis.message.SOAPHandler@48a75032
23:36:48.362 [Test worker] DEBUG org.apache.axis.encoding.DeserializationContext - Popped element stack to org.apache.axis.message.MessageElement:priority
23:36:48.362 [Test worker] DEBUG org.apache.axis.encoding.DeserializationContext - Exit: DeserializationContext::endElement()
23:36:48.362 [Test worker] DEBUG org.apache.axis.encoding.DeserializationContext - Enter: DeserializationContext::startElement(, name)
23:36:48.362 [Test worker] DEBUG org.apache.axis.i18n.ProjectResourceBundle - org.apache.axis.i18n.resource::handleGetObject(pushHandler00)
23:36:48.362 [Test worker] DEBUG org.apache.axis.encoding.DeserializationContext - Pushing handler org.apache.axis.message.SOAPHandler@1866900a
23:36:48.362 [Test worker] DEBUG org.apache.axis.i18n.ProjectResourceBundle - org.apache.axis.i18n.resource::handleGetObject(newElem00)
23:36:48.362 [Test worker] DEBUG org.apache.axis.message.MessageElement - New MessageElement (org.apache.axis.message.MessageElement@57b31d0b) named {}name
23:36:48.362 [Test worker] DEBUG org.apache.axis.message.MessageElement -   xsi:type = 'xsd:string'
23:36:48.362 [Test worker] DEBUG org.apache.axis.encoding.DeserializationContext - Pushing element name
23:36:48.362 [Test worker] DEBUG org.apache.axis.encoding.DeserializationContext - Exit: DeserializationContext::startElement()
23:36:48.362 [Test worker] DEBUG org.apache.axis.encoding.DeserializationContext - Enter: DeserializationContext::endElement(, name)
23:36:48.362 [Test worker] DEBUG org.apache.axis.i18n.ProjectResourceBundle - org.apache.axis.i18n.resource::handleGetObject(popHandler00)
23:36:48.362 [Test worker] DEBUG org.apache.axis.encoding.DeserializationContext - Popping handler org.apache.axis.message.SOAPHandler@1866900a
23:36:48.362 [Test worker] DEBUG org.apache.axis.encoding.DeserializationContext - Popped element stack to org.apache.axis.message.MessageElement:priority
23:36:48.362 [Test worker] DEBUG org.apache.axis.encoding.DeserializationContext - Exit: DeserializationContext::endElement()
23:36:48.362 [Test worker] DEBUG org.apache.axis.encoding.DeserializationContext - Enter: DeserializationContext::endElement(, priority)
23:36:48.362 [Test worker] DEBUG org.apache.axis.i18n.ProjectResourceBundle - org.apache.axis.i18n.resource::handleGetObject(popHandler00)
23:36:48.362 [Test worker] DEBUG org.apache.axis.encoding.DeserializationContext - Popping handler org.apache.axis.message.SOAPHandler@173be31e
23:36:48.362 [Test worker] DEBUG org.apache.axis.encoding.DeserializationContext - Popped element stack to org.apache.axis.message.MessageElement:return
23:36:48.362 [Test worker] DEBUG org.apache.axis.encoding.DeserializationContext - Exit: DeserializationContext::endElement()
23:36:48.362 [Test worker] DEBUG org.apache.axis.encoding.DeserializationContext - Enter: DeserializationContext::startElement(, severity)
23:36:48.362 [Test worker] DEBUG org.apache.axis.i18n.ProjectResourceBundle - org.apache.axis.i18n.resource::handleGetObject(pushHandler00)
23:36:48.362 [Test worker] DEBUG org.apache.axis.encoding.DeserializationContext - Pushing handler org.apache.axis.message.SOAPHandler@25e7e10f
23:36:48.362 [Test worker] DEBUG org.apache.axis.i18n.ProjectResourceBundle - org.apache.axis.i18n.resource::handleGetObject(newElem00)
23:36:48.362 [Test worker] DEBUG org.apache.axis.message.MessageElement - New MessageElement (org.apache.axis.message.MessageElement@1887a23f) named {}severity
23:36:48.362 [Test worker] DEBUG org.apache.axis.message.MessageElement -   xsi:type = 'ns1:ObjectRef'
23:36:48.362 [Test worker] DEBUG org.apache.axis.encoding.DeserializationContext - Pushing element severity
23:36:48.362 [Test worker] DEBUG org.apache.axis.encoding.DeserializationContext - Exit: DeserializationContext::startElement()
23:36:48.362 [Test worker] DEBUG org.apache.axis.encoding.DeserializationContext - Enter: DeserializationContext::startElement(, id)
23:36:48.362 [Test worker] DEBUG org.apache.axis.i18n.ProjectResourceBundle - org.apache.axis.i18n.resource::handleGetObject(pushHandler00)
23:36:48.362 [Test worker] DEBUG org.apache.axis.encoding.DeserializationContext - Pushing handler org.apache.axis.message.SOAPHandler@34cd87e5
23:36:48.363 [Test worker] DEBUG org.apache.axis.i18n.ProjectResourceBundle - org.apache.axis.i18n.resource::handleGetObject(newElem00)
23:36:48.363 [Test worker] DEBUG org.apache.axis.message.MessageElement - New MessageElement (org.apache.axis.message.MessageElement@7bd98f32) named {}id
23:36:48.363 [Test worker] DEBUG org.apache.axis.message.MessageElement -   xsi:type = 'xsd:integer'
23:36:48.363 [Test worker] DEBUG org.apache.axis.encoding.DeserializationContext - Pushing element id
23:36:48.363 [Test worker] DEBUG org.apache.axis.encoding.DeserializationContext - Exit: DeserializationContext::startElement()
23:36:48.363 [Test worker] DEBUG org.apache.axis.encoding.DeserializationContext - Enter: DeserializationContext::endElement(, id)
23:36:48.363 [Test worker] DEBUG org.apache.axis.i18n.ProjectResourceBundle - org.apache.axis.i18n.resource::handleGetObject(popHandler00)
23:36:48.363 [Test worker] DEBUG org.apache.axis.encoding.DeserializationContext - Popping handler org.apache.axis.message.SOAPHandler@34cd87e5
23:36:48.363 [Test worker] DEBUG org.apache.axis.encoding.DeserializationContext - Popped element stack to org.apache.axis.message.MessageElement:severity
23:36:48.363 [Test worker] DEBUG org.apache.axis.encoding.DeserializationContext - Exit: DeserializationContext::endElement()
23:36:48.363 [Test worker] DEBUG org.apache.axis.encoding.DeserializationContext - Enter: DeserializationContext::startElement(, name)
23:36:48.363 [Test worker] DEBUG org.apache.axis.i18n.ProjectResourceBundle - org.apache.axis.i18n.resource::handleGetObject(pushHandler00)
23:36:48.363 [Test worker] DEBUG org.apache.axis.encoding.DeserializationContext - Pushing handler org.apache.axis.message.SOAPHandler@61ace6df
23:36:48.363 [Test worker] DEBUG org.apache.axis.i18n.ProjectResourceBundle - org.apache.axis.i18n.resource::handleGetObject(newElem00)
23:36:48.363 [Test worker] DEBUG org.apache.axis.message.MessageElement - New MessageElement (org.apache.axis.message.MessageElement@441f268f) named {}name
23:36:48.363 [Test worker] DEBUG org.apache.axis.message.MessageElement -   xsi:type = 'xsd:string'
23:36:48.363 [Test worker] DEBUG org.apache.axis.encoding.DeserializationContext - Pushing element name
23:36:48.363 [Test worker] DEBUG org.apache.axis.encoding.DeserializationContext - Exit: DeserializationContext::startElement()
23:36:48.363 [Test worker] DEBUG org.apache.axis.encoding.DeserializationContext - Enter: DeserializationContext::endElement(, name)
23:36:48.363 [Test worker] DEBUG org.apache.axis.i18n.ProjectResourceBundle - org.apache.axis.i18n.resource::handleGetObject(popHandler00)
23:36:48.363 [Test worker] DEBUG org.apache.axis.encoding.DeserializationContext - Popping handler org.apache.axis.message.SOAPHandler@61ace6df
23:36:48.363 [Test worker] DEBUG org.apache.axis.encoding.DeserializationContext - Popped element stack to org.apache.axis.message.MessageElement:severity
23:36:48.363 [Test worker] DEBUG org.apache.axis.encoding.DeserializationContext - Exit: DeserializationContext::endElement()
23:36:48.363 [Test worker] DEBUG org.apache.axis.encoding.DeserializationContext - Enter: DeserializationContext::endElement(, severity)
23:36:48.363 [Test worker] DEBUG org.apache.axis.i18n.ProjectResourceBundle - org.apache.axis.i18n.resource::handleGetObject(popHandler00)
23:36:48.363 [Test worker] DEBUG org.apache.axis.encoding.DeserializationContext - Popping handler org.apache.axis.message.SOAPHandler@25e7e10f
23:36:48.363 [Test worker] DEBUG org.apache.axis.encoding.DeserializationContext - Popped element stack to org.apache.axis.message.MessageElement:return
23:36:48.363 [Test worker] DEBUG org.apache.axis.encoding.DeserializationContext - Exit: DeserializationContext::endElement()
23:36:48.363 [Test worker] DEBUG org.apache.axis.encoding.DeserializationContext - Enter: DeserializationContext::startElement(, status)
23:36:48.363 [Test worker] DEBUG org.apache.axis.i18n.ProjectResourceBundle - org.apache.axis.i18n.resource::handleGetObject(pushHandler00)
23:36:48.363 [Test worker] DEBUG org.apache.axis.encoding.DeserializationContext - Pushing handler org.apache.axis.message.SOAPHandler@1c357346
23:36:48.363 [Test worker] DEBUG org.apache.axis.i18n.ProjectResourceBundle - org.apache.axis.i18n.resource::handleGetObject(newElem00)
23:36:48.363 [Test worker] DEBUG org.apache.axis.message.MessageElement - New MessageElement (org.apache.axis.message.MessageElement@2ba2dfed) named {}status
23:36:48.363 [Test worker] DEBUG org.apache.axis.message.MessageElement -   xsi:type = 'ns1:ObjectRef'
23:36:48.363 [Test worker] DEBUG org.apache.axis.encoding.DeserializationContext - Pushing element status
23:36:48.363 [Test worker] DEBUG org.apache.axis.encoding.DeserializationContext - Exit: DeserializationContext::startElement()
23:36:48.363 [Test worker] DEBUG org.apache.axis.encoding.DeserializationContext - Enter: DeserializationContext::startElement(, id)
23:36:48.363 [Test worker] DEBUG org.apache.axis.i18n.ProjectResourceBundle - org.apache.axis.i18n.resource::handleGetObject(pushHandler00)
23:36:48.363 [Test worker] DEBUG org.apache.axis.encoding.DeserializationContext - Pushing handler org.apache.axis.message.SOAPHandler@2d3e4e58
23:36:48.363 [Test worker] DEBUG org.apache.axis.i18n.ProjectResourceBundle - org.apache.axis.i18n.resource::handleGetObject(newElem00)
23:36:48.363 [Test worker] DEBUG org.apache.axis.message.MessageElement - New MessageElement (org.apache.axis.message.MessageElement@10a82e2e) named {}id
23:36:48.363 [Test worker] DEBUG org.apache.axis.message.MessageElement -   xsi:type = 'xsd:integer'
23:36:48.363 [Test worker] DEBUG org.apache.axis.encoding.DeserializationContext - Pushing element id
23:36:48.363 [Test worker] DEBUG org.apache.axis.encoding.DeserializationContext - Exit: DeserializationContext::startElement()
23:36:48.363 [Test worker] DEBUG org.apache.axis.encoding.DeserializationContext - Enter: DeserializationContext::endElement(, id)
23:36:48.363 [Test worker] DEBUG org.apache.axis.i18n.ProjectResourceBundle - org.apache.axis.i18n.resource::handleGetObject(popHandler00)
23:36:48.363 [Test worker] DEBUG org.apache.axis.encoding.DeserializationContext - Popping handler org.apache.axis.message.SOAPHandler@2d3e4e58
23:36:48.363 [Test worker] DEBUG org.apache.axis.encoding.DeserializationContext - Popped element stack to org.apache.axis.message.MessageElement:status
23:36:48.363 [Test worker] DEBUG org.apache.axis.encoding.DeserializationContext - Exit: DeserializationContext::endElement()
23:36:48.363 [Test worker] DEBUG org.apache.axis.encoding.DeserializationContext - Enter: DeserializationContext::startElement(, name)
23:36:48.363 [Test worker] DEBUG org.apache.axis.i18n.ProjectResourceBundle - org.apache.axis.i18n.resource::handleGetObject(pushHandler00)
23:36:48.364 [Test worker] DEBUG org.apache.axis.encoding.DeserializationContext - Pushing handler org.apache.axis.message.SOAPHandler@2730c03e
23:36:48.364 [Test worker] DEBUG org.apache.axis.i18n.ProjectResourceBundle - org.apache.axis.i18n.resource::handleGetObject(newElem00)
23:36:48.364 [Test worker] DEBUG org.apache.axis.message.MessageElement - New MessageElement (org.apache.axis.message.MessageElement@1ad02e82) named {}name
23:36:48.364 [Test worker] DEBUG org.apache.axis.message.MessageElement -   xsi:type = 'xsd:string'
23:36:48.364 [Test worker] DEBUG org.apache.axis.encoding.DeserializationContext - Pushing element name
23:36:48.364 [Test worker] DEBUG org.apache.axis.encoding.DeserializationContext - Exit: DeserializationContext::startElement()
23:36:48.364 [Test worker] DEBUG org.apache.axis.encoding.DeserializationContext - Enter: DeserializationContext::endElement(, name)
23:36:48.364 [Test worker] DEBUG org.apache.axis.i18n.ProjectResourceBundle - org.apache.axis.i18n.resource::handleGetObject(popHandler00)
23:36:48.364 [Test worker] DEBUG org.apache.axis.encoding.DeserializationContext - Popping handler org.apache.axis.message.SOAPHandler@2730c03e
23:36:48.364 [Test worker] DEBUG org.apache.axis.encoding.DeserializationContext - Popped element stack to org.apache.axis.message.MessageElement:status
23:36:48.364 [Test worker] DEBUG org.apache.axis.encoding.DeserializationContext - Exit: DeserializationContext::endElement()
23:36:48.364 [Test worker] DEBUG org.apache.axis.encoding.DeserializationContext - Enter: DeserializationContext::endElement(, status)
23:36:48.364 [Test worker] DEBUG org.apache.axis.i18n.ProjectResourceBundle - org.apache.axis.i18n.resource::handleGetObject(popHandler00)
23:36:48.364 [Test worker] DEBUG org.apache.axis.encoding.DeserializationContext - Popping handler org.apache.axis.message.SOAPHandler@1c357346
23:36:48.364 [Test worker] DEBUG org.apache.axis.encoding.DeserializationContext - Popped element stack to org.apache.axis.message.MessageElement:return
23:36:48.364 [Test worker] DEBUG org.apache.axis.encoding.DeserializationContext - Exit: DeserializationContext::endElement()
23:36:48.364 [Test worker] DEBUG org.apache.axis.encoding.DeserializationContext - Enter: DeserializationContext::startElement(, reporter)
23:36:48.364 [Test worker] DEBUG org.apache.axis.i18n.ProjectResourceBundle - org.apache.axis.i18n.resource::handleGetObject(pushHandler00)
23:36:48.364 [Test worker] DEBUG org.apache.axis.encoding.DeserializationContext - Pushing handler org.apache.axis.message.SOAPHandler@45c3ff0e
23:36:48.364 [Test worker] DEBUG org.apache.axis.i18n.ProjectResourceBundle - org.apache.axis.i18n.resource::handleGetObject(newElem00)
23:36:48.364 [Test worker] DEBUG org.apache.axis.message.MessageElement - New MessageElement (org.apache.axis.message.MessageElement@144b60c6) named {}reporter
23:36:48.364 [Test worker] DEBUG org.apache.axis.message.MessageElement -   xsi:type = 'ns1:AccountData'
23:36:48.364 [Test worker] DEBUG org.apache.axis.encoding.DeserializationContext - Pushing element reporter
23:36:48.364 [Test worker] DEBUG org.apache.axis.encoding.DeserializationContext - Exit: DeserializationContext::startElement()
23:36:48.364 [Test worker] DEBUG org.apache.axis.encoding.DeserializationContext - Enter: DeserializationContext::startElement(, id)
23:36:48.364 [Test worker] DEBUG org.apache.axis.i18n.ProjectResourceBundle - org.apache.axis.i18n.resource::handleGetObject(pushHandler00)
23:36:48.364 [Test worker] DEBUG org.apache.axis.encoding.DeserializationContext - Pushing handler org.apache.axis.message.SOAPHandler@35db7341
23:36:48.364 [Test worker] DEBUG org.apache.axis.i18n.ProjectResourceBundle - org.apache.axis.i18n.resource::handleGetObject(newElem00)
23:36:48.364 [Test worker] DEBUG org.apache.axis.message.MessageElement - New MessageElement (org.apache.axis.message.MessageElement@2e64ef46) named {}id
23:36:48.364 [Test worker] DEBUG org.apache.axis.message.MessageElement -   xsi:type = 'xsd:integer'
23:36:48.364 [Test worker] DEBUG org.apache.axis.encoding.DeserializationContext - Pushing element id
23:36:48.364 [Test worker] DEBUG org.apache.axis.encoding.DeserializationContext - Exit: DeserializationContext::startElement()
23:36:48.364 [Test worker] DEBUG org.apache.axis.encoding.DeserializationContext - Enter: DeserializationContext::endElement(, id)
23:36:48.364 [Test worker] DEBUG org.apache.axis.i18n.ProjectResourceBundle - org.apache.axis.i18n.resource::handleGetObject(popHandler00)
23:36:48.364 [Test worker] DEBUG org.apache.axis.encoding.DeserializationContext - Popping handler org.apache.axis.message.SOAPHandler@35db7341
23:36:48.364 [Test worker] DEBUG org.apache.axis.encoding.DeserializationContext - Popped element stack to org.apache.axis.message.MessageElement:reporter
23:36:48.364 [Test worker] DEBUG org.apache.axis.encoding.DeserializationContext - Exit: DeserializationContext::endElement()
23:36:48.364 [Test worker] DEBUG org.apache.axis.encoding.DeserializationContext - Enter: DeserializationContext::startElement(, name)
23:36:48.364 [Test worker] DEBUG org.apache.axis.i18n.ProjectResourceBundle - org.apache.axis.i18n.resource::handleGetObject(pushHandler00)
23:36:48.364 [Test worker] DEBUG org.apache.axis.encoding.DeserializationContext - Pushing handler org.apache.axis.message.SOAPHandler@74855e0b
23:36:48.364 [Test worker] DEBUG org.apache.axis.i18n.ProjectResourceBundle - org.apache.axis.i18n.resource::handleGetObject(newElem00)
23:36:48.364 [Test worker] DEBUG org.apache.axis.message.MessageElement - New MessageElement (org.apache.axis.message.MessageElement@3b075d0d) named {}name
23:36:48.364 [Test worker] DEBUG org.apache.axis.message.MessageElement -   xsi:type = 'xsd:string'
23:36:48.364 [Test worker] DEBUG org.apache.axis.encoding.DeserializationContext - Pushing element name
23:36:48.364 [Test worker] DEBUG org.apache.axis.encoding.DeserializationContext - Exit: DeserializationContext::startElement()
23:36:48.364 [Test worker] DEBUG org.apache.axis.encoding.DeserializationContext - Enter: DeserializationContext::endElement(, name)
23:36:48.364 [Test worker] DEBUG org.apache.axis.i18n.ProjectResourceBundle - org.apache.axis.i18n.resource::handleGetObject(popHandler00)
23:36:48.364 [Test worker] DEBUG org.apache.axis.encoding.DeserializationContext - Popping handler org.apache.axis.message.SOAPHandler@74855e0b
23:36:48.364 [Test worker] DEBUG org.apache.axis.encoding.DeserializationContext - Popped element stack to org.apache.axis.message.MessageElement:reporter
23:36:48.364 [Test worker] DEBUG org.apache.axis.encoding.DeserializationContext - Exit: DeserializationContext::endElement()
23:36:48.364 [Test worker] DEBUG org.apache.axis.encoding.DeserializationContext - Enter: DeserializationContext::startElement(, email)
23:36:48.364 [Test worker] DEBUG org.apache.axis.i18n.ProjectResourceBundle - org.apache.axis.i18n.resource::handleGetObject(pushHandler00)
23:36:48.364 [Test worker] DEBUG org.apache.axis.encoding.DeserializationContext - Pushing handler org.apache.axis.message.SOAPHandler@55a86057
23:36:48.364 [Test worker] DEBUG org.apache.axis.i18n.ProjectResourceBundle - org.apache.axis.i18n.resource::handleGetObject(newElem00)
23:36:48.364 [Test worker] DEBUG org.apache.axis.message.MessageElement - New MessageElement (org.apache.axis.message.MessageElement@5cbfbb7b) named {}email
23:36:48.364 [Test worker] DEBUG org.apache.axis.message.MessageElement -   xsi:type = 'xsd:string'
23:36:48.364 [Test worker] DEBUG org.apache.axis.encoding.DeserializationContext - Pushing element email
23:36:48.364 [Test worker] DEBUG org.apache.axis.encoding.DeserializationContext - Exit: DeserializationContext::startElement()
23:36:48.364 [Test worker] DEBUG org.apache.axis.encoding.DeserializationContext - Enter: DeserializationContext::endElement(, email)
23:36:48.364 [Test worker] DEBUG org.apache.axis.i18n.ProjectResourceBundle - org.apache.axis.i18n.resource::handleGetObject(popHandler00)
23:36:48.364 [Test worker] DEBUG org.apache.axis.encoding.DeserializationContext - Popping handler org.apache.axis.message.SOAPHandler@55a86057
23:36:48.365 [Test worker] DEBUG org.apache.axis.encoding.DeserializationContext - Popped element stack to org.apache.axis.message.MessageElement:reporter
23:36:48.365 [Test worker] DEBUG org.apache.axis.encoding.DeserializationContext - Exit: DeserializationContext::endElement()
23:36:48.365 [Test worker] DEBUG org.apache.axis.encoding.DeserializationContext - Enter: DeserializationContext::endElement(, reporter)
23:36:48.365 [Test worker] DEBUG org.apache.axis.i18n.ProjectResourceBundle - org.apache.axis.i18n.resource::handleGetObject(popHandler00)
23:36:48.365 [Test worker] DEBUG org.apache.axis.encoding.DeserializationContext - Popping handler org.apache.axis.message.SOAPHandler@45c3ff0e
23:36:48.365 [Test worker] DEBUG org.apache.axis.encoding.DeserializationContext - Popped element stack to org.apache.axis.message.MessageElement:return
23:36:48.365 [Test worker] DEBUG org.apache.axis.encoding.DeserializationContext - Exit: DeserializationContext::endElement()
23:36:48.365 [Test worker] DEBUG org.apache.axis.encoding.DeserializationContext - Enter: DeserializationContext::startElement(, summary)
23:36:48.365 [Test worker] DEBUG org.apache.axis.i18n.ProjectResourceBundle - org.apache.axis.i18n.resource::handleGetObject(pushHandler00)
23:36:48.365 [Test worker] DEBUG org.apache.axis.encoding.DeserializationContext - Pushing handler org.apache.axis.message.SOAPHandler@214d3e1
23:36:48.365 [Test worker] DEBUG org.apache.axis.i18n.ProjectResourceBundle - org.apache.axis.i18n.resource::handleGetObject(newElem00)
23:36:48.365 [Test worker] DEBUG org.apache.axis.message.MessageElement - New MessageElement (org.apache.axis.message.MessageElement@3fa099b) named {}summary
23:36:48.365 [Test worker] DEBUG org.apache.axis.message.MessageElement -   xsi:type = 'xsd:string'
23:36:48.365 [Test worker] DEBUG org.apache.axis.encoding.DeserializationContext - Pushing element summary
23:36:48.365 [Test worker] DEBUG org.apache.axis.encoding.DeserializationContext - Exit: DeserializationContext::startElement()
23:36:48.365 [Test worker] DEBUG org.apache.axis.encoding.DeserializationContext - Enter: DeserializationContext::endElement(, summary)
23:36:48.365 [Test worker] DEBUG org.apache.axis.i18n.ProjectResourceBundle - org.apache.axis.i18n.resource::handleGetObject(popHandler00)
23:36:48.365 [Test worker] DEBUG org.apache.axis.encoding.DeserializationContext - Popping handler org.apache.axis.message.SOAPHandler@214d3e1
23:36:48.365 [Test worker] DEBUG org.apache.axis.encoding.DeserializationContext - Popped element stack to org.apache.axis.message.MessageElement:return
23:36:48.365 [Test worker] DEBUG org.apache.axis.encoding.DeserializationContext - Exit: DeserializationContext::endElement()
23:36:48.365 [Test worker] DEBUG org.apache.axis.encoding.DeserializationContext - Enter: DeserializationContext::startElement(, reproducibility)
23:36:48.365 [Test worker] DEBUG org.apache.axis.i18n.ProjectResourceBundle - org.apache.axis.i18n.resource::handleGetObject(pushHandler00)
23:36:48.365 [Test worker] DEBUG org.apache.axis.encoding.DeserializationContext - Pushing handler org.apache.axis.message.SOAPHandler@15c67b6b
23:36:48.365 [Test worker] DEBUG org.apache.axis.i18n.ProjectResourceBundle - org.apache.axis.i18n.resource::handleGetObject(newElem00)
23:36:48.365 [Test worker] DEBUG org.apache.axis.message.MessageElement - New MessageElement (org.apache.axis.message.MessageElement@34836ecb) named {}reproducibility
23:36:48.365 [Test worker] DEBUG org.apache.axis.message.MessageElement -   xsi:type = 'ns1:ObjectRef'
23:36:48.365 [Test worker] DEBUG org.apache.axis.encoding.DeserializationContext - Pushing element reproducibility
23:36:48.365 [Test worker] DEBUG org.apache.axis.encoding.DeserializationContext - Exit: DeserializationContext::startElement()
23:36:48.365 [Test worker] DEBUG org.apache.axis.encoding.DeserializationContext - Enter: DeserializationContext::startElement(, id)
23:36:48.365 [Test worker] DEBUG org.apache.axis.i18n.ProjectResourceBundle - org.apache.axis.i18n.resource::handleGetObject(pushHandler00)
23:36:48.365 [Test worker] DEBUG org.apache.axis.encoding.DeserializationContext - Pushing handler org.apache.axis.message.SOAPHandler@10ac2861
23:36:48.365 [Test worker] DEBUG org.apache.axis.i18n.ProjectResourceBundle - org.apache.axis.i18n.resource::handleGetObject(newElem00)
23:36:48.365 [Test worker] DEBUG org.apache.axis.message.MessageElement - New MessageElement (org.apache.axis.message.MessageElement@43c94d3e) named {}id
23:36:48.365 [Test worker] DEBUG org.apache.axis.message.MessageElement -   xsi:type = 'xsd:integer'
23:36:48.365 [Test worker] DEBUG org.apache.axis.encoding.DeserializationContext - Pushing element id
23:36:48.365 [Test worker] DEBUG org.apache.axis.encoding.DeserializationContext - Exit: DeserializationContext::startElement()
23:36:48.365 [Test worker] DEBUG org.apache.axis.encoding.DeserializationContext - Enter: DeserializationContext::endElement(, id)
23:36:48.365 [Test worker] DEBUG org.apache.axis.i18n.ProjectResourceBundle - org.apache.axis.i18n.resource::handleGetObject(popHandler00)
23:36:48.365 [Test worker] DEBUG org.apache.axis.encoding.DeserializationContext - Popping handler org.apache.axis.message.SOAPHandler@10ac2861
23:36:48.365 [Test worker] DEBUG org.apache.axis.encoding.DeserializationContext - Popped element stack to org.apache.axis.message.MessageElement:reproducibility
23:36:48.365 [Test worker] DEBUG org.apache.axis.encoding.DeserializationContext - Exit: DeserializationContext::endElement()
23:36:48.365 [Test worker] DEBUG org.apache.axis.encoding.DeserializationContext - Enter: DeserializationContext::startElement(, name)
23:36:48.365 [Test worker] DEBUG org.apache.axis.i18n.ProjectResourceBundle - org.apache.axis.i18n.resource::handleGetObject(pushHandler00)
23:36:48.365 [Test worker] DEBUG org.apache.axis.encoding.DeserializationContext - Pushing handler org.apache.axis.message.SOAPHandler@65726b0f
23:36:48.365 [Test worker] DEBUG org.apache.axis.i18n.ProjectResourceBundle - org.apache.axis.i18n.resource::handleGetObject(newElem00)
23:36:48.365 [Test worker] DEBUG org.apache.axis.message.MessageElement - New MessageElement (org.apache.axis.message.MessageElement@4a28a45c) named {}name
23:36:48.365 [Test worker] DEBUG org.apache.axis.message.MessageElement -   xsi:type = 'xsd:string'
23:36:48.365 [Test worker] DEBUG org.apache.axis.encoding.DeserializationContext - Pushing element name
23:36:48.365 [Test worker] DEBUG org.apache.axis.encoding.DeserializationContext - Exit: DeserializationContext::startElement()
23:36:48.365 [Test worker] DEBUG org.apache.axis.encoding.DeserializationContext - Enter: DeserializationContext::endElement(, name)
23:36:48.365 [Test worker] DEBUG org.apache.axis.i18n.ProjectResourceBundle - org.apache.axis.i18n.resource::handleGetObject(popHandler00)
23:36:48.365 [Test worker] DEBUG org.apache.axis.encoding.DeserializationContext - Popping handler org.apache.axis.message.SOAPHandler@65726b0f
23:36:48.365 [Test worker] DEBUG org.apache.axis.encoding.DeserializationContext - Popped element stack to org.apache.axis.message.MessageElement:reproducibility
23:36:48.365 [Test worker] DEBUG org.apache.axis.encoding.DeserializationContext - Exit: DeserializationContext::endElement()
23:36:48.365 [Test worker] DEBUG org.apache.axis.encoding.DeserializationContext - Enter: DeserializationContext::endElement(, reproducibility)
23:36:48.365 [Test worker] DEBUG org.apache.axis.i18n.ProjectResourceBundle - org.apache.axis.i18n.resource::handleGetObject(popHandler00)
23:36:48.365 [Test worker] DEBUG org.apache.axis.encoding.DeserializationContext - Popping handler org.apache.axis.message.SOAPHandler@15c67b6b
23:36:48.366 [Test worker] DEBUG org.apache.axis.encoding.DeserializationContext - Popped element stack to org.apache.axis.message.MessageElement:return
23:36:48.366 [Test worker] DEBUG org.apache.axis.encoding.DeserializationContext - Exit: DeserializationContext::endElement()
23:36:48.366 [Test worker] DEBUG org.apache.axis.encoding.DeserializationContext - Enter: DeserializationContext::startElement(, date_submitted)
23:36:48.366 [Test worker] DEBUG org.apache.axis.i18n.ProjectResourceBundle - org.apache.axis.i18n.resource::handleGetObject(pushHandler00)
23:36:48.366 [Test worker] DEBUG org.apache.axis.encoding.DeserializationContext - Pushing handler org.apache.axis.message.SOAPHandler@3bb67258
23:36:48.366 [Test worker] DEBUG org.apache.axis.i18n.ProjectResourceBundle - org.apache.axis.i18n.resource::handleGetObject(newElem00)
23:36:48.366 [Test worker] DEBUG org.apache.axis.message.MessageElement - New MessageElement (org.apache.axis.message.MessageElement@329f78ad) named {}date_submitted
23:36:48.366 [Test worker] DEBUG org.apache.axis.message.MessageElement -   xsi:type = 'xsd:dateTime'
23:36:48.366 [Test worker] DEBUG org.apache.axis.encoding.DeserializationContext - Pushing element date_submitted
23:36:48.366 [Test worker] DEBUG org.apache.axis.encoding.DeserializationContext - Exit: DeserializationContext::startElement()
23:36:48.366 [Test worker] DEBUG org.apache.axis.encoding.DeserializationContext - Enter: DeserializationContext::endElement(, date_submitted)
23:36:48.366 [Test worker] DEBUG org.apache.axis.i18n.ProjectResourceBundle - org.apache.axis.i18n.resource::handleGetObject(popHandler00)
23:36:48.366 [Test worker] DEBUG org.apache.axis.encoding.DeserializationContext - Popping handler org.apache.axis.message.SOAPHandler@3bb67258
23:36:48.366 [Test worker] DEBUG org.apache.axis.encoding.DeserializationContext - Popped element stack to org.apache.axis.message.MessageElement:return
23:36:48.366 [Test worker] DEBUG org.apache.axis.encoding.DeserializationContext - Exit: DeserializationContext::endElement()
23:36:48.366 [Test worker] DEBUG org.apache.axis.encoding.DeserializationContext - Enter: DeserializationContext::startElement(, sponsorship_total)
23:36:48.366 [Test worker] DEBUG org.apache.axis.i18n.ProjectResourceBundle - org.apache.axis.i18n.resource::handleGetObject(pushHandler00)
23:36:48.366 [Test worker] DEBUG org.apache.axis.encoding.DeserializationContext - Pushing handler org.apache.axis.message.SOAPHandler@444347e2
23:36:48.366 [Test worker] DEBUG org.apache.axis.i18n.ProjectResourceBundle - org.apache.axis.i18n.resource::handleGetObject(newElem00)
23:36:48.366 [Test worker] DEBUG org.apache.axis.message.MessageElement - New MessageElement (org.apache.axis.message.MessageElement@4bc61172) named {}sponsorship_total
23:36:48.366 [Test worker] DEBUG org.apache.axis.message.MessageElement -   xsi:type = 'xsd:integer'
23:36:48.366 [Test worker] DEBUG org.apache.axis.encoding.DeserializationContext - Pushing element sponsorship_total
23:36:48.366 [Test worker] DEBUG org.apache.axis.encoding.DeserializationContext - Exit: DeserializationContext::startElement()
23:36:48.366 [Test worker] DEBUG org.apache.axis.encoding.DeserializationContext - Enter: DeserializationContext::endElement(, sponsorship_total)
23:36:48.366 [Test worker] DEBUG org.apache.axis.i18n.ProjectResourceBundle - org.apache.axis.i18n.resource::handleGetObject(popHandler00)
23:36:48.366 [Test worker] DEBUG org.apache.axis.encoding.DeserializationContext - Popping handler org.apache.axis.message.SOAPHandler@444347e2
23:36:48.366 [Test worker] DEBUG org.apache.axis.encoding.DeserializationContext - Popped element stack to org.apache.axis.message.MessageElement:return
23:36:48.366 [Test worker] DEBUG org.apache.axis.encoding.DeserializationContext - Exit: DeserializationContext::endElement()
23:36:48.366 [Test worker] DEBUG org.apache.axis.encoding.DeserializationContext - Enter: DeserializationContext::startElement(, resolution)
23:36:48.366 [Test worker] DEBUG org.apache.axis.i18n.ProjectResourceBundle - org.apache.axis.i18n.resource::handleGetObject(pushHandler00)
23:36:48.366 [Test worker] DEBUG org.apache.axis.encoding.DeserializationContext - Pushing handler org.apache.axis.message.SOAPHandler@43ea8ee0
23:36:48.366 [Test worker] DEBUG org.apache.axis.i18n.ProjectResourceBundle - org.apache.axis.i18n.resource::handleGetObject(newElem00)
23:36:48.366 [Test worker] DEBUG org.apache.axis.message.MessageElement - New MessageElement (org.apache.axis.message.MessageElement@a79cc20) named {}resolution
23:36:48.366 [Test worker] DEBUG org.apache.axis.message.MessageElement -   xsi:type = 'ns1:ObjectRef'
23:36:48.366 [Test worker] DEBUG org.apache.axis.encoding.DeserializationContext - Pushing element resolution
23:36:48.366 [Test worker] DEBUG org.apache.axis.encoding.DeserializationContext - Exit: DeserializationContext::startElement()
23:36:48.366 [Test worker] DEBUG org.apache.axis.encoding.DeserializationContext - Enter: DeserializationContext::startElement(, id)
23:36:48.366 [Test worker] DEBUG org.apache.axis.i18n.ProjectResourceBundle - org.apache.axis.i18n.resource::handleGetObject(pushHandler00)
23:36:48.366 [Test worker] DEBUG org.apache.axis.encoding.DeserializationContext - Pushing handler org.apache.axis.message.SOAPHandler@54dbf6da
23:36:48.366 [Test worker] DEBUG org.apache.axis.i18n.ProjectResourceBundle - org.apache.axis.i18n.resource::handleGetObject(newElem00)
23:36:48.366 [Test worker] DEBUG org.apache.axis.message.MessageElement - New MessageElement (org.apache.axis.message.MessageElement@2fed30b2) named {}id
23:36:48.366 [Test worker] DEBUG org.apache.axis.message.MessageElement -   xsi:type = 'xsd:integer'
23:36:48.366 [Test worker] DEBUG org.apache.axis.encoding.DeserializationContext - Pushing element id
23:36:48.366 [Test worker] DEBUG org.apache.axis.encoding.DeserializationContext - Exit: DeserializationContext::startElement()
23:36:48.366 [Test worker] DEBUG org.apache.axis.encoding.DeserializationContext - Enter: DeserializationContext::endElement(, id)
23:36:48.366 [Test worker] DEBUG org.apache.axis.i18n.ProjectResourceBundle - org.apache.axis.i18n.resource::handleGetObject(popHandler00)
23:36:48.366 [Test worker] DEBUG org.apache.axis.encoding.DeserializationContext - Popping handler org.apache.axis.message.SOAPHandler@54dbf6da
23:36:48.366 [Test worker] DEBUG org.apache.axis.encoding.DeserializationContext - Popped element stack to org.apache.axis.message.MessageElement:resolution
23:36:48.366 [Test worker] DEBUG org.apache.axis.encoding.DeserializationContext - Exit: DeserializationContext::endElement()
23:36:48.366 [Test worker] DEBUG org.apache.axis.encoding.DeserializationContext - Enter: DeserializationContext::startElement(, name)
23:36:48.366 [Test worker] DEBUG org.apache.axis.i18n.ProjectResourceBundle - org.apache.axis.i18n.resource::handleGetObject(pushHandler00)
23:36:48.366 [Test worker] DEBUG org.apache.axis.encoding.DeserializationContext - Pushing handler org.apache.axis.message.SOAPHandler@38672621
23:36:48.366 [Test worker] DEBUG org.apache.axis.i18n.ProjectResourceBundle - org.apache.axis.i18n.resource::handleGetObject(newElem00)
23:36:48.366 [Test worker] DEBUG org.apache.axis.message.MessageElement - New MessageElement (org.apache.axis.message.MessageElement@7c3bf5c1) named {}name
23:36:48.366 [Test worker] DEBUG org.apache.axis.message.MessageElement -   xsi:type = 'xsd:string'
23:36:48.366 [Test worker] DEBUG org.apache.axis.encoding.DeserializationContext - Pushing element name
23:36:48.366 [Test worker] DEBUG org.apache.axis.encoding.DeserializationContext - Exit: DeserializationContext::startElement()
23:36:48.366 [Test worker] DEBUG org.apache.axis.encoding.DeserializationContext - Enter: DeserializationContext::endElement(, name)
23:36:48.367 [Test worker] DEBUG org.apache.axis.i18n.ProjectResourceBundle - org.apache.axis.i18n.resource::handleGetObject(popHandler00)
23:36:48.367 [Test worker] DEBUG org.apache.axis.encoding.DeserializationContext - Popping handler org.apache.axis.message.SOAPHandler@38672621
23:36:48.367 [Test worker] DEBUG org.apache.axis.encoding.DeserializationContext - Popped element stack to org.apache.axis.message.MessageElement:resolution
23:36:48.367 [Test worker] DEBUG org.apache.axis.encoding.DeserializationContext - Exit: DeserializationContext::endElement()
23:36:48.367 [Test worker] DEBUG org.apache.axis.encoding.DeserializationContext - Enter: DeserializationContext::endElement(, resolution)
23:36:48.367 [Test worker] DEBUG org.apache.axis.i18n.ProjectResourceBundle - org.apache.axis.i18n.resource::handleGetObject(popHandler00)
23:36:48.367 [Test worker] DEBUG org.apache.axis.encoding.DeserializationContext - Popping handler org.apache.axis.message.SOAPHandler@43ea8ee0
23:36:48.367 [Test worker] DEBUG org.apache.axis.encoding.DeserializationContext - Popped element stack to org.apache.axis.message.MessageElement:return
23:36:48.367 [Test worker] DEBUG org.apache.axis.encoding.DeserializationContext - Exit: DeserializationContext::endElement()
23:36:48.367 [Test worker] DEBUG org.apache.axis.encoding.DeserializationContext - Enter: DeserializationContext::startElement(, description)
23:36:48.367 [Test worker] DEBUG org.apache.axis.i18n.ProjectResourceBundle - org.apache.axis.i18n.resource::handleGetObject(pushHandler00)
23:36:48.367 [Test worker] DEBUG org.apache.axis.encoding.DeserializationContext - Pushing handler org.apache.axis.message.SOAPHandler@77ddb1ba
23:36:48.367 [Test worker] DEBUG org.apache.axis.i18n.ProjectResourceBundle - org.apache.axis.i18n.resource::handleGetObject(newElem00)
23:36:48.367 [Test worker] DEBUG org.apache.axis.message.MessageElement - New MessageElement (org.apache.axis.message.MessageElement@31f36753) named {}description
23:36:48.367 [Test worker] DEBUG org.apache.axis.message.MessageElement -   xsi:type = 'xsd:string'
23:36:48.367 [Test worker] DEBUG org.apache.axis.encoding.DeserializationContext - Pushing element description
23:36:48.367 [Test worker] DEBUG org.apache.axis.encoding.DeserializationContext - Exit: DeserializationContext::startElement()
23:36:48.367 [Test worker] DEBUG org.apache.axis.encoding.DeserializationContext - Enter: DeserializationContext::endElement(, description)
23:36:48.367 [Test worker] DEBUG org.apache.axis.i18n.ProjectResourceBundle - org.apache.axis.i18n.resource::handleGetObject(popHandler00)
23:36:48.367 [Test worker] DEBUG org.apache.axis.encoding.DeserializationContext - Popping handler org.apache.axis.message.SOAPHandler@77ddb1ba
23:36:48.367 [Test worker] DEBUG org.apache.axis.encoding.DeserializationContext - Popped element stack to org.apache.axis.message.MessageElement:return
23:36:48.367 [Test worker] DEBUG org.apache.axis.encoding.DeserializationContext - Exit: DeserializationContext::endElement()
23:36:48.367 [Test worker] DEBUG org.apache.axis.encoding.DeserializationContext - Enter: DeserializationContext::startElement(, attachments)
23:36:48.367 [Test worker] DEBUG org.apache.axis.i18n.ProjectResourceBundle - org.apache.axis.i18n.resource::handleGetObject(pushHandler00)
23:36:48.367 [Test worker] DEBUG org.apache.axis.encoding.DeserializationContext - Pushing handler org.apache.axis.message.SOAPHandler@30a40962
23:36:48.367 [Test worker] DEBUG org.apache.axis.i18n.ProjectResourceBundle - org.apache.axis.i18n.resource::handleGetObject(newElem00)
23:36:48.367 [Test worker] DEBUG org.apache.axis.message.MessageElement - New MessageElement (org.apache.axis.message.MessageElement@1392774a) named {}attachments
23:36:48.367 [Test worker] DEBUG org.apache.axis.message.MessageElement -   SOAP-ENC:arrayType = 'ns1:AttachmentData[0]'
23:36:48.367 [Test worker] DEBUG org.apache.axis.message.MessageElement -   xsi:type = 'SOAP-ENC:Array'
23:36:48.367 [Test worker] DEBUG org.apache.axis.encoding.DeserializationContext - Pushing element attachments
23:36:48.367 [Test worker] DEBUG org.apache.axis.encoding.DeserializationContext - Exit: DeserializationContext::startElement()
23:36:48.367 [Test worker] DEBUG org.apache.axis.encoding.DeserializationContext - Enter: DeserializationContext::endElement(, attachments)
23:36:48.367 [Test worker] DEBUG org.apache.axis.i18n.ProjectResourceBundle - org.apache.axis.i18n.resource::handleGetObject(popHandler00)
23:36:48.367 [Test worker] DEBUG org.apache.axis.encoding.DeserializationContext - Popping handler org.apache.axis.message.SOAPHandler@30a40962
23:36:48.367 [Test worker] DEBUG org.apache.axis.encoding.DeserializationContext - Popped element stack to org.apache.axis.message.MessageElement:return
23:36:48.367 [Test worker] DEBUG org.apache.axis.encoding.DeserializationContext - Exit: DeserializationContext::endElement()
23:36:48.367 [Test worker] DEBUG org.apache.axis.encoding.DeserializationContext - Enter: DeserializationContext::startElement(, monitors)
23:36:48.367 [Test worker] DEBUG org.apache.axis.i18n.ProjectResourceBundle - org.apache.axis.i18n.resource::handleGetObject(pushHandler00)
23:36:48.367 [Test worker] DEBUG org.apache.axis.encoding.DeserializationContext - Pushing handler org.apache.axis.message.SOAPHandler@9d844e3
23:36:48.367 [Test worker] DEBUG org.apache.axis.i18n.ProjectResourceBundle - org.apache.axis.i18n.resource::handleGetObject(newElem00)
23:36:48.367 [Test worker] DEBUG org.apache.axis.message.MessageElement - New MessageElement (org.apache.axis.message.MessageElement@233b7374) named {}monitors
23:36:48.367 [Test worker] DEBUG org.apache.axis.message.MessageElement -   SOAP-ENC:arrayType = 'ns1:AccountData[0]'
23:36:48.367 [Test worker] DEBUG org.apache.axis.message.MessageElement -   xsi:type = 'SOAP-ENC:Array'
23:36:48.367 [Test worker] DEBUG org.apache.axis.encoding.DeserializationContext - Pushing element monitors
23:36:48.367 [Test worker] DEBUG org.apache.axis.encoding.DeserializationContext - Exit: DeserializationContext::startElement()
23:36:48.367 [Test worker] DEBUG org.apache.axis.encoding.DeserializationContext - Enter: DeserializationContext::endElement(, monitors)
23:36:48.367 [Test worker] DEBUG org.apache.axis.i18n.ProjectResourceBundle - org.apache.axis.i18n.resource::handleGetObject(popHandler00)
23:36:48.367 [Test worker] DEBUG org.apache.axis.encoding.DeserializationContext - Popping handler org.apache.axis.message.SOAPHandler@9d844e3
23:36:48.367 [Test worker] DEBUG org.apache.axis.encoding.DeserializationContext - Popped element stack to org.apache.axis.message.MessageElement:return
23:36:48.367 [Test worker] DEBUG org.apache.axis.encoding.DeserializationContext - Exit: DeserializationContext::endElement()
23:36:48.367 [Test worker] DEBUG org.apache.axis.encoding.DeserializationContext - Enter: DeserializationContext::startElement(, sticky)
23:36:48.367 [Test worker] DEBUG org.apache.axis.i18n.ProjectResourceBundle - org.apache.axis.i18n.resource::handleGetObject(pushHandler00)
23:36:48.367 [Test worker] DEBUG org.apache.axis.encoding.DeserializationContext - Pushing handler org.apache.axis.message.SOAPHandler@33448168
23:36:48.367 [Test worker] DEBUG org.apache.axis.i18n.ProjectResourceBundle - org.apache.axis.i18n.resource::handleGetObject(newElem00)
23:36:48.367 [Test worker] DEBUG org.apache.axis.message.MessageElement - New MessageElement (org.apache.axis.message.MessageElement@33ec986d) named {}sticky
23:36:48.367 [Test worker] DEBUG org.apache.axis.message.MessageElement -   xsi:type = 'xsd:boolean'
23:36:48.367 [Test worker] DEBUG org.apache.axis.encoding.DeserializationContext - Pushing element sticky
23:36:48.367 [Test worker] DEBUG org.apache.axis.encoding.DeserializationContext - Exit: DeserializationContext::startElement()
23:36:48.367 [Test worker] DEBUG org.apache.axis.encoding.DeserializationContext - Enter: DeserializationContext::endElement(, sticky)
23:36:48.368 [Test worker] DEBUG org.apache.axis.i18n.ProjectResourceBundle - org.apache.axis.i18n.resource::handleGetObject(popHandler00)
23:36:48.368 [Test worker] DEBUG org.apache.axis.encoding.DeserializationContext - Popping handler org.apache.axis.message.SOAPHandler@33448168
23:36:48.368 [Test worker] DEBUG org.apache.axis.encoding.DeserializationContext - Popped element stack to org.apache.axis.message.MessageElement:return
23:36:48.368 [Test worker] DEBUG org.apache.axis.encoding.DeserializationContext - Exit: DeserializationContext::endElement()
23:36:48.368 [Test worker] DEBUG org.apache.axis.encoding.DeserializationContext - Enter: DeserializationContext::startElement(, tags)
23:36:48.368 [Test worker] DEBUG org.apache.axis.i18n.ProjectResourceBundle - org.apache.axis.i18n.resource::handleGetObject(pushHandler00)
23:36:48.368 [Test worker] DEBUG org.apache.axis.encoding.DeserializationContext - Pushing handler org.apache.axis.message.SOAPHandler@78d83daf
23:36:48.368 [Test worker] DEBUG org.apache.axis.i18n.ProjectResourceBundle - org.apache.axis.i18n.resource::handleGetObject(newElem00)
23:36:48.368 [Test worker] DEBUG org.apache.axis.message.MessageElement - New MessageElement (org.apache.axis.message.MessageElement@805113) named {}tags
23:36:48.368 [Test worker] DEBUG org.apache.axis.message.MessageElement -   SOAP-ENC:arrayType = 'ns1:ObjectRef[0]'
23:36:48.368 [Test worker] DEBUG org.apache.axis.message.MessageElement -   xsi:type = 'SOAP-ENC:Array'
23:36:48.368 [Test worker] DEBUG org.apache.axis.encoding.DeserializationContext - Pushing element tags
23:36:48.368 [Test worker] DEBUG org.apache.axis.encoding.DeserializationContext - Exit: DeserializationContext::startElement()
23:36:48.368 [Test worker] DEBUG org.apache.axis.encoding.DeserializationContext - Enter: DeserializationContext::endElement(, tags)
23:36:48.368 [Test worker] DEBUG org.apache.axis.i18n.ProjectResourceBundle - org.apache.axis.i18n.resource::handleGetObject(popHandler00)
23:36:48.368 [Test worker] DEBUG org.apache.axis.encoding.DeserializationContext - Popping handler org.apache.axis.message.SOAPHandler@78d83daf
23:36:48.368 [Test worker] DEBUG org.apache.axis.encoding.DeserializationContext - Popped element stack to org.apache.axis.message.MessageElement:return
23:36:48.368 [Test worker] DEBUG org.apache.axis.encoding.DeserializationContext - Exit: DeserializationContext::endElement()
23:36:48.368 [Test worker] DEBUG org.apache.axis.encoding.DeserializationContext - Enter: DeserializationContext::endElement(, return)
23:36:48.368 [Test worker] DEBUG org.apache.axis.i18n.ProjectResourceBundle - org.apache.axis.i18n.resource::handleGetObject(popHandler00)
23:36:48.368 [Test worker] DEBUG org.apache.axis.encoding.DeserializationContext - Popping handler org.apache.axis.message.SOAPHandler@d532f0b
23:36:48.368 [Test worker] DEBUG org.apache.axis.encoding.DeserializationContext - Popped element stack to org.apache.axis.message.RPCElement:mc_issue_getResponse
23:36:48.368 [Test worker] DEBUG org.apache.axis.encoding.DeserializationContext - Exit: DeserializationContext::endElement()
23:36:48.368 [Test worker] DEBUG org.apache.axis.encoding.DeserializationContext - Enter: DeserializationContext::endElement(http://futureware.biz/mantisconnect, mc_issue_getResponse)
23:36:48.368 [Test worker] DEBUG org.apache.axis.i18n.ProjectResourceBundle - org.apache.axis.i18n.resource::handleGetObject(popHandler00)
23:36:48.368 [Test worker] DEBUG org.apache.axis.encoding.DeserializationContext - Popping handler org.apache.axis.message.SOAPHandler@7a1a120c
23:36:48.368 [Test worker] DEBUG org.apache.axis.encoding.DeserializationContext - Popped element stack to org.apache.axis.message.SOAPBody:Body
23:36:48.368 [Test worker] DEBUG org.apache.axis.encoding.DeserializationContext - Exit: DeserializationContext::endElement()
23:36:48.368 [Test worker] DEBUG org.apache.axis.encoding.DeserializationContext - Enter: DeserializationContext::endElement(http://schemas.xmlsoap.org/soap/envelope/, Body)
23:36:48.368 [Test worker] DEBUG org.apache.axis.i18n.ProjectResourceBundle - org.apache.axis.i18n.resource::handleGetObject(popHandler00)
23:36:48.368 [Test worker] DEBUG org.apache.axis.encoding.DeserializationContext - Popping handler org.apache.axis.message.BodyBuilder@11dcdc58
23:36:48.368 [Test worker] DEBUG org.apache.axis.encoding.DeserializationContext - Popped element stack to org.apache.axis.message.SOAPEnvelope:Envelope
23:36:48.368 [Test worker] DEBUG org.apache.axis.encoding.DeserializationContext - Exit: DeserializationContext::endElement()
23:36:48.368 [Test worker] DEBUG org.apache.axis.encoding.DeserializationContext - Enter: DeserializationContext::endElement(http://schemas.xmlsoap.org/soap/envelope/, Envelope)
23:36:48.368 [Test worker] DEBUG org.apache.axis.i18n.ProjectResourceBundle - org.apache.axis.i18n.resource::handleGetObject(popHandler00)
23:36:48.368 [Test worker] DEBUG org.apache.axis.encoding.DeserializationContext - Popping handler org.apache.axis.message.EnvelopeBuilder@32cf2a2c
23:36:48.368 [Test worker] DEBUG org.apache.axis.encoding.DeserializationContext - Popped element stack to null
23:36:48.368 [Test worker] DEBUG org.apache.axis.encoding.DeserializationContext - Exit: DeserializationContext::endElement()
23:36:48.368 [Test worker] DEBUG org.apache.axis.encoding.DeserializationContext - Enter: DeserializationContext::endPrefixMapping(SOAP-ENV)
23:36:48.368 [Test worker] DEBUG org.apache.axis.encoding.DeserializationContext - Exit: DeserializationContext::endPrefixMapping()
23:36:48.368 [Test worker] DEBUG org.apache.axis.encoding.DeserializationContext - Enter: DeserializationContext::endPrefixMapping(ns1)
23:36:48.368 [Test worker] DEBUG org.apache.axis.encoding.DeserializationContext - Exit: DeserializationContext::endPrefixMapping()
23:36:48.368 [Test worker] DEBUG org.apache.axis.encoding.DeserializationContext - Enter: DeserializationContext::endPrefixMapping(xsd)
23:36:48.368 [Test worker] DEBUG org.apache.axis.encoding.DeserializationContext - Exit: DeserializationContext::endPrefixMapping()
23:36:48.368 [Test worker] DEBUG org.apache.axis.encoding.DeserializationContext - Enter: DeserializationContext::endPrefixMapping(xsi)
23:36:48.368 [Test worker] DEBUG org.apache.axis.encoding.DeserializationContext - Exit: DeserializationContext::endPrefixMapping()
23:36:48.368 [Test worker] DEBUG org.apache.axis.encoding.DeserializationContext - Enter: DeserializationContext::endPrefixMapping(SOAP-ENC)
23:36:48.368 [Test worker] DEBUG org.apache.axis.encoding.DeserializationContext - Exit: DeserializationContext::endPrefixMapping()
23:36:48.368 [Test worker] DEBUG org.apache.axis.encoding.DeserializationContext - Enter: DeserializationContext::endDocument()
23:36:48.368 [Test worker] DEBUG org.apache.axis.encoding.DeserializationContext - Exit: DeserializationContext::endDocument()
23:36:48.369 [Test worker] DEBUG org.apache.axis.i18n.ProjectResourceBundle - org.apache.axis.i18n.resource::handleGetObject(setMsgForm)
23:36:48.369 [Test worker] DEBUG org.apache.axis.SOAPPart - Setting current message form to: FORM_SOAPENVELOPE (currentMessage is now org.apache.axis.message.SOAPEnvelope)
23:36:48.369 [Test worker] DEBUG org.apache.axis.SOAPPart - Exit: SOAPPart::getAsSOAPEnvelope
23:36:48.369 [Test worker] DEBUG org.apache.axis.i18n.ProjectResourceBundle - org.apache.axis.i18n.resource::handleGetObject(register00)
23:36:48.369 [Test worker] DEBUG org.apache.axis.encoding.SerializationContext - register 'SOAP-ENV' - 'http://schemas.xmlsoap.org/soap/envelope/'
23:36:48.369 [Test worker] DEBUG org.apache.axis.i18n.ProjectResourceBundle - org.apache.axis.i18n.resource::handleGetObject(register00)
23:36:48.369 [Test worker] DEBUG org.apache.axis.encoding.SerializationContext - register 'ns1' - 'http://futureware.biz/mantisconnect'
23:36:48.369 [Test worker] DEBUG org.apache.axis.i18n.ProjectResourceBundle - org.apache.axis.i18n.resource::handleGetObject(register00)
23:36:48.369 [Test worker] DEBUG org.apache.axis.encoding.SerializationContext - register 'xsd' - 'http://www.w3.org/2001/XMLSchema'
23:36:48.369 [Test worker] DEBUG org.apache.axis.i18n.ProjectResourceBundle - org.apache.axis.i18n.resource::handleGetObject(register00)
23:36:48.369 [Test worker] DEBUG org.apache.axis.encoding.SerializationContext - register 'xsi' - 'http://www.w3.org/2001/XMLSchema-instance'
23:36:48.369 [Test worker] DEBUG org.apache.axis.i18n.ProjectResourceBundle - org.apache.axis.i18n.resource::handleGetObject(register00)
23:36:48.369 [Test worker] DEBUG org.apache.axis.encoding.SerializationContext - register 'SOAP-ENC' - 'http://schemas.xmlsoap.org/soap/encoding/'
23:36:48.369 [Test worker] DEBUG org.apache.axis.i18n.ProjectResourceBundle - org.apache.axis.i18n.resource::handleGetObject(startElem00)
23:36:48.369 [Test worker] DEBUG org.apache.axis.encoding.SerializationContext - Start element [http://schemas.xmlsoap.org/soap/envelope/]:Envelope
23:36:48.369 [Test worker] DEBUG org.apache.axis.i18n.ProjectResourceBundle - org.apache.axis.i18n.resource::handleGetObject(startElem00)
23:36:48.369 [Test worker] DEBUG org.apache.axis.encoding.SerializationContext - Start element [http://schemas.xmlsoap.org/soap/envelope/]:Body
23:36:48.369 [Test worker] DEBUG org.apache.axis.message.SAXOutputter - SAXOutputter.startElement ['http://futureware.biz/mantisconnect' mc_issue_getResponse]
23:36:48.369 [Test worker] DEBUG org.apache.axis.i18n.ProjectResourceBundle - org.apache.axis.i18n.resource::handleGetObject(startElem00)
23:36:48.369 [Test worker] DEBUG org.apache.axis.encoding.SerializationContext - Start element [http://futureware.biz/mantisconnect]:mc_issue_getResponse
23:36:48.369 [Test worker] DEBUG org.apache.axis.message.SAXOutputter - SAXOutputter.startElement ['' return]
23:36:48.369 [Test worker] DEBUG org.apache.axis.i18n.ProjectResourceBundle - org.apache.axis.i18n.resource::handleGetObject(startElem00)
23:36:48.369 [Test worker] DEBUG org.apache.axis.encoding.SerializationContext - Start element []:return
23:36:48.369 [Test worker] DEBUG org.apache.axis.message.SAXOutputter - SAXOutputter.startElement ['' id]
23:36:48.369 [Test worker] DEBUG org.apache.axis.i18n.ProjectResourceBundle - org.apache.axis.i18n.resource::handleGetObject(startElem00)
23:36:48.369 [Test worker] DEBUG org.apache.axis.encoding.SerializationContext - Start element []:id
23:36:48.369 [Test worker] DEBUG org.apache.axis.message.SAXOutputter - SAXOutputter.characters ['19']
23:36:48.369 [Test worker] DEBUG org.apache.axis.message.SAXOutputter - SAXOutputter.endElement ['' id]
23:36:48.369 [Test worker] DEBUG org.apache.axis.i18n.ProjectResourceBundle - org.apache.axis.i18n.resource::handleGetObject(endElem00)
23:36:48.369 [Test worker] DEBUG org.apache.axis.encoding.SerializationContext - End element id
23:36:48.369 [Test worker] DEBUG org.apache.axis.message.SAXOutputter - SAXOutputter.startElement ['' view_state]
23:36:48.369 [Test worker] DEBUG org.apache.axis.i18n.ProjectResourceBundle - org.apache.axis.i18n.resource::handleGetObject(startElem00)
23:36:48.369 [Test worker] DEBUG org.apache.axis.encoding.SerializationContext - Start element []:view_state
23:36:48.369 [Test worker] DEBUG org.apache.axis.message.SAXOutputter - SAXOutputter.startElement ['' id]
23:36:48.369 [Test worker] DEBUG org.apache.axis.i18n.ProjectResourceBundle - org.apache.axis.i18n.resource::handleGetObject(startElem00)
23:36:48.369 [Test worker] DEBUG org.apache.axis.encoding.SerializationContext - Start element []:id
23:36:48.369 [Test worker] DEBUG org.apache.axis.message.SAXOutputter - SAXOutputter.characters ['10']
23:36:48.369 [Test worker] DEBUG org.apache.axis.message.SAXOutputter - SAXOutputter.endElement ['' id]
23:36:48.369 [Test worker] DEBUG org.apache.axis.i18n.ProjectResourceBundle - org.apache.axis.i18n.resource::handleGetObject(endElem00)
23:36:48.369 [Test worker] DEBUG org.apache.axis.encoding.SerializationContext - End element id
23:36:48.369 [Test worker] DEBUG org.apache.axis.message.SAXOutputter - SAXOutputter.startElement ['' name]
23:36:48.369 [Test worker] DEBUG org.apache.axis.i18n.ProjectResourceBundle - org.apache.axis.i18n.resource::handleGetObject(startElem00)
23:36:48.369 [Test worker] DEBUG org.apache.axis.encoding.SerializationContext - Start element []:name
23:36:48.369 [Test worker] DEBUG org.apache.axis.message.SAXOutputter - SAXOutputter.characters ['public']
23:36:48.369 [Test worker] DEBUG org.apache.axis.message.SAXOutputter - SAXOutputter.endElement ['' name]
23:36:48.369 [Test worker] DEBUG org.apache.axis.i18n.ProjectResourceBundle - org.apache.axis.i18n.resource::handleGetObject(endElem00)
23:36:48.369 [Test worker] DEBUG org.apache.axis.encoding.SerializationContext - End element name
23:36:48.369 [Test worker] DEBUG org.apache.axis.message.SAXOutputter - SAXOutputter.endElement ['' view_state]
23:36:48.369 [Test worker] DEBUG org.apache.axis.i18n.ProjectResourceBundle - org.apache.axis.i18n.resource::handleGetObject(endElem00)
23:36:48.369 [Test worker] DEBUG org.apache.axis.encoding.SerializationContext - End element view_state
23:36:48.369 [Test worker] DEBUG org.apache.axis.message.SAXOutputter - SAXOutputter.startElement ['' last_updated]
23:36:48.369 [Test worker] DEBUG org.apache.axis.i18n.ProjectResourceBundle - org.apache.axis.i18n.resource::handleGetObject(startElem00)
23:36:48.369 [Test worker] DEBUG org.apache.axis.encoding.SerializationContext - Start element []:last_updated
23:36:48.369 [Test worker] DEBUG org.apache.axis.message.SAXOutputter - SAXOutputter.characters ['2020-04-04T22:36:47+02:00']
23:36:48.369 [Test worker] DEBUG org.apache.axis.message.SAXOutputter - SAXOutputter.endElement ['' last_updated]
23:36:48.369 [Test worker] DEBUG org.apache.axis.i18n.ProjectResourceBundle - org.apache.axis.i18n.resource::handleGetObject(endElem00)
23:36:48.369 [Test worker] DEBUG org.apache.axis.encoding.SerializationContext - End element last_updated
23:36:48.370 [Test worker] DEBUG org.apache.axis.message.SAXOutputter - SAXOutputter.startElement ['' project]
23:36:48.370 [Test worker] DEBUG org.apache.axis.i18n.ProjectResourceBundle - org.apache.axis.i18n.resource::handleGetObject(startElem00)
23:36:48.370 [Test worker] DEBUG org.apache.axis.encoding.SerializationContext - Start element []:project
23:36:48.370 [Test worker] DEBUG org.apache.axis.message.SAXOutputter - SAXOutputter.startElement ['' id]
23:36:48.370 [Test worker] DEBUG org.apache.axis.i18n.ProjectResourceBundle - org.apache.axis.i18n.resource::handleGetObject(startElem00)
23:36:48.370 [Test worker] DEBUG org.apache.axis.encoding.SerializationContext - Start element []:id
23:36:48.370 [Test worker] DEBUG org.apache.axis.message.SAXOutputter - SAXOutputter.characters ['1']
23:36:48.370 [Test worker] DEBUG org.apache.axis.message.SAXOutputter - SAXOutputter.endElement ['' id]
23:36:48.370 [Test worker] DEBUG org.apache.axis.i18n.ProjectResourceBundle - org.apache.axis.i18n.resource::handleGetObject(endElem00)
23:36:48.370 [Test worker] DEBUG org.apache.axis.encoding.SerializationContext - End element id
23:36:48.370 [Test worker] DEBUG org.apache.axis.message.SAXOutputter - SAXOutputter.startElement ['' name]
23:36:48.370 [Test worker] DEBUG org.apache.axis.i18n.ProjectResourceBundle - org.apache.axis.i18n.resource::handleGetObject(startElem00)
23:36:48.370 [Test worker] DEBUG org.apache.axis.encoding.SerializationContext - Start element []:name
23:36:48.370 [Test worker] DEBUG org.apache.axis.message.SAXOutputter - SAXOutputter.characters ['test']
23:36:48.370 [Test worker] DEBUG org.apache.axis.message.SAXOutputter - SAXOutputter.endElement ['' name]
23:36:48.370 [Test worker] DEBUG org.apache.axis.i18n.ProjectResourceBundle - org.apache.axis.i18n.resource::handleGetObject(endElem00)
23:36:48.370 [Test worker] DEBUG org.apache.axis.encoding.SerializationContext - End element name
23:36:48.370 [Test worker] DEBUG org.apache.axis.message.SAXOutputter - SAXOutputter.endElement ['' project]
23:36:48.370 [Test worker] DEBUG org.apache.axis.i18n.ProjectResourceBundle - org.apache.axis.i18n.resource::handleGetObject(endElem00)
23:36:48.370 [Test worker] DEBUG org.apache.axis.encoding.SerializationContext - End element project
23:36:48.370 [Test worker] DEBUG org.apache.axis.message.SAXOutputter - SAXOutputter.startElement ['' category]
23:36:48.370 [Test worker] DEBUG org.apache.axis.i18n.ProjectResourceBundle - org.apache.axis.i18n.resource::handleGetObject(startElem00)
23:36:48.370 [Test worker] DEBUG org.apache.axis.encoding.SerializationContext - Start element []:category
23:36:48.370 [Test worker] DEBUG org.apache.axis.message.SAXOutputter - SAXOutputter.characters ['General']
23:36:48.370 [Test worker] DEBUG org.apache.axis.message.SAXOutputter - SAXOutputter.endElement ['' category]
23:36:48.370 [Test worker] DEBUG org.apache.axis.i18n.ProjectResourceBundle - org.apache.axis.i18n.resource::handleGetObject(endElem00)
23:36:48.370 [Test worker] DEBUG org.apache.axis.encoding.SerializationContext - End element category
23:36:48.370 [Test worker] DEBUG org.apache.axis.message.SAXOutputter - SAXOutputter.startElement ['' priority]
23:36:48.370 [Test worker] DEBUG org.apache.axis.i18n.ProjectResourceBundle - org.apache.axis.i18n.resource::handleGetObject(startElem00)
23:36:48.370 [Test worker] DEBUG org.apache.axis.encoding.SerializationContext - Start element []:priority
23:36:48.370 [Test worker] DEBUG org.apache.axis.message.SAXOutputter - SAXOutputter.startElement ['' id]
23:36:48.370 [Test worker] DEBUG org.apache.axis.i18n.ProjectResourceBundle - org.apache.axis.i18n.resource::handleGetObject(startElem00)
23:36:48.370 [Test worker] DEBUG org.apache.axis.encoding.SerializationContext - Start element []:id
23:36:48.370 [Test worker] DEBUG org.apache.axis.message.SAXOutputter - SAXOutputter.characters ['30']
23:36:48.370 [Test worker] DEBUG org.apache.axis.message.SAXOutputter - SAXOutputter.endElement ['' id]
23:36:48.370 [Test worker] DEBUG org.apache.axis.i18n.ProjectResourceBundle - org.apache.axis.i18n.resource::handleGetObject(endElem00)
23:36:48.370 [Test worker] DEBUG org.apache.axis.encoding.SerializationContext - End element id
23:36:48.370 [Test worker] DEBUG org.apache.axis.message.SAXOutputter - SAXOutputter.startElement ['' name]
23:36:48.370 [Test worker] DEBUG org.apache.axis.i18n.ProjectResourceBundle - org.apache.axis.i18n.resource::handleGetObject(startElem00)
23:36:48.370 [Test worker] DEBUG org.apache.axis.encoding.SerializationContext - Start element []:name
23:36:48.370 [Test worker] DEBUG org.apache.axis.message.SAXOutputter - SAXOutputter.characters ['normal']
23:36:48.370 [Test worker] DEBUG org.apache.axis.message.SAXOutputter - SAXOutputter.endElement ['' name]
23:36:48.370 [Test worker] DEBUG org.apache.axis.i18n.ProjectResourceBundle - org.apache.axis.i18n.resource::handleGetObject(endElem00)
23:36:48.370 [Test worker] DEBUG org.apache.axis.encoding.SerializationContext - End element name
23:36:48.370 [Test worker] DEBUG org.apache.axis.message.SAXOutputter - SAXOutputter.endElement ['' priority]
23:36:48.370 [Test worker] DEBUG org.apache.axis.i18n.ProjectResourceBundle - org.apache.axis.i18n.resource::handleGetObject(endElem00)
23:36:48.370 [Test worker] DEBUG org.apache.axis.encoding.SerializationContext - End element priority
23:36:48.370 [Test worker] DEBUG org.apache.axis.message.SAXOutputter - SAXOutputter.startElement ['' severity]
23:36:48.370 [Test worker] DEBUG org.apache.axis.i18n.ProjectResourceBundle - org.apache.axis.i18n.resource::handleGetObject(startElem00)
23:36:48.370 [Test worker] DEBUG org.apache.axis.encoding.SerializationContext - Start element []:severity
23:36:48.370 [Test worker] DEBUG org.apache.axis.message.SAXOutputter - SAXOutputter.startElement ['' id]
23:36:48.370 [Test worker] DEBUG org.apache.axis.i18n.ProjectResourceBundle - org.apache.axis.i18n.resource::handleGetObject(startElem00)
23:36:48.370 [Test worker] DEBUG org.apache.axis.encoding.SerializationContext - Start element []:id
23:36:48.370 [Test worker] DEBUG org.apache.axis.message.SAXOutputter - SAXOutputter.characters ['50']
23:36:48.370 [Test worker] DEBUG org.apache.axis.message.SAXOutputter - SAXOutputter.endElement ['' id]
23:36:48.370 [Test worker] DEBUG org.apache.axis.i18n.ProjectResourceBundle - org.apache.axis.i18n.resource::handleGetObject(endElem00)
23:36:48.370 [Test worker] DEBUG org.apache.axis.encoding.SerializationContext - End element id
23:36:48.370 [Test worker] DEBUG org.apache.axis.message.SAXOutputter - SAXOutputter.startElement ['' name]
23:36:48.370 [Test worker] DEBUG org.apache.axis.i18n.ProjectResourceBundle - org.apache.axis.i18n.resource::handleGetObject(startElem00)
23:36:48.370 [Test worker] DEBUG org.apache.axis.encoding.SerializationContext - Start element []:name
23:36:48.370 [Test worker] DEBUG org.apache.axis.message.SAXOutputter - SAXOutputter.characters ['minor']
23:36:48.370 [Test worker] DEBUG org.apache.axis.message.SAXOutputter - SAXOutputter.endElement ['' name]
23:36:48.370 [Test worker] DEBUG org.apache.axis.i18n.ProjectResourceBundle - org.apache.axis.i18n.resource::handleGetObject(endElem00)
23:36:48.370 [Test worker] DEBUG org.apache.axis.encoding.SerializationContext - End element name
23:36:48.370 [Test worker] DEBUG org.apache.axis.message.SAXOutputter - SAXOutputter.endElement ['' severity]
23:36:48.370 [Test worker] DEBUG org.apache.axis.i18n.ProjectResourceBundle - org.apache.axis.i18n.resource::handleGetObject(endElem00)
23:36:48.370 [Test worker] DEBUG org.apache.axis.encoding.SerializationContext - End element severity
23:36:48.370 [Test worker] DEBUG org.apache.axis.message.SAXOutputter - SAXOutputter.startElement ['' status]
23:36:48.370 [Test worker] DEBUG org.apache.axis.i18n.ProjectResourceBundle - org.apache.axis.i18n.resource::handleGetObject(startElem00)
23:36:48.370 [Test worker] DEBUG org.apache.axis.encoding.SerializationContext - Start element []:status
23:36:48.370 [Test worker] DEBUG org.apache.axis.message.SAXOutputter - SAXOutputter.startElement ['' id]
23:36:48.370 [Test worker] DEBUG org.apache.axis.i18n.ProjectResourceBundle - org.apache.axis.i18n.resource::handleGetObject(startElem00)
23:36:48.370 [Test worker] DEBUG org.apache.axis.encoding.SerializationContext - Start element []:id
23:36:48.370 [Test worker] DEBUG org.apache.axis.message.SAXOutputter - SAXOutputter.characters ['10']
23:36:48.371 [Test worker] DEBUG org.apache.axis.message.SAXOutputter - SAXOutputter.endElement ['' id]
23:36:48.371 [Test worker] DEBUG org.apache.axis.i18n.ProjectResourceBundle - org.apache.axis.i18n.resource::handleGetObject(endElem00)
23:36:48.371 [Test worker] DEBUG org.apache.axis.encoding.SerializationContext - End element id
23:36:48.371 [Test worker] DEBUG org.apache.axis.message.SAXOutputter - SAXOutputter.startElement ['' name]
23:36:48.371 [Test worker] DEBUG org.apache.axis.i18n.ProjectResourceBundle - org.apache.axis.i18n.resource::handleGetObject(startElem00)
23:36:48.371 [Test worker] DEBUG org.apache.axis.encoding.SerializationContext - Start element []:name
23:36:48.371 [Test worker] DEBUG org.apache.axis.message.SAXOutputter - SAXOutputter.characters ['new']
23:36:48.371 [Test worker] DEBUG org.apache.axis.message.SAXOutputter - SAXOutputter.endElement ['' name]
23:36:48.371 [Test worker] DEBUG org.apache.axis.i18n.ProjectResourceBundle - org.apache.axis.i18n.resource::handleGetObject(endElem00)
23:36:48.371 [Test worker] DEBUG org.apache.axis.encoding.SerializationContext - End element name
23:36:48.371 [Test worker] DEBUG org.apache.axis.message.SAXOutputter - SAXOutputter.endElement ['' status]
23:36:48.371 [Test worker] DEBUG org.apache.axis.i18n.ProjectResourceBundle - org.apache.axis.i18n.resource::handleGetObject(endElem00)
23:36:48.371 [Test worker] DEBUG org.apache.axis.encoding.SerializationContext - End element status
23:36:48.371 [Test worker] DEBUG org.apache.axis.message.SAXOutputter - SAXOutputter.startElement ['' reporter]
23:36:48.371 [Test worker] DEBUG org.apache.axis.i18n.ProjectResourceBundle - org.apache.axis.i18n.resource::handleGetObject(startElem00)
23:36:48.371 [Test worker] DEBUG org.apache.axis.encoding.SerializationContext - Start element []:reporter
23:36:48.371 [Test worker] DEBUG org.apache.axis.message.SAXOutputter - SAXOutputter.startElement ['' id]
23:36:48.371 [Test worker] DEBUG org.apache.axis.i18n.ProjectResourceBundle - org.apache.axis.i18n.resource::handleGetObject(startElem00)
23:36:48.371 [Test worker] DEBUG org.apache.axis.encoding.SerializationContext - Start element []:id
23:36:48.371 [Test worker] DEBUG org.apache.axis.message.SAXOutputter - SAXOutputter.characters ['1']
23:36:48.371 [Test worker] DEBUG org.apache.axis.message.SAXOutputter - SAXOutputter.endElement ['' id]
23:36:48.371 [Test worker] DEBUG org.apache.axis.i18n.ProjectResourceBundle - org.apache.axis.i18n.resource::handleGetObject(endElem00)
23:36:48.371 [Test worker] DEBUG org.apache.axis.encoding.SerializationContext - End element id
23:36:48.371 [Test worker] DEBUG org.apache.axis.message.SAXOutputter - SAXOutputter.startElement ['' name]
23:36:48.371 [Test worker] DEBUG org.apache.axis.i18n.ProjectResourceBundle - org.apache.axis.i18n.resource::handleGetObject(startElem00)
23:36:48.371 [Test worker] DEBUG org.apache.axis.encoding.SerializationContext - Start element []:name
23:36:48.371 [Test worker] DEBUG org.apache.axis.message.SAXOutputter - SAXOutputter.characters ['administrator']
23:36:48.371 [Test worker] DEBUG org.apache.axis.message.SAXOutputter - SAXOutputter.endElement ['' name]
23:36:48.371 [Test worker] DEBUG org.apache.axis.i18n.ProjectResourceBundle - org.apache.axis.i18n.resource::handleGetObject(endElem00)
23:36:48.371 [Test worker] DEBUG org.apache.axis.encoding.SerializationContext - End element name
23:36:48.371 [Test worker] DEBUG org.apache.axis.message.SAXOutputter - SAXOutputter.startElement ['' email]
23:36:48.371 [Test worker] DEBUG org.apache.axis.i18n.ProjectResourceBundle - org.apache.axis.i18n.resource::handleGetObject(startElem00)
23:36:48.371 [Test worker] DEBUG org.apache.axis.encoding.SerializationContext - Start element []:email
23:36:48.371 [Test worker] DEBUG org.apache.axis.message.SAXOutputter - SAXOutputter.characters ['root@localhost']
23:36:48.371 [Test worker] DEBUG org.apache.axis.message.SAXOutputter - SAXOutputter.endElement ['' email]
23:36:48.371 [Test worker] DEBUG org.apache.axis.i18n.ProjectResourceBundle - org.apache.axis.i18n.resource::handleGetObject(endElem00)
23:36:48.371 [Test worker] DEBUG org.apache.axis.encoding.SerializationContext - End element email
23:36:48.371 [Test worker] DEBUG org.apache.axis.message.SAXOutputter - SAXOutputter.endElement ['' reporter]
23:36:48.371 [Test worker] DEBUG org.apache.axis.i18n.ProjectResourceBundle - org.apache.axis.i18n.resource::handleGetObject(endElem00)
23:36:48.371 [Test worker] DEBUG org.apache.axis.encoding.SerializationContext - End element reporter
23:36:48.371 [Test worker] DEBUG org.apache.axis.message.SAXOutputter - SAXOutputter.startElement ['' summary]
23:36:48.371 [Test worker] DEBUG org.apache.axis.i18n.ProjectResourceBundle - org.apache.axis.i18n.resource::handleGetObject(startElem00)
23:36:48.371 [Test worker] DEBUG org.apache.axis.encoding.SerializationContext - Start element []:summary
23:36:48.371 [Test worker] DEBUG org.apache.axis.message.SAXOutputter - SAXOutputter.characters ['Test issue']
23:36:48.371 [Test worker] DEBUG org.apache.axis.message.SAXOutputter - SAXOutputter.endElement ['' summary]
23:36:48.371 [Test worker] DEBUG org.apache.axis.i18n.ProjectResourceBundle - org.apache.axis.i18n.resource::handleGetObject(endElem00)
23:36:48.371 [Test worker] DEBUG org.apache.axis.encoding.SerializationContext - End element summary
23:36:48.371 [Test worker] DEBUG org.apache.axis.message.SAXOutputter - SAXOutputter.startElement ['' reproducibility]
23:36:48.371 [Test worker] DEBUG org.apache.axis.i18n.ProjectResourceBundle - org.apache.axis.i18n.resource::handleGetObject(startElem00)
23:36:48.371 [Test worker] DEBUG org.apache.axis.encoding.SerializationContext - Start element []:reproducibility
23:36:48.371 [Test worker] DEBUG org.apache.axis.message.SAXOutputter - SAXOutputter.startElement ['' id]
23:36:48.371 [Test worker] DEBUG org.apache.axis.i18n.ProjectResourceBundle - org.apache.axis.i18n.resource::handleGetObject(startElem00)
23:36:48.371 [Test worker] DEBUG org.apache.axis.encoding.SerializationContext - Start element []:id
23:36:48.371 [Test worker] DEBUG org.apache.axis.message.SAXOutputter - SAXOutputter.characters ['70']
23:36:48.371 [Test worker] DEBUG org.apache.axis.message.SAXOutputter - SAXOutputter.endElement ['' id]
23:36:48.371 [Test worker] DEBUG org.apache.axis.i18n.ProjectResourceBundle - org.apache.axis.i18n.resource::handleGetObject(endElem00)
23:36:48.371 [Test worker] DEBUG org.apache.axis.encoding.SerializationContext - End element id
23:36:48.371 [Test worker] DEBUG org.apache.axis.message.SAXOutputter - SAXOutputter.startElement ['' name]
23:36:48.371 [Test worker] DEBUG org.apache.axis.i18n.ProjectResourceBundle - org.apache.axis.i18n.resource::handleGetObject(startElem00)
23:36:48.371 [Test worker] DEBUG org.apache.axis.encoding.SerializationContext - Start element []:name
23:36:48.371 [Test worker] DEBUG org.apache.axis.message.SAXOutputter - SAXOutputter.characters ['have not tried']
23:36:48.371 [Test worker] DEBUG org.apache.axis.message.SAXOutputter - SAXOutputter.endElement ['' name]
23:36:48.371 [Test worker] DEBUG org.apache.axis.i18n.ProjectResourceBundle - org.apache.axis.i18n.resource::handleGetObject(endElem00)
23:36:48.371 [Test worker] DEBUG org.apache.axis.encoding.SerializationContext - End element name
23:36:48.371 [Test worker] DEBUG org.apache.axis.message.SAXOutputter - SAXOutputter.endElement ['' reproducibility]
23:36:48.371 [Test worker] DEBUG org.apache.axis.i18n.ProjectResourceBundle - org.apache.axis.i18n.resource::handleGetObject(endElem00)
23:36:48.371 [Test worker] DEBUG org.apache.axis.encoding.SerializationContext - End element reproducibility
23:36:48.371 [Test worker] DEBUG org.apache.axis.message.SAXOutputter - SAXOutputter.startElement ['' date_submitted]
23:36:48.371 [Test worker] DEBUG org.apache.axis.i18n.ProjectResourceBundle - org.apache.axis.i18n.resource::handleGetObject(startElem00)
23:36:48.371 [Test worker] DEBUG org.apache.axis.encoding.SerializationContext - Start element []:date_submitted
23:36:48.371 [Test worker] DEBUG org.apache.axis.message.SAXOutputter - SAXOutputter.characters ['2020-04-04T22:36:47+02:00']
23:36:48.371 [Test worker] DEBUG org.apache.axis.message.SAXOutputter - SAXOutputter.endElement ['' date_submitted]
23:36:48.371 [Test worker] DEBUG org.apache.axis.i18n.ProjectResourceBundle - org.apache.axis.i18n.resource::handleGetObject(endElem00)
23:36:48.371 [Test worker] DEBUG org.apache.axis.encoding.SerializationContext - End element date_submitted
23:36:48.372 [Test worker] DEBUG org.apache.axis.message.SAXOutputter - SAXOutputter.startElement ['' sponsorship_total]
23:36:48.372 [Test worker] DEBUG org.apache.axis.i18n.ProjectResourceBundle - org.apache.axis.i18n.resource::handleGetObject(startElem00)
23:36:48.372 [Test worker] DEBUG org.apache.axis.encoding.SerializationContext - Start element []:sponsorship_total
23:36:48.372 [Test worker] DEBUG org.apache.axis.message.SAXOutputter - SAXOutputter.characters ['0']
23:36:48.372 [Test worker] DEBUG org.apache.axis.message.SAXOutputter - SAXOutputter.endElement ['' sponsorship_total]
23:36:48.372 [Test worker] DEBUG org.apache.axis.i18n.ProjectResourceBundle - org.apache.axis.i18n.resource::handleGetObject(endElem00)
23:36:48.372 [Test worker] DEBUG org.apache.axis.encoding.SerializationContext - End element sponsorship_total
23:36:48.372 [Test worker] DEBUG org.apache.axis.message.SAXOutputter - SAXOutputter.startElement ['' resolution]
23:36:48.372 [Test worker] DEBUG org.apache.axis.i18n.ProjectResourceBundle - org.apache.axis.i18n.resource::handleGetObject(startElem00)
23:36:48.372 [Test worker] DEBUG org.apache.axis.encoding.SerializationContext - Start element []:resolution
23:36:48.372 [Test worker] DEBUG org.apache.axis.message.SAXOutputter - SAXOutputter.startElement ['' id]
23:36:48.372 [Test worker] DEBUG org.apache.axis.i18n.ProjectResourceBundle - org.apache.axis.i18n.resource::handleGetObject(startElem00)
23:36:48.372 [Test worker] DEBUG org.apache.axis.encoding.SerializationContext - Start element []:id
23:36:48.372 [Test worker] DEBUG org.apache.axis.message.SAXOutputter - SAXOutputter.characters ['10']
23:36:48.372 [Test worker] DEBUG org.apache.axis.message.SAXOutputter - SAXOutputter.endElement ['' id]
23:36:48.372 [Test worker] DEBUG org.apache.axis.i18n.ProjectResourceBundle - org.apache.axis.i18n.resource::handleGetObject(endElem00)
23:36:48.372 [Test worker] DEBUG org.apache.axis.encoding.SerializationContext - End element id
23:36:48.372 [Test worker] DEBUG org.apache.axis.message.SAXOutputter - SAXOutputter.startElement ['' name]
23:36:48.372 [Test worker] DEBUG org.apache.axis.i18n.ProjectResourceBundle - org.apache.axis.i18n.resource::handleGetObject(startElem00)
23:36:48.372 [Test worker] DEBUG org.apache.axis.encoding.SerializationContext - Start element []:name
23:36:48.372 [Test worker] DEBUG org.apache.axis.message.SAXOutputter - SAXOutputter.characters ['open']
23:36:48.372 [Test worker] DEBUG org.apache.axis.message.SAXOutputter - SAXOutputter.endElement ['' name]
23:36:48.372 [Test worker] DEBUG org.apache.axis.i18n.ProjectResourceBundle - org.apache.axis.i18n.resource::handleGetObject(endElem00)
23:36:48.372 [Test worker] DEBUG org.apache.axis.encoding.SerializationContext - End element name
23:36:48.372 [Test worker] DEBUG org.apache.axis.message.SAXOutputter - SAXOutputter.endElement ['' resolution]
23:36:48.372 [Test worker] DEBUG org.apache.axis.i18n.ProjectResourceBundle - org.apache.axis.i18n.resource::handleGetObject(endElem00)
23:36:48.372 [Test worker] DEBUG org.apache.axis.encoding.SerializationContext - End element resolution
23:36:48.372 [Test worker] DEBUG org.apache.axis.message.SAXOutputter - SAXOutputter.startElement ['' description]
23:36:48.372 [Test worker] DEBUG org.apache.axis.i18n.ProjectResourceBundle - org.apache.axis.i18n.resource::handleGetObject(startElem00)
23:36:48.372 [Test worker] DEBUG org.apache.axis.encoding.SerializationContext - Start element []:description
23:36:48.372 [Test worker] DEBUG org.apache.axis.message.SAXOutputter - SAXOutputter.characters ['Test issue description']
23:36:48.372 [Test worker] DEBUG org.apache.axis.message.SAXOutputter - SAXOutputter.endElement ['' description]
23:36:48.372 [Test worker] DEBUG org.apache.axis.i18n.ProjectResourceBundle - org.apache.axis.i18n.resource::handleGetObject(endElem00)
23:36:48.372 [Test worker] DEBUG org.apache.axis.encoding.SerializationContext - End element description
23:36:48.372 [Test worker] DEBUG org.apache.axis.message.SAXOutputter - SAXOutputter.startElement ['' attachments]
23:36:48.372 [Test worker] DEBUG org.apache.axis.i18n.ProjectResourceBundle - org.apache.axis.i18n.resource::handleGetObject(startElem00)
23:36:48.372 [Test worker] DEBUG org.apache.axis.encoding.SerializationContext - Start element []:attachments
23:36:48.372 [Test worker] DEBUG org.apache.axis.message.SAXOutputter - SAXOutputter.endElement ['' attachments]
23:36:48.372 [Test worker] DEBUG org.apache.axis.i18n.ProjectResourceBundle - org.apache.axis.i18n.resource::handleGetObject(endElem00)
23:36:48.372 [Test worker] DEBUG org.apache.axis.encoding.SerializationContext - End element attachments
23:36:48.372 [Test worker] DEBUG org.apache.axis.message.SAXOutputter - SAXOutputter.startElement ['' monitors]
23:36:48.372 [Test worker] DEBUG org.apache.axis.i18n.ProjectResourceBundle - org.apache.axis.i18n.resource::handleGetObject(startElem00)
23:36:48.372 [Test worker] DEBUG org.apache.axis.encoding.SerializationContext - Start element []:monitors
23:36:48.372 [Test worker] DEBUG org.apache.axis.message.SAXOutputter - SAXOutputter.endElement ['' monitors]
23:36:48.372 [Test worker] DEBUG org.apache.axis.i18n.ProjectResourceBundle - org.apache.axis.i18n.resource::handleGetObject(endElem00)
23:36:48.372 [Test worker] DEBUG org.apache.axis.encoding.SerializationContext - End element monitors
23:36:48.372 [Test worker] DEBUG org.apache.axis.message.SAXOutputter - SAXOutputter.startElement ['' sticky]
23:36:48.372 [Test worker] DEBUG org.apache.axis.i18n.ProjectResourceBundle - org.apache.axis.i18n.resource::handleGetObject(startElem00)
23:36:48.372 [Test worker] DEBUG org.apache.axis.encoding.SerializationContext - Start element []:sticky
23:36:48.372 [Test worker] DEBUG org.apache.axis.message.SAXOutputter - SAXOutputter.characters ['false']
23:36:48.372 [Test worker] DEBUG org.apache.axis.message.SAXOutputter - SAXOutputter.endElement ['' sticky]
23:36:48.372 [Test worker] DEBUG org.apache.axis.i18n.ProjectResourceBundle - org.apache.axis.i18n.resource::handleGetObject(endElem00)
23:36:48.372 [Test worker] DEBUG org.apache.axis.encoding.SerializationContext - End element sticky
23:36:48.372 [Test worker] DEBUG org.apache.axis.message.SAXOutputter - SAXOutputter.startElement ['' tags]
23:36:48.372 [Test worker] DEBUG org.apache.axis.i18n.ProjectResourceBundle - org.apache.axis.i18n.resource::handleGetObject(startElem00)
23:36:48.372 [Test worker] DEBUG org.apache.axis.encoding.SerializationContext - Start element []:tags
23:36:48.372 [Test worker] DEBUG org.apache.axis.message.SAXOutputter - SAXOutputter.endElement ['' tags]
23:36:48.372 [Test worker] DEBUG org.apache.axis.i18n.ProjectResourceBundle - org.apache.axis.i18n.resource::handleGetObject(endElem00)
23:36:48.372 [Test worker] DEBUG org.apache.axis.encoding.SerializationContext - End element tags
23:36:48.372 [Test worker] DEBUG org.apache.axis.message.SAXOutputter - SAXOutputter.endElement ['' return]
23:36:48.372 [Test worker] DEBUG org.apache.axis.i18n.ProjectResourceBundle - org.apache.axis.i18n.resource::handleGetObject(endElem00)
23:36:48.372 [Test worker] DEBUG org.apache.axis.encoding.SerializationContext - End element return
23:36:48.372 [Test worker] DEBUG org.apache.axis.message.SAXOutputter - SAXOutputter.endElement ['http://futureware.biz/mantisconnect' mc_issue_getResponse]
23:36:48.372 [Test worker] DEBUG org.apache.axis.i18n.ProjectResourceBundle - org.apache.axis.i18n.resource::handleGetObject(endElem00)
23:36:48.372 [Test worker] DEBUG org.apache.axis.encoding.SerializationContext - End element ns1:mc_issue_getResponse
23:36:48.372 [Test worker] DEBUG org.apache.axis.i18n.ProjectResourceBundle - org.apache.axis.i18n.resource::handleGetObject(endElem00)
23:36:48.372 [Test worker] DEBUG org.apache.axis.encoding.SerializationContext - End element SOAP-ENV:Body
23:36:48.372 [Test worker] DEBUG org.apache.axis.i18n.ProjectResourceBundle - org.apache.axis.i18n.resource::handleGetObject(endElem00)
23:36:48.372 [Test worker] DEBUG org.apache.axis.encoding.SerializationContext - End element SOAP-ENV:Envelope
23:36:48.372 [Test worker] DEBUG org.apache.axis.transport.http.HTTPSender - <SOAP-ENV:Envelope xmlns:SOAP-ENV="http://schemas.xmlsoap.org/soap/envelope/" xmlns:ns1="http://futureware.biz/mantisconnect" xmlns:xsd="http://www.w3.org/2001/XMLSchema" xmlns:xsi="http://www.w3.org/2001/XMLSchema-instance" xmlns:SOAP-ENC="http://schemas.xmlsoap.org/soap/encoding/"><SOAP-ENV:Body><ns1:mc_issue_getResponse><return xsi:type="ns1:IssueData"><id xsi:type="xsd:integer">19</id><view_state xsi:type="ns1:ObjectRef"><id xsi:type="xsd:integer">10</id><name xsi:type="xsd:string">public</name></view_state><last_updated xsi:type="xsd:dateTime">2020-04-04T22:36:47+02:00</last_updated><project xsi:type="ns1:ObjectRef"><id xsi:type="xsd:integer">1</id><name xsi:type="xsd:string">test</name></project><category xsi:type="xsd:string">General</category><priority xsi:type="ns1:ObjectRef"><id xsi:type="xsd:integer">30</id><name xsi:type="xsd:string">normal</name></priority><severity xsi:type="ns1:ObjectRef"><id xsi:type="xsd:integer">50</id><name xsi:type="xsd:string">minor</name></severity><status xsi:type="ns1:ObjectRef"><id xsi:type="xsd:integer">10</id><name xsi:type="xsd:string">new</name></status><reporter xsi:type="ns1:AccountData"><id xsi:type="xsd:integer">1</id><name xsi:type="xsd:string">administrator</name><email xsi:type="xsd:string">root@localhost</email></reporter><summary xsi:type="xsd:string">Test issue</summary><reproducibility xsi:type="ns1:ObjectRef"><id xsi:type="xsd:integer">70</id><name xsi:type="xsd:string">have not tried</name></reproducibility><date_submitted xsi:type="xsd:dateTime">2020-04-04T22:36:47+02:00</date_submitted><sponsorship_total xsi:type="xsd:integer">0</sponsorship_total><resolution xsi:type="ns1:ObjectRef"><id xsi:type="xsd:integer">10</id><name xsi:type="xsd:string">open</name></resolution><description xsi:type="xsd:string">Test issue description</description><attachments SOAP-ENC:arrayType="ns1:AttachmentData[0]" xsi:type="SOAP-ENC:Array"/><monitors SOAP-ENC:arrayType="ns1:AccountData[0]" xsi:type="SOAP-ENC:Array"/><sticky xsi:type="xsd:boolean">false</sticky><tags SOAP-ENC:arrayType="ns1:ObjectRef[0]" xsi:type="SOAP-ENC:Array"/></return></ns1:mc_issue_getResponse></SOAP-ENV:Body></SOAP-ENV:Envelope>
23:36:48.372 [Test worker] DEBUG org.apache.axis.i18n.ProjectResourceBundle - org.apache.axis.i18n.resource::handleGetObject(exit00)
23:36:48.372 [Test worker] DEBUG org.apache.axis.transport.http.HTTPSender - Exit:  HTTPDispatchHandler::invoke
23:36:48.372 [Test worker] DEBUG org.apache.axis.SimpleChain - Exit: SimpleChain::invoke
23:36:48.372 [Test worker] DEBUG org.apache.axis.i18n.ProjectResourceBundle - org.apache.axis.i18n.resource::handleGetObject(semanticCheck00)
23:36:48.373 [Test worker] DEBUG org.apache.axis.handlers.soap.MustUnderstandChecker - Doing SOAP semantic checks...
23:36:48.373 [Test worker] DEBUG org.apache.axis.SOAPPart - Enter: SOAPPart::getAsSOAPEnvelope()
23:36:48.373 [Test worker] DEBUG org.apache.axis.i18n.ProjectResourceBundle - org.apache.axis.i18n.resource::handleGetObject(currForm)
23:36:48.373 [Test worker] DEBUG org.apache.axis.SOAPPart - current form is FORM_SOAPENVELOPE
23:36:48.373 [Test worker] DEBUG org.apache.axis.client.AxisClient - Exit: AxisClient::invoke
23:36:48.373 [Test worker] DEBUG org.apache.axis.SOAPPart - Enter: SOAPPart::getAsSOAPEnvelope()
23:36:48.373 [Test worker] DEBUG org.apache.axis.i18n.ProjectResourceBundle - org.apache.axis.i18n.resource::handleGetObject(currForm)
23:36:48.373 [Test worker] DEBUG org.apache.axis.SOAPPart - current form is FORM_SOAPENVELOPE
23:36:48.373 [Test worker] DEBUG org.apache.axis.client.Call - Exit: Call::invoke()
23:36:48.373 [Test worker] DEBUG org.apache.axis.SOAPPart - Enter: SOAPPart::getAsSOAPEnvelope()
23:36:48.373 [Test worker] DEBUG org.apache.axis.i18n.ProjectResourceBundle - org.apache.axis.i18n.resource::handleGetObject(currForm)
23:36:48.373 [Test worker] DEBUG org.apache.axis.SOAPPart - current form is FORM_SOAPENVELOPE
23:36:48.373 [Test worker] DEBUG org.apache.axis.i18n.ProjectResourceBundle - org.apache.axis.i18n.resource::handleGetObject(pushHandler00)
23:36:48.373 [Test worker] DEBUG org.apache.axis.encoding.DeserializationContext - Pushing handler org.apache.axis.message.EnvelopeHandler@1758dfaa
23:36:48.373 [Test worker] DEBUG org.apache.axis.encoding.DeserializationContext - Enter: DeserializationContext::startElement(http://futureware.biz/mantisconnect, mc_issue_getResponse)
23:36:48.373 [Test worker] DEBUG org.apache.axis.i18n.ProjectResourceBundle - org.apache.axis.i18n.resource::handleGetObject(pushHandler00)
23:36:48.373 [Test worker] DEBUG org.apache.axis.encoding.DeserializationContext - Pushing handler org.apache.axis.message.RPCHandler@402012dc
23:36:48.373 [Test worker] DEBUG org.apache.axis.encoding.DeserializationContext - Exit: DeserializationContext::startElement()
23:36:48.373 [Test worker] DEBUG org.apache.axis.encoding.DeserializationContext - Enter: DeserializationContext::startElement(, return)
23:36:48.373 [Test worker] DEBUG org.apache.axis.message.RPCHandler - Enter: RPCHandler.onStartChild()
23:36:48.373 [Test worker] DEBUG org.apache.axis.i18n.ProjectResourceBundle - org.apache.axis.i18n.resource::handleGetObject(typeFromAttr00)
23:36:48.373 [Test worker] DEBUG org.apache.axis.message.RPCHandler - Type from attributes is:  {http://futureware.biz/mantisconnect}IssueData
23:36:48.373 [Test worker] DEBUG org.apache.axis.message.RPCHandler - Exit: RPCHandler.onStartChild()
23:36:48.373 [Test worker] DEBUG org.apache.axis.i18n.ProjectResourceBundle - org.apache.axis.i18n.resource::handleGetObject(pushHandler00)
23:36:48.373 [Test worker] DEBUG org.apache.axis.encoding.DeserializationContext - Pushing handler org.apache.axis.encoding.ser.BeanDeserializer@792c7a32
23:36:48.373 [Test worker] DEBUG org.apache.axis.encoding.DeserializationContext - Exit: DeserializationContext::startElement()
23:36:48.373 [Test worker] DEBUG org.apache.axis.encoding.DeserializationContext - Enter: DeserializationContext::startElement(, id)
23:36:48.373 [Test worker] DEBUG org.apache.axis.i18n.ProjectResourceBundle - org.apache.axis.i18n.resource::handleGetObject(pushHandler00)
23:36:48.373 [Test worker] DEBUG org.apache.axis.encoding.DeserializationContext - Pushing handler org.apache.axis.encoding.ser.SimpleDeserializer@7b26a4cd
23:36:48.373 [Test worker] DEBUG org.apache.axis.encoding.DeserializationContext - Exit: DeserializationContext::startElement()
23:36:48.373 [Test worker] DEBUG org.apache.axis.encoding.DeserializationContext - Enter: DeserializationContext::endElement(, id)
23:36:48.373 [Test worker] DEBUG org.apache.axis.i18n.ProjectResourceBundle - org.apache.axis.i18n.resource::handleGetObject(popHandler00)
23:36:48.373 [Test worker] DEBUG org.apache.axis.encoding.DeserializationContext - Popping handler org.apache.axis.encoding.ser.SimpleDeserializer@7b26a4cd
23:36:48.373 [Test worker] DEBUG org.apache.axis.i18n.ProjectResourceBundle - org.apache.axis.i18n.resource::handleGetObject(setValueInTarget00)
23:36:48.373 [Test worker] DEBUG org.apache.axis.encoding.DeserializerImpl - Set value 19 in target org.apache.axis.encoding.ser.BeanPropertyTarget@2ad2918c
23:36:48.373 [Test worker] DEBUG org.apache.axis.i18n.ProjectResourceBundle - org.apache.axis.i18n.resource::handleGetObject(setValueInTarget00)
23:36:48.373 [Test worker] DEBUG org.apache.axis.encoding.DeserializerImpl - Set value 19 in target org.apache.axis.encoding.CallbackTarget@6aa4c0f8
23:36:48.373 [Test worker] DEBUG org.apache.axis.encoding.DeserializationContext - Popped element stack to org.apache.axis.message.MessageElement:return
23:36:48.373 [Test worker] DEBUG org.apache.axis.encoding.DeserializationContext - Exit: DeserializationContext::endElement()
23:36:48.373 [Test worker] DEBUG org.apache.axis.encoding.DeserializationContext - Enter: DeserializationContext::startElement(, view_state)
23:36:48.374 [Test worker] DEBUG org.apache.axis.i18n.ProjectResourceBundle - org.apache.axis.i18n.resource::handleGetObject(pushHandler00)
23:36:48.374 [Test worker] DEBUG org.apache.axis.encoding.DeserializationContext - Pushing handler org.apache.axis.encoding.ser.BeanDeserializer@70c3da74
23:36:48.374 [Test worker] DEBUG org.apache.axis.encoding.DeserializationContext - Exit: DeserializationContext::startElement()
23:36:48.374 [Test worker] DEBUG org.apache.axis.encoding.DeserializationContext - Enter: DeserializationContext::startElement(, id)
23:36:48.374 [Test worker] DEBUG org.apache.axis.i18n.ProjectResourceBundle - org.apache.axis.i18n.resource::handleGetObject(pushHandler00)
23:36:48.374 [Test worker] DEBUG org.apache.axis.encoding.DeserializationContext - Pushing handler org.apache.axis.encoding.ser.SimpleDeserializer@3e0d086d
23:36:48.374 [Test worker] DEBUG org.apache.axis.encoding.DeserializationContext - Exit: DeserializationContext::startElement()
23:36:48.374 [Test worker] DEBUG org.apache.axis.encoding.DeserializationContext - Enter: DeserializationContext::endElement(, id)
23:36:48.374 [Test worker] DEBUG org.apache.axis.i18n.ProjectResourceBundle - org.apache.axis.i18n.resource::handleGetObject(popHandler00)
23:36:48.374 [Test worker] DEBUG org.apache.axis.encoding.DeserializationContext - Popping handler org.apache.axis.encoding.ser.SimpleDeserializer@3e0d086d
23:36:48.374 [Test worker] DEBUG org.apache.axis.i18n.ProjectResourceBundle - org.apache.axis.i18n.resource::handleGetObject(setValueInTarget00)
23:36:48.374 [Test worker] DEBUG org.apache.axis.encoding.DeserializerImpl - Set value 10 in target org.apache.axis.encoding.ser.BeanPropertyTarget@6da0d1
23:36:48.374 [Test worker] DEBUG org.apache.axis.i18n.ProjectResourceBundle - org.apache.axis.i18n.resource::handleGetObject(setValueInTarget00)
23:36:48.374 [Test worker] DEBUG org.apache.axis.encoding.DeserializerImpl - Set value 10 in target org.apache.axis.encoding.CallbackTarget@4c820324
23:36:48.374 [Test worker] DEBUG org.apache.axis.encoding.DeserializationContext - Popped element stack to org.apache.axis.message.MessageElement:view_state
23:36:48.374 [Test worker] DEBUG org.apache.axis.encoding.DeserializationContext - Exit: DeserializationContext::endElement()
23:36:48.374 [Test worker] DEBUG org.apache.axis.encoding.DeserializationContext - Enter: DeserializationContext::startElement(, name)
23:36:48.374 [Test worker] DEBUG org.apache.axis.i18n.ProjectResourceBundle - org.apache.axis.i18n.resource::handleGetObject(pushHandler00)
23:36:48.374 [Test worker] DEBUG org.apache.axis.encoding.DeserializationContext - Pushing handler org.apache.axis.encoding.ser.SimpleDeserializer@227c60ba
23:36:48.374 [Test worker] DEBUG org.apache.axis.encoding.DeserializationContext - Exit: DeserializationContext::startElement()
23:36:48.374 [Test worker] DEBUG org.apache.axis.encoding.DeserializationContext - Enter: DeserializationContext::endElement(, name)
23:36:48.374 [Test worker] DEBUG org.apache.axis.i18n.ProjectResourceBundle - org.apache.axis.i18n.resource::handleGetObject(popHandler00)
23:36:48.374 [Test worker] DEBUG org.apache.axis.encoding.DeserializationContext - Popping handler org.apache.axis.encoding.ser.SimpleDeserializer@227c60ba
23:36:48.374 [Test worker] DEBUG org.apache.axis.i18n.ProjectResourceBundle - org.apache.axis.i18n.resource::handleGetObject(setValueInTarget00)
23:36:48.374 [Test worker] DEBUG org.apache.axis.encoding.DeserializerImpl - Set value public in target org.apache.axis.encoding.ser.BeanPropertyTarget@74645af8
23:36:48.374 [Test worker] DEBUG org.apache.axis.i18n.ProjectResourceBundle - org.apache.axis.i18n.resource::handleGetObject(setValueInTarget00)
23:36:48.374 [Test worker] DEBUG org.apache.axis.encoding.DeserializerImpl - Set value public in target org.apache.axis.encoding.CallbackTarget@1962078d
23:36:48.374 [Test worker] DEBUG org.apache.axis.encoding.DeserializationContext - Popped element stack to org.apache.axis.message.MessageElement:view_state
23:36:48.374 [Test worker] DEBUG org.apache.axis.encoding.DeserializationContext - Exit: DeserializationContext::endElement()
23:36:48.374 [Test worker] DEBUG org.apache.axis.encoding.DeserializationContext - Enter: DeserializationContext::endElement(, view_state)
23:36:48.374 [Test worker] DEBUG org.apache.axis.i18n.ProjectResourceBundle - org.apache.axis.i18n.resource::handleGetObject(popHandler00)
23:36:48.374 [Test worker] DEBUG org.apache.axis.encoding.DeserializationContext - Popping handler org.apache.axis.encoding.ser.BeanDeserializer@70c3da74
23:36:48.374 [Test worker] DEBUG org.apache.axis.i18n.ProjectResourceBundle - org.apache.axis.i18n.resource::handleGetObject(setValueInTarget00)
23:36:48.374 [Test worker] DEBUG org.apache.axis.encoding.DeserializerImpl - Set value biz.futureware.mantis.rpc.soap.client.ObjectRef@c5bdb274 in target org.apache.axis.encoding.ser.BeanPropertyTarget@45a5aca6
23:36:48.374 [Test worker] DEBUG org.apache.axis.i18n.ProjectResourceBundle - org.apache.axis.i18n.resource::handleGetObject(setValueInTarget00)
23:36:48.374 [Test worker] DEBUG org.apache.axis.encoding.DeserializerImpl - Set value biz.futureware.mantis.rpc.soap.client.ObjectRef@c5bdb274 in target org.apache.axis.encoding.CallbackTarget@49d7d18
23:36:48.374 [Test worker] DEBUG org.apache.axis.encoding.DeserializationContext - Popped element stack to org.apache.axis.message.MessageElement:return
23:36:48.374 [Test worker] DEBUG org.apache.axis.encoding.DeserializationContext - Exit: DeserializationContext::endElement()
23:36:48.374 [Test worker] DEBUG org.apache.axis.encoding.DeserializationContext - Enter: DeserializationContext::startElement(, last_updated)
23:36:48.378 [Test worker] DEBUG org.apache.axis.i18n.ProjectResourceBundle - org.apache.axis.i18n.resource::handleGetObject(pushHandler00)
23:36:48.378 [Test worker] DEBUG org.apache.axis.encoding.DeserializationContext - Pushing handler org.apache.axis.encoding.ser.CalendarDeserializer@52f844e9
23:36:48.378 [Test worker] DEBUG org.apache.axis.encoding.DeserializationContext - Exit: DeserializationContext::startElement()
23:36:48.378 [Test worker] DEBUG org.apache.axis.encoding.DeserializationContext - Enter: DeserializationContext::endElement(, last_updated)
23:36:48.378 [Test worker] DEBUG org.apache.axis.i18n.ProjectResourceBundle - org.apache.axis.i18n.resource::handleGetObject(popHandler00)
23:36:48.378 [Test worker] DEBUG org.apache.axis.encoding.DeserializationContext - Popping handler org.apache.axis.encoding.ser.CalendarDeserializer@52f844e9
23:36:48.379 [Test worker] DEBUG org.apache.axis.i18n.ProjectResourceBundle - org.apache.axis.i18n.resource::handleGetObject(setValueInTarget00)
23:36:48.379 [Test worker] DEBUG org.apache.axis.encoding.DeserializerImpl - Set value java.util.GregorianCalendar[time=1586032607000,areFieldsSet=true,areAllFieldsSet=true,lenient=true,zone=sun.util.calendar.ZoneInfo[id="Europe/Moscow",offset=10800000,dstSavings=0,useDaylight=false,transitions=79,lastRule=null],firstDayOfWeek=2,minimalDaysInFirstWeek=1,ERA=1,YEAR=2020,MONTH=3,WEEK_OF_YEAR=14,WEEK_OF_MONTH=1,DAY_OF_MONTH=4,DAY_OF_YEAR=95,DAY_OF_WEEK=7,DAY_OF_WEEK_IN_MONTH=1,AM_PM=1,HOUR=11,HOUR_OF_DAY=23,MINUTE=36,SECOND=47,MILLISECOND=0,ZONE_OFFSET=10800000,DST_OFFSET=0] in target org.apache.axis.encoding.ser.BeanPropertyTarget@5b2f7f54
23:36:48.379 [Test worker] DEBUG org.apache.axis.i18n.ProjectResourceBundle - org.apache.axis.i18n.resource::handleGetObject(setValueInTarget00)
23:36:48.379 [Test worker] DEBUG org.apache.axis.encoding.DeserializerImpl - Set value java.util.GregorianCalendar[time=1586032607000,areFieldsSet=true,areAllFieldsSet=true,lenient=true,zone=sun.util.calendar.ZoneInfo[id="Europe/Moscow",offset=10800000,dstSavings=0,useDaylight=false,transitions=79,lastRule=null],firstDayOfWeek=2,minimalDaysInFirstWeek=1,ERA=1,YEAR=2020,MONTH=3,WEEK_OF_YEAR=14,WEEK_OF_MONTH=1,DAY_OF_MONTH=4,DAY_OF_YEAR=95,DAY_OF_WEEK=7,DAY_OF_WEEK_IN_MONTH=1,AM_PM=1,HOUR=11,HOUR_OF_DAY=23,MINUTE=36,SECOND=47,MILLISECOND=0,ZONE_OFFSET=10800000,DST_OFFSET=0] in target org.apache.axis.encoding.CallbackTarget@3307380b
23:36:48.379 [Test worker] DEBUG org.apache.axis.encoding.DeserializationContext - Popped element stack to org.apache.axis.message.MessageElement:return
23:36:48.379 [Test worker] DEBUG org.apache.axis.encoding.DeserializationContext - Exit: DeserializationContext::endElement()
23:36:48.379 [Test worker] DEBUG org.apache.axis.encoding.DeserializationContext - Enter: DeserializationContext::startElement(, project)
23:36:48.379 [Test worker] DEBUG org.apache.axis.i18n.ProjectResourceBundle - org.apache.axis.i18n.resource::handleGetObject(pushHandler00)
23:36:48.379 [Test worker] DEBUG org.apache.axis.encoding.DeserializationContext - Pushing handler org.apache.axis.encoding.ser.BeanDeserializer@5c1df6ce
23:36:48.379 [Test worker] DEBUG org.apache.axis.encoding.DeserializationContext - Exit: DeserializationContext::startElement()
23:36:48.379 [Test worker] DEBUG org.apache.axis.encoding.DeserializationContext - Enter: DeserializationContext::startElement(, id)
23:36:48.379 [Test worker] DEBUG org.apache.axis.i18n.ProjectResourceBundle - org.apache.axis.i18n.resource::handleGetObject(pushHandler00)
23:36:48.379 [Test worker] DEBUG org.apache.axis.encoding.DeserializationContext - Pushing handler org.apache.axis.encoding.ser.SimpleDeserializer@4c522ea8
23:36:48.379 [Test worker] DEBUG org.apache.axis.encoding.DeserializationContext - Exit: DeserializationContext::startElement()
23:36:48.379 [Test worker] DEBUG org.apache.axis.encoding.DeserializationContext - Enter: DeserializationContext::endElement(, id)
23:36:48.379 [Test worker] DEBUG org.apache.axis.i18n.ProjectResourceBundle - org.apache.axis.i18n.resource::handleGetObject(popHandler00)
23:36:48.379 [Test worker] DEBUG org.apache.axis.encoding.DeserializationContext - Popping handler org.apache.axis.encoding.ser.SimpleDeserializer@4c522ea8
23:36:48.379 [Test worker] DEBUG org.apache.axis.i18n.ProjectResourceBundle - org.apache.axis.i18n.resource::handleGetObject(setValueInTarget00)
23:36:48.379 [Test worker] DEBUG org.apache.axis.encoding.DeserializerImpl - Set value 1 in target org.apache.axis.encoding.ser.BeanPropertyTarget@6c273da9
23:36:48.380 [Test worker] DEBUG org.apache.axis.i18n.ProjectResourceBundle - org.apache.axis.i18n.resource::handleGetObject(setValueInTarget00)
23:36:48.380 [Test worker] DEBUG org.apache.axis.encoding.DeserializerImpl - Set value 1 in target org.apache.axis.encoding.CallbackTarget@66ea9746
23:36:48.380 [Test worker] DEBUG org.apache.axis.encoding.DeserializationContext - Popped element stack to org.apache.axis.message.MessageElement:project
23:36:48.380 [Test worker] DEBUG org.apache.axis.encoding.DeserializationContext - Exit: DeserializationContext::endElement()
23:36:48.380 [Test worker] DEBUG org.apache.axis.encoding.DeserializationContext - Enter: DeserializationContext::startElement(, name)
23:36:48.380 [Test worker] DEBUG org.apache.axis.i18n.ProjectResourceBundle - org.apache.axis.i18n.resource::handleGetObject(pushHandler00)
23:36:48.380 [Test worker] DEBUG org.apache.axis.encoding.DeserializationContext - Pushing handler org.apache.axis.encoding.ser.SimpleDeserializer@55f2b6d3
23:36:48.380 [Test worker] DEBUG org.apache.axis.encoding.DeserializationContext - Exit: DeserializationContext::startElement()
23:36:48.380 [Test worker] DEBUG org.apache.axis.encoding.DeserializationContext - Enter: DeserializationContext::endElement(, name)
23:36:48.380 [Test worker] DEBUG org.apache.axis.i18n.ProjectResourceBundle - org.apache.axis.i18n.resource::handleGetObject(popHandler00)
23:36:48.380 [Test worker] DEBUG org.apache.axis.encoding.DeserializationContext - Popping handler org.apache.axis.encoding.ser.SimpleDeserializer@55f2b6d3
23:36:48.380 [Test worker] DEBUG org.apache.axis.i18n.ProjectResourceBundle - org.apache.axis.i18n.resource::handleGetObject(setValueInTarget00)
23:36:48.380 [Test worker] DEBUG org.apache.axis.encoding.DeserializerImpl - Set value test in target org.apache.axis.encoding.ser.BeanPropertyTarget@888e5ab
23:36:48.380 [Test worker] DEBUG org.apache.axis.i18n.ProjectResourceBundle - org.apache.axis.i18n.resource::handleGetObject(setValueInTarget00)
23:36:48.380 [Test worker] DEBUG org.apache.axis.encoding.DeserializerImpl - Set value test in target org.apache.axis.encoding.CallbackTarget@5d174b66
23:36:48.380 [Test worker] DEBUG org.apache.axis.encoding.DeserializationContext - Popped element stack to org.apache.axis.message.MessageElement:project
23:36:48.380 [Test worker] DEBUG org.apache.axis.encoding.DeserializationContext - Exit: DeserializationContext::endElement()
23:36:48.380 [Test worker] DEBUG org.apache.axis.encoding.DeserializationContext - Enter: DeserializationContext::endElement(, project)
23:36:48.380 [Test worker] DEBUG org.apache.axis.i18n.ProjectResourceBundle - org.apache.axis.i18n.resource::handleGetObject(popHandler00)
23:36:48.380 [Test worker] DEBUG org.apache.axis.encoding.DeserializationContext - Popping handler org.apache.axis.encoding.ser.BeanDeserializer@5c1df6ce
23:36:48.380 [Test worker] DEBUG org.apache.axis.i18n.ProjectResourceBundle - org.apache.axis.i18n.resource::handleGetObject(setValueInTarget00)
23:36:48.380 [Test worker] DEBUG org.apache.axis.encoding.DeserializerImpl - Set value biz.futureware.mantis.rpc.soap.client.ObjectRef@364494 in target org.apache.axis.encoding.ser.BeanPropertyTarget@6f75a725
23:36:48.380 [Test worker] DEBUG org.apache.axis.i18n.ProjectResourceBundle - org.apache.axis.i18n.resource::handleGetObject(setValueInTarget00)
23:36:48.380 [Test worker] DEBUG org.apache.axis.encoding.DeserializerImpl - Set value biz.futureware.mantis.rpc.soap.client.ObjectRef@364494 in target org.apache.axis.encoding.CallbackTarget@2f71d036
23:36:48.380 [Test worker] DEBUG org.apache.axis.encoding.DeserializationContext - Popped element stack to org.apache.axis.message.MessageElement:return
23:36:48.380 [Test worker] DEBUG org.apache.axis.encoding.DeserializationContext - Exit: DeserializationContext::endElement()
23:36:48.380 [Test worker] DEBUG org.apache.axis.encoding.DeserializationContext - Enter: DeserializationContext::startElement(, category)
23:36:48.380 [Test worker] DEBUG org.apache.axis.i18n.ProjectResourceBundle - org.apache.axis.i18n.resource::handleGetObject(pushHandler00)
23:36:48.380 [Test worker] DEBUG org.apache.axis.encoding.DeserializationContext - Pushing handler org.apache.axis.encoding.ser.SimpleDeserializer@601bddce
23:36:48.380 [Test worker] DEBUG org.apache.axis.encoding.DeserializationContext - Exit: DeserializationContext::startElement()
23:36:48.380 [Test worker] DEBUG org.apache.axis.encoding.DeserializationContext - Enter: DeserializationContext::endElement(, category)
23:36:48.380 [Test worker] DEBUG org.apache.axis.i18n.ProjectResourceBundle - org.apache.axis.i18n.resource::handleGetObject(popHandler00)
23:36:48.380 [Test worker] DEBUG org.apache.axis.encoding.DeserializationContext - Popping handler org.apache.axis.encoding.ser.SimpleDeserializer@601bddce
23:36:48.380 [Test worker] DEBUG org.apache.axis.i18n.ProjectResourceBundle - org.apache.axis.i18n.resource::handleGetObject(setValueInTarget00)
23:36:48.380 [Test worker] DEBUG org.apache.axis.encoding.DeserializerImpl - Set value General in target org.apache.axis.encoding.ser.BeanPropertyTarget@730e6d0
23:36:48.380 [Test worker] DEBUG org.apache.axis.i18n.ProjectResourceBundle - org.apache.axis.i18n.resource::handleGetObject(setValueInTarget00)
23:36:48.380 [Test worker] DEBUG org.apache.axis.encoding.DeserializerImpl - Set value General in target org.apache.axis.encoding.CallbackTarget@453e259c
23:36:48.380 [Test worker] DEBUG org.apache.axis.encoding.DeserializationContext - Popped element stack to org.apache.axis.message.MessageElement:return
23:36:48.380 [Test worker] DEBUG org.apache.axis.encoding.DeserializationContext - Exit: DeserializationContext::endElement()
23:36:48.380 [Test worker] DEBUG org.apache.axis.encoding.DeserializationContext - Enter: DeserializationContext::startElement(, priority)
23:36:48.380 [Test worker] DEBUG org.apache.axis.i18n.ProjectResourceBundle - org.apache.axis.i18n.resource::handleGetObject(pushHandler00)
23:36:48.380 [Test worker] DEBUG org.apache.axis.encoding.DeserializationContext - Pushing handler org.apache.axis.encoding.ser.BeanDeserializer@64efbd6d
23:36:48.380 [Test worker] DEBUG org.apache.axis.encoding.DeserializationContext - Exit: DeserializationContext::startElement()
23:36:48.380 [Test worker] DEBUG org.apache.axis.encoding.DeserializationContext - Enter: DeserializationContext::startElement(, id)
23:36:48.380 [Test worker] DEBUG org.apache.axis.i18n.ProjectResourceBundle - org.apache.axis.i18n.resource::handleGetObject(pushHandler00)
23:36:48.380 [Test worker] DEBUG org.apache.axis.encoding.DeserializationContext - Pushing handler org.apache.axis.encoding.ser.SimpleDeserializer@5aa4e993
23:36:48.380 [Test worker] DEBUG org.apache.axis.encoding.DeserializationContext - Exit: DeserializationContext::startElement()
23:36:48.380 [Test worker] DEBUG org.apache.axis.encoding.DeserializationContext - Enter: DeserializationContext::endElement(, id)
23:36:48.380 [Test worker] DEBUG org.apache.axis.i18n.ProjectResourceBundle - org.apache.axis.i18n.resource::handleGetObject(popHandler00)
23:36:48.380 [Test worker] DEBUG org.apache.axis.encoding.DeserializationContext - Popping handler org.apache.axis.encoding.ser.SimpleDeserializer@5aa4e993
23:36:48.381 [Test worker] DEBUG org.apache.axis.i18n.ProjectResourceBundle - org.apache.axis.i18n.resource::handleGetObject(setValueInTarget00)
23:36:48.381 [Test worker] DEBUG org.apache.axis.encoding.DeserializerImpl - Set value 30 in target org.apache.axis.encoding.ser.BeanPropertyTarget@5a229271
23:36:48.381 [Test worker] DEBUG org.apache.axis.i18n.ProjectResourceBundle - org.apache.axis.i18n.resource::handleGetObject(setValueInTarget00)
23:36:48.381 [Test worker] DEBUG org.apache.axis.encoding.DeserializerImpl - Set value 30 in target org.apache.axis.encoding.CallbackTarget@6e844e6c
23:36:48.381 [Test worker] DEBUG org.apache.axis.encoding.DeserializationContext - Popped element stack to org.apache.axis.message.MessageElement:priority
23:36:48.381 [Test worker] DEBUG org.apache.axis.encoding.DeserializationContext - Exit: DeserializationContext::endElement()
23:36:48.381 [Test worker] DEBUG org.apache.axis.encoding.DeserializationContext - Enter: DeserializationContext::startElement(, name)
23:36:48.381 [Test worker] DEBUG org.apache.axis.i18n.ProjectResourceBundle - org.apache.axis.i18n.resource::handleGetObject(pushHandler00)
23:36:48.381 [Test worker] DEBUG org.apache.axis.encoding.DeserializationContext - Pushing handler org.apache.axis.encoding.ser.SimpleDeserializer@77998204
23:36:48.381 [Test worker] DEBUG org.apache.axis.encoding.DeserializationContext - Exit: DeserializationContext::startElement()
23:36:48.381 [Test worker] DEBUG org.apache.axis.encoding.DeserializationContext - Enter: DeserializationContext::endElement(, name)
23:36:48.381 [Test worker] DEBUG org.apache.axis.i18n.ProjectResourceBundle - org.apache.axis.i18n.resource::handleGetObject(popHandler00)
23:36:48.381 [Test worker] DEBUG org.apache.axis.encoding.DeserializationContext - Popping handler org.apache.axis.encoding.ser.SimpleDeserializer@77998204
23:36:48.381 [Test worker] DEBUG org.apache.axis.i18n.ProjectResourceBundle - org.apache.axis.i18n.resource::handleGetObject(setValueInTarget00)
23:36:48.381 [Test worker] DEBUG org.apache.axis.encoding.DeserializerImpl - Set value normal in target org.apache.axis.encoding.ser.BeanPropertyTarget@a8c0515
23:36:48.381 [Test worker] DEBUG org.apache.axis.i18n.ProjectResourceBundle - org.apache.axis.i18n.resource::handleGetObject(setValueInTarget00)
23:36:48.381 [Test worker] DEBUG org.apache.axis.encoding.DeserializerImpl - Set value normal in target org.apache.axis.encoding.CallbackTarget@4473af2f
23:36:48.381 [Test worker] DEBUG org.apache.axis.encoding.DeserializationContext - Popped element stack to org.apache.axis.message.MessageElement:priority
23:36:48.381 [Test worker] DEBUG org.apache.axis.encoding.DeserializationContext - Exit: DeserializationContext::endElement()
23:36:48.381 [Test worker] DEBUG org.apache.axis.encoding.DeserializationContext - Enter: DeserializationContext::endElement(, priority)
23:36:48.381 [Test worker] DEBUG org.apache.axis.i18n.ProjectResourceBundle - org.apache.axis.i18n.resource::handleGetObject(popHandler00)
23:36:48.381 [Test worker] DEBUG org.apache.axis.encoding.DeserializationContext - Popping handler org.apache.axis.encoding.ser.BeanDeserializer@64efbd6d
23:36:48.381 [Test worker] DEBUG org.apache.axis.i18n.ProjectResourceBundle - org.apache.axis.i18n.resource::handleGetObject(setValueInTarget00)
23:36:48.381 [Test worker] DEBUG org.apache.axis.encoding.DeserializerImpl - Set value biz.futureware.mantis.rpc.soap.client.ObjectRef@c206bd06 in target org.apache.axis.encoding.ser.BeanPropertyTarget@8487ee3
23:36:48.381 [Test worker] DEBUG org.apache.axis.i18n.ProjectResourceBundle - org.apache.axis.i18n.resource::handleGetObject(setValueInTarget00)
23:36:48.381 [Test worker] DEBUG org.apache.axis.encoding.DeserializerImpl - Set value biz.futureware.mantis.rpc.soap.client.ObjectRef@c206bd06 in target org.apache.axis.encoding.CallbackTarget@33fa444c
23:36:48.381 [Test worker] DEBUG org.apache.axis.encoding.DeserializationContext - Popped element stack to org.apache.axis.message.MessageElement:return
23:36:48.381 [Test worker] DEBUG org.apache.axis.encoding.DeserializationContext - Exit: DeserializationContext::endElement()
23:36:48.381 [Test worker] DEBUG org.apache.axis.encoding.DeserializationContext - Enter: DeserializationContext::startElement(, severity)
23:36:48.381 [Test worker] DEBUG org.apache.axis.i18n.ProjectResourceBundle - org.apache.axis.i18n.resource::handleGetObject(pushHandler00)
23:36:48.381 [Test worker] DEBUG org.apache.axis.encoding.DeserializationContext - Pushing handler org.apache.axis.encoding.ser.BeanDeserializer@59345b8b
23:36:48.381 [Test worker] DEBUG org.apache.axis.encoding.DeserializationContext - Exit: DeserializationContext::startElement()
23:36:48.381 [Test worker] DEBUG org.apache.axis.encoding.DeserializationContext - Enter: DeserializationContext::startElement(, id)
23:36:48.381 [Test worker] DEBUG org.apache.axis.i18n.ProjectResourceBundle - org.apache.axis.i18n.resource::handleGetObject(pushHandler00)
23:36:48.381 [Test worker] DEBUG org.apache.axis.encoding.DeserializationContext - Pushing handler org.apache.axis.encoding.ser.SimpleDeserializer@e79d55
23:36:48.381 [Test worker] DEBUG org.apache.axis.encoding.DeserializationContext - Exit: DeserializationContext::startElement()
23:36:48.381 [Test worker] DEBUG org.apache.axis.encoding.DeserializationContext - Enter: DeserializationContext::endElement(, id)
23:36:48.381 [Test worker] DEBUG org.apache.axis.i18n.ProjectResourceBundle - org.apache.axis.i18n.resource::handleGetObject(popHandler00)
23:36:48.381 [Test worker] DEBUG org.apache.axis.encoding.DeserializationContext - Popping handler org.apache.axis.encoding.ser.SimpleDeserializer@e79d55
23:36:48.381 [Test worker] DEBUG org.apache.axis.i18n.ProjectResourceBundle - org.apache.axis.i18n.resource::handleGetObject(setValueInTarget00)
23:36:48.381 [Test worker] DEBUG org.apache.axis.encoding.DeserializerImpl - Set value 50 in target org.apache.axis.encoding.ser.BeanPropertyTarget@4b9344cc
23:36:48.381 [Test worker] DEBUG org.apache.axis.i18n.ProjectResourceBundle - org.apache.axis.i18n.resource::handleGetObject(setValueInTarget00)
23:36:48.381 [Test worker] DEBUG org.apache.axis.encoding.DeserializerImpl - Set value 50 in target org.apache.axis.encoding.CallbackTarget@2a2aa1d6
23:36:48.381 [Test worker] DEBUG org.apache.axis.encoding.DeserializationContext - Popped element stack to org.apache.axis.message.MessageElement:severity
23:36:48.381 [Test worker] DEBUG org.apache.axis.encoding.DeserializationContext - Exit: DeserializationContext::endElement()
23:36:48.381 [Test worker] DEBUG org.apache.axis.encoding.DeserializationContext - Enter: DeserializationContext::startElement(, name)
23:36:48.382 [Test worker] DEBUG org.apache.axis.i18n.ProjectResourceBundle - org.apache.axis.i18n.resource::handleGetObject(pushHandler00)
23:36:48.382 [Test worker] DEBUG org.apache.axis.encoding.DeserializationContext - Pushing handler org.apache.axis.encoding.ser.SimpleDeserializer@51b95f1b
23:36:48.382 [Test worker] DEBUG org.apache.axis.encoding.DeserializationContext - Exit: DeserializationContext::startElement()
23:36:48.382 [Test worker] DEBUG org.apache.axis.encoding.DeserializationContext - Enter: DeserializationContext::endElement(, name)
23:36:48.382 [Test worker] DEBUG org.apache.axis.i18n.ProjectResourceBundle - org.apache.axis.i18n.resource::handleGetObject(popHandler00)
23:36:48.382 [Test worker] DEBUG org.apache.axis.encoding.DeserializationContext - Popping handler org.apache.axis.encoding.ser.SimpleDeserializer@51b95f1b
23:36:48.382 [Test worker] DEBUG org.apache.axis.i18n.ProjectResourceBundle - org.apache.axis.i18n.resource::handleGetObject(setValueInTarget00)
23:36:48.382 [Test worker] DEBUG org.apache.axis.encoding.DeserializerImpl - Set value minor in target org.apache.axis.encoding.ser.BeanPropertyTarget@6d887d4c
23:36:48.382 [Test worker] DEBUG org.apache.axis.i18n.ProjectResourceBundle - org.apache.axis.i18n.resource::handleGetObject(setValueInTarget00)
23:36:48.382 [Test worker] DEBUG org.apache.axis.encoding.DeserializerImpl - Set value minor in target org.apache.axis.encoding.CallbackTarget@3c6cf115
23:36:48.382 [Test worker] DEBUG org.apache.axis.encoding.DeserializationContext - Popped element stack to org.apache.axis.message.MessageElement:severity
23:36:48.382 [Test worker] DEBUG org.apache.axis.encoding.DeserializationContext - Exit: DeserializationContext::endElement()
23:36:48.382 [Test worker] DEBUG org.apache.axis.encoding.DeserializationContext - Enter: DeserializationContext::endElement(, severity)
23:36:48.382 [Test worker] DEBUG org.apache.axis.i18n.ProjectResourceBundle - org.apache.axis.i18n.resource::handleGetObject(popHandler00)
23:36:48.382 [Test worker] DEBUG org.apache.axis.encoding.DeserializationContext - Popping handler org.apache.axis.encoding.ser.BeanDeserializer@59345b8b
23:36:48.382 [Test worker] DEBUG org.apache.axis.i18n.ProjectResourceBundle - org.apache.axis.i18n.resource::handleGetObject(setValueInTarget00)
23:36:48.382 [Test worker] DEBUG org.apache.axis.encoding.DeserializerImpl - Set value biz.futureware.mantis.rpc.soap.client.ObjectRef@63167e8 in target org.apache.axis.encoding.ser.BeanPropertyTarget@43b7d35f
23:36:48.382 [Test worker] DEBUG org.apache.axis.i18n.ProjectResourceBundle - org.apache.axis.i18n.resource::handleGetObject(setValueInTarget00)
23:36:48.382 [Test worker] DEBUG org.apache.axis.encoding.DeserializerImpl - Set value biz.futureware.mantis.rpc.soap.client.ObjectRef@63167e8 in target org.apache.axis.encoding.CallbackTarget@58ed1db5
23:36:48.382 [Test worker] DEBUG org.apache.axis.encoding.DeserializationContext - Popped element stack to org.apache.axis.message.MessageElement:return
23:36:48.382 [Test worker] DEBUG org.apache.axis.encoding.DeserializationContext - Exit: DeserializationContext::endElement()
23:36:48.382 [Test worker] DEBUG org.apache.axis.encoding.DeserializationContext - Enter: DeserializationContext::startElement(, status)
23:36:48.382 [Test worker] DEBUG org.apache.axis.i18n.ProjectResourceBundle - org.apache.axis.i18n.resource::handleGetObject(pushHandler00)
23:36:48.382 [Test worker] DEBUG org.apache.axis.encoding.DeserializationContext - Pushing handler org.apache.axis.encoding.ser.BeanDeserializer@762169f9
23:36:48.382 [Test worker] DEBUG org.apache.axis.encoding.DeserializationContext - Exit: DeserializationContext::startElement()
23:36:48.382 [Test worker] DEBUG org.apache.axis.encoding.DeserializationContext - Enter: DeserializationContext::startElement(, id)
23:36:48.382 [Test worker] DEBUG org.apache.axis.i18n.ProjectResourceBundle - org.apache.axis.i18n.resource::handleGetObject(pushHandler00)
23:36:48.382 [Test worker] DEBUG org.apache.axis.encoding.DeserializationContext - Pushing handler org.apache.axis.encoding.ser.SimpleDeserializer@2d1eca71
23:36:48.382 [Test worker] DEBUG org.apache.axis.encoding.DeserializationContext - Exit: DeserializationContext::startElement()
23:36:48.382 [Test worker] DEBUG org.apache.axis.encoding.DeserializationContext - Enter: DeserializationContext::endElement(, id)
23:36:48.382 [Test worker] DEBUG org.apache.axis.i18n.ProjectResourceBundle - org.apache.axis.i18n.resource::handleGetObject(popHandler00)
23:36:48.382 [Test worker] DEBUG org.apache.axis.encoding.DeserializationContext - Popping handler org.apache.axis.encoding.ser.SimpleDeserializer@2d1eca71
23:36:48.382 [Test worker] DEBUG org.apache.axis.i18n.ProjectResourceBundle - org.apache.axis.i18n.resource::handleGetObject(setValueInTarget00)
23:36:48.382 [Test worker] DEBUG org.apache.axis.encoding.DeserializerImpl - Set value 10 in target org.apache.axis.encoding.ser.BeanPropertyTarget@50cec9a6
23:36:48.382 [Test worker] DEBUG org.apache.axis.i18n.ProjectResourceBundle - org.apache.axis.i18n.resource::handleGetObject(setValueInTarget00)
23:36:48.382 [Test worker] DEBUG org.apache.axis.encoding.DeserializerImpl - Set value 10 in target org.apache.axis.encoding.CallbackTarget@60fe66bf
23:36:48.382 [Test worker] DEBUG org.apache.axis.encoding.DeserializationContext - Popped element stack to org.apache.axis.message.MessageElement:status
23:36:48.382 [Test worker] DEBUG org.apache.axis.encoding.DeserializationContext - Exit: DeserializationContext::endElement()
23:36:48.382 [Test worker] DEBUG org.apache.axis.encoding.DeserializationContext - Enter: DeserializationContext::startElement(, name)
23:36:48.382 [Test worker] DEBUG org.apache.axis.i18n.ProjectResourceBundle - org.apache.axis.i18n.resource::handleGetObject(pushHandler00)
23:36:48.382 [Test worker] DEBUG org.apache.axis.encoding.DeserializationContext - Pushing handler org.apache.axis.encoding.ser.SimpleDeserializer@1d6db5f8
23:36:48.382 [Test worker] DEBUG org.apache.axis.encoding.DeserializationContext - Exit: DeserializationContext::startElement()
23:36:48.382 [Test worker] DEBUG org.apache.axis.encoding.DeserializationContext - Enter: DeserializationContext::endElement(, name)
23:36:48.382 [Test worker] DEBUG org.apache.axis.i18n.ProjectResourceBundle - org.apache.axis.i18n.resource::handleGetObject(popHandler00)
23:36:48.382 [Test worker] DEBUG org.apache.axis.encoding.DeserializationContext - Popping handler org.apache.axis.encoding.ser.SimpleDeserializer@1d6db5f8
23:36:48.382 [Test worker] DEBUG org.apache.axis.i18n.ProjectResourceBundle - org.apache.axis.i18n.resource::handleGetObject(setValueInTarget00)
23:36:48.382 [Test worker] DEBUG org.apache.axis.encoding.DeserializerImpl - Set value new in target org.apache.axis.encoding.ser.BeanPropertyTarget@46fbb966
23:36:48.382 [Test worker] DEBUG org.apache.axis.i18n.ProjectResourceBundle - org.apache.axis.i18n.resource::handleGetObject(setValueInTarget00)
23:36:48.382 [Test worker] DEBUG org.apache.axis.encoding.DeserializerImpl - Set value new in target org.apache.axis.encoding.CallbackTarget@60dedbe6
23:36:48.382 [Test worker] DEBUG org.apache.axis.encoding.DeserializationContext - Popped element stack to org.apache.axis.message.MessageElement:status
23:36:48.382 [Test worker] DEBUG org.apache.axis.encoding.DeserializationContext - Exit: DeserializationContext::endElement()
23:36:48.382 [Test worker] DEBUG org.apache.axis.encoding.DeserializationContext - Enter: DeserializationContext::endElement(, status)
23:36:48.382 [Test worker] DEBUG org.apache.axis.i18n.ProjectResourceBundle - org.apache.axis.i18n.resource::handleGetObject(popHandler00)
23:36:48.382 [Test worker] DEBUG org.apache.axis.encoding.DeserializationContext - Popping handler org.apache.axis.encoding.ser.BeanDeserializer@762169f9
23:36:48.383 [Test worker] DEBUG org.apache.axis.i18n.ProjectResourceBundle - org.apache.axis.i18n.resource::handleGetObject(setValueInTarget00)
23:36:48.383 [Test worker] DEBUG org.apache.axis.encoding.DeserializerImpl - Set value biz.futureware.mantis.rpc.soap.client.ObjectRef@1a9ab in target org.apache.axis.encoding.ser.BeanPropertyTarget@730682dc
23:36:48.383 [Test worker] DEBUG org.apache.axis.i18n.ProjectResourceBundle - org.apache.axis.i18n.resource::handleGetObject(setValueInTarget00)
23:36:48.383 [Test worker] DEBUG org.apache.axis.encoding.DeserializerImpl - Set value biz.futureware.mantis.rpc.soap.client.ObjectRef@1a9ab in target org.apache.axis.encoding.CallbackTarget@3b43b31
23:36:48.383 [Test worker] DEBUG org.apache.axis.encoding.DeserializationContext - Popped element stack to org.apache.axis.message.MessageElement:return
23:36:48.383 [Test worker] DEBUG org.apache.axis.encoding.DeserializationContext - Exit: DeserializationContext::endElement()
23:36:48.383 [Test worker] DEBUG org.apache.axis.encoding.DeserializationContext - Enter: DeserializationContext::startElement(, reporter)
23:36:48.383 [Test worker] DEBUG org.apache.axis.i18n.ProjectResourceBundle - org.apache.axis.i18n.resource::handleGetObject(pushHandler00)
23:36:48.383 [Test worker] DEBUG org.apache.axis.encoding.DeserializationContext - Pushing handler org.apache.axis.encoding.ser.BeanDeserializer@189f82a8
23:36:48.383 [Test worker] DEBUG org.apache.axis.encoding.DeserializationContext - Exit: DeserializationContext::startElement()
23:36:48.383 [Test worker] DEBUG org.apache.axis.encoding.DeserializationContext - Enter: DeserializationContext::startElement(, id)
23:36:48.383 [Test worker] DEBUG org.apache.axis.i18n.ProjectResourceBundle - org.apache.axis.i18n.resource::handleGetObject(pushHandler00)
23:36:48.383 [Test worker] DEBUG org.apache.axis.encoding.DeserializationContext - Pushing handler org.apache.axis.encoding.ser.SimpleDeserializer@e086bb6
23:36:48.383 [Test worker] DEBUG org.apache.axis.encoding.DeserializationContext - Exit: DeserializationContext::startElement()
23:36:48.383 [Test worker] DEBUG org.apache.axis.encoding.DeserializationContext - Enter: DeserializationContext::endElement(, id)
23:36:48.383 [Test worker] DEBUG org.apache.axis.i18n.ProjectResourceBundle - org.apache.axis.i18n.resource::handleGetObject(popHandler00)
23:36:48.383 [Test worker] DEBUG org.apache.axis.encoding.DeserializationContext - Popping handler org.apache.axis.encoding.ser.SimpleDeserializer@e086bb6
23:36:48.383 [Test worker] DEBUG org.apache.axis.i18n.ProjectResourceBundle - org.apache.axis.i18n.resource::handleGetObject(setValueInTarget00)
23:36:48.383 [Test worker] DEBUG org.apache.axis.encoding.DeserializerImpl - Set value 1 in target org.apache.axis.encoding.ser.BeanPropertyTarget@495f08c9
23:36:48.383 [Test worker] DEBUG org.apache.axis.i18n.ProjectResourceBundle - org.apache.axis.i18n.resource::handleGetObject(setValueInTarget00)
23:36:48.383 [Test worker] DEBUG org.apache.axis.encoding.DeserializerImpl - Set value 1 in target org.apache.axis.encoding.CallbackTarget@6b90cf60
23:36:48.383 [Test worker] DEBUG org.apache.axis.encoding.DeserializationContext - Popped element stack to org.apache.axis.message.MessageElement:reporter
23:36:48.383 [Test worker] DEBUG org.apache.axis.encoding.DeserializationContext - Exit: DeserializationContext::endElement()
23:36:48.383 [Test worker] DEBUG org.apache.axis.encoding.DeserializationContext - Enter: DeserializationContext::startElement(, name)
23:36:48.383 [Test worker] DEBUG org.apache.axis.i18n.ProjectResourceBundle - org.apache.axis.i18n.resource::handleGetObject(pushHandler00)
23:36:48.383 [Test worker] DEBUG org.apache.axis.encoding.DeserializationContext - Pushing handler org.apache.axis.encoding.ser.SimpleDeserializer@ffe8a78
23:36:48.383 [Test worker] DEBUG org.apache.axis.encoding.DeserializationContext - Exit: DeserializationContext::startElement()
23:36:48.384 [Test worker] DEBUG org.apache.axis.encoding.DeserializationContext - Enter: DeserializationContext::endElement(, name)
23:36:48.384 [Test worker] DEBUG org.apache.axis.i18n.ProjectResourceBundle - org.apache.axis.i18n.resource::handleGetObject(popHandler00)
23:36:48.384 [Test worker] DEBUG org.apache.axis.encoding.DeserializationContext - Popping handler org.apache.axis.encoding.ser.SimpleDeserializer@ffe8a78
23:36:48.384 [Test worker] DEBUG org.apache.axis.i18n.ProjectResourceBundle - org.apache.axis.i18n.resource::handleGetObject(setValueInTarget00)
23:36:48.384 [Test worker] DEBUG org.apache.axis.encoding.DeserializerImpl - Set value administrator in target org.apache.axis.encoding.ser.BeanPropertyTarget@426615ea
23:36:48.384 [Test worker] DEBUG org.apache.axis.i18n.ProjectResourceBundle - org.apache.axis.i18n.resource::handleGetObject(setValueInTarget00)
23:36:48.384 [Test worker] DEBUG org.apache.axis.encoding.DeserializerImpl - Set value administrator in target org.apache.axis.encoding.CallbackTarget@734e442f
23:36:48.384 [Test worker] DEBUG org.apache.axis.encoding.DeserializationContext - Popped element stack to org.apache.axis.message.MessageElement:reporter
23:36:48.384 [Test worker] DEBUG org.apache.axis.encoding.DeserializationContext - Exit: DeserializationContext::endElement()
23:36:48.384 [Test worker] DEBUG org.apache.axis.encoding.DeserializationContext - Enter: DeserializationContext::startElement(, email)
23:36:48.384 [Test worker] DEBUG org.apache.axis.i18n.ProjectResourceBundle - org.apache.axis.i18n.resource::handleGetObject(pushHandler00)
23:36:48.384 [Test worker] DEBUG org.apache.axis.encoding.DeserializationContext - Pushing handler org.apache.axis.encoding.ser.SimpleDeserializer@ffe8a78
23:36:48.384 [Test worker] DEBUG org.apache.axis.encoding.DeserializationContext - Exit: DeserializationContext::startElement()
23:36:48.384 [Test worker] DEBUG org.apache.axis.encoding.DeserializationContext - Enter: DeserializationContext::endElement(, email)
23:36:48.384 [Test worker] DEBUG org.apache.axis.i18n.ProjectResourceBundle - org.apache.axis.i18n.resource::handleGetObject(popHandler00)
23:36:48.384 [Test worker] DEBUG org.apache.axis.encoding.DeserializationContext - Popping handler org.apache.axis.encoding.ser.SimpleDeserializer@ffe8a78
23:36:48.384 [Test worker] DEBUG org.apache.axis.i18n.ProjectResourceBundle - org.apache.axis.i18n.resource::handleGetObject(setValueInTarget00)
23:36:48.384 [Test worker] DEBUG org.apache.axis.encoding.DeserializerImpl - Set value root@localhost in target org.apache.axis.encoding.ser.BeanPropertyTarget@1e486ee9
23:36:48.384 [Test worker] DEBUG org.apache.axis.i18n.ProjectResourceBundle - org.apache.axis.i18n.resource::handleGetObject(setValueInTarget00)
23:36:48.384 [Test worker] DEBUG org.apache.axis.encoding.DeserializerImpl - Set value root@localhost in target org.apache.axis.encoding.CallbackTarget@659e9a12
23:36:48.384 [Test worker] DEBUG org.apache.axis.encoding.DeserializationContext - Popped element stack to org.apache.axis.message.MessageElement:reporter
23:36:48.384 [Test worker] DEBUG org.apache.axis.encoding.DeserializationContext - Exit: DeserializationContext::endElement()
23:36:48.384 [Test worker] DEBUG org.apache.axis.encoding.DeserializationContext - Enter: DeserializationContext::endElement(, reporter)
23:36:48.384 [Test worker] DEBUG org.apache.axis.i18n.ProjectResourceBundle - org.apache.axis.i18n.resource::handleGetObject(popHandler00)
23:36:48.384 [Test worker] DEBUG org.apache.axis.encoding.DeserializationContext - Popping handler org.apache.axis.encoding.ser.BeanDeserializer@189f82a8
23:36:48.384 [Test worker] DEBUG org.apache.axis.i18n.ProjectResourceBundle - org.apache.axis.i18n.resource::handleGetObject(setValueInTarget00)
23:36:48.384 [Test worker] DEBUG org.apache.axis.encoding.DeserializerImpl - Set value biz.futureware.mantis.rpc.soap.client.AccountData@70ea8084 in target org.apache.axis.encoding.ser.BeanPropertyTarget@17250a0e
23:36:48.384 [Test worker] DEBUG org.apache.axis.i18n.ProjectResourceBundle - org.apache.axis.i18n.resource::handleGetObject(setValueInTarget00)
23:36:48.384 [Test worker] DEBUG org.apache.axis.encoding.DeserializerImpl - Set value biz.futureware.mantis.rpc.soap.client.AccountData@70ea8084 in target org.apache.axis.encoding.CallbackTarget@164b4bf9
23:36:48.384 [Test worker] DEBUG org.apache.axis.encoding.DeserializationContext - Popped element stack to org.apache.axis.message.MessageElement:return
23:36:48.384 [Test worker] DEBUG org.apache.axis.encoding.DeserializationContext - Exit: DeserializationContext::endElement()
23:36:48.384 [Test worker] DEBUG org.apache.axis.encoding.DeserializationContext - Enter: DeserializationContext::startElement(, summary)
23:36:48.384 [Test worker] DEBUG org.apache.axis.i18n.ProjectResourceBundle - org.apache.axis.i18n.resource::handleGetObject(pushHandler00)
23:36:48.384 [Test worker] DEBUG org.apache.axis.encoding.DeserializationContext - Pushing handler org.apache.axis.encoding.ser.SimpleDeserializer@601bddce
23:36:48.384 [Test worker] DEBUG org.apache.axis.encoding.DeserializationContext - Exit: DeserializationContext::startElement()
23:36:48.384 [Test worker] DEBUG org.apache.axis.encoding.DeserializationContext - Enter: DeserializationContext::endElement(, summary)
23:36:48.384 [Test worker] DEBUG org.apache.axis.i18n.ProjectResourceBundle - org.apache.axis.i18n.resource::handleGetObject(popHandler00)
23:36:48.384 [Test worker] DEBUG org.apache.axis.encoding.DeserializationContext - Popping handler org.apache.axis.encoding.ser.SimpleDeserializer@601bddce
23:36:48.384 [Test worker] DEBUG org.apache.axis.i18n.ProjectResourceBundle - org.apache.axis.i18n.resource::handleGetObject(setValueInTarget00)
23:36:48.384 [Test worker] DEBUG org.apache.axis.encoding.DeserializerImpl - Set value Test issue in target org.apache.axis.encoding.ser.BeanPropertyTarget@4ba940ff
23:36:48.384 [Test worker] DEBUG org.apache.axis.i18n.ProjectResourceBundle - org.apache.axis.i18n.resource::handleGetObject(setValueInTarget00)
23:36:48.384 [Test worker] DEBUG org.apache.axis.encoding.DeserializerImpl - Set value Test issue in target org.apache.axis.encoding.CallbackTarget@5af60d92
23:36:48.384 [Test worker] DEBUG org.apache.axis.encoding.DeserializationContext - Popped element stack to org.apache.axis.message.MessageElement:return
23:36:48.384 [Test worker] DEBUG org.apache.axis.encoding.DeserializationContext - Exit: DeserializationContext::endElement()
23:36:48.384 [Test worker] DEBUG org.apache.axis.encoding.DeserializationContext - Enter: DeserializationContext::startElement(, reproducibility)
23:36:48.384 [Test worker] DEBUG org.apache.axis.i18n.ProjectResourceBundle - org.apache.axis.i18n.resource::handleGetObject(pushHandler00)
23:36:48.384 [Test worker] DEBUG org.apache.axis.encoding.DeserializationContext - Pushing handler org.apache.axis.encoding.ser.BeanDeserializer@653c09b8
23:36:48.384 [Test worker] DEBUG org.apache.axis.encoding.DeserializationContext - Exit: DeserializationContext::startElement()
23:36:48.384 [Test worker] DEBUG org.apache.axis.encoding.DeserializationContext - Enter: DeserializationContext::startElement(, id)
23:36:48.385 [Test worker] DEBUG org.apache.axis.i18n.ProjectResourceBundle - org.apache.axis.i18n.resource::handleGetObject(pushHandler00)
23:36:48.385 [Test worker] DEBUG org.apache.axis.encoding.DeserializationContext - Pushing handler org.apache.axis.encoding.ser.SimpleDeserializer@29e48265
23:36:48.385 [Test worker] DEBUG org.apache.axis.encoding.DeserializationContext - Exit: DeserializationContext::startElement()
23:36:48.385 [Test worker] DEBUG org.apache.axis.encoding.DeserializationContext - Enter: DeserializationContext::endElement(, id)
23:36:48.385 [Test worker] DEBUG org.apache.axis.i18n.ProjectResourceBundle - org.apache.axis.i18n.resource::handleGetObject(popHandler00)
23:36:48.385 [Test worker] DEBUG org.apache.axis.encoding.DeserializationContext - Popping handler org.apache.axis.encoding.ser.SimpleDeserializer@29e48265
23:36:48.385 [Test worker] DEBUG org.apache.axis.i18n.ProjectResourceBundle - org.apache.axis.i18n.resource::handleGetObject(setValueInTarget00)
23:36:48.385 [Test worker] DEBUG org.apache.axis.encoding.DeserializerImpl - Set value 70 in target org.apache.axis.encoding.ser.BeanPropertyTarget@284b911e
23:36:48.385 [Test worker] DEBUG org.apache.axis.i18n.ProjectResourceBundle - org.apache.axis.i18n.resource::handleGetObject(setValueInTarget00)
23:36:48.385 [Test worker] DEBUG org.apache.axis.encoding.DeserializerImpl - Set value 70 in target org.apache.axis.encoding.CallbackTarget@423b9318
23:36:48.385 [Test worker] DEBUG org.apache.axis.encoding.DeserializationContext - Popped element stack to org.apache.axis.message.MessageElement:reproducibility
23:36:48.385 [Test worker] DEBUG org.apache.axis.encoding.DeserializationContext - Exit: DeserializationContext::endElement()
23:36:48.385 [Test worker] DEBUG org.apache.axis.encoding.DeserializationContext - Enter: DeserializationContext::startElement(, name)
23:36:48.385 [Test worker] DEBUG org.apache.axis.i18n.ProjectResourceBundle - org.apache.axis.i18n.resource::handleGetObject(pushHandler00)
23:36:48.385 [Test worker] DEBUG org.apache.axis.encoding.DeserializationContext - Pushing handler org.apache.axis.encoding.ser.SimpleDeserializer@474f332e
23:36:48.385 [Test worker] DEBUG org.apache.axis.encoding.DeserializationContext - Exit: DeserializationContext::startElement()
23:36:48.385 [Test worker] DEBUG org.apache.axis.encoding.DeserializationContext - Enter: DeserializationContext::endElement(, name)
23:36:48.385 [Test worker] DEBUG org.apache.axis.i18n.ProjectResourceBundle - org.apache.axis.i18n.resource::handleGetObject(popHandler00)
23:36:48.385 [Test worker] DEBUG org.apache.axis.encoding.DeserializationContext - Popping handler org.apache.axis.encoding.ser.SimpleDeserializer@474f332e
23:36:48.385 [Test worker] DEBUG org.apache.axis.i18n.ProjectResourceBundle - org.apache.axis.i18n.resource::handleGetObject(setValueInTarget00)
23:36:48.385 [Test worker] DEBUG org.apache.axis.encoding.DeserializerImpl - Set value have not tried in target org.apache.axis.encoding.ser.BeanPropertyTarget@4ab57608
23:36:48.385 [Test worker] DEBUG org.apache.axis.i18n.ProjectResourceBundle - org.apache.axis.i18n.resource::handleGetObject(setValueInTarget00)
23:36:48.385 [Test worker] DEBUG org.apache.axis.encoding.DeserializerImpl - Set value have not tried in target org.apache.axis.encoding.CallbackTarget@3e02cd21
23:36:48.385 [Test worker] DEBUG org.apache.axis.encoding.DeserializationContext - Popped element stack to org.apache.axis.message.MessageElement:reproducibility
23:36:48.385 [Test worker] DEBUG org.apache.axis.encoding.DeserializationContext - Exit: DeserializationContext::endElement()
23:36:48.385 [Test worker] DEBUG org.apache.axis.encoding.DeserializationContext - Enter: DeserializationContext::endElement(, reproducibility)
23:36:48.385 [Test worker] DEBUG org.apache.axis.i18n.ProjectResourceBundle - org.apache.axis.i18n.resource::handleGetObject(popHandler00)
23:36:48.385 [Test worker] DEBUG org.apache.axis.encoding.DeserializationContext - Popping handler org.apache.axis.encoding.ser.BeanDeserializer@653c09b8
23:36:48.385 [Test worker] DEBUG org.apache.axis.i18n.ProjectResourceBundle - org.apache.axis.i18n.resource::handleGetObject(setValueInTarget00)
23:36:48.385 [Test worker] DEBUG org.apache.axis.encoding.DeserializerImpl - Set value biz.futureware.mantis.rpc.soap.client.ObjectRef@ea9a678c in target org.apache.axis.encoding.ser.BeanPropertyTarget@20bf2aaa
23:36:48.385 [Test worker] DEBUG org.apache.axis.i18n.ProjectResourceBundle - org.apache.axis.i18n.resource::handleGetObject(setValueInTarget00)
23:36:48.385 [Test worker] DEBUG org.apache.axis.encoding.DeserializerImpl - Set value biz.futureware.mantis.rpc.soap.client.ObjectRef@ea9a678c in target org.apache.axis.encoding.CallbackTarget@1ed7abd0
23:36:48.385 [Test worker] DEBUG org.apache.axis.encoding.DeserializationContext - Popped element stack to org.apache.axis.message.MessageElement:return
23:36:48.385 [Test worker] DEBUG org.apache.axis.encoding.DeserializationContext - Exit: DeserializationContext::endElement()
23:36:48.385 [Test worker] DEBUG org.apache.axis.encoding.DeserializationContext - Enter: DeserializationContext::startElement(, date_submitted)
23:36:48.385 [Test worker] DEBUG org.apache.axis.i18n.ProjectResourceBundle - org.apache.axis.i18n.resource::handleGetObject(pushHandler00)
23:36:48.385 [Test worker] DEBUG org.apache.axis.encoding.DeserializationContext - Pushing handler org.apache.axis.encoding.ser.CalendarDeserializer@7fb39b34
23:36:48.385 [Test worker] DEBUG org.apache.axis.encoding.DeserializationContext - Exit: DeserializationContext::startElement()
23:36:48.385 [Test worker] DEBUG org.apache.axis.encoding.DeserializationContext - Enter: DeserializationContext::endElement(, date_submitted)
23:36:48.385 [Test worker] DEBUG org.apache.axis.i18n.ProjectResourceBundle - org.apache.axis.i18n.resource::handleGetObject(popHandler00)
23:36:48.385 [Test worker] DEBUG org.apache.axis.encoding.DeserializationContext - Popping handler org.apache.axis.encoding.ser.CalendarDeserializer@7fb39b34
23:36:48.386 [Test worker] DEBUG org.apache.axis.i18n.ProjectResourceBundle - org.apache.axis.i18n.resource::handleGetObject(setValueInTarget00)
23:36:48.386 [Test worker] DEBUG org.apache.axis.encoding.DeserializerImpl - Set value java.util.GregorianCalendar[time=1586032607000,areFieldsSet=true,areAllFieldsSet=true,lenient=true,zone=sun.util.calendar.ZoneInfo[id="Europe/Moscow",offset=10800000,dstSavings=0,useDaylight=false,transitions=79,lastRule=null],firstDayOfWeek=2,minimalDaysInFirstWeek=1,ERA=1,YEAR=2020,MONTH=3,WEEK_OF_YEAR=14,WEEK_OF_MONTH=1,DAY_OF_MONTH=4,DAY_OF_YEAR=95,DAY_OF_WEEK=7,DAY_OF_WEEK_IN_MONTH=1,AM_PM=1,HOUR=11,HOUR_OF_DAY=23,MINUTE=36,SECOND=47,MILLISECOND=0,ZONE_OFFSET=10800000,DST_OFFSET=0] in target org.apache.axis.encoding.ser.BeanPropertyTarget@57703a26
23:36:48.386 [Test worker] DEBUG org.apache.axis.i18n.ProjectResourceBundle - org.apache.axis.i18n.resource::handleGetObject(setValueInTarget00)
23:36:48.386 [Test worker] DEBUG org.apache.axis.encoding.DeserializerImpl - Set value java.util.GregorianCalendar[time=1586032607000,areFieldsSet=true,areAllFieldsSet=true,lenient=true,zone=sun.util.calendar.ZoneInfo[id="Europe/Moscow",offset=10800000,dstSavings=0,useDaylight=false,transitions=79,lastRule=null],firstDayOfWeek=2,minimalDaysInFirstWeek=1,ERA=1,YEAR=2020,MONTH=3,WEEK_OF_YEAR=14,WEEK_OF_MONTH=1,DAY_OF_MONTH=4,DAY_OF_YEAR=95,DAY_OF_WEEK=7,DAY_OF_WEEK_IN_MONTH=1,AM_PM=1,HOUR=11,HOUR_OF_DAY=23,MINUTE=36,SECOND=47,MILLISECOND=0,ZONE_OFFSET=10800000,DST_OFFSET=0] in target org.apache.axis.encoding.CallbackTarget@ec3b018
23:36:48.386 [Test worker] DEBUG org.apache.axis.encoding.DeserializationContext - Popped element stack to org.apache.axis.message.MessageElement:return
23:36:48.386 [Test worker] DEBUG org.apache.axis.encoding.DeserializationContext - Exit: DeserializationContext::endElement()
23:36:48.386 [Test worker] DEBUG org.apache.axis.encoding.DeserializationContext - Enter: DeserializationContext::startElement(, sponsorship_total)
23:36:48.386 [Test worker] DEBUG org.apache.axis.i18n.ProjectResourceBundle - org.apache.axis.i18n.resource::handleGetObject(pushHandler00)
23:36:48.386 [Test worker] DEBUG org.apache.axis.encoding.DeserializationContext - Pushing handler org.apache.axis.encoding.ser.SimpleDeserializer@2de9033b
23:36:48.386 [Test worker] DEBUG org.apache.axis.encoding.DeserializationContext - Exit: DeserializationContext::startElement()
23:36:48.386 [Test worker] DEBUG org.apache.axis.encoding.DeserializationContext - Enter: DeserializationContext::endElement(, sponsorship_total)
23:36:48.386 [Test worker] DEBUG org.apache.axis.i18n.ProjectResourceBundle - org.apache.axis.i18n.resource::handleGetObject(popHandler00)
23:36:48.386 [Test worker] DEBUG org.apache.axis.encoding.DeserializationContext - Popping handler org.apache.axis.encoding.ser.SimpleDeserializer@2de9033b
23:36:48.386 [Test worker] DEBUG org.apache.axis.i18n.ProjectResourceBundle - org.apache.axis.i18n.resource::handleGetObject(setValueInTarget00)
23:36:48.386 [Test worker] DEBUG org.apache.axis.encoding.DeserializerImpl - Set value 0 in target org.apache.axis.encoding.ser.BeanPropertyTarget@4e605789
23:36:48.386 [Test worker] DEBUG org.apache.axis.i18n.ProjectResourceBundle - org.apache.axis.i18n.resource::handleGetObject(setValueInTarget00)
23:36:48.386 [Test worker] DEBUG org.apache.axis.encoding.DeserializerImpl - Set value 0 in target org.apache.axis.encoding.CallbackTarget@1897e569
23:36:48.386 [Test worker] DEBUG org.apache.axis.encoding.DeserializationContext - Popped element stack to org.apache.axis.message.MessageElement:return
23:36:48.386 [Test worker] DEBUG org.apache.axis.encoding.DeserializationContext - Exit: DeserializationContext::endElement()
23:36:48.386 [Test worker] DEBUG org.apache.axis.encoding.DeserializationContext - Enter: DeserializationContext::startElement(, resolution)
23:36:48.386 [Test worker] DEBUG org.apache.axis.i18n.ProjectResourceBundle - org.apache.axis.i18n.resource::handleGetObject(pushHandler00)
23:36:48.386 [Test worker] DEBUG org.apache.axis.encoding.DeserializationContext - Pushing handler org.apache.axis.encoding.ser.BeanDeserializer@b47c513
23:36:48.386 [Test worker] DEBUG org.apache.axis.encoding.DeserializationContext - Exit: DeserializationContext::startElement()
23:36:48.386 [Test worker] DEBUG org.apache.axis.encoding.DeserializationContext - Enter: DeserializationContext::startElement(, id)
23:36:48.386 [Test worker] DEBUG org.apache.axis.i18n.ProjectResourceBundle - org.apache.axis.i18n.resource::handleGetObject(pushHandler00)
23:36:48.386 [Test worker] DEBUG org.apache.axis.encoding.DeserializationContext - Pushing handler org.apache.axis.encoding.ser.SimpleDeserializer@6ed2ef9b
23:36:48.386 [Test worker] DEBUG org.apache.axis.encoding.DeserializationContext - Exit: DeserializationContext::startElement()
23:36:48.386 [Test worker] DEBUG org.apache.axis.encoding.DeserializationContext - Enter: DeserializationContext::endElement(, id)
23:36:48.386 [Test worker] DEBUG org.apache.axis.i18n.ProjectResourceBundle - org.apache.axis.i18n.resource::handleGetObject(popHandler00)
23:36:48.386 [Test worker] DEBUG org.apache.axis.encoding.DeserializationContext - Popping handler org.apache.axis.encoding.ser.SimpleDeserializer@6ed2ef9b
23:36:48.386 [Test worker] DEBUG org.apache.axis.i18n.ProjectResourceBundle - org.apache.axis.i18n.resource::handleGetObject(setValueInTarget00)
23:36:48.387 [Test worker] DEBUG org.apache.axis.encoding.DeserializerImpl - Set value 10 in target org.apache.axis.encoding.ser.BeanPropertyTarget@22c221d7
23:36:48.387 [Test worker] DEBUG org.apache.axis.i18n.ProjectResourceBundle - org.apache.axis.i18n.resource::handleGetObject(setValueInTarget00)
23:36:48.387 [Test worker] DEBUG org.apache.axis.encoding.DeserializerImpl - Set value 10 in target org.apache.axis.encoding.CallbackTarget@559244b
23:36:48.387 [Test worker] DEBUG org.apache.axis.encoding.DeserializationContext - Popped element stack to org.apache.axis.message.MessageElement:resolution
23:36:48.387 [Test worker] DEBUG org.apache.axis.encoding.DeserializationContext - Exit: DeserializationContext::endElement()
23:36:48.387 [Test worker] DEBUG org.apache.axis.encoding.DeserializationContext - Enter: DeserializationContext::startElement(, name)
23:36:48.387 [Test worker] DEBUG org.apache.axis.i18n.ProjectResourceBundle - org.apache.axis.i18n.resource::handleGetObject(pushHandler00)
23:36:48.387 [Test worker] DEBUG org.apache.axis.encoding.DeserializationContext - Pushing handler org.apache.axis.encoding.ser.SimpleDeserializer@300306ae
23:36:48.387 [Test worker] DEBUG org.apache.axis.encoding.DeserializationContext - Exit: DeserializationContext::startElement()
23:36:48.387 [Test worker] DEBUG org.apache.axis.encoding.DeserializationContext - Enter: DeserializationContext::endElement(, name)
23:36:48.387 [Test worker] DEBUG org.apache.axis.i18n.ProjectResourceBundle - org.apache.axis.i18n.resource::handleGetObject(popHandler00)
23:36:48.387 [Test worker] DEBUG org.apache.axis.encoding.DeserializationContext - Popping handler org.apache.axis.encoding.ser.SimpleDeserializer@300306ae
23:36:48.387 [Test worker] DEBUG org.apache.axis.i18n.ProjectResourceBundle - org.apache.axis.i18n.resource::handleGetObject(setValueInTarget00)
23:36:48.387 [Test worker] DEBUG org.apache.axis.encoding.DeserializerImpl - Set value open in target org.apache.axis.encoding.ser.BeanPropertyTarget@49548902
23:36:48.387 [Test worker] DEBUG org.apache.axis.i18n.ProjectResourceBundle - org.apache.axis.i18n.resource::handleGetObject(setValueInTarget00)
23:36:48.387 [Test worker] DEBUG org.apache.axis.encoding.DeserializerImpl - Set value open in target org.apache.axis.encoding.CallbackTarget@7a2bd566
23:36:48.387 [Test worker] DEBUG org.apache.axis.encoding.DeserializationContext - Popped element stack to org.apache.axis.message.MessageElement:resolution
23:36:48.387 [Test worker] DEBUG org.apache.axis.encoding.DeserializationContext - Exit: DeserializationContext::endElement()
23:36:48.387 [Test worker] DEBUG org.apache.axis.encoding.DeserializationContext - Enter: DeserializationContext::endElement(, resolution)
23:36:48.387 [Test worker] DEBUG org.apache.axis.i18n.ProjectResourceBundle - org.apache.axis.i18n.resource::handleGetObject(popHandler00)
23:36:48.387 [Test worker] DEBUG org.apache.axis.encoding.DeserializationContext - Popping handler org.apache.axis.encoding.ser.BeanDeserializer@b47c513
23:36:48.387 [Test worker] DEBUG org.apache.axis.i18n.ProjectResourceBundle - org.apache.axis.i18n.resource::handleGetObject(setValueInTarget00)
23:36:48.387 [Test worker] DEBUG org.apache.axis.encoding.DeserializerImpl - Set value biz.futureware.mantis.rpc.soap.client.ObjectRef@342655 in target org.apache.axis.encoding.ser.BeanPropertyTarget@361ccd14
23:36:48.387 [Test worker] DEBUG org.apache.axis.i18n.ProjectResourceBundle - org.apache.axis.i18n.resource::handleGetObject(setValueInTarget00)
23:36:48.387 [Test worker] DEBUG org.apache.axis.encoding.DeserializerImpl - Set value biz.futureware.mantis.rpc.soap.client.ObjectRef@342655 in target org.apache.axis.encoding.CallbackTarget@1e829b0f
23:36:48.387 [Test worker] DEBUG org.apache.axis.encoding.DeserializationContext - Popped element stack to org.apache.axis.message.MessageElement:return
23:36:48.387 [Test worker] DEBUG org.apache.axis.encoding.DeserializationContext - Exit: DeserializationContext::endElement()
23:36:48.387 [Test worker] DEBUG org.apache.axis.encoding.DeserializationContext - Enter: DeserializationContext::startElement(, description)
23:36:48.387 [Test worker] DEBUG org.apache.axis.i18n.ProjectResourceBundle - org.apache.axis.i18n.resource::handleGetObject(pushHandler00)
23:36:48.387 [Test worker] DEBUG org.apache.axis.encoding.DeserializationContext - Pushing handler org.apache.axis.encoding.ser.SimpleDeserializer@601bddce
23:36:48.387 [Test worker] DEBUG org.apache.axis.encoding.DeserializationContext - Exit: DeserializationContext::startElement()
23:36:48.387 [Test worker] DEBUG org.apache.axis.encoding.DeserializationContext - Enter: DeserializationContext::endElement(, description)
23:36:48.387 [Test worker] DEBUG org.apache.axis.i18n.ProjectResourceBundle - org.apache.axis.i18n.resource::handleGetObject(popHandler00)
23:36:48.387 [Test worker] DEBUG org.apache.axis.encoding.DeserializationContext - Popping handler org.apache.axis.encoding.ser.SimpleDeserializer@601bddce
23:36:48.387 [Test worker] DEBUG org.apache.axis.i18n.ProjectResourceBundle - org.apache.axis.i18n.resource::handleGetObject(setValueInTarget00)
23:36:48.387 [Test worker] DEBUG org.apache.axis.encoding.DeserializerImpl - Set value Test issue description in target org.apache.axis.encoding.ser.BeanPropertyTarget@73731d44
23:36:48.387 [Test worker] DEBUG org.apache.axis.i18n.ProjectResourceBundle - org.apache.axis.i18n.resource::handleGetObject(setValueInTarget00)
23:36:48.387 [Test worker] DEBUG org.apache.axis.encoding.DeserializerImpl - Set value Test issue description in target org.apache.axis.encoding.CallbackTarget@575766a9
23:36:48.387 [Test worker] DEBUG org.apache.axis.encoding.DeserializationContext - Popped element stack to org.apache.axis.message.MessageElement:return
23:36:48.387 [Test worker] DEBUG org.apache.axis.encoding.DeserializationContext - Exit: DeserializationContext::endElement()
23:36:48.387 [Test worker] DEBUG org.apache.axis.encoding.DeserializationContext - Enter: DeserializationContext::startElement(, attachments)
23:36:48.387 [Test worker] DEBUG org.apache.axis.i18n.ProjectResourceBundle - org.apache.axis.i18n.resource::handleGetObject(pushHandler00)
23:36:48.387 [Test worker] DEBUG org.apache.axis.encoding.DeserializationContext - Pushing handler org.apache.axis.encoding.ser.ArrayDeserializer@773753a
23:36:48.387 [Test worker] DEBUG org.apache.axis.encoding.ser.ArrayDeserializer - Enter: ArrayDeserializer::startElement()
23:36:48.387 [Test worker] DEBUG org.apache.axis.encoding.ser.ArrayDeserializer - Exit: ArrayDeserializer::startElement()
23:36:48.387 [Test worker] DEBUG org.apache.axis.encoding.DeserializationContext - Exit: DeserializationContext::startElement()
23:36:48.387 [Test worker] DEBUG org.apache.axis.encoding.DeserializationContext - Enter: DeserializationContext::endElement(, attachments)
23:36:48.387 [Test worker] DEBUG org.apache.axis.i18n.ProjectResourceBundle - org.apache.axis.i18n.resource::handleGetObject(popHandler00)
23:36:48.387 [Test worker] DEBUG org.apache.axis.encoding.DeserializationContext - Popping handler org.apache.axis.encoding.ser.ArrayDeserializer@773753a
23:36:48.387 [Test worker] DEBUG org.apache.axis.i18n.ProjectResourceBundle - org.apache.axis.i18n.resource::handleGetObject(convert00)
23:36:48.387 [Test worker] DEBUG org.apache.axis.utils.JavaUtils - Trying to convert org.apache.axis.encoding.ser.ArrayDeserializer$ArrayListExtension to [Lbiz.futureware.mantis.rpc.soap.client.AttachmentData;
23:36:48.388 [Test worker] DEBUG org.apache.axis.i18n.ProjectResourceBundle - org.apache.axis.i18n.resource::handleGetObject(setValueInTarget00)
23:36:48.388 [Test worker] DEBUG org.apache.axis.encoding.DeserializerImpl - Set value [Lbiz.futureware.mantis.rpc.soap.client.AttachmentData;@d23cc38 in target org.apache.axis.encoding.ser.BeanPropertyTarget@66d169e5
23:36:48.388 [Test worker] DEBUG org.apache.axis.i18n.ProjectResourceBundle - org.apache.axis.i18n.resource::handleGetObject(setValueInTarget00)
23:36:48.388 [Test worker] DEBUG org.apache.axis.encoding.DeserializerImpl - Set value [Lbiz.futureware.mantis.rpc.soap.client.AttachmentData;@d23cc38 in target org.apache.axis.encoding.CallbackTarget@a5f29b8
23:36:48.388 [Test worker] DEBUG org.apache.axis.encoding.DeserializationContext - Popped element stack to org.apache.axis.message.MessageElement:return
23:36:48.388 [Test worker] DEBUG org.apache.axis.encoding.DeserializationContext - Exit: DeserializationContext::endElement()
23:36:48.388 [Test worker] DEBUG org.apache.axis.encoding.DeserializationContext - Enter: DeserializationContext::startElement(, monitors)
23:36:48.388 [Test worker] DEBUG org.apache.axis.i18n.ProjectResourceBundle - org.apache.axis.i18n.resource::handleGetObject(pushHandler00)
23:36:48.388 [Test worker] DEBUG org.apache.axis.encoding.DeserializationContext - Pushing handler org.apache.axis.encoding.ser.ArrayDeserializer@1619476c
23:36:48.388 [Test worker] DEBUG org.apache.axis.encoding.ser.ArrayDeserializer - Enter: ArrayDeserializer::startElement()
23:36:48.388 [Test worker] DEBUG org.apache.axis.encoding.ser.ArrayDeserializer - Exit: ArrayDeserializer::startElement()
23:36:48.388 [Test worker] DEBUG org.apache.axis.encoding.DeserializationContext - Exit: DeserializationContext::startElement()
23:36:48.388 [Test worker] DEBUG org.apache.axis.encoding.DeserializationContext - Enter: DeserializationContext::endElement(, monitors)
23:36:48.388 [Test worker] DEBUG org.apache.axis.i18n.ProjectResourceBundle - org.apache.axis.i18n.resource::handleGetObject(popHandler00)
23:36:48.388 [Test worker] DEBUG org.apache.axis.encoding.DeserializationContext - Popping handler org.apache.axis.encoding.ser.ArrayDeserializer@1619476c
23:36:48.388 [Test worker] DEBUG org.apache.axis.i18n.ProjectResourceBundle - org.apache.axis.i18n.resource::handleGetObject(convert00)
23:36:48.388 [Test worker] DEBUG org.apache.axis.utils.JavaUtils - Trying to convert org.apache.axis.encoding.ser.ArrayDeserializer$ArrayListExtension to [Lbiz.futureware.mantis.rpc.soap.client.AccountData;
23:36:48.388 [Test worker] DEBUG org.apache.axis.i18n.ProjectResourceBundle - org.apache.axis.i18n.resource::handleGetObject(setValueInTarget00)
23:36:48.388 [Test worker] DEBUG org.apache.axis.encoding.DeserializerImpl - Set value [Lbiz.futureware.mantis.rpc.soap.client.AccountData;@5480b9b in target org.apache.axis.encoding.ser.BeanPropertyTarget@683bd496
23:36:48.388 [Test worker] DEBUG org.apache.axis.i18n.ProjectResourceBundle - org.apache.axis.i18n.resource::handleGetObject(setValueInTarget00)
23:36:48.388 [Test worker] DEBUG org.apache.axis.encoding.DeserializerImpl - Set value [Lbiz.futureware.mantis.rpc.soap.client.AccountData;@5480b9b in target org.apache.axis.encoding.CallbackTarget@1b5a32c0
23:36:48.388 [Test worker] DEBUG org.apache.axis.encoding.DeserializationContext - Popped element stack to org.apache.axis.message.MessageElement:return
23:36:48.388 [Test worker] DEBUG org.apache.axis.encoding.DeserializationContext - Exit: DeserializationContext::endElement()
23:36:48.388 [Test worker] DEBUG org.apache.axis.encoding.DeserializationContext - Enter: DeserializationContext::startElement(, sticky)
23:36:48.388 [Test worker] DEBUG org.apache.axis.i18n.ProjectResourceBundle - org.apache.axis.i18n.resource::handleGetObject(pushHandler00)
23:36:48.388 [Test worker] DEBUG org.apache.axis.encoding.DeserializationContext - Pushing handler org.apache.axis.encoding.ser.SimpleDeserializer@47a424e0
23:36:48.388 [Test worker] DEBUG org.apache.axis.encoding.DeserializationContext - Exit: DeserializationContext::startElement()
23:36:48.388 [Test worker] DEBUG org.apache.axis.encoding.DeserializationContext - Enter: DeserializationContext::endElement(, sticky)
23:36:48.388 [Test worker] DEBUG org.apache.axis.i18n.ProjectResourceBundle - org.apache.axis.i18n.resource::handleGetObject(popHandler00)
23:36:48.388 [Test worker] DEBUG org.apache.axis.encoding.DeserializationContext - Popping handler org.apache.axis.encoding.ser.SimpleDeserializer@47a424e0
23:36:48.388 [Test worker] DEBUG org.apache.axis.i18n.ProjectResourceBundle - org.apache.axis.i18n.resource::handleGetObject(setValueInTarget00)
23:36:48.388 [Test worker] DEBUG org.apache.axis.encoding.DeserializerImpl - Set value false in target org.apache.axis.encoding.ser.BeanPropertyTarget@2f5eb5c
23:36:48.388 [Test worker] DEBUG org.apache.axis.i18n.ProjectResourceBundle - org.apache.axis.i18n.resource::handleGetObject(setValueInTarget00)
23:36:48.388 [Test worker] DEBUG org.apache.axis.encoding.DeserializerImpl - Set value false in target org.apache.axis.encoding.CallbackTarget@345c10f0
23:36:48.388 [Test worker] DEBUG org.apache.axis.encoding.DeserializationContext - Popped element stack to org.apache.axis.message.MessageElement:return
23:36:48.388 [Test worker] DEBUG org.apache.axis.encoding.DeserializationContext - Exit: DeserializationContext::endElement()
23:36:48.388 [Test worker] DEBUG org.apache.axis.encoding.DeserializationContext - Enter: DeserializationContext::startElement(, tags)
23:36:48.388 [Test worker] DEBUG org.apache.axis.i18n.ProjectResourceBundle - org.apache.axis.i18n.resource::handleGetObject(pushHandler00)
23:36:48.388 [Test worker] DEBUG org.apache.axis.encoding.DeserializationContext - Pushing handler org.apache.axis.encoding.ser.ArrayDeserializer@7edae889
23:36:48.388 [Test worker] DEBUG org.apache.axis.encoding.ser.ArrayDeserializer - Enter: ArrayDeserializer::startElement()
23:36:48.389 [Test worker] DEBUG org.apache.axis.encoding.ser.ArrayDeserializer - Exit: ArrayDeserializer::startElement()
23:36:48.389 [Test worker] DEBUG org.apache.axis.encoding.DeserializationContext - Exit: DeserializationContext::startElement()
23:36:48.389 [Test worker] DEBUG org.apache.axis.encoding.DeserializationContext - Enter: DeserializationContext::endElement(, tags)
23:36:48.389 [Test worker] DEBUG org.apache.axis.i18n.ProjectResourceBundle - org.apache.axis.i18n.resource::handleGetObject(popHandler00)
23:36:48.389 [Test worker] DEBUG org.apache.axis.encoding.DeserializationContext - Popping handler org.apache.axis.encoding.ser.ArrayDeserializer@7edae889
23:36:48.389 [Test worker] DEBUG org.apache.axis.i18n.ProjectResourceBundle - org.apache.axis.i18n.resource::handleGetObject(convert00)
23:36:48.389 [Test worker] DEBUG org.apache.axis.utils.JavaUtils - Trying to convert org.apache.axis.encoding.ser.ArrayDeserializer$ArrayListExtension to [Lbiz.futureware.mantis.rpc.soap.client.ObjectRef;
23:36:48.389 [Test worker] DEBUG org.apache.axis.i18n.ProjectResourceBundle - org.apache.axis.i18n.resource::handleGetObject(setValueInTarget00)
23:36:48.389 [Test worker] DEBUG org.apache.axis.encoding.DeserializerImpl - Set value [Lbiz.futureware.mantis.rpc.soap.client.ObjectRef;@183f4096 in target org.apache.axis.encoding.ser.BeanPropertyTarget@353de7c6
23:36:48.389 [Test worker] DEBUG org.apache.axis.i18n.ProjectResourceBundle - org.apache.axis.i18n.resource::handleGetObject(setValueInTarget00)
23:36:48.389 [Test worker] DEBUG org.apache.axis.encoding.DeserializerImpl - Set value [Lbiz.futureware.mantis.rpc.soap.client.ObjectRef;@183f4096 in target org.apache.axis.encoding.CallbackTarget@6132ba01
23:36:48.389 [Test worker] DEBUG org.apache.axis.encoding.DeserializationContext - Popped element stack to org.apache.axis.message.MessageElement:return
23:36:48.389 [Test worker] DEBUG org.apache.axis.encoding.DeserializationContext - Exit: DeserializationContext::endElement()
23:36:48.389 [Test worker] DEBUG org.apache.axis.encoding.DeserializationContext - Enter: DeserializationContext::endElement(, return)
23:36:48.389 [Test worker] DEBUG org.apache.axis.i18n.ProjectResourceBundle - org.apache.axis.i18n.resource::handleGetObject(popHandler00)
23:36:48.389 [Test worker] DEBUG org.apache.axis.encoding.DeserializationContext - Popping handler org.apache.axis.encoding.ser.BeanDeserializer@792c7a32
23:36:48.389 [Test worker] DEBUG org.apache.axis.i18n.ProjectResourceBundle - org.apache.axis.i18n.resource::handleGetObject(setValueInTarget00)
23:36:48.389 [Test worker] DEBUG org.apache.axis.encoding.DeserializerImpl - Set value biz.futureware.mantis.rpc.soap.client.IssueData@14b75151 in target org.apache.axis.message.RPCParamTarget@4805880e
23:36:48.389 [Test worker] DEBUG org.apache.axis.encoding.DeserializationContext - Popped element stack to org.apache.axis.message.RPCElement:mc_issue_getResponse
23:36:48.389 [Test worker] DEBUG org.apache.axis.encoding.DeserializationContext - Exit: DeserializationContext::endElement()
23:36:48.389 [Test worker] DEBUG org.apache.axis.encoding.DeserializationContext - Enter: DeserializationContext::endElement(http://futureware.biz/mantisconnect, mc_issue_getResponse)
23:36:48.389 [Test worker] DEBUG org.apache.axis.i18n.ProjectResourceBundle - org.apache.axis.i18n.resource::handleGetObject(popHandler00)
23:36:48.389 [Test worker] DEBUG org.apache.axis.encoding.DeserializationContext - Popping handler org.apache.axis.message.RPCHandler@402012dc
23:36:48.389 [Test worker] DEBUG org.apache.axis.i18n.ProjectResourceBundle - org.apache.axis.i18n.resource::handleGetObject(setProp00)
23:36:48.389 [Test worker] DEBUG org.apache.axis.message.RPCHandler - Setting MessageContext property in RPCHandler.endElement().
23:36:48.389 [Test worker] DEBUG org.apache.axis.encoding.DeserializationContext - Popped element stack to org.apache.axis.message.SOAPBody:Body
23:36:48.389 [Test worker] DEBUG org.apache.axis.encoding.DeserializationContext - Exit: DeserializationContext::endElement()
23:36:48.389 [Test worker] DEBUG org.apache.axis.client.Call - Exit: Call::invoke(RPCElement)
23:36:48.389 [Test worker] DEBUG org.apache.axis.client.Call - Exit: Call::invoke(ns, meth, args)
23:36:48.389 [Test worker] DEBUG org.apache.axis.TIME - axis.Call.invoke: 175 {http://futureware.biz/mantisconnect}mc_issue_get
23:36:48.389 [Test worker] DEBUG org.apache.axis.SOAPPart - Enter: SOAPPart::saveChanges
23:36:48.389 [Test worker] DEBUG org.apache.axis.i18n.ProjectResourceBundle - org.apache.axis.i18n.resource::handleGetObject(register00)
23:36:48.389 [Test worker] DEBUG org.apache.axis.encoding.SerializationContext - register 'SOAP-ENV' - 'http://schemas.xmlsoap.org/soap/envelope/'
23:36:48.389 [Test worker] DEBUG org.apache.axis.i18n.ProjectResourceBundle - org.apache.axis.i18n.resource::handleGetObject(register00)
23:36:48.389 [Test worker] DEBUG org.apache.axis.encoding.SerializationContext - register 'ns1' - 'http://futureware.biz/mantisconnect'
23:36:48.390 [Test worker] DEBUG org.apache.axis.i18n.ProjectResourceBundle - org.apache.axis.i18n.resource::handleGetObject(register00)
23:36:48.390 [Test worker] DEBUG org.apache.axis.encoding.SerializationContext - register 'xsd' - 'http://www.w3.org/2001/XMLSchema'
23:36:48.390 [Test worker] DEBUG org.apache.axis.i18n.ProjectResourceBundle - org.apache.axis.i18n.resource::handleGetObject(register00)
23:36:48.390 [Test worker] DEBUG org.apache.axis.encoding.SerializationContext - register 'xsi' - 'http://www.w3.org/2001/XMLSchema-instance'
23:36:48.390 [Test worker] DEBUG org.apache.axis.i18n.ProjectResourceBundle - org.apache.axis.i18n.resource::handleGetObject(register00)
23:36:48.390 [Test worker] DEBUG org.apache.axis.encoding.SerializationContext - register 'SOAP-ENC' - 'http://schemas.xmlsoap.org/soap/encoding/'
23:36:48.390 [Test worker] DEBUG org.apache.axis.i18n.ProjectResourceBundle - org.apache.axis.i18n.resource::handleGetObject(startElem00)
23:36:48.390 [Test worker] DEBUG org.apache.axis.encoding.SerializationContext - Start element [http://schemas.xmlsoap.org/soap/envelope/]:Envelope
23:36:48.390 [Test worker] DEBUG org.apache.axis.i18n.ProjectResourceBundle - org.apache.axis.i18n.resource::handleGetObject(headers00)
23:36:48.390 [Test worker] DEBUG org.apache.axis.message.SOAPHeader - 0 headers
23:36:48.390 [Test worker] DEBUG org.apache.axis.i18n.ProjectResourceBundle - org.apache.axis.i18n.resource::handleGetObject(startElem00)
23:36:48.390 [Test worker] DEBUG org.apache.axis.encoding.SerializationContext - Start element [http://schemas.xmlsoap.org/soap/envelope/]:Body
23:36:48.390 [Test worker] DEBUG org.apache.axis.message.SAXOutputter - SAXOutputter.startElement ['http://futureware.biz/mantisconnect' mc_issue_getResponse]
23:36:48.390 [Test worker] DEBUG org.apache.axis.i18n.ProjectResourceBundle - org.apache.axis.i18n.resource::handleGetObject(startElem00)
23:36:48.390 [Test worker] DEBUG org.apache.axis.encoding.SerializationContext - Start element [http://futureware.biz/mantisconnect]:mc_issue_getResponse
23:36:48.390 [Test worker] DEBUG org.apache.axis.message.SAXOutputter - SAXOutputter.startElement ['' return]
23:36:48.390 [Test worker] DEBUG org.apache.axis.i18n.ProjectResourceBundle - org.apache.axis.i18n.resource::handleGetObject(startElem00)
23:36:48.390 [Test worker] DEBUG org.apache.axis.encoding.SerializationContext - Start element []:return
23:36:48.390 [Test worker] DEBUG org.apache.axis.message.SAXOutputter - SAXOutputter.startElement ['' id]
23:36:48.390 [Test worker] DEBUG org.apache.axis.i18n.ProjectResourceBundle - org.apache.axis.i18n.resource::handleGetObject(startElem00)
23:36:48.390 [Test worker] DEBUG org.apache.axis.encoding.SerializationContext - Start element []:id
23:36:48.390 [Test worker] DEBUG org.apache.axis.message.SAXOutputter - SAXOutputter.characters ['19']
23:36:48.390 [Test worker] DEBUG org.apache.axis.message.SAXOutputter - SAXOutputter.endElement ['' id]
23:36:48.390 [Test worker] DEBUG org.apache.axis.i18n.ProjectResourceBundle - org.apache.axis.i18n.resource::handleGetObject(endElem00)
23:36:48.390 [Test worker] DEBUG org.apache.axis.encoding.SerializationContext - End element id
23:36:48.390 [Test worker] DEBUG org.apache.axis.message.SAXOutputter - SAXOutputter.startElement ['' view_state]
23:36:48.390 [Test worker] DEBUG org.apache.axis.i18n.ProjectResourceBundle - org.apache.axis.i18n.resource::handleGetObject(startElem00)
23:36:48.390 [Test worker] DEBUG org.apache.axis.encoding.SerializationContext - Start element []:view_state
23:36:48.390 [Test worker] DEBUG org.apache.axis.message.SAXOutputter - SAXOutputter.startElement ['' id]
23:36:48.390 [Test worker] DEBUG org.apache.axis.i18n.ProjectResourceBundle - org.apache.axis.i18n.resource::handleGetObject(startElem00)
23:36:48.390 [Test worker] DEBUG org.apache.axis.encoding.SerializationContext - Start element []:id
23:36:48.390 [Test worker] DEBUG org.apache.axis.message.SAXOutputter - SAXOutputter.characters ['10']
23:36:48.390 [Test worker] DEBUG org.apache.axis.message.SAXOutputter - SAXOutputter.endElement ['' id]
23:36:48.390 [Test worker] DEBUG org.apache.axis.i18n.ProjectResourceBundle - org.apache.axis.i18n.resource::handleGetObject(endElem00)
23:36:48.390 [Test worker] DEBUG org.apache.axis.encoding.SerializationContext - End element id
23:36:48.390 [Test worker] DEBUG org.apache.axis.message.SAXOutputter - SAXOutputter.startElement ['' name]
23:36:48.390 [Test worker] DEBUG org.apache.axis.i18n.ProjectResourceBundle - org.apache.axis.i18n.resource::handleGetObject(startElem00)
23:36:48.390 [Test worker] DEBUG org.apache.axis.encoding.SerializationContext - Start element []:name
23:36:48.390 [Test worker] DEBUG org.apache.axis.message.SAXOutputter - SAXOutputter.characters ['public']
23:36:48.390 [Test worker] DEBUG org.apache.axis.message.SAXOutputter - SAXOutputter.endElement ['' name]
23:36:48.390 [Test worker] DEBUG org.apache.axis.i18n.ProjectResourceBundle - org.apache.axis.i18n.resource::handleGetObject(endElem00)
23:36:48.390 [Test worker] DEBUG org.apache.axis.encoding.SerializationContext - End element name
23:36:48.390 [Test worker] DEBUG org.apache.axis.message.SAXOutputter - SAXOutputter.endElement ['' view_state]
23:36:48.390 [Test worker] DEBUG org.apache.axis.i18n.ProjectResourceBundle - org.apache.axis.i18n.resource::handleGetObject(endElem00)
23:36:48.390 [Test worker] DEBUG org.apache.axis.encoding.SerializationContext - End element view_state
23:36:48.390 [Test worker] DEBUG org.apache.axis.message.SAXOutputter - SAXOutputter.startElement ['' last_updated]
23:36:48.390 [Test worker] DEBUG org.apache.axis.i18n.ProjectResourceBundle - org.apache.axis.i18n.resource::handleGetObject(startElem00)
23:36:48.390 [Test worker] DEBUG org.apache.axis.encoding.SerializationContext - Start element []:last_updated
23:36:48.390 [Test worker] DEBUG org.apache.axis.message.SAXOutputter - SAXOutputter.characters ['2020-04-04T22:36:47+02:00']
23:36:48.390 [Test worker] DEBUG org.apache.axis.message.SAXOutputter - SAXOutputter.endElement ['' last_updated]
23:36:48.390 [Test worker] DEBUG org.apache.axis.i18n.ProjectResourceBundle - org.apache.axis.i18n.resource::handleGetObject(endElem00)
23:36:48.390 [Test worker] DEBUG org.apache.axis.encoding.SerializationContext - End element last_updated
23:36:48.390 [Test worker] DEBUG org.apache.axis.message.SAXOutputter - SAXOutputter.startElement ['' project]
23:36:48.390 [Test worker] DEBUG org.apache.axis.i18n.ProjectResourceBundle - org.apache.axis.i18n.resource::handleGetObject(startElem00)
23:36:48.390 [Test worker] DEBUG org.apache.axis.encoding.SerializationContext - Start element []:project
23:36:48.390 [Test worker] DEBUG org.apache.axis.message.SAXOutputter - SAXOutputter.startElement ['' id]
23:36:48.390 [Test worker] DEBUG org.apache.axis.i18n.ProjectResourceBundle - org.apache.axis.i18n.resource::handleGetObject(startElem00)
23:36:48.390 [Test worker] DEBUG org.apache.axis.encoding.SerializationContext - Start element []:id
23:36:48.390 [Test worker] DEBUG org.apache.axis.message.SAXOutputter - SAXOutputter.characters ['1']
23:36:48.390 [Test worker] DEBUG org.apache.axis.message.SAXOutputter - SAXOutputter.endElement ['' id]
23:36:48.390 [Test worker] DEBUG org.apache.axis.i18n.ProjectResourceBundle - org.apache.axis.i18n.resource::handleGetObject(endElem00)
23:36:48.390 [Test worker] DEBUG org.apache.axis.encoding.SerializationContext - End element id
23:36:48.390 [Test worker] DEBUG org.apache.axis.message.SAXOutputter - SAXOutputter.startElement ['' name]
23:36:48.390 [Test worker] DEBUG org.apache.axis.i18n.ProjectResourceBundle - org.apache.axis.i18n.resource::handleGetObject(startElem00)
23:36:48.390 [Test worker] DEBUG org.apache.axis.encoding.SerializationContext - Start element []:name
23:36:48.390 [Test worker] DEBUG org.apache.axis.message.SAXOutputter - SAXOutputter.characters ['test']
23:36:48.390 [Test worker] DEBUG org.apache.axis.message.SAXOutputter - SAXOutputter.endElement ['' name]
23:36:48.390 [Test worker] DEBUG org.apache.axis.i18n.ProjectResourceBundle - org.apache.axis.i18n.resource::handleGetObject(endElem00)
23:36:48.391 [Test worker] DEBUG org.apache.axis.encoding.SerializationContext - End element name
23:36:48.391 [Test worker] DEBUG org.apache.axis.message.SAXOutputter - SAXOutputter.endElement ['' project]
23:36:48.391 [Test worker] DEBUG org.apache.axis.i18n.ProjectResourceBundle - org.apache.axis.i18n.resource::handleGetObject(endElem00)
23:36:48.391 [Test worker] DEBUG org.apache.axis.encoding.SerializationContext - End element project
23:36:48.391 [Test worker] DEBUG org.apache.axis.message.SAXOutputter - SAXOutputter.startElement ['' category]
23:36:48.391 [Test worker] DEBUG org.apache.axis.i18n.ProjectResourceBundle - org.apache.axis.i18n.resource::handleGetObject(startElem00)
23:36:48.391 [Test worker] DEBUG org.apache.axis.encoding.SerializationContext - Start element []:category
23:36:48.391 [Test worker] DEBUG org.apache.axis.message.SAXOutputter - SAXOutputter.characters ['General']
23:36:48.391 [Test worker] DEBUG org.apache.axis.message.SAXOutputter - SAXOutputter.endElement ['' category]
23:36:48.391 [Test worker] DEBUG org.apache.axis.i18n.ProjectResourceBundle - org.apache.axis.i18n.resource::handleGetObject(endElem00)
23:36:48.391 [Test worker] DEBUG org.apache.axis.encoding.SerializationContext - End element category
23:36:48.391 [Test worker] DEBUG org.apache.axis.message.SAXOutputter - SAXOutputter.startElement ['' priority]
23:36:48.391 [Test worker] DEBUG org.apache.axis.i18n.ProjectResourceBundle - org.apache.axis.i18n.resource::handleGetObject(startElem00)
23:36:48.391 [Test worker] DEBUG org.apache.axis.encoding.SerializationContext - Start element []:priority
23:36:48.391 [Test worker] DEBUG org.apache.axis.message.SAXOutputter - SAXOutputter.startElement ['' id]
23:36:48.391 [Test worker] DEBUG org.apache.axis.i18n.ProjectResourceBundle - org.apache.axis.i18n.resource::handleGetObject(startElem00)
23:36:48.391 [Test worker] DEBUG org.apache.axis.encoding.SerializationContext - Start element []:id
23:36:48.391 [Test worker] DEBUG org.apache.axis.message.SAXOutputter - SAXOutputter.characters ['30']
23:36:48.391 [Test worker] DEBUG org.apache.axis.message.SAXOutputter - SAXOutputter.endElement ['' id]
23:36:48.391 [Test worker] DEBUG org.apache.axis.i18n.ProjectResourceBundle - org.apache.axis.i18n.resource::handleGetObject(endElem00)
23:36:48.391 [Test worker] DEBUG org.apache.axis.encoding.SerializationContext - End element id
23:36:48.391 [Test worker] DEBUG org.apache.axis.message.SAXOutputter - SAXOutputter.startElement ['' name]
23:36:48.391 [Test worker] DEBUG org.apache.axis.i18n.ProjectResourceBundle - org.apache.axis.i18n.resource::handleGetObject(startElem00)
23:36:48.391 [Test worker] DEBUG org.apache.axis.encoding.SerializationContext - Start element []:name
23:36:48.391 [Test worker] DEBUG org.apache.axis.message.SAXOutputter - SAXOutputter.characters ['normal']
23:36:48.391 [Test worker] DEBUG org.apache.axis.message.SAXOutputter - SAXOutputter.endElement ['' name]
23:36:48.391 [Test worker] DEBUG org.apache.axis.i18n.ProjectResourceBundle - org.apache.axis.i18n.resource::handleGetObject(endElem00)
23:36:48.391 [Test worker] DEBUG org.apache.axis.encoding.SerializationContext - End element name
23:36:48.391 [Test worker] DEBUG org.apache.axis.message.SAXOutputter - SAXOutputter.endElement ['' priority]
23:36:48.391 [Test worker] DEBUG org.apache.axis.i18n.ProjectResourceBundle - org.apache.axis.i18n.resource::handleGetObject(endElem00)
23:36:48.391 [Test worker] DEBUG org.apache.axis.encoding.SerializationContext - End element priority
23:36:48.391 [Test worker] DEBUG org.apache.axis.message.SAXOutputter - SAXOutputter.startElement ['' severity]
23:36:48.391 [Test worker] DEBUG org.apache.axis.i18n.ProjectResourceBundle - org.apache.axis.i18n.resource::handleGetObject(startElem00)
23:36:48.391 [Test worker] DEBUG org.apache.axis.encoding.SerializationContext - Start element []:severity
23:36:48.391 [Test worker] DEBUG org.apache.axis.message.SAXOutputter - SAXOutputter.startElement ['' id]
23:36:48.391 [Test worker] DEBUG org.apache.axis.i18n.ProjectResourceBundle - org.apache.axis.i18n.resource::handleGetObject(startElem00)
23:36:48.391 [Test worker] DEBUG org.apache.axis.encoding.SerializationContext - Start element []:id
23:36:48.391 [Test worker] DEBUG org.apache.axis.message.SAXOutputter - SAXOutputter.characters ['50']
23:36:48.391 [Test worker] DEBUG org.apache.axis.message.SAXOutputter - SAXOutputter.endElement ['' id]
23:36:48.391 [Test worker] DEBUG org.apache.axis.i18n.ProjectResourceBundle - org.apache.axis.i18n.resource::handleGetObject(endElem00)
23:36:48.391 [Test worker] DEBUG org.apache.axis.encoding.SerializationContext - End element id
23:36:48.391 [Test worker] DEBUG org.apache.axis.message.SAXOutputter - SAXOutputter.startElement ['' name]
23:36:48.391 [Test worker] DEBUG org.apache.axis.i18n.ProjectResourceBundle - org.apache.axis.i18n.resource::handleGetObject(startElem00)
23:36:48.391 [Test worker] DEBUG org.apache.axis.encoding.SerializationContext - Start element []:name
23:36:48.391 [Test worker] DEBUG org.apache.axis.message.SAXOutputter - SAXOutputter.characters ['minor']
23:36:48.391 [Test worker] DEBUG org.apache.axis.message.SAXOutputter - SAXOutputter.endElement ['' name]
23:36:48.391 [Test worker] DEBUG org.apache.axis.i18n.ProjectResourceBundle - org.apache.axis.i18n.resource::handleGetObject(endElem00)
23:36:48.391 [Test worker] DEBUG org.apache.axis.encoding.SerializationContext - End element name
23:36:48.391 [Test worker] DEBUG org.apache.axis.message.SAXOutputter - SAXOutputter.endElement ['' severity]
23:36:48.391 [Test worker] DEBUG org.apache.axis.i18n.ProjectResourceBundle - org.apache.axis.i18n.resource::handleGetObject(endElem00)
23:36:48.391 [Test worker] DEBUG org.apache.axis.encoding.SerializationContext - End element severity
23:36:48.391 [Test worker] DEBUG org.apache.axis.message.SAXOutputter - SAXOutputter.startElement ['' status]
23:36:48.391 [Test worker] DEBUG org.apache.axis.i18n.ProjectResourceBundle - org.apache.axis.i18n.resource::handleGetObject(startElem00)
23:36:48.391 [Test worker] DEBUG org.apache.axis.encoding.SerializationContext - Start element []:status
23:36:48.391 [Test worker] DEBUG org.apache.axis.message.SAXOutputter - SAXOutputter.startElement ['' id]
23:36:48.391 [Test worker] DEBUG org.apache.axis.i18n.ProjectResourceBundle - org.apache.axis.i18n.resource::handleGetObject(startElem00)
23:36:48.391 [Test worker] DEBUG org.apache.axis.encoding.SerializationContext - Start element []:id
23:36:48.391 [Test worker] DEBUG org.apache.axis.message.SAXOutputter - SAXOutputter.characters ['10']
23:36:48.391 [Test worker] DEBUG org.apache.axis.message.SAXOutputter - SAXOutputter.endElement ['' id]
23:36:48.391 [Test worker] DEBUG org.apache.axis.i18n.ProjectResourceBundle - org.apache.axis.i18n.resource::handleGetObject(endElem00)
23:36:48.391 [Test worker] DEBUG org.apache.axis.encoding.SerializationContext - End element id
23:36:48.391 [Test worker] DEBUG org.apache.axis.message.SAXOutputter - SAXOutputter.startElement ['' name]
23:36:48.391 [Test worker] DEBUG org.apache.axis.i18n.ProjectResourceBundle - org.apache.axis.i18n.resource::handleGetObject(startElem00)
23:36:48.391 [Test worker] DEBUG org.apache.axis.encoding.SerializationContext - Start element []:name
23:36:48.391 [Test worker] DEBUG org.apache.axis.message.SAXOutputter - SAXOutputter.characters ['new']
23:36:48.391 [Test worker] DEBUG org.apache.axis.message.SAXOutputter - SAXOutputter.endElement ['' name]
23:36:48.391 [Test worker] DEBUG org.apache.axis.i18n.ProjectResourceBundle - org.apache.axis.i18n.resource::handleGetObject(endElem00)
23:36:48.391 [Test worker] DEBUG org.apache.axis.encoding.SerializationContext - End element name
23:36:48.391 [Test worker] DEBUG org.apache.axis.message.SAXOutputter - SAXOutputter.endElement ['' status]
23:36:48.391 [Test worker] DEBUG org.apache.axis.i18n.ProjectResourceBundle - org.apache.axis.i18n.resource::handleGetObject(endElem00)
23:36:48.391 [Test worker] DEBUG org.apache.axis.encoding.SerializationContext - End element status
23:36:48.391 [Test worker] DEBUG org.apache.axis.message.SAXOutputter - SAXOutputter.startElement ['' reporter]
23:36:48.391 [Test worker] DEBUG org.apache.axis.i18n.ProjectResourceBundle - org.apache.axis.i18n.resource::handleGetObject(startElem00)
23:36:48.391 [Test worker] DEBUG org.apache.axis.encoding.SerializationContext - Start element []:reporter
23:36:48.391 [Test worker] DEBUG org.apache.axis.message.SAXOutputter - SAXOutputter.startElement ['' id]
23:36:48.391 [Test worker] DEBUG org.apache.axis.i18n.ProjectResourceBundle - org.apache.axis.i18n.resource::handleGetObject(startElem00)
23:36:48.391 [Test worker] DEBUG org.apache.axis.encoding.SerializationContext - Start element []:id
23:36:48.391 [Test worker] DEBUG org.apache.axis.message.SAXOutputter - SAXOutputter.characters ['1']
23:36:48.392 [Test worker] DEBUG org.apache.axis.message.SAXOutputter - SAXOutputter.endElement ['' id]
23:36:48.392 [Test worker] DEBUG org.apache.axis.i18n.ProjectResourceBundle - org.apache.axis.i18n.resource::handleGetObject(endElem00)
23:36:48.392 [Test worker] DEBUG org.apache.axis.encoding.SerializationContext - End element id
23:36:48.392 [Test worker] DEBUG org.apache.axis.message.SAXOutputter - SAXOutputter.startElement ['' name]
23:36:48.392 [Test worker] DEBUG org.apache.axis.i18n.ProjectResourceBundle - org.apache.axis.i18n.resource::handleGetObject(startElem00)
23:36:48.392 [Test worker] DEBUG org.apache.axis.encoding.SerializationContext - Start element []:name
23:36:48.392 [Test worker] DEBUG org.apache.axis.message.SAXOutputter - SAXOutputter.characters ['administrator']
23:36:48.392 [Test worker] DEBUG org.apache.axis.message.SAXOutputter - SAXOutputter.endElement ['' name]
23:36:48.392 [Test worker] DEBUG org.apache.axis.i18n.ProjectResourceBundle - org.apache.axis.i18n.resource::handleGetObject(endElem00)
23:36:48.392 [Test worker] DEBUG org.apache.axis.encoding.SerializationContext - End element name
23:36:48.392 [Test worker] DEBUG org.apache.axis.message.SAXOutputter - SAXOutputter.startElement ['' email]
23:36:48.392 [Test worker] DEBUG org.apache.axis.i18n.ProjectResourceBundle - org.apache.axis.i18n.resource::handleGetObject(startElem00)
23:36:48.392 [Test worker] DEBUG org.apache.axis.encoding.SerializationContext - Start element []:email
23:36:48.392 [Test worker] DEBUG org.apache.axis.message.SAXOutputter - SAXOutputter.characters ['root@localhost']
23:36:48.392 [Test worker] DEBUG org.apache.axis.message.SAXOutputter - SAXOutputter.endElement ['' email]
23:36:48.392 [Test worker] DEBUG org.apache.axis.i18n.ProjectResourceBundle - org.apache.axis.i18n.resource::handleGetObject(endElem00)
23:36:48.392 [Test worker] DEBUG org.apache.axis.encoding.SerializationContext - End element email
23:36:48.392 [Test worker] DEBUG org.apache.axis.message.SAXOutputter - SAXOutputter.endElement ['' reporter]
23:36:48.392 [Test worker] DEBUG org.apache.axis.i18n.ProjectResourceBundle - org.apache.axis.i18n.resource::handleGetObject(endElem00)
23:36:48.392 [Test worker] DEBUG org.apache.axis.encoding.SerializationContext - End element reporter
23:36:48.392 [Test worker] DEBUG org.apache.axis.message.SAXOutputter - SAXOutputter.startElement ['' summary]
23:36:48.392 [Test worker] DEBUG org.apache.axis.i18n.ProjectResourceBundle - org.apache.axis.i18n.resource::handleGetObject(startElem00)
23:36:48.392 [Test worker] DEBUG org.apache.axis.encoding.SerializationContext - Start element []:summary
23:36:48.392 [Test worker] DEBUG org.apache.axis.message.SAXOutputter - SAXOutputter.characters ['Test issue']
23:36:48.392 [Test worker] DEBUG org.apache.axis.message.SAXOutputter - SAXOutputter.endElement ['' summary]
23:36:48.392 [Test worker] DEBUG org.apache.axis.i18n.ProjectResourceBundle - org.apache.axis.i18n.resource::handleGetObject(endElem00)
23:36:48.392 [Test worker] DEBUG org.apache.axis.encoding.SerializationContext - End element summary
23:36:48.392 [Test worker] DEBUG org.apache.axis.message.SAXOutputter - SAXOutputter.startElement ['' reproducibility]
23:36:48.392 [Test worker] DEBUG org.apache.axis.i18n.ProjectResourceBundle - org.apache.axis.i18n.resource::handleGetObject(startElem00)
23:36:48.392 [Test worker] DEBUG org.apache.axis.encoding.SerializationContext - Start element []:reproducibility
23:36:48.392 [Test worker] DEBUG org.apache.axis.message.SAXOutputter - SAXOutputter.startElement ['' id]
23:36:48.392 [Test worker] DEBUG org.apache.axis.i18n.ProjectResourceBundle - org.apache.axis.i18n.resource::handleGetObject(startElem00)
23:36:48.392 [Test worker] DEBUG org.apache.axis.encoding.SerializationContext - Start element []:id
23:36:48.392 [Test worker] DEBUG org.apache.axis.message.SAXOutputter - SAXOutputter.characters ['70']
23:36:48.392 [Test worker] DEBUG org.apache.axis.message.SAXOutputter - SAXOutputter.endElement ['' id]
23:36:48.392 [Test worker] DEBUG org.apache.axis.i18n.ProjectResourceBundle - org.apache.axis.i18n.resource::handleGetObject(endElem00)
23:36:48.392 [Test worker] DEBUG org.apache.axis.encoding.SerializationContext - End element id
23:36:48.392 [Test worker] DEBUG org.apache.axis.message.SAXOutputter - SAXOutputter.startElement ['' name]
23:36:48.392 [Test worker] DEBUG org.apache.axis.i18n.ProjectResourceBundle - org.apache.axis.i18n.resource::handleGetObject(startElem00)
23:36:48.392 [Test worker] DEBUG org.apache.axis.encoding.SerializationContext - Start element []:name
23:36:48.392 [Test worker] DEBUG org.apache.axis.message.SAXOutputter - SAXOutputter.characters ['have not tried']
23:36:48.392 [Test worker] DEBUG org.apache.axis.message.SAXOutputter - SAXOutputter.endElement ['' name]
23:36:48.392 [Test worker] DEBUG org.apache.axis.i18n.ProjectResourceBundle - org.apache.axis.i18n.resource::handleGetObject(endElem00)
23:36:48.392 [Test worker] DEBUG org.apache.axis.encoding.SerializationContext - End element name
23:36:48.392 [Test worker] DEBUG org.apache.axis.message.SAXOutputter - SAXOutputter.endElement ['' reproducibility]
23:36:48.392 [Test worker] DEBUG org.apache.axis.i18n.ProjectResourceBundle - org.apache.axis.i18n.resource::handleGetObject(endElem00)
23:36:48.392 [Test worker] DEBUG org.apache.axis.encoding.SerializationContext - End element reproducibility
23:36:48.392 [Test worker] DEBUG org.apache.axis.message.SAXOutputter - SAXOutputter.startElement ['' date_submitted]
23:36:48.392 [Test worker] DEBUG org.apache.axis.i18n.ProjectResourceBundle - org.apache.axis.i18n.resource::handleGetObject(startElem00)
23:36:48.392 [Test worker] DEBUG org.apache.axis.encoding.SerializationContext - Start element []:date_submitted
23:36:48.392 [Test worker] DEBUG org.apache.axis.message.SAXOutputter - SAXOutputter.characters ['2020-04-04T22:36:47+02:00']
23:36:48.392 [Test worker] DEBUG org.apache.axis.message.SAXOutputter - SAXOutputter.endElement ['' date_submitted]
23:36:48.392 [Test worker] DEBUG org.apache.axis.i18n.ProjectResourceBundle - org.apache.axis.i18n.resource::handleGetObject(endElem00)
23:36:48.392 [Test worker] DEBUG org.apache.axis.encoding.SerializationContext - End element date_submitted
23:36:48.392 [Test worker] DEBUG org.apache.axis.message.SAXOutputter - SAXOutputter.startElement ['' sponsorship_total]
23:36:48.392 [Test worker] DEBUG org.apache.axis.i18n.ProjectResourceBundle - org.apache.axis.i18n.resource::handleGetObject(startElem00)
23:36:48.392 [Test worker] DEBUG org.apache.axis.encoding.SerializationContext - Start element []:sponsorship_total
23:36:48.392 [Test worker] DEBUG org.apache.axis.message.SAXOutputter - SAXOutputter.characters ['0']
23:36:48.392 [Test worker] DEBUG org.apache.axis.message.SAXOutputter - SAXOutputter.endElement ['' sponsorship_total]
23:36:48.392 [Test worker] DEBUG org.apache.axis.i18n.ProjectResourceBundle - org.apache.axis.i18n.resource::handleGetObject(endElem00)
23:36:48.392 [Test worker] DEBUG org.apache.axis.encoding.SerializationContext - End element sponsorship_total
23:36:48.392 [Test worker] DEBUG org.apache.axis.message.SAXOutputter - SAXOutputter.startElement ['' resolution]
23:36:48.392 [Test worker] DEBUG org.apache.axis.i18n.ProjectResourceBundle - org.apache.axis.i18n.resource::handleGetObject(startElem00)
23:36:48.392 [Test worker] DEBUG org.apache.axis.encoding.SerializationContext - Start element []:resolution
23:36:48.392 [Test worker] DEBUG org.apache.axis.message.SAXOutputter - SAXOutputter.startElement ['' id]
23:36:48.392 [Test worker] DEBUG org.apache.axis.i18n.ProjectResourceBundle - org.apache.axis.i18n.resource::handleGetObject(startElem00)
23:36:48.392 [Test worker] DEBUG org.apache.axis.encoding.SerializationContext - Start element []:id
23:36:48.392 [Test worker] DEBUG org.apache.axis.message.SAXOutputter - SAXOutputter.characters ['10']
23:36:48.392 [Test worker] DEBUG org.apache.axis.message.SAXOutputter - SAXOutputter.endElement ['' id]
23:36:48.392 [Test worker] DEBUG org.apache.axis.i18n.ProjectResourceBundle - org.apache.axis.i18n.resource::handleGetObject(endElem00)
23:36:48.392 [Test worker] DEBUG org.apache.axis.encoding.SerializationContext - End element id
23:36:48.392 [Test worker] DEBUG org.apache.axis.message.SAXOutputter - SAXOutputter.startElement ['' name]
23:36:48.392 [Test worker] DEBUG org.apache.axis.i18n.ProjectResourceBundle - org.apache.axis.i18n.resource::handleGetObject(startElem00)
23:36:48.392 [Test worker] DEBUG org.apache.axis.encoding.SerializationContext - Start element []:name
23:36:48.392 [Test worker] DEBUG org.apache.axis.message.SAXOutputter - SAXOutputter.characters ['open']
23:36:48.392 [Test worker] DEBUG org.apache.axis.message.SAXOutputter - SAXOutputter.endElement ['' name]
23:36:48.392 [Test worker] DEBUG org.apache.axis.i18n.ProjectResourceBundle - org.apache.axis.i18n.resource::handleGetObject(endElem00)
23:36:48.392 [Test worker] DEBUG org.apache.axis.encoding.SerializationContext - End element name
23:36:48.392 [Test worker] DEBUG org.apache.axis.message.SAXOutputter - SAXOutputter.endElement ['' resolution]
23:36:48.392 [Test worker] DEBUG org.apache.axis.i18n.ProjectResourceBundle - org.apache.axis.i18n.resource::handleGetObject(endElem00)
23:36:48.392 [Test worker] DEBUG org.apache.axis.encoding.SerializationContext - End element resolution
23:36:48.393 [Test worker] DEBUG org.apache.axis.message.SAXOutputter - SAXOutputter.startElement ['' description]
23:36:48.393 [Test worker] DEBUG org.apache.axis.i18n.ProjectResourceBundle - org.apache.axis.i18n.resource::handleGetObject(startElem00)
23:36:48.393 [Test worker] DEBUG org.apache.axis.encoding.SerializationContext - Start element []:description
23:36:48.393 [Test worker] DEBUG org.apache.axis.message.SAXOutputter - SAXOutputter.characters ['Test issue description']
23:36:48.393 [Test worker] DEBUG org.apache.axis.message.SAXOutputter - SAXOutputter.endElement ['' description]
23:36:48.393 [Test worker] DEBUG org.apache.axis.i18n.ProjectResourceBundle - org.apache.axis.i18n.resource::handleGetObject(endElem00)
23:36:48.393 [Test worker] DEBUG org.apache.axis.encoding.SerializationContext - End element description
23:36:48.393 [Test worker] DEBUG org.apache.axis.message.SAXOutputter - SAXOutputter.startElement ['' attachments]
23:36:48.393 [Test worker] DEBUG org.apache.axis.i18n.ProjectResourceBundle - org.apache.axis.i18n.resource::handleGetObject(startElem00)
23:36:48.393 [Test worker] DEBUG org.apache.axis.encoding.SerializationContext - Start element []:attachments
23:36:48.393 [Test worker] DEBUG org.apache.axis.message.SAXOutputter - SAXOutputter.endElement ['' attachments]
23:36:48.393 [Test worker] DEBUG org.apache.axis.i18n.ProjectResourceBundle - org.apache.axis.i18n.resource::handleGetObject(endElem00)
23:36:48.393 [Test worker] DEBUG org.apache.axis.encoding.SerializationContext - End element attachments
23:36:48.393 [Test worker] DEBUG org.apache.axis.message.SAXOutputter - SAXOutputter.startElement ['' monitors]
23:36:48.393 [Test worker] DEBUG org.apache.axis.i18n.ProjectResourceBundle - org.apache.axis.i18n.resource::handleGetObject(startElem00)
23:36:48.393 [Test worker] DEBUG org.apache.axis.encoding.SerializationContext - Start element []:monitors
23:36:48.393 [Test worker] DEBUG org.apache.axis.message.SAXOutputter - SAXOutputter.endElement ['' monitors]
23:36:48.393 [Test worker] DEBUG org.apache.axis.i18n.ProjectResourceBundle - org.apache.axis.i18n.resource::handleGetObject(endElem00)
23:36:48.393 [Test worker] DEBUG org.apache.axis.encoding.SerializationContext - End element monitors
23:36:48.393 [Test worker] DEBUG org.apache.axis.message.SAXOutputter - SAXOutputter.startElement ['' sticky]
23:36:48.393 [Test worker] DEBUG org.apache.axis.i18n.ProjectResourceBundle - org.apache.axis.i18n.resource::handleGetObject(startElem00)
23:36:48.393 [Test worker] DEBUG org.apache.axis.encoding.SerializationContext - Start element []:sticky
23:36:48.393 [Test worker] DEBUG org.apache.axis.message.SAXOutputter - SAXOutputter.characters ['false']
23:36:48.393 [Test worker] DEBUG org.apache.axis.message.SAXOutputter - SAXOutputter.endElement ['' sticky]
23:36:48.393 [Test worker] DEBUG org.apache.axis.i18n.ProjectResourceBundle - org.apache.axis.i18n.resource::handleGetObject(endElem00)
23:36:48.393 [Test worker] DEBUG org.apache.axis.encoding.SerializationContext - End element sticky
23:36:48.393 [Test worker] DEBUG org.apache.axis.message.SAXOutputter - SAXOutputter.startElement ['' tags]
23:36:48.393 [Test worker] DEBUG org.apache.axis.i18n.ProjectResourceBundle - org.apache.axis.i18n.resource::handleGetObject(startElem00)
23:36:48.393 [Test worker] DEBUG org.apache.axis.encoding.SerializationContext - Start element []:tags
23:36:48.393 [Test worker] DEBUG org.apache.axis.message.SAXOutputter - SAXOutputter.endElement ['' tags]
23:36:48.393 [Test worker] DEBUG org.apache.axis.i18n.ProjectResourceBundle - org.apache.axis.i18n.resource::handleGetObject(endElem00)
23:36:48.393 [Test worker] DEBUG org.apache.axis.encoding.SerializationContext - End element tags
23:36:48.393 [Test worker] DEBUG org.apache.axis.message.SAXOutputter - SAXOutputter.endElement ['' return]
23:36:48.393 [Test worker] DEBUG org.apache.axis.i18n.ProjectResourceBundle - org.apache.axis.i18n.resource::handleGetObject(endElem00)
23:36:48.393 [Test worker] DEBUG org.apache.axis.encoding.SerializationContext - End element return
23:36:48.393 [Test worker] DEBUG org.apache.axis.message.SAXOutputter - SAXOutputter.endElement ['http://futureware.biz/mantisconnect' mc_issue_getResponse]
23:36:48.393 [Test worker] DEBUG org.apache.axis.i18n.ProjectResourceBundle - org.apache.axis.i18n.resource::handleGetObject(endElem00)
23:36:48.393 [Test worker] DEBUG org.apache.axis.encoding.SerializationContext - End element ns1:mc_issue_getResponse
23:36:48.393 [Test worker] DEBUG org.apache.axis.i18n.ProjectResourceBundle - org.apache.axis.i18n.resource::handleGetObject(endElem00)
23:36:48.393 [Test worker] DEBUG org.apache.axis.encoding.SerializationContext - End element SOAP-ENV:Body
23:36:48.393 [Test worker] DEBUG org.apache.axis.i18n.ProjectResourceBundle - org.apache.axis.i18n.resource::handleGetObject(endElem00)
23:36:48.393 [Test worker] DEBUG org.apache.axis.encoding.SerializationContext - End element SOAP-ENV:Envelope
23:36:48.393 [Test worker] DEBUG org.apache.axis.i18n.ProjectResourceBundle - org.apache.axis.i18n.resource::handleGetObject(setMsgForm)
23:36:48.393 [Test worker] DEBUG org.apache.axis.SOAPPart - Setting current message form to: FORM_OPTIMIZED (currentMessage is now org.apache.axis.utils.ByteArray)
23:36:48.393 [Test worker] DEBUG org.apache.axis.SOAPPart - Exit: SOAPPart::saveChanges(): org.apache.axis.utils.ByteArray@2adc5a68
23:36:48.403 [Test worker] DEBUG org.apache.axis.i18n.ProjectResourceBundle - org.apache.axis.i18n.resource::handleGetObject(engineConfigLoadFactory)
23:36:48.403 [Test worker] DEBUG org.apache.axis.configuration.EngineConfigurationFactoryFinder - Factory org.apache.axis.configuration.EngineConfigurationFactoryServlet Ignored: unable to load/resolve class.
23:36:48.404 [Test worker] DEBUG org.apache.axis.i18n.ProjectResourceBundle - org.apache.axis.i18n.resource::handleGetObject(engineFactory)
23:36:48.404 [Test worker] DEBUG org.apache.axis.configuration.EngineConfigurationFactoryFinder - Got EngineFactory: org.apache.axis.configuration.EngineConfigurationFactoryDefault
23:36:48.404 [Test worker] DEBUG org.apache.axis.AxisEngine - Enter: AxisEngine::init
23:36:48.406 [Test worker] DEBUG org.apache.axis.AxisEngine - Exit: AxisEngine::init
23:36:48.406 [Test worker] DEBUG org.apache.axis.i18n.ProjectResourceBundle - org.apache.axis.i18n.resource::handleGetObject(transport00)
23:36:48.406 [Test worker] DEBUG org.apache.axis.client.Call - Transport is org.apache.axis.transport.http.HTTPTransport@1e9175e2
23:36:48.407 [Test worker] DEBUG org.apache.axis.client.Call - Enter: Call::invoke(ns, meth, args)
23:36:48.407 [Test worker] DEBUG org.apache.axis.client.Call - operation=name:        mc_issue_get
returnQName: return
returnType:  {http://futureware.biz/mantisconnect}IssueData
returnClass: class biz.futureware.mantis.rpc.soap.client.IssueData
elementQName:null
soapAction:  null
style:       rpc
use:         encoded
numInParams: 3
method:null
 ParameterDesc[0]:
  name:       username
  typeEntry:  null
  mode:       IN
  position:   0
  isReturn:   false
  typeQName:  {http://www.w3.org/2001/XMLSchema}string
  javaType:   class java.lang.String
  inHeader:   false
  outHeader:  false

 ParameterDesc[1]:
  name:       password
  typeEntry:  null
  mode:       IN
  position:   1
  isReturn:   false
  typeQName:  {http://www.w3.org/2001/XMLSchema}string
  javaType:   class java.lang.String
  inHeader:   false
  outHeader:  false

 ParameterDesc[2]:
  name:       issue_id
  typeEntry:  null
  mode:       IN
  position:   2
  isReturn:   false
  typeQName:  {http://www.w3.org/2001/XMLSchema}integer
  javaType:   class java.math.BigInteger
  inHeader:   false
  outHeader:  false


23:36:48.407 [Test worker] DEBUG org.apache.axis.client.Call - operation.getNumParams()=3
23:36:48.407 [Test worker] DEBUG org.apache.axis.client.Call - getParamList number of params: 3
23:36:48.407 [Test worker] DEBUG org.apache.axis.client.Call - Enter: Call::invoke(RPCElement)
23:36:48.407 [Test worker] DEBUG org.apache.axis.SOAPPart - Enter: SOAPPart ctor(FORM_SOAPENVELOPE)
23:36:48.407 [Test worker] DEBUG org.apache.axis.i18n.ProjectResourceBundle - org.apache.axis.i18n.resource::handleGetObject(setMsgForm)
23:36:48.407 [Test worker] DEBUG org.apache.axis.SOAPPart - Setting current message form to: FORM_SOAPENVELOPE (currentMessage is now org.apache.axis.message.SOAPEnvelope)
23:36:48.407 [Test worker] DEBUG org.apache.axis.SOAPPart - Exit: SOAPPart ctor()
23:36:48.407 [Test worker] DEBUG org.apache.axis.i18n.ProjectResourceBundle - org.apache.axis.i18n.resource::handleGetObject(addBody00)
23:36:48.407 [Test worker] DEBUG org.apache.axis.message.SOAPBody - Adding body element to message...
23:36:48.408 [Test worker] DEBUG org.apache.axis.client.Call - Enter: Call::invoke()
23:36:48.408 [Test worker] DEBUG org.apache.axis.MessageContext - MessageContext: setTargetService(MantisConnectPort)
23:36:48.408 [Test worker] DEBUG org.apache.axis.i18n.ProjectResourceBundle - org.apache.axis.i18n.resource::handleGetObject(noService10)
23:36:48.408 [Test worker] DEBUG org.apache.axis.ConfigurationException - Exception: 
org.apache.axis.ConfigurationException: No service named MantisConnectPort is available
	at org.apache.axis.configuration.FileProvider.getService(FileProvider.java:233)
	at org.apache.axis.AxisEngine.getService(AxisEngine.java:311)
	at org.apache.axis.MessageContext.setTargetService(MessageContext.java:756)
	at org.apache.axis.client.Call.invoke(Call.java:2690)
	at org.apache.axis.client.Call.invoke(Call.java:2443)
	at org.apache.axis.client.Call.invoke(Call.java:2366)
	at org.apache.axis.client.Call.invoke(Call.java:1812)
	at biz.futureware.mantis.rpc.soap.client.MantisConnectBindingStub.mc_issue_get(MantisConnectBindingStub.java:2006)
	at dd.pyrkova.mantis.model.TestBase.isIssueOpen(TestBase.java:43)
	at dd.pyrkova.mantis.model.TestBase.skipIfNotFixed(TestBase.java:52)
	at dd.pyrkova.mantis.tests.SoapTests.testGetProjects(SoapTests.java:20)
	at sun.reflect.NativeMethodAccessorImpl.invoke0(Native Method)
	at sun.reflect.NativeMethodAccessorImpl.invoke(NativeMethodAccessorImpl.java:62)
	at sun.reflect.DelegatingMethodAccessorImpl.invoke(DelegatingMethodAccessorImpl.java:43)
	at java.lang.reflect.Method.invoke(Method.java:498)
	at org.testng.internal.MethodInvocationHelper.invokeMethod(MethodInvocationHelper.java:134)
	at org.testng.internal.TestInvoker.invokeMethod(TestInvoker.java:597)
	at org.testng.internal.TestInvoker.invokeTestMethod(TestInvoker.java:173)
	at org.testng.internal.MethodRunner.runInSequence(MethodRunner.java:46)
	at org.testng.internal.TestInvoker$MethodInvocationAgent.invoke(TestInvoker.java:816)
	at org.testng.internal.TestInvoker.invokeTestMethods(TestInvoker.java:146)
	at org.testng.internal.TestMethodWorker.invokeTestMethods(TestMethodWorker.java:146)
	at org.testng.internal.TestMethodWorker.run(TestMethodWorker.java:128)
	at java.util.ArrayList.forEach(ArrayList.java:1257)
	at org.testng.TestRunner.privateRun(TestRunner.java:766)
	at org.testng.TestRunner.run(TestRunner.java:587)
	at org.testng.SuiteRunner.runTest(SuiteRunner.java:384)
	at org.testng.SuiteRunner.runSequentially(SuiteRunner.java:378)
	at org.testng.SuiteRunner.privateRun(SuiteRunner.java:337)
	at org.testng.SuiteRunner.run(SuiteRunner.java:286)
	at org.testng.SuiteRunnerWorker.runSuite(SuiteRunnerWorker.java:53)
	at org.testng.SuiteRunnerWorker.run(SuiteRunnerWorker.java:96)
	at org.testng.TestNG.runSuitesSequentially(TestNG.java:1187)
	at org.testng.TestNG.runSuitesLocally(TestNG.java:1109)
	at org.testng.TestNG.runSuites(TestNG.java:1039)
	at org.testng.TestNG.run(TestNG.java:1007)
	at org.gradle.api.internal.tasks.testing.testng.TestNGTestClassProcessor.runTests(TestNGTestClassProcessor.java:141)
	at org.gradle.api.internal.tasks.testing.testng.TestNGTestClassProcessor.stop(TestNGTestClassProcessor.java:90)
	at org.gradle.api.internal.tasks.testing.SuiteTestClassProcessor.stop(SuiteTestClassProcessor.java:61)
	at sun.reflect.NativeMethodAccessorImpl.invoke0(Native Method)
	at sun.reflect.NativeMethodAccessorImpl.invoke(NativeMethodAccessorImpl.java:62)
	at sun.reflect.DelegatingMethodAccessorImpl.invoke(DelegatingMethodAccessorImpl.java:43)
	at java.lang.reflect.Method.invoke(Method.java:498)
	at org.gradle.internal.dispatch.ReflectionDispatch.dispatch(ReflectionDispatch.java:36)
	at org.gradle.internal.dispatch.ReflectionDispatch.dispatch(ReflectionDispatch.java:24)
	at org.gradle.internal.dispatch.ContextClassLoaderDispatch.dispatch(ContextClassLoaderDispatch.java:33)
	at org.gradle.internal.dispatch.ProxyDispatchAdapter$DispatchingInvocationHandler.invoke(ProxyDispatchAdapter.java:94)
	at com.sun.proxy.$Proxy2.stop(Unknown Source)
	at org.gradle.api.internal.tasks.testing.worker.TestWorker.stop(TestWorker.java:132)
	at sun.reflect.NativeMethodAccessorImpl.invoke0(Native Method)
	at sun.reflect.NativeMethodAccessorImpl.invoke(NativeMethodAccessorImpl.java:62)
	at sun.reflect.DelegatingMethodAccessorImpl.invoke(DelegatingMethodAccessorImpl.java:43)
	at java.lang.reflect.Method.invoke(Method.java:498)
	at org.gradle.internal.dispatch.ReflectionDispatch.dispatch(ReflectionDispatch.java:36)
	at org.gradle.internal.dispatch.ReflectionDispatch.dispatch(ReflectionDispatch.java:24)
	at org.gradle.internal.remote.internal.hub.MessageHubBackedObjectConnection$DispatchWrapper.dispatch(MessageHubBackedObjectConnection.java:182)
	at org.gradle.internal.remote.internal.hub.MessageHubBackedObjectConnection$DispatchWrapper.dispatch(MessageHubBackedObjectConnection.java:164)
	at org.gradle.internal.remote.internal.hub.MessageHub$Handler.run(MessageHub.java:412)
	at org.gradle.internal.concurrent.ExecutorPolicy$CatchAndRecordFailures.onExecute(ExecutorPolicy.java:64)
	at org.gradle.internal.concurrent.ManagedExecutorImpl$1.run(ManagedExecutorImpl.java:48)
	at java.util.concurrent.ThreadPoolExecutor.runWorker(ThreadPoolExecutor.java:1149)
	at java.util.concurrent.ThreadPoolExecutor$Worker.run(ThreadPoolExecutor.java:624)
	at org.gradle.internal.concurrent.ThreadFactoryImpl$ManagedThreadRunnable.run(ThreadFactoryImpl.java:56)
	at java.lang.Thread.run(Thread.java:748)
23:36:48.408 [Test worker] DEBUG org.apache.axis.MessageContext - MessageContext: setServiceHandler(null)
23:36:48.408 [Test worker] DEBUG org.apache.axis.i18n.ProjectResourceBundle - org.apache.axis.i18n.resource::handleGetObject(targetService)
23:36:48.408 [Test worker] DEBUG org.apache.axis.client.Call - Target service:  MantisConnectPort
23:36:48.408 [Test worker] DEBUG org.apache.axis.MessageContext - MessageContext: setTargetService(http://www.mantisbt.org/bugs/api/soap/mantisconnect.php/mc_issue_get)
23:36:48.408 [Test worker] DEBUG org.apache.axis.i18n.ProjectResourceBundle - org.apache.axis.i18n.resource::handleGetObject(noService10)
23:36:48.409 [Test worker] DEBUG org.apache.axis.ConfigurationException - Exception: 
org.apache.axis.ConfigurationException: No service named http://www.mantisbt.org/bugs/api/soap/mantisconnect.php/mc_issue_get is available
	at org.apache.axis.configuration.FileProvider.getService(FileProvider.java:233)
	at org.apache.axis.AxisEngine.getService(AxisEngine.java:311)
	at org.apache.axis.MessageContext.setTargetService(MessageContext.java:756)
	at org.apache.axis.transport.http.HTTPTransport.setupMessageContextImpl(HTTPTransport.java:89)
	at org.apache.axis.client.Transport.setupMessageContext(Transport.java:46)
	at org.apache.axis.client.Call.invoke(Call.java:2738)
	at org.apache.axis.client.Call.invoke(Call.java:2443)
	at org.apache.axis.client.Call.invoke(Call.java:2366)
	at org.apache.axis.client.Call.invoke(Call.java:1812)
	at biz.futureware.mantis.rpc.soap.client.MantisConnectBindingStub.mc_issue_get(MantisConnectBindingStub.java:2006)
	at dd.pyrkova.mantis.model.TestBase.isIssueOpen(TestBase.java:43)
	at dd.pyrkova.mantis.model.TestBase.skipIfNotFixed(TestBase.java:52)
	at dd.pyrkova.mantis.tests.SoapTests.testGetProjects(SoapTests.java:20)
	at sun.reflect.NativeMethodAccessorImpl.invoke0(Native Method)
	at sun.reflect.NativeMethodAccessorImpl.invoke(NativeMethodAccessorImpl.java:62)
	at sun.reflect.DelegatingMethodAccessorImpl.invoke(DelegatingMethodAccessorImpl.java:43)
	at java.lang.reflect.Method.invoke(Method.java:498)
	at org.testng.internal.MethodInvocationHelper.invokeMethod(MethodInvocationHelper.java:134)
	at org.testng.internal.TestInvoker.invokeMethod(TestInvoker.java:597)
	at org.testng.internal.TestInvoker.invokeTestMethod(TestInvoker.java:173)
	at org.testng.internal.MethodRunner.runInSequence(MethodRunner.java:46)
	at org.testng.internal.TestInvoker$MethodInvocationAgent.invoke(TestInvoker.java:816)
	at org.testng.internal.TestInvoker.invokeTestMethods(TestInvoker.java:146)
	at org.testng.internal.TestMethodWorker.invokeTestMethods(TestMethodWorker.java:146)
	at org.testng.internal.TestMethodWorker.run(TestMethodWorker.java:128)
	at java.util.ArrayList.forEach(ArrayList.java:1257)
	at org.testng.TestRunner.privateRun(TestRunner.java:766)
	at org.testng.TestRunner.run(TestRunner.java:587)
	at org.testng.SuiteRunner.runTest(SuiteRunner.java:384)
	at org.testng.SuiteRunner.runSequentially(SuiteRunner.java:378)
	at org.testng.SuiteRunner.privateRun(SuiteRunner.java:337)
	at org.testng.SuiteRunner.run(SuiteRunner.java:286)
	at org.testng.SuiteRunnerWorker.runSuite(SuiteRunnerWorker.java:53)
	at org.testng.SuiteRunnerWorker.run(SuiteRunnerWorker.java:96)
	at org.testng.TestNG.runSuitesSequentially(TestNG.java:1187)
	at org.testng.TestNG.runSuitesLocally(TestNG.java:1109)
	at org.testng.TestNG.runSuites(TestNG.java:1039)
	at org.testng.TestNG.run(TestNG.java:1007)
	at org.gradle.api.internal.tasks.testing.testng.TestNGTestClassProcessor.runTests(TestNGTestClassProcessor.java:141)
	at org.gradle.api.internal.tasks.testing.testng.TestNGTestClassProcessor.stop(TestNGTestClassProcessor.java:90)
	at org.gradle.api.internal.tasks.testing.SuiteTestClassProcessor.stop(SuiteTestClassProcessor.java:61)
	at sun.reflect.NativeMethodAccessorImpl.invoke0(Native Method)
	at sun.reflect.NativeMethodAccessorImpl.invoke(NativeMethodAccessorImpl.java:62)
	at sun.reflect.DelegatingMethodAccessorImpl.invoke(DelegatingMethodAccessorImpl.java:43)
	at java.lang.reflect.Method.invoke(Method.java:498)
	at org.gradle.internal.dispatch.ReflectionDispatch.dispatch(ReflectionDispatch.java:36)
	at org.gradle.internal.dispatch.ReflectionDispatch.dispatch(ReflectionDispatch.java:24)
	at org.gradle.internal.dispatch.ContextClassLoaderDispatch.dispatch(ContextClassLoaderDispatch.java:33)
	at org.gradle.internal.dispatch.ProxyDispatchAdapter$DispatchingInvocationHandler.invoke(ProxyDispatchAdapter.java:94)
	at com.sun.proxy.$Proxy2.stop(Unknown Source)
	at org.gradle.api.internal.tasks.testing.worker.TestWorker.stop(TestWorker.java:132)
	at sun.reflect.NativeMethodAccessorImpl.invoke0(Native Method)
	at sun.reflect.NativeMethodAccessorImpl.invoke(NativeMethodAccessorImpl.java:62)
	at sun.reflect.DelegatingMethodAccessorImpl.invoke(DelegatingMethodAccessorImpl.java:43)
	at java.lang.reflect.Method.invoke(Method.java:498)
	at org.gradle.internal.dispatch.ReflectionDispatch.dispatch(ReflectionDispatch.java:36)
	at org.gradle.internal.dispatch.ReflectionDispatch.dispatch(ReflectionDispatch.java:24)
	at org.gradle.internal.remote.internal.hub.MessageHubBackedObjectConnection$DispatchWrapper.dispatch(MessageHubBackedObjectConnection.java:182)
	at org.gradle.internal.remote.internal.hub.MessageHubBackedObjectConnection$DispatchWrapper.dispatch(MessageHubBackedObjectConnection.java:164)
	at org.gradle.internal.remote.internal.hub.MessageHub$Handler.run(MessageHub.java:412)
	at org.gradle.internal.concurrent.ExecutorPolicy$CatchAndRecordFailures.onExecute(ExecutorPolicy.java:64)
	at org.gradle.internal.concurrent.ManagedExecutorImpl$1.run(ManagedExecutorImpl.java:48)
	at java.util.concurrent.ThreadPoolExecutor.runWorker(ThreadPoolExecutor.java:1149)
	at java.util.concurrent.ThreadPoolExecutor$Worker.run(ThreadPoolExecutor.java:624)
	at org.gradle.internal.concurrent.ThreadFactoryImpl$ManagedThreadRunnable.run(ThreadFactoryImpl.java:56)
	at java.lang.Thread.run(Thread.java:748)
23:36:48.409 [Test worker] DEBUG org.apache.axis.MessageContext - MessageContext: setServiceHandler(null)
23:36:48.409 [Test worker] DEBUG org.apache.axis.SOAPPart - Enter: SOAPPart::getAsSOAPEnvelope()
23:36:48.409 [Test worker] DEBUG org.apache.axis.i18n.ProjectResourceBundle - org.apache.axis.i18n.resource::handleGetObject(currForm)
23:36:48.409 [Test worker] DEBUG org.apache.axis.SOAPPart - current form is FORM_SOAPENVELOPE
23:36:48.409 [Test worker] DEBUG org.apache.axis.i18n.ProjectResourceBundle - org.apache.axis.i18n.resource::handleGetObject(register00)
23:36:48.409 [Test worker] DEBUG org.apache.axis.encoding.SerializationContext - register 'soapenv' - 'http://schemas.xmlsoap.org/soap/envelope/'
23:36:48.409 [Test worker] DEBUG org.apache.axis.i18n.ProjectResourceBundle - org.apache.axis.i18n.resource::handleGetObject(register00)
23:36:48.409 [Test worker] DEBUG org.apache.axis.encoding.SerializationContext - register 'soapenv' - 'http://schemas.xmlsoap.org/soap/envelope/'
23:36:48.409 [Test worker] DEBUG org.apache.axis.i18n.ProjectResourceBundle - org.apache.axis.i18n.resource::handleGetObject(register00)
23:36:48.409 [Test worker] DEBUG org.apache.axis.encoding.SerializationContext - register 'xsd' - 'http://www.w3.org/2001/XMLSchema'
23:36:48.409 [Test worker] DEBUG org.apache.axis.i18n.ProjectResourceBundle - org.apache.axis.i18n.resource::handleGetObject(register00)
23:36:48.409 [Test worker] DEBUG org.apache.axis.encoding.SerializationContext - register 'xsi' - 'http://www.w3.org/2001/XMLSchema-instance'
23:36:48.409 [Test worker] DEBUG org.apache.axis.i18n.ProjectResourceBundle - org.apache.axis.i18n.resource::handleGetObject(startElem00)
23:36:48.409 [Test worker] DEBUG org.apache.axis.encoding.SerializationContext - Start element [http://schemas.xmlsoap.org/soap/envelope/]:Envelope
23:36:48.409 [Test worker] DEBUG org.apache.axis.i18n.ProjectResourceBundle - org.apache.axis.i18n.resource::handleGetObject(startElem00)
23:36:48.409 [Test worker] DEBUG org.apache.axis.encoding.SerializationContext - Start element [http://schemas.xmlsoap.org/soap/envelope/]:Body
23:36:48.409 [Test worker] DEBUG org.apache.axis.i18n.ProjectResourceBundle - org.apache.axis.i18n.resource::handleGetObject(startElem00)
23:36:48.410 [Test worker] DEBUG org.apache.axis.encoding.SerializationContext - Start element [http://futureware.biz/mantisconnect]:mc_issue_get
23:36:48.410 [Test worker] DEBUG org.apache.axis.i18n.ProjectResourceBundle - org.apache.axis.i18n.resource::handleGetObject(register00)
23:36:48.410 [Test worker] DEBUG org.apache.axis.encoding.SerializationContext - register 'ns1' - 'http://futureware.biz/mantisconnect'
23:36:48.410 [Test worker] DEBUG org.apache.axis.i18n.ProjectResourceBundle - org.apache.axis.i18n.resource::handleGetObject(startElem00)
23:36:48.410 [Test worker] DEBUG org.apache.axis.encoding.SerializationContext - Start element []:username
23:36:48.410 [Test worker] DEBUG org.apache.axis.i18n.ProjectResourceBundle - org.apache.axis.i18n.resource::handleGetObject(endElem00)
23:36:48.410 [Test worker] DEBUG org.apache.axis.encoding.SerializationContext - End element username
23:36:48.410 [Test worker] DEBUG org.apache.axis.i18n.ProjectResourceBundle - org.apache.axis.i18n.resource::handleGetObject(startElem00)
23:36:48.410 [Test worker] DEBUG org.apache.axis.encoding.SerializationContext - Start element []:password
23:36:48.410 [Test worker] DEBUG org.apache.axis.i18n.ProjectResourceBundle - org.apache.axis.i18n.resource::handleGetObject(endElem00)
23:36:48.410 [Test worker] DEBUG org.apache.axis.encoding.SerializationContext - End element password
23:36:48.410 [Test worker] DEBUG org.apache.axis.i18n.ProjectResourceBundle - org.apache.axis.i18n.resource::handleGetObject(startElem00)
23:36:48.410 [Test worker] DEBUG org.apache.axis.encoding.SerializationContext - Start element []:issue_id
23:36:48.410 [Test worker] DEBUG org.apache.axis.i18n.ProjectResourceBundle - org.apache.axis.i18n.resource::handleGetObject(endElem00)
23:36:48.410 [Test worker] DEBUG org.apache.axis.encoding.SerializationContext - End element issue_id
23:36:48.410 [Test worker] DEBUG org.apache.axis.i18n.ProjectResourceBundle - org.apache.axis.i18n.resource::handleGetObject(endElem00)
23:36:48.411 [Test worker] DEBUG org.apache.axis.encoding.SerializationContext - End element ns1:mc_issue_get
23:36:48.411 [Test worker] DEBUG org.apache.axis.i18n.ProjectResourceBundle - org.apache.axis.i18n.resource::handleGetObject(endElem00)
23:36:48.411 [Test worker] DEBUG org.apache.axis.encoding.SerializationContext - End element soapenv:Body
23:36:48.411 [Test worker] DEBUG org.apache.axis.i18n.ProjectResourceBundle - org.apache.axis.i18n.resource::handleGetObject(endElem00)
23:36:48.411 [Test worker] DEBUG org.apache.axis.encoding.SerializationContext - End element soapenv:Envelope
23:36:48.411 [Test worker] DEBUG org.apache.axis.client.Call - <?xml version="1.0" encoding="UTF-8"?><soapenv:Envelope xmlns:soapenv="http://schemas.xmlsoap.org/soap/envelope/" xmlns:xsd="http://www.w3.org/2001/XMLSchema" xmlns:xsi="http://www.w3.org/2001/XMLSchema-instance"><soapenv:Body><ns1:mc_issue_get soapenv:encodingStyle="http://schemas.xmlsoap.org/soap/encoding/" xmlns:ns1="http://futureware.biz/mantisconnect"><username xsi:type="xsd:string">administrator</username><password xsi:type="xsd:string">root</password><issue_id xsi:type="xsd:integer">2</issue_id></ns1:mc_issue_get></soapenv:Body></soapenv:Envelope>
23:36:48.411 [Test worker] DEBUG org.apache.axis.client.AxisClient - Enter: AxisClient::invoke
23:36:48.411 [Test worker] DEBUG org.apache.axis.client.AxisClient - EngineHandler: null
23:36:48.411 [Test worker] DEBUG org.apache.axis.SimpleChain - Enter: SimpleChain::invoke
23:36:48.411 [Test worker] DEBUG org.apache.axis.i18n.ProjectResourceBundle - org.apache.axis.i18n.resource::handleGetObject(enter00)
23:36:48.411 [Test worker] DEBUG org.apache.axis.transport.http.HTTPSender - Enter:  HTTPSender::invoke
23:36:48.411 [Test worker] DEBUG org.apache.axis.SOAPPart - Enter: SOAPPart::saveChanges
23:36:48.411 [Test worker] DEBUG org.apache.axis.i18n.ProjectResourceBundle - org.apache.axis.i18n.resource::handleGetObject(register00)
23:36:48.411 [Test worker] DEBUG org.apache.axis.encoding.SerializationContext - register 'soapenv' - 'http://schemas.xmlsoap.org/soap/envelope/'
23:36:48.411 [Test worker] DEBUG org.apache.axis.i18n.ProjectResourceBundle - org.apache.axis.i18n.resource::handleGetObject(register00)
23:36:48.411 [Test worker] DEBUG org.apache.axis.encoding.SerializationContext - register 'soapenv' - 'http://schemas.xmlsoap.org/soap/envelope/'
23:36:48.411 [Test worker] DEBUG org.apache.axis.i18n.ProjectResourceBundle - org.apache.axis.i18n.resource::handleGetObject(register00)
23:36:48.411 [Test worker] DEBUG org.apache.axis.encoding.SerializationContext - register 'xsd' - 'http://www.w3.org/2001/XMLSchema'
23:36:48.411 [Test worker] DEBUG org.apache.axis.i18n.ProjectResourceBundle - org.apache.axis.i18n.resource::handleGetObject(register00)
23:36:48.411 [Test worker] DEBUG org.apache.axis.encoding.SerializationContext - register 'xsi' - 'http://www.w3.org/2001/XMLSchema-instance'
23:36:48.411 [Test worker] DEBUG org.apache.axis.i18n.ProjectResourceBundle - org.apache.axis.i18n.resource::handleGetObject(startElem00)
23:36:48.411 [Test worker] DEBUG org.apache.axis.encoding.SerializationContext - Start element [http://schemas.xmlsoap.org/soap/envelope/]:Envelope
23:36:48.411 [Test worker] DEBUG org.apache.axis.i18n.ProjectResourceBundle - org.apache.axis.i18n.resource::handleGetObject(startElem00)
23:36:48.411 [Test worker] DEBUG org.apache.axis.encoding.SerializationContext - Start element [http://schemas.xmlsoap.org/soap/envelope/]:Body
23:36:48.412 [Test worker] DEBUG org.apache.axis.i18n.ProjectResourceBundle - org.apache.axis.i18n.resource::handleGetObject(startElem00)
23:36:48.412 [Test worker] DEBUG org.apache.axis.encoding.SerializationContext - Start element [http://futureware.biz/mantisconnect]:mc_issue_get
23:36:48.412 [Test worker] DEBUG org.apache.axis.i18n.ProjectResourceBundle - org.apache.axis.i18n.resource::handleGetObject(register00)
23:36:48.412 [Test worker] DEBUG org.apache.axis.encoding.SerializationContext - register 'ns1' - 'http://futureware.biz/mantisconnect'
23:36:48.412 [Test worker] DEBUG org.apache.axis.i18n.ProjectResourceBundle - org.apache.axis.i18n.resource::handleGetObject(startElem00)
23:36:48.412 [Test worker] DEBUG org.apache.axis.encoding.SerializationContext - Start element []:username
23:36:48.412 [Test worker] DEBUG org.apache.axis.i18n.ProjectResourceBundle - org.apache.axis.i18n.resource::handleGetObject(endElem00)
23:36:48.412 [Test worker] DEBUG org.apache.axis.encoding.SerializationContext - End element username
23:36:48.412 [Test worker] DEBUG org.apache.axis.i18n.ProjectResourceBundle - org.apache.axis.i18n.resource::handleGetObject(startElem00)
23:36:48.412 [Test worker] DEBUG org.apache.axis.encoding.SerializationContext - Start element []:password
23:36:48.412 [Test worker] DEBUG org.apache.axis.i18n.ProjectResourceBundle - org.apache.axis.i18n.resource::handleGetObject(endElem00)
23:36:48.412 [Test worker] DEBUG org.apache.axis.encoding.SerializationContext - End element password
23:36:48.412 [Test worker] DEBUG org.apache.axis.i18n.ProjectResourceBundle - org.apache.axis.i18n.resource::handleGetObject(startElem00)
23:36:48.412 [Test worker] DEBUG org.apache.axis.encoding.SerializationContext - Start element []:issue_id
23:36:48.412 [Test worker] DEBUG org.apache.axis.i18n.ProjectResourceBundle - org.apache.axis.i18n.resource::handleGetObject(endElem00)
23:36:48.412 [Test worker] DEBUG org.apache.axis.encoding.SerializationContext - End element issue_id
23:36:48.412 [Test worker] DEBUG org.apache.axis.i18n.ProjectResourceBundle - org.apache.axis.i18n.resource::handleGetObject(endElem00)
23:36:48.412 [Test worker] DEBUG org.apache.axis.encoding.SerializationContext - End element ns1:mc_issue_get
23:36:48.412 [Test worker] DEBUG org.apache.axis.i18n.ProjectResourceBundle - org.apache.axis.i18n.resource::handleGetObject(endElem00)
23:36:48.412 [Test worker] DEBUG org.apache.axis.encoding.SerializationContext - End element soapenv:Body
23:36:48.412 [Test worker] DEBUG org.apache.axis.i18n.ProjectResourceBundle - org.apache.axis.i18n.resource::handleGetObject(endElem00)
23:36:48.412 [Test worker] DEBUG org.apache.axis.encoding.SerializationContext - End element soapenv:Envelope
23:36:48.412 [Test worker] DEBUG org.apache.axis.i18n.ProjectResourceBundle - org.apache.axis.i18n.resource::handleGetObject(setMsgForm)
23:36:48.412 [Test worker] DEBUG org.apache.axis.SOAPPart - Setting current message form to: FORM_OPTIMIZED (currentMessage is now org.apache.axis.utils.ByteArray)
23:36:48.412 [Test worker] DEBUG org.apache.axis.SOAPPart - Exit: SOAPPart::saveChanges(): org.apache.axis.utils.ByteArray@429d96df
23:36:48.412 [Test worker] DEBUG org.apache.axis.SOAPPart - Enter: SOAPPart::saveChanges
23:36:48.412 [Test worker] DEBUG org.apache.axis.SOAPPart - Enter: SOAPPart::saveChanges
23:36:48.413 [Test worker] DEBUG org.apache.axis.i18n.ProjectResourceBundle - org.apache.axis.i18n.resource::handleGetObject(createdHTTP00)
23:36:48.413 [Test worker] DEBUG org.apache.axis.components.net.DefaultSocketFactory - Created an insecure HTTP connection
23:36:48.413 [Test worker] DEBUG org.apache.axis.i18n.ProjectResourceBundle - org.apache.axis.i18n.resource::handleGetObject(xmlSent00)
23:36:48.413 [Test worker] DEBUG org.apache.axis.transport.http.HTTPSender - XML sent:
23:36:48.413 [Test worker] DEBUG org.apache.axis.transport.http.HTTPSender - ---------------------------------------------------
23:36:48.414 [Test worker] DEBUG org.apache.axis.SOAPPart - Enter: SOAPPart::saveChanges
23:36:48.414 [Test worker] DEBUG org.apache.axis.transport.http.HTTPSender - POST /mantisbt-2.24.0/api/soap/mantisconnect.php HTTP/1.0
Content-Type: text/xml; charset=utf-8
Accept: application/soap+xml, application/dime, multipart/related, text/*
User-Agent: Axis/1.4
Host: localhost
Cache-Control: no-cache
Pragma: no-cache
SOAPAction: "http://www.mantisbt.org/bugs/api/soap/mantisconnect.php/mc_issue_get"
Content-Length: 560

<?xml version="1.0" encoding="UTF-8"?><soapenv:Envelope xmlns:soapenv="http://schemas.xmlsoap.org/soap/envelope/" xmlns:xsd="http://www.w3.org/2001/XMLSchema" xmlns:xsi="http://www.w3.org/2001/XMLSchema-instance"><soapenv:Body><ns1:mc_issue_get soapenv:encodingStyle="http://schemas.xmlsoap.org/soap/encoding/" xmlns:ns1="http://futureware.biz/mantisconnect"><username xsi:type="xsd:string">administrator</username><password xsi:type="xsd:string">root</password><issue_id xsi:type="xsd:integer">2</issue_id></ns1:mc_issue_get></soapenv:Body></soapenv:Envelope>
23:36:48.542 [Test worker] DEBUG org.apache.axis.transport.http.HTTPSender - HTTP/1.1 200 OK
23:36:48.542 [Test worker] DEBUG org.apache.axis.transport.http.HTTPSender - Date Sat, 04 Apr 2020 20:36:48 GMT
23:36:48.542 [Test worker] DEBUG org.apache.axis.transport.http.HTTPSender - Server Apache/2.4.41 (Win64) OpenSSL/1.1.1c PHP/7.4.2
23:36:48.542 [Test worker] DEBUG org.apache.axis.transport.http.HTTPSender - X-Powered-By PHP/7.4.2
23:36:48.542 [Test worker] DEBUG org.apache.axis.transport.http.HTTPSender - Set-Cookie PHPSESSID=p8v1q6nc83jv3k1hghqvolapu2; path=/; HttpOnly
23:36:48.542 [Test worker] DEBUG org.apache.axis.transport.http.HTTPSender - Cache-Control private, max-age=10800
23:36:48.542 [Test worker] DEBUG org.apache.axis.transport.http.HTTPSender - Last-Modified Sun, 29 Mar 2020 07:04:47 GMT
23:36:48.542 [Test worker] DEBUG org.apache.axis.transport.http.HTTPSender - Content-Length 2283
23:36:48.542 [Test worker] DEBUG org.apache.axis.transport.http.HTTPSender - Connection close
23:36:48.542 [Test worker] DEBUG org.apache.axis.transport.http.HTTPSender - Content-Type text/xml; charset=utf-8
23:36:48.542 [Test worker] DEBUG org.apache.axis.SOAPPart - Enter: SOAPPart ctor(FORM_INPUTSTREAM)
23:36:48.542 [Test worker] DEBUG org.apache.axis.i18n.ProjectResourceBundle - org.apache.axis.i18n.resource::handleGetObject(setMsgForm)
23:36:48.542 [Test worker] DEBUG org.apache.axis.SOAPPart - Setting current message form to: FORM_INPUTSTREAM (currentMessage is now org.apache.axis.transport.http.SocketInputStream)
23:36:48.542 [Test worker] DEBUG org.apache.axis.SOAPPart - Exit: SOAPPart ctor()
23:36:48.542 [Test worker] DEBUG org.apache.axis.i18n.ProjectResourceBundle - org.apache.axis.i18n.resource::handleGetObject(xmlRecd00)
23:36:48.542 [Test worker] DEBUG org.apache.axis.transport.http.HTTPSender - 
XML received:
23:36:48.542 [Test worker] DEBUG org.apache.axis.transport.http.HTTPSender - -----------------------------------------------
23:36:48.542 [Test worker] DEBUG org.apache.axis.SOAPPart - Enter: SOAPPart::getAsSOAPEnvelope()
23:36:48.542 [Test worker] DEBUG org.apache.axis.i18n.ProjectResourceBundle - org.apache.axis.i18n.resource::handleGetObject(currForm)
23:36:48.542 [Test worker] DEBUG org.apache.axis.SOAPPart - current form is FORM_INPUTSTREAM
23:36:48.542 [Test worker] DEBUG org.apache.axis.i18n.ProjectResourceBundle - org.apache.axis.i18n.resource::handleGetObject(pushHandler00)
23:36:48.542 [Test worker] DEBUG org.apache.axis.encoding.DeserializationContext - Pushing handler org.apache.axis.message.EnvelopeHandler@57b6c50b
23:36:48.543 [Test worker] DEBUG org.apache.axis.encoding.DeserializationContext - Enter: DeserializationContext::startPrefixMapping(SOAP-ENV, http://schemas.xmlsoap.org/soap/envelope/)
23:36:48.543 [Test worker] DEBUG org.apache.axis.encoding.DeserializationContext - Exit: DeserializationContext::startPrefixMapping()
23:36:48.543 [Test worker] DEBUG org.apache.axis.encoding.DeserializationContext - Enter: DeserializationContext::startPrefixMapping(ns1, http://futureware.biz/mantisconnect)
23:36:48.543 [Test worker] DEBUG org.apache.axis.encoding.DeserializationContext - Exit: DeserializationContext::startPrefixMapping()
23:36:48.543 [Test worker] DEBUG org.apache.axis.encoding.DeserializationContext - Enter: DeserializationContext::startPrefixMapping(xsd, http://www.w3.org/2001/XMLSchema)
23:36:48.543 [Test worker] DEBUG org.apache.axis.encoding.DeserializationContext - Exit: DeserializationContext::startPrefixMapping()
23:36:48.543 [Test worker] DEBUG org.apache.axis.encoding.DeserializationContext - Enter: DeserializationContext::startPrefixMapping(xsi, http://www.w3.org/2001/XMLSchema-instance)
23:36:48.543 [Test worker] DEBUG org.apache.axis.encoding.DeserializationContext - Exit: DeserializationContext::startPrefixMapping()
23:36:48.543 [Test worker] DEBUG org.apache.axis.encoding.DeserializationContext - Enter: DeserializationContext::startPrefixMapping(SOAP-ENC, http://schemas.xmlsoap.org/soap/encoding/)
23:36:48.543 [Test worker] DEBUG org.apache.axis.encoding.DeserializationContext - Exit: DeserializationContext::startPrefixMapping()
23:36:48.543 [Test worker] DEBUG org.apache.axis.encoding.DeserializationContext - Enter: DeserializationContext::startElement(http://schemas.xmlsoap.org/soap/envelope/, Envelope)
23:36:48.543 [Test worker] DEBUG org.apache.axis.i18n.ProjectResourceBundle - org.apache.axis.i18n.resource::handleGetObject(pushHandler00)
23:36:48.543 [Test worker] DEBUG org.apache.axis.encoding.DeserializationContext - Pushing handler org.apache.axis.message.EnvelopeBuilder@31fb3570
23:36:48.543 [Test worker] DEBUG org.apache.axis.encoding.DeserializationContext - Pushing element Envelope
23:36:48.543 [Test worker] DEBUG org.apache.axis.encoding.DeserializationContext - Exit: DeserializationContext::startElement()
23:36:48.543 [Test worker] DEBUG org.apache.axis.encoding.DeserializationContext - Enter: DeserializationContext::startElement(http://schemas.xmlsoap.org/soap/envelope/, Body)
23:36:48.543 [Test worker] DEBUG org.apache.axis.i18n.ProjectResourceBundle - org.apache.axis.i18n.resource::handleGetObject(pushHandler00)
23:36:48.543 [Test worker] DEBUG org.apache.axis.encoding.DeserializationContext - Pushing handler org.apache.axis.message.BodyBuilder@fb226
23:36:48.543 [Test worker] DEBUG org.apache.axis.i18n.ProjectResourceBundle - org.apache.axis.i18n.resource::handleGetObject(newElem00)
23:36:48.543 [Test worker] DEBUG org.apache.axis.message.MessageElement - New MessageElement (org.apache.axis.message.SOAPBody@2e8ae796) named {SOAP-ENV}Body
23:36:48.543 [Test worker] DEBUG org.apache.axis.encoding.DeserializationContext - Pushing element Body
23:36:48.543 [Test worker] DEBUG org.apache.axis.encoding.DeserializationContext - Exit: DeserializationContext::startElement()
23:36:48.543 [Test worker] DEBUG org.apache.axis.encoding.DeserializationContext - Enter: DeserializationContext::startElement(http://futureware.biz/mantisconnect, mc_issue_getResponse)
23:36:48.543 [Test worker] DEBUG org.apache.axis.message.BodyBuilder - Enter: BodyBuilder::onStartChild()
23:36:48.543 [Test worker] DEBUG org.apache.axis.i18n.ProjectResourceBundle - org.apache.axis.i18n.resource::handleGetObject(newElem00)
23:36:48.543 [Test worker] DEBUG org.apache.axis.message.MessageElement - New MessageElement (org.apache.axis.message.RPCElement@4ff5e1d1) named {ns1}mc_issue_getResponse
23:36:48.543 [Test worker] DEBUG org.apache.axis.message.BodyBuilder - Exit: BodyBuilder::onStartChild()
23:36:48.543 [Test worker] DEBUG org.apache.axis.i18n.ProjectResourceBundle - org.apache.axis.i18n.resource::handleGetObject(pushHandler00)
23:36:48.543 [Test worker] DEBUG org.apache.axis.encoding.DeserializationContext - Pushing handler org.apache.axis.message.SOAPHandler@27cd1dea
23:36:48.543 [Test worker] DEBUG org.apache.axis.encoding.DeserializationContext - Pushing element mc_issue_getResponse
23:36:48.543 [Test worker] DEBUG org.apache.axis.encoding.DeserializationContext - Exit: DeserializationContext::startElement()
23:36:48.543 [Test worker] DEBUG org.apache.axis.encoding.DeserializationContext - Enter: DeserializationContext::startElement(, return)
23:36:48.543 [Test worker] DEBUG org.apache.axis.i18n.ProjectResourceBundle - org.apache.axis.i18n.resource::handleGetObject(pushHandler00)
23:36:48.544 [Test worker] DEBUG org.apache.axis.encoding.DeserializationContext - Pushing handler org.apache.axis.message.SOAPHandler@5aae15b7
23:36:48.544 [Test worker] DEBUG org.apache.axis.i18n.ProjectResourceBundle - org.apache.axis.i18n.resource::handleGetObject(newElem00)
23:36:48.544 [Test worker] DEBUG org.apache.axis.message.MessageElement - New MessageElement (org.apache.axis.message.MessageElement@2361ff23) named {}return
23:36:48.544 [Test worker] DEBUG org.apache.axis.message.MessageElement -   xsi:type = 'ns1:IssueData'
23:36:48.544 [Test worker] DEBUG org.apache.axis.encoding.DeserializationContext - Pushing element return
23:36:48.544 [Test worker] DEBUG org.apache.axis.encoding.DeserializationContext - Exit: DeserializationContext::startElement()
23:36:48.544 [Test worker] DEBUG org.apache.axis.encoding.DeserializationContext - Enter: DeserializationContext::startElement(, id)
23:36:48.544 [Test worker] DEBUG org.apache.axis.i18n.ProjectResourceBundle - org.apache.axis.i18n.resource::handleGetObject(pushHandler00)
23:36:48.544 [Test worker] DEBUG org.apache.axis.encoding.DeserializationContext - Pushing handler org.apache.axis.message.SOAPHandler@43fa69f7
23:36:48.544 [Test worker] DEBUG org.apache.axis.i18n.ProjectResourceBundle - org.apache.axis.i18n.resource::handleGetObject(newElem00)
23:36:48.544 [Test worker] DEBUG org.apache.axis.message.MessageElement - New MessageElement (org.apache.axis.message.MessageElement@c170e2f) named {}id
23:36:48.544 [Test worker] DEBUG org.apache.axis.message.MessageElement -   xsi:type = 'xsd:integer'
23:36:48.544 [Test worker] DEBUG org.apache.axis.encoding.DeserializationContext - Pushing element id
23:36:48.544 [Test worker] DEBUG org.apache.axis.encoding.DeserializationContext - Exit: DeserializationContext::startElement()
23:36:48.544 [Test worker] DEBUG org.apache.axis.encoding.DeserializationContext - Enter: DeserializationContext::endElement(, id)
23:36:48.544 [Test worker] DEBUG org.apache.axis.i18n.ProjectResourceBundle - org.apache.axis.i18n.resource::handleGetObject(popHandler00)
23:36:48.544 [Test worker] DEBUG org.apache.axis.encoding.DeserializationContext - Popping handler org.apache.axis.message.SOAPHandler@43fa69f7
23:36:48.544 [Test worker] DEBUG org.apache.axis.encoding.DeserializationContext - Popped element stack to org.apache.axis.message.MessageElement:return
23:36:48.544 [Test worker] DEBUG org.apache.axis.encoding.DeserializationContext - Exit: DeserializationContext::endElement()
23:36:48.544 [Test worker] DEBUG org.apache.axis.encoding.DeserializationContext - Enter: DeserializationContext::startElement(, view_state)
23:36:48.544 [Test worker] DEBUG org.apache.axis.i18n.ProjectResourceBundle - org.apache.axis.i18n.resource::handleGetObject(pushHandler00)
23:36:48.544 [Test worker] DEBUG org.apache.axis.encoding.DeserializationContext - Pushing handler org.apache.axis.message.SOAPHandler@263eb1b7
23:36:48.544 [Test worker] DEBUG org.apache.axis.i18n.ProjectResourceBundle - org.apache.axis.i18n.resource::handleGetObject(newElem00)
23:36:48.544 [Test worker] DEBUG org.apache.axis.message.MessageElement - New MessageElement (org.apache.axis.message.MessageElement@a8adab4) named {}view_state
23:36:48.544 [Test worker] DEBUG org.apache.axis.message.MessageElement -   xsi:type = 'ns1:ObjectRef'
23:36:48.544 [Test worker] DEBUG org.apache.axis.encoding.DeserializationContext - Pushing element view_state
23:36:48.544 [Test worker] DEBUG org.apache.axis.encoding.DeserializationContext - Exit: DeserializationContext::startElement()
23:36:48.544 [Test worker] DEBUG org.apache.axis.encoding.DeserializationContext - Enter: DeserializationContext::startElement(, id)
23:36:48.544 [Test worker] DEBUG org.apache.axis.i18n.ProjectResourceBundle - org.apache.axis.i18n.resource::handleGetObject(pushHandler00)
23:36:48.544 [Test worker] DEBUG org.apache.axis.encoding.DeserializationContext - Pushing handler org.apache.axis.message.SOAPHandler@1aafafc3
23:36:48.544 [Test worker] DEBUG org.apache.axis.i18n.ProjectResourceBundle - org.apache.axis.i18n.resource::handleGetObject(newElem00)
23:36:48.544 [Test worker] DEBUG org.apache.axis.message.MessageElement - New MessageElement (org.apache.axis.message.MessageElement@2efdbccf) named {}id
23:36:48.544 [Test worker] DEBUG org.apache.axis.message.MessageElement -   xsi:type = 'xsd:integer'
23:36:48.544 [Test worker] DEBUG org.apache.axis.encoding.DeserializationContext - Pushing element id
23:36:48.544 [Test worker] DEBUG org.apache.axis.encoding.DeserializationContext - Exit: DeserializationContext::startElement()
23:36:48.544 [Test worker] DEBUG org.apache.axis.encoding.DeserializationContext - Enter: DeserializationContext::endElement(, id)
23:36:48.544 [Test worker] DEBUG org.apache.axis.i18n.ProjectResourceBundle - org.apache.axis.i18n.resource::handleGetObject(popHandler00)
23:36:48.544 [Test worker] DEBUG org.apache.axis.encoding.DeserializationContext - Popping handler org.apache.axis.message.SOAPHandler@1aafafc3
23:36:48.544 [Test worker] DEBUG org.apache.axis.encoding.DeserializationContext - Popped element stack to org.apache.axis.message.MessageElement:view_state
23:36:48.544 [Test worker] DEBUG org.apache.axis.encoding.DeserializationContext - Exit: DeserializationContext::endElement()
23:36:48.544 [Test worker] DEBUG org.apache.axis.encoding.DeserializationContext - Enter: DeserializationContext::startElement(, name)
23:36:48.544 [Test worker] DEBUG org.apache.axis.i18n.ProjectResourceBundle - org.apache.axis.i18n.resource::handleGetObject(pushHandler00)
23:36:48.544 [Test worker] DEBUG org.apache.axis.encoding.DeserializationContext - Pushing handler org.apache.axis.message.SOAPHandler@7d1d03ae
23:36:48.544 [Test worker] DEBUG org.apache.axis.i18n.ProjectResourceBundle - org.apache.axis.i18n.resource::handleGetObject(newElem00)
23:36:48.544 [Test worker] DEBUG org.apache.axis.message.MessageElement - New MessageElement (org.apache.axis.message.MessageElement@219e29c3) named {}name
23:36:48.544 [Test worker] DEBUG org.apache.axis.message.MessageElement -   xsi:type = 'xsd:string'
23:36:48.544 [Test worker] DEBUG org.apache.axis.encoding.DeserializationContext - Pushing element name
23:36:48.544 [Test worker] DEBUG org.apache.axis.encoding.DeserializationContext - Exit: DeserializationContext::startElement()
23:36:48.544 [Test worker] DEBUG org.apache.axis.encoding.DeserializationContext - Enter: DeserializationContext::endElement(, name)
23:36:48.544 [Test worker] DEBUG org.apache.axis.i18n.ProjectResourceBundle - org.apache.axis.i18n.resource::handleGetObject(popHandler00)
23:36:48.544 [Test worker] DEBUG org.apache.axis.encoding.DeserializationContext - Popping handler org.apache.axis.message.SOAPHandler@7d1d03ae
23:36:48.544 [Test worker] DEBUG org.apache.axis.encoding.DeserializationContext - Popped element stack to org.apache.axis.message.MessageElement:view_state
23:36:48.544 [Test worker] DEBUG org.apache.axis.encoding.DeserializationContext - Exit: DeserializationContext::endElement()
23:36:48.544 [Test worker] DEBUG org.apache.axis.encoding.DeserializationContext - Enter: DeserializationContext::endElement(, view_state)
23:36:48.544 [Test worker] DEBUG org.apache.axis.i18n.ProjectResourceBundle - org.apache.axis.i18n.resource::handleGetObject(popHandler00)
23:36:48.544 [Test worker] DEBUG org.apache.axis.encoding.DeserializationContext - Popping handler org.apache.axis.message.SOAPHandler@263eb1b7
23:36:48.544 [Test worker] DEBUG org.apache.axis.encoding.DeserializationContext - Popped element stack to org.apache.axis.message.MessageElement:return
23:36:48.544 [Test worker] DEBUG org.apache.axis.encoding.DeserializationContext - Exit: DeserializationContext::endElement()
23:36:48.545 [Test worker] DEBUG org.apache.axis.encoding.DeserializationContext - Enter: DeserializationContext::startElement(, last_updated)
23:36:48.545 [Test worker] DEBUG org.apache.axis.i18n.ProjectResourceBundle - org.apache.axis.i18n.resource::handleGetObject(pushHandler00)
23:36:48.545 [Test worker] DEBUG org.apache.axis.encoding.DeserializationContext - Pushing handler org.apache.axis.message.SOAPHandler@46285b84
23:36:48.545 [Test worker] DEBUG org.apache.axis.i18n.ProjectResourceBundle - org.apache.axis.i18n.resource::handleGetObject(newElem00)
23:36:48.545 [Test worker] DEBUG org.apache.axis.message.MessageElement - New MessageElement (org.apache.axis.message.MessageElement@5f09c4a) named {}last_updated
23:36:48.545 [Test worker] DEBUG org.apache.axis.message.MessageElement -   xsi:type = 'xsd:dateTime'
23:36:48.545 [Test worker] DEBUG org.apache.axis.encoding.DeserializationContext - Pushing element last_updated
23:36:48.545 [Test worker] DEBUG org.apache.axis.encoding.DeserializationContext - Exit: DeserializationContext::startElement()
23:36:48.545 [Test worker] DEBUG org.apache.axis.encoding.DeserializationContext - Enter: DeserializationContext::endElement(, last_updated)
23:36:48.545 [Test worker] DEBUG org.apache.axis.i18n.ProjectResourceBundle - org.apache.axis.i18n.resource::handleGetObject(popHandler00)
23:36:48.545 [Test worker] DEBUG org.apache.axis.encoding.DeserializationContext - Popping handler org.apache.axis.message.SOAPHandler@46285b84
23:36:48.545 [Test worker] DEBUG org.apache.axis.encoding.DeserializationContext - Popped element stack to org.apache.axis.message.MessageElement:return
23:36:48.545 [Test worker] DEBUG org.apache.axis.encoding.DeserializationContext - Exit: DeserializationContext::endElement()
23:36:48.545 [Test worker] DEBUG org.apache.axis.encoding.DeserializationContext - Enter: DeserializationContext::startElement(, project)
23:36:48.545 [Test worker] DEBUG org.apache.axis.i18n.ProjectResourceBundle - org.apache.axis.i18n.resource::handleGetObject(pushHandler00)
23:36:48.545 [Test worker] DEBUG org.apache.axis.encoding.DeserializationContext - Pushing handler org.apache.axis.message.SOAPHandler@1065ef29
23:36:48.545 [Test worker] DEBUG org.apache.axis.i18n.ProjectResourceBundle - org.apache.axis.i18n.resource::handleGetObject(newElem00)
23:36:48.545 [Test worker] DEBUG org.apache.axis.message.MessageElement - New MessageElement (org.apache.axis.message.MessageElement@40e51cd7) named {}project
23:36:48.545 [Test worker] DEBUG org.apache.axis.message.MessageElement -   xsi:type = 'ns1:ObjectRef'
23:36:48.545 [Test worker] DEBUG org.apache.axis.encoding.DeserializationContext - Pushing element project
23:36:48.545 [Test worker] DEBUG org.apache.axis.encoding.DeserializationContext - Exit: DeserializationContext::startElement()
23:36:48.545 [Test worker] DEBUG org.apache.axis.encoding.DeserializationContext - Enter: DeserializationContext::startElement(, id)
23:36:48.545 [Test worker] DEBUG org.apache.axis.i18n.ProjectResourceBundle - org.apache.axis.i18n.resource::handleGetObject(pushHandler00)
23:36:48.545 [Test worker] DEBUG org.apache.axis.encoding.DeserializationContext - Pushing handler org.apache.axis.message.SOAPHandler@44958b34
23:36:48.545 [Test worker] DEBUG org.apache.axis.i18n.ProjectResourceBundle - org.apache.axis.i18n.resource::handleGetObject(newElem00)
23:36:48.545 [Test worker] DEBUG org.apache.axis.message.MessageElement - New MessageElement (org.apache.axis.message.MessageElement@45065d20) named {}id
23:36:48.545 [Test worker] DEBUG org.apache.axis.message.MessageElement -   xsi:type = 'xsd:integer'
23:36:48.545 [Test worker] DEBUG org.apache.axis.encoding.DeserializationContext - Pushing element id
23:36:48.545 [Test worker] DEBUG org.apache.axis.encoding.DeserializationContext - Exit: DeserializationContext::startElement()
23:36:48.545 [Test worker] DEBUG org.apache.axis.encoding.DeserializationContext - Enter: DeserializationContext::endElement(, id)
23:36:48.545 [Test worker] DEBUG org.apache.axis.i18n.ProjectResourceBundle - org.apache.axis.i18n.resource::handleGetObject(popHandler00)
23:36:48.545 [Test worker] DEBUG org.apache.axis.encoding.DeserializationContext - Popping handler org.apache.axis.message.SOAPHandler@44958b34
23:36:48.545 [Test worker] DEBUG org.apache.axis.encoding.DeserializationContext - Popped element stack to org.apache.axis.message.MessageElement:project
23:36:48.545 [Test worker] DEBUG org.apache.axis.encoding.DeserializationContext - Exit: DeserializationContext::endElement()
23:36:48.545 [Test worker] DEBUG org.apache.axis.encoding.DeserializationContext - Enter: DeserializationContext::startElement(, name)
23:36:48.545 [Test worker] DEBUG org.apache.axis.i18n.ProjectResourceBundle - org.apache.axis.i18n.resource::handleGetObject(pushHandler00)
23:36:48.545 [Test worker] DEBUG org.apache.axis.encoding.DeserializationContext - Pushing handler org.apache.axis.message.SOAPHandler@7aa5fe0e
23:36:48.545 [Test worker] DEBUG org.apache.axis.i18n.ProjectResourceBundle - org.apache.axis.i18n.resource::handleGetObject(newElem00)
23:36:48.545 [Test worker] DEBUG org.apache.axis.message.MessageElement - New MessageElement (org.apache.axis.message.MessageElement@124e5629) named {}name
23:36:48.545 [Test worker] DEBUG org.apache.axis.message.MessageElement -   xsi:type = 'xsd:string'
23:36:48.545 [Test worker] DEBUG org.apache.axis.encoding.DeserializationContext - Pushing element name
23:36:48.545 [Test worker] DEBUG org.apache.axis.encoding.DeserializationContext - Exit: DeserializationContext::startElement()
23:36:48.545 [Test worker] DEBUG org.apache.axis.encoding.DeserializationContext - Enter: DeserializationContext::endElement(, name)
23:36:48.545 [Test worker] DEBUG org.apache.axis.i18n.ProjectResourceBundle - org.apache.axis.i18n.resource::handleGetObject(popHandler00)
23:36:48.545 [Test worker] DEBUG org.apache.axis.encoding.DeserializationContext - Popping handler org.apache.axis.message.SOAPHandler@7aa5fe0e
23:36:48.545 [Test worker] DEBUG org.apache.axis.encoding.DeserializationContext - Popped element stack to org.apache.axis.message.MessageElement:project
23:36:48.545 [Test worker] DEBUG org.apache.axis.encoding.DeserializationContext - Exit: DeserializationContext::endElement()
23:36:48.545 [Test worker] DEBUG org.apache.axis.encoding.DeserializationContext - Enter: DeserializationContext::endElement(, project)
23:36:48.545 [Test worker] DEBUG org.apache.axis.i18n.ProjectResourceBundle - org.apache.axis.i18n.resource::handleGetObject(popHandler00)
23:36:48.545 [Test worker] DEBUG org.apache.axis.encoding.DeserializationContext - Popping handler org.apache.axis.message.SOAPHandler@1065ef29
23:36:48.545 [Test worker] DEBUG org.apache.axis.encoding.DeserializationContext - Popped element stack to org.apache.axis.message.MessageElement:return
23:36:48.545 [Test worker] DEBUG org.apache.axis.encoding.DeserializationContext - Exit: DeserializationContext::endElement()
23:36:48.545 [Test worker] DEBUG org.apache.axis.encoding.DeserializationContext - Enter: DeserializationContext::startElement(, category)
23:36:48.545 [Test worker] DEBUG org.apache.axis.i18n.ProjectResourceBundle - org.apache.axis.i18n.resource::handleGetObject(pushHandler00)
23:36:48.545 [Test worker] DEBUG org.apache.axis.encoding.DeserializationContext - Pushing handler org.apache.axis.message.SOAPHandler@7a6aa37f
23:36:48.546 [Test worker] DEBUG org.apache.axis.i18n.ProjectResourceBundle - org.apache.axis.i18n.resource::handleGetObject(newElem00)
23:36:48.546 [Test worker] DEBUG org.apache.axis.message.MessageElement - New MessageElement (org.apache.axis.message.MessageElement@d721e4f) named {}category
23:36:48.546 [Test worker] DEBUG org.apache.axis.message.MessageElement -   xsi:type = 'xsd:string'
23:36:48.546 [Test worker] DEBUG org.apache.axis.encoding.DeserializationContext - Pushing element category
23:36:48.546 [Test worker] DEBUG org.apache.axis.encoding.DeserializationContext - Exit: DeserializationContext::startElement()
23:36:48.546 [Test worker] DEBUG org.apache.axis.encoding.DeserializationContext - Enter: DeserializationContext::endElement(, category)
23:36:48.546 [Test worker] DEBUG org.apache.axis.i18n.ProjectResourceBundle - org.apache.axis.i18n.resource::handleGetObject(popHandler00)
23:36:48.546 [Test worker] DEBUG org.apache.axis.encoding.DeserializationContext - Popping handler org.apache.axis.message.SOAPHandler@7a6aa37f
23:36:48.546 [Test worker] DEBUG org.apache.axis.encoding.DeserializationContext - Popped element stack to org.apache.axis.message.MessageElement:return
23:36:48.546 [Test worker] DEBUG org.apache.axis.encoding.DeserializationContext - Exit: DeserializationContext::endElement()
23:36:48.546 [Test worker] DEBUG org.apache.axis.encoding.DeserializationContext - Enter: DeserializationContext::startElement(, priority)
23:36:48.546 [Test worker] DEBUG org.apache.axis.i18n.ProjectResourceBundle - org.apache.axis.i18n.resource::handleGetObject(pushHandler00)
23:36:48.546 [Test worker] DEBUG org.apache.axis.encoding.DeserializationContext - Pushing handler org.apache.axis.message.SOAPHandler@5872d461
23:36:48.546 [Test worker] DEBUG org.apache.axis.i18n.ProjectResourceBundle - org.apache.axis.i18n.resource::handleGetObject(newElem00)
23:36:48.546 [Test worker] DEBUG org.apache.axis.message.MessageElement - New MessageElement (org.apache.axis.message.MessageElement@386d2e58) named {}priority
23:36:48.546 [Test worker] DEBUG org.apache.axis.message.MessageElement -   xsi:type = 'ns1:ObjectRef'
23:36:48.546 [Test worker] DEBUG org.apache.axis.encoding.DeserializationContext - Pushing element priority
23:36:48.546 [Test worker] DEBUG org.apache.axis.encoding.DeserializationContext - Exit: DeserializationContext::startElement()
23:36:48.546 [Test worker] DEBUG org.apache.axis.encoding.DeserializationContext - Enter: DeserializationContext::startElement(, id)
23:36:48.546 [Test worker] DEBUG org.apache.axis.i18n.ProjectResourceBundle - org.apache.axis.i18n.resource::handleGetObject(pushHandler00)
23:36:48.546 [Test worker] DEBUG org.apache.axis.encoding.DeserializationContext - Pushing handler org.apache.axis.message.SOAPHandler@17330371
23:36:48.546 [Test worker] DEBUG org.apache.axis.i18n.ProjectResourceBundle - org.apache.axis.i18n.resource::handleGetObject(newElem00)
23:36:48.546 [Test worker] DEBUG org.apache.axis.message.MessageElement - New MessageElement (org.apache.axis.message.MessageElement@aaee7be) named {}id
23:36:48.546 [Test worker] DEBUG org.apache.axis.message.MessageElement -   xsi:type = 'xsd:integer'
23:36:48.546 [Test worker] DEBUG org.apache.axis.encoding.DeserializationContext - Pushing element id
23:36:48.546 [Test worker] DEBUG org.apache.axis.encoding.DeserializationContext - Exit: DeserializationContext::startElement()
23:36:48.546 [Test worker] DEBUG org.apache.axis.encoding.DeserializationContext - Enter: DeserializationContext::endElement(, id)
23:36:48.546 [Test worker] DEBUG org.apache.axis.i18n.ProjectResourceBundle - org.apache.axis.i18n.resource::handleGetObject(popHandler00)
23:36:48.546 [Test worker] DEBUG org.apache.axis.encoding.DeserializationContext - Popping handler org.apache.axis.message.SOAPHandler@17330371
23:36:48.546 [Test worker] DEBUG org.apache.axis.encoding.DeserializationContext - Popped element stack to org.apache.axis.message.MessageElement:priority
23:36:48.546 [Test worker] DEBUG org.apache.axis.encoding.DeserializationContext - Exit: DeserializationContext::endElement()
23:36:48.546 [Test worker] DEBUG org.apache.axis.encoding.DeserializationContext - Enter: DeserializationContext::startElement(, name)
23:36:48.546 [Test worker] DEBUG org.apache.axis.i18n.ProjectResourceBundle - org.apache.axis.i18n.resource::handleGetObject(pushHandler00)
23:36:48.546 [Test worker] DEBUG org.apache.axis.encoding.DeserializationContext - Pushing handler org.apache.axis.message.SOAPHandler@4431eb56
23:36:48.546 [Test worker] DEBUG org.apache.axis.i18n.ProjectResourceBundle - org.apache.axis.i18n.resource::handleGetObject(newElem00)
23:36:48.546 [Test worker] DEBUG org.apache.axis.message.MessageElement - New MessageElement (org.apache.axis.message.MessageElement@157f1266) named {}name
23:36:48.546 [Test worker] DEBUG org.apache.axis.message.MessageElement -   xsi:type = 'xsd:string'
23:36:48.546 [Test worker] DEBUG org.apache.axis.encoding.DeserializationContext - Pushing element name
23:36:48.546 [Test worker] DEBUG org.apache.axis.encoding.DeserializationContext - Exit: DeserializationContext::startElement()
23:36:48.546 [Test worker] DEBUG org.apache.axis.encoding.DeserializationContext - Enter: DeserializationContext::endElement(, name)
23:36:48.546 [Test worker] DEBUG org.apache.axis.i18n.ProjectResourceBundle - org.apache.axis.i18n.resource::handleGetObject(popHandler00)
23:36:48.546 [Test worker] DEBUG org.apache.axis.encoding.DeserializationContext - Popping handler org.apache.axis.message.SOAPHandler@4431eb56
23:36:48.546 [Test worker] DEBUG org.apache.axis.encoding.DeserializationContext - Popped element stack to org.apache.axis.message.MessageElement:priority
23:36:48.546 [Test worker] DEBUG org.apache.axis.encoding.DeserializationContext - Exit: DeserializationContext::endElement()
23:36:48.546 [Test worker] DEBUG org.apache.axis.encoding.DeserializationContext - Enter: DeserializationContext::endElement(, priority)
23:36:48.546 [Test worker] DEBUG org.apache.axis.i18n.ProjectResourceBundle - org.apache.axis.i18n.resource::handleGetObject(popHandler00)
23:36:48.546 [Test worker] DEBUG org.apache.axis.encoding.DeserializationContext - Popping handler org.apache.axis.message.SOAPHandler@5872d461
23:36:48.546 [Test worker] DEBUG org.apache.axis.encoding.DeserializationContext - Popped element stack to org.apache.axis.message.MessageElement:return
23:36:48.546 [Test worker] DEBUG org.apache.axis.encoding.DeserializationContext - Exit: DeserializationContext::endElement()
23:36:48.546 [Test worker] DEBUG org.apache.axis.encoding.DeserializationContext - Enter: DeserializationContext::startElement(, severity)
23:36:48.546 [Test worker] DEBUG org.apache.axis.i18n.ProjectResourceBundle - org.apache.axis.i18n.resource::handleGetObject(pushHandler00)
23:36:48.546 [Test worker] DEBUG org.apache.axis.encoding.DeserializationContext - Pushing handler org.apache.axis.message.SOAPHandler@1ad8b333
23:36:48.546 [Test worker] DEBUG org.apache.axis.i18n.ProjectResourceBundle - org.apache.axis.i18n.resource::handleGetObject(newElem00)
23:36:48.546 [Test worker] DEBUG org.apache.axis.message.MessageElement - New MessageElement (org.apache.axis.message.MessageElement@673624c1) named {}severity
23:36:48.546 [Test worker] DEBUG org.apache.axis.message.MessageElement -   xsi:type = 'ns1:ObjectRef'
23:36:48.546 [Test worker] DEBUG org.apache.axis.encoding.DeserializationContext - Pushing element severity
23:36:48.546 [Test worker] DEBUG org.apache.axis.encoding.DeserializationContext - Exit: DeserializationContext::startElement()
23:36:48.547 [Test worker] DEBUG org.apache.axis.encoding.DeserializationContext - Enter: DeserializationContext::startElement(, id)
23:36:48.547 [Test worker] DEBUG org.apache.axis.i18n.ProjectResourceBundle - org.apache.axis.i18n.resource::handleGetObject(pushHandler00)
23:36:48.547 [Test worker] DEBUG org.apache.axis.encoding.DeserializationContext - Pushing handler org.apache.axis.message.SOAPHandler@2c96082a
23:36:48.547 [Test worker] DEBUG org.apache.axis.i18n.ProjectResourceBundle - org.apache.axis.i18n.resource::handleGetObject(newElem00)
23:36:48.547 [Test worker] DEBUG org.apache.axis.message.MessageElement - New MessageElement (org.apache.axis.message.MessageElement@4197c3fc) named {}id
23:36:48.547 [Test worker] DEBUG org.apache.axis.message.MessageElement -   xsi:type = 'xsd:integer'
23:36:48.547 [Test worker] DEBUG org.apache.axis.encoding.DeserializationContext - Pushing element id
23:36:48.547 [Test worker] DEBUG org.apache.axis.encoding.DeserializationContext - Exit: DeserializationContext::startElement()
23:36:48.547 [Test worker] DEBUG org.apache.axis.encoding.DeserializationContext - Enter: DeserializationContext::endElement(, id)
23:36:48.547 [Test worker] DEBUG org.apache.axis.i18n.ProjectResourceBundle - org.apache.axis.i18n.resource::handleGetObject(popHandler00)
23:36:48.547 [Test worker] DEBUG org.apache.axis.encoding.DeserializationContext - Popping handler org.apache.axis.message.SOAPHandler@2c96082a
23:36:48.547 [Test worker] DEBUG org.apache.axis.encoding.DeserializationContext - Popped element stack to org.apache.axis.message.MessageElement:severity
23:36:48.547 [Test worker] DEBUG org.apache.axis.encoding.DeserializationContext - Exit: DeserializationContext::endElement()
23:36:48.547 [Test worker] DEBUG org.apache.axis.encoding.DeserializationContext - Enter: DeserializationContext::startElement(, name)
23:36:48.547 [Test worker] DEBUG org.apache.axis.i18n.ProjectResourceBundle - org.apache.axis.i18n.resource::handleGetObject(pushHandler00)
23:36:48.547 [Test worker] DEBUG org.apache.axis.encoding.DeserializationContext - Pushing handler org.apache.axis.message.SOAPHandler@1e89b1d6
23:36:48.547 [Test worker] DEBUG org.apache.axis.i18n.ProjectResourceBundle - org.apache.axis.i18n.resource::handleGetObject(newElem00)
23:36:48.547 [Test worker] DEBUG org.apache.axis.message.MessageElement - New MessageElement (org.apache.axis.message.MessageElement@48cf9eea) named {}name
23:36:48.547 [Test worker] DEBUG org.apache.axis.message.MessageElement -   xsi:type = 'xsd:string'
23:36:48.547 [Test worker] DEBUG org.apache.axis.encoding.DeserializationContext - Pushing element name
23:36:48.547 [Test worker] DEBUG org.apache.axis.encoding.DeserializationContext - Exit: DeserializationContext::startElement()
23:36:48.547 [Test worker] DEBUG org.apache.axis.encoding.DeserializationContext - Enter: DeserializationContext::endElement(, name)
23:36:48.547 [Test worker] DEBUG org.apache.axis.i18n.ProjectResourceBundle - org.apache.axis.i18n.resource::handleGetObject(popHandler00)
23:36:48.547 [Test worker] DEBUG org.apache.axis.encoding.DeserializationContext - Popping handler org.apache.axis.message.SOAPHandler@1e89b1d6
23:36:48.547 [Test worker] DEBUG org.apache.axis.encoding.DeserializationContext - Popped element stack to org.apache.axis.message.MessageElement:severity
23:36:48.547 [Test worker] DEBUG org.apache.axis.encoding.DeserializationContext - Exit: DeserializationContext::endElement()
23:36:48.547 [Test worker] DEBUG org.apache.axis.encoding.DeserializationContext - Enter: DeserializationContext::endElement(, severity)
23:36:48.547 [Test worker] DEBUG org.apache.axis.i18n.ProjectResourceBundle - org.apache.axis.i18n.resource::handleGetObject(popHandler00)
23:36:48.547 [Test worker] DEBUG org.apache.axis.encoding.DeserializationContext - Popping handler org.apache.axis.message.SOAPHandler@1ad8b333
23:36:48.547 [Test worker] DEBUG org.apache.axis.encoding.DeserializationContext - Popped element stack to org.apache.axis.message.MessageElement:return
23:36:48.547 [Test worker] DEBUG org.apache.axis.encoding.DeserializationContext - Exit: DeserializationContext::endElement()
23:36:48.547 [Test worker] DEBUG org.apache.axis.encoding.DeserializationContext - Enter: DeserializationContext::startElement(, status)
23:36:48.547 [Test worker] DEBUG org.apache.axis.i18n.ProjectResourceBundle - org.apache.axis.i18n.resource::handleGetObject(pushHandler00)
23:36:48.547 [Test worker] DEBUG org.apache.axis.encoding.DeserializationContext - Pushing handler org.apache.axis.message.SOAPHandler@54840881
23:36:48.547 [Test worker] DEBUG org.apache.axis.i18n.ProjectResourceBundle - org.apache.axis.i18n.resource::handleGetObject(newElem00)
23:36:48.547 [Test worker] DEBUG org.apache.axis.message.MessageElement - New MessageElement (org.apache.axis.message.MessageElement@2b73a9ce) named {}status
23:36:48.547 [Test worker] DEBUG org.apache.axis.message.MessageElement -   xsi:type = 'ns1:ObjectRef'
23:36:48.547 [Test worker] DEBUG org.apache.axis.encoding.DeserializationContext - Pushing element status
23:36:48.547 [Test worker] DEBUG org.apache.axis.encoding.DeserializationContext - Exit: DeserializationContext::startElement()
23:36:48.547 [Test worker] DEBUG org.apache.axis.encoding.DeserializationContext - Enter: DeserializationContext::startElement(, id)
23:36:48.547 [Test worker] DEBUG org.apache.axis.i18n.ProjectResourceBundle - org.apache.axis.i18n.resource::handleGetObject(pushHandler00)
23:36:48.547 [Test worker] DEBUG org.apache.axis.encoding.DeserializationContext - Pushing handler org.apache.axis.message.SOAPHandler@78a7aa77
23:36:48.547 [Test worker] DEBUG org.apache.axis.i18n.ProjectResourceBundle - org.apache.axis.i18n.resource::handleGetObject(newElem00)
23:36:48.547 [Test worker] DEBUG org.apache.axis.message.MessageElement - New MessageElement (org.apache.axis.message.MessageElement@4c2b4347) named {}id
23:36:48.547 [Test worker] DEBUG org.apache.axis.message.MessageElement -   xsi:type = 'xsd:integer'
23:36:48.547 [Test worker] DEBUG org.apache.axis.encoding.DeserializationContext - Pushing element id
23:36:48.547 [Test worker] DEBUG org.apache.axis.encoding.DeserializationContext - Exit: DeserializationContext::startElement()
23:36:48.547 [Test worker] DEBUG org.apache.axis.encoding.DeserializationContext - Enter: DeserializationContext::endElement(, id)
23:36:48.547 [Test worker] DEBUG org.apache.axis.i18n.ProjectResourceBundle - org.apache.axis.i18n.resource::handleGetObject(popHandler00)
23:36:48.547 [Test worker] DEBUG org.apache.axis.encoding.DeserializationContext - Popping handler org.apache.axis.message.SOAPHandler@78a7aa77
23:36:48.547 [Test worker] DEBUG org.apache.axis.encoding.DeserializationContext - Popped element stack to org.apache.axis.message.MessageElement:status
23:36:48.547 [Test worker] DEBUG org.apache.axis.encoding.DeserializationContext - Exit: DeserializationContext::endElement()
23:36:48.547 [Test worker] DEBUG org.apache.axis.encoding.DeserializationContext - Enter: DeserializationContext::startElement(, name)
23:36:48.547 [Test worker] DEBUG org.apache.axis.i18n.ProjectResourceBundle - org.apache.axis.i18n.resource::handleGetObject(pushHandler00)
23:36:48.547 [Test worker] DEBUG org.apache.axis.encoding.DeserializationContext - Pushing handler org.apache.axis.message.SOAPHandler@389f8a43
23:36:48.547 [Test worker] DEBUG org.apache.axis.i18n.ProjectResourceBundle - org.apache.axis.i18n.resource::handleGetObject(newElem00)
23:36:48.547 [Test worker] DEBUG org.apache.axis.message.MessageElement - New MessageElement (org.apache.axis.message.MessageElement@e146947) named {}name
23:36:48.547 [Test worker] DEBUG org.apache.axis.message.MessageElement -   xsi:type = 'xsd:string'
23:36:48.547 [Test worker] DEBUG org.apache.axis.encoding.DeserializationContext - Pushing element name
23:36:48.547 [Test worker] DEBUG org.apache.axis.encoding.DeserializationContext - Exit: DeserializationContext::startElement()
23:36:48.547 [Test worker] DEBUG org.apache.axis.encoding.DeserializationContext - Enter: DeserializationContext::endElement(, name)
23:36:48.547 [Test worker] DEBUG org.apache.axis.i18n.ProjectResourceBundle - org.apache.axis.i18n.resource::handleGetObject(popHandler00)
23:36:48.547 [Test worker] DEBUG org.apache.axis.encoding.DeserializationContext - Popping handler org.apache.axis.message.SOAPHandler@389f8a43
23:36:48.547 [Test worker] DEBUG org.apache.axis.encoding.DeserializationContext - Popped element stack to org.apache.axis.message.MessageElement:status
23:36:48.547 [Test worker] DEBUG org.apache.axis.encoding.DeserializationContext - Exit: DeserializationContext::endElement()
23:36:48.547 [Test worker] DEBUG org.apache.axis.encoding.DeserializationContext - Enter: DeserializationContext::endElement(, status)
23:36:48.547 [Test worker] DEBUG org.apache.axis.i18n.ProjectResourceBundle - org.apache.axis.i18n.resource::handleGetObject(popHandler00)
23:36:48.548 [Test worker] DEBUG org.apache.axis.encoding.DeserializationContext - Popping handler org.apache.axis.message.SOAPHandler@54840881
23:36:48.548 [Test worker] DEBUG org.apache.axis.encoding.DeserializationContext - Popped element stack to org.apache.axis.message.MessageElement:return
23:36:48.548 [Test worker] DEBUG org.apache.axis.encoding.DeserializationContext - Exit: DeserializationContext::endElement()
23:36:48.548 [Test worker] DEBUG org.apache.axis.encoding.DeserializationContext - Enter: DeserializationContext::startElement(, reporter)
23:36:48.548 [Test worker] DEBUG org.apache.axis.i18n.ProjectResourceBundle - org.apache.axis.i18n.resource::handleGetObject(pushHandler00)
23:36:48.548 [Test worker] DEBUG org.apache.axis.encoding.DeserializationContext - Pushing handler org.apache.axis.message.SOAPHandler@4b259ee0
23:36:48.548 [Test worker] DEBUG org.apache.axis.i18n.ProjectResourceBundle - org.apache.axis.i18n.resource::handleGetObject(newElem00)
23:36:48.548 [Test worker] DEBUG org.apache.axis.message.MessageElement - New MessageElement (org.apache.axis.message.MessageElement@5d02ddb8) named {}reporter
23:36:48.548 [Test worker] DEBUG org.apache.axis.message.MessageElement -   xsi:type = 'ns1:AccountData'
23:36:48.548 [Test worker] DEBUG org.apache.axis.encoding.DeserializationContext - Pushing element reporter
23:36:48.548 [Test worker] DEBUG org.apache.axis.encoding.DeserializationContext - Exit: DeserializationContext::startElement()
23:36:48.548 [Test worker] DEBUG org.apache.axis.encoding.DeserializationContext - Enter: DeserializationContext::startElement(, id)
23:36:48.548 [Test worker] DEBUG org.apache.axis.i18n.ProjectResourceBundle - org.apache.axis.i18n.resource::handleGetObject(pushHandler00)
23:36:48.548 [Test worker] DEBUG org.apache.axis.encoding.DeserializationContext - Pushing handler org.apache.axis.message.SOAPHandler@190b89c9
23:36:48.548 [Test worker] DEBUG org.apache.axis.i18n.ProjectResourceBundle - org.apache.axis.i18n.resource::handleGetObject(newElem00)
23:36:48.548 [Test worker] DEBUG org.apache.axis.message.MessageElement - New MessageElement (org.apache.axis.message.MessageElement@347895fe) named {}id
23:36:48.548 [Test worker] DEBUG org.apache.axis.message.MessageElement -   xsi:type = 'xsd:integer'
23:36:48.548 [Test worker] DEBUG org.apache.axis.encoding.DeserializationContext - Pushing element id
23:36:48.548 [Test worker] DEBUG org.apache.axis.encoding.DeserializationContext - Exit: DeserializationContext::startElement()
23:36:48.548 [Test worker] DEBUG org.apache.axis.encoding.DeserializationContext - Enter: DeserializationContext::endElement(, id)
23:36:48.548 [Test worker] DEBUG org.apache.axis.i18n.ProjectResourceBundle - org.apache.axis.i18n.resource::handleGetObject(popHandler00)
23:36:48.548 [Test worker] DEBUG org.apache.axis.encoding.DeserializationContext - Popping handler org.apache.axis.message.SOAPHandler@190b89c9
23:36:48.548 [Test worker] DEBUG org.apache.axis.encoding.DeserializationContext - Popped element stack to org.apache.axis.message.MessageElement:reporter
23:36:48.548 [Test worker] DEBUG org.apache.axis.encoding.DeserializationContext - Exit: DeserializationContext::endElement()
23:36:48.548 [Test worker] DEBUG org.apache.axis.encoding.DeserializationContext - Enter: DeserializationContext::startElement(, name)
23:36:48.548 [Test worker] DEBUG org.apache.axis.i18n.ProjectResourceBundle - org.apache.axis.i18n.resource::handleGetObject(pushHandler00)
23:36:48.548 [Test worker] DEBUG org.apache.axis.encoding.DeserializationContext - Pushing handler org.apache.axis.message.SOAPHandler@53cdcf0f
23:36:48.548 [Test worker] DEBUG org.apache.axis.i18n.ProjectResourceBundle - org.apache.axis.i18n.resource::handleGetObject(newElem00)
23:36:48.548 [Test worker] DEBUG org.apache.axis.message.MessageElement - New MessageElement (org.apache.axis.message.MessageElement@186927d3) named {}name
23:36:48.548 [Test worker] DEBUG org.apache.axis.message.MessageElement -   xsi:type = 'xsd:string'
23:36:48.548 [Test worker] DEBUG org.apache.axis.encoding.DeserializationContext - Pushing element name
23:36:48.548 [Test worker] DEBUG org.apache.axis.encoding.DeserializationContext - Exit: DeserializationContext::startElement()
23:36:48.548 [Test worker] DEBUG org.apache.axis.encoding.DeserializationContext - Enter: DeserializationContext::endElement(, name)
23:36:48.548 [Test worker] DEBUG org.apache.axis.i18n.ProjectResourceBundle - org.apache.axis.i18n.resource::handleGetObject(popHandler00)
23:36:48.548 [Test worker] DEBUG org.apache.axis.encoding.DeserializationContext - Popping handler org.apache.axis.message.SOAPHandler@53cdcf0f
23:36:48.548 [Test worker] DEBUG org.apache.axis.encoding.DeserializationContext - Popped element stack to org.apache.axis.message.MessageElement:reporter
23:36:48.548 [Test worker] DEBUG org.apache.axis.encoding.DeserializationContext - Exit: DeserializationContext::endElement()
23:36:48.548 [Test worker] DEBUG org.apache.axis.encoding.DeserializationContext - Enter: DeserializationContext::startElement(, email)
23:36:48.548 [Test worker] DEBUG org.apache.axis.i18n.ProjectResourceBundle - org.apache.axis.i18n.resource::handleGetObject(pushHandler00)
23:36:48.548 [Test worker] DEBUG org.apache.axis.encoding.DeserializationContext - Pushing handler org.apache.axis.message.SOAPHandler@5de9b0d6
23:36:48.548 [Test worker] DEBUG org.apache.axis.i18n.ProjectResourceBundle - org.apache.axis.i18n.resource::handleGetObject(newElem00)
23:36:48.548 [Test worker] DEBUG org.apache.axis.message.MessageElement - New MessageElement (org.apache.axis.message.MessageElement@2d4e09f0) named {}email
23:36:48.548 [Test worker] DEBUG org.apache.axis.message.MessageElement -   xsi:type = 'xsd:string'
23:36:48.548 [Test worker] DEBUG org.apache.axis.encoding.DeserializationContext - Pushing element email
23:36:48.548 [Test worker] DEBUG org.apache.axis.encoding.DeserializationContext - Exit: DeserializationContext::startElement()
23:36:48.548 [Test worker] DEBUG org.apache.axis.encoding.DeserializationContext - Enter: DeserializationContext::endElement(, email)
23:36:48.548 [Test worker] DEBUG org.apache.axis.i18n.ProjectResourceBundle - org.apache.axis.i18n.resource::handleGetObject(popHandler00)
23:36:48.548 [Test worker] DEBUG org.apache.axis.encoding.DeserializationContext - Popping handler org.apache.axis.message.SOAPHandler@5de9b0d6
23:36:48.548 [Test worker] DEBUG org.apache.axis.encoding.DeserializationContext - Popped element stack to org.apache.axis.message.MessageElement:reporter
23:36:48.548 [Test worker] DEBUG org.apache.axis.encoding.DeserializationContext - Exit: DeserializationContext::endElement()
23:36:48.548 [Test worker] DEBUG org.apache.axis.encoding.DeserializationContext - Enter: DeserializationContext::endElement(, reporter)
23:36:48.548 [Test worker] DEBUG org.apache.axis.i18n.ProjectResourceBundle - org.apache.axis.i18n.resource::handleGetObject(popHandler00)
23:36:48.548 [Test worker] DEBUG org.apache.axis.encoding.DeserializationContext - Popping handler org.apache.axis.message.SOAPHandler@4b259ee0
23:36:48.548 [Test worker] DEBUG org.apache.axis.encoding.DeserializationContext - Popped element stack to org.apache.axis.message.MessageElement:return
23:36:48.548 [Test worker] DEBUG org.apache.axis.encoding.DeserializationContext - Exit: DeserializationContext::endElement()
23:36:48.548 [Test worker] DEBUG org.apache.axis.encoding.DeserializationContext - Enter: DeserializationContext::startElement(, summary)
23:36:48.548 [Test worker] DEBUG org.apache.axis.i18n.ProjectResourceBundle - org.apache.axis.i18n.resource::handleGetObject(pushHandler00)
23:36:48.548 [Test worker] DEBUG org.apache.axis.encoding.DeserializationContext - Pushing handler org.apache.axis.message.SOAPHandler@10460ee1
23:36:48.548 [Test worker] DEBUG org.apache.axis.i18n.ProjectResourceBundle - org.apache.axis.i18n.resource::handleGetObject(newElem00)
23:36:48.548 [Test worker] DEBUG org.apache.axis.message.MessageElement - New MessageElement (org.apache.axis.message.MessageElement@41c0f485) named {}summary
23:36:48.548 [Test worker] DEBUG org.apache.axis.message.MessageElement -   xsi:type = 'xsd:string'
23:36:48.549 [Test worker] DEBUG org.apache.axis.encoding.DeserializationContext - Pushing element summary
23:36:48.549 [Test worker] DEBUG org.apache.axis.encoding.DeserializationContext - Exit: DeserializationContext::startElement()
23:36:48.549 [Test worker] DEBUG org.apache.axis.encoding.DeserializationContext - Enter: DeserializationContext::endElement(, summary)
23:36:48.549 [Test worker] DEBUG org.apache.axis.i18n.ProjectResourceBundle - org.apache.axis.i18n.resource::handleGetObject(popHandler00)
23:36:48.549 [Test worker] DEBUG org.apache.axis.encoding.DeserializationContext - Popping handler org.apache.axis.message.SOAPHandler@10460ee1
23:36:48.549 [Test worker] DEBUG org.apache.axis.encoding.DeserializationContext - Popped element stack to org.apache.axis.message.MessageElement:return
23:36:48.549 [Test worker] DEBUG org.apache.axis.encoding.DeserializationContext - Exit: DeserializationContext::endElement()
23:36:48.549 [Test worker] DEBUG org.apache.axis.encoding.DeserializationContext - Enter: DeserializationContext::startElement(, reproducibility)
23:36:48.549 [Test worker] DEBUG org.apache.axis.i18n.ProjectResourceBundle - org.apache.axis.i18n.resource::handleGetObject(pushHandler00)
23:36:48.549 [Test worker] DEBUG org.apache.axis.encoding.DeserializationContext - Pushing handler org.apache.axis.message.SOAPHandler@51bf936b
23:36:48.549 [Test worker] DEBUG org.apache.axis.i18n.ProjectResourceBundle - org.apache.axis.i18n.resource::handleGetObject(newElem00)
23:36:48.549 [Test worker] DEBUG org.apache.axis.message.MessageElement - New MessageElement (org.apache.axis.message.MessageElement@ce31125) named {}reproducibility
23:36:48.549 [Test worker] DEBUG org.apache.axis.message.MessageElement -   xsi:type = 'ns1:ObjectRef'
23:36:48.549 [Test worker] DEBUG org.apache.axis.encoding.DeserializationContext - Pushing element reproducibility
23:36:48.549 [Test worker] DEBUG org.apache.axis.encoding.DeserializationContext - Exit: DeserializationContext::startElement()
23:36:48.549 [Test worker] DEBUG org.apache.axis.encoding.DeserializationContext - Enter: DeserializationContext::startElement(, id)
23:36:48.549 [Test worker] DEBUG org.apache.axis.i18n.ProjectResourceBundle - org.apache.axis.i18n.resource::handleGetObject(pushHandler00)
23:36:48.549 [Test worker] DEBUG org.apache.axis.encoding.DeserializationContext - Pushing handler org.apache.axis.message.SOAPHandler@2c72275e
23:36:48.549 [Test worker] DEBUG org.apache.axis.i18n.ProjectResourceBundle - org.apache.axis.i18n.resource::handleGetObject(newElem00)
23:36:48.549 [Test worker] DEBUG org.apache.axis.message.MessageElement - New MessageElement (org.apache.axis.message.MessageElement@6a508a89) named {}id
23:36:48.549 [Test worker] DEBUG org.apache.axis.message.MessageElement -   xsi:type = 'xsd:integer'
23:36:48.549 [Test worker] DEBUG org.apache.axis.encoding.DeserializationContext - Pushing element id
23:36:48.549 [Test worker] DEBUG org.apache.axis.encoding.DeserializationContext - Exit: DeserializationContext::startElement()
23:36:48.549 [Test worker] DEBUG org.apache.axis.encoding.DeserializationContext - Enter: DeserializationContext::endElement(, id)
23:36:48.549 [Test worker] DEBUG org.apache.axis.i18n.ProjectResourceBundle - org.apache.axis.i18n.resource::handleGetObject(popHandler00)
23:36:48.549 [Test worker] DEBUG org.apache.axis.encoding.DeserializationContext - Popping handler org.apache.axis.message.SOAPHandler@2c72275e
23:36:48.549 [Test worker] DEBUG org.apache.axis.encoding.DeserializationContext - Popped element stack to org.apache.axis.message.MessageElement:reproducibility
23:36:48.549 [Test worker] DEBUG org.apache.axis.encoding.DeserializationContext - Exit: DeserializationContext::endElement()
23:36:48.549 [Test worker] DEBUG org.apache.axis.encoding.DeserializationContext - Enter: DeserializationContext::startElement(, name)
23:36:48.549 [Test worker] DEBUG org.apache.axis.i18n.ProjectResourceBundle - org.apache.axis.i18n.resource::handleGetObject(pushHandler00)
23:36:48.549 [Test worker] DEBUG org.apache.axis.encoding.DeserializationContext - Pushing handler org.apache.axis.message.SOAPHandler@47d97863
23:36:48.549 [Test worker] DEBUG org.apache.axis.i18n.ProjectResourceBundle - org.apache.axis.i18n.resource::handleGetObject(newElem00)
23:36:48.549 [Test worker] DEBUG org.apache.axis.message.MessageElement - New MessageElement (org.apache.axis.message.MessageElement@53a72384) named {}name
23:36:48.549 [Test worker] DEBUG org.apache.axis.message.MessageElement -   xsi:type = 'xsd:string'
23:36:48.549 [Test worker] DEBUG org.apache.axis.encoding.DeserializationContext - Pushing element name
23:36:48.549 [Test worker] DEBUG org.apache.axis.encoding.DeserializationContext - Exit: DeserializationContext::startElement()
23:36:48.549 [Test worker] DEBUG org.apache.axis.encoding.DeserializationContext - Enter: DeserializationContext::endElement(, name)
23:36:48.549 [Test worker] DEBUG org.apache.axis.i18n.ProjectResourceBundle - org.apache.axis.i18n.resource::handleGetObject(popHandler00)
23:36:48.549 [Test worker] DEBUG org.apache.axis.encoding.DeserializationContext - Popping handler org.apache.axis.message.SOAPHandler@47d97863
23:36:48.549 [Test worker] DEBUG org.apache.axis.encoding.DeserializationContext - Popped element stack to org.apache.axis.message.MessageElement:reproducibility
23:36:48.549 [Test worker] DEBUG org.apache.axis.encoding.DeserializationContext - Exit: DeserializationContext::endElement()
23:36:48.549 [Test worker] DEBUG org.apache.axis.encoding.DeserializationContext - Enter: DeserializationContext::endElement(, reproducibility)
23:36:48.549 [Test worker] DEBUG org.apache.axis.i18n.ProjectResourceBundle - org.apache.axis.i18n.resource::handleGetObject(popHandler00)
23:36:48.549 [Test worker] DEBUG org.apache.axis.encoding.DeserializationContext - Popping handler org.apache.axis.message.SOAPHandler@51bf936b
23:36:48.549 [Test worker] DEBUG org.apache.axis.encoding.DeserializationContext - Popped element stack to org.apache.axis.message.MessageElement:return
23:36:48.549 [Test worker] DEBUG org.apache.axis.encoding.DeserializationContext - Exit: DeserializationContext::endElement()
23:36:48.549 [Test worker] DEBUG org.apache.axis.encoding.DeserializationContext - Enter: DeserializationContext::startElement(, date_submitted)
23:36:48.549 [Test worker] DEBUG org.apache.axis.i18n.ProjectResourceBundle - org.apache.axis.i18n.resource::handleGetObject(pushHandler00)
23:36:48.549 [Test worker] DEBUG org.apache.axis.encoding.DeserializationContext - Pushing handler org.apache.axis.message.SOAPHandler@6ed2b679
23:36:48.549 [Test worker] DEBUG org.apache.axis.i18n.ProjectResourceBundle - org.apache.axis.i18n.resource::handleGetObject(newElem00)
23:36:48.549 [Test worker] DEBUG org.apache.axis.message.MessageElement - New MessageElement (org.apache.axis.message.MessageElement@b87de8) named {}date_submitted
23:36:48.550 [Test worker] DEBUG org.apache.axis.message.MessageElement -   xsi:type = 'xsd:dateTime'
23:36:48.550 [Test worker] DEBUG org.apache.axis.encoding.DeserializationContext - Pushing element date_submitted
23:36:48.550 [Test worker] DEBUG org.apache.axis.encoding.DeserializationContext - Exit: DeserializationContext::startElement()
23:36:48.550 [Test worker] DEBUG org.apache.axis.encoding.DeserializationContext - Enter: DeserializationContext::endElement(, date_submitted)
23:36:48.550 [Test worker] DEBUG org.apache.axis.i18n.ProjectResourceBundle - org.apache.axis.i18n.resource::handleGetObject(popHandler00)
23:36:48.550 [Test worker] DEBUG org.apache.axis.encoding.DeserializationContext - Popping handler org.apache.axis.message.SOAPHandler@6ed2b679
23:36:48.550 [Test worker] DEBUG org.apache.axis.encoding.DeserializationContext - Popped element stack to org.apache.axis.message.MessageElement:return
23:36:48.550 [Test worker] DEBUG org.apache.axis.encoding.DeserializationContext - Exit: DeserializationContext::endElement()
23:36:48.550 [Test worker] DEBUG org.apache.axis.encoding.DeserializationContext - Enter: DeserializationContext::startElement(, sponsorship_total)
23:36:48.550 [Test worker] DEBUG org.apache.axis.i18n.ProjectResourceBundle - org.apache.axis.i18n.resource::handleGetObject(pushHandler00)
23:36:48.550 [Test worker] DEBUG org.apache.axis.encoding.DeserializationContext - Pushing handler org.apache.axis.message.SOAPHandler@c2e07fc
23:36:48.550 [Test worker] DEBUG org.apache.axis.i18n.ProjectResourceBundle - org.apache.axis.i18n.resource::handleGetObject(newElem00)
23:36:48.550 [Test worker] DEBUG org.apache.axis.message.MessageElement - New MessageElement (org.apache.axis.message.MessageElement@66ffaefe) named {}sponsorship_total
23:36:48.550 [Test worker] DEBUG org.apache.axis.message.MessageElement -   xsi:type = 'xsd:integer'
23:36:48.550 [Test worker] DEBUG org.apache.axis.encoding.DeserializationContext - Pushing element sponsorship_total
23:36:48.550 [Test worker] DEBUG org.apache.axis.encoding.DeserializationContext - Exit: DeserializationContext::startElement()
23:36:48.550 [Test worker] DEBUG org.apache.axis.encoding.DeserializationContext - Enter: DeserializationContext::endElement(, sponsorship_total)
23:36:48.550 [Test worker] DEBUG org.apache.axis.i18n.ProjectResourceBundle - org.apache.axis.i18n.resource::handleGetObject(popHandler00)
23:36:48.550 [Test worker] DEBUG org.apache.axis.encoding.DeserializationContext - Popping handler org.apache.axis.message.SOAPHandler@c2e07fc
23:36:48.550 [Test worker] DEBUG org.apache.axis.encoding.DeserializationContext - Popped element stack to org.apache.axis.message.MessageElement:return
23:36:48.550 [Test worker] DEBUG org.apache.axis.encoding.DeserializationContext - Exit: DeserializationContext::endElement()
23:36:48.550 [Test worker] DEBUG org.apache.axis.encoding.DeserializationContext - Enter: DeserializationContext::startElement(, resolution)
23:36:48.550 [Test worker] DEBUG org.apache.axis.i18n.ProjectResourceBundle - org.apache.axis.i18n.resource::handleGetObject(pushHandler00)
23:36:48.550 [Test worker] DEBUG org.apache.axis.encoding.DeserializationContext - Pushing handler org.apache.axis.message.SOAPHandler@1d65ad26
23:36:48.550 [Test worker] DEBUG org.apache.axis.i18n.ProjectResourceBundle - org.apache.axis.i18n.resource::handleGetObject(newElem00)
23:36:48.550 [Test worker] DEBUG org.apache.axis.message.MessageElement - New MessageElement (org.apache.axis.message.MessageElement@5ef1c45f) named {}resolution
23:36:48.550 [Test worker] DEBUG org.apache.axis.message.MessageElement -   xsi:type = 'ns1:ObjectRef'
23:36:48.550 [Test worker] DEBUG org.apache.axis.encoding.DeserializationContext - Pushing element resolution
23:36:48.550 [Test worker] DEBUG org.apache.axis.encoding.DeserializationContext - Exit: DeserializationContext::startElement()
23:36:48.550 [Test worker] DEBUG org.apache.axis.encoding.DeserializationContext - Enter: DeserializationContext::startElement(, id)
23:36:48.550 [Test worker] DEBUG org.apache.axis.i18n.ProjectResourceBundle - org.apache.axis.i18n.resource::handleGetObject(pushHandler00)
23:36:48.550 [Test worker] DEBUG org.apache.axis.encoding.DeserializationContext - Pushing handler org.apache.axis.message.SOAPHandler@221c299a
23:36:48.550 [Test worker] DEBUG org.apache.axis.i18n.ProjectResourceBundle - org.apache.axis.i18n.resource::handleGetObject(newElem00)
23:36:48.550 [Test worker] DEBUG org.apache.axis.message.MessageElement - New MessageElement (org.apache.axis.message.MessageElement@398ffb79) named {}id
23:36:48.550 [Test worker] DEBUG org.apache.axis.message.MessageElement -   xsi:type = 'xsd:integer'
23:36:48.550 [Test worker] DEBUG org.apache.axis.encoding.DeserializationContext - Pushing element id
23:36:48.550 [Test worker] DEBUG org.apache.axis.encoding.DeserializationContext - Exit: DeserializationContext::startElement()
23:36:48.550 [Test worker] DEBUG org.apache.axis.encoding.DeserializationContext - Enter: DeserializationContext::endElement(, id)
23:36:48.550 [Test worker] DEBUG org.apache.axis.i18n.ProjectResourceBundle - org.apache.axis.i18n.resource::handleGetObject(popHandler00)
23:36:48.550 [Test worker] DEBUG org.apache.axis.encoding.DeserializationContext - Popping handler org.apache.axis.message.SOAPHandler@221c299a
23:36:48.550 [Test worker] DEBUG org.apache.axis.encoding.DeserializationContext - Popped element stack to org.apache.axis.message.MessageElement:resolution
23:36:48.550 [Test worker] DEBUG org.apache.axis.encoding.DeserializationContext - Exit: DeserializationContext::endElement()
23:36:48.550 [Test worker] DEBUG org.apache.axis.encoding.DeserializationContext - Enter: DeserializationContext::startElement(, name)
23:36:48.550 [Test worker] DEBUG org.apache.axis.i18n.ProjectResourceBundle - org.apache.axis.i18n.resource::handleGetObject(pushHandler00)
23:36:48.550 [Test worker] DEBUG org.apache.axis.encoding.DeserializationContext - Pushing handler org.apache.axis.message.SOAPHandler@9b36df3
23:36:48.551 [Test worker] DEBUG org.apache.axis.i18n.ProjectResourceBundle - org.apache.axis.i18n.resource::handleGetObject(newElem00)
23:36:48.551 [Test worker] DEBUG org.apache.axis.message.MessageElement - New MessageElement (org.apache.axis.message.MessageElement@593083a6) named {}name
23:36:48.551 [Test worker] DEBUG org.apache.axis.message.MessageElement -   xsi:type = 'xsd:string'
23:36:48.551 [Test worker] DEBUG org.apache.axis.encoding.DeserializationContext - Pushing element name
23:36:48.551 [Test worker] DEBUG org.apache.axis.encoding.DeserializationContext - Exit: DeserializationContext::startElement()
23:36:48.551 [Test worker] DEBUG org.apache.axis.encoding.DeserializationContext - Enter: DeserializationContext::endElement(, name)
23:36:48.551 [Test worker] DEBUG org.apache.axis.i18n.ProjectResourceBundle - org.apache.axis.i18n.resource::handleGetObject(popHandler00)
23:36:48.551 [Test worker] DEBUG org.apache.axis.encoding.DeserializationContext - Popping handler org.apache.axis.message.SOAPHandler@9b36df3
23:36:48.551 [Test worker] DEBUG org.apache.axis.encoding.DeserializationContext - Popped element stack to org.apache.axis.message.MessageElement:resolution
23:36:48.551 [Test worker] DEBUG org.apache.axis.encoding.DeserializationContext - Exit: DeserializationContext::endElement()
23:36:48.551 [Test worker] DEBUG org.apache.axis.encoding.DeserializationContext - Enter: DeserializationContext::endElement(, resolution)
23:36:48.551 [Test worker] DEBUG org.apache.axis.i18n.ProjectResourceBundle - org.apache.axis.i18n.resource::handleGetObject(popHandler00)
23:36:48.551 [Test worker] DEBUG org.apache.axis.encoding.DeserializationContext - Popping handler org.apache.axis.message.SOAPHandler@1d65ad26
23:36:48.551 [Test worker] DEBUG org.apache.axis.encoding.DeserializationContext - Popped element stack to org.apache.axis.message.MessageElement:return
23:36:48.551 [Test worker] DEBUG org.apache.axis.encoding.DeserializationContext - Exit: DeserializationContext::endElement()
23:36:48.551 [Test worker] DEBUG org.apache.axis.encoding.DeserializationContext - Enter: DeserializationContext::startElement(, description)
23:36:48.551 [Test worker] DEBUG org.apache.axis.i18n.ProjectResourceBundle - org.apache.axis.i18n.resource::handleGetObject(pushHandler00)
23:36:48.551 [Test worker] DEBUG org.apache.axis.encoding.DeserializationContext - Pushing handler org.apache.axis.message.SOAPHandler@1aa321e3
23:36:48.551 [Test worker] DEBUG org.apache.axis.i18n.ProjectResourceBundle - org.apache.axis.i18n.resource::handleGetObject(newElem00)
23:36:48.551 [Test worker] DEBUG org.apache.axis.message.MessageElement - New MessageElement (org.apache.axis.message.MessageElement@5cb155fd) named {}description
23:36:48.551 [Test worker] DEBUG org.apache.axis.message.MessageElement -   xsi:type = 'xsd:string'
23:36:48.551 [Test worker] DEBUG org.apache.axis.encoding.DeserializationContext - Pushing element description
23:36:48.551 [Test worker] DEBUG org.apache.axis.encoding.DeserializationContext - Exit: DeserializationContext::startElement()
23:36:48.551 [Test worker] DEBUG org.apache.axis.encoding.DeserializationContext - Enter: DeserializationContext::endElement(, description)
23:36:48.551 [Test worker] DEBUG org.apache.axis.i18n.ProjectResourceBundle - org.apache.axis.i18n.resource::handleGetObject(popHandler00)
23:36:48.551 [Test worker] DEBUG org.apache.axis.encoding.DeserializationContext - Popping handler org.apache.axis.message.SOAPHandler@1aa321e3
23:36:48.551 [Test worker] DEBUG org.apache.axis.encoding.DeserializationContext - Popped element stack to org.apache.axis.message.MessageElement:return
23:36:48.551 [Test worker] DEBUG org.apache.axis.encoding.DeserializationContext - Exit: DeserializationContext::endElement()
23:36:48.551 [Test worker] DEBUG org.apache.axis.encoding.DeserializationContext - Enter: DeserializationContext::startElement(, attachments)
23:36:48.551 [Test worker] DEBUG org.apache.axis.i18n.ProjectResourceBundle - org.apache.axis.i18n.resource::handleGetObject(pushHandler00)
23:36:48.551 [Test worker] DEBUG org.apache.axis.encoding.DeserializationContext - Pushing handler org.apache.axis.message.SOAPHandler@4eff676d
23:36:48.551 [Test worker] DEBUG org.apache.axis.i18n.ProjectResourceBundle - org.apache.axis.i18n.resource::handleGetObject(newElem00)
23:36:48.551 [Test worker] DEBUG org.apache.axis.message.MessageElement - New MessageElement (org.apache.axis.message.MessageElement@130ff0a7) named {}attachments
23:36:48.551 [Test worker] DEBUG org.apache.axis.message.MessageElement -   SOAP-ENC:arrayType = 'ns1:AttachmentData[0]'
23:36:48.551 [Test worker] DEBUG org.apache.axis.message.MessageElement -   xsi:type = 'SOAP-ENC:Array'
23:36:48.551 [Test worker] DEBUG org.apache.axis.encoding.DeserializationContext - Pushing element attachments
23:36:48.551 [Test worker] DEBUG org.apache.axis.encoding.DeserializationContext - Exit: DeserializationContext::startElement()
23:36:48.551 [Test worker] DEBUG org.apache.axis.encoding.DeserializationContext - Enter: DeserializationContext::endElement(, attachments)
23:36:48.551 [Test worker] DEBUG org.apache.axis.i18n.ProjectResourceBundle - org.apache.axis.i18n.resource::handleGetObject(popHandler00)
23:36:48.551 [Test worker] DEBUG org.apache.axis.encoding.DeserializationContext - Popping handler org.apache.axis.message.SOAPHandler@4eff676d
23:36:48.551 [Test worker] DEBUG org.apache.axis.encoding.DeserializationContext - Popped element stack to org.apache.axis.message.MessageElement:return
23:36:48.551 [Test worker] DEBUG org.apache.axis.encoding.DeserializationContext - Exit: DeserializationContext::endElement()
23:36:48.551 [Test worker] DEBUG org.apache.axis.encoding.DeserializationContext - Enter: DeserializationContext::startElement(, monitors)
23:36:48.551 [Test worker] DEBUG org.apache.axis.i18n.ProjectResourceBundle - org.apache.axis.i18n.resource::handleGetObject(pushHandler00)
23:36:48.551 [Test worker] DEBUG org.apache.axis.encoding.DeserializationContext - Pushing handler org.apache.axis.message.SOAPHandler@1020771c
23:36:48.551 [Test worker] DEBUG org.apache.axis.i18n.ProjectResourceBundle - org.apache.axis.i18n.resource::handleGetObject(newElem00)
23:36:48.551 [Test worker] DEBUG org.apache.axis.message.MessageElement - New MessageElement (org.apache.axis.message.MessageElement@4668d658) named {}monitors
23:36:48.551 [Test worker] DEBUG org.apache.axis.message.MessageElement -   SOAP-ENC:arrayType = 'ns1:AccountData[0]'
23:36:48.551 [Test worker] DEBUG org.apache.axis.message.MessageElement -   xsi:type = 'SOAP-ENC:Array'
23:36:48.551 [Test worker] DEBUG org.apache.axis.encoding.DeserializationContext - Pushing element monitors
23:36:48.551 [Test worker] DEBUG org.apache.axis.encoding.DeserializationContext - Exit: DeserializationContext::startElement()
23:36:48.551 [Test worker] DEBUG org.apache.axis.encoding.DeserializationContext - Enter: DeserializationContext::endElement(, monitors)
23:36:48.551 [Test worker] DEBUG org.apache.axis.i18n.ProjectResourceBundle - org.apache.axis.i18n.resource::handleGetObject(popHandler00)
23:36:48.551 [Test worker] DEBUG org.apache.axis.encoding.DeserializationContext - Popping handler org.apache.axis.message.SOAPHandler@1020771c
23:36:48.551 [Test worker] DEBUG org.apache.axis.encoding.DeserializationContext - Popped element stack to org.apache.axis.message.MessageElement:return
23:36:48.551 [Test worker] DEBUG org.apache.axis.encoding.DeserializationContext - Exit: DeserializationContext::endElement()
23:36:48.551 [Test worker] DEBUG org.apache.axis.encoding.DeserializationContext - Enter: DeserializationContext::startElement(, sticky)
23:36:48.552 [Test worker] DEBUG org.apache.axis.i18n.ProjectResourceBundle - org.apache.axis.i18n.resource::handleGetObject(pushHandler00)
23:36:48.552 [Test worker] DEBUG org.apache.axis.encoding.DeserializationContext - Pushing handler org.apache.axis.message.SOAPHandler@731915f7
23:36:48.552 [Test worker] DEBUG org.apache.axis.i18n.ProjectResourceBundle - org.apache.axis.i18n.resource::handleGetObject(newElem00)
23:36:48.552 [Test worker] DEBUG org.apache.axis.message.MessageElement - New MessageElement (org.apache.axis.message.MessageElement@1f7f49fb) named {}sticky
23:36:48.552 [Test worker] DEBUG org.apache.axis.message.MessageElement -   xsi:type = 'xsd:boolean'
23:36:48.552 [Test worker] DEBUG org.apache.axis.encoding.DeserializationContext - Pushing element sticky
23:36:48.552 [Test worker] DEBUG org.apache.axis.encoding.DeserializationContext - Exit: DeserializationContext::startElement()
23:36:48.552 [Test worker] DEBUG org.apache.axis.encoding.DeserializationContext - Enter: DeserializationContext::endElement(, sticky)
23:36:48.552 [Test worker] DEBUG org.apache.axis.i18n.ProjectResourceBundle - org.apache.axis.i18n.resource::handleGetObject(popHandler00)
23:36:48.552 [Test worker] DEBUG org.apache.axis.encoding.DeserializationContext - Popping handler org.apache.axis.message.SOAPHandler@731915f7
23:36:48.552 [Test worker] DEBUG org.apache.axis.encoding.DeserializationContext - Popped element stack to org.apache.axis.message.MessageElement:return
23:36:48.552 [Test worker] DEBUG org.apache.axis.encoding.DeserializationContext - Exit: DeserializationContext::endElement()
23:36:48.552 [Test worker] DEBUG org.apache.axis.encoding.DeserializationContext - Enter: DeserializationContext::startElement(, tags)
23:36:48.552 [Test worker] DEBUG org.apache.axis.i18n.ProjectResourceBundle - org.apache.axis.i18n.resource::handleGetObject(pushHandler00)
23:36:48.552 [Test worker] DEBUG org.apache.axis.encoding.DeserializationContext - Pushing handler org.apache.axis.message.SOAPHandler@cf4459f
23:36:48.552 [Test worker] DEBUG org.apache.axis.i18n.ProjectResourceBundle - org.apache.axis.i18n.resource::handleGetObject(newElem00)
23:36:48.552 [Test worker] DEBUG org.apache.axis.message.MessageElement - New MessageElement (org.apache.axis.message.MessageElement@c2e884f) named {}tags
23:36:48.552 [Test worker] DEBUG org.apache.axis.message.MessageElement -   SOAP-ENC:arrayType = 'ns1:ObjectRef[0]'
23:36:48.552 [Test worker] DEBUG org.apache.axis.message.MessageElement -   xsi:type = 'SOAP-ENC:Array'
23:36:48.552 [Test worker] DEBUG org.apache.axis.encoding.DeserializationContext - Pushing element tags
23:36:48.552 [Test worker] DEBUG org.apache.axis.encoding.DeserializationContext - Exit: DeserializationContext::startElement()
23:36:48.552 [Test worker] DEBUG org.apache.axis.encoding.DeserializationContext - Enter: DeserializationContext::endElement(, tags)
23:36:48.552 [Test worker] DEBUG org.apache.axis.i18n.ProjectResourceBundle - org.apache.axis.i18n.resource::handleGetObject(popHandler00)
23:36:48.552 [Test worker] DEBUG org.apache.axis.encoding.DeserializationContext - Popping handler org.apache.axis.message.SOAPHandler@cf4459f
23:36:48.552 [Test worker] DEBUG org.apache.axis.encoding.DeserializationContext - Popped element stack to org.apache.axis.message.MessageElement:return
23:36:48.552 [Test worker] DEBUG org.apache.axis.encoding.DeserializationContext - Exit: DeserializationContext::endElement()
23:36:48.552 [Test worker] DEBUG org.apache.axis.encoding.DeserializationContext - Enter: DeserializationContext::endElement(, return)
23:36:48.552 [Test worker] DEBUG org.apache.axis.i18n.ProjectResourceBundle - org.apache.axis.i18n.resource::handleGetObject(popHandler00)
23:36:48.552 [Test worker] DEBUG org.apache.axis.encoding.DeserializationContext - Popping handler org.apache.axis.message.SOAPHandler@5aae15b7
23:36:48.552 [Test worker] DEBUG org.apache.axis.encoding.DeserializationContext - Popped element stack to org.apache.axis.message.RPCElement:mc_issue_getResponse
23:36:48.552 [Test worker] DEBUG org.apache.axis.encoding.DeserializationContext - Exit: DeserializationContext::endElement()
23:36:48.552 [Test worker] DEBUG org.apache.axis.encoding.DeserializationContext - Enter: DeserializationContext::endElement(http://futureware.biz/mantisconnect, mc_issue_getResponse)
23:36:48.552 [Test worker] DEBUG org.apache.axis.i18n.ProjectResourceBundle - org.apache.axis.i18n.resource::handleGetObject(popHandler00)
23:36:48.552 [Test worker] DEBUG org.apache.axis.encoding.DeserializationContext - Popping handler org.apache.axis.message.SOAPHandler@27cd1dea
23:36:48.552 [Test worker] DEBUG org.apache.axis.encoding.DeserializationContext - Popped element stack to org.apache.axis.message.SOAPBody:Body
23:36:48.552 [Test worker] DEBUG org.apache.axis.encoding.DeserializationContext - Exit: DeserializationContext::endElement()
23:36:48.552 [Test worker] DEBUG org.apache.axis.encoding.DeserializationContext - Enter: DeserializationContext::endElement(http://schemas.xmlsoap.org/soap/envelope/, Body)
23:36:48.552 [Test worker] DEBUG org.apache.axis.i18n.ProjectResourceBundle - org.apache.axis.i18n.resource::handleGetObject(popHandler00)
23:36:48.552 [Test worker] DEBUG org.apache.axis.encoding.DeserializationContext - Popping handler org.apache.axis.message.BodyBuilder@fb226
23:36:48.552 [Test worker] DEBUG org.apache.axis.encoding.DeserializationContext - Popped element stack to org.apache.axis.message.SOAPEnvelope:Envelope
23:36:48.552 [Test worker] DEBUG org.apache.axis.encoding.DeserializationContext - Exit: DeserializationContext::endElement()
23:36:48.552 [Test worker] DEBUG org.apache.axis.encoding.DeserializationContext - Enter: DeserializationContext::endElement(http://schemas.xmlsoap.org/soap/envelope/, Envelope)
23:36:48.552 [Test worker] DEBUG org.apache.axis.i18n.ProjectResourceBundle - org.apache.axis.i18n.resource::handleGetObject(popHandler00)
23:36:48.552 [Test worker] DEBUG org.apache.axis.encoding.DeserializationContext - Popping handler org.apache.axis.message.EnvelopeBuilder@31fb3570
23:36:48.552 [Test worker] DEBUG org.apache.axis.encoding.DeserializationContext - Popped element stack to null
23:36:48.552 [Test worker] DEBUG org.apache.axis.encoding.DeserializationContext - Exit: DeserializationContext::endElement()
23:36:48.552 [Test worker] DEBUG org.apache.axis.encoding.DeserializationContext - Enter: DeserializationContext::endPrefixMapping(SOAP-ENV)
23:36:48.552 [Test worker] DEBUG org.apache.axis.encoding.DeserializationContext - Exit: DeserializationContext::endPrefixMapping()
23:36:48.552 [Test worker] DEBUG org.apache.axis.encoding.DeserializationContext - Enter: DeserializationContext::endPrefixMapping(ns1)
23:36:48.552 [Test worker] DEBUG org.apache.axis.encoding.DeserializationContext - Exit: DeserializationContext::endPrefixMapping()
23:36:48.552 [Test worker] DEBUG org.apache.axis.encoding.DeserializationContext - Enter: DeserializationContext::endPrefixMapping(xsd)
23:36:48.552 [Test worker] DEBUG org.apache.axis.encoding.DeserializationContext - Exit: DeserializationContext::endPrefixMapping()
23:36:48.552 [Test worker] DEBUG org.apache.axis.encoding.DeserializationContext - Enter: DeserializationContext::endPrefixMapping(xsi)
23:36:48.552 [Test worker] DEBUG org.apache.axis.encoding.DeserializationContext - Exit: DeserializationContext::endPrefixMapping()
23:36:48.552 [Test worker] DEBUG org.apache.axis.encoding.DeserializationContext - Enter: DeserializationContext::endPrefixMapping(SOAP-ENC)
23:36:48.552 [Test worker] DEBUG org.apache.axis.encoding.DeserializationContext - Exit: DeserializationContext::endPrefixMapping()
23:36:48.552 [Test worker] DEBUG org.apache.axis.encoding.DeserializationContext - Enter: DeserializationContext::endDocument()
23:36:48.552 [Test worker] DEBUG org.apache.axis.encoding.DeserializationContext - Exit: DeserializationContext::endDocument()
23:36:48.553 [Test worker] DEBUG org.apache.axis.i18n.ProjectResourceBundle - org.apache.axis.i18n.resource::handleGetObject(setMsgForm)
23:36:48.553 [Test worker] DEBUG org.apache.axis.SOAPPart - Setting current message form to: FORM_SOAPENVELOPE (currentMessage is now org.apache.axis.message.SOAPEnvelope)
23:36:48.553 [Test worker] DEBUG org.apache.axis.SOAPPart - Exit: SOAPPart::getAsSOAPEnvelope
23:36:48.553 [Test worker] DEBUG org.apache.axis.i18n.ProjectResourceBundle - org.apache.axis.i18n.resource::handleGetObject(register00)
23:36:48.553 [Test worker] DEBUG org.apache.axis.encoding.SerializationContext - register 'SOAP-ENV' - 'http://schemas.xmlsoap.org/soap/envelope/'
23:36:48.553 [Test worker] DEBUG org.apache.axis.i18n.ProjectResourceBundle - org.apache.axis.i18n.resource::handleGetObject(register00)
23:36:48.553 [Test worker] DEBUG org.apache.axis.encoding.SerializationContext - register 'ns1' - 'http://futureware.biz/mantisconnect'
23:36:48.553 [Test worker] DEBUG org.apache.axis.i18n.ProjectResourceBundle - org.apache.axis.i18n.resource::handleGetObject(register00)
23:36:48.553 [Test worker] DEBUG org.apache.axis.encoding.SerializationContext - register 'xsd' - 'http://www.w3.org/2001/XMLSchema'
23:36:48.553 [Test worker] DEBUG org.apache.axis.i18n.ProjectResourceBundle - org.apache.axis.i18n.resource::handleGetObject(register00)
23:36:48.553 [Test worker] DEBUG org.apache.axis.encoding.SerializationContext - register 'xsi' - 'http://www.w3.org/2001/XMLSchema-instance'
23:36:48.553 [Test worker] DEBUG org.apache.axis.i18n.ProjectResourceBundle - org.apache.axis.i18n.resource::handleGetObject(register00)
23:36:48.553 [Test worker] DEBUG org.apache.axis.encoding.SerializationContext - register 'SOAP-ENC' - 'http://schemas.xmlsoap.org/soap/encoding/'
23:36:48.553 [Test worker] DEBUG org.apache.axis.i18n.ProjectResourceBundle - org.apache.axis.i18n.resource::handleGetObject(startElem00)
23:36:48.553 [Test worker] DEBUG org.apache.axis.encoding.SerializationContext - Start element [http://schemas.xmlsoap.org/soap/envelope/]:Envelope
23:36:48.553 [Test worker] DEBUG org.apache.axis.i18n.ProjectResourceBundle - org.apache.axis.i18n.resource::handleGetObject(startElem00)
23:36:48.553 [Test worker] DEBUG org.apache.axis.encoding.SerializationContext - Start element [http://schemas.xmlsoap.org/soap/envelope/]:Body
23:36:48.553 [Test worker] DEBUG org.apache.axis.message.SAXOutputter - SAXOutputter.startElement ['http://futureware.biz/mantisconnect' mc_issue_getResponse]
23:36:48.553 [Test worker] DEBUG org.apache.axis.i18n.ProjectResourceBundle - org.apache.axis.i18n.resource::handleGetObject(startElem00)
23:36:48.553 [Test worker] DEBUG org.apache.axis.encoding.SerializationContext - Start element [http://futureware.biz/mantisconnect]:mc_issue_getResponse
23:36:48.553 [Test worker] DEBUG org.apache.axis.message.SAXOutputter - SAXOutputter.startElement ['' return]
23:36:48.553 [Test worker] DEBUG org.apache.axis.i18n.ProjectResourceBundle - org.apache.axis.i18n.resource::handleGetObject(startElem00)
23:36:48.553 [Test worker] DEBUG org.apache.axis.encoding.SerializationContext - Start element []:return
23:36:48.553 [Test worker] DEBUG org.apache.axis.message.SAXOutputter - SAXOutputter.startElement ['' id]
23:36:48.553 [Test worker] DEBUG org.apache.axis.i18n.ProjectResourceBundle - org.apache.axis.i18n.resource::handleGetObject(startElem00)
23:36:48.553 [Test worker] DEBUG org.apache.axis.encoding.SerializationContext - Start element []:id
23:36:48.553 [Test worker] DEBUG org.apache.axis.message.SAXOutputter - SAXOutputter.characters ['2']
23:36:48.553 [Test worker] DEBUG org.apache.axis.message.SAXOutputter - SAXOutputter.endElement ['' id]
23:36:48.553 [Test worker] DEBUG org.apache.axis.i18n.ProjectResourceBundle - org.apache.axis.i18n.resource::handleGetObject(endElem00)
23:36:48.553 [Test worker] DEBUG org.apache.axis.encoding.SerializationContext - End element id
23:36:48.553 [Test worker] DEBUG org.apache.axis.message.SAXOutputter - SAXOutputter.startElement ['' view_state]
23:36:48.553 [Test worker] DEBUG org.apache.axis.i18n.ProjectResourceBundle - org.apache.axis.i18n.resource::handleGetObject(startElem00)
23:36:48.553 [Test worker] DEBUG org.apache.axis.encoding.SerializationContext - Start element []:view_state
23:36:48.553 [Test worker] DEBUG org.apache.axis.message.SAXOutputter - SAXOutputter.startElement ['' id]
23:36:48.553 [Test worker] DEBUG org.apache.axis.i18n.ProjectResourceBundle - org.apache.axis.i18n.resource::handleGetObject(startElem00)
23:36:48.553 [Test worker] DEBUG org.apache.axis.encoding.SerializationContext - Start element []:id
23:36:48.553 [Test worker] DEBUG org.apache.axis.message.SAXOutputter - SAXOutputter.characters ['10']
23:36:48.553 [Test worker] DEBUG org.apache.axis.message.SAXOutputter - SAXOutputter.endElement ['' id]
23:36:48.553 [Test worker] DEBUG org.apache.axis.i18n.ProjectResourceBundle - org.apache.axis.i18n.resource::handleGetObject(endElem00)
23:36:48.553 [Test worker] DEBUG org.apache.axis.encoding.SerializationContext - End element id
23:36:48.553 [Test worker] DEBUG org.apache.axis.message.SAXOutputter - SAXOutputter.startElement ['' name]
23:36:48.553 [Test worker] DEBUG org.apache.axis.i18n.ProjectResourceBundle - org.apache.axis.i18n.resource::handleGetObject(startElem00)
23:36:48.553 [Test worker] DEBUG org.apache.axis.encoding.SerializationContext - Start element []:name
23:36:48.553 [Test worker] DEBUG org.apache.axis.message.SAXOutputter - SAXOutputter.characters ['public']
23:36:48.553 [Test worker] DEBUG org.apache.axis.message.SAXOutputter - SAXOutputter.endElement ['' name]
23:36:48.553 [Test worker] DEBUG org.apache.axis.i18n.ProjectResourceBundle - org.apache.axis.i18n.resource::handleGetObject(endElem00)
23:36:48.553 [Test worker] DEBUG org.apache.axis.encoding.SerializationContext - End element name
23:36:48.553 [Test worker] DEBUG org.apache.axis.message.SAXOutputter - SAXOutputter.endElement ['' view_state]
23:36:48.553 [Test worker] DEBUG org.apache.axis.i18n.ProjectResourceBundle - org.apache.axis.i18n.resource::handleGetObject(endElem00)
23:36:48.553 [Test worker] DEBUG org.apache.axis.encoding.SerializationContext - End element view_state
23:36:48.553 [Test worker] DEBUG org.apache.axis.message.SAXOutputter - SAXOutputter.startElement ['' last_updated]
23:36:48.553 [Test worker] DEBUG org.apache.axis.i18n.ProjectResourceBundle - org.apache.axis.i18n.resource::handleGetObject(startElem00)
23:36:48.553 [Test worker] DEBUG org.apache.axis.encoding.SerializationContext - Start element []:last_updated
23:36:48.553 [Test worker] DEBUG org.apache.axis.message.SAXOutputter - SAXOutputter.characters ['2020-04-04T21:15:12+02:00']
23:36:48.553 [Test worker] DEBUG org.apache.axis.message.SAXOutputter - SAXOutputter.endElement ['' last_updated]
23:36:48.553 [Test worker] DEBUG org.apache.axis.i18n.ProjectResourceBundle - org.apache.axis.i18n.resource::handleGetObject(endElem00)
23:36:48.553 [Test worker] DEBUG org.apache.axis.encoding.SerializationContext - End element last_updated
23:36:48.553 [Test worker] DEBUG org.apache.axis.message.SAXOutputter - SAXOutputter.startElement ['' project]
23:36:48.553 [Test worker] DEBUG org.apache.axis.i18n.ProjectResourceBundle - org.apache.axis.i18n.resource::handleGetObject(startElem00)
23:36:48.553 [Test worker] DEBUG org.apache.axis.encoding.SerializationContext - Start element []:project
23:36:48.553 [Test worker] DEBUG org.apache.axis.message.SAXOutputter - SAXOutputter.startElement ['' id]
23:36:48.553 [Test worker] DEBUG org.apache.axis.i18n.ProjectResourceBundle - org.apache.axis.i18n.resource::handleGetObject(startElem00)
23:36:48.553 [Test worker] DEBUG org.apache.axis.encoding.SerializationContext - Start element []:id
23:36:48.553 [Test worker] DEBUG org.apache.axis.message.SAXOutputter - SAXOutputter.characters ['1']
23:36:48.553 [Test worker] DEBUG org.apache.axis.message.SAXOutputter - SAXOutputter.endElement ['' id]
23:36:48.553 [Test worker] DEBUG org.apache.axis.i18n.ProjectResourceBundle - org.apache.axis.i18n.resource::handleGetObject(endElem00)
23:36:48.553 [Test worker] DEBUG org.apache.axis.encoding.SerializationContext - End element id
23:36:48.553 [Test worker] DEBUG org.apache.axis.message.SAXOutputter - SAXOutputter.startElement ['' name]
23:36:48.553 [Test worker] DEBUG org.apache.axis.i18n.ProjectResourceBundle - org.apache.axis.i18n.resource::handleGetObject(startElem00)
23:36:48.553 [Test worker] DEBUG org.apache.axis.encoding.SerializationContext - Start element []:name
23:36:48.553 [Test worker] DEBUG org.apache.axis.message.SAXOutputter - SAXOutputter.characters ['test']
23:36:48.553 [Test worker] DEBUG org.apache.axis.message.SAXOutputter - SAXOutputter.endElement ['' name]
23:36:48.553 [Test worker] DEBUG org.apache.axis.i18n.ProjectResourceBundle - org.apache.axis.i18n.resource::handleGetObject(endElem00)
23:36:48.554 [Test worker] DEBUG org.apache.axis.encoding.SerializationContext - End element name
23:36:48.554 [Test worker] DEBUG org.apache.axis.message.SAXOutputter - SAXOutputter.endElement ['' project]
23:36:48.554 [Test worker] DEBUG org.apache.axis.i18n.ProjectResourceBundle - org.apache.axis.i18n.resource::handleGetObject(endElem00)
23:36:48.554 [Test worker] DEBUG org.apache.axis.encoding.SerializationContext - End element project
23:36:48.554 [Test worker] DEBUG org.apache.axis.message.SAXOutputter - SAXOutputter.startElement ['' category]
23:36:48.554 [Test worker] DEBUG org.apache.axis.i18n.ProjectResourceBundle - org.apache.axis.i18n.resource::handleGetObject(startElem00)
23:36:48.554 [Test worker] DEBUG org.apache.axis.encoding.SerializationContext - Start element []:category
23:36:48.554 [Test worker] DEBUG org.apache.axis.message.SAXOutputter - SAXOutputter.characters ['General']
23:36:48.554 [Test worker] DEBUG org.apache.axis.message.SAXOutputter - SAXOutputter.endElement ['' category]
23:36:48.554 [Test worker] DEBUG org.apache.axis.i18n.ProjectResourceBundle - org.apache.axis.i18n.resource::handleGetObject(endElem00)
23:36:48.554 [Test worker] DEBUG org.apache.axis.encoding.SerializationContext - End element category
23:36:48.554 [Test worker] DEBUG org.apache.axis.message.SAXOutputter - SAXOutputter.startElement ['' priority]
23:36:48.554 [Test worker] DEBUG org.apache.axis.i18n.ProjectResourceBundle - org.apache.axis.i18n.resource::handleGetObject(startElem00)
23:36:48.554 [Test worker] DEBUG org.apache.axis.encoding.SerializationContext - Start element []:priority
23:36:48.554 [Test worker] DEBUG org.apache.axis.message.SAXOutputter - SAXOutputter.startElement ['' id]
23:36:48.554 [Test worker] DEBUG org.apache.axis.i18n.ProjectResourceBundle - org.apache.axis.i18n.resource::handleGetObject(startElem00)
23:36:48.554 [Test worker] DEBUG org.apache.axis.encoding.SerializationContext - Start element []:id
23:36:48.554 [Test worker] DEBUG org.apache.axis.message.SAXOutputter - SAXOutputter.characters ['30']
23:36:48.554 [Test worker] DEBUG org.apache.axis.message.SAXOutputter - SAXOutputter.endElement ['' id]
23:36:48.554 [Test worker] DEBUG org.apache.axis.i18n.ProjectResourceBundle - org.apache.axis.i18n.resource::handleGetObject(endElem00)
23:36:48.554 [Test worker] DEBUG org.apache.axis.encoding.SerializationContext - End element id
23:36:48.554 [Test worker] DEBUG org.apache.axis.message.SAXOutputter - SAXOutputter.startElement ['' name]
23:36:48.554 [Test worker] DEBUG org.apache.axis.i18n.ProjectResourceBundle - org.apache.axis.i18n.resource::handleGetObject(startElem00)
23:36:48.554 [Test worker] DEBUG org.apache.axis.encoding.SerializationContext - Start element []:name
23:36:48.554 [Test worker] DEBUG org.apache.axis.message.SAXOutputter - SAXOutputter.characters ['normal']
23:36:48.554 [Test worker] DEBUG org.apache.axis.message.SAXOutputter - SAXOutputter.endElement ['' name]
23:36:48.554 [Test worker] DEBUG org.apache.axis.i18n.ProjectResourceBundle - org.apache.axis.i18n.resource::handleGetObject(endElem00)
23:36:48.554 [Test worker] DEBUG org.apache.axis.encoding.SerializationContext - End element name
23:36:48.554 [Test worker] DEBUG org.apache.axis.message.SAXOutputter - SAXOutputter.endElement ['' priority]
23:36:48.554 [Test worker] DEBUG org.apache.axis.i18n.ProjectResourceBundle - org.apache.axis.i18n.resource::handleGetObject(endElem00)
23:36:48.554 [Test worker] DEBUG org.apache.axis.encoding.SerializationContext - End element priority
23:36:48.554 [Test worker] DEBUG org.apache.axis.message.SAXOutputter - SAXOutputter.startElement ['' severity]
23:36:48.554 [Test worker] DEBUG org.apache.axis.i18n.ProjectResourceBundle - org.apache.axis.i18n.resource::handleGetObject(startElem00)
23:36:48.554 [Test worker] DEBUG org.apache.axis.encoding.SerializationContext - Start element []:severity
23:36:48.554 [Test worker] DEBUG org.apache.axis.message.SAXOutputter - SAXOutputter.startElement ['' id]
23:36:48.554 [Test worker] DEBUG org.apache.axis.i18n.ProjectResourceBundle - org.apache.axis.i18n.resource::handleGetObject(startElem00)
23:36:48.554 [Test worker] DEBUG org.apache.axis.encoding.SerializationContext - Start element []:id
23:36:48.554 [Test worker] DEBUG org.apache.axis.message.SAXOutputter - SAXOutputter.characters ['50']
23:36:48.554 [Test worker] DEBUG org.apache.axis.message.SAXOutputter - SAXOutputter.endElement ['' id]
23:36:48.554 [Test worker] DEBUG org.apache.axis.i18n.ProjectResourceBundle - org.apache.axis.i18n.resource::handleGetObject(endElem00)
23:36:48.554 [Test worker] DEBUG org.apache.axis.encoding.SerializationContext - End element id
23:36:48.554 [Test worker] DEBUG org.apache.axis.message.SAXOutputter - SAXOutputter.startElement ['' name]
23:36:48.554 [Test worker] DEBUG org.apache.axis.i18n.ProjectResourceBundle - org.apache.axis.i18n.resource::handleGetObject(startElem00)
23:36:48.554 [Test worker] DEBUG org.apache.axis.encoding.SerializationContext - Start element []:name
23:36:48.554 [Test worker] DEBUG org.apache.axis.message.SAXOutputter - SAXOutputter.characters ['minor']
23:36:48.554 [Test worker] DEBUG org.apache.axis.message.SAXOutputter - SAXOutputter.endElement ['' name]
23:36:48.554 [Test worker] DEBUG org.apache.axis.i18n.ProjectResourceBundle - org.apache.axis.i18n.resource::handleGetObject(endElem00)
23:36:48.554 [Test worker] DEBUG org.apache.axis.encoding.SerializationContext - End element name
23:36:48.554 [Test worker] DEBUG org.apache.axis.message.SAXOutputter - SAXOutputter.endElement ['' severity]
23:36:48.554 [Test worker] DEBUG org.apache.axis.i18n.ProjectResourceBundle - org.apache.axis.i18n.resource::handleGetObject(endElem00)
23:36:48.554 [Test worker] DEBUG org.apache.axis.encoding.SerializationContext - End element severity
23:36:48.554 [Test worker] DEBUG org.apache.axis.message.SAXOutputter - SAXOutputter.startElement ['' status]
23:36:48.554 [Test worker] DEBUG org.apache.axis.i18n.ProjectResourceBundle - org.apache.axis.i18n.resource::handleGetObject(startElem00)
23:36:48.554 [Test worker] DEBUG org.apache.axis.encoding.SerializationContext - Start element []:status
23:36:48.554 [Test worker] DEBUG org.apache.axis.message.SAXOutputter - SAXOutputter.startElement ['' id]
23:36:48.554 [Test worker] DEBUG org.apache.axis.i18n.ProjectResourceBundle - org.apache.axis.i18n.resource::handleGetObject(startElem00)
23:36:48.554 [Test worker] DEBUG org.apache.axis.encoding.SerializationContext - Start element []:id
23:36:48.554 [Test worker] DEBUG org.apache.axis.message.SAXOutputter - SAXOutputter.characters ['10']
23:36:48.554 [Test worker] DEBUG org.apache.axis.message.SAXOutputter - SAXOutputter.endElement ['' id]
23:36:48.554 [Test worker] DEBUG org.apache.axis.i18n.ProjectResourceBundle - org.apache.axis.i18n.resource::handleGetObject(endElem00)
23:36:48.554 [Test worker] DEBUG org.apache.axis.encoding.SerializationContext - End element id
23:36:48.554 [Test worker] DEBUG org.apache.axis.message.SAXOutputter - SAXOutputter.startElement ['' name]
23:36:48.554 [Test worker] DEBUG org.apache.axis.i18n.ProjectResourceBundle - org.apache.axis.i18n.resource::handleGetObject(startElem00)
23:36:48.554 [Test worker] DEBUG org.apache.axis.encoding.SerializationContext - Start element []:name
23:36:48.554 [Test worker] DEBUG org.apache.axis.message.SAXOutputter - SAXOutputter.characters ['new']
23:36:48.554 [Test worker] DEBUG org.apache.axis.message.SAXOutputter - SAXOutputter.endElement ['' name]
23:36:48.554 [Test worker] DEBUG org.apache.axis.i18n.ProjectResourceBundle - org.apache.axis.i18n.resource::handleGetObject(endElem00)
23:36:48.554 [Test worker] DEBUG org.apache.axis.encoding.SerializationContext - End element name
23:36:48.554 [Test worker] DEBUG org.apache.axis.message.SAXOutputter - SAXOutputter.endElement ['' status]
23:36:48.554 [Test worker] DEBUG org.apache.axis.i18n.ProjectResourceBundle - org.apache.axis.i18n.resource::handleGetObject(endElem00)
23:36:48.554 [Test worker] DEBUG org.apache.axis.encoding.SerializationContext - End element status
23:36:48.554 [Test worker] DEBUG org.apache.axis.message.SAXOutputter - SAXOutputter.startElement ['' reporter]
23:36:48.554 [Test worker] DEBUG org.apache.axis.i18n.ProjectResourceBundle - org.apache.axis.i18n.resource::handleGetObject(startElem00)
23:36:48.554 [Test worker] DEBUG org.apache.axis.encoding.SerializationContext - Start element []:reporter
23:36:48.554 [Test worker] DEBUG org.apache.axis.message.SAXOutputter - SAXOutputter.startElement ['' id]
23:36:48.554 [Test worker] DEBUG org.apache.axis.i18n.ProjectResourceBundle - org.apache.axis.i18n.resource::handleGetObject(startElem00)
23:36:48.554 [Test worker] DEBUG org.apache.axis.encoding.SerializationContext - Start element []:id
23:36:48.554 [Test worker] DEBUG org.apache.axis.message.SAXOutputter - SAXOutputter.characters ['1']
23:36:48.554 [Test worker] DEBUG org.apache.axis.message.SAXOutputter - SAXOutputter.endElement ['' id]
23:36:48.554 [Test worker] DEBUG org.apache.axis.i18n.ProjectResourceBundle - org.apache.axis.i18n.resource::handleGetObject(endElem00)
23:36:48.554 [Test worker] DEBUG org.apache.axis.encoding.SerializationContext - End element id
23:36:48.554 [Test worker] DEBUG org.apache.axis.message.SAXOutputter - SAXOutputter.startElement ['' name]
23:36:48.554 [Test worker] DEBUG org.apache.axis.i18n.ProjectResourceBundle - org.apache.axis.i18n.resource::handleGetObject(startElem00)
23:36:48.554 [Test worker] DEBUG org.apache.axis.encoding.SerializationContext - Start element []:name
23:36:48.554 [Test worker] DEBUG org.apache.axis.message.SAXOutputter - SAXOutputter.characters ['administrator']
23:36:48.554 [Test worker] DEBUG org.apache.axis.message.SAXOutputter - SAXOutputter.endElement ['' name]
23:36:48.554 [Test worker] DEBUG org.apache.axis.i18n.ProjectResourceBundle - org.apache.axis.i18n.resource::handleGetObject(endElem00)
23:36:48.554 [Test worker] DEBUG org.apache.axis.encoding.SerializationContext - End element name
23:36:48.554 [Test worker] DEBUG org.apache.axis.message.SAXOutputter - SAXOutputter.startElement ['' email]
23:36:48.554 [Test worker] DEBUG org.apache.axis.i18n.ProjectResourceBundle - org.apache.axis.i18n.resource::handleGetObject(startElem00)
23:36:48.554 [Test worker] DEBUG org.apache.axis.encoding.SerializationContext - Start element []:email
23:36:48.554 [Test worker] DEBUG org.apache.axis.message.SAXOutputter - SAXOutputter.characters ['root@localhost']
23:36:48.554 [Test worker] DEBUG org.apache.axis.message.SAXOutputter - SAXOutputter.endElement ['' email]
23:36:48.554 [Test worker] DEBUG org.apache.axis.i18n.ProjectResourceBundle - org.apache.axis.i18n.resource::handleGetObject(endElem00)
23:36:48.554 [Test worker] DEBUG org.apache.axis.encoding.SerializationContext - End element email
23:36:48.554 [Test worker] DEBUG org.apache.axis.message.SAXOutputter - SAXOutputter.endElement ['' reporter]
23:36:48.554 [Test worker] DEBUG org.apache.axis.i18n.ProjectResourceBundle - org.apache.axis.i18n.resource::handleGetObject(endElem00)
23:36:48.554 [Test worker] DEBUG org.apache.axis.encoding.SerializationContext - End element reporter
23:36:48.554 [Test worker] DEBUG org.apache.axis.message.SAXOutputter - SAXOutputter.startElement ['' summary]
23:36:48.554 [Test worker] DEBUG org.apache.axis.i18n.ProjectResourceBundle - org.apache.axis.i18n.resource::handleGetObject(startElem00)
23:36:48.554 [Test worker] DEBUG org.apache.axis.encoding.SerializationContext - Start element []:summary
23:36:48.554 [Test worker] DEBUG org.apache.axis.message.SAXOutputter - SAXOutputter.characters ['Test issue']
23:36:48.554 [Test worker] DEBUG org.apache.axis.message.SAXOutputter - SAXOutputter.endElement ['' summary]
23:36:48.554 [Test worker] DEBUG org.apache.axis.i18n.ProjectResourceBundle - org.apache.axis.i18n.resource::handleGetObject(endElem00)
23:36:48.554 [Test worker] DEBUG org.apache.axis.encoding.SerializationContext - End element summary
23:36:48.554 [Test worker] DEBUG org.apache.axis.message.SAXOutputter - SAXOutputter.startElement ['' reproducibility]
23:36:48.554 [Test worker] DEBUG org.apache.axis.i18n.ProjectResourceBundle - org.apache.axis.i18n.resource::handleGetObject(startElem00)
23:36:48.554 [Test worker] DEBUG org.apache.axis.encoding.SerializationContext - Start element []:reproducibility
23:36:48.554 [Test worker] DEBUG org.apache.axis.message.SAXOutputter - SAXOutputter.startElement ['' id]
23:36:48.554 [Test worker] DEBUG org.apache.axis.i18n.ProjectResourceBundle - org.apache.axis.i18n.resource::handleGetObject(startElem00)
23:36:48.554 [Test worker] DEBUG org.apache.axis.encoding.SerializationContext - Start element []:id
23:36:48.554 [Test worker] DEBUG org.apache.axis.message.SAXOutputter - SAXOutputter.characters ['70']
23:36:48.554 [Test worker] DEBUG org.apache.axis.message.SAXOutputter - SAXOutputter.endElement ['' id]
23:36:48.554 [Test worker] DEBUG org.apache.axis.i18n.ProjectResourceBundle - org.apache.axis.i18n.resource::handleGetObject(endElem00)
23:36:48.554 [Test worker] DEBUG org.apache.axis.encoding.SerializationContext - End element id
23:36:48.554 [Test worker] DEBUG org.apache.axis.message.SAXOutputter - SAXOutputter.startElement ['' name]
23:36:48.554 [Test worker] DEBUG org.apache.axis.i18n.ProjectResourceBundle - org.apache.axis.i18n.resource::handleGetObject(startElem00)
23:36:48.554 [Test worker] DEBUG org.apache.axis.encoding.SerializationContext - Start element []:name
23:36:48.554 [Test worker] DEBUG org.apache.axis.message.SAXOutputter - SAXOutputter.characters ['have not tried']
23:36:48.554 [Test worker] DEBUG org.apache.axis.message.SAXOutputter - SAXOutputter.endElement ['' name]
23:36:48.555 [Test worker] DEBUG org.apache.axis.i18n.ProjectResourceBundle - org.apache.axis.i18n.resource::handleGetObject(endElem00)
23:36:48.555 [Test worker] DEBUG org.apache.axis.encoding.SerializationContext - End element name
23:36:48.555 [Test worker] DEBUG org.apache.axis.message.SAXOutputter - SAXOutputter.endElement ['' reproducibility]
23:36:48.555 [Test worker] DEBUG org.apache.axis.i18n.ProjectResourceBundle - org.apache.axis.i18n.resource::handleGetObject(endElem00)
23:36:48.555 [Test worker] DEBUG org.apache.axis.encoding.SerializationContext - End element reproducibility
23:36:48.555 [Test worker] DEBUG org.apache.axis.message.SAXOutputter - SAXOutputter.startElement ['' date_submitted]
23:36:48.555 [Test worker] DEBUG org.apache.axis.i18n.ProjectResourceBundle - org.apache.axis.i18n.resource::handleGetObject(startElem00)
23:36:48.555 [Test worker] DEBUG org.apache.axis.encoding.SerializationContext - Start element []:date_submitted
23:36:48.555 [Test worker] DEBUG org.apache.axis.message.SAXOutputter - SAXOutputter.characters ['2020-04-04T21:15:12+02:00']
23:36:48.555 [Test worker] DEBUG org.apache.axis.message.SAXOutputter - SAXOutputter.endElement ['' date_submitted]
23:36:48.555 [Test worker] DEBUG org.apache.axis.i18n.ProjectResourceBundle - org.apache.axis.i18n.resource::handleGetObject(endElem00)
23:36:48.555 [Test worker] DEBUG org.apache.axis.encoding.SerializationContext - End element date_submitted
23:36:48.555 [Test worker] DEBUG org.apache.axis.message.SAXOutputter - SAXOutputter.startElement ['' sponsorship_total]
23:36:48.555 [Test worker] DEBUG org.apache.axis.i18n.ProjectResourceBundle - org.apache.axis.i18n.resource::handleGetObject(startElem00)
23:36:48.555 [Test worker] DEBUG org.apache.axis.encoding.SerializationContext - Start element []:sponsorship_total
23:36:48.555 [Test worker] DEBUG org.apache.axis.message.SAXOutputter - SAXOutputter.characters ['0']
23:36:48.555 [Test worker] DEBUG org.apache.axis.message.SAXOutputter - SAXOutputter.endElement ['' sponsorship_total]
23:36:48.555 [Test worker] DEBUG org.apache.axis.i18n.ProjectResourceBundle - org.apache.axis.i18n.resource::handleGetObject(endElem00)
23:36:48.555 [Test worker] DEBUG org.apache.axis.encoding.SerializationContext - End element sponsorship_total
23:36:48.555 [Test worker] DEBUG org.apache.axis.message.SAXOutputter - SAXOutputter.startElement ['' resolution]
23:36:48.555 [Test worker] DEBUG org.apache.axis.i18n.ProjectResourceBundle - org.apache.axis.i18n.resource::handleGetObject(startElem00)
23:36:48.555 [Test worker] DEBUG org.apache.axis.encoding.SerializationContext - Start element []:resolution
23:36:48.555 [Test worker] DEBUG org.apache.axis.message.SAXOutputter - SAXOutputter.startElement ['' id]
23:36:48.555 [Test worker] DEBUG org.apache.axis.i18n.ProjectResourceBundle - org.apache.axis.i18n.resource::handleGetObject(startElem00)
23:36:48.555 [Test worker] DEBUG org.apache.axis.encoding.SerializationContext - Start element []:id
23:36:48.555 [Test worker] DEBUG org.apache.axis.message.SAXOutputter - SAXOutputter.characters ['10']
23:36:48.555 [Test worker] DEBUG org.apache.axis.message.SAXOutputter - SAXOutputter.endElement ['' id]
23:36:48.555 [Test worker] DEBUG org.apache.axis.i18n.ProjectResourceBundle - org.apache.axis.i18n.resource::handleGetObject(endElem00)
23:36:48.555 [Test worker] DEBUG org.apache.axis.encoding.SerializationContext - End element id
23:36:48.555 [Test worker] DEBUG org.apache.axis.message.SAXOutputter - SAXOutputter.startElement ['' name]
23:36:48.555 [Test worker] DEBUG org.apache.axis.i18n.ProjectResourceBundle - org.apache.axis.i18n.resource::handleGetObject(startElem00)
23:36:48.555 [Test worker] DEBUG org.apache.axis.encoding.SerializationContext - Start element []:name
23:36:48.555 [Test worker] DEBUG org.apache.axis.message.SAXOutputter - SAXOutputter.characters ['open']
23:36:48.555 [Test worker] DEBUG org.apache.axis.message.SAXOutputter - SAXOutputter.endElement ['' name]
23:36:48.555 [Test worker] DEBUG org.apache.axis.i18n.ProjectResourceBundle - org.apache.axis.i18n.resource::handleGetObject(endElem00)
23:36:48.555 [Test worker] DEBUG org.apache.axis.encoding.SerializationContext - End element name
23:36:48.555 [Test worker] DEBUG org.apache.axis.message.SAXOutputter - SAXOutputter.endElement ['' resolution]
23:36:48.555 [Test worker] DEBUG org.apache.axis.i18n.ProjectResourceBundle - org.apache.axis.i18n.resource::handleGetObject(endElem00)
23:36:48.555 [Test worker] DEBUG org.apache.axis.encoding.SerializationContext - End element resolution
23:36:48.555 [Test worker] DEBUG org.apache.axis.message.SAXOutputter - SAXOutputter.startElement ['' description]
23:36:48.555 [Test worker] DEBUG org.apache.axis.i18n.ProjectResourceBundle - org.apache.axis.i18n.resource::handleGetObject(startElem00)
23:36:48.555 [Test worker] DEBUG org.apache.axis.encoding.SerializationContext - Start element []:description
23:36:48.555 [Test worker] DEBUG org.apache.axis.message.SAXOutputter - SAXOutputter.characters ['Test issue description']
23:36:48.555 [Test worker] DEBUG org.apache.axis.message.SAXOutputter - SAXOutputter.endElement ['' description]
23:36:48.555 [Test worker] DEBUG org.apache.axis.i18n.ProjectResourceBundle - org.apache.axis.i18n.resource::handleGetObject(endElem00)
23:36:48.555 [Test worker] DEBUG org.apache.axis.encoding.SerializationContext - End element description
23:36:48.555 [Test worker] DEBUG org.apache.axis.message.SAXOutputter - SAXOutputter.startElement ['' attachments]
23:36:48.555 [Test worker] DEBUG org.apache.axis.i18n.ProjectResourceBundle - org.apache.axis.i18n.resource::handleGetObject(startElem00)
23:36:48.555 [Test worker] DEBUG org.apache.axis.encoding.SerializationContext - Start element []:attachments
23:36:48.555 [Test worker] DEBUG org.apache.axis.message.SAXOutputter - SAXOutputter.endElement ['' attachments]
23:36:48.555 [Test worker] DEBUG org.apache.axis.i18n.ProjectResourceBundle - org.apache.axis.i18n.resource::handleGetObject(endElem00)
23:36:48.555 [Test worker] DEBUG org.apache.axis.encoding.SerializationContext - End element attachments
23:36:48.555 [Test worker] DEBUG org.apache.axis.message.SAXOutputter - SAXOutputter.startElement ['' monitors]
23:36:48.555 [Test worker] DEBUG org.apache.axis.i18n.ProjectResourceBundle - org.apache.axis.i18n.resource::handleGetObject(startElem00)
23:36:48.555 [Test worker] DEBUG org.apache.axis.encoding.SerializationContext - Start element []:monitors
23:36:48.555 [Test worker] DEBUG org.apache.axis.message.SAXOutputter - SAXOutputter.endElement ['' monitors]
23:36:48.555 [Test worker] DEBUG org.apache.axis.i18n.ProjectResourceBundle - org.apache.axis.i18n.resource::handleGetObject(endElem00)
23:36:48.555 [Test worker] DEBUG org.apache.axis.encoding.SerializationContext - End element monitors
23:36:48.555 [Test worker] DEBUG org.apache.axis.message.SAXOutputter - SAXOutputter.startElement ['' sticky]
23:36:48.555 [Test worker] DEBUG org.apache.axis.i18n.ProjectResourceBundle - org.apache.axis.i18n.resource::handleGetObject(startElem00)
23:36:48.555 [Test worker] DEBUG org.apache.axis.encoding.SerializationContext - Start element []:sticky
23:36:48.555 [Test worker] DEBUG org.apache.axis.message.SAXOutputter - SAXOutputter.characters ['false']
23:36:48.555 [Test worker] DEBUG org.apache.axis.message.SAXOutputter - SAXOutputter.endElement ['' sticky]
23:36:48.555 [Test worker] DEBUG org.apache.axis.i18n.ProjectResourceBundle - org.apache.axis.i18n.resource::handleGetObject(endElem00)
23:36:48.555 [Test worker] DEBUG org.apache.axis.encoding.SerializationContext - End element sticky
23:36:48.555 [Test worker] DEBUG org.apache.axis.message.SAXOutputter - SAXOutputter.startElement ['' tags]
23:36:48.555 [Test worker] DEBUG org.apache.axis.i18n.ProjectResourceBundle - org.apache.axis.i18n.resource::handleGetObject(startElem00)
23:36:48.555 [Test worker] DEBUG org.apache.axis.encoding.SerializationContext - Start element []:tags
23:36:48.555 [Test worker] DEBUG org.apache.axis.message.SAXOutputter - SAXOutputter.endElement ['' tags]
23:36:48.555 [Test worker] DEBUG org.apache.axis.i18n.ProjectResourceBundle - org.apache.axis.i18n.resource::handleGetObject(endElem00)
23:36:48.555 [Test worker] DEBUG org.apache.axis.encoding.SerializationContext - End element tags
23:36:48.555 [Test worker] DEBUG org.apache.axis.message.SAXOutputter - SAXOutputter.endElement ['' return]
23:36:48.555 [Test worker] DEBUG org.apache.axis.i18n.ProjectResourceBundle - org.apache.axis.i18n.resource::handleGetObject(endElem00)
23:36:48.555 [Test worker] DEBUG org.apache.axis.encoding.SerializationContext - End element return
23:36:48.555 [Test worker] DEBUG org.apache.axis.message.SAXOutputter - SAXOutputter.endElement ['http://futureware.biz/mantisconnect' mc_issue_getResponse]
23:36:48.555 [Test worker] DEBUG org.apache.axis.i18n.ProjectResourceBundle - org.apache.axis.i18n.resource::handleGetObject(endElem00)
23:36:48.555 [Test worker] DEBUG org.apache.axis.encoding.SerializationContext - End element ns1:mc_issue_getResponse
23:36:48.555 [Test worker] DEBUG org.apache.axis.i18n.ProjectResourceBundle - org.apache.axis.i18n.resource::handleGetObject(endElem00)
23:36:48.555 [Test worker] DEBUG org.apache.axis.encoding.SerializationContext - End element SOAP-ENV:Body
23:36:48.555 [Test worker] DEBUG org.apache.axis.i18n.ProjectResourceBundle - org.apache.axis.i18n.resource::handleGetObject(endElem00)
23:36:48.555 [Test worker] DEBUG org.apache.axis.encoding.SerializationContext - End element SOAP-ENV:Envelope
23:36:48.555 [Test worker] DEBUG org.apache.axis.transport.http.HTTPSender - <SOAP-ENV:Envelope xmlns:SOAP-ENV="http://schemas.xmlsoap.org/soap/envelope/" xmlns:ns1="http://futureware.biz/mantisconnect" xmlns:xsd="http://www.w3.org/2001/XMLSchema" xmlns:xsi="http://www.w3.org/2001/XMLSchema-instance" xmlns:SOAP-ENC="http://schemas.xmlsoap.org/soap/encoding/"><SOAP-ENV:Body><ns1:mc_issue_getResponse><return xsi:type="ns1:IssueData"><id xsi:type="xsd:integer">2</id><view_state xsi:type="ns1:ObjectRef"><id xsi:type="xsd:integer">10</id><name xsi:type="xsd:string">public</name></view_state><last_updated xsi:type="xsd:dateTime">2020-04-04T21:15:12+02:00</last_updated><project xsi:type="ns1:ObjectRef"><id xsi:type="xsd:integer">1</id><name xsi:type="xsd:string">test</name></project><category xsi:type="xsd:string">General</category><priority xsi:type="ns1:ObjectRef"><id xsi:type="xsd:integer">30</id><name xsi:type="xsd:string">normal</name></priority><severity xsi:type="ns1:ObjectRef"><id xsi:type="xsd:integer">50</id><name xsi:type="xsd:string">minor</name></severity><status xsi:type="ns1:ObjectRef"><id xsi:type="xsd:integer">10</id><name xsi:type="xsd:string">new</name></status><reporter xsi:type="ns1:AccountData"><id xsi:type="xsd:integer">1</id><name xsi:type="xsd:string">administrator</name><email xsi:type="xsd:string">root@localhost</email></reporter><summary xsi:type="xsd:string">Test issue</summary><reproducibility xsi:type="ns1:ObjectRef"><id xsi:type="xsd:integer">70</id><name xsi:type="xsd:string">have not tried</name></reproducibility><date_submitted xsi:type="xsd:dateTime">2020-04-04T21:15:12+02:00</date_submitted><sponsorship_total xsi:type="xsd:integer">0</sponsorship_total><resolution xsi:type="ns1:ObjectRef"><id xsi:type="xsd:integer">10</id><name xsi:type="xsd:string">open</name></resolution><description xsi:type="xsd:string">Test issue description</description><attachments SOAP-ENC:arrayType="ns1:AttachmentData[0]" xsi:type="SOAP-ENC:Array"/><monitors SOAP-ENC:arrayType="ns1:AccountData[0]" xsi:type="SOAP-ENC:Array"/><sticky xsi:type="xsd:boolean">false</sticky><tags SOAP-ENC:arrayType="ns1:ObjectRef[0]" xsi:type="SOAP-ENC:Array"/></return></ns1:mc_issue_getResponse></SOAP-ENV:Body></SOAP-ENV:Envelope>
23:36:48.555 [Test worker] DEBUG org.apache.axis.i18n.ProjectResourceBundle - org.apache.axis.i18n.resource::handleGetObject(exit00)
23:36:48.555 [Test worker] DEBUG org.apache.axis.transport.http.HTTPSender - Exit:  HTTPDispatchHandler::invoke
23:36:48.555 [Test worker] DEBUG org.apache.axis.SimpleChain - Exit: SimpleChain::invoke
23:36:48.555 [Test worker] DEBUG org.apache.axis.i18n.ProjectResourceBundle - org.apache.axis.i18n.resource::handleGetObject(semanticCheck00)
23:36:48.555 [Test worker] DEBUG org.apache.axis.handlers.soap.MustUnderstandChecker - Doing SOAP semantic checks...
23:36:48.555 [Test worker] DEBUG org.apache.axis.SOAPPart - Enter: SOAPPart::getAsSOAPEnvelope()
23:36:48.555 [Test worker] DEBUG org.apache.axis.i18n.ProjectResourceBundle - org.apache.axis.i18n.resource::handleGetObject(currForm)
23:36:48.555 [Test worker] DEBUG org.apache.axis.SOAPPart - current form is FORM_SOAPENVELOPE
23:36:48.555 [Test worker] DEBUG org.apache.axis.client.AxisClient - Exit: AxisClient::invoke
23:36:48.555 [Test worker] DEBUG org.apache.axis.SOAPPart - Enter: SOAPPart::getAsSOAPEnvelope()
23:36:48.555 [Test worker] DEBUG org.apache.axis.i18n.ProjectResourceBundle - org.apache.axis.i18n.resource::handleGetObject(currForm)
23:36:48.555 [Test worker] DEBUG org.apache.axis.SOAPPart - current form is FORM_SOAPENVELOPE
23:36:48.555 [Test worker] DEBUG org.apache.axis.client.Call - Exit: Call::invoke()
23:36:48.555 [Test worker] DEBUG org.apache.axis.SOAPPart - Enter: SOAPPart::getAsSOAPEnvelope()
23:36:48.555 [Test worker] DEBUG org.apache.axis.i18n.ProjectResourceBundle - org.apache.axis.i18n.resource::handleGetObject(currForm)
23:36:48.555 [Test worker] DEBUG org.apache.axis.SOAPPart - current form is FORM_SOAPENVELOPE
23:36:48.555 [Test worker] DEBUG org.apache.axis.i18n.ProjectResourceBundle - org.apache.axis.i18n.resource::handleGetObject(pushHandler00)
23:36:48.555 [Test worker] DEBUG org.apache.axis.encoding.DeserializationContext - Pushing handler org.apache.axis.message.EnvelopeHandler@37a39290
23:36:48.555 [Test worker] DEBUG org.apache.axis.encoding.DeserializationContext - Enter: DeserializationContext::startElement(http://futureware.biz/mantisconnect, mc_issue_getResponse)
23:36:48.555 [Test worker] DEBUG org.apache.axis.i18n.ProjectResourceBundle - org.apache.axis.i18n.resource::handleGetObject(pushHandler00)
23:36:48.555 [Test worker] DEBUG org.apache.axis.encoding.DeserializationContext - Pushing handler org.apache.axis.message.RPCHandler@5276350e
23:36:48.555 [Test worker] DEBUG org.apache.axis.encoding.DeserializationContext - Exit: DeserializationContext::startElement()
23:36:48.555 [Test worker] DEBUG org.apache.axis.encoding.DeserializationContext - Enter: DeserializationContext::startElement(, return)
23:36:48.555 [Test worker] DEBUG org.apache.axis.message.RPCHandler - Enter: RPCHandler.onStartChild()
23:36:48.555 [Test worker] DEBUG org.apache.axis.i18n.ProjectResourceBundle - org.apache.axis.i18n.resource::handleGetObject(typeFromAttr00)
23:36:48.555 [Test worker] DEBUG org.apache.axis.message.RPCHandler - Type from attributes is:  {http://futureware.biz/mantisconnect}IssueData
23:36:48.556 [Test worker] DEBUG org.apache.axis.message.RPCHandler - Exit: RPCHandler.onStartChild()
23:36:48.556 [Test worker] DEBUG org.apache.axis.i18n.ProjectResourceBundle - org.apache.axis.i18n.resource::handleGetObject(pushHandler00)
23:36:48.556 [Test worker] DEBUG org.apache.axis.encoding.DeserializationContext - Pushing handler org.apache.axis.encoding.ser.BeanDeserializer@7c004a62
23:36:48.556 [Test worker] DEBUG org.apache.axis.encoding.DeserializationContext - Exit: DeserializationContext::startElement()
23:36:48.556 [Test worker] DEBUG org.apache.axis.encoding.DeserializationContext - Enter: DeserializationContext::startElement(, id)
23:36:48.556 [Test worker] DEBUG org.apache.axis.i18n.ProjectResourceBundle - org.apache.axis.i18n.resource::handleGetObject(pushHandler00)
23:36:48.556 [Test worker] DEBUG org.apache.axis.encoding.DeserializationContext - Pushing handler org.apache.axis.encoding.ser.SimpleDeserializer@414d95d
23:36:48.556 [Test worker] DEBUG org.apache.axis.encoding.DeserializationContext - Exit: DeserializationContext::startElement()
23:36:48.556 [Test worker] DEBUG org.apache.axis.encoding.DeserializationContext - Enter: DeserializationContext::endElement(, id)
23:36:48.556 [Test worker] DEBUG org.apache.axis.i18n.ProjectResourceBundle - org.apache.axis.i18n.resource::handleGetObject(popHandler00)
23:36:48.556 [Test worker] DEBUG org.apache.axis.encoding.DeserializationContext - Popping handler org.apache.axis.encoding.ser.SimpleDeserializer@414d95d
23:36:48.556 [Test worker] DEBUG org.apache.axis.i18n.ProjectResourceBundle - org.apache.axis.i18n.resource::handleGetObject(setValueInTarget00)
23:36:48.556 [Test worker] DEBUG org.apache.axis.encoding.DeserializerImpl - Set value 2 in target org.apache.axis.encoding.ser.BeanPropertyTarget@4cb562f7
23:36:48.556 [Test worker] DEBUG org.apache.axis.i18n.ProjectResourceBundle - org.apache.axis.i18n.resource::handleGetObject(setValueInTarget00)
23:36:48.556 [Test worker] DEBUG org.apache.axis.encoding.DeserializerImpl - Set value 2 in target org.apache.axis.encoding.CallbackTarget@32986259
23:36:48.556 [Test worker] DEBUG org.apache.axis.encoding.DeserializationContext - Popped element stack to org.apache.axis.message.MessageElement:return
23:36:48.556 [Test worker] DEBUG org.apache.axis.encoding.DeserializationContext - Exit: DeserializationContext::endElement()
23:36:48.556 [Test worker] DEBUG org.apache.axis.encoding.DeserializationContext - Enter: DeserializationContext::startElement(, view_state)
23:36:48.556 [Test worker] DEBUG org.apache.axis.i18n.ProjectResourceBundle - org.apache.axis.i18n.resource::handleGetObject(pushHandler00)
23:36:48.556 [Test worker] DEBUG org.apache.axis.encoding.DeserializationContext - Pushing handler org.apache.axis.encoding.ser.BeanDeserializer@10e48b66
23:36:48.557 [Test worker] DEBUG org.apache.axis.encoding.DeserializationContext - Exit: DeserializationContext::startElement()
23:36:48.557 [Test worker] DEBUG org.apache.axis.encoding.DeserializationContext - Enter: DeserializationContext::startElement(, id)
23:36:48.557 [Test worker] DEBUG org.apache.axis.i18n.ProjectResourceBundle - org.apache.axis.i18n.resource::handleGetObject(pushHandler00)
23:36:48.557 [Test worker] DEBUG org.apache.axis.encoding.DeserializationContext - Pushing handler org.apache.axis.encoding.ser.SimpleDeserializer@78666733
23:36:48.557 [Test worker] DEBUG org.apache.axis.encoding.DeserializationContext - Exit: DeserializationContext::startElement()
23:36:48.557 [Test worker] DEBUG org.apache.axis.encoding.DeserializationContext - Enter: DeserializationContext::endElement(, id)
23:36:48.557 [Test worker] DEBUG org.apache.axis.i18n.ProjectResourceBundle - org.apache.axis.i18n.resource::handleGetObject(popHandler00)
23:36:48.557 [Test worker] DEBUG org.apache.axis.encoding.DeserializationContext - Popping handler org.apache.axis.encoding.ser.SimpleDeserializer@78666733
23:36:48.557 [Test worker] DEBUG org.apache.axis.i18n.ProjectResourceBundle - org.apache.axis.i18n.resource::handleGetObject(setValueInTarget00)
23:36:48.557 [Test worker] DEBUG org.apache.axis.encoding.DeserializerImpl - Set value 10 in target org.apache.axis.encoding.ser.BeanPropertyTarget@1f230012
23:36:48.557 [Test worker] DEBUG org.apache.axis.i18n.ProjectResourceBundle - org.apache.axis.i18n.resource::handleGetObject(setValueInTarget00)
23:36:48.557 [Test worker] DEBUG org.apache.axis.encoding.DeserializerImpl - Set value 10 in target org.apache.axis.encoding.CallbackTarget@6e582305
23:36:48.557 [Test worker] DEBUG org.apache.axis.encoding.DeserializationContext - Popped element stack to org.apache.axis.message.MessageElement:view_state
23:36:48.557 [Test worker] DEBUG org.apache.axis.encoding.DeserializationContext - Exit: DeserializationContext::endElement()
23:36:48.557 [Test worker] DEBUG org.apache.axis.encoding.DeserializationContext - Enter: DeserializationContext::startElement(, name)
23:36:48.557 [Test worker] DEBUG org.apache.axis.i18n.ProjectResourceBundle - org.apache.axis.i18n.resource::handleGetObject(pushHandler00)
23:36:48.557 [Test worker] DEBUG org.apache.axis.encoding.DeserializationContext - Pushing handler org.apache.axis.encoding.ser.SimpleDeserializer@5a533a13
23:36:48.557 [Test worker] DEBUG org.apache.axis.encoding.DeserializationContext - Exit: DeserializationContext::startElement()
23:36:48.557 [Test worker] DEBUG org.apache.axis.encoding.DeserializationContext - Enter: DeserializationContext::endElement(, name)
23:36:48.557 [Test worker] DEBUG org.apache.axis.i18n.ProjectResourceBundle - org.apache.axis.i18n.resource::handleGetObject(popHandler00)
23:36:48.557 [Test worker] DEBUG org.apache.axis.encoding.DeserializationContext - Popping handler org.apache.axis.encoding.ser.SimpleDeserializer@5a533a13
23:36:48.557 [Test worker] DEBUG org.apache.axis.i18n.ProjectResourceBundle - org.apache.axis.i18n.resource::handleGetObject(setValueInTarget00)
23:36:48.557 [Test worker] DEBUG org.apache.axis.encoding.DeserializerImpl - Set value public in target org.apache.axis.encoding.ser.BeanPropertyTarget@11c79195
23:36:48.557 [Test worker] DEBUG org.apache.axis.i18n.ProjectResourceBundle - org.apache.axis.i18n.resource::handleGetObject(setValueInTarget00)
23:36:48.557 [Test worker] DEBUG org.apache.axis.encoding.DeserializerImpl - Set value public in target org.apache.axis.encoding.CallbackTarget@16e3302f
23:36:48.557 [Test worker] DEBUG org.apache.axis.encoding.DeserializationContext - Popped element stack to org.apache.axis.message.MessageElement:view_state
23:36:48.557 [Test worker] DEBUG org.apache.axis.encoding.DeserializationContext - Exit: DeserializationContext::endElement()
23:36:48.557 [Test worker] DEBUG org.apache.axis.encoding.DeserializationContext - Enter: DeserializationContext::endElement(, view_state)
23:36:48.557 [Test worker] DEBUG org.apache.axis.i18n.ProjectResourceBundle - org.apache.axis.i18n.resource::handleGetObject(popHandler00)
23:36:48.557 [Test worker] DEBUG org.apache.axis.encoding.DeserializationContext - Popping handler org.apache.axis.encoding.ser.BeanDeserializer@10e48b66
23:36:48.557 [Test worker] DEBUG org.apache.axis.i18n.ProjectResourceBundle - org.apache.axis.i18n.resource::handleGetObject(setValueInTarget00)
23:36:48.557 [Test worker] DEBUG org.apache.axis.encoding.DeserializerImpl - Set value biz.futureware.mantis.rpc.soap.client.ObjectRef@c5bdb274 in target org.apache.axis.encoding.ser.BeanPropertyTarget@398c69fd
23:36:48.557 [Test worker] DEBUG org.apache.axis.i18n.ProjectResourceBundle - org.apache.axis.i18n.resource::handleGetObject(setValueInTarget00)
23:36:48.557 [Test worker] DEBUG org.apache.axis.encoding.DeserializerImpl - Set value biz.futureware.mantis.rpc.soap.client.ObjectRef@c5bdb274 in target org.apache.axis.encoding.CallbackTarget@7acc5f7d
23:36:48.557 [Test worker] DEBUG org.apache.axis.encoding.DeserializationContext - Popped element stack to org.apache.axis.message.MessageElement:return
23:36:48.557 [Test worker] DEBUG org.apache.axis.encoding.DeserializationContext - Exit: DeserializationContext::endElement()
23:36:48.557 [Test worker] DEBUG org.apache.axis.encoding.DeserializationContext - Enter: DeserializationContext::startElement(, last_updated)
23:36:48.557 [Test worker] DEBUG org.apache.axis.i18n.ProjectResourceBundle - org.apache.axis.i18n.resource::handleGetObject(pushHandler00)
23:36:48.557 [Test worker] DEBUG org.apache.axis.encoding.DeserializationContext - Pushing handler org.apache.axis.encoding.ser.CalendarDeserializer@572a2288
23:36:48.557 [Test worker] DEBUG org.apache.axis.encoding.DeserializationContext - Exit: DeserializationContext::startElement()
23:36:48.557 [Test worker] DEBUG org.apache.axis.encoding.DeserializationContext - Enter: DeserializationContext::endElement(, last_updated)
23:36:48.557 [Test worker] DEBUG org.apache.axis.i18n.ProjectResourceBundle - org.apache.axis.i18n.resource::handleGetObject(popHandler00)
23:36:48.557 [Test worker] DEBUG org.apache.axis.encoding.DeserializationContext - Popping handler org.apache.axis.encoding.ser.CalendarDeserializer@572a2288
23:36:48.558 [Test worker] DEBUG org.apache.axis.i18n.ProjectResourceBundle - org.apache.axis.i18n.resource::handleGetObject(setValueInTarget00)
23:36:48.558 [Test worker] DEBUG org.apache.axis.encoding.DeserializerImpl - Set value java.util.GregorianCalendar[time=1586027712000,areFieldsSet=true,areAllFieldsSet=true,lenient=true,zone=sun.util.calendar.ZoneInfo[id="Europe/Moscow",offset=10800000,dstSavings=0,useDaylight=false,transitions=79,lastRule=null],firstDayOfWeek=2,minimalDaysInFirstWeek=1,ERA=1,YEAR=2020,MONTH=3,WEEK_OF_YEAR=14,WEEK_OF_MONTH=1,DAY_OF_MONTH=4,DAY_OF_YEAR=95,DAY_OF_WEEK=7,DAY_OF_WEEK_IN_MONTH=1,AM_PM=1,HOUR=10,HOUR_OF_DAY=22,MINUTE=15,SECOND=12,MILLISECOND=0,ZONE_OFFSET=10800000,DST_OFFSET=0] in target org.apache.axis.encoding.ser.BeanPropertyTarget@58c7120a
23:36:48.558 [Test worker] DEBUG org.apache.axis.i18n.ProjectResourceBundle - org.apache.axis.i18n.resource::handleGetObject(setValueInTarget00)
23:36:48.558 [Test worker] DEBUG org.apache.axis.encoding.DeserializerImpl - Set value java.util.GregorianCalendar[time=1586027712000,areFieldsSet=true,areAllFieldsSet=true,lenient=true,zone=sun.util.calendar.ZoneInfo[id="Europe/Moscow",offset=10800000,dstSavings=0,useDaylight=false,transitions=79,lastRule=null],firstDayOfWeek=2,minimalDaysInFirstWeek=1,ERA=1,YEAR=2020,MONTH=3,WEEK_OF_YEAR=14,WEEK_OF_MONTH=1,DAY_OF_MONTH=4,DAY_OF_YEAR=95,DAY_OF_WEEK=7,DAY_OF_WEEK_IN_MONTH=1,AM_PM=1,HOUR=10,HOUR_OF_DAY=22,MINUTE=15,SECOND=12,MILLISECOND=0,ZONE_OFFSET=10800000,DST_OFFSET=0] in target org.apache.axis.encoding.CallbackTarget@2de5b6e
23:36:48.558 [Test worker] DEBUG org.apache.axis.encoding.DeserializationContext - Popped element stack to org.apache.axis.message.MessageElement:return
23:36:48.558 [Test worker] DEBUG org.apache.axis.encoding.DeserializationContext - Exit: DeserializationContext::endElement()
23:36:48.558 [Test worker] DEBUG org.apache.axis.encoding.DeserializationContext - Enter: DeserializationContext::startElement(, project)
23:36:48.558 [Test worker] DEBUG org.apache.axis.i18n.ProjectResourceBundle - org.apache.axis.i18n.resource::handleGetObject(pushHandler00)
23:36:48.558 [Test worker] DEBUG org.apache.axis.encoding.DeserializationContext - Pushing handler org.apache.axis.encoding.ser.BeanDeserializer@1af1cbff
23:36:48.558 [Test worker] DEBUG org.apache.axis.encoding.DeserializationContext - Exit: DeserializationContext::startElement()
23:36:48.558 [Test worker] DEBUG org.apache.axis.encoding.DeserializationContext - Enter: DeserializationContext::startElement(, id)
23:36:48.558 [Test worker] DEBUG org.apache.axis.i18n.ProjectResourceBundle - org.apache.axis.i18n.resource::handleGetObject(pushHandler00)
23:36:48.558 [Test worker] DEBUG org.apache.axis.encoding.DeserializationContext - Pushing handler org.apache.axis.encoding.ser.SimpleDeserializer@1c49844b
23:36:48.558 [Test worker] DEBUG org.apache.axis.encoding.DeserializationContext - Exit: DeserializationContext::startElement()
23:36:48.558 [Test worker] DEBUG org.apache.axis.encoding.DeserializationContext - Enter: DeserializationContext::endElement(, id)
23:36:48.558 [Test worker] DEBUG org.apache.axis.i18n.ProjectResourceBundle - org.apache.axis.i18n.resource::handleGetObject(popHandler00)
23:36:48.558 [Test worker] DEBUG org.apache.axis.encoding.DeserializationContext - Popping handler org.apache.axis.encoding.ser.SimpleDeserializer@1c49844b
23:36:48.558 [Test worker] DEBUG org.apache.axis.i18n.ProjectResourceBundle - org.apache.axis.i18n.resource::handleGetObject(setValueInTarget00)
23:36:48.558 [Test worker] DEBUG org.apache.axis.encoding.DeserializerImpl - Set value 1 in target org.apache.axis.encoding.ser.BeanPropertyTarget@7c7e928a
23:36:48.558 [Test worker] DEBUG org.apache.axis.i18n.ProjectResourceBundle - org.apache.axis.i18n.resource::handleGetObject(setValueInTarget00)
23:36:48.558 [Test worker] DEBUG org.apache.axis.encoding.DeserializerImpl - Set value 1 in target org.apache.axis.encoding.CallbackTarget@c0bb340
23:36:48.558 [Test worker] DEBUG org.apache.axis.encoding.DeserializationContext - Popped element stack to org.apache.axis.message.MessageElement:project
23:36:48.558 [Test worker] DEBUG org.apache.axis.encoding.DeserializationContext - Exit: DeserializationContext::endElement()
23:36:48.558 [Test worker] DEBUG org.apache.axis.encoding.DeserializationContext - Enter: DeserializationContext::startElement(, name)
23:36:48.558 [Test worker] DEBUG org.apache.axis.i18n.ProjectResourceBundle - org.apache.axis.i18n.resource::handleGetObject(pushHandler00)
23:36:48.558 [Test worker] DEBUG org.apache.axis.encoding.DeserializationContext - Pushing handler org.apache.axis.encoding.ser.SimpleDeserializer@18b12f0d
23:36:48.558 [Test worker] DEBUG org.apache.axis.encoding.DeserializationContext - Exit: DeserializationContext::startElement()
23:36:48.558 [Test worker] DEBUG org.apache.axis.encoding.DeserializationContext - Enter: DeserializationContext::endElement(, name)
23:36:48.558 [Test worker] DEBUG org.apache.axis.i18n.ProjectResourceBundle - org.apache.axis.i18n.resource::handleGetObject(popHandler00)
23:36:48.558 [Test worker] DEBUG org.apache.axis.encoding.DeserializationContext - Popping handler org.apache.axis.encoding.ser.SimpleDeserializer@18b12f0d
23:36:48.558 [Test worker] DEBUG org.apache.axis.i18n.ProjectResourceBundle - org.apache.axis.i18n.resource::handleGetObject(setValueInTarget00)
23:36:48.558 [Test worker] DEBUG org.apache.axis.encoding.DeserializerImpl - Set value test in target org.apache.axis.encoding.ser.BeanPropertyTarget@488a9b8c
23:36:48.558 [Test worker] DEBUG org.apache.axis.i18n.ProjectResourceBundle - org.apache.axis.i18n.resource::handleGetObject(setValueInTarget00)
23:36:48.558 [Test worker] DEBUG org.apache.axis.encoding.DeserializerImpl - Set value test in target org.apache.axis.encoding.CallbackTarget@40e8bad5
23:36:48.558 [Test worker] DEBUG org.apache.axis.encoding.DeserializationContext - Popped element stack to org.apache.axis.message.MessageElement:project
23:36:48.558 [Test worker] DEBUG org.apache.axis.encoding.DeserializationContext - Exit: DeserializationContext::endElement()
23:36:48.558 [Test worker] DEBUG org.apache.axis.encoding.DeserializationContext - Enter: DeserializationContext::endElement(, project)
23:36:48.558 [Test worker] DEBUG org.apache.axis.i18n.ProjectResourceBundle - org.apache.axis.i18n.resource::handleGetObject(popHandler00)
23:36:48.558 [Test worker] DEBUG org.apache.axis.encoding.DeserializationContext - Popping handler org.apache.axis.encoding.ser.BeanDeserializer@1af1cbff
23:36:48.558 [Test worker] DEBUG org.apache.axis.i18n.ProjectResourceBundle - org.apache.axis.i18n.resource::handleGetObject(setValueInTarget00)
23:36:48.558 [Test worker] DEBUG org.apache.axis.encoding.DeserializerImpl - Set value biz.futureware.mantis.rpc.soap.client.ObjectRef@364494 in target org.apache.axis.encoding.ser.BeanPropertyTarget@1128803b
23:36:48.558 [Test worker] DEBUG org.apache.axis.i18n.ProjectResourceBundle - org.apache.axis.i18n.resource::handleGetObject(setValueInTarget00)
23:36:48.558 [Test worker] DEBUG org.apache.axis.encoding.DeserializerImpl - Set value biz.futureware.mantis.rpc.soap.client.ObjectRef@364494 in target org.apache.axis.encoding.CallbackTarget@701c54
23:36:48.559 [Test worker] DEBUG org.apache.axis.encoding.DeserializationContext - Popped element stack to org.apache.axis.message.MessageElement:return
23:36:48.559 [Test worker] DEBUG org.apache.axis.encoding.DeserializationContext - Exit: DeserializationContext::endElement()
23:36:48.559 [Test worker] DEBUG org.apache.axis.encoding.DeserializationContext - Enter: DeserializationContext::startElement(, category)
23:36:48.559 [Test worker] DEBUG org.apache.axis.i18n.ProjectResourceBundle - org.apache.axis.i18n.resource::handleGetObject(pushHandler00)
23:36:48.559 [Test worker] DEBUG org.apache.axis.encoding.DeserializationContext - Pushing handler org.apache.axis.encoding.ser.SimpleDeserializer@1c3ab12d
23:36:48.559 [Test worker] DEBUG org.apache.axis.encoding.DeserializationContext - Exit: DeserializationContext::startElement()
23:36:48.559 [Test worker] DEBUG org.apache.axis.encoding.DeserializationContext - Enter: DeserializationContext::endElement(, category)
23:36:48.559 [Test worker] DEBUG org.apache.axis.i18n.ProjectResourceBundle - org.apache.axis.i18n.resource::handleGetObject(popHandler00)
23:36:48.559 [Test worker] DEBUG org.apache.axis.encoding.DeserializationContext - Popping handler org.apache.axis.encoding.ser.SimpleDeserializer@1c3ab12d
23:36:48.559 [Test worker] DEBUG org.apache.axis.i18n.ProjectResourceBundle - org.apache.axis.i18n.resource::handleGetObject(setValueInTarget00)
23:36:48.559 [Test worker] DEBUG org.apache.axis.encoding.DeserializerImpl - Set value General in target org.apache.axis.encoding.ser.BeanPropertyTarget@19819e6d
23:36:48.559 [Test worker] DEBUG org.apache.axis.i18n.ProjectResourceBundle - org.apache.axis.i18n.resource::handleGetObject(setValueInTarget00)
23:36:48.559 [Test worker] DEBUG org.apache.axis.encoding.DeserializerImpl - Set value General in target org.apache.axis.encoding.CallbackTarget@4c7dfc3e
23:36:48.559 [Test worker] DEBUG org.apache.axis.encoding.DeserializationContext - Popped element stack to org.apache.axis.message.MessageElement:return
23:36:48.559 [Test worker] DEBUG org.apache.axis.encoding.DeserializationContext - Exit: DeserializationContext::endElement()
23:36:48.559 [Test worker] DEBUG org.apache.axis.encoding.DeserializationContext - Enter: DeserializationContext::startElement(, priority)
23:36:48.559 [Test worker] DEBUG org.apache.axis.i18n.ProjectResourceBundle - org.apache.axis.i18n.resource::handleGetObject(pushHandler00)
23:36:48.559 [Test worker] DEBUG org.apache.axis.encoding.DeserializationContext - Pushing handler org.apache.axis.encoding.ser.BeanDeserializer@4c6fdb59
23:36:48.559 [Test worker] DEBUG org.apache.axis.encoding.DeserializationContext - Exit: DeserializationContext::startElement()
23:36:48.559 [Test worker] DEBUG org.apache.axis.encoding.DeserializationContext - Enter: DeserializationContext::startElement(, id)
23:36:48.559 [Test worker] DEBUG org.apache.axis.i18n.ProjectResourceBundle - org.apache.axis.i18n.resource::handleGetObject(pushHandler00)
23:36:48.559 [Test worker] DEBUG org.apache.axis.encoding.DeserializationContext - Pushing handler org.apache.axis.encoding.ser.SimpleDeserializer@515a820
23:36:48.559 [Test worker] DEBUG org.apache.axis.encoding.DeserializationContext - Exit: DeserializationContext::startElement()
23:36:48.559 [Test worker] DEBUG org.apache.axis.encoding.DeserializationContext - Enter: DeserializationContext::endElement(, id)
23:36:48.559 [Test worker] DEBUG org.apache.axis.i18n.ProjectResourceBundle - org.apache.axis.i18n.resource::handleGetObject(popHandler00)
23:36:48.559 [Test worker] DEBUG org.apache.axis.encoding.DeserializationContext - Popping handler org.apache.axis.encoding.ser.SimpleDeserializer@515a820
23:36:48.559 [Test worker] DEBUG org.apache.axis.i18n.ProjectResourceBundle - org.apache.axis.i18n.resource::handleGetObject(setValueInTarget00)
23:36:48.559 [Test worker] DEBUG org.apache.axis.encoding.DeserializerImpl - Set value 30 in target org.apache.axis.encoding.ser.BeanPropertyTarget@10f22c19
23:36:48.559 [Test worker] DEBUG org.apache.axis.i18n.ProjectResourceBundle - org.apache.axis.i18n.resource::handleGetObject(setValueInTarget00)
23:36:48.559 [Test worker] DEBUG org.apache.axis.encoding.DeserializerImpl - Set value 30 in target org.apache.axis.encoding.CallbackTarget@33cdae35
23:36:48.559 [Test worker] DEBUG org.apache.axis.encoding.DeserializationContext - Popped element stack to org.apache.axis.message.MessageElement:priority
23:36:48.559 [Test worker] DEBUG org.apache.axis.encoding.DeserializationContext - Exit: DeserializationContext::endElement()
23:36:48.559 [Test worker] DEBUG org.apache.axis.encoding.DeserializationContext - Enter: DeserializationContext::startElement(, name)
23:36:48.559 [Test worker] DEBUG org.apache.axis.i18n.ProjectResourceBundle - org.apache.axis.i18n.resource::handleGetObject(pushHandler00)
23:36:48.559 [Test worker] DEBUG org.apache.axis.encoding.DeserializationContext - Pushing handler org.apache.axis.encoding.ser.SimpleDeserializer@1ca0e06
23:36:48.559 [Test worker] DEBUG org.apache.axis.encoding.DeserializationContext - Exit: DeserializationContext::startElement()
23:36:48.559 [Test worker] DEBUG org.apache.axis.encoding.DeserializationContext - Enter: DeserializationContext::endElement(, name)
23:36:48.559 [Test worker] DEBUG org.apache.axis.i18n.ProjectResourceBundle - org.apache.axis.i18n.resource::handleGetObject(popHandler00)
23:36:48.560 [Test worker] DEBUG org.apache.axis.encoding.DeserializationContext - Popping handler org.apache.axis.encoding.ser.SimpleDeserializer@1ca0e06
23:36:48.560 [Test worker] DEBUG org.apache.axis.i18n.ProjectResourceBundle - org.apache.axis.i18n.resource::handleGetObject(setValueInTarget00)
23:36:48.560 [Test worker] DEBUG org.apache.axis.encoding.DeserializerImpl - Set value normal in target org.apache.axis.encoding.ser.BeanPropertyTarget@2936e2b7
23:36:48.560 [Test worker] DEBUG org.apache.axis.i18n.ProjectResourceBundle - org.apache.axis.i18n.resource::handleGetObject(setValueInTarget00)
23:36:48.560 [Test worker] DEBUG org.apache.axis.encoding.DeserializerImpl - Set value normal in target org.apache.axis.encoding.CallbackTarget@28a5916c
23:36:48.560 [Test worker] DEBUG org.apache.axis.encoding.DeserializationContext - Popped element stack to org.apache.axis.message.MessageElement:priority
23:36:48.560 [Test worker] DEBUG org.apache.axis.encoding.DeserializationContext - Exit: DeserializationContext::endElement()
23:36:48.560 [Test worker] DEBUG org.apache.axis.encoding.DeserializationContext - Enter: DeserializationContext::endElement(, priority)
23:36:48.560 [Test worker] DEBUG org.apache.axis.i18n.ProjectResourceBundle - org.apache.axis.i18n.resource::handleGetObject(popHandler00)
23:36:48.560 [Test worker] DEBUG org.apache.axis.encoding.DeserializationContext - Popping handler org.apache.axis.encoding.ser.BeanDeserializer@4c6fdb59
23:36:48.560 [Test worker] DEBUG org.apache.axis.i18n.ProjectResourceBundle - org.apache.axis.i18n.resource::handleGetObject(setValueInTarget00)
23:36:48.560 [Test worker] DEBUG org.apache.axis.encoding.DeserializerImpl - Set value biz.futureware.mantis.rpc.soap.client.ObjectRef@c206bd06 in target org.apache.axis.encoding.ser.BeanPropertyTarget@76472e4b
23:36:48.560 [Test worker] DEBUG org.apache.axis.i18n.ProjectResourceBundle - org.apache.axis.i18n.resource::handleGetObject(setValueInTarget00)
23:36:48.560 [Test worker] DEBUG org.apache.axis.encoding.DeserializerImpl - Set value biz.futureware.mantis.rpc.soap.client.ObjectRef@c206bd06 in target org.apache.axis.encoding.CallbackTarget@272ca4bb
23:36:48.560 [Test worker] DEBUG org.apache.axis.encoding.DeserializationContext - Popped element stack to org.apache.axis.message.MessageElement:return
23:36:48.560 [Test worker] DEBUG org.apache.axis.encoding.DeserializationContext - Exit: DeserializationContext::endElement()
23:36:48.560 [Test worker] DEBUG org.apache.axis.encoding.DeserializationContext - Enter: DeserializationContext::startElement(, severity)
23:36:48.560 [Test worker] DEBUG org.apache.axis.i18n.ProjectResourceBundle - org.apache.axis.i18n.resource::handleGetObject(pushHandler00)
23:36:48.560 [Test worker] DEBUG org.apache.axis.encoding.DeserializationContext - Pushing handler org.apache.axis.encoding.ser.BeanDeserializer@3991c9b3
23:36:48.560 [Test worker] DEBUG org.apache.axis.encoding.DeserializationContext - Exit: DeserializationContext::startElement()
23:36:48.560 [Test worker] DEBUG org.apache.axis.encoding.DeserializationContext - Enter: DeserializationContext::startElement(, id)
23:36:48.560 [Test worker] DEBUG org.apache.axis.i18n.ProjectResourceBundle - org.apache.axis.i18n.resource::handleGetObject(pushHandler00)
23:36:48.560 [Test worker] DEBUG org.apache.axis.encoding.DeserializationContext - Pushing handler org.apache.axis.encoding.ser.SimpleDeserializer@3dbb111c
23:36:48.560 [Test worker] DEBUG org.apache.axis.encoding.DeserializationContext - Exit: DeserializationContext::startElement()
23:36:48.560 [Test worker] DEBUG org.apache.axis.encoding.DeserializationContext - Enter: DeserializationContext::endElement(, id)
23:36:48.560 [Test worker] DEBUG org.apache.axis.i18n.ProjectResourceBundle - org.apache.axis.i18n.resource::handleGetObject(popHandler00)
23:36:48.560 [Test worker] DEBUG org.apache.axis.encoding.DeserializationContext - Popping handler org.apache.axis.encoding.ser.SimpleDeserializer@3dbb111c
23:36:48.560 [Test worker] DEBUG org.apache.axis.i18n.ProjectResourceBundle - org.apache.axis.i18n.resource::handleGetObject(setValueInTarget00)
23:36:48.560 [Test worker] DEBUG org.apache.axis.encoding.DeserializerImpl - Set value 50 in target org.apache.axis.encoding.ser.BeanPropertyTarget@72c15596
23:36:48.560 [Test worker] DEBUG org.apache.axis.i18n.ProjectResourceBundle - org.apache.axis.i18n.resource::handleGetObject(setValueInTarget00)
23:36:48.560 [Test worker] DEBUG org.apache.axis.encoding.DeserializerImpl - Set value 50 in target org.apache.axis.encoding.CallbackTarget@300a2e09
23:36:48.560 [Test worker] DEBUG org.apache.axis.encoding.DeserializationContext - Popped element stack to org.apache.axis.message.MessageElement:severity
23:36:48.560 [Test worker] DEBUG org.apache.axis.encoding.DeserializationContext - Exit: DeserializationContext::endElement()
23:36:48.560 [Test worker] DEBUG org.apache.axis.encoding.DeserializationContext - Enter: DeserializationContext::startElement(, name)
23:36:48.560 [Test worker] DEBUG org.apache.axis.i18n.ProjectResourceBundle - org.apache.axis.i18n.resource::handleGetObject(pushHandler00)
23:36:48.560 [Test worker] DEBUG org.apache.axis.encoding.DeserializationContext - Pushing handler org.apache.axis.encoding.ser.SimpleDeserializer@761b5ea
23:36:48.560 [Test worker] DEBUG org.apache.axis.encoding.DeserializationContext - Exit: DeserializationContext::startElement()
23:36:48.560 [Test worker] DEBUG org.apache.axis.encoding.DeserializationContext - Enter: DeserializationContext::endElement(, name)
23:36:48.560 [Test worker] DEBUG org.apache.axis.i18n.ProjectResourceBundle - org.apache.axis.i18n.resource::handleGetObject(popHandler00)
23:36:48.560 [Test worker] DEBUG org.apache.axis.encoding.DeserializationContext - Popping handler org.apache.axis.encoding.ser.SimpleDeserializer@761b5ea
23:36:48.560 [Test worker] DEBUG org.apache.axis.i18n.ProjectResourceBundle - org.apache.axis.i18n.resource::handleGetObject(setValueInTarget00)
23:36:48.560 [Test worker] DEBUG org.apache.axis.encoding.DeserializerImpl - Set value minor in target org.apache.axis.encoding.ser.BeanPropertyTarget@62b777eb
23:36:48.560 [Test worker] DEBUG org.apache.axis.i18n.ProjectResourceBundle - org.apache.axis.i18n.resource::handleGetObject(setValueInTarget00)
23:36:48.560 [Test worker] DEBUG org.apache.axis.encoding.DeserializerImpl - Set value minor in target org.apache.axis.encoding.CallbackTarget@1aa2e3ce
23:36:48.561 [Test worker] DEBUG org.apache.axis.encoding.DeserializationContext - Popped element stack to org.apache.axis.message.MessageElement:severity
23:36:48.561 [Test worker] DEBUG org.apache.axis.encoding.DeserializationContext - Exit: DeserializationContext::endElement()
23:36:48.561 [Test worker] DEBUG org.apache.axis.encoding.DeserializationContext - Enter: DeserializationContext::endElement(, severity)
23:36:48.561 [Test worker] DEBUG org.apache.axis.i18n.ProjectResourceBundle - org.apache.axis.i18n.resource::handleGetObject(popHandler00)
23:36:48.561 [Test worker] DEBUG org.apache.axis.encoding.DeserializationContext - Popping handler org.apache.axis.encoding.ser.BeanDeserializer@3991c9b3
23:36:48.561 [Test worker] DEBUG org.apache.axis.i18n.ProjectResourceBundle - org.apache.axis.i18n.resource::handleGetObject(setValueInTarget00)
23:36:48.561 [Test worker] DEBUG org.apache.axis.encoding.DeserializerImpl - Set value biz.futureware.mantis.rpc.soap.client.ObjectRef@63167e8 in target org.apache.axis.encoding.ser.BeanPropertyTarget@7b39ecf5
23:36:48.561 [Test worker] DEBUG org.apache.axis.i18n.ProjectResourceBundle - org.apache.axis.i18n.resource::handleGetObject(setValueInTarget00)
23:36:48.561 [Test worker] DEBUG org.apache.axis.encoding.DeserializerImpl - Set value biz.futureware.mantis.rpc.soap.client.ObjectRef@63167e8 in target org.apache.axis.encoding.CallbackTarget@71fdc89d
23:36:48.561 [Test worker] DEBUG org.apache.axis.encoding.DeserializationContext - Popped element stack to org.apache.axis.message.MessageElement:return
23:36:48.561 [Test worker] DEBUG org.apache.axis.encoding.DeserializationContext - Exit: DeserializationContext::endElement()
23:36:48.561 [Test worker] DEBUG org.apache.axis.encoding.DeserializationContext - Enter: DeserializationContext::startElement(, status)
23:36:48.561 [Test worker] DEBUG org.apache.axis.i18n.ProjectResourceBundle - org.apache.axis.i18n.resource::handleGetObject(pushHandler00)
23:36:48.561 [Test worker] DEBUG org.apache.axis.encoding.DeserializationContext - Pushing handler org.apache.axis.encoding.ser.BeanDeserializer@28ace166
23:36:48.561 [Test worker] DEBUG org.apache.axis.encoding.DeserializationContext - Exit: DeserializationContext::startElement()
23:36:48.561 [Test worker] DEBUG org.apache.axis.encoding.DeserializationContext - Enter: DeserializationContext::startElement(, id)
23:36:48.561 [Test worker] DEBUG org.apache.axis.i18n.ProjectResourceBundle - org.apache.axis.i18n.resource::handleGetObject(pushHandler00)
23:36:48.561 [Test worker] DEBUG org.apache.axis.encoding.DeserializationContext - Pushing handler org.apache.axis.encoding.ser.SimpleDeserializer@259dcb2e
23:36:48.561 [Test worker] DEBUG org.apache.axis.encoding.DeserializationContext - Exit: DeserializationContext::startElement()
23:36:48.561 [Test worker] DEBUG org.apache.axis.encoding.DeserializationContext - Enter: DeserializationContext::endElement(, id)
23:36:48.561 [Test worker] DEBUG org.apache.axis.i18n.ProjectResourceBundle - org.apache.axis.i18n.resource::handleGetObject(popHandler00)
23:36:48.561 [Test worker] DEBUG org.apache.axis.encoding.DeserializationContext - Popping handler org.apache.axis.encoding.ser.SimpleDeserializer@259dcb2e
23:36:48.561 [Test worker] DEBUG org.apache.axis.i18n.ProjectResourceBundle - org.apache.axis.i18n.resource::handleGetObject(setValueInTarget00)
23:36:48.561 [Test worker] DEBUG org.apache.axis.encoding.DeserializerImpl - Set value 10 in target org.apache.axis.encoding.ser.BeanPropertyTarget@1177c52c
23:36:48.561 [Test worker] DEBUG org.apache.axis.i18n.ProjectResourceBundle - org.apache.axis.i18n.resource::handleGetObject(setValueInTarget00)
23:36:48.561 [Test worker] DEBUG org.apache.axis.encoding.DeserializerImpl - Set value 10 in target org.apache.axis.encoding.CallbackTarget@e515ebf
23:36:48.561 [Test worker] DEBUG org.apache.axis.encoding.DeserializationContext - Popped element stack to org.apache.axis.message.MessageElement:status
23:36:48.561 [Test worker] DEBUG org.apache.axis.encoding.DeserializationContext - Exit: DeserializationContext::endElement()
23:36:48.561 [Test worker] DEBUG org.apache.axis.encoding.DeserializationContext - Enter: DeserializationContext::startElement(, name)
23:36:48.561 [Test worker] DEBUG org.apache.axis.i18n.ProjectResourceBundle - org.apache.axis.i18n.resource::handleGetObject(pushHandler00)
23:36:48.561 [Test worker] DEBUG org.apache.axis.encoding.DeserializationContext - Pushing handler org.apache.axis.encoding.ser.SimpleDeserializer@41b939c2
23:36:48.561 [Test worker] DEBUG org.apache.axis.encoding.DeserializationContext - Exit: DeserializationContext::startElement()
23:36:48.561 [Test worker] DEBUG org.apache.axis.encoding.DeserializationContext - Enter: DeserializationContext::endElement(, name)
23:36:48.561 [Test worker] DEBUG org.apache.axis.i18n.ProjectResourceBundle - org.apache.axis.i18n.resource::handleGetObject(popHandler00)
23:36:48.561 [Test worker] DEBUG org.apache.axis.encoding.DeserializationContext - Popping handler org.apache.axis.encoding.ser.SimpleDeserializer@41b939c2
23:36:48.561 [Test worker] DEBUG org.apache.axis.i18n.ProjectResourceBundle - org.apache.axis.i18n.resource::handleGetObject(setValueInTarget00)
23:36:48.561 [Test worker] DEBUG org.apache.axis.encoding.DeserializerImpl - Set value new in target org.apache.axis.encoding.ser.BeanPropertyTarget@a365e60
23:36:48.561 [Test worker] DEBUG org.apache.axis.i18n.ProjectResourceBundle - org.apache.axis.i18n.resource::handleGetObject(setValueInTarget00)
23:36:48.561 [Test worker] DEBUG org.apache.axis.encoding.DeserializerImpl - Set value new in target org.apache.axis.encoding.CallbackTarget@25c7b4af
23:36:48.561 [Test worker] DEBUG org.apache.axis.encoding.DeserializationContext - Popped element stack to org.apache.axis.message.MessageElement:status
23:36:48.561 [Test worker] DEBUG org.apache.axis.encoding.DeserializationContext - Exit: DeserializationContext::endElement()
23:36:48.561 [Test worker] DEBUG org.apache.axis.encoding.DeserializationContext - Enter: DeserializationContext::endElement(, status)
23:36:48.561 [Test worker] DEBUG org.apache.axis.i18n.ProjectResourceBundle - org.apache.axis.i18n.resource::handleGetObject(popHandler00)
23:36:48.561 [Test worker] DEBUG org.apache.axis.encoding.DeserializationContext - Popping handler org.apache.axis.encoding.ser.BeanDeserializer@28ace166
23:36:48.561 [Test worker] DEBUG org.apache.axis.i18n.ProjectResourceBundle - org.apache.axis.i18n.resource::handleGetObject(setValueInTarget00)
23:36:48.561 [Test worker] DEBUG org.apache.axis.encoding.DeserializerImpl - Set value biz.futureware.mantis.rpc.soap.client.ObjectRef@1a9ab in target org.apache.axis.encoding.ser.BeanPropertyTarget@2167b20e
23:36:48.561 [Test worker] DEBUG org.apache.axis.i18n.ProjectResourceBundle - org.apache.axis.i18n.resource::handleGetObject(setValueInTarget00)
23:36:48.561 [Test worker] DEBUG org.apache.axis.encoding.DeserializerImpl - Set value biz.futureware.mantis.rpc.soap.client.ObjectRef@1a9ab in target org.apache.axis.encoding.CallbackTarget@2918e8c9
23:36:48.561 [Test worker] DEBUG org.apache.axis.encoding.DeserializationContext - Popped element stack to org.apache.axis.message.MessageElement:return
23:36:48.561 [Test worker] DEBUG org.apache.axis.encoding.DeserializationContext - Exit: DeserializationContext::endElement()
23:36:48.561 [Test worker] DEBUG org.apache.axis.encoding.DeserializationContext - Enter: DeserializationContext::startElement(, reporter)
23:36:48.561 [Test worker] DEBUG org.apache.axis.i18n.ProjectResourceBundle - org.apache.axis.i18n.resource::handleGetObject(pushHandler00)
23:36:48.561 [Test worker] DEBUG org.apache.axis.encoding.DeserializationContext - Pushing handler org.apache.axis.encoding.ser.BeanDeserializer@11e576d4
23:36:48.561 [Test worker] DEBUG org.apache.axis.encoding.DeserializationContext - Exit: DeserializationContext::startElement()
23:36:48.561 [Test worker] DEBUG org.apache.axis.encoding.DeserializationContext - Enter: DeserializationContext::startElement(, id)
23:36:48.561 [Test worker] DEBUG org.apache.axis.i18n.ProjectResourceBundle - org.apache.axis.i18n.resource::handleGetObject(pushHandler00)
23:36:48.561 [Test worker] DEBUG org.apache.axis.encoding.DeserializationContext - Pushing handler org.apache.axis.encoding.ser.SimpleDeserializer@99fda8b
23:36:48.561 [Test worker] DEBUG org.apache.axis.encoding.DeserializationContext - Exit: DeserializationContext::startElement()
23:36:48.561 [Test worker] DEBUG org.apache.axis.encoding.DeserializationContext - Enter: DeserializationContext::endElement(, id)
23:36:48.562 [Test worker] DEBUG org.apache.axis.i18n.ProjectResourceBundle - org.apache.axis.i18n.resource::handleGetObject(popHandler00)
23:36:48.562 [Test worker] DEBUG org.apache.axis.encoding.DeserializationContext - Popping handler org.apache.axis.encoding.ser.SimpleDeserializer@99fda8b
23:36:48.562 [Test worker] DEBUG org.apache.axis.i18n.ProjectResourceBundle - org.apache.axis.i18n.resource::handleGetObject(setValueInTarget00)
23:36:48.562 [Test worker] DEBUG org.apache.axis.encoding.DeserializerImpl - Set value 1 in target org.apache.axis.encoding.ser.BeanPropertyTarget@1574ee74
23:36:48.562 [Test worker] DEBUG org.apache.axis.i18n.ProjectResourceBundle - org.apache.axis.i18n.resource::handleGetObject(setValueInTarget00)
23:36:48.562 [Test worker] DEBUG org.apache.axis.encoding.DeserializerImpl - Set value 1 in target org.apache.axis.encoding.CallbackTarget@7bc412b3
23:36:48.562 [Test worker] DEBUG org.apache.axis.encoding.DeserializationContext - Popped element stack to org.apache.axis.message.MessageElement:reporter
23:36:48.562 [Test worker] DEBUG org.apache.axis.encoding.DeserializationContext - Exit: DeserializationContext::endElement()
23:36:48.562 [Test worker] DEBUG org.apache.axis.encoding.DeserializationContext - Enter: DeserializationContext::startElement(, name)
23:36:48.562 [Test worker] DEBUG org.apache.axis.i18n.ProjectResourceBundle - org.apache.axis.i18n.resource::handleGetObject(pushHandler00)
23:36:48.562 [Test worker] DEBUG org.apache.axis.encoding.DeserializationContext - Pushing handler org.apache.axis.encoding.ser.SimpleDeserializer@41ad88c9
23:36:48.562 [Test worker] DEBUG org.apache.axis.encoding.DeserializationContext - Exit: DeserializationContext::startElement()
23:36:48.562 [Test worker] DEBUG org.apache.axis.encoding.DeserializationContext - Enter: DeserializationContext::endElement(, name)
23:36:48.562 [Test worker] DEBUG org.apache.axis.i18n.ProjectResourceBundle - org.apache.axis.i18n.resource::handleGetObject(popHandler00)
23:36:48.562 [Test worker] DEBUG org.apache.axis.encoding.DeserializationContext - Popping handler org.apache.axis.encoding.ser.SimpleDeserializer@41ad88c9
23:36:48.562 [Test worker] DEBUG org.apache.axis.i18n.ProjectResourceBundle - org.apache.axis.i18n.resource::handleGetObject(setValueInTarget00)
23:36:48.562 [Test worker] DEBUG org.apache.axis.encoding.DeserializerImpl - Set value administrator in target org.apache.axis.encoding.ser.BeanPropertyTarget@361159f5
23:36:48.562 [Test worker] DEBUG org.apache.axis.i18n.ProjectResourceBundle - org.apache.axis.i18n.resource::handleGetObject(setValueInTarget00)
23:36:48.562 [Test worker] DEBUG org.apache.axis.encoding.DeserializerImpl - Set value administrator in target org.apache.axis.encoding.CallbackTarget@4a4160d
23:36:48.562 [Test worker] DEBUG org.apache.axis.encoding.DeserializationContext - Popped element stack to org.apache.axis.message.MessageElement:reporter
23:36:48.562 [Test worker] DEBUG org.apache.axis.encoding.DeserializationContext - Exit: DeserializationContext::endElement()
23:36:48.562 [Test worker] DEBUG org.apache.axis.encoding.DeserializationContext - Enter: DeserializationContext::startElement(, email)
23:36:48.562 [Test worker] DEBUG org.apache.axis.i18n.ProjectResourceBundle - org.apache.axis.i18n.resource::handleGetObject(pushHandler00)
23:36:48.562 [Test worker] DEBUG org.apache.axis.encoding.DeserializationContext - Pushing handler org.apache.axis.encoding.ser.SimpleDeserializer@41ad88c9
23:36:48.562 [Test worker] DEBUG org.apache.axis.encoding.DeserializationContext - Exit: DeserializationContext::startElement()
23:36:48.562 [Test worker] DEBUG org.apache.axis.encoding.DeserializationContext - Enter: DeserializationContext::endElement(, email)
23:36:48.562 [Test worker] DEBUG org.apache.axis.i18n.ProjectResourceBundle - org.apache.axis.i18n.resource::handleGetObject(popHandler00)
23:36:48.562 [Test worker] DEBUG org.apache.axis.encoding.DeserializationContext - Popping handler org.apache.axis.encoding.ser.SimpleDeserializer@41ad88c9
23:36:48.562 [Test worker] DEBUG org.apache.axis.i18n.ProjectResourceBundle - org.apache.axis.i18n.resource::handleGetObject(setValueInTarget00)
23:36:48.562 [Test worker] DEBUG org.apache.axis.encoding.DeserializerImpl - Set value root@localhost in target org.apache.axis.encoding.ser.BeanPropertyTarget@5f2edda0
23:36:48.562 [Test worker] DEBUG org.apache.axis.i18n.ProjectResourceBundle - org.apache.axis.i18n.resource::handleGetObject(setValueInTarget00)
23:36:48.562 [Test worker] DEBUG org.apache.axis.encoding.DeserializerImpl - Set value root@localhost in target org.apache.axis.encoding.CallbackTarget@7268fd4c
23:36:48.562 [Test worker] DEBUG org.apache.axis.encoding.DeserializationContext - Popped element stack to org.apache.axis.message.MessageElement:reporter
23:36:48.562 [Test worker] DEBUG org.apache.axis.encoding.DeserializationContext - Exit: DeserializationContext::endElement()
23:36:48.562 [Test worker] DEBUG org.apache.axis.encoding.DeserializationContext - Enter: DeserializationContext::endElement(, reporter)
23:36:48.562 [Test worker] DEBUG org.apache.axis.i18n.ProjectResourceBundle - org.apache.axis.i18n.resource::handleGetObject(popHandler00)
23:36:48.562 [Test worker] DEBUG org.apache.axis.encoding.DeserializationContext - Popping handler org.apache.axis.encoding.ser.BeanDeserializer@11e576d4
23:36:48.562 [Test worker] DEBUG org.apache.axis.i18n.ProjectResourceBundle - org.apache.axis.i18n.resource::handleGetObject(setValueInTarget00)
23:36:48.562 [Test worker] DEBUG org.apache.axis.encoding.DeserializerImpl - Set value biz.futureware.mantis.rpc.soap.client.AccountData@70ea8084 in target org.apache.axis.encoding.ser.BeanPropertyTarget@4e0acc05
23:36:48.562 [Test worker] DEBUG org.apache.axis.i18n.ProjectResourceBundle - org.apache.axis.i18n.resource::handleGetObject(setValueInTarget00)
23:36:48.562 [Test worker] DEBUG org.apache.axis.encoding.DeserializerImpl - Set value biz.futureware.mantis.rpc.soap.client.AccountData@70ea8084 in target org.apache.axis.encoding.CallbackTarget@6abaafb7
23:36:48.562 [Test worker] DEBUG org.apache.axis.encoding.DeserializationContext - Popped element stack to org.apache.axis.message.MessageElement:return
23:36:48.562 [Test worker] DEBUG org.apache.axis.encoding.DeserializationContext - Exit: DeserializationContext::endElement()
23:36:48.562 [Test worker] DEBUG org.apache.axis.encoding.DeserializationContext - Enter: DeserializationContext::startElement(, summary)
23:36:48.562 [Test worker] DEBUG org.apache.axis.i18n.ProjectResourceBundle - org.apache.axis.i18n.resource::handleGetObject(pushHandler00)
23:36:48.562 [Test worker] DEBUG org.apache.axis.encoding.DeserializationContext - Pushing handler org.apache.axis.encoding.ser.SimpleDeserializer@1c3ab12d
23:36:48.562 [Test worker] DEBUG org.apache.axis.encoding.DeserializationContext - Exit: DeserializationContext::startElement()
23:36:48.562 [Test worker] DEBUG org.apache.axis.encoding.DeserializationContext - Enter: DeserializationContext::endElement(, summary)
23:36:48.562 [Test worker] DEBUG org.apache.axis.i18n.ProjectResourceBundle - org.apache.axis.i18n.resource::handleGetObject(popHandler00)
23:36:48.562 [Test worker] DEBUG org.apache.axis.encoding.DeserializationContext - Popping handler org.apache.axis.encoding.ser.SimpleDeserializer@1c3ab12d
23:36:48.562 [Test worker] DEBUG org.apache.axis.i18n.ProjectResourceBundle - org.apache.axis.i18n.resource::handleGetObject(setValueInTarget00)
23:36:48.562 [Test worker] DEBUG org.apache.axis.encoding.DeserializerImpl - Set value Test issue in target org.apache.axis.encoding.ser.BeanPropertyTarget@4350ac9d
23:36:48.562 [Test worker] DEBUG org.apache.axis.i18n.ProjectResourceBundle - org.apache.axis.i18n.resource::handleGetObject(setValueInTarget00)
23:36:48.562 [Test worker] DEBUG org.apache.axis.encoding.DeserializerImpl - Set value Test issue in target org.apache.axis.encoding.CallbackTarget@7667ab26
23:36:48.562 [Test worker] DEBUG org.apache.axis.encoding.DeserializationContext - Popped element stack to org.apache.axis.message.MessageElement:return
23:36:48.562 [Test worker] DEBUG org.apache.axis.encoding.DeserializationContext - Exit: DeserializationContext::endElement()
23:36:48.562 [Test worker] DEBUG org.apache.axis.encoding.DeserializationContext - Enter: DeserializationContext::startElement(, reproducibility)
23:36:48.563 [Test worker] DEBUG org.apache.axis.i18n.ProjectResourceBundle - org.apache.axis.i18n.resource::handleGetObject(pushHandler00)
23:36:48.563 [Test worker] DEBUG org.apache.axis.encoding.DeserializationContext - Pushing handler org.apache.axis.encoding.ser.BeanDeserializer@179f8c8d
23:36:48.563 [Test worker] DEBUG org.apache.axis.encoding.DeserializationContext - Exit: DeserializationContext::startElement()
23:36:48.563 [Test worker] DEBUG org.apache.axis.encoding.DeserializationContext - Enter: DeserializationContext::startElement(, id)
23:36:48.563 [Test worker] DEBUG org.apache.axis.i18n.ProjectResourceBundle - org.apache.axis.i18n.resource::handleGetObject(pushHandler00)
23:36:48.563 [Test worker] DEBUG org.apache.axis.encoding.DeserializationContext - Pushing handler org.apache.axis.encoding.ser.SimpleDeserializer@5cea2bc3
23:36:48.563 [Test worker] DEBUG org.apache.axis.encoding.DeserializationContext - Exit: DeserializationContext::startElement()
23:36:48.563 [Test worker] DEBUG org.apache.axis.encoding.DeserializationContext - Enter: DeserializationContext::endElement(, id)
23:36:48.563 [Test worker] DEBUG org.apache.axis.i18n.ProjectResourceBundle - org.apache.axis.i18n.resource::handleGetObject(popHandler00)
23:36:48.563 [Test worker] DEBUG org.apache.axis.encoding.DeserializationContext - Popping handler org.apache.axis.encoding.ser.SimpleDeserializer@5cea2bc3
23:36:48.564 [Test worker] DEBUG org.apache.axis.i18n.ProjectResourceBundle - org.apache.axis.i18n.resource::handleGetObject(setValueInTarget00)
23:36:48.564 [Test worker] DEBUG org.apache.axis.encoding.DeserializerImpl - Set value 70 in target org.apache.axis.encoding.ser.BeanPropertyTarget@2500ed9d
23:36:48.564 [Test worker] DEBUG org.apache.axis.i18n.ProjectResourceBundle - org.apache.axis.i18n.resource::handleGetObject(setValueInTarget00)
23:36:48.564 [Test worker] DEBUG org.apache.axis.encoding.DeserializerImpl - Set value 70 in target org.apache.axis.encoding.CallbackTarget@4e10e654
23:36:48.564 [Test worker] DEBUG org.apache.axis.encoding.DeserializationContext - Popped element stack to org.apache.axis.message.MessageElement:reproducibility
23:36:48.564 [Test worker] DEBUG org.apache.axis.encoding.DeserializationContext - Exit: DeserializationContext::endElement()
23:36:48.564 [Test worker] DEBUG org.apache.axis.encoding.DeserializationContext - Enter: DeserializationContext::startElement(, name)
23:36:48.564 [Test worker] DEBUG org.apache.axis.i18n.ProjectResourceBundle - org.apache.axis.i18n.resource::handleGetObject(pushHandler00)
23:36:48.564 [Test worker] DEBUG org.apache.axis.encoding.DeserializationContext - Pushing handler org.apache.axis.encoding.ser.SimpleDeserializer@43a96866
23:36:48.564 [Test worker] DEBUG org.apache.axis.encoding.DeserializationContext - Exit: DeserializationContext::startElement()
23:36:48.564 [Test worker] DEBUG org.apache.axis.encoding.DeserializationContext - Enter: DeserializationContext::endElement(, name)
23:36:48.564 [Test worker] DEBUG org.apache.axis.i18n.ProjectResourceBundle - org.apache.axis.i18n.resource::handleGetObject(popHandler00)
23:36:48.564 [Test worker] DEBUG org.apache.axis.encoding.DeserializationContext - Popping handler org.apache.axis.encoding.ser.SimpleDeserializer@43a96866
23:36:48.565 [Test worker] DEBUG org.apache.axis.i18n.ProjectResourceBundle - org.apache.axis.i18n.resource::handleGetObject(setValueInTarget00)
23:36:48.565 [Test worker] DEBUG org.apache.axis.encoding.DeserializerImpl - Set value have not tried in target org.apache.axis.encoding.ser.BeanPropertyTarget@7a6dad97
23:36:48.565 [Test worker] DEBUG org.apache.axis.i18n.ProjectResourceBundle - org.apache.axis.i18n.resource::handleGetObject(setValueInTarget00)
23:36:48.565 [Test worker] DEBUG org.apache.axis.encoding.DeserializerImpl - Set value have not tried in target org.apache.axis.encoding.CallbackTarget@3386c6c8
23:36:48.565 [Test worker] DEBUG org.apache.axis.encoding.DeserializationContext - Popped element stack to org.apache.axis.message.MessageElement:reproducibility
23:36:48.565 [Test worker] DEBUG org.apache.axis.encoding.DeserializationContext - Exit: DeserializationContext::endElement()
23:36:48.565 [Test worker] DEBUG org.apache.axis.encoding.DeserializationContext - Enter: DeserializationContext::endElement(, reproducibility)
23:36:48.565 [Test worker] DEBUG org.apache.axis.i18n.ProjectResourceBundle - org.apache.axis.i18n.resource::handleGetObject(popHandler00)
23:36:48.565 [Test worker] DEBUG org.apache.axis.encoding.DeserializationContext - Popping handler org.apache.axis.encoding.ser.BeanDeserializer@179f8c8d
23:36:48.565 [Test worker] DEBUG org.apache.axis.i18n.ProjectResourceBundle - org.apache.axis.i18n.resource::handleGetObject(setValueInTarget00)
23:36:48.565 [Test worker] DEBUG org.apache.axis.encoding.DeserializerImpl - Set value biz.futureware.mantis.rpc.soap.client.ObjectRef@ea9a678c in target org.apache.axis.encoding.ser.BeanPropertyTarget@3b646286
23:36:48.565 [Test worker] DEBUG org.apache.axis.i18n.ProjectResourceBundle - org.apache.axis.i18n.resource::handleGetObject(setValueInTarget00)
23:36:48.565 [Test worker] DEBUG org.apache.axis.encoding.DeserializerImpl - Set value biz.futureware.mantis.rpc.soap.client.ObjectRef@ea9a678c in target org.apache.axis.encoding.CallbackTarget@7df929f6
23:36:48.565 [Test worker] DEBUG org.apache.axis.encoding.DeserializationContext - Popped element stack to org.apache.axis.message.MessageElement:return
23:36:48.565 [Test worker] DEBUG org.apache.axis.encoding.DeserializationContext - Exit: DeserializationContext::endElement()
23:36:48.565 [Test worker] DEBUG org.apache.axis.encoding.DeserializationContext - Enter: DeserializationContext::startElement(, date_submitted)
23:36:48.565 [Test worker] DEBUG org.apache.axis.i18n.ProjectResourceBundle - org.apache.axis.i18n.resource::handleGetObject(pushHandler00)
23:36:48.565 [Test worker] DEBUG org.apache.axis.encoding.DeserializationContext - Pushing handler org.apache.axis.encoding.ser.CalendarDeserializer@6aef32cb
23:36:48.565 [Test worker] DEBUG org.apache.axis.encoding.DeserializationContext - Exit: DeserializationContext::startElement()
23:36:48.565 [Test worker] DEBUG org.apache.axis.encoding.DeserializationContext - Enter: DeserializationContext::endElement(, date_submitted)
23:36:48.565 [Test worker] DEBUG org.apache.axis.i18n.ProjectResourceBundle - org.apache.axis.i18n.resource::handleGetObject(popHandler00)
23:36:48.565 [Test worker] DEBUG org.apache.axis.encoding.DeserializationContext - Popping handler org.apache.axis.encoding.ser.CalendarDeserializer@6aef32cb
23:36:48.565 [Test worker] DEBUG org.apache.axis.i18n.ProjectResourceBundle - org.apache.axis.i18n.resource::handleGetObject(setValueInTarget00)
23:36:48.565 [Test worker] DEBUG org.apache.axis.encoding.DeserializerImpl - Set value java.util.GregorianCalendar[time=1586027712000,areFieldsSet=true,areAllFieldsSet=true,lenient=true,zone=sun.util.calendar.ZoneInfo[id="Europe/Moscow",offset=10800000,dstSavings=0,useDaylight=false,transitions=79,lastRule=null],firstDayOfWeek=2,minimalDaysInFirstWeek=1,ERA=1,YEAR=2020,MONTH=3,WEEK_OF_YEAR=14,WEEK_OF_MONTH=1,DAY_OF_MONTH=4,DAY_OF_YEAR=95,DAY_OF_WEEK=7,DAY_OF_WEEK_IN_MONTH=1,AM_PM=1,HOUR=10,HOUR_OF_DAY=22,MINUTE=15,SECOND=12,MILLISECOND=0,ZONE_OFFSET=10800000,DST_OFFSET=0] in target org.apache.axis.encoding.ser.BeanPropertyTarget@6fda09d8
23:36:48.565 [Test worker] DEBUG org.apache.axis.i18n.ProjectResourceBundle - org.apache.axis.i18n.resource::handleGetObject(setValueInTarget00)
23:36:48.565 [Test worker] DEBUG org.apache.axis.encoding.DeserializerImpl - Set value java.util.GregorianCalendar[time=1586027712000,areFieldsSet=true,areAllFieldsSet=true,lenient=true,zone=sun.util.calendar.ZoneInfo[id="Europe/Moscow",offset=10800000,dstSavings=0,useDaylight=false,transitions=79,lastRule=null],firstDayOfWeek=2,minimalDaysInFirstWeek=1,ERA=1,YEAR=2020,MONTH=3,WEEK_OF_YEAR=14,WEEK_OF_MONTH=1,DAY_OF_MONTH=4,DAY_OF_YEAR=95,DAY_OF_WEEK=7,DAY_OF_WEEK_IN_MONTH=1,AM_PM=1,HOUR=10,HOUR_OF_DAY=22,MINUTE=15,SECOND=12,MILLISECOND=0,ZONE_OFFSET=10800000,DST_OFFSET=0] in target org.apache.axis.encoding.CallbackTarget@773236f7
23:36:48.565 [Test worker] DEBUG org.apache.axis.encoding.DeserializationContext - Popped element stack to org.apache.axis.message.MessageElement:return
23:36:48.565 [Test worker] DEBUG org.apache.axis.encoding.DeserializationContext - Exit: DeserializationContext::endElement()
23:36:48.565 [Test worker] DEBUG org.apache.axis.encoding.DeserializationContext - Enter: DeserializationContext::startElement(, sponsorship_total)
23:36:48.566 [Test worker] DEBUG org.apache.axis.i18n.ProjectResourceBundle - org.apache.axis.i18n.resource::handleGetObject(pushHandler00)
23:36:48.566 [Test worker] DEBUG org.apache.axis.encoding.DeserializationContext - Pushing handler org.apache.axis.encoding.ser.SimpleDeserializer@4330177e
23:36:48.566 [Test worker] DEBUG org.apache.axis.encoding.DeserializationContext - Exit: DeserializationContext::startElement()
23:36:48.566 [Test worker] DEBUG org.apache.axis.encoding.DeserializationContext - Enter: DeserializationContext::endElement(, sponsorship_total)
23:36:48.566 [Test worker] DEBUG org.apache.axis.i18n.ProjectResourceBundle - org.apache.axis.i18n.resource::handleGetObject(popHandler00)
23:36:48.566 [Test worker] DEBUG org.apache.axis.encoding.DeserializationContext - Popping handler org.apache.axis.encoding.ser.SimpleDeserializer@4330177e
23:36:48.566 [Test worker] DEBUG org.apache.axis.i18n.ProjectResourceBundle - org.apache.axis.i18n.resource::handleGetObject(setValueInTarget00)
23:36:48.566 [Test worker] DEBUG org.apache.axis.encoding.DeserializerImpl - Set value 0 in target org.apache.axis.encoding.ser.BeanPropertyTarget@505a1cb9
23:36:48.566 [Test worker] DEBUG org.apache.axis.i18n.ProjectResourceBundle - org.apache.axis.i18n.resource::handleGetObject(setValueInTarget00)
23:36:48.566 [Test worker] DEBUG org.apache.axis.encoding.DeserializerImpl - Set value 0 in target org.apache.axis.encoding.CallbackTarget@6ff15ba3
23:36:48.566 [Test worker] DEBUG org.apache.axis.encoding.DeserializationContext - Popped element stack to org.apache.axis.message.MessageElement:return
23:36:48.566 [Test worker] DEBUG org.apache.axis.encoding.DeserializationContext - Exit: DeserializationContext::endElement()
23:36:48.566 [Test worker] DEBUG org.apache.axis.encoding.DeserializationContext - Enter: DeserializationContext::startElement(, resolution)
23:36:48.566 [Test worker] DEBUG org.apache.axis.i18n.ProjectResourceBundle - org.apache.axis.i18n.resource::handleGetObject(pushHandler00)
23:36:48.566 [Test worker] DEBUG org.apache.axis.encoding.DeserializationContext - Pushing handler org.apache.axis.encoding.ser.BeanDeserializer@9924d24
23:36:48.566 [Test worker] DEBUG org.apache.axis.encoding.DeserializationContext - Exit: DeserializationContext::startElement()
23:36:48.566 [Test worker] DEBUG org.apache.axis.encoding.DeserializationContext - Enter: DeserializationContext::startElement(, id)
23:36:48.566 [Test worker] DEBUG org.apache.axis.i18n.ProjectResourceBundle - org.apache.axis.i18n.resource::handleGetObject(pushHandler00)
23:36:48.566 [Test worker] DEBUG org.apache.axis.encoding.DeserializationContext - Pushing handler org.apache.axis.encoding.ser.SimpleDeserializer@4a5a208f
23:36:48.566 [Test worker] DEBUG org.apache.axis.encoding.DeserializationContext - Exit: DeserializationContext::startElement()
23:36:48.566 [Test worker] DEBUG org.apache.axis.encoding.DeserializationContext - Enter: DeserializationContext::endElement(, id)
23:36:48.566 [Test worker] DEBUG org.apache.axis.i18n.ProjectResourceBundle - org.apache.axis.i18n.resource::handleGetObject(popHandler00)
23:36:48.566 [Test worker] DEBUG org.apache.axis.encoding.DeserializationContext - Popping handler org.apache.axis.encoding.ser.SimpleDeserializer@4a5a208f
23:36:48.566 [Test worker] DEBUG org.apache.axis.i18n.ProjectResourceBundle - org.apache.axis.i18n.resource::handleGetObject(setValueInTarget00)
23:36:48.566 [Test worker] DEBUG org.apache.axis.encoding.DeserializerImpl - Set value 10 in target org.apache.axis.encoding.ser.BeanPropertyTarget@4ae542a9
23:36:48.566 [Test worker] DEBUG org.apache.axis.i18n.ProjectResourceBundle - org.apache.axis.i18n.resource::handleGetObject(setValueInTarget00)
23:36:48.566 [Test worker] DEBUG org.apache.axis.encoding.DeserializerImpl - Set value 10 in target org.apache.axis.encoding.CallbackTarget@2fac2415
23:36:48.566 [Test worker] DEBUG org.apache.axis.encoding.DeserializationContext - Popped element stack to org.apache.axis.message.MessageElement:resolution
23:36:48.566 [Test worker] DEBUG org.apache.axis.encoding.DeserializationContext - Exit: DeserializationContext::endElement()
23:36:48.566 [Test worker] DEBUG org.apache.axis.encoding.DeserializationContext - Enter: DeserializationContext::startElement(, name)
23:36:48.566 [Test worker] DEBUG org.apache.axis.i18n.ProjectResourceBundle - org.apache.axis.i18n.resource::handleGetObject(pushHandler00)
23:36:48.566 [Test worker] DEBUG org.apache.axis.encoding.DeserializationContext - Pushing handler org.apache.axis.encoding.ser.SimpleDeserializer@34ccb7a9
23:36:48.566 [Test worker] DEBUG org.apache.axis.encoding.DeserializationContext - Exit: DeserializationContext::startElement()
23:36:48.566 [Test worker] DEBUG org.apache.axis.encoding.DeserializationContext - Enter: DeserializationContext::endElement(, name)
23:36:48.566 [Test worker] DEBUG org.apache.axis.i18n.ProjectResourceBundle - org.apache.axis.i18n.resource::handleGetObject(popHandler00)
23:36:48.566 [Test worker] DEBUG org.apache.axis.encoding.DeserializationContext - Popping handler org.apache.axis.encoding.ser.SimpleDeserializer@34ccb7a9
23:36:48.566 [Test worker] DEBUG org.apache.axis.i18n.ProjectResourceBundle - org.apache.axis.i18n.resource::handleGetObject(setValueInTarget00)
23:36:48.566 [Test worker] DEBUG org.apache.axis.encoding.DeserializerImpl - Set value open in target org.apache.axis.encoding.ser.BeanPropertyTarget@2f09a7e7
23:36:48.566 [Test worker] DEBUG org.apache.axis.i18n.ProjectResourceBundle - org.apache.axis.i18n.resource::handleGetObject(setValueInTarget00)
23:36:48.566 [Test worker] DEBUG org.apache.axis.encoding.DeserializerImpl - Set value open in target org.apache.axis.encoding.CallbackTarget@4f9958a5
23:36:48.566 [Test worker] DEBUG org.apache.axis.encoding.DeserializationContext - Popped element stack to org.apache.axis.message.MessageElement:resolution
23:36:48.566 [Test worker] DEBUG org.apache.axis.encoding.DeserializationContext - Exit: DeserializationContext::endElement()
23:36:48.566 [Test worker] DEBUG org.apache.axis.encoding.DeserializationContext - Enter: DeserializationContext::endElement(, resolution)
23:36:48.566 [Test worker] DEBUG org.apache.axis.i18n.ProjectResourceBundle - org.apache.axis.i18n.resource::handleGetObject(popHandler00)
23:36:48.566 [Test worker] DEBUG org.apache.axis.encoding.DeserializationContext - Popping handler org.apache.axis.encoding.ser.BeanDeserializer@9924d24
23:36:48.566 [Test worker] DEBUG org.apache.axis.i18n.ProjectResourceBundle - org.apache.axis.i18n.resource::handleGetObject(setValueInTarget00)
23:36:48.566 [Test worker] DEBUG org.apache.axis.encoding.DeserializerImpl - Set value biz.futureware.mantis.rpc.soap.client.ObjectRef@342655 in target org.apache.axis.encoding.ser.BeanPropertyTarget@15b51cf
23:36:48.566 [Test worker] DEBUG org.apache.axis.i18n.ProjectResourceBundle - org.apache.axis.i18n.resource::handleGetObject(setValueInTarget00)
23:36:48.566 [Test worker] DEBUG org.apache.axis.encoding.DeserializerImpl - Set value biz.futureware.mantis.rpc.soap.client.ObjectRef@342655 in target org.apache.axis.encoding.CallbackTarget@50fbdfb2
23:36:48.566 [Test worker] DEBUG org.apache.axis.encoding.DeserializationContext - Popped element stack to org.apache.axis.message.MessageElement:return
23:36:48.566 [Test worker] DEBUG org.apache.axis.encoding.DeserializationContext - Exit: DeserializationContext::endElement()
23:36:48.566 [Test worker] DEBUG org.apache.axis.encoding.DeserializationContext - Enter: DeserializationContext::startElement(, description)
23:36:48.566 [Test worker] DEBUG org.apache.axis.i18n.ProjectResourceBundle - org.apache.axis.i18n.resource::handleGetObject(pushHandler00)
23:36:48.566 [Test worker] DEBUG org.apache.axis.encoding.DeserializationContext - Pushing handler org.apache.axis.encoding.ser.SimpleDeserializer@1c3ab12d
23:36:48.566 [Test worker] DEBUG org.apache.axis.encoding.DeserializationContext - Exit: DeserializationContext::startElement()
23:36:48.566 [Test worker] DEBUG org.apache.axis.encoding.DeserializationContext - Enter: DeserializationContext::endElement(, description)
23:36:48.566 [Test worker] DEBUG org.apache.axis.i18n.ProjectResourceBundle - org.apache.axis.i18n.resource::handleGetObject(popHandler00)
23:36:48.566 [Test worker] DEBUG org.apache.axis.encoding.DeserializationContext - Popping handler org.apache.axis.encoding.ser.SimpleDeserializer@1c3ab12d
23:36:48.566 [Test worker] DEBUG org.apache.axis.i18n.ProjectResourceBundle - org.apache.axis.i18n.resource::handleGetObject(setValueInTarget00)
23:36:48.566 [Test worker] DEBUG org.apache.axis.encoding.DeserializerImpl - Set value Test issue description in target org.apache.axis.encoding.ser.BeanPropertyTarget@32af6cd5
23:36:48.566 [Test worker] DEBUG org.apache.axis.i18n.ProjectResourceBundle - org.apache.axis.i18n.resource::handleGetObject(setValueInTarget00)
23:36:48.566 [Test worker] DEBUG org.apache.axis.encoding.DeserializerImpl - Set value Test issue description in target org.apache.axis.encoding.CallbackTarget@37765655
23:36:48.566 [Test worker] DEBUG org.apache.axis.encoding.DeserializationContext - Popped element stack to org.apache.axis.message.MessageElement:return
23:36:48.566 [Test worker] DEBUG org.apache.axis.encoding.DeserializationContext - Exit: DeserializationContext::endElement()
23:36:48.566 [Test worker] DEBUG org.apache.axis.encoding.DeserializationContext - Enter: DeserializationContext::startElement(, attachments)
23:36:48.566 [Test worker] DEBUG org.apache.axis.i18n.ProjectResourceBundle - org.apache.axis.i18n.resource::handleGetObject(pushHandler00)
23:36:48.566 [Test worker] DEBUG org.apache.axis.encoding.DeserializationContext - Pushing handler org.apache.axis.encoding.ser.ArrayDeserializer@6c78ac5d
23:36:48.567 [Test worker] DEBUG org.apache.axis.encoding.ser.ArrayDeserializer - Enter: ArrayDeserializer::startElement()
23:36:48.567 [Test worker] DEBUG org.apache.axis.encoding.ser.ArrayDeserializer - Exit: ArrayDeserializer::startElement()
23:36:48.567 [Test worker] DEBUG org.apache.axis.encoding.DeserializationContext - Exit: DeserializationContext::startElement()
23:36:48.567 [Test worker] DEBUG org.apache.axis.encoding.DeserializationContext - Enter: DeserializationContext::endElement(, attachments)
23:36:48.567 [Test worker] DEBUG org.apache.axis.i18n.ProjectResourceBundle - org.apache.axis.i18n.resource::handleGetObject(popHandler00)
23:36:48.567 [Test worker] DEBUG org.apache.axis.encoding.DeserializationContext - Popping handler org.apache.axis.encoding.ser.ArrayDeserializer@6c78ac5d
23:36:48.567 [Test worker] DEBUG org.apache.axis.i18n.ProjectResourceBundle - org.apache.axis.i18n.resource::handleGetObject(convert00)
23:36:48.567 [Test worker] DEBUG org.apache.axis.utils.JavaUtils - Trying to convert org.apache.axis.encoding.ser.ArrayDeserializer$ArrayListExtension to [Lbiz.futureware.mantis.rpc.soap.client.AttachmentData;
23:36:48.567 [Test worker] DEBUG org.apache.axis.i18n.ProjectResourceBundle - org.apache.axis.i18n.resource::handleGetObject(setValueInTarget00)
23:36:48.567 [Test worker] DEBUG org.apache.axis.encoding.DeserializerImpl - Set value [Lbiz.futureware.mantis.rpc.soap.client.AttachmentData;@6270f82f in target org.apache.axis.encoding.ser.BeanPropertyTarget@2b70e970
23:36:48.567 [Test worker] DEBUG org.apache.axis.i18n.ProjectResourceBundle - org.apache.axis.i18n.resource::handleGetObject(setValueInTarget00)
23:36:48.567 [Test worker] DEBUG org.apache.axis.encoding.DeserializerImpl - Set value [Lbiz.futureware.mantis.rpc.soap.client.AttachmentData;@6270f82f in target org.apache.axis.encoding.CallbackTarget@2e31d6b5
23:36:48.567 [Test worker] DEBUG org.apache.axis.encoding.DeserializationContext - Popped element stack to org.apache.axis.message.MessageElement:return
23:36:48.567 [Test worker] DEBUG org.apache.axis.encoding.DeserializationContext - Exit: DeserializationContext::endElement()
23:36:48.567 [Test worker] DEBUG org.apache.axis.encoding.DeserializationContext - Enter: DeserializationContext::startElement(, monitors)
23:36:48.567 [Test worker] DEBUG org.apache.axis.i18n.ProjectResourceBundle - org.apache.axis.i18n.resource::handleGetObject(pushHandler00)
23:36:48.567 [Test worker] DEBUG org.apache.axis.encoding.DeserializationContext - Pushing handler org.apache.axis.encoding.ser.ArrayDeserializer@7029d6a
23:36:48.567 [Test worker] DEBUG org.apache.axis.encoding.ser.ArrayDeserializer - Enter: ArrayDeserializer::startElement()
23:36:48.567 [Test worker] DEBUG org.apache.axis.encoding.ser.ArrayDeserializer - Exit: ArrayDeserializer::startElement()
23:36:48.567 [Test worker] DEBUG org.apache.axis.encoding.DeserializationContext - Exit: DeserializationContext::startElement()
23:36:48.567 [Test worker] DEBUG org.apache.axis.encoding.DeserializationContext - Enter: DeserializationContext::endElement(, monitors)
23:36:48.567 [Test worker] DEBUG org.apache.axis.i18n.ProjectResourceBundle - org.apache.axis.i18n.resource::handleGetObject(popHandler00)
23:36:48.567 [Test worker] DEBUG org.apache.axis.encoding.DeserializationContext - Popping handler org.apache.axis.encoding.ser.ArrayDeserializer@7029d6a
23:36:48.567 [Test worker] DEBUG org.apache.axis.i18n.ProjectResourceBundle - org.apache.axis.i18n.resource::handleGetObject(convert00)
23:36:48.567 [Test worker] DEBUG org.apache.axis.utils.JavaUtils - Trying to convert org.apache.axis.encoding.ser.ArrayDeserializer$ArrayListExtension to [Lbiz.futureware.mantis.rpc.soap.client.AccountData;
23:36:48.567 [Test worker] DEBUG org.apache.axis.i18n.ProjectResourceBundle - org.apache.axis.i18n.resource::handleGetObject(setValueInTarget00)
23:36:48.567 [Test worker] DEBUG org.apache.axis.encoding.DeserializerImpl - Set value [Lbiz.futureware.mantis.rpc.soap.client.AccountData;@62d6bc25 in target org.apache.axis.encoding.ser.BeanPropertyTarget@4e41f266
23:36:48.567 [Test worker] DEBUG org.apache.axis.i18n.ProjectResourceBundle - org.apache.axis.i18n.resource::handleGetObject(setValueInTarget00)
23:36:48.567 [Test worker] DEBUG org.apache.axis.encoding.DeserializerImpl - Set value [Lbiz.futureware.mantis.rpc.soap.client.AccountData;@62d6bc25 in target org.apache.axis.encoding.CallbackTarget@6ee50165
23:36:48.567 [Test worker] DEBUG org.apache.axis.encoding.DeserializationContext - Popped element stack to org.apache.axis.message.MessageElement:return
23:36:48.567 [Test worker] DEBUG org.apache.axis.encoding.DeserializationContext - Exit: DeserializationContext::endElement()
23:36:48.567 [Test worker] DEBUG org.apache.axis.encoding.DeserializationContext - Enter: DeserializationContext::startElement(, sticky)
23:36:48.567 [Test worker] DEBUG org.apache.axis.i18n.ProjectResourceBundle - org.apache.axis.i18n.resource::handleGetObject(pushHandler00)
23:36:48.567 [Test worker] DEBUG org.apache.axis.encoding.DeserializationContext - Pushing handler org.apache.axis.encoding.ser.SimpleDeserializer@7d9f281e
23:36:48.567 [Test worker] DEBUG org.apache.axis.encoding.DeserializationContext - Exit: DeserializationContext::startElement()
23:36:48.567 [Test worker] DEBUG org.apache.axis.encoding.DeserializationContext - Enter: DeserializationContext::endElement(, sticky)
23:36:48.567 [Test worker] DEBUG org.apache.axis.i18n.ProjectResourceBundle - org.apache.axis.i18n.resource::handleGetObject(popHandler00)
23:36:48.567 [Test worker] DEBUG org.apache.axis.encoding.DeserializationContext - Popping handler org.apache.axis.encoding.ser.SimpleDeserializer@7d9f281e
23:36:48.567 [Test worker] DEBUG org.apache.axis.i18n.ProjectResourceBundle - org.apache.axis.i18n.resource::handleGetObject(setValueInTarget00)
23:36:48.567 [Test worker] DEBUG org.apache.axis.encoding.DeserializerImpl - Set value false in target org.apache.axis.encoding.ser.BeanPropertyTarget@2aff941c
23:36:48.568 [Test worker] DEBUG org.apache.axis.i18n.ProjectResourceBundle - org.apache.axis.i18n.resource::handleGetObject(setValueInTarget00)
23:36:48.568 [Test worker] DEBUG org.apache.axis.encoding.DeserializerImpl - Set value false in target org.apache.axis.encoding.CallbackTarget@6b6c91e7
23:36:48.568 [Test worker] DEBUG org.apache.axis.encoding.DeserializationContext - Popped element stack to org.apache.axis.message.MessageElement:return
23:36:48.568 [Test worker] DEBUG org.apache.axis.encoding.DeserializationContext - Exit: DeserializationContext::endElement()
23:36:48.568 [Test worker] DEBUG org.apache.axis.encoding.DeserializationContext - Enter: DeserializationContext::startElement(, tags)
23:36:48.568 [Test worker] DEBUG org.apache.axis.i18n.ProjectResourceBundle - org.apache.axis.i18n.resource::handleGetObject(pushHandler00)
23:36:48.568 [Test worker] DEBUG org.apache.axis.encoding.DeserializationContext - Pushing handler org.apache.axis.encoding.ser.ArrayDeserializer@2dc44bc6
23:36:48.568 [Test worker] DEBUG org.apache.axis.encoding.ser.ArrayDeserializer - Enter: ArrayDeserializer::startElement()
23:36:48.568 [Test worker] DEBUG org.apache.axis.encoding.ser.ArrayDeserializer - Exit: ArrayDeserializer::startElement()
23:36:48.568 [Test worker] DEBUG org.apache.axis.encoding.DeserializationContext - Exit: DeserializationContext::startElement()
23:36:48.568 [Test worker] DEBUG org.apache.axis.encoding.DeserializationContext - Enter: DeserializationContext::endElement(, tags)
23:36:48.568 [Test worker] DEBUG org.apache.axis.i18n.ProjectResourceBundle - org.apache.axis.i18n.resource::handleGetObject(popHandler00)
23:36:48.568 [Test worker] DEBUG org.apache.axis.encoding.DeserializationContext - Popping handler org.apache.axis.encoding.ser.ArrayDeserializer@2dc44bc6
23:36:48.568 [Test worker] DEBUG org.apache.axis.i18n.ProjectResourceBundle - org.apache.axis.i18n.resource::handleGetObject(convert00)
23:36:48.568 [Test worker] DEBUG org.apache.axis.utils.JavaUtils - Trying to convert org.apache.axis.encoding.ser.ArrayDeserializer$ArrayListExtension to [Lbiz.futureware.mantis.rpc.soap.client.ObjectRef;
23:36:48.568 [Test worker] DEBUG org.apache.axis.i18n.ProjectResourceBundle - org.apache.axis.i18n.resource::handleGetObject(setValueInTarget00)
23:36:48.568 [Test worker] DEBUG org.apache.axis.encoding.DeserializerImpl - Set value [Lbiz.futureware.mantis.rpc.soap.client.ObjectRef;@291f59b8 in target org.apache.axis.encoding.ser.BeanPropertyTarget@7f1667f3
23:36:48.568 [Test worker] DEBUG org.apache.axis.i18n.ProjectResourceBundle - org.apache.axis.i18n.resource::handleGetObject(setValueInTarget00)
23:36:48.568 [Test worker] DEBUG org.apache.axis.encoding.DeserializerImpl - Set value [Lbiz.futureware.mantis.rpc.soap.client.ObjectRef;@291f59b8 in target org.apache.axis.encoding.CallbackTarget@707a325f
23:36:48.568 [Test worker] DEBUG org.apache.axis.encoding.DeserializationContext - Popped element stack to org.apache.axis.message.MessageElement:return
23:36:48.568 [Test worker] DEBUG org.apache.axis.encoding.DeserializationContext - Exit: DeserializationContext::endElement()
23:36:48.568 [Test worker] DEBUG org.apache.axis.encoding.DeserializationContext - Enter: DeserializationContext::endElement(, return)
23:36:48.568 [Test worker] DEBUG org.apache.axis.i18n.ProjectResourceBundle - org.apache.axis.i18n.resource::handleGetObject(popHandler00)
23:36:48.568 [Test worker] DEBUG org.apache.axis.encoding.DeserializationContext - Popping handler org.apache.axis.encoding.ser.BeanDeserializer@7c004a62
23:36:48.568 [Test worker] DEBUG org.apache.axis.i18n.ProjectResourceBundle - org.apache.axis.i18n.resource::handleGetObject(setValueInTarget00)
23:36:48.568 [Test worker] DEBUG org.apache.axis.encoding.DeserializerImpl - Set value biz.futureware.mantis.rpc.soap.client.IssueData@1493f330 in target org.apache.axis.message.RPCParamTarget@7f6fdded
23:36:48.568 [Test worker] DEBUG org.apache.axis.encoding.DeserializationContext - Popped element stack to org.apache.axis.message.RPCElement:mc_issue_getResponse
23:36:48.568 [Test worker] DEBUG org.apache.axis.encoding.DeserializationContext - Exit: DeserializationContext::endElement()
23:36:48.568 [Test worker] DEBUG org.apache.axis.encoding.DeserializationContext - Enter: DeserializationContext::endElement(http://futureware.biz/mantisconnect, mc_issue_getResponse)
23:36:48.568 [Test worker] DEBUG org.apache.axis.i18n.ProjectResourceBundle - org.apache.axis.i18n.resource::handleGetObject(popHandler00)
23:36:48.568 [Test worker] DEBUG org.apache.axis.encoding.DeserializationContext - Popping handler org.apache.axis.message.RPCHandler@5276350e
23:36:48.568 [Test worker] DEBUG org.apache.axis.i18n.ProjectResourceBundle - org.apache.axis.i18n.resource::handleGetObject(setProp00)
23:36:48.568 [Test worker] DEBUG org.apache.axis.message.RPCHandler - Setting MessageContext property in RPCHandler.endElement().
23:36:48.568 [Test worker] DEBUG org.apache.axis.encoding.DeserializationContext - Popped element stack to org.apache.axis.message.SOAPBody:Body
23:36:48.568 [Test worker] DEBUG org.apache.axis.encoding.DeserializationContext - Exit: DeserializationContext::endElement()
23:36:48.568 [Test worker] DEBUG org.apache.axis.client.Call - Exit: Call::invoke(RPCElement)
23:36:48.568 [Test worker] DEBUG org.apache.axis.client.Call - Exit: Call::invoke(ns, meth, args)
23:36:48.568 [Test worker] DEBUG org.apache.axis.TIME - axis.Call.invoke: 161 {http://futureware.biz/mantisconnect}mc_issue_get
23:36:48.568 [Test worker] DEBUG org.apache.axis.SOAPPart - Enter: SOAPPart::saveChanges
23:36:48.568 [Test worker] DEBUG org.apache.axis.i18n.ProjectResourceBundle - org.apache.axis.i18n.resource::handleGetObject(register00)
23:36:48.568 [Test worker] DEBUG org.apache.axis.encoding.SerializationContext - register 'SOAP-ENV' - 'http://schemas.xmlsoap.org/soap/envelope/'
23:36:48.568 [Test worker] DEBUG org.apache.axis.i18n.ProjectResourceBundle - org.apache.axis.i18n.resource::handleGetObject(register00)
23:36:48.568 [Test worker] DEBUG org.apache.axis.encoding.SerializationContext - register 'ns1' - 'http://futureware.biz/mantisconnect'
23:36:48.568 [Test worker] DEBUG org.apache.axis.i18n.ProjectResourceBundle - org.apache.axis.i18n.resource::handleGetObject(register00)
23:36:48.568 [Test worker] DEBUG org.apache.axis.encoding.SerializationContext - register 'xsd' - 'http://www.w3.org/2001/XMLSchema'
23:36:48.568 [Test worker] DEBUG org.apache.axis.i18n.ProjectResourceBundle - org.apache.axis.i18n.resource::handleGetObject(register00)
23:36:48.568 [Test worker] DEBUG org.apache.axis.encoding.SerializationContext - register 'xsi' - 'http://www.w3.org/2001/XMLSchema-instance'
23:36:48.568 [Test worker] DEBUG org.apache.axis.i18n.ProjectResourceBundle - org.apache.axis.i18n.resource::handleGetObject(register00)
23:36:48.568 [Test worker] DEBUG org.apache.axis.encoding.SerializationContext - register 'SOAP-ENC' - 'http://schemas.xmlsoap.org/soap/encoding/'
23:36:48.568 [Test worker] DEBUG org.apache.axis.i18n.ProjectResourceBundle - org.apache.axis.i18n.resource::handleGetObject(startElem00)
23:36:48.568 [Test worker] DEBUG org.apache.axis.encoding.SerializationContext - Start element [http://schemas.xmlsoap.org/soap/envelope/]:Envelope
23:36:48.568 [Test worker] DEBUG org.apache.axis.i18n.ProjectResourceBundle - org.apache.axis.i18n.resource::handleGetObject(headers00)
23:36:48.568 [Test worker] DEBUG org.apache.axis.message.SOAPHeader - 0 headers
23:36:48.568 [Test worker] DEBUG org.apache.axis.i18n.ProjectResourceBundle - org.apache.axis.i18n.resource::handleGetObject(startElem00)
23:36:48.569 [Test worker] DEBUG org.apache.axis.encoding.SerializationContext - Start element [http://schemas.xmlsoap.org/soap/envelope/]:Body
23:36:48.569 [Test worker] DEBUG org.apache.axis.message.SAXOutputter - SAXOutputter.startElement ['http://futureware.biz/mantisconnect' mc_issue_getResponse]
23:36:48.569 [Test worker] DEBUG org.apache.axis.i18n.ProjectResourceBundle - org.apache.axis.i18n.resource::handleGetObject(startElem00)
23:36:48.569 [Test worker] DEBUG org.apache.axis.encoding.SerializationContext - Start element [http://futureware.biz/mantisconnect]:mc_issue_getResponse
23:36:48.569 [Test worker] DEBUG org.apache.axis.message.SAXOutputter - SAXOutputter.startElement ['' return]
23:36:48.569 [Test worker] DEBUG org.apache.axis.i18n.ProjectResourceBundle - org.apache.axis.i18n.resource::handleGetObject(startElem00)
23:36:48.569 [Test worker] DEBUG org.apache.axis.encoding.SerializationContext - Start element []:return
23:36:48.569 [Test worker] DEBUG org.apache.axis.message.SAXOutputter - SAXOutputter.startElement ['' id]
23:36:48.569 [Test worker] DEBUG org.apache.axis.i18n.ProjectResourceBundle - org.apache.axis.i18n.resource::handleGetObject(startElem00)
23:36:48.569 [Test worker] DEBUG org.apache.axis.encoding.SerializationContext - Start element []:id
23:36:48.569 [Test worker] DEBUG org.apache.axis.message.SAXOutputter - SAXOutputter.characters ['2']
23:36:48.569 [Test worker] DEBUG org.apache.axis.message.SAXOutputter - SAXOutputter.endElement ['' id]
23:36:48.569 [Test worker] DEBUG org.apache.axis.i18n.ProjectResourceBundle - org.apache.axis.i18n.resource::handleGetObject(endElem00)
23:36:48.569 [Test worker] DEBUG org.apache.axis.encoding.SerializationContext - End element id
23:36:48.569 [Test worker] DEBUG org.apache.axis.message.SAXOutputter - SAXOutputter.startElement ['' view_state]
23:36:48.569 [Test worker] DEBUG org.apache.axis.i18n.ProjectResourceBundle - org.apache.axis.i18n.resource::handleGetObject(startElem00)
23:36:48.569 [Test worker] DEBUG org.apache.axis.encoding.SerializationContext - Start element []:view_state
23:36:48.569 [Test worker] DEBUG org.apache.axis.message.SAXOutputter - SAXOutputter.startElement ['' id]
23:36:48.569 [Test worker] DEBUG org.apache.axis.i18n.ProjectResourceBundle - org.apache.axis.i18n.resource::handleGetObject(startElem00)
23:36:48.569 [Test worker] DEBUG org.apache.axis.encoding.SerializationContext - Start element []:id
23:36:48.569 [Test worker] DEBUG org.apache.axis.message.SAXOutputter - SAXOutputter.characters ['10']
23:36:48.569 [Test worker] DEBUG org.apache.axis.message.SAXOutputter - SAXOutputter.endElement ['' id]
23:36:48.569 [Test worker] DEBUG org.apache.axis.i18n.ProjectResourceBundle - org.apache.axis.i18n.resource::handleGetObject(endElem00)
23:36:48.569 [Test worker] DEBUG org.apache.axis.encoding.SerializationContext - End element id
23:36:48.569 [Test worker] DEBUG org.apache.axis.message.SAXOutputter - SAXOutputter.startElement ['' name]
23:36:48.569 [Test worker] DEBUG org.apache.axis.i18n.ProjectResourceBundle - org.apache.axis.i18n.resource::handleGetObject(startElem00)
23:36:48.569 [Test worker] DEBUG org.apache.axis.encoding.SerializationContext - Start element []:name
23:36:48.569 [Test worker] DEBUG org.apache.axis.message.SAXOutputter - SAXOutputter.characters ['public']
23:36:48.569 [Test worker] DEBUG org.apache.axis.message.SAXOutputter - SAXOutputter.endElement ['' name]
23:36:48.569 [Test worker] DEBUG org.apache.axis.i18n.ProjectResourceBundle - org.apache.axis.i18n.resource::handleGetObject(endElem00)
23:36:48.569 [Test worker] DEBUG org.apache.axis.encoding.SerializationContext - End element name
23:36:48.569 [Test worker] DEBUG org.apache.axis.message.SAXOutputter - SAXOutputter.endElement ['' view_state]
23:36:48.569 [Test worker] DEBUG org.apache.axis.i18n.ProjectResourceBundle - org.apache.axis.i18n.resource::handleGetObject(endElem00)
23:36:48.569 [Test worker] DEBUG org.apache.axis.encoding.SerializationContext - End element view_state
23:36:48.569 [Test worker] DEBUG org.apache.axis.message.SAXOutputter - SAXOutputter.startElement ['' last_updated]
23:36:48.569 [Test worker] DEBUG org.apache.axis.i18n.ProjectResourceBundle - org.apache.axis.i18n.resource::handleGetObject(startElem00)
23:36:48.569 [Test worker] DEBUG org.apache.axis.encoding.SerializationContext - Start element []:last_updated
23:36:48.569 [Test worker] DEBUG org.apache.axis.message.SAXOutputter - SAXOutputter.characters ['2020-04-04T21:15:12+02:00']
23:36:48.569 [Test worker] DEBUG org.apache.axis.message.SAXOutputter - SAXOutputter.endElement ['' last_updated]
23:36:48.569 [Test worker] DEBUG org.apache.axis.i18n.ProjectResourceBundle - org.apache.axis.i18n.resource::handleGetObject(endElem00)
23:36:48.569 [Test worker] DEBUG org.apache.axis.encoding.SerializationContext - End element last_updated
23:36:48.569 [Test worker] DEBUG org.apache.axis.message.SAXOutputter - SAXOutputter.startElement ['' project]
23:36:48.569 [Test worker] DEBUG org.apache.axis.i18n.ProjectResourceBundle - org.apache.axis.i18n.resource::handleGetObject(startElem00)
23:36:48.569 [Test worker] DEBUG org.apache.axis.encoding.SerializationContext - Start element []:project
23:36:48.569 [Test worker] DEBUG org.apache.axis.message.SAXOutputter - SAXOutputter.startElement ['' id]
23:36:48.569 [Test worker] DEBUG org.apache.axis.i18n.ProjectResourceBundle - org.apache.axis.i18n.resource::handleGetObject(startElem00)
23:36:48.569 [Test worker] DEBUG org.apache.axis.encoding.SerializationContext - Start element []:id
23:36:48.569 [Test worker] DEBUG org.apache.axis.message.SAXOutputter - SAXOutputter.characters ['1']
23:36:48.569 [Test worker] DEBUG org.apache.axis.message.SAXOutputter - SAXOutputter.endElement ['' id]
23:36:48.569 [Test worker] DEBUG org.apache.axis.i18n.ProjectResourceBundle - org.apache.axis.i18n.resource::handleGetObject(endElem00)
23:36:48.569 [Test worker] DEBUG org.apache.axis.encoding.SerializationContext - End element id
23:36:48.569 [Test worker] DEBUG org.apache.axis.message.SAXOutputter - SAXOutputter.startElement ['' name]
23:36:48.569 [Test worker] DEBUG org.apache.axis.i18n.ProjectResourceBundle - org.apache.axis.i18n.resource::handleGetObject(startElem00)
23:36:48.569 [Test worker] DEBUG org.apache.axis.encoding.SerializationContext - Start element []:name
23:36:48.569 [Test worker] DEBUG org.apache.axis.message.SAXOutputter - SAXOutputter.characters ['test']
23:36:48.569 [Test worker] DEBUG org.apache.axis.message.SAXOutputter - SAXOutputter.endElement ['' name]
23:36:48.569 [Test worker] DEBUG org.apache.axis.i18n.ProjectResourceBundle - org.apache.axis.i18n.resource::handleGetObject(endElem00)
23:36:48.569 [Test worker] DEBUG org.apache.axis.encoding.SerializationContext - End element name
23:36:48.569 [Test worker] DEBUG org.apache.axis.message.SAXOutputter - SAXOutputter.endElement ['' project]
23:36:48.569 [Test worker] DEBUG org.apache.axis.i18n.ProjectResourceBundle - org.apache.axis.i18n.resource::handleGetObject(endElem00)
23:36:48.569 [Test worker] DEBUG org.apache.axis.encoding.SerializationContext - End element project
23:36:48.569 [Test worker] DEBUG org.apache.axis.message.SAXOutputter - SAXOutputter.startElement ['' category]
23:36:48.569 [Test worker] DEBUG org.apache.axis.i18n.ProjectResourceBundle - org.apache.axis.i18n.resource::handleGetObject(startElem00)
23:36:48.569 [Test worker] DEBUG org.apache.axis.encoding.SerializationContext - Start element []:category
23:36:48.569 [Test worker] DEBUG org.apache.axis.message.SAXOutputter - SAXOutputter.characters ['General']
23:36:48.569 [Test worker] DEBUG org.apache.axis.message.SAXOutputter - SAXOutputter.endElement ['' category]
23:36:48.569 [Test worker] DEBUG org.apache.axis.i18n.ProjectResourceBundle - org.apache.axis.i18n.resource::handleGetObject(endElem00)
23:36:48.569 [Test worker] DEBUG org.apache.axis.encoding.SerializationContext - End element category
23:36:48.569 [Test worker] DEBUG org.apache.axis.message.SAXOutputter - SAXOutputter.startElement ['' priority]
23:36:48.569 [Test worker] DEBUG org.apache.axis.i18n.ProjectResourceBundle - org.apache.axis.i18n.resource::handleGetObject(startElem00)
23:36:48.569 [Test worker] DEBUG org.apache.axis.encoding.SerializationContext - Start element []:priority
23:36:48.569 [Test worker] DEBUG org.apache.axis.message.SAXOutputter - SAXOutputter.startElement ['' id]
23:36:48.569 [Test worker] DEBUG org.apache.axis.i18n.ProjectResourceBundle - org.apache.axis.i18n.resource::handleGetObject(startElem00)
23:36:48.569 [Test worker] DEBUG org.apache.axis.encoding.SerializationContext - Start element []:id
23:36:48.569 [Test worker] DEBUG org.apache.axis.message.SAXOutputter - SAXOutputter.characters ['30']
23:36:48.569 [Test worker] DEBUG org.apache.axis.message.SAXOutputter - SAXOutputter.endElement ['' id]
23:36:48.569 [Test worker] DEBUG org.apache.axis.i18n.ProjectResourceBundle - org.apache.axis.i18n.resource::handleGetObject(endElem00)
23:36:48.569 [Test worker] DEBUG org.apache.axis.encoding.SerializationContext - End element id
23:36:48.569 [Test worker] DEBUG org.apache.axis.message.SAXOutputter - SAXOutputter.startElement ['' name]
23:36:48.569 [Test worker] DEBUG org.apache.axis.i18n.ProjectResourceBundle - org.apache.axis.i18n.resource::handleGetObject(startElem00)
23:36:48.569 [Test worker] DEBUG org.apache.axis.encoding.SerializationContext - Start element []:name
23:36:48.569 [Test worker] DEBUG org.apache.axis.message.SAXOutputter - SAXOutputter.characters ['normal']
23:36:48.569 [Test worker] DEBUG org.apache.axis.message.SAXOutputter - SAXOutputter.endElement ['' name]
23:36:48.569 [Test worker] DEBUG org.apache.axis.i18n.ProjectResourceBundle - org.apache.axis.i18n.resource::handleGetObject(endElem00)
23:36:48.569 [Test worker] DEBUG org.apache.axis.encoding.SerializationContext - End element name
23:36:48.569 [Test worker] DEBUG org.apache.axis.message.SAXOutputter - SAXOutputter.endElement ['' priority]
23:36:48.569 [Test worker] DEBUG org.apache.axis.i18n.ProjectResourceBundle - org.apache.axis.i18n.resource::handleGetObject(endElem00)
23:36:48.569 [Test worker] DEBUG org.apache.axis.encoding.SerializationContext - End element priority
23:36:48.569 [Test worker] DEBUG org.apache.axis.message.SAXOutputter - SAXOutputter.startElement ['' severity]
23:36:48.569 [Test worker] DEBUG org.apache.axis.i18n.ProjectResourceBundle - org.apache.axis.i18n.resource::handleGetObject(startElem00)
23:36:48.569 [Test worker] DEBUG org.apache.axis.encoding.SerializationContext - Start element []:severity
23:36:48.569 [Test worker] DEBUG org.apache.axis.message.SAXOutputter - SAXOutputter.startElement ['' id]
23:36:48.569 [Test worker] DEBUG org.apache.axis.i18n.ProjectResourceBundle - org.apache.axis.i18n.resource::handleGetObject(startElem00)
23:36:48.569 [Test worker] DEBUG org.apache.axis.encoding.SerializationContext - Start element []:id
23:36:48.569 [Test worker] DEBUG org.apache.axis.message.SAXOutputter - SAXOutputter.characters ['50']
23:36:48.569 [Test worker] DEBUG org.apache.axis.message.SAXOutputter - SAXOutputter.endElement ['' id]
23:36:48.569 [Test worker] DEBUG org.apache.axis.i18n.ProjectResourceBundle - org.apache.axis.i18n.resource::handleGetObject(endElem00)
23:36:48.569 [Test worker] DEBUG org.apache.axis.encoding.SerializationContext - End element id
23:36:48.569 [Test worker] DEBUG org.apache.axis.message.SAXOutputter - SAXOutputter.startElement ['' name]
23:36:48.569 [Test worker] DEBUG org.apache.axis.i18n.ProjectResourceBundle - org.apache.axis.i18n.resource::handleGetObject(startElem00)
23:36:48.569 [Test worker] DEBUG org.apache.axis.encoding.SerializationContext - Start element []:name
23:36:48.569 [Test worker] DEBUG org.apache.axis.message.SAXOutputter - SAXOutputter.characters ['minor']
23:36:48.569 [Test worker] DEBUG org.apache.axis.message.SAXOutputter - SAXOutputter.endElement ['' name]
23:36:48.569 [Test worker] DEBUG org.apache.axis.i18n.ProjectResourceBundle - org.apache.axis.i18n.resource::handleGetObject(endElem00)
23:36:48.569 [Test worker] DEBUG org.apache.axis.encoding.SerializationContext - End element name
23:36:48.569 [Test worker] DEBUG org.apache.axis.message.SAXOutputter - SAXOutputter.endElement ['' severity]
23:36:48.569 [Test worker] DEBUG org.apache.axis.i18n.ProjectResourceBundle - org.apache.axis.i18n.resource::handleGetObject(endElem00)
23:36:48.569 [Test worker] DEBUG org.apache.axis.encoding.SerializationContext - End element severity
23:36:48.569 [Test worker] DEBUG org.apache.axis.message.SAXOutputter - SAXOutputter.startElement ['' status]
23:36:48.569 [Test worker] DEBUG org.apache.axis.i18n.ProjectResourceBundle - org.apache.axis.i18n.resource::handleGetObject(startElem00)
23:36:48.569 [Test worker] DEBUG org.apache.axis.encoding.SerializationContext - Start element []:status
23:36:48.569 [Test worker] DEBUG org.apache.axis.message.SAXOutputter - SAXOutputter.startElement ['' id]
23:36:48.569 [Test worker] DEBUG org.apache.axis.i18n.ProjectResourceBundle - org.apache.axis.i18n.resource::handleGetObject(startElem00)
23:36:48.569 [Test worker] DEBUG org.apache.axis.encoding.SerializationContext - Start element []:id
23:36:48.570 [Test worker] DEBUG org.apache.axis.message.SAXOutputter - SAXOutputter.characters ['10']
23:36:48.570 [Test worker] DEBUG org.apache.axis.message.SAXOutputter - SAXOutputter.endElement ['' id]
23:36:48.570 [Test worker] DEBUG org.apache.axis.i18n.ProjectResourceBundle - org.apache.axis.i18n.resource::handleGetObject(endElem00)
23:36:48.570 [Test worker] DEBUG org.apache.axis.encoding.SerializationContext - End element id
23:36:48.570 [Test worker] DEBUG org.apache.axis.message.SAXOutputter - SAXOutputter.startElement ['' name]
23:36:48.570 [Test worker] DEBUG org.apache.axis.i18n.ProjectResourceBundle - org.apache.axis.i18n.resource::handleGetObject(startElem00)
23:36:48.570 [Test worker] DEBUG org.apache.axis.encoding.SerializationContext - Start element []:name
23:36:48.570 [Test worker] DEBUG org.apache.axis.message.SAXOutputter - SAXOutputter.characters ['new']
23:36:48.570 [Test worker] DEBUG org.apache.axis.message.SAXOutputter - SAXOutputter.endElement ['' name]
23:36:48.570 [Test worker] DEBUG org.apache.axis.i18n.ProjectResourceBundle - org.apache.axis.i18n.resource::handleGetObject(endElem00)
23:36:48.570 [Test worker] DEBUG org.apache.axis.encoding.SerializationContext - End element name
23:36:48.570 [Test worker] DEBUG org.apache.axis.message.SAXOutputter - SAXOutputter.endElement ['' status]
23:36:48.570 [Test worker] DEBUG org.apache.axis.i18n.ProjectResourceBundle - org.apache.axis.i18n.resource::handleGetObject(endElem00)
23:36:48.570 [Test worker] DEBUG org.apache.axis.encoding.SerializationContext - End element status
23:36:48.570 [Test worker] DEBUG org.apache.axis.message.SAXOutputter - SAXOutputter.startElement ['' reporter]
23:36:48.570 [Test worker] DEBUG org.apache.axis.i18n.ProjectResourceBundle - org.apache.axis.i18n.resource::handleGetObject(startElem00)
23:36:48.570 [Test worker] DEBUG org.apache.axis.encoding.SerializationContext - Start element []:reporter
23:36:48.570 [Test worker] DEBUG org.apache.axis.message.SAXOutputter - SAXOutputter.startElement ['' id]
23:36:48.570 [Test worker] DEBUG org.apache.axis.i18n.ProjectResourceBundle - org.apache.axis.i18n.resource::handleGetObject(startElem00)
23:36:48.570 [Test worker] DEBUG org.apache.axis.encoding.SerializationContext - Start element []:id
23:36:48.570 [Test worker] DEBUG org.apache.axis.message.SAXOutputter - SAXOutputter.characters ['1']
23:36:48.570 [Test worker] DEBUG org.apache.axis.message.SAXOutputter - SAXOutputter.endElement ['' id]
23:36:48.570 [Test worker] DEBUG org.apache.axis.i18n.ProjectResourceBundle - org.apache.axis.i18n.resource::handleGetObject(endElem00)
23:36:48.570 [Test worker] DEBUG org.apache.axis.encoding.SerializationContext - End element id
23:36:48.570 [Test worker] DEBUG org.apache.axis.message.SAXOutputter - SAXOutputter.startElement ['' name]
23:36:48.570 [Test worker] DEBUG org.apache.axis.i18n.ProjectResourceBundle - org.apache.axis.i18n.resource::handleGetObject(startElem00)
23:36:48.570 [Test worker] DEBUG org.apache.axis.encoding.SerializationContext - Start element []:name
23:36:48.570 [Test worker] DEBUG org.apache.axis.message.SAXOutputter - SAXOutputter.characters ['administrator']
23:36:48.570 [Test worker] DEBUG org.apache.axis.message.SAXOutputter - SAXOutputter.endElement ['' name]
23:36:48.570 [Test worker] DEBUG org.apache.axis.i18n.ProjectResourceBundle - org.apache.axis.i18n.resource::handleGetObject(endElem00)
23:36:48.570 [Test worker] DEBUG org.apache.axis.encoding.SerializationContext - End element name
23:36:48.570 [Test worker] DEBUG org.apache.axis.message.SAXOutputter - SAXOutputter.startElement ['' email]
23:36:48.570 [Test worker] DEBUG org.apache.axis.i18n.ProjectResourceBundle - org.apache.axis.i18n.resource::handleGetObject(startElem00)
23:36:48.570 [Test worker] DEBUG org.apache.axis.encoding.SerializationContext - Start element []:email
23:36:48.570 [Test worker] DEBUG org.apache.axis.message.SAXOutputter - SAXOutputter.characters ['root@localhost']
23:36:48.570 [Test worker] DEBUG org.apache.axis.message.SAXOutputter - SAXOutputter.endElement ['' email]
23:36:48.570 [Test worker] DEBUG org.apache.axis.i18n.ProjectResourceBundle - org.apache.axis.i18n.resource::handleGetObject(endElem00)
23:36:48.570 [Test worker] DEBUG org.apache.axis.encoding.SerializationContext - End element email
23:36:48.570 [Test worker] DEBUG org.apache.axis.message.SAXOutputter - SAXOutputter.endElement ['' reporter]
23:36:48.570 [Test worker] DEBUG org.apache.axis.i18n.ProjectResourceBundle - org.apache.axis.i18n.resource::handleGetObject(endElem00)
23:36:48.570 [Test worker] DEBUG org.apache.axis.encoding.SerializationContext - End element reporter
23:36:48.570 [Test worker] DEBUG org.apache.axis.message.SAXOutputter - SAXOutputter.startElement ['' summary]
23:36:48.570 [Test worker] DEBUG org.apache.axis.i18n.ProjectResourceBundle - org.apache.axis.i18n.resource::handleGetObject(startElem00)
23:36:48.570 [Test worker] DEBUG org.apache.axis.encoding.SerializationContext - Start element []:summary
23:36:48.570 [Test worker] DEBUG org.apache.axis.message.SAXOutputter - SAXOutputter.characters ['Test issue']
23:36:48.570 [Test worker] DEBUG org.apache.axis.message.SAXOutputter - SAXOutputter.endElement ['' summary]
23:36:48.570 [Test worker] DEBUG org.apache.axis.i18n.ProjectResourceBundle - org.apache.axis.i18n.resource::handleGetObject(endElem00)
23:36:48.570 [Test worker] DEBUG org.apache.axis.encoding.SerializationContext - End element summary
23:36:48.570 [Test worker] DEBUG org.apache.axis.message.SAXOutputter - SAXOutputter.startElement ['' reproducibility]
23:36:48.570 [Test worker] DEBUG org.apache.axis.i18n.ProjectResourceBundle - org.apache.axis.i18n.resource::handleGetObject(startElem00)
23:36:48.570 [Test worker] DEBUG org.apache.axis.encoding.SerializationContext - Start element []:reproducibility
23:36:48.570 [Test worker] DEBUG org.apache.axis.message.SAXOutputter - SAXOutputter.startElement ['' id]
23:36:48.570 [Test worker] DEBUG org.apache.axis.i18n.ProjectResourceBundle - org.apache.axis.i18n.resource::handleGetObject(startElem00)
23:36:48.570 [Test worker] DEBUG org.apache.axis.encoding.SerializationContext - Start element []:id
23:36:48.570 [Test worker] DEBUG org.apache.axis.message.SAXOutputter - SAXOutputter.characters ['70']
23:36:48.570 [Test worker] DEBUG org.apache.axis.message.SAXOutputter - SAXOutputter.endElement ['' id]
23:36:48.570 [Test worker] DEBUG org.apache.axis.i18n.ProjectResourceBundle - org.apache.axis.i18n.resource::handleGetObject(endElem00)
23:36:48.570 [Test worker] DEBUG org.apache.axis.encoding.SerializationContext - End element id
23:36:48.570 [Test worker] DEBUG org.apache.axis.message.SAXOutputter - SAXOutputter.startElement ['' name]
23:36:48.570 [Test worker] DEBUG org.apache.axis.i18n.ProjectResourceBundle - org.apache.axis.i18n.resource::handleGetObject(startElem00)
23:36:48.570 [Test worker] DEBUG org.apache.axis.encoding.SerializationContext - Start element []:name
23:36:48.570 [Test worker] DEBUG org.apache.axis.message.SAXOutputter - SAXOutputter.characters ['have not tried']
23:36:48.570 [Test worker] DEBUG org.apache.axis.message.SAXOutputter - SAXOutputter.endElement ['' name]
23:36:48.570 [Test worker] DEBUG org.apache.axis.i18n.ProjectResourceBundle - org.apache.axis.i18n.resource::handleGetObject(endElem00)
23:36:48.570 [Test worker] DEBUG org.apache.axis.encoding.SerializationContext - End element name
23:36:48.570 [Test worker] DEBUG org.apache.axis.message.SAXOutputter - SAXOutputter.endElement ['' reproducibility]
23:36:48.570 [Test worker] DEBUG org.apache.axis.i18n.ProjectResourceBundle - org.apache.axis.i18n.resource::handleGetObject(endElem00)
23:36:48.570 [Test worker] DEBUG org.apache.axis.encoding.SerializationContext - End element reproducibility
23:36:48.570 [Test worker] DEBUG org.apache.axis.message.SAXOutputter - SAXOutputter.startElement ['' date_submitted]
23:36:48.570 [Test worker] DEBUG org.apache.axis.i18n.ProjectResourceBundle - org.apache.axis.i18n.resource::handleGetObject(startElem00)
23:36:48.570 [Test worker] DEBUG org.apache.axis.encoding.SerializationContext - Start element []:date_submitted
23:36:48.570 [Test worker] DEBUG org.apache.axis.message.SAXOutputter - SAXOutputter.characters ['2020-04-04T21:15:12+02:00']
23:36:48.570 [Test worker] DEBUG org.apache.axis.message.SAXOutputter - SAXOutputter.endElement ['' date_submitted]
23:36:48.570 [Test worker] DEBUG org.apache.axis.i18n.ProjectResourceBundle - org.apache.axis.i18n.resource::handleGetObject(endElem00)
23:36:48.570 [Test worker] DEBUG org.apache.axis.encoding.SerializationContext - End element date_submitted
23:36:48.570 [Test worker] DEBUG org.apache.axis.message.SAXOutputter - SAXOutputter.startElement ['' sponsorship_total]
23:36:48.570 [Test worker] DEBUG org.apache.axis.i18n.ProjectResourceBundle - org.apache.axis.i18n.resource::handleGetObject(startElem00)
23:36:48.570 [Test worker] DEBUG org.apache.axis.encoding.SerializationContext - Start element []:sponsorship_total
23:36:48.570 [Test worker] DEBUG org.apache.axis.message.SAXOutputter - SAXOutputter.characters ['0']
23:36:48.570 [Test worker] DEBUG org.apache.axis.message.SAXOutputter - SAXOutputter.endElement ['' sponsorship_total]
23:36:48.570 [Test worker] DEBUG org.apache.axis.i18n.ProjectResourceBundle - org.apache.axis.i18n.resource::handleGetObject(endElem00)
23:36:48.570 [Test worker] DEBUG org.apache.axis.encoding.SerializationContext - End element sponsorship_total
23:36:48.570 [Test worker] DEBUG org.apache.axis.message.SAXOutputter - SAXOutputter.startElement ['' resolution]
23:36:48.570 [Test worker] DEBUG org.apache.axis.i18n.ProjectResourceBundle - org.apache.axis.i18n.resource::handleGetObject(startElem00)
23:36:48.570 [Test worker] DEBUG org.apache.axis.encoding.SerializationContext - Start element []:resolution
23:36:48.570 [Test worker] DEBUG org.apache.axis.message.SAXOutputter - SAXOutputter.startElement ['' id]
23:36:48.570 [Test worker] DEBUG org.apache.axis.i18n.ProjectResourceBundle - org.apache.axis.i18n.resource::handleGetObject(startElem00)
23:36:48.570 [Test worker] DEBUG org.apache.axis.encoding.SerializationContext - Start element []:id
23:36:48.570 [Test worker] DEBUG org.apache.axis.message.SAXOutputter - SAXOutputter.characters ['10']
23:36:48.570 [Test worker] DEBUG org.apache.axis.message.SAXOutputter - SAXOutputter.endElement ['' id]
23:36:48.570 [Test worker] DEBUG org.apache.axis.i18n.ProjectResourceBundle - org.apache.axis.i18n.resource::handleGetObject(endElem00)
23:36:48.570 [Test worker] DEBUG org.apache.axis.encoding.SerializationContext - End element id
23:36:48.570 [Test worker] DEBUG org.apache.axis.message.SAXOutputter - SAXOutputter.startElement ['' name]
23:36:48.570 [Test worker] DEBUG org.apache.axis.i18n.ProjectResourceBundle - org.apache.axis.i18n.resource::handleGetObject(startElem00)
23:36:48.570 [Test worker] DEBUG org.apache.axis.encoding.SerializationContext - Start element []:name
23:36:48.570 [Test worker] DEBUG org.apache.axis.message.SAXOutputter - SAXOutputter.characters ['open']
23:36:48.570 [Test worker] DEBUG org.apache.axis.message.SAXOutputter - SAXOutputter.endElement ['' name]
23:36:48.570 [Test worker] DEBUG org.apache.axis.i18n.ProjectResourceBundle - org.apache.axis.i18n.resource::handleGetObject(endElem00)
23:36:48.570 [Test worker] DEBUG org.apache.axis.encoding.SerializationContext - End element name
23:36:48.570 [Test worker] DEBUG org.apache.axis.message.SAXOutputter - SAXOutputter.endElement ['' resolution]
23:36:48.570 [Test worker] DEBUG org.apache.axis.i18n.ProjectResourceBundle - org.apache.axis.i18n.resource::handleGetObject(endElem00)
23:36:48.570 [Test worker] DEBUG org.apache.axis.encoding.SerializationContext - End element resolution
23:36:48.570 [Test worker] DEBUG org.apache.axis.message.SAXOutputter - SAXOutputter.startElement ['' description]
23:36:48.570 [Test worker] DEBUG org.apache.axis.i18n.ProjectResourceBundle - org.apache.axis.i18n.resource::handleGetObject(startElem00)
23:36:48.570 [Test worker] DEBUG org.apache.axis.encoding.SerializationContext - Start element []:description
23:36:48.570 [Test worker] DEBUG org.apache.axis.message.SAXOutputter - SAXOutputter.characters ['Test issue description']
23:36:48.570 [Test worker] DEBUG org.apache.axis.message.SAXOutputter - SAXOutputter.endElement ['' description]
23:36:48.570 [Test worker] DEBUG org.apache.axis.i18n.ProjectResourceBundle - org.apache.axis.i18n.resource::handleGetObject(endElem00)
23:36:48.570 [Test worker] DEBUG org.apache.axis.encoding.SerializationContext - End element description
23:36:48.571 [Test worker] DEBUG org.apache.axis.message.SAXOutputter - SAXOutputter.startElement ['' attachments]
23:36:48.571 [Test worker] DEBUG org.apache.axis.i18n.ProjectResourceBundle - org.apache.axis.i18n.resource::handleGetObject(startElem00)
23:36:48.571 [Test worker] DEBUG org.apache.axis.encoding.SerializationContext - Start element []:attachments
23:36:48.571 [Test worker] DEBUG org.apache.axis.message.SAXOutputter - SAXOutputter.endElement ['' attachments]
23:36:48.571 [Test worker] DEBUG org.apache.axis.i18n.ProjectResourceBundle - org.apache.axis.i18n.resource::handleGetObject(endElem00)
23:36:48.571 [Test worker] DEBUG org.apache.axis.encoding.SerializationContext - End element attachments
23:36:48.571 [Test worker] DEBUG org.apache.axis.message.SAXOutputter - SAXOutputter.startElement ['' monitors]
23:36:48.571 [Test worker] DEBUG org.apache.axis.i18n.ProjectResourceBundle - org.apache.axis.i18n.resource::handleGetObject(startElem00)
23:36:48.571 [Test worker] DEBUG org.apache.axis.encoding.SerializationContext - Start element []:monitors
23:36:48.571 [Test worker] DEBUG org.apache.axis.message.SAXOutputter - SAXOutputter.endElement ['' monitors]
23:36:48.571 [Test worker] DEBUG org.apache.axis.i18n.ProjectResourceBundle - org.apache.axis.i18n.resource::handleGetObject(endElem00)
23:36:48.571 [Test worker] DEBUG org.apache.axis.encoding.SerializationContext - End element monitors
23:36:48.571 [Test worker] DEBUG org.apache.axis.message.SAXOutputter - SAXOutputter.startElement ['' sticky]
23:36:48.571 [Test worker] DEBUG org.apache.axis.i18n.ProjectResourceBundle - org.apache.axis.i18n.resource::handleGetObject(startElem00)
23:36:48.571 [Test worker] DEBUG org.apache.axis.encoding.SerializationContext - Start element []:sticky
23:36:48.571 [Test worker] DEBUG org.apache.axis.message.SAXOutputter - SAXOutputter.characters ['false']
23:36:48.571 [Test worker] DEBUG org.apache.axis.message.SAXOutputter - SAXOutputter.endElement ['' sticky]
23:36:48.571 [Test worker] DEBUG org.apache.axis.i18n.ProjectResourceBundle - org.apache.axis.i18n.resource::handleGetObject(endElem00)
23:36:48.571 [Test worker] DEBUG org.apache.axis.encoding.SerializationContext - End element sticky
23:36:48.571 [Test worker] DEBUG org.apache.axis.message.SAXOutputter - SAXOutputter.startElement ['' tags]
23:36:48.571 [Test worker] DEBUG org.apache.axis.i18n.ProjectResourceBundle - org.apache.axis.i18n.resource::handleGetObject(startElem00)
23:36:48.571 [Test worker] DEBUG org.apache.axis.encoding.SerializationContext - Start element []:tags
23:36:48.571 [Test worker] DEBUG org.apache.axis.message.SAXOutputter - SAXOutputter.endElement ['' tags]
23:36:48.571 [Test worker] DEBUG org.apache.axis.i18n.ProjectResourceBundle - org.apache.axis.i18n.resource::handleGetObject(endElem00)
23:36:48.571 [Test worker] DEBUG org.apache.axis.encoding.SerializationContext - End element tags
23:36:48.571 [Test worker] DEBUG org.apache.axis.message.SAXOutputter - SAXOutputter.endElement ['' return]
23:36:48.571 [Test worker] DEBUG org.apache.axis.i18n.ProjectResourceBundle - org.apache.axis.i18n.resource::handleGetObject(endElem00)
23:36:48.571 [Test worker] DEBUG org.apache.axis.encoding.SerializationContext - End element return
23:36:48.571 [Test worker] DEBUG org.apache.axis.message.SAXOutputter - SAXOutputter.endElement ['http://futureware.biz/mantisconnect' mc_issue_getResponse]
23:36:48.571 [Test worker] DEBUG org.apache.axis.i18n.ProjectResourceBundle - org.apache.axis.i18n.resource::handleGetObject(endElem00)
23:36:48.571 [Test worker] DEBUG org.apache.axis.encoding.SerializationContext - End element ns1:mc_issue_getResponse
23:36:48.571 [Test worker] DEBUG org.apache.axis.i18n.ProjectResourceBundle - org.apache.axis.i18n.resource::handleGetObject(endElem00)
23:36:48.571 [Test worker] DEBUG org.apache.axis.encoding.SerializationContext - End element SOAP-ENV:Body
23:36:48.571 [Test worker] DEBUG org.apache.axis.i18n.ProjectResourceBundle - org.apache.axis.i18n.resource::handleGetObject(endElem00)
23:36:48.571 [Test worker] DEBUG org.apache.axis.encoding.SerializationContext - End element SOAP-ENV:Envelope
23:36:48.571 [Test worker] DEBUG org.apache.axis.i18n.ProjectResourceBundle - org.apache.axis.i18n.resource::handleGetObject(setMsgForm)
23:36:48.571 [Test worker] DEBUG org.apache.axis.SOAPPart - Setting current message form to: FORM_OPTIMIZED (currentMessage is now org.apache.axis.utils.ByteArray)
23:36:48.571 [Test worker] DEBUG org.apache.axis.SOAPPart - Exit: SOAPPart::saveChanges(): org.apache.axis.utils.ByteArray@2cee8921
]]></system-out>
  <system-err><![CDATA[SLF4J: Class path contains multiple SLF4J bindings.
SLF4J: Found binding in [jar:file:/C:/Users/dpyrk/.gradle/caches/modules-2/files-2.1/ch.qos.logback/logback-classic/1.2.3/7c4f3c474fb2c041d8028740440937705ebb473a/logback-classic-1.2.3.jar!/org/slf4j/impl/StaticLoggerBinder.class]
SLF4J: Found binding in [jar:file:/C:/Users/dpyrk/.gradle/caches/modules-2/files-2.1/com.cisco.oss.foundation/logging-log4j/1.0.2-1/6a30195bf21e825693673fd5373a8ab4a48fc251/logging-log4j-1.0.2-1.jar!/org/slf4j/impl/StaticLoggerBinder.class]
SLF4J: See http://www.slf4j.org/codes.html#multiple_bindings for an explanation.
SLF4J: Actual binding is of type [ch.qos.logback.classic.util.ContextSelectorStaticBinder]
]]></system-err>
</testsuite>
