<?xml version="1.0" encoding="UTF-8"?>
<testsuite name="dd.pyrkova.mantis.tests.SoapTests" tests="1" skipped="0" failures="1" errors="0" timestamp="2020-04-04T16:51:09" hostname="CONGO" time="0.596">
  <properties/>
  <testcase name="testGetProjects" classname="dd.pyrkova.mantis.tests.SoapTests" time="0.596">
    <failure message="(301)Moved Permanently" type="org.apache.axis.AxisFault">(301)Moved Permanently
	at org.apache.axis.transport.http.HTTPSender.readFromSocket(HTTPSender.java:744)
	at org.apache.axis.transport.http.HTTPSender.invoke(HTTPSender.java:144)
	at org.apache.axis.strategies.InvocationStrategy.visit(InvocationStrategy.java:32)
	at org.apache.axis.SimpleChain.doVisiting(SimpleChain.java:118)
	at org.apache.axis.SimpleChain.invoke(SimpleChain.java:83)
	at org.apache.axis.client.AxisClient.invoke(AxisClient.java:165)
	at org.apache.axis.client.Call.invokeEngine(Call.java:2784)
	at org.apache.axis.client.Call.invoke(Call.java:2767)
	at org.apache.axis.client.Call.invoke(Call.java:2443)
	at org.apache.axis.client.Call.invoke(Call.java:2366)
	at org.apache.axis.client.Call.invoke(Call.java:1812)
	at biz.futureware.mantis.rpc.soap.client.MantisConnectBindingStub.mc_projects_get_user_accessible(MantisConnectBindingStub.java:2750)
	at dd.pyrkova.mantis.tests.SoapTests.testGetProjects(SoapTests.java:19)
	at sun.reflect.NativeMethodAccessorImpl.invoke0(Native Method)
	at sun.reflect.NativeMethodAccessorImpl.invoke(NativeMethodAccessorImpl.java:62)
	at sun.reflect.DelegatingMethodAccessorImpl.invoke(DelegatingMethodAccessorImpl.java:43)
	at java.lang.reflect.Method.invoke(Method.java:498)
	at org.testng.internal.MethodInvocationHelper.invokeMethod(MethodInvocationHelper.java:134)
	at org.testng.internal.TestInvoker.invokeMethod(TestInvoker.java:597)
	at org.testng.internal.TestInvoker.invokeTestMethod(TestInvoker.java:173)
	at org.testng.internal.MethodRunner.runInSequence(MethodRunner.java:46)
	at org.testng.internal.TestInvoker$MethodInvocationAgent.invoke(TestInvoker.java:816)
	at org.testng.internal.TestInvoker.invokeTestMethods(TestInvoker.java:146)
	at org.testng.internal.TestMethodWorker.invokeTestMethods(TestMethodWorker.java:146)
	at org.testng.internal.TestMethodWorker.run(TestMethodWorker.java:128)
	at java.util.ArrayList.forEach(ArrayList.java:1257)
	at org.testng.TestRunner.privateRun(TestRunner.java:766)
	at org.testng.TestRunner.run(TestRunner.java:587)
	at org.testng.SuiteRunner.runTest(SuiteRunner.java:384)
	at org.testng.SuiteRunner.runSequentially(SuiteRunner.java:378)
	at org.testng.SuiteRunner.privateRun(SuiteRunner.java:337)
	at org.testng.SuiteRunner.run(SuiteRunner.java:286)
	at org.testng.SuiteRunnerWorker.runSuite(SuiteRunnerWorker.java:53)
	at org.testng.SuiteRunnerWorker.run(SuiteRunnerWorker.java:96)
	at org.testng.TestNG.runSuitesSequentially(TestNG.java:1187)
	at org.testng.TestNG.runSuitesLocally(TestNG.java:1109)
	at org.testng.TestNG.runSuites(TestNG.java:1039)
	at org.testng.TestNG.run(TestNG.java:1007)
	at org.gradle.api.internal.tasks.testing.testng.TestNGTestClassProcessor.runTests(TestNGTestClassProcessor.java:141)
	at org.gradle.api.internal.tasks.testing.testng.TestNGTestClassProcessor.stop(TestNGTestClassProcessor.java:90)
	at org.gradle.api.internal.tasks.testing.SuiteTestClassProcessor.stop(SuiteTestClassProcessor.java:61)
	at sun.reflect.NativeMethodAccessorImpl.invoke0(Native Method)
	at sun.reflect.NativeMethodAccessorImpl.invoke(NativeMethodAccessorImpl.java:62)
	at sun.reflect.DelegatingMethodAccessorImpl.invoke(DelegatingMethodAccessorImpl.java:43)
	at java.lang.reflect.Method.invoke(Method.java:498)
	at org.gradle.internal.dispatch.ReflectionDispatch.dispatch(ReflectionDispatch.java:36)
	at org.gradle.internal.dispatch.ReflectionDispatch.dispatch(ReflectionDispatch.java:24)
	at org.gradle.internal.dispatch.ContextClassLoaderDispatch.dispatch(ContextClassLoaderDispatch.java:33)
	at org.gradle.internal.dispatch.ProxyDispatchAdapter$DispatchingInvocationHandler.invoke(ProxyDispatchAdapter.java:94)
	at com.sun.proxy.$Proxy2.stop(Unknown Source)
	at org.gradle.api.internal.tasks.testing.worker.TestWorker.stop(TestWorker.java:132)
	at sun.reflect.NativeMethodAccessorImpl.invoke0(Native Method)
	at sun.reflect.NativeMethodAccessorImpl.invoke(NativeMethodAccessorImpl.java:62)
	at sun.reflect.DelegatingMethodAccessorImpl.invoke(DelegatingMethodAccessorImpl.java:43)
	at java.lang.reflect.Method.invoke(Method.java:498)
	at org.gradle.internal.dispatch.ReflectionDispatch.dispatch(ReflectionDispatch.java:36)
	at org.gradle.internal.dispatch.ReflectionDispatch.dispatch(ReflectionDispatch.java:24)
	at org.gradle.internal.remote.internal.hub.MessageHubBackedObjectConnection$DispatchWrapper.dispatch(MessageHubBackedObjectConnection.java:182)
	at org.gradle.internal.remote.internal.hub.MessageHubBackedObjectConnection$DispatchWrapper.dispatch(MessageHubBackedObjectConnection.java:164)
	at org.gradle.internal.remote.internal.hub.MessageHub$Handler.run(MessageHub.java:412)
	at org.gradle.internal.concurrent.ExecutorPolicy$CatchAndRecordFailures.onExecute(ExecutorPolicy.java:64)
	at org.gradle.internal.concurrent.ManagedExecutorImpl$1.run(ManagedExecutorImpl.java:48)
	at java.util.concurrent.ThreadPoolExecutor.runWorker(ThreadPoolExecutor.java:1149)
	at java.util.concurrent.ThreadPoolExecutor$Worker.run(ThreadPoolExecutor.java:624)
	at org.gradle.internal.concurrent.ThreadFactoryImpl$ManagedThreadRunnable.run(ThreadFactoryImpl.java:56)
	at java.lang.Thread.run(Thread.java:748)
</failure>
  </testcase>
  <system-out><![CDATA[19:51:09.593 [Test worker] DEBUG org.apache.axis.i18n.ProjectResourceBundle - getBundle(org.apache.axis,org.apache.axis.i18n,resource,null,...)
19:51:09.604 [Test worker] DEBUG org.apache.axis.i18n.ProjectResourceBundle - loadBundle: Ignoring MissingResourceException: Can't find bundle for base name org.apache.axis.resource, locale ru_RU
19:51:09.604 [Test worker] DEBUG org.apache.axis.i18n.ProjectResourceBundle - Created org.apache.axis.i18n.resource, linked to parent null
19:51:09.605 [Test worker] DEBUG org.apache.axis.i18n.ProjectResourceBundle - getBundle(org.apache.axis,org.apache.axis.utils,resource,null,...)
19:51:09.607 [Test worker] DEBUG org.apache.axis.i18n.ProjectResourceBundle - loadBundle: Ignoring MissingResourceException: Can't find bundle for base name org.apache.axis.utils.resource, locale ru_RU
19:51:09.607 [Test worker] DEBUG org.apache.axis.i18n.ProjectResourceBundle - loadBundle: Ignoring MissingResourceException: Can't find bundle for base name org.apache.axis.resource, locale ru_RU
19:51:09.607 [Test worker] DEBUG org.apache.axis.i18n.ProjectResourceBundle - Root package not found, cross link to org.apache.axis.i18n.resource
19:51:09.607 [Test worker] DEBUG org.apache.axis.i18n.ProjectResourceBundle - Root package not found, cross link to org.apache.axis.i18n.resource
19:51:09.607 [Test worker] DEBUG org.apache.axis.i18n.ProjectResourceBundle - org.apache.axis.i18n.resource::handleGetObject(engineConfigLoadFactory)
19:51:09.608 [Test worker] DEBUG org.apache.axis.configuration.EngineConfigurationFactoryFinder - Factory org.apache.axis.configuration.EngineConfigurationFactoryServlet Ignored: unable to load/resolve class.
19:51:09.608 [Test worker] DEBUG org.apache.axis.i18n.ProjectResourceBundle - org.apache.axis.i18n.resource::handleGetObject(engineFactory)
19:51:09.609 [Test worker] DEBUG org.apache.axis.configuration.EngineConfigurationFactoryFinder - Got EngineFactory: org.apache.axis.configuration.EngineConfigurationFactoryDefault
19:51:09.611 [Test worker] DEBUG org.apache.axis.AxisEngine - Enter: AxisEngine::init
19:51:09.683 [Test worker] DEBUG org.apache.axis.i18n.ProjectResourceBundle - org.apache.axis.i18n.resource::handleGetObject(attachEnabled)
19:51:09.683 [Test worker] DEBUG org.apache.axis.utils.JavaUtils - Attachment support is enabled?  true
19:51:09.696 [Test worker] DEBUG org.apache.axis.encoding.ser.JAFDataHandlerDeserializerFactory - Enter/Exit: JAFDataHandlerDeserializerFactory(class java.lang.String, {http://xml.apache.org/xml-soap}PlainText)
19:51:09.697 [Test worker] DEBUG org.apache.axis.i18n.ProjectResourceBundle - org.apache.axis.i18n.resource::handleGetObject(oddDigits00)
19:51:09.697 [Test worker] DEBUG org.apache.axis.i18n.ProjectResourceBundle - org.apache.axis.i18n.resource::handleGetObject(badChars01)
19:51:09.729 [Test worker] DEBUG org.apache.axis.encoding.ser.JAFDataHandlerDeserializerFactory - Enter/Exit: JAFDataHandlerDeserializerFactory(class java.awt.Image, {http://xml.apache.org/xml-soap}Image)
19:51:09.731 [Test worker] DEBUG org.apache.axis.encoding.ser.JAFDataHandlerDeserializerFactory - Enter/Exit: JAFDataHandlerDeserializerFactory(class javax.mail.internet.MimeMultipart, {http://xml.apache.org/xml-soap}Multipart)
19:51:09.732 [Test worker] DEBUG org.apache.axis.encoding.ser.JAFDataHandlerDeserializerFactory - Enter/Exit: JAFDataHandlerDeserializerFactory(interface javax.xml.transform.Source, {http://xml.apache.org/xml-soap}Source)
19:51:09.733 [Test worker] DEBUG org.apache.axis.encoding.ser.JAFDataHandlerDeserializerFactory - Enter/Exit: JAFDataHandlerDeserializerFactory(class org.apache.axis.attachments.OctetStream, {http://xml.apache.org/xml-soap}octet-stream)
19:51:09.733 [Test worker] DEBUG org.apache.axis.encoding.ser.JAFDataHandlerDeserializerFactory - Enter/Exit: JAFDataHandlerDeserializerFactory()
19:51:09.762 [Test worker] DEBUG org.apache.axis.AxisEngine - Exit: AxisEngine::init
19:51:09.777 [Test worker] DEBUG org.apache.axis.description.OperationDesc - @6d2fa20esetReturnType({http://www.w3.org/2001/XMLSchema}string)
19:51:09.780 [Test worker] DEBUG org.apache.axis.description.OperationDesc - @412a4451 added parameter >name:       username
typeEntry:  null
mode:       IN
position:   0
isReturn:   false
typeQName:  {http://www.w3.org/2001/XMLSchema}string
javaType:   class java.lang.String
inHeader:   false
outHeader:  false
@3e04b1cc<total parameters:1
19:51:09.780 [Test worker] DEBUG org.apache.axis.description.OperationDesc - @412a4451 added parameter >name:       password
typeEntry:  null
mode:       IN
position:   1
isReturn:   false
typeQName:  {http://www.w3.org/2001/XMLSchema}string
javaType:   class java.lang.String
inHeader:   false
outHeader:  false
@226923ae<total parameters:2
19:51:09.781 [Test worker] DEBUG org.apache.axis.description.OperationDesc - @412a4451setReturnType({http://futureware.biz/mantisconnect}UserData)
19:51:09.781 [Test worker] DEBUG org.apache.axis.description.OperationDesc - @3f9826fc added parameter >name:       username
typeEntry:  null
mode:       IN
position:   0
isReturn:   false
typeQName:  {http://www.w3.org/2001/XMLSchema}string
javaType:   class java.lang.String
inHeader:   false
outHeader:  false
@548706f2<total parameters:1
19:51:09.782 [Test worker] DEBUG org.apache.axis.description.OperationDesc - @3f9826fc added parameter >name:       password
typeEntry:  null
mode:       IN
position:   1
isReturn:   false
typeQName:  {http://www.w3.org/2001/XMLSchema}string
javaType:   class java.lang.String
inHeader:   false
outHeader:  false
@76ef853e<total parameters:2
19:51:09.782 [Test worker] DEBUG org.apache.axis.description.OperationDesc - @3f9826fcsetReturnType({http://futureware.biz/mantisconnect}ObjectRefArray)
19:51:09.783 [Test worker] DEBUG org.apache.axis.description.OperationDesc - @bcf706e added parameter >name:       username
typeEntry:  null
mode:       IN
position:   0
isReturn:   false
typeQName:  {http://www.w3.org/2001/XMLSchema}string
javaType:   class java.lang.String
inHeader:   false
outHeader:  false
@183c25c<total parameters:1
19:51:09.783 [Test worker] DEBUG org.apache.axis.description.OperationDesc - @bcf706e added parameter >name:       password
typeEntry:  null
mode:       IN
position:   1
isReturn:   false
typeQName:  {http://www.w3.org/2001/XMLSchema}string
javaType:   class java.lang.String
inHeader:   false
outHeader:  false
@94e6766<total parameters:2
19:51:09.784 [Test worker] DEBUG org.apache.axis.description.OperationDesc - @bcf706esetReturnType({http://futureware.biz/mantisconnect}ObjectRefArray)
19:51:09.784 [Test worker] DEBUG org.apache.axis.description.OperationDesc - @7477b8bd added parameter >name:       username
typeEntry:  null
mode:       IN
position:   0
isReturn:   false
typeQName:  {http://www.w3.org/2001/XMLSchema}string
javaType:   class java.lang.String
inHeader:   false
outHeader:  false
@44bea5d<total parameters:1
19:51:09.784 [Test worker] DEBUG org.apache.axis.description.OperationDesc - @7477b8bd added parameter >name:       password
typeEntry:  null
mode:       IN
position:   1
isReturn:   false
typeQName:  {http://www.w3.org/2001/XMLSchema}string
javaType:   class java.lang.String
inHeader:   false
outHeader:  false
@1b4549aa<total parameters:2
19:51:09.785 [Test worker] DEBUG org.apache.axis.description.OperationDesc - @7477b8bdsetReturnType({http://futureware.biz/mantisconnect}ObjectRefArray)
19:51:09.785 [Test worker] DEBUG org.apache.axis.description.OperationDesc - @614a68f3 added parameter >name:       username
typeEntry:  null
mode:       IN
position:   0
isReturn:   false
typeQName:  {http://www.w3.org/2001/XMLSchema}string
javaType:   class java.lang.String
inHeader:   false
outHeader:  false
@28b18637<total parameters:1
19:51:09.785 [Test worker] DEBUG org.apache.axis.description.OperationDesc - @614a68f3 added parameter >name:       password
typeEntry:  null
mode:       IN
position:   1
isReturn:   false
typeQName:  {http://www.w3.org/2001/XMLSchema}string
javaType:   class java.lang.String
inHeader:   false
outHeader:  false
@7373987e<total parameters:2
19:51:09.786 [Test worker] DEBUG org.apache.axis.description.OperationDesc - @614a68f3setReturnType({http://futureware.biz/mantisconnect}ObjectRefArray)
19:51:09.786 [Test worker] DEBUG org.apache.axis.description.OperationDesc - @424a97a3 added parameter >name:       username
typeEntry:  null
mode:       IN
position:   0
isReturn:   false
typeQName:  {http://www.w3.org/2001/XMLSchema}string
javaType:   class java.lang.String
inHeader:   false
outHeader:  false
@707572e9<total parameters:1
19:51:09.786 [Test worker] DEBUG org.apache.axis.description.OperationDesc - @424a97a3 added parameter >name:       password
typeEntry:  null
mode:       IN
position:   1
isReturn:   false
typeQName:  {http://www.w3.org/2001/XMLSchema}string
javaType:   class java.lang.String
inHeader:   false
outHeader:  false
@5451d2ee<total parameters:2
19:51:09.787 [Test worker] DEBUG org.apache.axis.description.OperationDesc - @424a97a3setReturnType({http://futureware.biz/mantisconnect}ObjectRefArray)
19:51:09.787 [Test worker] DEBUG org.apache.axis.description.OperationDesc - @3b8e0072 added parameter >name:       username
typeEntry:  null
mode:       IN
position:   0
isReturn:   false
typeQName:  {http://www.w3.org/2001/XMLSchema}string
javaType:   class java.lang.String
inHeader:   false
outHeader:  false
@2def7f2f<total parameters:1
19:51:09.787 [Test worker] DEBUG org.apache.axis.description.OperationDesc - @3b8e0072 added parameter >name:       password
typeEntry:  null
mode:       IN
position:   1
isReturn:   false
typeQName:  {http://www.w3.org/2001/XMLSchema}string
javaType:   class java.lang.String
inHeader:   false
outHeader:  false
@7656b241<total parameters:2
19:51:09.787 [Test worker] DEBUG org.apache.axis.description.OperationDesc - @3b8e0072setReturnType({http://futureware.biz/mantisconnect}ObjectRefArray)
19:51:09.787 [Test worker] DEBUG org.apache.axis.description.OperationDesc - @2c4ac8c7 added parameter >name:       username
typeEntry:  null
mode:       IN
position:   0
isReturn:   false
typeQName:  {http://www.w3.org/2001/XMLSchema}string
javaType:   class java.lang.String
inHeader:   false
outHeader:  false
@678cd0ac<total parameters:1
19:51:09.788 [Test worker] DEBUG org.apache.axis.description.OperationDesc - @2c4ac8c7 added parameter >name:       password
typeEntry:  null
mode:       IN
position:   1
isReturn:   false
typeQName:  {http://www.w3.org/2001/XMLSchema}string
javaType:   class java.lang.String
inHeader:   false
outHeader:  false
@314ccd75<total parameters:2
19:51:09.788 [Test worker] DEBUG org.apache.axis.description.OperationDesc - @2c4ac8c7setReturnType({http://futureware.biz/mantisconnect}ObjectRefArray)
19:51:09.788 [Test worker] DEBUG org.apache.axis.description.OperationDesc - @72cba5a7 added parameter >name:       username
typeEntry:  null
mode:       IN
position:   0
isReturn:   false
typeQName:  {http://www.w3.org/2001/XMLSchema}string
javaType:   class java.lang.String
inHeader:   false
outHeader:  false
@8bd47c9<total parameters:1
19:51:09.789 [Test worker] DEBUG org.apache.axis.description.OperationDesc - @72cba5a7 added parameter >name:       password
typeEntry:  null
mode:       IN
position:   1
isReturn:   false
typeQName:  {http://www.w3.org/2001/XMLSchema}string
javaType:   class java.lang.String
inHeader:   false
outHeader:  false
@9b5efc2<total parameters:2
19:51:09.789 [Test worker] DEBUG org.apache.axis.description.OperationDesc - @72cba5a7setReturnType({http://futureware.biz/mantisconnect}ObjectRefArray)
19:51:09.790 [Test worker] DEBUG org.apache.axis.description.OperationDesc - @5e45bce4 added parameter >name:       username
typeEntry:  null
mode:       IN
position:   0
isReturn:   false
typeQName:  {http://www.w3.org/2001/XMLSchema}string
javaType:   class java.lang.String
inHeader:   false
outHeader:  false
@710ccc16<total parameters:1
19:51:09.790 [Test worker] DEBUG org.apache.axis.description.OperationDesc - @5e45bce4 added parameter >name:       password
typeEntry:  null
mode:       IN
position:   1
isReturn:   false
typeQName:  {http://www.w3.org/2001/XMLSchema}string
javaType:   class java.lang.String
inHeader:   false
outHeader:  false
@13ed5ef1<total parameters:2
19:51:09.791 [Test worker] DEBUG org.apache.axis.description.OperationDesc - @5e45bce4setReturnType({http://futureware.biz/mantisconnect}ObjectRefArray)
19:51:09.791 [Test worker] DEBUG org.apache.axis.description.OperationDesc - @350078b1 added parameter >name:       username
typeEntry:  null
mode:       IN
position:   0
isReturn:   false
typeQName:  {http://www.w3.org/2001/XMLSchema}string
javaType:   class java.lang.String
inHeader:   false
outHeader:  false
@46d15069<total parameters:1
19:51:09.791 [Test worker] DEBUG org.apache.axis.description.OperationDesc - @350078b1 added parameter >name:       password
typeEntry:  null
mode:       IN
position:   1
isReturn:   false
typeQName:  {http://www.w3.org/2001/XMLSchema}string
javaType:   class java.lang.String
inHeader:   false
outHeader:  false
@512a58d9<total parameters:2
19:51:09.792 [Test worker] DEBUG org.apache.axis.description.OperationDesc - @350078b1setReturnType({http://futureware.biz/mantisconnect}ObjectRefArray)
19:51:09.792 [Test worker] DEBUG org.apache.axis.description.OperationDesc - @28c99edb added parameter >name:       username
typeEntry:  null
mode:       IN
position:   0
isReturn:   false
typeQName:  {http://www.w3.org/2001/XMLSchema}string
javaType:   class java.lang.String
inHeader:   false
outHeader:  false
@1ebabe83<total parameters:1
19:51:09.792 [Test worker] DEBUG org.apache.axis.description.OperationDesc - @28c99edb added parameter >name:       password
typeEntry:  null
mode:       IN
position:   1
isReturn:   false
typeQName:  {http://www.w3.org/2001/XMLSchema}string
javaType:   class java.lang.String
inHeader:   false
outHeader:  false
@52a4f725<total parameters:2
19:51:09.793 [Test worker] DEBUG org.apache.axis.description.OperationDesc - @28c99edbsetReturnType({http://futureware.biz/mantisconnect}ObjectRefArray)
19:51:09.793 [Test worker] DEBUG org.apache.axis.description.OperationDesc - @514b8138 added parameter >name:       username
typeEntry:  null
mode:       IN
position:   0
isReturn:   false
typeQName:  {http://www.w3.org/2001/XMLSchema}string
javaType:   class java.lang.String
inHeader:   false
outHeader:  false
@3590f28c<total parameters:1
19:51:09.793 [Test worker] DEBUG org.apache.axis.description.OperationDesc - @514b8138 added parameter >name:       password
typeEntry:  null
mode:       IN
position:   1
isReturn:   false
typeQName:  {http://www.w3.org/2001/XMLSchema}string
javaType:   class java.lang.String
inHeader:   false
outHeader:  false
@7e150c1b<total parameters:2
19:51:09.794 [Test worker] DEBUG org.apache.axis.description.OperationDesc - @514b8138setReturnType({http://futureware.biz/mantisconnect}ObjectRefArray)
19:51:09.794 [Test worker] DEBUG org.apache.axis.description.OperationDesc - @b7dc123 added parameter >name:       username
typeEntry:  null
mode:       IN
position:   0
isReturn:   false
typeQName:  {http://www.w3.org/2001/XMLSchema}string
javaType:   class java.lang.String
inHeader:   false
outHeader:  false
@632c335<total parameters:1
19:51:09.794 [Test worker] DEBUG org.apache.axis.description.OperationDesc - @b7dc123 added parameter >name:       password
typeEntry:  null
mode:       IN
position:   1
isReturn:   false
typeQName:  {http://www.w3.org/2001/XMLSchema}string
javaType:   class java.lang.String
inHeader:   false
outHeader:  false
@340455ed<total parameters:2
19:51:09.794 [Test worker] DEBUG org.apache.axis.description.OperationDesc - @b7dc123 added parameter >name:       enumeration
typeEntry:  null
mode:       IN
position:   2
isReturn:   false
typeQName:  {http://www.w3.org/2001/XMLSchema}string
javaType:   class java.lang.String
inHeader:   false
outHeader:  false
@62a7f2a2<total parameters:3
19:51:09.795 [Test worker] DEBUG org.apache.axis.description.OperationDesc - @b7dc123setReturnType({http://www.w3.org/2001/XMLSchema}string)
19:51:09.795 [Test worker] DEBUG org.apache.axis.description.OperationDesc - @736430c added parameter >name:       username
typeEntry:  null
mode:       IN
position:   0
isReturn:   false
typeQName:  {http://www.w3.org/2001/XMLSchema}string
javaType:   class java.lang.String
inHeader:   false
outHeader:  false
@178d03b4<total parameters:1
19:51:09.795 [Test worker] DEBUG org.apache.axis.description.OperationDesc - @736430c added parameter >name:       password
typeEntry:  null
mode:       IN
position:   1
isReturn:   false
typeQName:  {http://www.w3.org/2001/XMLSchema}string
javaType:   class java.lang.String
inHeader:   false
outHeader:  false
@1308795<total parameters:2
19:51:09.795 [Test worker] DEBUG org.apache.axis.description.OperationDesc - @736430c added parameter >name:       issue_id
typeEntry:  null
mode:       IN
position:   2
isReturn:   false
typeQName:  {http://www.w3.org/2001/XMLSchema}integer
javaType:   class java.math.BigInteger
inHeader:   false
outHeader:  false
@5cdf47f3<total parameters:3
19:51:09.795 [Test worker] DEBUG org.apache.axis.description.OperationDesc - @736430csetReturnType({http://www.w3.org/2001/XMLSchema}boolean)
19:51:09.796 [Test worker] DEBUG org.apache.axis.description.OperationDesc - @69444147 added parameter >name:       username
typeEntry:  null
mode:       IN
position:   0
isReturn:   false
typeQName:  {http://www.w3.org/2001/XMLSchema}string
javaType:   class java.lang.String
inHeader:   false
outHeader:  false
@162b6f78<total parameters:1
19:51:09.796 [Test worker] DEBUG org.apache.axis.description.OperationDesc - @69444147 added parameter >name:       password
typeEntry:  null
mode:       IN
position:   1
isReturn:   false
typeQName:  {http://www.w3.org/2001/XMLSchema}string
javaType:   class java.lang.String
inHeader:   false
outHeader:  false
@13224e07<total parameters:2
19:51:09.796 [Test worker] DEBUG org.apache.axis.description.OperationDesc - @69444147 added parameter >name:       issue_id
typeEntry:  null
mode:       IN
position:   2
isReturn:   false
typeQName:  {http://www.w3.org/2001/XMLSchema}integer
javaType:   class java.math.BigInteger
inHeader:   false
outHeader:  false
@3564734f<total parameters:3
19:51:09.796 [Test worker] DEBUG org.apache.axis.description.OperationDesc - @69444147setReturnType({http://futureware.biz/mantisconnect}IssueData)
19:51:09.797 [Test worker] DEBUG org.apache.axis.description.OperationDesc - @32af80d8 added parameter >name:       username
typeEntry:  null
mode:       IN
position:   0
isReturn:   false
typeQName:  {http://www.w3.org/2001/XMLSchema}string
javaType:   class java.lang.String
inHeader:   false
outHeader:  false
@24c773c9<total parameters:1
19:51:09.798 [Test worker] DEBUG org.apache.axis.description.OperationDesc - @32af80d8 added parameter >name:       password
typeEntry:  null
mode:       IN
position:   1
isReturn:   false
typeQName:  {http://www.w3.org/2001/XMLSchema}string
javaType:   class java.lang.String
inHeader:   false
outHeader:  false
@50c4aa36<total parameters:2
19:51:09.798 [Test worker] DEBUG org.apache.axis.description.OperationDesc - @32af80d8 added parameter >name:       issue_id
typeEntry:  null
mode:       IN
position:   2
isReturn:   false
typeQName:  {http://www.w3.org/2001/XMLSchema}integer
javaType:   class java.math.BigInteger
inHeader:   false
outHeader:  false
@6f848ea<total parameters:3
19:51:09.798 [Test worker] DEBUG org.apache.axis.description.OperationDesc - @32af80d8setReturnType({http://futureware.biz/mantisconnect}HistoryDataArray)
19:51:09.799 [Test worker] DEBUG org.apache.axis.description.OperationDesc - @22b95f8b added parameter >name:       username
typeEntry:  null
mode:       IN
position:   0
isReturn:   false
typeQName:  {http://www.w3.org/2001/XMLSchema}string
javaType:   class java.lang.String
inHeader:   false
outHeader:  false
@66c2fc2e<total parameters:1
19:51:09.799 [Test worker] DEBUG org.apache.axis.description.OperationDesc - @22b95f8b added parameter >name:       password
typeEntry:  null
mode:       IN
position:   1
isReturn:   false
typeQName:  {http://www.w3.org/2001/XMLSchema}string
javaType:   class java.lang.String
inHeader:   false
outHeader:  false
@53653b92<total parameters:2
19:51:09.799 [Test worker] DEBUG org.apache.axis.description.OperationDesc - @22b95f8b added parameter >name:       project_id
typeEntry:  null
mode:       IN
position:   2
isReturn:   false
typeQName:  {http://www.w3.org/2001/XMLSchema}integer
javaType:   class java.math.BigInteger
inHeader:   false
outHeader:  false
@4af79088<total parameters:3
19:51:09.799 [Test worker] DEBUG org.apache.axis.description.OperationDesc - @22b95f8bsetReturnType({http://www.w3.org/2001/XMLSchema}integer)
19:51:09.799 [Test worker] DEBUG org.apache.axis.description.OperationDesc - @225adb5a added parameter >name:       username
typeEntry:  null
mode:       IN
position:   0
isReturn:   false
typeQName:  {http://www.w3.org/2001/XMLSchema}string
javaType:   class java.lang.String
inHeader:   false
outHeader:  false
@538860b3<total parameters:1
19:51:09.800 [Test worker] DEBUG org.apache.axis.description.OperationDesc - @225adb5a added parameter >name:       password
typeEntry:  null
mode:       IN
position:   1
isReturn:   false
typeQName:  {http://www.w3.org/2001/XMLSchema}string
javaType:   class java.lang.String
inHeader:   false
outHeader:  false
@294b78fb<total parameters:2
19:51:09.800 [Test worker] DEBUG org.apache.axis.description.OperationDesc - @225adb5a added parameter >name:       summary
typeEntry:  null
mode:       IN
position:   2
isReturn:   false
typeQName:  {http://www.w3.org/2001/XMLSchema}string
javaType:   class java.lang.String
inHeader:   false
outHeader:  false
@5fcede8a<total parameters:3
19:51:09.800 [Test worker] DEBUG org.apache.axis.description.OperationDesc - @225adb5asetReturnType({http://www.w3.org/2001/XMLSchema}integer)
19:51:09.800 [Test worker] DEBUG org.apache.axis.description.OperationDesc - @2b3a4e22 added parameter >name:       username
typeEntry:  null
mode:       IN
position:   0
isReturn:   false
typeQName:  {http://www.w3.org/2001/XMLSchema}string
javaType:   class java.lang.String
inHeader:   false
outHeader:  false
@3ba72e0e<total parameters:1
19:51:09.800 [Test worker] DEBUG org.apache.axis.description.OperationDesc - @2b3a4e22 added parameter >name:       password
typeEntry:  null
mode:       IN
position:   1
isReturn:   false
typeQName:  {http://www.w3.org/2001/XMLSchema}string
javaType:   class java.lang.String
inHeader:   false
outHeader:  false
@49591521<total parameters:2
19:51:09.801 [Test worker] DEBUG org.apache.axis.description.OperationDesc - @2b3a4e22 added parameter >name:       issue
typeEntry:  null
mode:       IN
position:   2
isReturn:   false
typeQName:  {http://futureware.biz/mantisconnect}IssueData
javaType:   class biz.futureware.mantis.rpc.soap.client.IssueData
inHeader:   false
outHeader:  false
@60cab80e<total parameters:3
19:51:09.802 [Test worker] DEBUG org.apache.axis.description.OperationDesc - @2b3a4e22setReturnType({http://www.w3.org/2001/XMLSchema}integer)
19:51:09.802 [Test worker] DEBUG org.apache.axis.description.OperationDesc - @19f8a16b added parameter >name:       username
typeEntry:  null
mode:       IN
position:   0
isReturn:   false
typeQName:  {http://www.w3.org/2001/XMLSchema}string
javaType:   class java.lang.String
inHeader:   false
outHeader:  false
@1bad2b04<total parameters:1
19:51:09.802 [Test worker] DEBUG org.apache.axis.description.OperationDesc - @19f8a16b added parameter >name:       password
typeEntry:  null
mode:       IN
position:   1
isReturn:   false
typeQName:  {http://www.w3.org/2001/XMLSchema}string
javaType:   class java.lang.String
inHeader:   false
outHeader:  false
@1a5cd54d<total parameters:2
19:51:09.802 [Test worker] DEBUG org.apache.axis.description.OperationDesc - @19f8a16b added parameter >name:       issueId
typeEntry:  null
mode:       IN
position:   2
isReturn:   false
typeQName:  {http://www.w3.org/2001/XMLSchema}integer
javaType:   class java.math.BigInteger
inHeader:   false
outHeader:  false
@2f6304c0<total parameters:3
19:51:09.803 [Test worker] DEBUG org.apache.axis.description.OperationDesc - @19f8a16b added parameter >name:       issue
typeEntry:  null
mode:       IN
position:   3
isReturn:   false
typeQName:  {http://futureware.biz/mantisconnect}IssueData
javaType:   class biz.futureware.mantis.rpc.soap.client.IssueData
inHeader:   false
outHeader:  false
@734c1bbe<total parameters:4
19:51:09.803 [Test worker] DEBUG org.apache.axis.description.OperationDesc - @19f8a16bsetReturnType({http://www.w3.org/2001/XMLSchema}boolean)
19:51:09.803 [Test worker] DEBUG org.apache.axis.description.OperationDesc - @14bebd8 added parameter >name:       username
typeEntry:  null
mode:       IN
position:   0
isReturn:   false
typeQName:  {http://www.w3.org/2001/XMLSchema}string
javaType:   class java.lang.String
inHeader:   false
outHeader:  false
@7dc1b001<total parameters:1
19:51:09.803 [Test worker] DEBUG org.apache.axis.description.OperationDesc - @14bebd8 added parameter >name:       password
typeEntry:  null
mode:       IN
position:   1
isReturn:   false
typeQName:  {http://www.w3.org/2001/XMLSchema}string
javaType:   class java.lang.String
inHeader:   false
outHeader:  false
@4a33ee7d<total parameters:2
19:51:09.805 [Test worker] DEBUG org.apache.axis.description.OperationDesc - @14bebd8 added parameter >name:       issue_id
typeEntry:  null
mode:       IN
position:   2
isReturn:   false
typeQName:  {http://www.w3.org/2001/XMLSchema}integer
javaType:   class java.math.BigInteger
inHeader:   false
outHeader:  false
@59b19d6e<total parameters:3
19:51:09.806 [Test worker] DEBUG org.apache.axis.description.OperationDesc - @14bebd8 added parameter >name:       tags
typeEntry:  null
mode:       IN
position:   3
isReturn:   false
typeQName:  {http://futureware.biz/mantisconnect}TagDataArray
javaType:   class [Lbiz.futureware.mantis.rpc.soap.client.TagData;
inHeader:   false
outHeader:  false
@225e097f<total parameters:4
19:51:09.807 [Test worker] DEBUG org.apache.axis.description.OperationDesc - @14bebd8setReturnType({http://www.w3.org/2001/XMLSchema}boolean)
19:51:09.807 [Test worker] DEBUG org.apache.axis.description.OperationDesc - @77d1aab7 added parameter >name:       username
typeEntry:  null
mode:       IN
position:   0
isReturn:   false
typeQName:  {http://www.w3.org/2001/XMLSchema}string
javaType:   class java.lang.String
inHeader:   false
outHeader:  false
@25bc6b16<total parameters:1
19:51:09.807 [Test worker] DEBUG org.apache.axis.description.OperationDesc - @77d1aab7 added parameter >name:       password
typeEntry:  null
mode:       IN
position:   1
isReturn:   false
typeQName:  {http://www.w3.org/2001/XMLSchema}string
javaType:   class java.lang.String
inHeader:   false
outHeader:  false
@85502f5<total parameters:2
19:51:09.807 [Test worker] DEBUG org.apache.axis.description.OperationDesc - @77d1aab7 added parameter >name:       issue_id
typeEntry:  null
mode:       IN
position:   2
isReturn:   false
typeQName:  {http://www.w3.org/2001/XMLSchema}integer
javaType:   class java.math.BigInteger
inHeader:   false
outHeader:  false
@5a12e771<total parameters:3
19:51:09.808 [Test worker] DEBUG org.apache.axis.description.OperationDesc - @77d1aab7setReturnType({http://www.w3.org/2001/XMLSchema}boolean)
19:51:09.808 [Test worker] DEBUG org.apache.axis.description.OperationDesc - @206c7a96 added parameter >name:       username
typeEntry:  null
mode:       IN
position:   0
isReturn:   false
typeQName:  {http://www.w3.org/2001/XMLSchema}string
javaType:   class java.lang.String
inHeader:   false
outHeader:  false
@664e5156<total parameters:1
19:51:09.808 [Test worker] DEBUG org.apache.axis.description.OperationDesc - @206c7a96 added parameter >name:       password
typeEntry:  null
mode:       IN
position:   1
isReturn:   false
typeQName:  {http://www.w3.org/2001/XMLSchema}string
javaType:   class java.lang.String
inHeader:   false
outHeader:  false
@46acb5c0<total parameters:2
19:51:09.808 [Test worker] DEBUG org.apache.axis.description.OperationDesc - @206c7a96 added parameter >name:       issue_id
typeEntry:  null
mode:       IN
position:   2
isReturn:   false
typeQName:  {http://www.w3.org/2001/XMLSchema}integer
javaType:   class java.math.BigInteger
inHeader:   false
outHeader:  false
@b48eb0b<total parameters:3
19:51:09.809 [Test worker] DEBUG org.apache.axis.description.OperationDesc - @206c7a96 added parameter >name:       note
typeEntry:  null
mode:       IN
position:   3
isReturn:   false
typeQName:  {http://futureware.biz/mantisconnect}IssueNoteData
javaType:   class biz.futureware.mantis.rpc.soap.client.IssueNoteData
inHeader:   false
outHeader:  false
@7f420866<total parameters:4
19:51:09.810 [Test worker] DEBUG org.apache.axis.description.OperationDesc - @206c7a96setReturnType({http://www.w3.org/2001/XMLSchema}integer)
19:51:09.810 [Test worker] DEBUG org.apache.axis.description.OperationDesc - @331ea436 added parameter >name:       username
typeEntry:  null
mode:       IN
position:   0
isReturn:   false
typeQName:  {http://www.w3.org/2001/XMLSchema}string
javaType:   class java.lang.String
inHeader:   false
outHeader:  false
@67b83803<total parameters:1
19:51:09.810 [Test worker] DEBUG org.apache.axis.description.OperationDesc - @331ea436 added parameter >name:       password
typeEntry:  null
mode:       IN
position:   1
isReturn:   false
typeQName:  {http://www.w3.org/2001/XMLSchema}string
javaType:   class java.lang.String
inHeader:   false
outHeader:  false
@26be2fa7<total parameters:2
19:51:09.810 [Test worker] DEBUG org.apache.axis.description.OperationDesc - @331ea436 added parameter >name:       issue_note_id
typeEntry:  null
mode:       IN
position:   2
isReturn:   false
typeQName:  {http://www.w3.org/2001/XMLSchema}integer
javaType:   class java.math.BigInteger
inHeader:   false
outHeader:  false
@49d0022e<total parameters:3
19:51:09.810 [Test worker] DEBUG org.apache.axis.description.OperationDesc - @331ea436setReturnType({http://www.w3.org/2001/XMLSchema}boolean)
19:51:09.811 [Test worker] DEBUG org.apache.axis.description.OperationDesc - @f293036 added parameter >name:       username
typeEntry:  null
mode:       IN
position:   0
isReturn:   false
typeQName:  {http://www.w3.org/2001/XMLSchema}string
javaType:   class java.lang.String
inHeader:   false
outHeader:  false
@29f769f0<total parameters:1
19:51:09.811 [Test worker] DEBUG org.apache.axis.description.OperationDesc - @f293036 added parameter >name:       password
typeEntry:  null
mode:       IN
position:   1
isReturn:   false
typeQName:  {http://www.w3.org/2001/XMLSchema}string
javaType:   class java.lang.String
inHeader:   false
outHeader:  false
@7e63a87e<total parameters:2
19:51:09.811 [Test worker] DEBUG org.apache.axis.description.OperationDesc - @f293036 added parameter >name:       note
typeEntry:  null
mode:       IN
position:   2
isReturn:   false
typeQName:  {http://futureware.biz/mantisconnect}IssueNoteData
javaType:   class biz.futureware.mantis.rpc.soap.client.IssueNoteData
inHeader:   false
outHeader:  false
@37eb04ee<total parameters:3
19:51:09.811 [Test worker] DEBUG org.apache.axis.description.OperationDesc - @f293036setReturnType({http://www.w3.org/2001/XMLSchema}boolean)
19:51:09.811 [Test worker] DEBUG org.apache.axis.description.OperationDesc - @71053aa5 added parameter >name:       username
typeEntry:  null
mode:       IN
position:   0
isReturn:   false
typeQName:  {http://www.w3.org/2001/XMLSchema}string
javaType:   class java.lang.String
inHeader:   false
outHeader:  false
@63af759c<total parameters:1
19:51:09.812 [Test worker] DEBUG org.apache.axis.description.OperationDesc - @71053aa5 added parameter >name:       password
typeEntry:  null
mode:       IN
position:   1
isReturn:   false
typeQName:  {http://www.w3.org/2001/XMLSchema}string
javaType:   class java.lang.String
inHeader:   false
outHeader:  false
@6c11cf<total parameters:2
19:51:09.812 [Test worker] DEBUG org.apache.axis.description.OperationDesc - @71053aa5 added parameter >name:       issue_id
typeEntry:  null
mode:       IN
position:   2
isReturn:   false
typeQName:  {http://www.w3.org/2001/XMLSchema}integer
javaType:   class java.math.BigInteger
inHeader:   false
outHeader:  false
@6f4fa958<total parameters:3
19:51:09.813 [Test worker] DEBUG org.apache.axis.description.OperationDesc - @71053aa5 added parameter >name:       relationship
typeEntry:  null
mode:       IN
position:   3
isReturn:   false
typeQName:  {http://futureware.biz/mantisconnect}RelationshipData
javaType:   class biz.futureware.mantis.rpc.soap.client.RelationshipData
inHeader:   false
outHeader:  false
@4f5e78ba<total parameters:4
19:51:09.813 [Test worker] DEBUG org.apache.axis.description.OperationDesc - @71053aa5setReturnType({http://www.w3.org/2001/XMLSchema}integer)
19:51:09.813 [Test worker] DEBUG org.apache.axis.description.OperationDesc - @5dc90d60 added parameter >name:       username
typeEntry:  null
mode:       IN
position:   0
isReturn:   false
typeQName:  {http://www.w3.org/2001/XMLSchema}string
javaType:   class java.lang.String
inHeader:   false
outHeader:  false
@5132b799<total parameters:1
19:51:09.813 [Test worker] DEBUG org.apache.axis.description.OperationDesc - @5dc90d60 added parameter >name:       password
typeEntry:  null
mode:       IN
position:   1
isReturn:   false
typeQName:  {http://www.w3.org/2001/XMLSchema}string
javaType:   class java.lang.String
inHeader:   false
outHeader:  false
@19918886<total parameters:2
19:51:09.814 [Test worker] DEBUG org.apache.axis.description.OperationDesc - @5dc90d60 added parameter >name:       issue_id
typeEntry:  null
mode:       IN
position:   2
isReturn:   false
typeQName:  {http://www.w3.org/2001/XMLSchema}integer
javaType:   class java.math.BigInteger
inHeader:   false
outHeader:  false
@2536b8a6<total parameters:3
19:51:09.814 [Test worker] DEBUG org.apache.axis.description.OperationDesc - @5dc90d60 added parameter >name:       relationship_id
typeEntry:  null
mode:       IN
position:   3
isReturn:   false
typeQName:  {http://www.w3.org/2001/XMLSchema}integer
javaType:   class java.math.BigInteger
inHeader:   false
outHeader:  false
@3081136d<total parameters:4
19:51:09.815 [Test worker] DEBUG org.apache.axis.description.OperationDesc - @5dc90d60setReturnType({http://www.w3.org/2001/XMLSchema}boolean)
19:51:09.816 [Test worker] DEBUG org.apache.axis.description.OperationDesc - @74cbe49b added parameter >name:       username
typeEntry:  null
mode:       IN
position:   0
isReturn:   false
typeQName:  {http://www.w3.org/2001/XMLSchema}string
javaType:   class java.lang.String
inHeader:   false
outHeader:  false
@618b973c<total parameters:1
19:51:09.816 [Test worker] DEBUG org.apache.axis.description.OperationDesc - @74cbe49b added parameter >name:       password
typeEntry:  null
mode:       IN
position:   1
isReturn:   false
typeQName:  {http://www.w3.org/2001/XMLSchema}string
javaType:   class java.lang.String
inHeader:   false
outHeader:  false
@71e8e023<total parameters:2
19:51:09.817 [Test worker] DEBUG org.apache.axis.description.OperationDesc - @74cbe49b added parameter >name:       issue_id
typeEntry:  null
mode:       IN
position:   2
isReturn:   false
typeQName:  {http://www.w3.org/2001/XMLSchema}integer
javaType:   class java.math.BigInteger
inHeader:   false
outHeader:  false
@49ca9f08<total parameters:3
19:51:09.817 [Test worker] DEBUG org.apache.axis.description.OperationDesc - @74cbe49b added parameter >name:       name
typeEntry:  null
mode:       IN
position:   3
isReturn:   false
typeQName:  {http://www.w3.org/2001/XMLSchema}string
javaType:   class java.lang.String
inHeader:   false
outHeader:  false
@628e5596<total parameters:4
19:51:09.819 [Test worker] DEBUG org.apache.axis.description.OperationDesc - @74cbe49b added parameter >name:       file_type
typeEntry:  null
mode:       IN
position:   4
isReturn:   false
typeQName:  {http://www.w3.org/2001/XMLSchema}string
javaType:   class java.lang.String
inHeader:   false
outHeader:  false
@5f811c8c<total parameters:5
19:51:09.821 [Test worker] DEBUG org.apache.axis.description.OperationDesc - @74cbe49b added parameter >name:       content
typeEntry:  null
mode:       IN
position:   5
isReturn:   false
typeQName:  {http://www.w3.org/2001/XMLSchema}base64Binary
javaType:   class [B
inHeader:   false
outHeader:  false
@69de06a7<total parameters:6
19:51:09.821 [Test worker] DEBUG org.apache.axis.description.OperationDesc - @74cbe49bsetReturnType({http://www.w3.org/2001/XMLSchema}integer)
19:51:09.821 [Test worker] DEBUG org.apache.axis.description.OperationDesc - @7471f64b added parameter >name:       username
typeEntry:  null
mode:       IN
position:   0
isReturn:   false
typeQName:  {http://www.w3.org/2001/XMLSchema}string
javaType:   class java.lang.String
inHeader:   false
outHeader:  false
@64433fb6<total parameters:1
19:51:09.822 [Test worker] DEBUG org.apache.axis.description.OperationDesc - @7471f64b added parameter >name:       password
typeEntry:  null
mode:       IN
position:   1
isReturn:   false
typeQName:  {http://www.w3.org/2001/XMLSchema}string
javaType:   class java.lang.String
inHeader:   false
outHeader:  false
@33712ace<total parameters:2
19:51:09.822 [Test worker] DEBUG org.apache.axis.description.OperationDesc - @7471f64b added parameter >name:       issue_attachment_id
typeEntry:  null
mode:       IN
position:   2
isReturn:   false
typeQName:  {http://www.w3.org/2001/XMLSchema}integer
javaType:   class java.math.BigInteger
inHeader:   false
outHeader:  false
@2a83f939<total parameters:3
19:51:09.823 [Test worker] DEBUG org.apache.axis.description.OperationDesc - @7471f64bsetReturnType({http://www.w3.org/2001/XMLSchema}boolean)
19:51:09.824 [Test worker] DEBUG org.apache.axis.description.OperationDesc - @51bb918c added parameter >name:       username
typeEntry:  null
mode:       IN
position:   0
isReturn:   false
typeQName:  {http://www.w3.org/2001/XMLSchema}string
javaType:   class java.lang.String
inHeader:   false
outHeader:  false
@2c78ba82<total parameters:1
19:51:09.824 [Test worker] DEBUG org.apache.axis.description.OperationDesc - @51bb918c added parameter >name:       password
typeEntry:  null
mode:       IN
position:   1
isReturn:   false
typeQName:  {http://www.w3.org/2001/XMLSchema}string
javaType:   class java.lang.String
inHeader:   false
outHeader:  false
@16e5d299<total parameters:2
19:51:09.824 [Test worker] DEBUG org.apache.axis.description.OperationDesc - @51bb918c added parameter >name:       issue_attachment_id
typeEntry:  null
mode:       IN
position:   2
isReturn:   false
typeQName:  {http://www.w3.org/2001/XMLSchema}integer
javaType:   class java.math.BigInteger
inHeader:   false
outHeader:  false
@239aab4d<total parameters:3
19:51:09.824 [Test worker] DEBUG org.apache.axis.description.OperationDesc - @51bb918csetReturnType({http://www.w3.org/2001/XMLSchema}base64Binary)
19:51:09.824 [Test worker] DEBUG org.apache.axis.description.OperationDesc - @2ea06943 added parameter >name:       username
typeEntry:  null
mode:       IN
position:   0
isReturn:   false
typeQName:  {http://www.w3.org/2001/XMLSchema}string
javaType:   class java.lang.String
inHeader:   false
outHeader:  false
@47656abf<total parameters:1
19:51:09.824 [Test worker] DEBUG org.apache.axis.description.OperationDesc - @2ea06943 added parameter >name:       password
typeEntry:  null
mode:       IN
position:   1
isReturn:   false
typeQName:  {http://www.w3.org/2001/XMLSchema}string
javaType:   class java.lang.String
inHeader:   false
outHeader:  false
@7f2c09d0<total parameters:2
19:51:09.826 [Test worker] DEBUG org.apache.axis.description.OperationDesc - @2ea06943 added parameter >name:       project
typeEntry:  null
mode:       IN
position:   2
isReturn:   false
typeQName:  {http://futureware.biz/mantisconnect}ProjectData
javaType:   class biz.futureware.mantis.rpc.soap.client.ProjectData
inHeader:   false
outHeader:  false
@4881391c<total parameters:3
19:51:09.826 [Test worker] DEBUG org.apache.axis.description.OperationDesc - @2ea06943setReturnType({http://www.w3.org/2001/XMLSchema}integer)
19:51:09.826 [Test worker] DEBUG org.apache.axis.description.OperationDesc - @57fccb55 added parameter >name:       username
typeEntry:  null
mode:       IN
position:   0
isReturn:   false
typeQName:  {http://www.w3.org/2001/XMLSchema}string
javaType:   class java.lang.String
inHeader:   false
outHeader:  false
@e923bcc<total parameters:1
19:51:09.826 [Test worker] DEBUG org.apache.axis.description.OperationDesc - @57fccb55 added parameter >name:       password
typeEntry:  null
mode:       IN
position:   1
isReturn:   false
typeQName:  {http://www.w3.org/2001/XMLSchema}string
javaType:   class java.lang.String
inHeader:   false
outHeader:  false
@467a556b<total parameters:2
19:51:09.826 [Test worker] DEBUG org.apache.axis.description.OperationDesc - @57fccb55 added parameter >name:       project_id
typeEntry:  null
mode:       IN
position:   2
isReturn:   false
typeQName:  {http://www.w3.org/2001/XMLSchema}integer
javaType:   class java.math.BigInteger
inHeader:   false
outHeader:  false
@7f2dd61<total parameters:3
19:51:09.826 [Test worker] DEBUG org.apache.axis.description.OperationDesc - @57fccb55setReturnType({http://www.w3.org/2001/XMLSchema}boolean)
19:51:09.826 [Test worker] DEBUG org.apache.axis.description.OperationDesc - @366518a9 added parameter >name:       username
typeEntry:  null
mode:       IN
position:   0
isReturn:   false
typeQName:  {http://www.w3.org/2001/XMLSchema}string
javaType:   class java.lang.String
inHeader:   false
outHeader:  false
@293609f2<total parameters:1
19:51:09.827 [Test worker] DEBUG org.apache.axis.description.OperationDesc - @366518a9 added parameter >name:       password
typeEntry:  null
mode:       IN
position:   1
isReturn:   false
typeQName:  {http://www.w3.org/2001/XMLSchema}string
javaType:   class java.lang.String
inHeader:   false
outHeader:  false
@3df3d0b2<total parameters:2
19:51:09.827 [Test worker] DEBUG org.apache.axis.description.OperationDesc - @366518a9 added parameter >name:       project_id
typeEntry:  null
mode:       IN
position:   2
isReturn:   false
typeQName:  {http://www.w3.org/2001/XMLSchema}integer
javaType:   class java.math.BigInteger
inHeader:   false
outHeader:  false
@2c7b1bb8<total parameters:3
19:51:09.827 [Test worker] DEBUG org.apache.axis.description.OperationDesc - @366518a9 added parameter >name:       project
typeEntry:  null
mode:       IN
position:   3
isReturn:   false
typeQName:  {http://futureware.biz/mantisconnect}ProjectData
javaType:   class biz.futureware.mantis.rpc.soap.client.ProjectData
inHeader:   false
outHeader:  false
@32c5fece<total parameters:4
19:51:09.827 [Test worker] DEBUG org.apache.axis.description.OperationDesc - @366518a9setReturnType({http://www.w3.org/2001/XMLSchema}boolean)
19:51:09.827 [Test worker] DEBUG org.apache.axis.description.OperationDesc - @2b2508fd added parameter >name:       username
typeEntry:  null
mode:       IN
position:   0
isReturn:   false
typeQName:  {http://www.w3.org/2001/XMLSchema}string
javaType:   class java.lang.String
inHeader:   false
outHeader:  false
@8f03b6b<total parameters:1
19:51:09.827 [Test worker] DEBUG org.apache.axis.description.OperationDesc - @2b2508fd added parameter >name:       password
typeEntry:  null
mode:       IN
position:   1
isReturn:   false
typeQName:  {http://www.w3.org/2001/XMLSchema}string
javaType:   class java.lang.String
inHeader:   false
outHeader:  false
@7c225716<total parameters:2
19:51:09.827 [Test worker] DEBUG org.apache.axis.description.OperationDesc - @2b2508fd added parameter >name:       project_name
typeEntry:  null
mode:       IN
position:   2
isReturn:   false
typeQName:  {http://www.w3.org/2001/XMLSchema}string
javaType:   class java.lang.String
inHeader:   false
outHeader:  false
@618cf5d2<total parameters:3
19:51:09.828 [Test worker] DEBUG org.apache.axis.description.OperationDesc - @2b2508fdsetReturnType({http://www.w3.org/2001/XMLSchema}integer)
19:51:09.828 [Test worker] DEBUG org.apache.axis.description.OperationDesc - @62ed7bfe added parameter >name:       username
typeEntry:  null
mode:       IN
position:   0
isReturn:   false
typeQName:  {http://www.w3.org/2001/XMLSchema}string
javaType:   class java.lang.String
inHeader:   false
outHeader:  false
@6bcf3fab<total parameters:1
19:51:09.828 [Test worker] DEBUG org.apache.axis.description.OperationDesc - @62ed7bfe added parameter >name:       password
typeEntry:  null
mode:       IN
position:   1
isReturn:   false
typeQName:  {http://www.w3.org/2001/XMLSchema}string
javaType:   class java.lang.String
inHeader:   false
outHeader:  false
@5bb4f23<total parameters:2
19:51:09.828 [Test worker] DEBUG org.apache.axis.description.OperationDesc - @62ed7bfe added parameter >name:       project_id
typeEntry:  null
mode:       IN
position:   2
isReturn:   false
typeQName:  {http://www.w3.org/2001/XMLSchema}integer
javaType:   class java.math.BigInteger
inHeader:   false
outHeader:  false
@39f1823<total parameters:3
19:51:09.828 [Test worker] DEBUG org.apache.axis.description.OperationDesc - @62ed7bfe added parameter >name:       filter_type
typeEntry:  null
mode:       IN
position:   3
isReturn:   false
typeQName:  {http://www.w3.org/2001/XMLSchema}string
javaType:   class java.lang.String
inHeader:   false
outHeader:  false
@aa4b125<total parameters:4
19:51:09.829 [Test worker] DEBUG org.apache.axis.description.OperationDesc - @62ed7bfe added parameter >name:       target_user
typeEntry:  null
mode:       IN
position:   4
isReturn:   false
typeQName:  {http://futureware.biz/mantisconnect}AccountData
javaType:   class biz.futureware.mantis.rpc.soap.client.AccountData
inHeader:   false
outHeader:  false
@3c3c3519<total parameters:5
19:51:09.829 [Test worker] DEBUG org.apache.axis.description.OperationDesc - @62ed7bfe added parameter >name:       page_number
typeEntry:  null
mode:       IN
position:   5
isReturn:   false
typeQName:  {http://www.w3.org/2001/XMLSchema}integer
javaType:   class java.math.BigInteger
inHeader:   false
outHeader:  false
@13be9622<total parameters:6
19:51:09.829 [Test worker] DEBUG org.apache.axis.description.OperationDesc - @62ed7bfe added parameter >name:       per_page
typeEntry:  null
mode:       IN
position:   6
isReturn:   false
typeQName:  {http://www.w3.org/2001/XMLSchema}integer
javaType:   class java.math.BigInteger
inHeader:   false
outHeader:  false
@2c28a0f5<total parameters:7
19:51:09.830 [Test worker] DEBUG org.apache.axis.description.OperationDesc - @62ed7bfesetReturnType({http://futureware.biz/mantisconnect}IssueDataArray)
19:51:09.830 [Test worker] DEBUG org.apache.axis.description.OperationDesc - @20a38912 added parameter >name:       username
typeEntry:  null
mode:       IN
position:   0
isReturn:   false
typeQName:  {http://www.w3.org/2001/XMLSchema}string
javaType:   class java.lang.String
inHeader:   false
outHeader:  false
@7d6af4e2<total parameters:1
19:51:09.830 [Test worker] DEBUG org.apache.axis.description.OperationDesc - @20a38912 added parameter >name:       password
typeEntry:  null
mode:       IN
position:   1
isReturn:   false
typeQName:  {http://www.w3.org/2001/XMLSchema}string
javaType:   class java.lang.String
inHeader:   false
outHeader:  false
@1a8262eb<total parameters:2
19:51:09.830 [Test worker] DEBUG org.apache.axis.description.OperationDesc - @20a38912 added parameter >name:       project_id
typeEntry:  null
mode:       IN
position:   2
isReturn:   false
typeQName:  {http://www.w3.org/2001/XMLSchema}integer
javaType:   class java.math.BigInteger
inHeader:   false
outHeader:  false
@73444646<total parameters:3
19:51:09.830 [Test worker] DEBUG org.apache.axis.description.OperationDesc - @20a38912 added parameter >name:       page_number
typeEntry:  null
mode:       IN
position:   3
isReturn:   false
typeQName:  {http://www.w3.org/2001/XMLSchema}integer
javaType:   class java.math.BigInteger
inHeader:   false
outHeader:  false
@4f13aa25<total parameters:4
19:51:09.830 [Test worker] DEBUG org.apache.axis.description.OperationDesc - @20a38912 added parameter >name:       per_page
typeEntry:  null
mode:       IN
position:   4
isReturn:   false
typeQName:  {http://www.w3.org/2001/XMLSchema}integer
javaType:   class java.math.BigInteger
inHeader:   false
outHeader:  false
@65748ac1<total parameters:5
19:51:09.830 [Test worker] DEBUG org.apache.axis.description.OperationDesc - @20a38912setReturnType({http://futureware.biz/mantisconnect}IssueDataArray)
19:51:09.830 [Test worker] DEBUG org.apache.axis.description.OperationDesc - @6ce839be added parameter >name:       username
typeEntry:  null
mode:       IN
position:   0
isReturn:   false
typeQName:  {http://www.w3.org/2001/XMLSchema}string
javaType:   class java.lang.String
inHeader:   false
outHeader:  false
@3d4f2413<total parameters:1
19:51:09.830 [Test worker] DEBUG org.apache.axis.description.OperationDesc - @6ce839be added parameter >name:       password
typeEntry:  null
mode:       IN
position:   1
isReturn:   false
typeQName:  {http://www.w3.org/2001/XMLSchema}string
javaType:   class java.lang.String
inHeader:   false
outHeader:  false
@6fdfe31d<total parameters:2
19:51:09.830 [Test worker] DEBUG org.apache.axis.description.OperationDesc - @6ce839be added parameter >name:       project_id
typeEntry:  null
mode:       IN
position:   2
isReturn:   false
typeQName:  {http://www.w3.org/2001/XMLSchema}integer
javaType:   class java.math.BigInteger
inHeader:   false
outHeader:  false
@2ebc5ea5<total parameters:3
19:51:09.830 [Test worker] DEBUG org.apache.axis.description.OperationDesc - @6ce839be added parameter >name:       page_number
typeEntry:  null
mode:       IN
position:   3
isReturn:   false
typeQName:  {http://www.w3.org/2001/XMLSchema}integer
javaType:   class java.math.BigInteger
inHeader:   false
outHeader:  false
@334a705<total parameters:4
19:51:09.831 [Test worker] DEBUG org.apache.axis.description.OperationDesc - @6ce839be added parameter >name:       per_page
typeEntry:  null
mode:       IN
position:   4
isReturn:   false
typeQName:  {http://www.w3.org/2001/XMLSchema}integer
javaType:   class java.math.BigInteger
inHeader:   false
outHeader:  false
@471f74cc<total parameters:5
19:51:09.831 [Test worker] DEBUG org.apache.axis.description.OperationDesc - @6ce839besetReturnType({http://futureware.biz/mantisconnect}IssueHeaderDataArray)
19:51:09.831 [Test worker] DEBUG org.apache.axis.description.OperationDesc - @3d6705e0 added parameter >name:       username
typeEntry:  null
mode:       IN
position:   0
isReturn:   false
typeQName:  {http://www.w3.org/2001/XMLSchema}string
javaType:   class java.lang.String
inHeader:   false
outHeader:  false
@162bf94<total parameters:1
19:51:09.831 [Test worker] DEBUG org.apache.axis.description.OperationDesc - @3d6705e0 added parameter >name:       password
typeEntry:  null
mode:       IN
position:   1
isReturn:   false
typeQName:  {http://www.w3.org/2001/XMLSchema}string
javaType:   class java.lang.String
inHeader:   false
outHeader:  false
@13398ef9<total parameters:2
19:51:09.832 [Test worker] DEBUG org.apache.axis.description.OperationDesc - @3d6705e0 added parameter >name:       project_id
typeEntry:  null
mode:       IN
position:   2
isReturn:   false
typeQName:  {http://www.w3.org/2001/XMLSchema}integer
javaType:   class java.math.BigInteger
inHeader:   false
outHeader:  false
@64ab7490<total parameters:3
19:51:09.832 [Test worker] DEBUG org.apache.axis.description.OperationDesc - @3d6705e0 added parameter >name:       access
typeEntry:  null
mode:       IN
position:   3
isReturn:   false
typeQName:  {http://www.w3.org/2001/XMLSchema}integer
javaType:   class java.math.BigInteger
inHeader:   false
outHeader:  false
@616635e0<total parameters:4
19:51:09.832 [Test worker] DEBUG org.apache.axis.description.OperationDesc - @3d6705e0setReturnType({http://futureware.biz/mantisconnect}AccountDataArray)
19:51:09.832 [Test worker] DEBUG org.apache.axis.description.OperationDesc - @75eca847 added parameter >name:       username
typeEntry:  null
mode:       IN
position:   0
isReturn:   false
typeQName:  {http://www.w3.org/2001/XMLSchema}string
javaType:   class java.lang.String
inHeader:   false
outHeader:  false
@2a7dbe45<total parameters:1
19:51:09.832 [Test worker] DEBUG org.apache.axis.description.OperationDesc - @75eca847 added parameter >name:       password
typeEntry:  null
mode:       IN
position:   1
isReturn:   false
typeQName:  {http://www.w3.org/2001/XMLSchema}string
javaType:   class java.lang.String
inHeader:   false
outHeader:  false
@154d406e<total parameters:2
19:51:09.832 [Test worker] DEBUG org.apache.axis.description.OperationDesc - @75eca847setReturnType({http://futureware.biz/mantisconnect}ProjectDataArray)
19:51:09.832 [Test worker] DEBUG org.apache.axis.description.OperationDesc - @4554be12 added parameter >name:       username
typeEntry:  null
mode:       IN
position:   0
isReturn:   false
typeQName:  {http://www.w3.org/2001/XMLSchema}string
javaType:   class java.lang.String
inHeader:   false
outHeader:  false
@556a986f<total parameters:1
19:51:09.832 [Test worker] DEBUG org.apache.axis.description.OperationDesc - @4554be12 added parameter >name:       password
typeEntry:  null
mode:       IN
position:   1
isReturn:   false
typeQName:  {http://www.w3.org/2001/XMLSchema}string
javaType:   class java.lang.String
inHeader:   false
outHeader:  false
@12228b11<total parameters:2
19:51:09.832 [Test worker] DEBUG org.apache.axis.description.OperationDesc - @4554be12 added parameter >name:       project_id
typeEntry:  null
mode:       IN
position:   2
isReturn:   false
typeQName:  {http://www.w3.org/2001/XMLSchema}integer
javaType:   class java.math.BigInteger
inHeader:   false
outHeader:  false
@6d13e70b<total parameters:3
19:51:09.832 [Test worker] DEBUG org.apache.axis.description.OperationDesc - @4554be12setReturnType({http://futureware.biz/mantisconnect}StringArray)
19:51:09.833 [Test worker] DEBUG org.apache.axis.description.OperationDesc - @dd77095 added parameter >name:       username
typeEntry:  null
mode:       IN
position:   0
isReturn:   false
typeQName:  {http://www.w3.org/2001/XMLSchema}string
javaType:   class java.lang.String
inHeader:   false
outHeader:  false
@c7f28a0<total parameters:1
19:51:09.833 [Test worker] DEBUG org.apache.axis.description.OperationDesc - @dd77095 added parameter >name:       password
typeEntry:  null
mode:       IN
position:   1
isReturn:   false
typeQName:  {http://www.w3.org/2001/XMLSchema}string
javaType:   class java.lang.String
inHeader:   false
outHeader:  false
@a83403d<total parameters:2
19:51:09.833 [Test worker] DEBUG org.apache.axis.description.OperationDesc - @dd77095 added parameter >name:       project_id
typeEntry:  null
mode:       IN
position:   2
isReturn:   false
typeQName:  {http://www.w3.org/2001/XMLSchema}integer
javaType:   class java.math.BigInteger
inHeader:   false
outHeader:  false
@78dad5d9<total parameters:3
19:51:09.833 [Test worker] DEBUG org.apache.axis.description.OperationDesc - @dd77095 added parameter >name:       p_category_name
typeEntry:  null
mode:       IN
position:   3
isReturn:   false
typeQName:  {http://www.w3.org/2001/XMLSchema}string
javaType:   class java.lang.String
inHeader:   false
outHeader:  false
@4ebf518f<total parameters:4
19:51:09.833 [Test worker] DEBUG org.apache.axis.description.OperationDesc - @dd77095setReturnType({http://www.w3.org/2001/XMLSchema}integer)
19:51:09.833 [Test worker] DEBUG org.apache.axis.description.OperationDesc - @3bf04ad0 added parameter >name:       username
typeEntry:  null
mode:       IN
position:   0
isReturn:   false
typeQName:  {http://www.w3.org/2001/XMLSchema}string
javaType:   class java.lang.String
inHeader:   false
outHeader:  false
@2b62673b<total parameters:1
19:51:09.833 [Test worker] DEBUG org.apache.axis.description.OperationDesc - @3bf04ad0 added parameter >name:       password
typeEntry:  null
mode:       IN
position:   1
isReturn:   false
typeQName:  {http://www.w3.org/2001/XMLSchema}string
javaType:   class java.lang.String
inHeader:   false
outHeader:  false
@5b80b93<total parameters:2
19:51:09.833 [Test worker] DEBUG org.apache.axis.description.OperationDesc - @3bf04ad0 added parameter >name:       project_id
typeEntry:  null
mode:       IN
position:   2
isReturn:   false
typeQName:  {http://www.w3.org/2001/XMLSchema}integer
javaType:   class java.math.BigInteger
inHeader:   false
outHeader:  false
@313f0182<total parameters:3
19:51:09.833 [Test worker] DEBUG org.apache.axis.description.OperationDesc - @3bf04ad0 added parameter >name:       p_category_name
typeEntry:  null
mode:       IN
position:   3
isReturn:   false
typeQName:  {http://www.w3.org/2001/XMLSchema}string
javaType:   class java.lang.String
inHeader:   false
outHeader:  false
@8206bbf<total parameters:4
19:51:09.833 [Test worker] DEBUG org.apache.axis.description.OperationDesc - @3bf04ad0setReturnType({http://www.w3.org/2001/XMLSchema}integer)
19:51:09.833 [Test worker] DEBUG org.apache.axis.description.OperationDesc - @30439e3f added parameter >name:       username
typeEntry:  null
mode:       IN
position:   0
isReturn:   false
typeQName:  {http://www.w3.org/2001/XMLSchema}string
javaType:   class java.lang.String
inHeader:   false
outHeader:  false
@75e2ff37<total parameters:1
19:51:09.833 [Test worker] DEBUG org.apache.axis.description.OperationDesc - @30439e3f added parameter >name:       password
typeEntry:  null
mode:       IN
position:   1
isReturn:   false
typeQName:  {http://www.w3.org/2001/XMLSchema}string
javaType:   class java.lang.String
inHeader:   false
outHeader:  false
@3c18c318<total parameters:2
19:51:09.833 [Test worker] DEBUG org.apache.axis.description.OperationDesc - @30439e3f added parameter >name:       project_id
typeEntry:  null
mode:       IN
position:   2
isReturn:   false
typeQName:  {http://www.w3.org/2001/XMLSchema}integer
javaType:   class java.math.BigInteger
inHeader:   false
outHeader:  false
@37ee2ab7<total parameters:3
19:51:09.834 [Test worker] DEBUG org.apache.axis.description.OperationDesc - @30439e3f added parameter >name:       p_category_name
typeEntry:  null
mode:       IN
position:   3
isReturn:   false
typeQName:  {http://www.w3.org/2001/XMLSchema}string
javaType:   class java.lang.String
inHeader:   false
outHeader:  false
@1bf0e813<total parameters:4
19:51:09.834 [Test worker] DEBUG org.apache.axis.description.OperationDesc - @30439e3f added parameter >name:       p_category_name_new
typeEntry:  null
mode:       IN
position:   4
isReturn:   false
typeQName:  {http://www.w3.org/2001/XMLSchema}string
javaType:   class java.lang.String
inHeader:   false
outHeader:  false
@7909b71d<total parameters:5
19:51:09.834 [Test worker] DEBUG org.apache.axis.description.OperationDesc - @30439e3f added parameter >name:       p_assigned_to
typeEntry:  null
mode:       IN
position:   5
isReturn:   false
typeQName:  {http://www.w3.org/2001/XMLSchema}integer
javaType:   class java.math.BigInteger
inHeader:   false
outHeader:  false
@3f3ab27<total parameters:6
19:51:09.834 [Test worker] DEBUG org.apache.axis.description.OperationDesc - @30439e3fsetReturnType({http://www.w3.org/2001/XMLSchema}integer)
19:51:09.834 [Test worker] DEBUG org.apache.axis.description.OperationDesc - @458e827c added parameter >name:       username
typeEntry:  null
mode:       IN
position:   0
isReturn:   false
typeQName:  {http://www.w3.org/2001/XMLSchema}string
javaType:   class java.lang.String
inHeader:   false
outHeader:  false
@59a25aae<total parameters:1
19:51:09.834 [Test worker] DEBUG org.apache.axis.description.OperationDesc - @458e827c added parameter >name:       password
typeEntry:  null
mode:       IN
position:   1
isReturn:   false
typeQName:  {http://www.w3.org/2001/XMLSchema}string
javaType:   class java.lang.String
inHeader:   false
outHeader:  false
@6da7bfd8<total parameters:2
19:51:09.834 [Test worker] DEBUG org.apache.axis.description.OperationDesc - @458e827c added parameter >name:       project_id
typeEntry:  null
mode:       IN
position:   2
isReturn:   false
typeQName:  {http://www.w3.org/2001/XMLSchema}integer
javaType:   class java.math.BigInteger
inHeader:   false
outHeader:  false
@73939bd8<total parameters:3
19:51:09.834 [Test worker] DEBUG org.apache.axis.description.OperationDesc - @458e827csetReturnType({http://futureware.biz/mantisconnect}ProjectVersionDataArray)
19:51:09.835 [Test worker] DEBUG org.apache.axis.description.OperationDesc - @590a18f0 added parameter >name:       username
typeEntry:  null
mode:       IN
position:   0
isReturn:   false
typeQName:  {http://www.w3.org/2001/XMLSchema}string
javaType:   class java.lang.String
inHeader:   false
outHeader:  false
@36a80552<total parameters:1
19:51:09.835 [Test worker] DEBUG org.apache.axis.description.OperationDesc - @590a18f0 added parameter >name:       password
typeEntry:  null
mode:       IN
position:   1
isReturn:   false
typeQName:  {http://www.w3.org/2001/XMLSchema}string
javaType:   class java.lang.String
inHeader:   false
outHeader:  false
@f7b33f9<total parameters:2
19:51:09.835 [Test worker] DEBUG org.apache.axis.description.OperationDesc - @590a18f0 added parameter >name:       version
typeEntry:  null
mode:       IN
position:   2
isReturn:   false
typeQName:  {http://futureware.biz/mantisconnect}ProjectVersionData
javaType:   class biz.futureware.mantis.rpc.soap.client.ProjectVersionData
inHeader:   false
outHeader:  false
@1f13cd66<total parameters:3
19:51:09.835 [Test worker] DEBUG org.apache.axis.description.OperationDesc - @590a18f0setReturnType({http://www.w3.org/2001/XMLSchema}integer)
19:51:09.839 [Test worker] DEBUG org.apache.axis.description.OperationDesc - @16d79bec added parameter >name:       username
typeEntry:  null
mode:       IN
position:   0
isReturn:   false
typeQName:  {http://www.w3.org/2001/XMLSchema}string
javaType:   class java.lang.String
inHeader:   false
outHeader:  false
@60a38ef1<total parameters:1
19:51:09.839 [Test worker] DEBUG org.apache.axis.description.OperationDesc - @16d79bec added parameter >name:       password
typeEntry:  null
mode:       IN
position:   1
isReturn:   false
typeQName:  {http://www.w3.org/2001/XMLSchema}string
javaType:   class java.lang.String
inHeader:   false
outHeader:  false
@36118de7<total parameters:2
19:51:09.840 [Test worker] DEBUG org.apache.axis.description.OperationDesc - @16d79bec added parameter >name:       version_id
typeEntry:  null
mode:       IN
position:   2
isReturn:   false
typeQName:  {http://www.w3.org/2001/XMLSchema}integer
javaType:   class java.math.BigInteger
inHeader:   false
outHeader:  false
@37e81ebe<total parameters:3
19:51:09.840 [Test worker] DEBUG org.apache.axis.description.OperationDesc - @16d79bec added parameter >name:       version
typeEntry:  null
mode:       IN
position:   3
isReturn:   false
typeQName:  {http://futureware.biz/mantisconnect}ProjectVersionData
javaType:   class biz.futureware.mantis.rpc.soap.client.ProjectVersionData
inHeader:   false
outHeader:  false
@1d4aeb54<total parameters:4
19:51:09.840 [Test worker] DEBUG org.apache.axis.description.OperationDesc - @16d79becsetReturnType({http://www.w3.org/2001/XMLSchema}boolean)
19:51:09.840 [Test worker] DEBUG org.apache.axis.description.OperationDesc - @61622a0a added parameter >name:       username
typeEntry:  null
mode:       IN
position:   0
isReturn:   false
typeQName:  {http://www.w3.org/2001/XMLSchema}string
javaType:   class java.lang.String
inHeader:   false
outHeader:  false
@5b26ed74<total parameters:1
19:51:09.840 [Test worker] DEBUG org.apache.axis.description.OperationDesc - @61622a0a added parameter >name:       password
typeEntry:  null
mode:       IN
position:   1
isReturn:   false
typeQName:  {http://www.w3.org/2001/XMLSchema}string
javaType:   class java.lang.String
inHeader:   false
outHeader:  false
@2c4c1540<total parameters:2
19:51:09.840 [Test worker] DEBUG org.apache.axis.description.OperationDesc - @61622a0a added parameter >name:       version_id
typeEntry:  null
mode:       IN
position:   2
isReturn:   false
typeQName:  {http://www.w3.org/2001/XMLSchema}integer
javaType:   class java.math.BigInteger
inHeader:   false
outHeader:  false
@66964bd6<total parameters:3
19:51:09.840 [Test worker] DEBUG org.apache.axis.description.OperationDesc - @61622a0asetReturnType({http://www.w3.org/2001/XMLSchema}boolean)
19:51:09.840 [Test worker] DEBUG org.apache.axis.description.OperationDesc - @16d41f74 added parameter >name:       username
typeEntry:  null
mode:       IN
position:   0
isReturn:   false
typeQName:  {http://www.w3.org/2001/XMLSchema}string
javaType:   class java.lang.String
inHeader:   false
outHeader:  false
@7af50d97<total parameters:1
19:51:09.840 [Test worker] DEBUG org.apache.axis.description.OperationDesc - @16d41f74 added parameter >name:       password
typeEntry:  null
mode:       IN
position:   1
isReturn:   false
typeQName:  {http://www.w3.org/2001/XMLSchema}string
javaType:   class java.lang.String
inHeader:   false
outHeader:  false
@365fe19c<total parameters:2
19:51:09.841 [Test worker] DEBUG org.apache.axis.description.OperationDesc - @16d41f74 added parameter >name:       project_id
typeEntry:  null
mode:       IN
position:   2
isReturn:   false
typeQName:  {http://www.w3.org/2001/XMLSchema}integer
javaType:   class java.math.BigInteger
inHeader:   false
outHeader:  false
@62c3c47a<total parameters:3
19:51:09.841 [Test worker] DEBUG org.apache.axis.description.OperationDesc - @16d41f74setReturnType({http://futureware.biz/mantisconnect}ProjectVersionDataArray)
19:51:09.841 [Test worker] DEBUG org.apache.axis.description.OperationDesc - @54da48e9 added parameter >name:       username
typeEntry:  null
mode:       IN
position:   0
isReturn:   false
typeQName:  {http://www.w3.org/2001/XMLSchema}string
javaType:   class java.lang.String
inHeader:   false
outHeader:  false
@6117e50<total parameters:1
19:51:09.841 [Test worker] DEBUG org.apache.axis.description.OperationDesc - @54da48e9 added parameter >name:       password
typeEntry:  null
mode:       IN
position:   1
isReturn:   false
typeQName:  {http://www.w3.org/2001/XMLSchema}string
javaType:   class java.lang.String
inHeader:   false
outHeader:  false
@4f0b3c0f<total parameters:2
19:51:09.841 [Test worker] DEBUG org.apache.axis.description.OperationDesc - @54da48e9 added parameter >name:       project_id
typeEntry:  null
mode:       IN
position:   2
isReturn:   false
typeQName:  {http://www.w3.org/2001/XMLSchema}integer
javaType:   class java.math.BigInteger
inHeader:   false
outHeader:  false
@3317d180<total parameters:3
19:51:09.841 [Test worker] DEBUG org.apache.axis.description.OperationDesc - @54da48e9setReturnType({http://futureware.biz/mantisconnect}ProjectVersionDataArray)
19:51:09.841 [Test worker] DEBUG org.apache.axis.description.OperationDesc - @358c4a0b added parameter >name:       username
typeEntry:  null
mode:       IN
position:   0
isReturn:   false
typeQName:  {http://www.w3.org/2001/XMLSchema}string
javaType:   class java.lang.String
inHeader:   false
outHeader:  false
@38625114<total parameters:1
19:51:09.841 [Test worker] DEBUG org.apache.axis.description.OperationDesc - @358c4a0b added parameter >name:       password
typeEntry:  null
mode:       IN
position:   1
isReturn:   false
typeQName:  {http://www.w3.org/2001/XMLSchema}string
javaType:   class java.lang.String
inHeader:   false
outHeader:  false
@2e1ff953<total parameters:2
19:51:09.841 [Test worker] DEBUG org.apache.axis.description.OperationDesc - @358c4a0b added parameter >name:       project_id
typeEntry:  null
mode:       IN
position:   2
isReturn:   false
typeQName:  {http://www.w3.org/2001/XMLSchema}integer
javaType:   class java.math.BigInteger
inHeader:   false
outHeader:  false
@2309a6c1<total parameters:3
19:51:09.842 [Test worker] DEBUG org.apache.axis.description.OperationDesc - @358c4a0bsetReturnType({http://futureware.biz/mantisconnect}ProjectAttachmentDataArray)
19:51:09.842 [Test worker] DEBUG org.apache.axis.description.OperationDesc - @fc6c636 added parameter >name:       username
typeEntry:  null
mode:       IN
position:   0
isReturn:   false
typeQName:  {http://www.w3.org/2001/XMLSchema}string
javaType:   class java.lang.String
inHeader:   false
outHeader:  false
@619756a1<total parameters:1
19:51:09.843 [Test worker] DEBUG org.apache.axis.description.OperationDesc - @fc6c636 added parameter >name:       password
typeEntry:  null
mode:       IN
position:   1
isReturn:   false
typeQName:  {http://www.w3.org/2001/XMLSchema}string
javaType:   class java.lang.String
inHeader:   false
outHeader:  false
@617198e<total parameters:2
19:51:09.843 [Test worker] DEBUG org.apache.axis.description.OperationDesc - @fc6c636 added parameter >name:       project_id
typeEntry:  null
mode:       IN
position:   2
isReturn:   false
typeQName:  {http://www.w3.org/2001/XMLSchema}integer
javaType:   class java.math.BigInteger
inHeader:   false
outHeader:  false
@4bd68c99<total parameters:3
19:51:09.843 [Test worker] DEBUG org.apache.axis.description.OperationDesc - @fc6c636setReturnType({http://futureware.biz/mantisconnect}CustomFieldDefinitionDataArray)
19:51:09.844 [Test worker] DEBUG org.apache.axis.description.OperationDesc - @1784d1c4 added parameter >name:       username
typeEntry:  null
mode:       IN
position:   0
isReturn:   false
typeQName:  {http://www.w3.org/2001/XMLSchema}string
javaType:   class java.lang.String
inHeader:   false
outHeader:  false
@68c925e9<total parameters:1
19:51:09.844 [Test worker] DEBUG org.apache.axis.description.OperationDesc - @1784d1c4 added parameter >name:       password
typeEntry:  null
mode:       IN
position:   1
isReturn:   false
typeQName:  {http://www.w3.org/2001/XMLSchema}string
javaType:   class java.lang.String
inHeader:   false
outHeader:  false
@5a46194f<total parameters:2
19:51:09.844 [Test worker] DEBUG org.apache.axis.description.OperationDesc - @1784d1c4 added parameter >name:       project_attachment_id
typeEntry:  null
mode:       IN
position:   2
isReturn:   false
typeQName:  {http://www.w3.org/2001/XMLSchema}integer
javaType:   class java.math.BigInteger
inHeader:   false
outHeader:  false
@78b5cd96<total parameters:3
19:51:09.844 [Test worker] DEBUG org.apache.axis.description.OperationDesc - @1784d1c4setReturnType({http://www.w3.org/2001/XMLSchema}base64Binary)
19:51:09.844 [Test worker] DEBUG org.apache.axis.description.OperationDesc - @498e29b5 added parameter >name:       username
typeEntry:  null
mode:       IN
position:   0
isReturn:   false
typeQName:  {http://www.w3.org/2001/XMLSchema}string
javaType:   class java.lang.String
inHeader:   false
outHeader:  false
@68c9bb00<total parameters:1
19:51:09.844 [Test worker] DEBUG org.apache.axis.description.OperationDesc - @498e29b5 added parameter >name:       password
typeEntry:  null
mode:       IN
position:   1
isReturn:   false
typeQName:  {http://www.w3.org/2001/XMLSchema}string
javaType:   class java.lang.String
inHeader:   false
outHeader:  false
@22f5b37<total parameters:2
19:51:09.844 [Test worker] DEBUG org.apache.axis.description.OperationDesc - @498e29b5 added parameter >name:       project_id
typeEntry:  null
mode:       IN
position:   2
isReturn:   false
typeQName:  {http://www.w3.org/2001/XMLSchema}integer
javaType:   class java.math.BigInteger
inHeader:   false
outHeader:  false
@54a0ff99<total parameters:3
19:51:09.845 [Test worker] DEBUG org.apache.axis.description.OperationDesc - @498e29b5 added parameter >name:       name
typeEntry:  null
mode:       IN
position:   3
isReturn:   false
typeQName:  {http://www.w3.org/2001/XMLSchema}string
javaType:   class java.lang.String
inHeader:   false
outHeader:  false
@6cdbb739<total parameters:4
19:51:09.845 [Test worker] DEBUG org.apache.axis.description.OperationDesc - @498e29b5 added parameter >name:       title
typeEntry:  null
mode:       IN
position:   4
isReturn:   false
typeQName:  {http://www.w3.org/2001/XMLSchema}string
javaType:   class java.lang.String
inHeader:   false
outHeader:  false
@49ef0019<total parameters:5
19:51:09.845 [Test worker] DEBUG org.apache.axis.description.OperationDesc - @498e29b5 added parameter >name:       description
typeEntry:  null
mode:       IN
position:   5
isReturn:   false
typeQName:  {http://www.w3.org/2001/XMLSchema}string
javaType:   class java.lang.String
inHeader:   false
outHeader:  false
@31610cf0<total parameters:6
19:51:09.845 [Test worker] DEBUG org.apache.axis.description.OperationDesc - @498e29b5 added parameter >name:       file_type
typeEntry:  null
mode:       IN
position:   6
isReturn:   false
typeQName:  {http://www.w3.org/2001/XMLSchema}string
javaType:   class java.lang.String
inHeader:   false
outHeader:  false
@626e7172<total parameters:7
19:51:09.845 [Test worker] DEBUG org.apache.axis.description.OperationDesc - @498e29b5 added parameter >name:       content
typeEntry:  null
mode:       IN
position:   7
isReturn:   false
typeQName:  {http://www.w3.org/2001/XMLSchema}base64Binary
javaType:   class [B
inHeader:   false
outHeader:  false
@533d7079<total parameters:8
19:51:09.845 [Test worker] DEBUG org.apache.axis.description.OperationDesc - @498e29b5setReturnType({http://www.w3.org/2001/XMLSchema}integer)
19:51:09.845 [Test worker] DEBUG org.apache.axis.description.OperationDesc - @62634dcf added parameter >name:       username
typeEntry:  null
mode:       IN
position:   0
isReturn:   false
typeQName:  {http://www.w3.org/2001/XMLSchema}string
javaType:   class java.lang.String
inHeader:   false
outHeader:  false
@5bdccbff<total parameters:1
19:51:09.846 [Test worker] DEBUG org.apache.axis.description.OperationDesc - @62634dcf added parameter >name:       password
typeEntry:  null
mode:       IN
position:   1
isReturn:   false
typeQName:  {http://www.w3.org/2001/XMLSchema}string
javaType:   class java.lang.String
inHeader:   false
outHeader:  false
@4aa8d417<total parameters:2
19:51:09.846 [Test worker] DEBUG org.apache.axis.description.OperationDesc - @62634dcf added parameter >name:       project_attachment_id
typeEntry:  null
mode:       IN
position:   2
isReturn:   false
typeQName:  {http://www.w3.org/2001/XMLSchema}integer
javaType:   class java.math.BigInteger
inHeader:   false
outHeader:  false
@722edb83<total parameters:3
19:51:09.846 [Test worker] DEBUG org.apache.axis.description.OperationDesc - @62634dcfsetReturnType({http://www.w3.org/2001/XMLSchema}boolean)
19:51:09.846 [Test worker] DEBUG org.apache.axis.description.OperationDesc - @a5bed3c added parameter >name:       username
typeEntry:  null
mode:       IN
position:   0
isReturn:   false
typeQName:  {http://www.w3.org/2001/XMLSchema}string
javaType:   class java.lang.String
inHeader:   false
outHeader:  false
@37e55cbb<total parameters:1
19:51:09.846 [Test worker] DEBUG org.apache.axis.description.OperationDesc - @a5bed3c added parameter >name:       password
typeEntry:  null
mode:       IN
position:   1
isReturn:   false
typeQName:  {http://www.w3.org/2001/XMLSchema}string
javaType:   class java.lang.String
inHeader:   false
outHeader:  false
@3be13e3c<total parameters:2
19:51:09.846 [Test worker] DEBUG org.apache.axis.description.OperationDesc - @a5bed3c added parameter >name:       project_id
typeEntry:  null
mode:       IN
position:   2
isReturn:   false
typeQName:  {http://www.w3.org/2001/XMLSchema}integer
javaType:   class java.math.BigInteger
inHeader:   false
outHeader:  false
@3f170800<total parameters:3
19:51:09.846 [Test worker] DEBUG org.apache.axis.description.OperationDesc - @a5bed3csetReturnType({http://futureware.biz/mantisconnect}StringArray)
19:51:09.846 [Test worker] DEBUG org.apache.axis.description.OperationDesc - @6af030d3 added parameter >name:       username
typeEntry:  null
mode:       IN
position:   0
isReturn:   false
typeQName:  {http://www.w3.org/2001/XMLSchema}string
javaType:   class java.lang.String
inHeader:   false
outHeader:  false
@77eda9b2<total parameters:1
19:51:09.846 [Test worker] DEBUG org.apache.axis.description.OperationDesc - @6af030d3 added parameter >name:       password
typeEntry:  null
mode:       IN
position:   1
isReturn:   false
typeQName:  {http://www.w3.org/2001/XMLSchema}string
javaType:   class java.lang.String
inHeader:   false
outHeader:  false
@45cf79ad<total parameters:2
19:51:09.847 [Test worker] DEBUG org.apache.axis.description.OperationDesc - @6af030d3 added parameter >name:       project_id
typeEntry:  null
mode:       IN
position:   2
isReturn:   false
typeQName:  {http://www.w3.org/2001/XMLSchema}integer
javaType:   class java.math.BigInteger
inHeader:   false
outHeader:  false
@421f3e1c<total parameters:3
19:51:09.847 [Test worker] DEBUG org.apache.axis.description.OperationDesc - @6af030d3setReturnType({http://futureware.biz/mantisconnect}FilterDataArray)
19:51:09.848 [Test worker] DEBUG org.apache.axis.description.OperationDesc - @d847154 added parameter >name:       username
typeEntry:  null
mode:       IN
position:   0
isReturn:   false
typeQName:  {http://www.w3.org/2001/XMLSchema}string
javaType:   class java.lang.String
inHeader:   false
outHeader:  false
@36d04126<total parameters:1
19:51:09.848 [Test worker] DEBUG org.apache.axis.description.OperationDesc - @d847154 added parameter >name:       password
typeEntry:  null
mode:       IN
position:   1
isReturn:   false
typeQName:  {http://www.w3.org/2001/XMLSchema}string
javaType:   class java.lang.String
inHeader:   false
outHeader:  false
@8addc10<total parameters:2
19:51:09.848 [Test worker] DEBUG org.apache.axis.description.OperationDesc - @d847154 added parameter >name:       project_id
typeEntry:  null
mode:       IN
position:   2
isReturn:   false
typeQName:  {http://www.w3.org/2001/XMLSchema}integer
javaType:   class java.math.BigInteger
inHeader:   false
outHeader:  false
@78415d86<total parameters:3
19:51:09.848 [Test worker] DEBUG org.apache.axis.description.OperationDesc - @d847154 added parameter >name:       filter_id
typeEntry:  null
mode:       IN
position:   3
isReturn:   false
typeQName:  {http://www.w3.org/2001/XMLSchema}integer
javaType:   class java.math.BigInteger
inHeader:   false
outHeader:  false
@56619d0b<total parameters:4
19:51:09.848 [Test worker] DEBUG org.apache.axis.description.OperationDesc - @d847154 added parameter >name:       page_number
typeEntry:  null
mode:       IN
position:   4
isReturn:   false
typeQName:  {http://www.w3.org/2001/XMLSchema}integer
javaType:   class java.math.BigInteger
inHeader:   false
outHeader:  false
@628c2f90<total parameters:5
19:51:09.848 [Test worker] DEBUG org.apache.axis.description.OperationDesc - @d847154 added parameter >name:       per_page
typeEntry:  null
mode:       IN
position:   5
isReturn:   false
typeQName:  {http://www.w3.org/2001/XMLSchema}integer
javaType:   class java.math.BigInteger
inHeader:   false
outHeader:  false
@427228d<total parameters:6
19:51:09.848 [Test worker] DEBUG org.apache.axis.description.OperationDesc - @d847154setReturnType({http://futureware.biz/mantisconnect}IssueDataArray)
19:51:09.849 [Test worker] DEBUG org.apache.axis.description.OperationDesc - @7678e2e2 added parameter >name:       username
typeEntry:  null
mode:       IN
position:   0
isReturn:   false
typeQName:  {http://www.w3.org/2001/XMLSchema}string
javaType:   class java.lang.String
inHeader:   false
outHeader:  false
@2c2bb0e3<total parameters:1
19:51:09.849 [Test worker] DEBUG org.apache.axis.description.OperationDesc - @7678e2e2 added parameter >name:       password
typeEntry:  null
mode:       IN
position:   1
isReturn:   false
typeQName:  {http://www.w3.org/2001/XMLSchema}string
javaType:   class java.lang.String
inHeader:   false
outHeader:  false
@2f58ea59<total parameters:2
19:51:09.849 [Test worker] DEBUG org.apache.axis.description.OperationDesc - @7678e2e2 added parameter >name:       project_id
typeEntry:  null
mode:       IN
position:   2
isReturn:   false
typeQName:  {http://www.w3.org/2001/XMLSchema}integer
javaType:   class java.math.BigInteger
inHeader:   false
outHeader:  false
@12568675<total parameters:3
19:51:09.849 [Test worker] DEBUG org.apache.axis.description.OperationDesc - @7678e2e2 added parameter >name:       filter_id
typeEntry:  null
mode:       IN
position:   3
isReturn:   false
typeQName:  {http://www.w3.org/2001/XMLSchema}integer
javaType:   class java.math.BigInteger
inHeader:   false
outHeader:  false
@2308092f<total parameters:4
19:51:09.849 [Test worker] DEBUG org.apache.axis.description.OperationDesc - @7678e2e2 added parameter >name:       page_number
typeEntry:  null
mode:       IN
position:   4
isReturn:   false
typeQName:  {http://www.w3.org/2001/XMLSchema}integer
javaType:   class java.math.BigInteger
inHeader:   false
outHeader:  false
@52d51905<total parameters:5
19:51:09.849 [Test worker] DEBUG org.apache.axis.description.OperationDesc - @7678e2e2 added parameter >name:       per_page
typeEntry:  null
mode:       IN
position:   5
isReturn:   false
typeQName:  {http://www.w3.org/2001/XMLSchema}integer
javaType:   class java.math.BigInteger
inHeader:   false
outHeader:  false
@3ab72b24<total parameters:6
19:51:09.849 [Test worker] DEBUG org.apache.axis.description.OperationDesc - @7678e2e2setReturnType({http://futureware.biz/mantisconnect}IssueHeaderDataArray)
19:51:09.849 [Test worker] DEBUG org.apache.axis.description.OperationDesc - @1cf47729 added parameter >name:       username
typeEntry:  null
mode:       IN
position:   0
isReturn:   false
typeQName:  {http://www.w3.org/2001/XMLSchema}string
javaType:   class java.lang.String
inHeader:   false
outHeader:  false
@7f5654e9<total parameters:1
19:51:09.849 [Test worker] DEBUG org.apache.axis.description.OperationDesc - @1cf47729 added parameter >name:       password
typeEntry:  null
mode:       IN
position:   1
isReturn:   false
typeQName:  {http://www.w3.org/2001/XMLSchema}string
javaType:   class java.lang.String
inHeader:   false
outHeader:  false
@5317737<total parameters:2
19:51:09.850 [Test worker] DEBUG org.apache.axis.description.OperationDesc - @1cf47729 added parameter >name:       config_var
typeEntry:  null
mode:       IN
position:   2
isReturn:   false
typeQName:  {http://www.w3.org/2001/XMLSchema}string
javaType:   class java.lang.String
inHeader:   false
outHeader:  false
@6dc92be<total parameters:3
19:51:09.850 [Test worker] DEBUG org.apache.axis.description.OperationDesc - @1cf47729setReturnType({http://www.w3.org/2001/XMLSchema}string)
19:51:09.850 [Test worker] DEBUG org.apache.axis.description.OperationDesc - @39aee073 added parameter >name:       username
typeEntry:  null
mode:       IN
position:   0
isReturn:   false
typeQName:  {http://www.w3.org/2001/XMLSchema}string
javaType:   class java.lang.String
inHeader:   false
outHeader:  false
@74920ab3<total parameters:1
19:51:09.850 [Test worker] DEBUG org.apache.axis.description.OperationDesc - @39aee073 added parameter >name:       password
typeEntry:  null
mode:       IN
position:   1
isReturn:   false
typeQName:  {http://www.w3.org/2001/XMLSchema}string
javaType:   class java.lang.String
inHeader:   false
outHeader:  false
@7a9453d9<total parameters:2
19:51:09.850 [Test worker] DEBUG org.apache.axis.description.OperationDesc - @39aee073 added parameter >name:       issue_id
typeEntry:  null
mode:       IN
position:   2
isReturn:   false
typeQName:  {http://www.w3.org/2001/XMLSchema}integer
javaType:   class java.math.BigInteger
inHeader:   false
outHeader:  false
@183f7757<total parameters:3
19:51:09.850 [Test worker] DEBUG org.apache.axis.description.OperationDesc - @39aee073 added parameter >name:       comment
typeEntry:  null
mode:       IN
position:   3
isReturn:   false
typeQName:  {http://www.w3.org/2001/XMLSchema}string
javaType:   class java.lang.String
inHeader:   false
outHeader:  false
@56dcb15b<total parameters:4
19:51:09.850 [Test worker] DEBUG org.apache.axis.description.OperationDesc - @39aee073 added parameter >name:       fixed
typeEntry:  null
mode:       IN
position:   4
isReturn:   false
typeQName:  {http://www.w3.org/2001/XMLSchema}boolean
javaType:   boolean
inHeader:   false
outHeader:  false
@327ffea1<total parameters:5
19:51:09.850 [Test worker] DEBUG org.apache.axis.description.OperationDesc - @39aee073setReturnType({http://www.w3.org/2001/XMLSchema}boolean)
19:51:09.850 [Test worker] DEBUG org.apache.axis.description.OperationDesc - @6aad79ac added parameter >name:       username
typeEntry:  null
mode:       IN
position:   0
isReturn:   false
typeQName:  {http://www.w3.org/2001/XMLSchema}string
javaType:   class java.lang.String
inHeader:   false
outHeader:  false
@94b3e61<total parameters:1
19:51:09.850 [Test worker] DEBUG org.apache.axis.description.OperationDesc - @6aad79ac added parameter >name:       password
typeEntry:  null
mode:       IN
position:   1
isReturn:   false
typeQName:  {http://www.w3.org/2001/XMLSchema}string
javaType:   class java.lang.String
inHeader:   false
outHeader:  false
@3a2e007a<total parameters:2
19:51:09.850 [Test worker] DEBUG org.apache.axis.description.OperationDesc - @6aad79ac added parameter >name:       project_id
typeEntry:  null
mode:       IN
position:   2
isReturn:   false
typeQName:  {http://www.w3.org/2001/XMLSchema}integer
javaType:   class java.math.BigInteger
inHeader:   false
outHeader:  false
@77e97b68<total parameters:3
19:51:09.851 [Test worker] DEBUG org.apache.axis.description.OperationDesc - @6aad79ac added parameter >name:       pref_name
typeEntry:  null
mode:       IN
position:   3
isReturn:   false
typeQName:  {http://www.w3.org/2001/XMLSchema}string
javaType:   class java.lang.String
inHeader:   false
outHeader:  false
@76880c20<total parameters:4
19:51:09.851 [Test worker] DEBUG org.apache.axis.description.OperationDesc - @6aad79acsetReturnType({http://www.w3.org/2001/XMLSchema}string)
19:51:09.851 [Test worker] DEBUG org.apache.axis.description.OperationDesc - @26608ca6 added parameter >name:       username
typeEntry:  null
mode:       IN
position:   0
isReturn:   false
typeQName:  {http://www.w3.org/2001/XMLSchema}string
javaType:   class java.lang.String
inHeader:   false
outHeader:  false
@6c0775c0<total parameters:1
19:51:09.851 [Test worker] DEBUG org.apache.axis.description.OperationDesc - @26608ca6 added parameter >name:       password
typeEntry:  null
mode:       IN
position:   1
isReturn:   false
typeQName:  {http://www.w3.org/2001/XMLSchema}string
javaType:   class java.lang.String
inHeader:   false
outHeader:  false
@50097113<total parameters:2
19:51:09.851 [Test worker] DEBUG org.apache.axis.description.OperationDesc - @26608ca6 added parameter >name:       page_number
typeEntry:  null
mode:       IN
position:   2
isReturn:   false
typeQName:  {http://www.w3.org/2001/XMLSchema}integer
javaType:   class java.math.BigInteger
inHeader:   false
outHeader:  false
@66d69e3e<total parameters:3
19:51:09.851 [Test worker] DEBUG org.apache.axis.description.OperationDesc - @26608ca6 added parameter >name:       per_page
typeEntry:  null
mode:       IN
position:   3
isReturn:   false
typeQName:  {http://www.w3.org/2001/XMLSchema}integer
javaType:   class java.math.BigInteger
inHeader:   false
outHeader:  false
@44f12bfe<total parameters:4
19:51:09.851 [Test worker] DEBUG org.apache.axis.description.OperationDesc - @26608ca6setReturnType({http://futureware.biz/mantisconnect}ProfileDataSearchResult)
19:51:09.852 [Test worker] DEBUG org.apache.axis.description.OperationDesc - @5a60dd0c added parameter >name:       username
typeEntry:  null
mode:       IN
position:   0
isReturn:   false
typeQName:  {http://www.w3.org/2001/XMLSchema}string
javaType:   class java.lang.String
inHeader:   false
outHeader:  false
@1703b365<total parameters:1
19:51:09.852 [Test worker] DEBUG org.apache.axis.description.OperationDesc - @5a60dd0c added parameter >name:       password
typeEntry:  null
mode:       IN
position:   1
isReturn:   false
typeQName:  {http://www.w3.org/2001/XMLSchema}string
javaType:   class java.lang.String
inHeader:   false
outHeader:  false
@7b9e1707<total parameters:2
19:51:09.852 [Test worker] DEBUG org.apache.axis.description.OperationDesc - @5a60dd0c added parameter >name:       page_number
typeEntry:  null
mode:       IN
position:   2
isReturn:   false
typeQName:  {http://www.w3.org/2001/XMLSchema}integer
javaType:   class java.math.BigInteger
inHeader:   false
outHeader:  false
@5f05c2df<total parameters:3
19:51:09.852 [Test worker] DEBUG org.apache.axis.description.OperationDesc - @5a60dd0c added parameter >name:       per_page
typeEntry:  null
mode:       IN
position:   3
isReturn:   false
typeQName:  {http://www.w3.org/2001/XMLSchema}integer
javaType:   class java.math.BigInteger
inHeader:   false
outHeader:  false
@351ec8e<total parameters:4
19:51:09.852 [Test worker] DEBUG org.apache.axis.description.OperationDesc - @5a60dd0csetReturnType({http://futureware.biz/mantisconnect}TagDataSearchResult)
19:51:09.853 [Test worker] DEBUG org.apache.axis.description.OperationDesc - @738cdea2 added parameter >name:       username
typeEntry:  null
mode:       IN
position:   0
isReturn:   false
typeQName:  {http://www.w3.org/2001/XMLSchema}string
javaType:   class java.lang.String
inHeader:   false
outHeader:  false
@7f3579c1<total parameters:1
19:51:09.853 [Test worker] DEBUG org.apache.axis.description.OperationDesc - @738cdea2 added parameter >name:       password
typeEntry:  null
mode:       IN
position:   1
isReturn:   false
typeQName:  {http://www.w3.org/2001/XMLSchema}string
javaType:   class java.lang.String
inHeader:   false
outHeader:  false
@6998e202<total parameters:2
19:51:09.853 [Test worker] DEBUG org.apache.axis.description.OperationDesc - @738cdea2 added parameter >name:       tag
typeEntry:  null
mode:       IN
position:   2
isReturn:   false
typeQName:  {http://futureware.biz/mantisconnect}TagData
javaType:   class biz.futureware.mantis.rpc.soap.client.TagData
inHeader:   false
outHeader:  false
@1c3b1e8c<total parameters:3
19:51:09.853 [Test worker] DEBUG org.apache.axis.description.OperationDesc - @738cdea2setReturnType({http://www.w3.org/2001/XMLSchema}integer)
19:51:09.853 [Test worker] DEBUG org.apache.axis.description.OperationDesc - @957aa67 added parameter >name:       username
typeEntry:  null
mode:       IN
position:   0
isReturn:   false
typeQName:  {http://www.w3.org/2001/XMLSchema}string
javaType:   class java.lang.String
inHeader:   false
outHeader:  false
@5df821fd<total parameters:1
19:51:09.853 [Test worker] DEBUG org.apache.axis.description.OperationDesc - @957aa67 added parameter >name:       password
typeEntry:  null
mode:       IN
position:   1
isReturn:   false
typeQName:  {http://www.w3.org/2001/XMLSchema}string
javaType:   class java.lang.String
inHeader:   false
outHeader:  false
@735e50b2<total parameters:2
19:51:09.853 [Test worker] DEBUG org.apache.axis.description.OperationDesc - @957aa67 added parameter >name:       tag_id
typeEntry:  null
mode:       IN
position:   2
isReturn:   false
typeQName:  {http://www.w3.org/2001/XMLSchema}integer
javaType:   class java.math.BigInteger
inHeader:   false
outHeader:  false
@3755ef2b<total parameters:3
19:51:09.853 [Test worker] DEBUG org.apache.axis.description.OperationDesc - @957aa67setReturnType({http://www.w3.org/2001/XMLSchema}boolean)
19:51:09.874 [Test worker] DEBUG org.apache.axis.i18n.ProjectResourceBundle - org.apache.axis.i18n.resource::handleGetObject(transport00)
19:51:09.874 [Test worker] DEBUG org.apache.axis.client.Call - Transport is org.apache.axis.transport.http.HTTPTransport@1bcb5650
19:51:09.983 [Test worker] DEBUG org.apache.axis.client.Call - Enter: Call::invoke(ns, meth, args)
19:51:09.994 [Test worker] DEBUG org.apache.axis.client.Call - operation=name:        mc_projects_get_user_accessible
returnQName: return
returnType:  {http://futureware.biz/mantisconnect}ProjectDataArray
returnClass: class [Lbiz.futureware.mantis.rpc.soap.client.ProjectData;
elementQName:null
soapAction:  null
style:       rpc
use:         encoded
numInParams: 2
method:null
 ParameterDesc[0]:
  name:       username
  typeEntry:  null
  mode:       IN
  position:   0
  isReturn:   false
  typeQName:  {http://www.w3.org/2001/XMLSchema}string
  javaType:   class java.lang.String
  inHeader:   false
  outHeader:  false

 ParameterDesc[1]:
  name:       password
  typeEntry:  null
  mode:       IN
  position:   1
  isReturn:   false
  typeQName:  {http://www.w3.org/2001/XMLSchema}string
  javaType:   class java.lang.String
  inHeader:   false
  outHeader:  false


19:51:09.995 [Test worker] DEBUG org.apache.axis.client.Call - operation.getNumParams()=2
19:51:09.995 [Test worker] DEBUG org.apache.axis.client.Call - getParamList number of params: 2
19:51:10.006 [Test worker] DEBUG org.apache.axis.client.Call - Enter: Call::invoke(RPCElement)
19:51:10.014 [Test worker] DEBUG org.apache.axis.i18n.ProjectResourceBundle - org.apache.axis.i18n.resource::handleGetObject(attachEnabled)
19:51:10.014 [Test worker] DEBUG org.apache.axis.Message - Attachment support is enabled?  true
19:51:10.020 [Test worker] DEBUG org.apache.axis.SOAPPart - Enter: SOAPPart ctor(FORM_SOAPENVELOPE)
19:51:10.020 [Test worker] DEBUG org.apache.axis.i18n.ProjectResourceBundle - org.apache.axis.i18n.resource::handleGetObject(setMsgForm)
19:51:10.020 [Test worker] DEBUG org.apache.axis.SOAPPart - Setting current message form to: FORM_SOAPENVELOPE (currentMessage is now org.apache.axis.message.SOAPEnvelope)
19:51:10.020 [Test worker] DEBUG org.apache.axis.SOAPPart - Exit: SOAPPart ctor()
19:51:10.020 [Test worker] DEBUG org.apache.axis.i18n.ProjectResourceBundle - org.apache.axis.i18n.resource::handleGetObject(addBody00)
19:51:10.020 [Test worker] DEBUG org.apache.axis.message.SOAPBody - Adding body element to message...
19:51:10.020 [Test worker] DEBUG org.apache.axis.client.Call - Enter: Call::invoke()
19:51:10.020 [Test worker] DEBUG org.apache.axis.MessageContext - MessageContext: setTargetService(MantisConnectPort)
19:51:10.021 [Test worker] DEBUG org.apache.axis.i18n.ProjectResourceBundle - org.apache.axis.i18n.resource::handleGetObject(noService10)
19:51:10.023 [Test worker] DEBUG org.apache.axis.ConfigurationException - Exception: 
org.apache.axis.ConfigurationException: No service named MantisConnectPort is available
	at org.apache.axis.configuration.FileProvider.getService(FileProvider.java:233)
	at org.apache.axis.AxisEngine.getService(AxisEngine.java:311)
	at org.apache.axis.MessageContext.setTargetService(MessageContext.java:756)
	at org.apache.axis.client.Call.invoke(Call.java:2690)
	at org.apache.axis.client.Call.invoke(Call.java:2443)
	at org.apache.axis.client.Call.invoke(Call.java:2366)
	at org.apache.axis.client.Call.invoke(Call.java:1812)
	at biz.futureware.mantis.rpc.soap.client.MantisConnectBindingStub.mc_projects_get_user_accessible(MantisConnectBindingStub.java:2750)
	at dd.pyrkova.mantis.tests.SoapTests.testGetProjects(SoapTests.java:19)
	at sun.reflect.NativeMethodAccessorImpl.invoke0(Native Method)
	at sun.reflect.NativeMethodAccessorImpl.invoke(NativeMethodAccessorImpl.java:62)
	at sun.reflect.DelegatingMethodAccessorImpl.invoke(DelegatingMethodAccessorImpl.java:43)
	at java.lang.reflect.Method.invoke(Method.java:498)
	at org.testng.internal.MethodInvocationHelper.invokeMethod(MethodInvocationHelper.java:134)
	at org.testng.internal.TestInvoker.invokeMethod(TestInvoker.java:597)
	at org.testng.internal.TestInvoker.invokeTestMethod(TestInvoker.java:173)
	at org.testng.internal.MethodRunner.runInSequence(MethodRunner.java:46)
	at org.testng.internal.TestInvoker$MethodInvocationAgent.invoke(TestInvoker.java:816)
	at org.testng.internal.TestInvoker.invokeTestMethods(TestInvoker.java:146)
	at org.testng.internal.TestMethodWorker.invokeTestMethods(TestMethodWorker.java:146)
	at org.testng.internal.TestMethodWorker.run(TestMethodWorker.java:128)
	at java.util.ArrayList.forEach(ArrayList.java:1257)
	at org.testng.TestRunner.privateRun(TestRunner.java:766)
	at org.testng.TestRunner.run(TestRunner.java:587)
	at org.testng.SuiteRunner.runTest(SuiteRunner.java:384)
	at org.testng.SuiteRunner.runSequentially(SuiteRunner.java:378)
	at org.testng.SuiteRunner.privateRun(SuiteRunner.java:337)
	at org.testng.SuiteRunner.run(SuiteRunner.java:286)
	at org.testng.SuiteRunnerWorker.runSuite(SuiteRunnerWorker.java:53)
	at org.testng.SuiteRunnerWorker.run(SuiteRunnerWorker.java:96)
	at org.testng.TestNG.runSuitesSequentially(TestNG.java:1187)
	at org.testng.TestNG.runSuitesLocally(TestNG.java:1109)
	at org.testng.TestNG.runSuites(TestNG.java:1039)
	at org.testng.TestNG.run(TestNG.java:1007)
	at org.gradle.api.internal.tasks.testing.testng.TestNGTestClassProcessor.runTests(TestNGTestClassProcessor.java:141)
	at org.gradle.api.internal.tasks.testing.testng.TestNGTestClassProcessor.stop(TestNGTestClassProcessor.java:90)
	at org.gradle.api.internal.tasks.testing.SuiteTestClassProcessor.stop(SuiteTestClassProcessor.java:61)
	at sun.reflect.NativeMethodAccessorImpl.invoke0(Native Method)
	at sun.reflect.NativeMethodAccessorImpl.invoke(NativeMethodAccessorImpl.java:62)
	at sun.reflect.DelegatingMethodAccessorImpl.invoke(DelegatingMethodAccessorImpl.java:43)
	at java.lang.reflect.Method.invoke(Method.java:498)
	at org.gradle.internal.dispatch.ReflectionDispatch.dispatch(ReflectionDispatch.java:36)
	at org.gradle.internal.dispatch.ReflectionDispatch.dispatch(ReflectionDispatch.java:24)
	at org.gradle.internal.dispatch.ContextClassLoaderDispatch.dispatch(ContextClassLoaderDispatch.java:33)
	at org.gradle.internal.dispatch.ProxyDispatchAdapter$DispatchingInvocationHandler.invoke(ProxyDispatchAdapter.java:94)
	at com.sun.proxy.$Proxy2.stop(Unknown Source)
	at org.gradle.api.internal.tasks.testing.worker.TestWorker.stop(TestWorker.java:132)
	at sun.reflect.NativeMethodAccessorImpl.invoke0(Native Method)
	at sun.reflect.NativeMethodAccessorImpl.invoke(NativeMethodAccessorImpl.java:62)
	at sun.reflect.DelegatingMethodAccessorImpl.invoke(DelegatingMethodAccessorImpl.java:43)
	at java.lang.reflect.Method.invoke(Method.java:498)
	at org.gradle.internal.dispatch.ReflectionDispatch.dispatch(ReflectionDispatch.java:36)
	at org.gradle.internal.dispatch.ReflectionDispatch.dispatch(ReflectionDispatch.java:24)
	at org.gradle.internal.remote.internal.hub.MessageHubBackedObjectConnection$DispatchWrapper.dispatch(MessageHubBackedObjectConnection.java:182)
	at org.gradle.internal.remote.internal.hub.MessageHubBackedObjectConnection$DispatchWrapper.dispatch(MessageHubBackedObjectConnection.java:164)
	at org.gradle.internal.remote.internal.hub.MessageHub$Handler.run(MessageHub.java:412)
	at org.gradle.internal.concurrent.ExecutorPolicy$CatchAndRecordFailures.onExecute(ExecutorPolicy.java:64)
	at org.gradle.internal.concurrent.ManagedExecutorImpl$1.run(ManagedExecutorImpl.java:48)
	at java.util.concurrent.ThreadPoolExecutor.runWorker(ThreadPoolExecutor.java:1149)
	at java.util.concurrent.ThreadPoolExecutor$Worker.run(ThreadPoolExecutor.java:624)
	at org.gradle.internal.concurrent.ThreadFactoryImpl$ManagedThreadRunnable.run(ThreadFactoryImpl.java:56)
	at java.lang.Thread.run(Thread.java:748)
19:51:10.024 [Test worker] DEBUG org.apache.axis.MessageContext - MessageContext: setServiceHandler(null)
19:51:10.024 [Test worker] DEBUG org.apache.axis.i18n.ProjectResourceBundle - org.apache.axis.i18n.resource::handleGetObject(targetService)
19:51:10.024 [Test worker] DEBUG org.apache.axis.client.Call - Target service:  MantisConnectPort
19:51:10.024 [Test worker] DEBUG org.apache.axis.MessageContext - MessageContext: setTargetService(http://www.mantisbt.org/bugs/api/soap/mantisconnect.php/mc_projects_get_user_accessible)
19:51:10.024 [Test worker] DEBUG org.apache.axis.i18n.ProjectResourceBundle - org.apache.axis.i18n.resource::handleGetObject(noService10)
19:51:10.025 [Test worker] DEBUG org.apache.axis.ConfigurationException - Exception: 
org.apache.axis.ConfigurationException: No service named http://www.mantisbt.org/bugs/api/soap/mantisconnect.php/mc_projects_get_user_accessible is available
	at org.apache.axis.configuration.FileProvider.getService(FileProvider.java:233)
	at org.apache.axis.AxisEngine.getService(AxisEngine.java:311)
	at org.apache.axis.MessageContext.setTargetService(MessageContext.java:756)
	at org.apache.axis.transport.http.HTTPTransport.setupMessageContextImpl(HTTPTransport.java:89)
	at org.apache.axis.client.Transport.setupMessageContext(Transport.java:46)
	at org.apache.axis.client.Call.invoke(Call.java:2738)
	at org.apache.axis.client.Call.invoke(Call.java:2443)
	at org.apache.axis.client.Call.invoke(Call.java:2366)
	at org.apache.axis.client.Call.invoke(Call.java:1812)
	at biz.futureware.mantis.rpc.soap.client.MantisConnectBindingStub.mc_projects_get_user_accessible(MantisConnectBindingStub.java:2750)
	at dd.pyrkova.mantis.tests.SoapTests.testGetProjects(SoapTests.java:19)
	at sun.reflect.NativeMethodAccessorImpl.invoke0(Native Method)
	at sun.reflect.NativeMethodAccessorImpl.invoke(NativeMethodAccessorImpl.java:62)
	at sun.reflect.DelegatingMethodAccessorImpl.invoke(DelegatingMethodAccessorImpl.java:43)
	at java.lang.reflect.Method.invoke(Method.java:498)
	at org.testng.internal.MethodInvocationHelper.invokeMethod(MethodInvocationHelper.java:134)
	at org.testng.internal.TestInvoker.invokeMethod(TestInvoker.java:597)
	at org.testng.internal.TestInvoker.invokeTestMethod(TestInvoker.java:173)
	at org.testng.internal.MethodRunner.runInSequence(MethodRunner.java:46)
	at org.testng.internal.TestInvoker$MethodInvocationAgent.invoke(TestInvoker.java:816)
	at org.testng.internal.TestInvoker.invokeTestMethods(TestInvoker.java:146)
	at org.testng.internal.TestMethodWorker.invokeTestMethods(TestMethodWorker.java:146)
	at org.testng.internal.TestMethodWorker.run(TestMethodWorker.java:128)
	at java.util.ArrayList.forEach(ArrayList.java:1257)
	at org.testng.TestRunner.privateRun(TestRunner.java:766)
	at org.testng.TestRunner.run(TestRunner.java:587)
	at org.testng.SuiteRunner.runTest(SuiteRunner.java:384)
	at org.testng.SuiteRunner.runSequentially(SuiteRunner.java:378)
	at org.testng.SuiteRunner.privateRun(SuiteRunner.java:337)
	at org.testng.SuiteRunner.run(SuiteRunner.java:286)
	at org.testng.SuiteRunnerWorker.runSuite(SuiteRunnerWorker.java:53)
	at org.testng.SuiteRunnerWorker.run(SuiteRunnerWorker.java:96)
	at org.testng.TestNG.runSuitesSequentially(TestNG.java:1187)
	at org.testng.TestNG.runSuitesLocally(TestNG.java:1109)
	at org.testng.TestNG.runSuites(TestNG.java:1039)
	at org.testng.TestNG.run(TestNG.java:1007)
	at org.gradle.api.internal.tasks.testing.testng.TestNGTestClassProcessor.runTests(TestNGTestClassProcessor.java:141)
	at org.gradle.api.internal.tasks.testing.testng.TestNGTestClassProcessor.stop(TestNGTestClassProcessor.java:90)
	at org.gradle.api.internal.tasks.testing.SuiteTestClassProcessor.stop(SuiteTestClassProcessor.java:61)
	at sun.reflect.NativeMethodAccessorImpl.invoke0(Native Method)
	at sun.reflect.NativeMethodAccessorImpl.invoke(NativeMethodAccessorImpl.java:62)
	at sun.reflect.DelegatingMethodAccessorImpl.invoke(DelegatingMethodAccessorImpl.java:43)
	at java.lang.reflect.Method.invoke(Method.java:498)
	at org.gradle.internal.dispatch.ReflectionDispatch.dispatch(ReflectionDispatch.java:36)
	at org.gradle.internal.dispatch.ReflectionDispatch.dispatch(ReflectionDispatch.java:24)
	at org.gradle.internal.dispatch.ContextClassLoaderDispatch.dispatch(ContextClassLoaderDispatch.java:33)
	at org.gradle.internal.dispatch.ProxyDispatchAdapter$DispatchingInvocationHandler.invoke(ProxyDispatchAdapter.java:94)
	at com.sun.proxy.$Proxy2.stop(Unknown Source)
	at org.gradle.api.internal.tasks.testing.worker.TestWorker.stop(TestWorker.java:132)
	at sun.reflect.NativeMethodAccessorImpl.invoke0(Native Method)
	at sun.reflect.NativeMethodAccessorImpl.invoke(NativeMethodAccessorImpl.java:62)
	at sun.reflect.DelegatingMethodAccessorImpl.invoke(DelegatingMethodAccessorImpl.java:43)
	at java.lang.reflect.Method.invoke(Method.java:498)
	at org.gradle.internal.dispatch.ReflectionDispatch.dispatch(ReflectionDispatch.java:36)
	at org.gradle.internal.dispatch.ReflectionDispatch.dispatch(ReflectionDispatch.java:24)
	at org.gradle.internal.remote.internal.hub.MessageHubBackedObjectConnection$DispatchWrapper.dispatch(MessageHubBackedObjectConnection.java:182)
	at org.gradle.internal.remote.internal.hub.MessageHubBackedObjectConnection$DispatchWrapper.dispatch(MessageHubBackedObjectConnection.java:164)
	at org.gradle.internal.remote.internal.hub.MessageHub$Handler.run(MessageHub.java:412)
	at org.gradle.internal.concurrent.ExecutorPolicy$CatchAndRecordFailures.onExecute(ExecutorPolicy.java:64)
	at org.gradle.internal.concurrent.ManagedExecutorImpl$1.run(ManagedExecutorImpl.java:48)
	at java.util.concurrent.ThreadPoolExecutor.runWorker(ThreadPoolExecutor.java:1149)
	at java.util.concurrent.ThreadPoolExecutor$Worker.run(ThreadPoolExecutor.java:624)
	at org.gradle.internal.concurrent.ThreadFactoryImpl$ManagedThreadRunnable.run(ThreadFactoryImpl.java:56)
	at java.lang.Thread.run(Thread.java:748)
19:51:10.025 [Test worker] DEBUG org.apache.axis.MessageContext - MessageContext: setServiceHandler(null)
19:51:10.028 [Test worker] DEBUG org.apache.axis.SOAPPart - Enter: SOAPPart::getAsSOAPEnvelope()
19:51:10.028 [Test worker] DEBUG org.apache.axis.i18n.ProjectResourceBundle - org.apache.axis.i18n.resource::handleGetObject(currForm)
19:51:10.029 [Test worker] DEBUG org.apache.axis.SOAPPart - current form is FORM_SOAPENVELOPE
19:51:10.029 [Test worker] DEBUG org.apache.axis.i18n.ProjectResourceBundle - org.apache.axis.i18n.resource::handleGetObject(register00)
19:51:10.029 [Test worker] DEBUG org.apache.axis.encoding.SerializationContext - register 'soapenv' - 'http://schemas.xmlsoap.org/soap/envelope/'
19:51:10.029 [Test worker] DEBUG org.apache.axis.i18n.ProjectResourceBundle - org.apache.axis.i18n.resource::handleGetObject(register00)
19:51:10.029 [Test worker] DEBUG org.apache.axis.encoding.SerializationContext - register 'soapenv' - 'http://schemas.xmlsoap.org/soap/envelope/'
19:51:10.029 [Test worker] DEBUG org.apache.axis.i18n.ProjectResourceBundle - org.apache.axis.i18n.resource::handleGetObject(register00)
19:51:10.029 [Test worker] DEBUG org.apache.axis.encoding.SerializationContext - register 'xsd' - 'http://www.w3.org/2001/XMLSchema'
19:51:10.029 [Test worker] DEBUG org.apache.axis.i18n.ProjectResourceBundle - org.apache.axis.i18n.resource::handleGetObject(register00)
19:51:10.029 [Test worker] DEBUG org.apache.axis.encoding.SerializationContext - register 'xsi' - 'http://www.w3.org/2001/XMLSchema-instance'
19:51:10.029 [Test worker] DEBUG org.apache.axis.i18n.ProjectResourceBundle - org.apache.axis.i18n.resource::handleGetObject(startElem00)
19:51:10.029 [Test worker] DEBUG org.apache.axis.encoding.SerializationContext - Start element [http://schemas.xmlsoap.org/soap/envelope/]:Envelope
19:51:10.032 [Test worker] DEBUG org.apache.axis.i18n.ProjectResourceBundle - org.apache.axis.i18n.resource::handleGetObject(startElem00)
19:51:10.033 [Test worker] DEBUG org.apache.axis.encoding.SerializationContext - Start element [http://schemas.xmlsoap.org/soap/envelope/]:Body
19:51:10.033 [Test worker] DEBUG org.apache.axis.i18n.ProjectResourceBundle - org.apache.axis.i18n.resource::handleGetObject(startElem00)
19:51:10.033 [Test worker] DEBUG org.apache.axis.encoding.SerializationContext - Start element [http://futureware.biz/mantisconnect]:mc_projects_get_user_accessible
19:51:10.033 [Test worker] DEBUG org.apache.axis.i18n.ProjectResourceBundle - org.apache.axis.i18n.resource::handleGetObject(register00)
19:51:10.033 [Test worker] DEBUG org.apache.axis.encoding.SerializationContext - register 'ns1' - 'http://futureware.biz/mantisconnect'
19:51:10.041 [Test worker] DEBUG org.apache.axis.i18n.ProjectResourceBundle - org.apache.axis.i18n.resource::handleGetObject(startElem00)
19:51:10.041 [Test worker] DEBUG org.apache.axis.encoding.SerializationContext - Start element []:username
19:51:10.041 [Test worker] DEBUG org.apache.axis.i18n.ProjectResourceBundle - org.apache.axis.i18n.resource::handleGetObject(endElem00)
19:51:10.041 [Test worker] DEBUG org.apache.axis.encoding.SerializationContext - End element username
19:51:10.041 [Test worker] DEBUG org.apache.axis.i18n.ProjectResourceBundle - org.apache.axis.i18n.resource::handleGetObject(startElem00)
19:51:10.041 [Test worker] DEBUG org.apache.axis.encoding.SerializationContext - Start element []:password
19:51:10.041 [Test worker] DEBUG org.apache.axis.i18n.ProjectResourceBundle - org.apache.axis.i18n.resource::handleGetObject(endElem00)
19:51:10.041 [Test worker] DEBUG org.apache.axis.encoding.SerializationContext - End element password
19:51:10.041 [Test worker] DEBUG org.apache.axis.i18n.ProjectResourceBundle - org.apache.axis.i18n.resource::handleGetObject(endElem00)
19:51:10.041 [Test worker] DEBUG org.apache.axis.encoding.SerializationContext - End element ns1:mc_projects_get_user_accessible
19:51:10.041 [Test worker] DEBUG org.apache.axis.i18n.ProjectResourceBundle - org.apache.axis.i18n.resource::handleGetObject(endElem00)
19:51:10.042 [Test worker] DEBUG org.apache.axis.encoding.SerializationContext - End element soapenv:Body
19:51:10.042 [Test worker] DEBUG org.apache.axis.i18n.ProjectResourceBundle - org.apache.axis.i18n.resource::handleGetObject(endElem00)
19:51:10.042 [Test worker] DEBUG org.apache.axis.encoding.SerializationContext - End element soapenv:Envelope
19:51:10.042 [Test worker] DEBUG org.apache.axis.client.Call - <?xml version="1.0" encoding="UTF-8"?><soapenv:Envelope xmlns:soapenv="http://schemas.xmlsoap.org/soap/envelope/" xmlns:xsd="http://www.w3.org/2001/XMLSchema" xmlns:xsi="http://www.w3.org/2001/XMLSchema-instance"><soapenv:Body><ns1:mc_projects_get_user_accessible soapenv:encodingStyle="http://schemas.xmlsoap.org/soap/encoding/" xmlns:ns1="http://futureware.biz/mantisconnect"><username xsi:type="xsd:string">administratot</username><password xsi:type="xsd:string">root</password></ns1:mc_projects_get_user_accessible></soapenv:Body></soapenv:Envelope>
19:51:10.042 [Test worker] DEBUG org.apache.axis.client.AxisClient - Enter: AxisClient::invoke
19:51:10.042 [Test worker] DEBUG org.apache.axis.client.AxisClient - EngineHandler: null
19:51:10.048 [Test worker] DEBUG org.apache.axis.i18n.ProjectResourceBundle - org.apache.axis.i18n.resource::handleGetObject(axisUserAgent)
19:51:10.053 [Test worker] DEBUG org.apache.axis.SimpleChain - Enter: SimpleChain::invoke
19:51:10.053 [Test worker] DEBUG org.apache.axis.i18n.ProjectResourceBundle - org.apache.axis.i18n.resource::handleGetObject(enter00)
19:51:10.053 [Test worker] DEBUG org.apache.axis.transport.http.HTTPSender - Enter:  HTTPSender::invoke
19:51:10.055 [Test worker] DEBUG org.apache.axis.SOAPPart - Enter: SOAPPart::saveChanges
19:51:10.058 [Test worker] DEBUG org.apache.axis.i18n.ProjectResourceBundle - org.apache.axis.i18n.resource::handleGetObject(register00)
19:51:10.058 [Test worker] DEBUG org.apache.axis.encoding.SerializationContext - register 'soapenv' - 'http://schemas.xmlsoap.org/soap/envelope/'
19:51:10.058 [Test worker] DEBUG org.apache.axis.i18n.ProjectResourceBundle - org.apache.axis.i18n.resource::handleGetObject(register00)
19:51:10.058 [Test worker] DEBUG org.apache.axis.encoding.SerializationContext - register 'soapenv' - 'http://schemas.xmlsoap.org/soap/envelope/'
19:51:10.058 [Test worker] DEBUG org.apache.axis.i18n.ProjectResourceBundle - org.apache.axis.i18n.resource::handleGetObject(register00)
19:51:10.058 [Test worker] DEBUG org.apache.axis.encoding.SerializationContext - register 'xsd' - 'http://www.w3.org/2001/XMLSchema'
19:51:10.058 [Test worker] DEBUG org.apache.axis.i18n.ProjectResourceBundle - org.apache.axis.i18n.resource::handleGetObject(register00)
19:51:10.058 [Test worker] DEBUG org.apache.axis.encoding.SerializationContext - register 'xsi' - 'http://www.w3.org/2001/XMLSchema-instance'
19:51:10.058 [Test worker] DEBUG org.apache.axis.i18n.ProjectResourceBundle - org.apache.axis.i18n.resource::handleGetObject(startElem00)
19:51:10.059 [Test worker] DEBUG org.apache.axis.encoding.SerializationContext - Start element [http://schemas.xmlsoap.org/soap/envelope/]:Envelope
19:51:10.059 [Test worker] DEBUG org.apache.axis.i18n.ProjectResourceBundle - org.apache.axis.i18n.resource::handleGetObject(startElem00)
19:51:10.059 [Test worker] DEBUG org.apache.axis.encoding.SerializationContext - Start element [http://schemas.xmlsoap.org/soap/envelope/]:Body
19:51:10.059 [Test worker] DEBUG org.apache.axis.i18n.ProjectResourceBundle - org.apache.axis.i18n.resource::handleGetObject(startElem00)
19:51:10.059 [Test worker] DEBUG org.apache.axis.encoding.SerializationContext - Start element [http://futureware.biz/mantisconnect]:mc_projects_get_user_accessible
19:51:10.059 [Test worker] DEBUG org.apache.axis.i18n.ProjectResourceBundle - org.apache.axis.i18n.resource::handleGetObject(register00)
19:51:10.059 [Test worker] DEBUG org.apache.axis.encoding.SerializationContext - register 'ns1' - 'http://futureware.biz/mantisconnect'
19:51:10.059 [Test worker] DEBUG org.apache.axis.i18n.ProjectResourceBundle - org.apache.axis.i18n.resource::handleGetObject(startElem00)
19:51:10.059 [Test worker] DEBUG org.apache.axis.encoding.SerializationContext - Start element []:username
19:51:10.060 [Test worker] DEBUG org.apache.axis.i18n.ProjectResourceBundle - org.apache.axis.i18n.resource::handleGetObject(endElem00)
19:51:10.060 [Test worker] DEBUG org.apache.axis.encoding.SerializationContext - End element username
19:51:10.060 [Test worker] DEBUG org.apache.axis.i18n.ProjectResourceBundle - org.apache.axis.i18n.resource::handleGetObject(startElem00)
19:51:10.060 [Test worker] DEBUG org.apache.axis.encoding.SerializationContext - Start element []:password
19:51:10.060 [Test worker] DEBUG org.apache.axis.i18n.ProjectResourceBundle - org.apache.axis.i18n.resource::handleGetObject(endElem00)
19:51:10.060 [Test worker] DEBUG org.apache.axis.encoding.SerializationContext - End element password
19:51:10.060 [Test worker] DEBUG org.apache.axis.i18n.ProjectResourceBundle - org.apache.axis.i18n.resource::handleGetObject(endElem00)
19:51:10.060 [Test worker] DEBUG org.apache.axis.encoding.SerializationContext - End element ns1:mc_projects_get_user_accessible
19:51:10.060 [Test worker] DEBUG org.apache.axis.i18n.ProjectResourceBundle - org.apache.axis.i18n.resource::handleGetObject(endElem00)
19:51:10.060 [Test worker] DEBUG org.apache.axis.encoding.SerializationContext - End element soapenv:Body
19:51:10.060 [Test worker] DEBUG org.apache.axis.i18n.ProjectResourceBundle - org.apache.axis.i18n.resource::handleGetObject(endElem00)
19:51:10.060 [Test worker] DEBUG org.apache.axis.encoding.SerializationContext - End element soapenv:Envelope
19:51:10.060 [Test worker] DEBUG org.apache.axis.i18n.ProjectResourceBundle - org.apache.axis.i18n.resource::handleGetObject(setMsgForm)
19:51:10.060 [Test worker] DEBUG org.apache.axis.SOAPPart - Setting current message form to: FORM_OPTIMIZED (currentMessage is now org.apache.axis.utils.ByteArray)
19:51:10.060 [Test worker] DEBUG org.apache.axis.SOAPPart - Exit: SOAPPart::saveChanges(): org.apache.axis.utils.ByteArray@5f0ce526
19:51:10.061 [Test worker] DEBUG org.apache.axis.SOAPPart - Enter: SOAPPart::saveChanges
19:51:10.061 [Test worker] DEBUG org.apache.axis.SOAPPart - Enter: SOAPPart::saveChanges
19:51:10.074 [Test worker] DEBUG org.apache.axis.i18n.ProjectResourceBundle - org.apache.axis.i18n.resource::handleGetObject(createdHTTP00)
19:51:10.074 [Test worker] DEBUG org.apache.axis.components.net.DefaultSocketFactory - Created an insecure HTTP connection
19:51:10.075 [Test worker] DEBUG org.apache.axis.i18n.ProjectResourceBundle - org.apache.axis.i18n.resource::handleGetObject(xmlSent00)
19:51:10.075 [Test worker] DEBUG org.apache.axis.transport.http.HTTPSender - XML sent:
19:51:10.075 [Test worker] DEBUG org.apache.axis.transport.http.HTTPSender - ---------------------------------------------------
19:51:10.075 [Test worker] DEBUG org.apache.axis.SOAPPart - Enter: SOAPPart::saveChanges
19:51:10.076 [Test worker] DEBUG org.apache.axis.transport.http.HTTPSender - POST /mantisbt-2.24.0/api/soap HTTP/1.0
Content-Type: text/xml; charset=utf-8
Accept: application/soap+xml, application/dime, multipart/related, text/*
User-Agent: Axis/1.4
Host: localhost
Cache-Control: no-cache
Pragma: no-cache
SOAPAction: "http://www.mantisbt.org/bugs/api/soap/mantisconnect.php/mc_projects_get_user_accessible"
Content-Length: 553

<?xml version="1.0" encoding="UTF-8"?><soapenv:Envelope xmlns:soapenv="http://schemas.xmlsoap.org/soap/envelope/" xmlns:xsd="http://www.w3.org/2001/XMLSchema" xmlns:xsi="http://www.w3.org/2001/XMLSchema-instance"><soapenv:Body><ns1:mc_projects_get_user_accessible soapenv:encodingStyle="http://schemas.xmlsoap.org/soap/encoding/" xmlns:ns1="http://futureware.biz/mantisconnect"><username xsi:type="xsd:string">administratot</username><password xsi:type="xsd:string">root</password></ns1:mc_projects_get_user_accessible></soapenv:Body></soapenv:Envelope>
19:51:10.077 [Test worker] DEBUG org.apache.axis.transport.http.HTTPSender - HTTP/1.1 301 Moved Permanently
19:51:10.077 [Test worker] DEBUG org.apache.axis.transport.http.HTTPSender - Date Sat, 04 Apr 2020 16:51:10 GMT
19:51:10.077 [Test worker] DEBUG org.apache.axis.transport.http.HTTPSender - Server Apache/2.4.41 (Win64) OpenSSL/1.1.1c PHP/7.4.2
19:51:10.077 [Test worker] DEBUG org.apache.axis.transport.http.HTTPSender - Location http://localhost/mantisbt-2.24.0/api/soap/
19:51:10.077 [Test worker] DEBUG org.apache.axis.transport.http.HTTPSender - Content-Length 349
19:51:10.077 [Test worker] DEBUG org.apache.axis.transport.http.HTTPSender - Connection close
19:51:10.077 [Test worker] DEBUG org.apache.axis.transport.http.HTTPSender - Content-Type text/html; charset=iso-8859-1
19:51:10.085 [Test worker] DEBUG org.apache.axis.i18n.ProjectResourceBundle - org.apache.axis.i18n.resource::handleGetObject(return01)
19:51:10.085 [Test worker] DEBUG org.apache.axis.transport.http.HTTPSender - (301)Moved Permanently
19:51:10.085 [Test worker] DEBUG org.apache.axis.SOAPPart - Enter: SOAPPart ctor(FORM_FAULT)
19:51:10.085 [Test worker] DEBUG org.apache.axis.i18n.ProjectResourceBundle - org.apache.axis.i18n.resource::handleGetObject(setMsgForm)
19:51:10.086 [Test worker] DEBUG org.apache.axis.SOAPPart - Setting current message form to: FORM_FAULT (currentMessage is now org.apache.axis.AxisFault)
19:51:10.086 [Test worker] DEBUG org.apache.axis.SOAPPart - Exit: SOAPPart ctor()
19:51:10.086 [Test worker] DEBUG org.apache.axis.i18n.ProjectResourceBundle - org.apache.axis.i18n.resource::handleGetObject(toAxisFault00)
19:51:10.086 [Test worker] DEBUG org.apache.axis.enterprise - Mapping Exception to AxisFault
org.apache.axis.AxisFault: (301)Moved Permanently
	at org.apache.axis.transport.http.HTTPSender.readFromSocket(HTTPSender.java:744)
	at org.apache.axis.transport.http.HTTPSender.invoke(HTTPSender.java:144)
	at org.apache.axis.strategies.InvocationStrategy.visit(InvocationStrategy.java:32)
	at org.apache.axis.SimpleChain.doVisiting(SimpleChain.java:118)
	at org.apache.axis.SimpleChain.invoke(SimpleChain.java:83)
	at org.apache.axis.client.AxisClient.invoke(AxisClient.java:165)
	at org.apache.axis.client.Call.invokeEngine(Call.java:2784)
	at org.apache.axis.client.Call.invoke(Call.java:2767)
	at org.apache.axis.client.Call.invoke(Call.java:2443)
	at org.apache.axis.client.Call.invoke(Call.java:2366)
	at org.apache.axis.client.Call.invoke(Call.java:1812)
	at biz.futureware.mantis.rpc.soap.client.MantisConnectBindingStub.mc_projects_get_user_accessible(MantisConnectBindingStub.java:2750)
	at dd.pyrkova.mantis.tests.SoapTests.testGetProjects(SoapTests.java:19)
	at sun.reflect.NativeMethodAccessorImpl.invoke0(Native Method)
	at sun.reflect.NativeMethodAccessorImpl.invoke(NativeMethodAccessorImpl.java:62)
	at sun.reflect.DelegatingMethodAccessorImpl.invoke(DelegatingMethodAccessorImpl.java:43)
	at java.lang.reflect.Method.invoke(Method.java:498)
	at org.testng.internal.MethodInvocationHelper.invokeMethod(MethodInvocationHelper.java:134)
	at org.testng.internal.TestInvoker.invokeMethod(TestInvoker.java:597)
	at org.testng.internal.TestInvoker.invokeTestMethod(TestInvoker.java:173)
	at org.testng.internal.MethodRunner.runInSequence(MethodRunner.java:46)
	at org.testng.internal.TestInvoker$MethodInvocationAgent.invoke(TestInvoker.java:816)
	at org.testng.internal.TestInvoker.invokeTestMethods(TestInvoker.java:146)
	at org.testng.internal.TestMethodWorker.invokeTestMethods(TestMethodWorker.java:146)
	at org.testng.internal.TestMethodWorker.run(TestMethodWorker.java:128)
	at java.util.ArrayList.forEach(ArrayList.java:1257)
	at org.testng.TestRunner.privateRun(TestRunner.java:766)
	at org.testng.TestRunner.run(TestRunner.java:587)
	at org.testng.SuiteRunner.runTest(SuiteRunner.java:384)
	at org.testng.SuiteRunner.runSequentially(SuiteRunner.java:378)
	at org.testng.SuiteRunner.privateRun(SuiteRunner.java:337)
	at org.testng.SuiteRunner.run(SuiteRunner.java:286)
	at org.testng.SuiteRunnerWorker.runSuite(SuiteRunnerWorker.java:53)
	at org.testng.SuiteRunnerWorker.run(SuiteRunnerWorker.java:96)
	at org.testng.TestNG.runSuitesSequentially(TestNG.java:1187)
	at org.testng.TestNG.runSuitesLocally(TestNG.java:1109)
	at org.testng.TestNG.runSuites(TestNG.java:1039)
	at org.testng.TestNG.run(TestNG.java:1007)
	at org.gradle.api.internal.tasks.testing.testng.TestNGTestClassProcessor.runTests(TestNGTestClassProcessor.java:141)
	at org.gradle.api.internal.tasks.testing.testng.TestNGTestClassProcessor.stop(TestNGTestClassProcessor.java:90)
	at org.gradle.api.internal.tasks.testing.SuiteTestClassProcessor.stop(SuiteTestClassProcessor.java:61)
	at sun.reflect.NativeMethodAccessorImpl.invoke0(Native Method)
	at sun.reflect.NativeMethodAccessorImpl.invoke(NativeMethodAccessorImpl.java:62)
	at sun.reflect.DelegatingMethodAccessorImpl.invoke(DelegatingMethodAccessorImpl.java:43)
	at java.lang.reflect.Method.invoke(Method.java:498)
	at org.gradle.internal.dispatch.ReflectionDispatch.dispatch(ReflectionDispatch.java:36)
	at org.gradle.internal.dispatch.ReflectionDispatch.dispatch(ReflectionDispatch.java:24)
	at org.gradle.internal.dispatch.ContextClassLoaderDispatch.dispatch(ContextClassLoaderDispatch.java:33)
	at org.gradle.internal.dispatch.ProxyDispatchAdapter$DispatchingInvocationHandler.invoke(ProxyDispatchAdapter.java:94)
	at com.sun.proxy.$Proxy2.stop(Unknown Source)
	at org.gradle.api.internal.tasks.testing.worker.TestWorker.stop(TestWorker.java:132)
	at sun.reflect.NativeMethodAccessorImpl.invoke0(Native Method)
	at sun.reflect.NativeMethodAccessorImpl.invoke(NativeMethodAccessorImpl.java:62)
	at sun.reflect.DelegatingMethodAccessorImpl.invoke(DelegatingMethodAccessorImpl.java:43)
	at java.lang.reflect.Method.invoke(Method.java:498)
	at org.gradle.internal.dispatch.ReflectionDispatch.dispatch(ReflectionDispatch.java:36)
	at org.gradle.internal.dispatch.ReflectionDispatch.dispatch(ReflectionDispatch.java:24)
	at org.gradle.internal.remote.internal.hub.MessageHubBackedObjectConnection$DispatchWrapper.dispatch(MessageHubBackedObjectConnection.java:182)
	at org.gradle.internal.remote.internal.hub.MessageHubBackedObjectConnection$DispatchWrapper.dispatch(MessageHubBackedObjectConnection.java:164)
	at org.gradle.internal.remote.internal.hub.MessageHub$Handler.run(MessageHub.java:412)
	at org.gradle.internal.concurrent.ExecutorPolicy$CatchAndRecordFailures.onExecute(ExecutorPolicy.java:64)
	at org.gradle.internal.concurrent.ManagedExecutorImpl$1.run(ManagedExecutorImpl.java:48)
	at java.util.concurrent.ThreadPoolExecutor.runWorker(ThreadPoolExecutor.java:1149)
	at java.util.concurrent.ThreadPoolExecutor$Worker.run(ThreadPoolExecutor.java:624)
	at org.gradle.internal.concurrent.ThreadFactoryImpl$ManagedThreadRunnable.run(ThreadFactoryImpl.java:56)
	at java.lang.Thread.run(Thread.java:748)
]]></system-out>
  <system-err><![CDATA[SLF4J: Class path contains multiple SLF4J bindings.
SLF4J: Found binding in [jar:file:/C:/Users/dpyrk/.gradle/caches/modules-2/files-2.1/ch.qos.logback/logback-classic/1.2.3/7c4f3c474fb2c041d8028740440937705ebb473a/logback-classic-1.2.3.jar!/org/slf4j/impl/StaticLoggerBinder.class]
SLF4J: Found binding in [jar:file:/C:/Users/dpyrk/.gradle/caches/modules-2/files-2.1/com.cisco.oss.foundation/logging-log4j/1.0.2-1/6a30195bf21e825693673fd5373a8ab4a48fc251/logging-log4j-1.0.2-1.jar!/org/slf4j/impl/StaticLoggerBinder.class]
SLF4J: See http://www.slf4j.org/codes.html#multiple_bindings for an explanation.
SLF4J: Actual binding is of type [ch.qos.logback.classic.util.ContextSelectorStaticBinder]
]]></system-err>
</testsuite>
