<?xml version="1.0" encoding="UTF-8"?>
<testsuite name="dd.pyrkova.mantis.tests.LoginTests" tests="1" skipped="0" failures="0" errors="0" timestamp="2020-03-29T13:42:22" hostname="CONGO" time="1.188">
  <properties/>
  <testcase name="testLogin" classname="dd.pyrkova.mantis.tests.LoginTests" time="1.188"/>
  <system-out><![CDATA[16:42:23.245 [Test worker] DEBUG org.apache.http.client.protocol.RequestAddCookies - CookieSpec selected: default
16:42:23.255 [Test worker] DEBUG org.apache.http.client.protocol.RequestAuthCache - Auth cache not set in the context
16:42:23.257 [Test worker] DEBUG org.apache.http.impl.conn.PoolingHttpClientConnectionManager - Connection request: [route: {}->http://localhost:80][total available: 0; route allocated: 0 of 2; total allocated: 0 of 20]
16:42:23.269 [Test worker] DEBUG org.apache.http.impl.conn.PoolingHttpClientConnectionManager - Connection leased: [id: 0][route: {}->http://localhost:80][total available: 0; route allocated: 1 of 2; total allocated: 1 of 20]
16:42:23.271 [Test worker] DEBUG org.apache.http.impl.execchain.MainClientExec - Opening connection {}->http://localhost:80
16:42:23.277 [Test worker] DEBUG org.apache.http.impl.conn.DefaultHttpClientConnectionOperator - Connecting to localhost/127.0.0.1:80
16:42:23.280 [Test worker] DEBUG org.apache.http.impl.conn.DefaultHttpClientConnectionOperator - Connection established 127.0.0.1:59112<->127.0.0.1:80
16:42:23.281 [Test worker] DEBUG org.apache.http.impl.execchain.MainClientExec - Executing request POST /mantisbt-2.24.0/login.php HTTP/1.1
16:42:23.281 [Test worker] DEBUG org.apache.http.impl.execchain.MainClientExec - Target auth state: UNCHALLENGED
16:42:23.281 [Test worker] DEBUG org.apache.http.impl.execchain.MainClientExec - Proxy auth state: UNCHALLENGED
16:42:23.283 [Test worker] DEBUG org.apache.http.headers - http-outgoing-0 >> POST /mantisbt-2.24.0/login.php HTTP/1.1
16:42:23.283 [Test worker] DEBUG org.apache.http.headers - http-outgoing-0 >> Content-Length: 74
16:42:23.283 [Test worker] DEBUG org.apache.http.headers - http-outgoing-0 >> Content-Type: application/x-www-form-urlencoded
16:42:23.283 [Test worker] DEBUG org.apache.http.headers - http-outgoing-0 >> Host: localhost
16:42:23.283 [Test worker] DEBUG org.apache.http.headers - http-outgoing-0 >> Connection: Keep-Alive
16:42:23.283 [Test worker] DEBUG org.apache.http.headers - http-outgoing-0 >> User-Agent: Apache-HttpClient/4.5.11 (Java/1.8.0_241)
16:42:23.283 [Test worker] DEBUG org.apache.http.headers - http-outgoing-0 >> Accept-Encoding: gzip,deflate
16:42:23.283 [Test worker] DEBUG org.apache.http.wire - http-outgoing-0 >> "POST /mantisbt-2.24.0/login.php HTTP/1.1[\r][\n]"
16:42:23.283 [Test worker] DEBUG org.apache.http.wire - http-outgoing-0 >> "Content-Length: 74[\r][\n]"
16:42:23.284 [Test worker] DEBUG org.apache.http.wire - http-outgoing-0 >> "Content-Type: application/x-www-form-urlencoded[\r][\n]"
16:42:23.284 [Test worker] DEBUG org.apache.http.wire - http-outgoing-0 >> "Host: localhost[\r][\n]"
16:42:23.284 [Test worker] DEBUG org.apache.http.wire - http-outgoing-0 >> "Connection: Keep-Alive[\r][\n]"
16:42:23.284 [Test worker] DEBUG org.apache.http.wire - http-outgoing-0 >> "User-Agent: Apache-HttpClient/4.5.11 (Java/1.8.0_241)[\r][\n]"
16:42:23.284 [Test worker] DEBUG org.apache.http.wire - http-outgoing-0 >> "Accept-Encoding: gzip,deflate[\r][\n]"
16:42:23.284 [Test worker] DEBUG org.apache.http.wire - http-outgoing-0 >> "[\r][\n]"
16:42:23.284 [Test worker] DEBUG org.apache.http.wire - http-outgoing-0 >> "username=administrator&password=root&secure_session=on&return=%2Findex.php"
16:42:23.479 [Test worker] DEBUG org.apache.http.wire - http-outgoing-0 << "HTTP/1.1 302 Found[\r][\n]"
16:42:23.480 [Test worker] DEBUG org.apache.http.wire - http-outgoing-0 << "Date: Sun, 29 Mar 2020 13:42:23 GMT[\r][\n]"
16:42:23.480 [Test worker] DEBUG org.apache.http.wire - http-outgoing-0 << "Server: Apache/2.4.41 (Win64) OpenSSL/1.1.1c PHP/7.4.2[\r][\n]"
16:42:23.480 [Test worker] DEBUG org.apache.http.wire - http-outgoing-0 << "X-Powered-By: PHP/7.4.2[\r][\n]"
16:42:23.480 [Test worker] DEBUG org.apache.http.wire - http-outgoing-0 << "Set-Cookie: PHPSESSID=3brcq64ecgn7bl8r52qlhs531e; path=/; HttpOnly[\r][\n]"
16:42:23.480 [Test worker] DEBUG org.apache.http.wire - http-outgoing-0 << "Cache-Control: no-store, no-cache, must-revalidate[\r][\n]"
16:42:23.481 [Test worker] DEBUG org.apache.http.wire - http-outgoing-0 << "Last-Modified: Sun, 29 Mar 2020 13:42:23 GMT[\r][\n]"
16:42:23.481 [Test worker] DEBUG org.apache.http.wire - http-outgoing-0 << "X-Content-Type-Options: nosniff[\r][\n]"
16:42:23.481 [Test worker] DEBUG org.apache.http.wire - http-outgoing-0 << "Expires: Sun, 29 Mar 2020 13:42:23 GMT[\r][\n]"
16:42:23.481 [Test worker] DEBUG org.apache.http.wire - http-outgoing-0 << "X-Frame-Options: DENY[\r][\n]"
16:42:23.481 [Test worker] DEBUG org.apache.http.wire - http-outgoing-0 << "Content-Security-Policy: default-src 'self'; frame-ancestors 'none'; style-src 'self' 'unsafe-inline'; script-src 'self'; img-src 'self' 'self' data:[\r][\n]"
16:42:23.482 [Test worker] DEBUG org.apache.http.wire - http-outgoing-0 << "Set-Cookie: MANTIS_secure_session=1; path=/; HttpOnly[\r][\n]"
16:42:23.482 [Test worker] DEBUG org.apache.http.wire - http-outgoing-0 << "Set-Cookie: MANTIS_STRING_COOKIE=8c3cb9619f2da5fbcdead2d3a83a7d2dd522aa8a0aeed1a9a52c0fb4445f66dd; path=/; HttpOnly[\r][\n]"
16:42:23.482 [Test worker] DEBUG org.apache.http.wire - http-outgoing-0 << "Location: http://localhost/mantisbt-2.24.0/login_cookie_test.php?return=account_page.php[\r][\n]"
16:42:23.482 [Test worker] DEBUG org.apache.http.wire - http-outgoing-0 << "Content-Encoding: gzip[\r][\n]"
16:42:23.482 [Test worker] DEBUG org.apache.http.wire - http-outgoing-0 << "Vary: Accept-Encoding[\r][\n]"
16:42:23.483 [Test worker] DEBUG org.apache.http.wire - http-outgoing-0 << "Content-Length: 20[\r][\n]"
16:42:23.483 [Test worker] DEBUG org.apache.http.wire - http-outgoing-0 << "Keep-Alive: timeout=5, max=100[\r][\n]"
16:42:23.483 [Test worker] DEBUG org.apache.http.wire - http-outgoing-0 << "Connection: Keep-Alive[\r][\n]"
16:42:23.483 [Test worker] DEBUG org.apache.http.wire - http-outgoing-0 << "Content-Type: text/html; charset=utf-8[\r][\n]"
16:42:23.484 [Test worker] DEBUG org.apache.http.wire - http-outgoing-0 << "[\r][\n]"
16:42:23.484 [Test worker] DEBUG org.apache.http.wire - http-outgoing-0 << "[0x1f][0x8b][0x8][0x0][0x0][0x0][0x0][0x0][0x0][\n]"
16:42:23.484 [Test worker] DEBUG org.apache.http.wire - http-outgoing-0 << "[0x3][0x0][0x0][0x0][0x0][0x0][0x0][0x0][0x0][0x0]"
16:42:23.490 [Test worker] DEBUG org.apache.http.headers - http-outgoing-0 << HTTP/1.1 302 Found
16:42:23.490 [Test worker] DEBUG org.apache.http.headers - http-outgoing-0 << Date: Sun, 29 Mar 2020 13:42:23 GMT
16:42:23.490 [Test worker] DEBUG org.apache.http.headers - http-outgoing-0 << Server: Apache/2.4.41 (Win64) OpenSSL/1.1.1c PHP/7.4.2
16:42:23.490 [Test worker] DEBUG org.apache.http.headers - http-outgoing-0 << X-Powered-By: PHP/7.4.2
16:42:23.490 [Test worker] DEBUG org.apache.http.headers - http-outgoing-0 << Set-Cookie: PHPSESSID=3brcq64ecgn7bl8r52qlhs531e; path=/; HttpOnly
16:42:23.491 [Test worker] DEBUG org.apache.http.headers - http-outgoing-0 << Cache-Control: no-store, no-cache, must-revalidate
16:42:23.491 [Test worker] DEBUG org.apache.http.headers - http-outgoing-0 << Last-Modified: Sun, 29 Mar 2020 13:42:23 GMT
16:42:23.491 [Test worker] DEBUG org.apache.http.headers - http-outgoing-0 << X-Content-Type-Options: nosniff
16:42:23.491 [Test worker] DEBUG org.apache.http.headers - http-outgoing-0 << Expires: Sun, 29 Mar 2020 13:42:23 GMT
16:42:23.491 [Test worker] DEBUG org.apache.http.headers - http-outgoing-0 << X-Frame-Options: DENY
16:42:23.491 [Test worker] DEBUG org.apache.http.headers - http-outgoing-0 << Content-Security-Policy: default-src 'self'; frame-ancestors 'none'; style-src 'self' 'unsafe-inline'; script-src 'self'; img-src 'self' 'self' data:
16:42:23.491 [Test worker] DEBUG org.apache.http.headers - http-outgoing-0 << Set-Cookie: MANTIS_secure_session=1; path=/; HttpOnly
16:42:23.492 [Test worker] DEBUG org.apache.http.headers - http-outgoing-0 << Set-Cookie: MANTIS_STRING_COOKIE=8c3cb9619f2da5fbcdead2d3a83a7d2dd522aa8a0aeed1a9a52c0fb4445f66dd; path=/; HttpOnly
16:42:23.492 [Test worker] DEBUG org.apache.http.headers - http-outgoing-0 << Location: http://localhost/mantisbt-2.24.0/login_cookie_test.php?return=account_page.php
16:42:23.492 [Test worker] DEBUG org.apache.http.headers - http-outgoing-0 << Content-Encoding: gzip
16:42:23.492 [Test worker] DEBUG org.apache.http.headers - http-outgoing-0 << Vary: Accept-Encoding
16:42:23.492 [Test worker] DEBUG org.apache.http.headers - http-outgoing-0 << Content-Length: 20
16:42:23.492 [Test worker] DEBUG org.apache.http.headers - http-outgoing-0 << Keep-Alive: timeout=5, max=100
16:42:23.492 [Test worker] DEBUG org.apache.http.headers - http-outgoing-0 << Connection: Keep-Alive
16:42:23.493 [Test worker] DEBUG org.apache.http.headers - http-outgoing-0 << Content-Type: text/html; charset=utf-8
16:42:23.504 [Test worker] DEBUG org.apache.http.impl.execchain.MainClientExec - Connection can be kept alive for 5000 MILLISECONDS
16:42:23.511 [Test worker] DEBUG org.apache.http.client.protocol.ResponseProcessCookies - Cookie accepted [PHPSESSID="3brcq64ecgn7bl8r52qlhs531e", version:0, domain:localhost, path:/, expiry:null]
16:42:23.512 [Test worker] DEBUG org.apache.http.client.protocol.ResponseProcessCookies - Cookie accepted [MANTIS_secure_session="1", version:0, domain:localhost, path:/, expiry:null]
16:42:23.512 [Test worker] DEBUG org.apache.http.client.protocol.ResponseProcessCookies - Cookie accepted [MANTIS_STRING_COOKIE="8c3cb9619f2da5fbcdead2d3a83a7d2dd522aa8a0aeed1a9a52c0fb4445f66dd", version:0, domain:localhost, path:/, expiry:null]
16:42:23.514 [Test worker] DEBUG org.apache.http.impl.client.LaxRedirectStrategy - Redirect requested to location 'http://localhost/mantisbt-2.24.0/login_cookie_test.php?return=account_page.php'
16:42:23.518 [Test worker] DEBUG org.apache.http.impl.execchain.RedirectExec - Resetting target auth state
16:42:23.518 [Test worker] DEBUG org.apache.http.impl.execchain.RedirectExec - Redirecting to 'http://localhost/mantisbt-2.24.0/login_cookie_test.php?return=account_page.php' via {}->http://localhost:80
16:42:23.520 [Test worker] DEBUG org.apache.http.impl.conn.PoolingHttpClientConnectionManager - Connection [id: 0][route: {}->http://localhost:80] can be kept alive for 5.0 seconds
16:42:23.520 [Test worker] DEBUG org.apache.http.impl.conn.DefaultManagedHttpClientConnection - http-outgoing-0: set socket timeout to 0
16:42:23.520 [Test worker] DEBUG org.apache.http.impl.conn.PoolingHttpClientConnectionManager - Connection released: [id: 0][route: {}->http://localhost:80][total available: 1; route allocated: 1 of 2; total allocated: 1 of 20]
16:42:23.520 [Test worker] DEBUG org.apache.http.client.protocol.RequestAddCookies - CookieSpec selected: default
16:42:23.520 [Test worker] DEBUG org.apache.http.client.protocol.RequestAddCookies - Cookie [version: 0][name: MANTIS_STRING_COOKIE][value: 8c3cb9619f2da5fbcdead2d3a83a7d2dd522aa8a0aeed1a9a52c0fb4445f66dd][domain: localhost][path: /][expiry: null] match [localhost:80/mantisbt-2.24.0/login_cookie_test.php]
16:42:23.521 [Test worker] DEBUG org.apache.http.client.protocol.RequestAddCookies - Cookie [version: 0][name: MANTIS_secure_session][value: 1][domain: localhost][path: /][expiry: null] match [localhost:80/mantisbt-2.24.0/login_cookie_test.php]
16:42:23.525 [Test worker] DEBUG org.apache.http.client.protocol.RequestAddCookies - Cookie [version: 0][name: PHPSESSID][value: 3brcq64ecgn7bl8r52qlhs531e][domain: localhost][path: /][expiry: null] match [localhost:80/mantisbt-2.24.0/login_cookie_test.php]
16:42:23.526 [Test worker] DEBUG org.apache.http.client.protocol.RequestAuthCache - Auth cache not set in the context
16:42:23.526 [Test worker] DEBUG org.apache.http.impl.conn.PoolingHttpClientConnectionManager - Connection request: [route: {}->http://localhost:80][total available: 1; route allocated: 1 of 2; total allocated: 1 of 20]
16:42:23.526 [Test worker] DEBUG org.apache.http.impl.conn.PoolingHttpClientConnectionManager - Connection leased: [id: 0][route: {}->http://localhost:80][total available: 0; route allocated: 1 of 2; total allocated: 1 of 20]
16:42:23.526 [Test worker] DEBUG org.apache.http.impl.conn.DefaultManagedHttpClientConnection - http-outgoing-0: set socket timeout to 0
16:42:23.527 [Test worker] DEBUG org.apache.http.impl.execchain.MainClientExec - Executing request GET /mantisbt-2.24.0/login_cookie_test.php?return=account_page.php HTTP/1.1
16:42:23.527 [Test worker] DEBUG org.apache.http.impl.execchain.MainClientExec - Target auth state: UNCHALLENGED
16:42:23.527 [Test worker] DEBUG org.apache.http.impl.execchain.MainClientExec - Proxy auth state: UNCHALLENGED
16:42:23.527 [Test worker] DEBUG org.apache.http.headers - http-outgoing-0 >> GET /mantisbt-2.24.0/login_cookie_test.php?return=account_page.php HTTP/1.1
16:42:23.527 [Test worker] DEBUG org.apache.http.headers - http-outgoing-0 >> Host: localhost
16:42:23.528 [Test worker] DEBUG org.apache.http.headers - http-outgoing-0 >> Connection: Keep-Alive
16:42:23.528 [Test worker] DEBUG org.apache.http.headers - http-outgoing-0 >> User-Agent: Apache-HttpClient/4.5.11 (Java/1.8.0_241)
16:42:23.528 [Test worker] DEBUG org.apache.http.headers - http-outgoing-0 >> Cookie: MANTIS_STRING_COOKIE=8c3cb9619f2da5fbcdead2d3a83a7d2dd522aa8a0aeed1a9a52c0fb4445f66dd; MANTIS_secure_session=1; PHPSESSID=3brcq64ecgn7bl8r52qlhs531e
16:42:23.528 [Test worker] DEBUG org.apache.http.headers - http-outgoing-0 >> Accept-Encoding: gzip,deflate
16:42:23.528 [Test worker] DEBUG org.apache.http.wire - http-outgoing-0 >> "GET /mantisbt-2.24.0/login_cookie_test.php?return=account_page.php HTTP/1.1[\r][\n]"
16:42:23.529 [Test worker] DEBUG org.apache.http.wire - http-outgoing-0 >> "Host: localhost[\r][\n]"
16:42:23.529 [Test worker] DEBUG org.apache.http.wire - http-outgoing-0 >> "Connection: Keep-Alive[\r][\n]"
16:42:23.529 [Test worker] DEBUG org.apache.http.wire - http-outgoing-0 >> "User-Agent: Apache-HttpClient/4.5.11 (Java/1.8.0_241)[\r][\n]"
16:42:23.529 [Test worker] DEBUG org.apache.http.wire - http-outgoing-0 >> "Cookie: MANTIS_STRING_COOKIE=8c3cb9619f2da5fbcdead2d3a83a7d2dd522aa8a0aeed1a9a52c0fb4445f66dd; MANTIS_secure_session=1; PHPSESSID=3brcq64ecgn7bl8r52qlhs531e[\r][\n]"
16:42:23.529 [Test worker] DEBUG org.apache.http.wire - http-outgoing-0 >> "Accept-Encoding: gzip,deflate[\r][\n]"
16:42:23.529 [Test worker] DEBUG org.apache.http.wire - http-outgoing-0 >> "[\r][\n]"
16:42:23.627 [Test worker] DEBUG org.apache.http.wire - http-outgoing-0 << "HTTP/1.1 302 Found[\r][\n]"
16:42:23.627 [Test worker] DEBUG org.apache.http.wire - http-outgoing-0 << "Date: Sun, 29 Mar 2020 13:42:23 GMT[\r][\n]"
16:42:23.627 [Test worker] DEBUG org.apache.http.wire - http-outgoing-0 << "Server: Apache/2.4.41 (Win64) OpenSSL/1.1.1c PHP/7.4.2[\r][\n]"
16:42:23.627 [Test worker] DEBUG org.apache.http.wire - http-outgoing-0 << "X-Powered-By: PHP/7.4.2[\r][\n]"
16:42:23.627 [Test worker] DEBUG org.apache.http.wire - http-outgoing-0 << "Cache-Control: no-store, no-cache, must-revalidate[\r][\n]"
16:42:23.627 [Test worker] DEBUG org.apache.http.wire - http-outgoing-0 << "Last-Modified: Sun, 29 Mar 2020 13:42:23 GMT[\r][\n]"
16:42:23.627 [Test worker] DEBUG org.apache.http.wire - http-outgoing-0 << "X-Content-Type-Options: nosniff[\r][\n]"
16:42:23.627 [Test worker] DEBUG org.apache.http.wire - http-outgoing-0 << "Expires: Sun, 29 Mar 2020 13:42:23 GMT[\r][\n]"
16:42:23.627 [Test worker] DEBUG org.apache.http.wire - http-outgoing-0 << "X-Frame-Options: DENY[\r][\n]"
16:42:23.628 [Test worker] DEBUG org.apache.http.wire - http-outgoing-0 << "Content-Security-Policy: default-src 'self'; frame-ancestors 'none'; style-src 'self' 'unsafe-inline'; script-src 'self'; img-src 'self' 'self' data:[\r][\n]"
16:42:23.628 [Test worker] DEBUG org.apache.http.wire - http-outgoing-0 << "Location: http://localhost/mantisbt-2.24.0/account_page.php[\r][\n]"
16:42:23.628 [Test worker] DEBUG org.apache.http.wire - http-outgoing-0 << "Content-Encoding: gzip[\r][\n]"
16:42:23.628 [Test worker] DEBUG org.apache.http.wire - http-outgoing-0 << "Vary: Accept-Encoding[\r][\n]"
16:42:23.628 [Test worker] DEBUG org.apache.http.wire - http-outgoing-0 << "Content-Length: 20[\r][\n]"
16:42:23.628 [Test worker] DEBUG org.apache.http.wire - http-outgoing-0 << "Keep-Alive: timeout=5, max=99[\r][\n]"
16:42:23.628 [Test worker] DEBUG org.apache.http.wire - http-outgoing-0 << "Connection: Keep-Alive[\r][\n]"
16:42:23.628 [Test worker] DEBUG org.apache.http.wire - http-outgoing-0 << "Content-Type: text/html; charset=utf-8[\r][\n]"
16:42:23.628 [Test worker] DEBUG org.apache.http.wire - http-outgoing-0 << "[\r][\n]"
16:42:23.628 [Test worker] DEBUG org.apache.http.wire - http-outgoing-0 << "[0x1f][0x8b][0x8][0x0][0x0][0x0][0x0][0x0][0x0][\n]"
16:42:23.628 [Test worker] DEBUG org.apache.http.wire - http-outgoing-0 << "[0x3][0x0][0x0][0x0][0x0][0x0][0x0][0x0][0x0][0x0]"
16:42:23.628 [Test worker] DEBUG org.apache.http.headers - http-outgoing-0 << HTTP/1.1 302 Found
16:42:23.628 [Test worker] DEBUG org.apache.http.headers - http-outgoing-0 << Date: Sun, 29 Mar 2020 13:42:23 GMT
16:42:23.629 [Test worker] DEBUG org.apache.http.headers - http-outgoing-0 << Server: Apache/2.4.41 (Win64) OpenSSL/1.1.1c PHP/7.4.2
16:42:23.629 [Test worker] DEBUG org.apache.http.headers - http-outgoing-0 << X-Powered-By: PHP/7.4.2
16:42:23.629 [Test worker] DEBUG org.apache.http.headers - http-outgoing-0 << Cache-Control: no-store, no-cache, must-revalidate
16:42:23.629 [Test worker] DEBUG org.apache.http.headers - http-outgoing-0 << Last-Modified: Sun, 29 Mar 2020 13:42:23 GMT
16:42:23.629 [Test worker] DEBUG org.apache.http.headers - http-outgoing-0 << X-Content-Type-Options: nosniff
16:42:23.629 [Test worker] DEBUG org.apache.http.headers - http-outgoing-0 << Expires: Sun, 29 Mar 2020 13:42:23 GMT
16:42:23.629 [Test worker] DEBUG org.apache.http.headers - http-outgoing-0 << X-Frame-Options: DENY
16:42:23.629 [Test worker] DEBUG org.apache.http.headers - http-outgoing-0 << Content-Security-Policy: default-src 'self'; frame-ancestors 'none'; style-src 'self' 'unsafe-inline'; script-src 'self'; img-src 'self' 'self' data:
16:42:23.629 [Test worker] DEBUG org.apache.http.headers - http-outgoing-0 << Location: http://localhost/mantisbt-2.24.0/account_page.php
16:42:23.629 [Test worker] DEBUG org.apache.http.headers - http-outgoing-0 << Content-Encoding: gzip
16:42:23.629 [Test worker] DEBUG org.apache.http.headers - http-outgoing-0 << Vary: Accept-Encoding
16:42:23.629 [Test worker] DEBUG org.apache.http.headers - http-outgoing-0 << Content-Length: 20
16:42:23.629 [Test worker] DEBUG org.apache.http.headers - http-outgoing-0 << Keep-Alive: timeout=5, max=99
16:42:23.629 [Test worker] DEBUG org.apache.http.headers - http-outgoing-0 << Connection: Keep-Alive
16:42:23.629 [Test worker] DEBUG org.apache.http.headers - http-outgoing-0 << Content-Type: text/html; charset=utf-8
16:42:23.630 [Test worker] DEBUG org.apache.http.impl.execchain.MainClientExec - Connection can be kept alive for 5000 MILLISECONDS
16:42:23.630 [Test worker] DEBUG org.apache.http.impl.client.LaxRedirectStrategy - Redirect requested to location 'http://localhost/mantisbt-2.24.0/account_page.php'
16:42:23.630 [Test worker] DEBUG org.apache.http.impl.execchain.RedirectExec - Resetting target auth state
16:42:23.630 [Test worker] DEBUG org.apache.http.impl.execchain.RedirectExec - Redirecting to 'http://localhost/mantisbt-2.24.0/account_page.php' via {}->http://localhost:80
16:42:23.630 [Test worker] DEBUG org.apache.http.impl.conn.PoolingHttpClientConnectionManager - Connection [id: 0][route: {}->http://localhost:80] can be kept alive for 5.0 seconds
16:42:23.630 [Test worker] DEBUG org.apache.http.impl.conn.DefaultManagedHttpClientConnection - http-outgoing-0: set socket timeout to 0
16:42:23.630 [Test worker] DEBUG org.apache.http.impl.conn.PoolingHttpClientConnectionManager - Connection released: [id: 0][route: {}->http://localhost:80][total available: 1; route allocated: 1 of 2; total allocated: 1 of 20]
16:42:23.631 [Test worker] DEBUG org.apache.http.client.protocol.RequestAddCookies - CookieSpec selected: default
16:42:23.631 [Test worker] DEBUG org.apache.http.client.protocol.RequestAddCookies - Cookie [version: 0][name: MANTIS_STRING_COOKIE][value: 8c3cb9619f2da5fbcdead2d3a83a7d2dd522aa8a0aeed1a9a52c0fb4445f66dd][domain: localhost][path: /][expiry: null] match [localhost:80/mantisbt-2.24.0/account_page.php]
16:42:23.631 [Test worker] DEBUG org.apache.http.client.protocol.RequestAddCookies - Cookie [version: 0][name: MANTIS_secure_session][value: 1][domain: localhost][path: /][expiry: null] match [localhost:80/mantisbt-2.24.0/account_page.php]
16:42:23.631 [Test worker] DEBUG org.apache.http.client.protocol.RequestAddCookies - Cookie [version: 0][name: PHPSESSID][value: 3brcq64ecgn7bl8r52qlhs531e][domain: localhost][path: /][expiry: null] match [localhost:80/mantisbt-2.24.0/account_page.php]
16:42:23.631 [Test worker] DEBUG org.apache.http.client.protocol.RequestAuthCache - Auth cache not set in the context
16:42:23.631 [Test worker] DEBUG org.apache.http.impl.conn.PoolingHttpClientConnectionManager - Connection request: [route: {}->http://localhost:80][total available: 1; route allocated: 1 of 2; total allocated: 1 of 20]
16:42:23.631 [Test worker] DEBUG org.apache.http.impl.conn.PoolingHttpClientConnectionManager - Connection leased: [id: 0][route: {}->http://localhost:80][total available: 0; route allocated: 1 of 2; total allocated: 1 of 20]
16:42:23.632 [Test worker] DEBUG org.apache.http.impl.conn.DefaultManagedHttpClientConnection - http-outgoing-0: set socket timeout to 0
16:42:23.632 [Test worker] DEBUG org.apache.http.impl.execchain.MainClientExec - Executing request GET /mantisbt-2.24.0/account_page.php HTTP/1.1
16:42:23.632 [Test worker] DEBUG org.apache.http.impl.execchain.MainClientExec - Target auth state: UNCHALLENGED
16:42:23.632 [Test worker] DEBUG org.apache.http.impl.execchain.MainClientExec - Proxy auth state: UNCHALLENGED
16:42:23.632 [Test worker] DEBUG org.apache.http.headers - http-outgoing-0 >> GET /mantisbt-2.24.0/account_page.php HTTP/1.1
16:42:23.632 [Test worker] DEBUG org.apache.http.headers - http-outgoing-0 >> Host: localhost
16:42:23.632 [Test worker] DEBUG org.apache.http.headers - http-outgoing-0 >> Connection: Keep-Alive
16:42:23.632 [Test worker] DEBUG org.apache.http.headers - http-outgoing-0 >> User-Agent: Apache-HttpClient/4.5.11 (Java/1.8.0_241)
16:42:23.633 [Test worker] DEBUG org.apache.http.headers - http-outgoing-0 >> Cookie: MANTIS_STRING_COOKIE=8c3cb9619f2da5fbcdead2d3a83a7d2dd522aa8a0aeed1a9a52c0fb4445f66dd; MANTIS_secure_session=1; PHPSESSID=3brcq64ecgn7bl8r52qlhs531e
16:42:23.633 [Test worker] DEBUG org.apache.http.headers - http-outgoing-0 >> Accept-Encoding: gzip,deflate
16:42:23.633 [Test worker] DEBUG org.apache.http.wire - http-outgoing-0 >> "GET /mantisbt-2.24.0/account_page.php HTTP/1.1[\r][\n]"
16:42:23.633 [Test worker] DEBUG org.apache.http.wire - http-outgoing-0 >> "Host: localhost[\r][\n]"
16:42:23.633 [Test worker] DEBUG org.apache.http.wire - http-outgoing-0 >> "Connection: Keep-Alive[\r][\n]"
16:42:23.633 [Test worker] DEBUG org.apache.http.wire - http-outgoing-0 >> "User-Agent: Apache-HttpClient/4.5.11 (Java/1.8.0_241)[\r][\n]"
16:42:23.633 [Test worker] DEBUG org.apache.http.wire - http-outgoing-0 >> "Cookie: MANTIS_STRING_COOKIE=8c3cb9619f2da5fbcdead2d3a83a7d2dd522aa8a0aeed1a9a52c0fb4445f66dd; MANTIS_secure_session=1; PHPSESSID=3brcq64ecgn7bl8r52qlhs531e[\r][\n]"
16:42:23.633 [Test worker] DEBUG org.apache.http.wire - http-outgoing-0 >> "Accept-Encoding: gzip,deflate[\r][\n]"
16:42:23.633 [Test worker] DEBUG org.apache.http.wire - http-outgoing-0 >> "[\r][\n]"
16:42:23.751 [Test worker] DEBUG org.apache.http.wire - http-outgoing-0 << "HTTP/1.1 200 OK[\r][\n]"
16:42:23.752 [Test worker] DEBUG org.apache.http.wire - http-outgoing-0 << "Date: Sun, 29 Mar 2020 13:42:23 GMT[\r][\n]"
16:42:23.752 [Test worker] DEBUG org.apache.http.wire - http-outgoing-0 << "Server: Apache/2.4.41 (Win64) OpenSSL/1.1.1c PHP/7.4.2[\r][\n]"
16:42:23.752 [Test worker] DEBUG org.apache.http.wire - http-outgoing-0 << "X-Powered-By: PHP/7.4.2[\r][\n]"
16:42:23.752 [Test worker] DEBUG org.apache.http.wire - http-outgoing-0 << "Cache-Control: no-store, no-cache, must-revalidate[\r][\n]"
16:42:23.752 [Test worker] DEBUG org.apache.http.wire - http-outgoing-0 << "Last-Modified: Sun, 29 Mar 2020 13:42:23 GMT[\r][\n]"
16:42:23.752 [Test worker] DEBUG org.apache.http.wire - http-outgoing-0 << "X-Content-Type-Options: nosniff[\r][\n]"
16:42:23.752 [Test worker] DEBUG org.apache.http.wire - http-outgoing-0 << "Expires: Sun, 29 Mar 2020 13:42:23 GMT[\r][\n]"
16:42:23.752 [Test worker] DEBUG org.apache.http.wire - http-outgoing-0 << "X-Frame-Options: DENY[\r][\n]"
16:42:23.752 [Test worker] DEBUG org.apache.http.wire - http-outgoing-0 << "Content-Security-Policy: default-src 'self'; frame-ancestors 'none'; style-src 'self' 'unsafe-inline'; script-src 'self'; img-src 'self' 'self' data:[\r][\n]"
16:42:23.752 [Test worker] DEBUG org.apache.http.wire - http-outgoing-0 << "Content-Encoding: gzip[\r][\n]"
16:42:23.752 [Test worker] DEBUG org.apache.http.wire - http-outgoing-0 << "Vary: Accept-Encoding[\r][\n]"
16:42:23.752 [Test worker] DEBUG org.apache.http.wire - http-outgoing-0 << "Content-Length: 3225[\r][\n]"
16:42:23.752 [Test worker] DEBUG org.apache.http.wire - http-outgoing-0 << "Keep-Alive: timeout=5, max=98[\r][\n]"
16:42:23.752 [Test worker] DEBUG org.apache.http.wire - http-outgoing-0 << "Connection: Keep-Alive[\r][\n]"
16:42:23.752 [Test worker] DEBUG org.apache.http.wire - http-outgoing-0 << "Content-Type: text/html; charset=UTF-8[\r][\n]"
16:42:23.753 [Test worker] DEBUG org.apache.http.wire - http-outgoing-0 << "[\r][\n]"
16:42:23.753 [Test worker] DEBUG org.apache.http.wire - http-outgoing-0 << "[0x1f][0x8b][0x8][0x0][0x0][0x0][0x0][0x0][0x0][\n]"
16:42:23.753 [Test worker] DEBUG org.apache.http.wire - http-outgoing-0 << "[0xcd][0x1a]i[0x93][0xd3]8[0xf6]sR[0xb5][0xff]Ak[0xaa][0x98][0xaa]Y[0x9c]t[0xd2]'[0x90]d[0x7][0x1a]v[0x87]Y[0x98][0xe9][0xa1][0x81][0x19][0xf6]KJ[0xb6][0xe5]D[0xb4]l[0x19]KN:l[0xed]]]>&#x7f;<![CDATA[[0xdf][0xf7]$[0xcb]G:[0xe9]4Lzj[0xab]hb]O[0xef]>$[0x8d][0xfe][0xfa][0xe2][0x97][0xf3]w[0x1f]/^[0x92][0xb9]N[0xc4][0xa4];r?[0x8c]F[0x93]ng[0x94]0MaHg>[0xfb]\[0xf0][0xc5][0xd8];[0x97][0xa9]f[0xa9][0xf6][0xf5]*c[0x1e][0x9]mk[0xec]iv[0xad][0xfb][0xb8][0xf6])[0x9][0xe7]4WL[0x8f][0xb][0x1d][0xfb]g[0x1e][0xe9]#[0x18][0xcd][0xb5]`[0x93]7+[0xf2],[0xc]e[0x91]j[0xe2][0x93]74[0xd5]\=]]>&#x7f;<![CDATA[7[0xea][0xdb][0xc1][0xae][0xdd]+[0xa5][0x9][0x1b]{[0xb][0xce][0x96][0x99][0xcc]uc[0x87]%[0x8f][0xf4]|[0x1c][0xb1][0x5][0xf][0x99]o[0x1a][0x8f][0x8]O[0xb9][0xe6]T[0xf8]*[0xa4][0x82][0x8d][0x7][0xbd][0x83]G$[0xa1][0xd7]<)[0x92]fW[0xa1]Xn[0xda]4[0x80][0xae][0x83][0x12]%[0xc1][0xd3]+[0x92]31[0xf6][0x94]^[0x9][0xa6][0xe6][0x8c][0xc1]vHVIM[0xa8][0x94]G[0xe6]9[0x8b][0xc7][0x1e]2[0xe0]I[0xbf]/$[0x0][0x99]K[0xa5][0xfb][0x89]A>[0xd0][0xfe][0xb0]7<[0xea][0x1d][0xe0][0xdc]~[0xc4]bZ[0x8][0xdd]3[0xeb][0xee]g[0xb][0xa5][0xa9].[0xd4][0x14]x[0x12][0xf3]Y/[0x9b]g]]>&#x7f;<![CDATA[[0xf]i8g[0xd3]+[0xb6][0x1a][0x7]g[0xd1][0xf0]4|LO[0xe3][0xc3][0x93][0xf8][0xf8]1=fg[0x87][0xc1][0xf0],[0x8][0x82][0xd3][0x93]88[0xa5][0xf7]Fv.[0xb3]/2e[0xfe]q[0xef][0xb8]w[0xd0]Kxz[0x9f][0x1c][0x8][0xa4][0xd4]J[0xe7]4[0xf3][0xf]{G[0xbd][0xc1]}o[0x17][0x83][0xf6][0xf9]t[0xc9][0x94]L[0x98]]]>&#x7f;<![CDATA[[0xd4];[0xe9][0x1d][0xfe][0x19];[0xaa]?[0x87][0x83][0x11][0xd5]L[0xf3][0x84]e<[0xbc][0x2][0xb][0x1]v[0x9e][0xf6][0x8e]N[0xef][0x9b]@[0x1a][0xb2]?a[0xb][0xdf][0xf6][0xdf][0xf7].[0xea][0x8a][0xa7][0xaa]EN{[0xa7]9[0xf8][0xb0][0xb0][0xd0][0x84][0x83][0xc9]:[0xe0]7[0x80][0xf1][0x84][0xce][0x18]H[0x9e].pZ[0xf][0xfe]sx[0x99][0x91][0xfe][0xb5]o[0x97][0xaf][0x93][0xc1]h[0x1e][0xce][0xdd]T[0x9a]e[0x82][0x87]Ts[0x99][0xf6]e[0xc6]R;[0x1a]1[0x15][0xe6]<[0xc3][0xde][0xbf]]'[0x2]&[0xa3][0xaf][0x1d]{[0xce][0xf9]>!q![0x84][0x8f][0xf4][0x13][0x7][0xef][0x8e],[0x8]r[0xb9][0x4][0xc7]:[0xb5][0xcb][0xa6][0x99](f[0xc0][0x6][0xf4]I[0x6]![0x4][0xe9][0xdd][0xb][0xc6]v[0x1e][0x9]V[0xe4][0x95]R[0x5]#[0xaf][0xa2]}[0xe1][0xcc]#[0x8b][0xb1][0xc5][0xa0][0xa9][0x1b][0x9f][0xe8][0x82][0xda]^[0x8f][0xa8]<[0xdc] [0xc4]z[0xc6]7[0xba][0xe7][0xc9][0xa8]o[0xd7][0xef][0x1][0x3]0[0xef]T[0x9][0xc3]Z[0xb5][0x86]Gtv|t[0xca][0xe][0x86][0xf4][0xe8][0xf0][0xec][0xf1][0xe1]I[0x14][0xb1][0xf0][0x84][0xd2] [0xa0]1[0xf4][0xf]N[0x86]{[0xc0]C[0xf5]?}.X[0xbe][0xc2][0xe]p[0xd2]h[0x1d][0x9f][0xd4]^[0xe0]n[0x88]5{[0x82][0x1c][0xca]$[0x91][0xeb][0xd0]F}[0x9b][0x6][0x8d][0x2][0x19][0xad]H([0xa8]R[0xa0][0xc4]`[0xf2][0xfe][0xa1][0x7][0xbd][0xc6][0x8f]L[0xba][0xdf][0x93][0xff][0x10][0x13]'b[0x9a]p[0xb1]zB[0xbc]_@[0x9b][0xc9]%[0x88][0xc0]{J[0xfe]K[0xba][0xf3][0xc1]#2[0x1f][0xc2][0xdf]![0xfc][0x1d][0xc1][0xdf][0xf1][0xae][0x15][0x80][0x82][0x85]=[0x8a][0xf8][0x82][0xf0]h[0xec][0xa5]t[0x11][0xd0][0xdc]sH[0xd8]&[0xb1]?~[0x99]y[0xb8]f([0x85][0xa0][0x99]b[0xae][0x1d][0xf3]k[0x16][0xf9]Zf$[0x95]Y[0xce]S[\r]4[0xb6][0xe1][0xfa][0x98]eQ[0x9e][0xb2][0xf5][0x1d][0x1a][0x3][0x93]QPh-S[0xb3],ai[0x1][0x10]g3[0x81]K,[0xb3][0xed][0xf0]:[0x0];[0x89]4[0x17][0x90][0xc]}[0x8e]`[0xb1]&s[0xe][\n]"
16:42:23.753 [Test worker] DEBUG org.apache.http.wire - http-outgoing-0 << "[0x98][0xfa]b[0xe6][0xbe][0x12]0f[0x88]K[0xd4][0xd7]4[0x9f]A[0x12][0xe9]=P<bH[0xfa]d[0xa4]2[0x9a]VR[0xc8]}[0x99][0x8a][0x95]7yg[0xe1][0x97][0xb3][0x80]q0[0xa9]=[0x15][0x9d][0xa7]o![0xec]a[0xb4]o[0xc9][0xb4][0x1c]l[0x93][0x8a][0xca]b[0x18]E[0xb7]y[0xfa]d5[0xc5][0xcc]v[0x9a][0x81][G[0xbb]\gV[0x0]v[0x1b][0xad]S[0x9a]P[0x1]L[0xf3]O[0x8f][0xbd]I[0x95]4[0x93][\n]"
16:42:23.753 [Test worker] DEBUG org.apache.http.wire - http-outgoing-0 << "[0x1d]Z[0xc9][0xe5][0xe]Rh[0xb7][0x9c][0x9e]DV 9[0x9f][0xcd]+[0x89][0xa8][0xa4][0x96]H-%'[0x1b][0xb3]~[0xec]9[0x0]k"[0xeb]9j[0xc]*[0xea][0x91]k[0xa3][0xe][0xec][0x10]#[0xa6][0xea]FW[0x1c]}[0xdc][0xcd][0xc4]h[0x8b][0xd2] 1[0x85]]]>&#x7f;<![CDATA[[0xbe][0x99][0x8][0xbf][0xc3]k[0xb2][0x9c]s[0xcd]P@|Bj[0xf1][0xf4]A>[0x9b][0x84]T"EZ2[0xbb]a9[0x15]e[0x93]Q![0x1a][0x10][0x8][0xa2][0x1][0xbf][0xd0]/*[0xd4]n[0xb0][0xec]Zy[0xad][0xad][0x3][0x9d][0xfa][0xb3]\[0x16][0x19][0xc1][0xaf]P[0xe6])[0x1a][0x1][0x8d]"[0x9e][0xce],[0xdb][0xfd][0xb3][0xaa][0x8d]v[0x1]u[0x13]jQ[0xbd][0xdc],[0x4][0xdb]Mh[0xbe]2[0xdf]*qA[0xf]t[0xc][0xb4]i[0x8a][0xc][0x99][0x86]9[0x83][0x9c][0xae]V[0xaf][0x6][0xff]j[0xb6][0xf9][0x10][0xf6]T[0xc9][0xaf]W[0xe9][0x2][0x98]G[0xde]C[0xb7]2[0xba]d[0xd9][0xd6][0x17][0xbc]I[0xe0],g+[0xcf][0xd8]=:[0xe0]H.[0xd3]i[0x96][0xcb]O,[0xd4]jj[0x85][0xda][0x5]l[[0xaa][0xe1]&:,[0x1f]T[0x1a][0xe9]F[0xca][0xa9][0xb0][0xf6][0xe1][0x83][0xc1][0xc9][0xc1][0xd3]gB[0x90][0x8b][0x12][0xaa][0xed][0xe9][0x92][0xad][0xe2][0xa7]),[0xf5][0x11][0xc][0x9][0xf8]l[0x6]D[\r][0x6][0x7][0x96][0xa6].[0xd2][0xd1]E[0xb1]![0xc2][0xe]O_p[0xa5]+[0x1c]H[0x85][0x4][0xa2][0xdf]n[0x95]vP[0xf5][0xad][0x98][0x10]rY[0xb7]C[0x9a][0xb3][0xc6]p($[0xaa]Iw[0x84],k[0xc8][0xbc][0xda][0xd8][0xe6][0x1a][0x81][0xbc]Fi[0xa4][0x19]$[0x83]N[0xf7]m[0x1e][0x13][0xcb]<1n6[0x97][0x80]2N0N0[0x13]@[0xf2]\[\n]"
16:42:23.754 [Test worker] DEBUG org.apache.http.wire - http-outgoing-0 << "[0xd0][0xce][0xb1]wY&N[0xfd]-[0x2][0x82]>n][0xf][0xe][0xdc][0xc0][0x5][0xe2][0x19][0xea]3T[0xbf][0xce][0x6]k[0xa5]F[0xbe][0xdc] 6[0x95][0x90]?[0xe7][0x90][0x1b][0xb5][0xf4][0x9c][0x86][0x9a]/[0xd8]m[0xfe][\r][0xca]~[0xa7][0x19]&[0xed]([0xbf][0xa7] [0x9][0x90]NS[0xc2][0xc4]j[[0x89][0xed]6:[0xfa][0x85]hQ[0x8c][0xed][0xee][0x8d]UF=']]>&#x7f;<![CDATA[@[0x3][0xbf][0xda][0xcb]4][0x98]1)[0x9e][0xc6][0xd2][0x9b][0xd0][0x8]2[0x12][0x8e][0xc5][0x95][0x96][0xf9].[0xf]V[0xab][0xb0][0x85]j[0x18]R[0xcb][0xc5][0x80][0xbd][0xa9][0x9d][0xfb][0xd0]U[0xa3][0x1e][eH[0xed][0x9][0xcd]F'[0xb2][0x81]=[0x1e]:][0xe0]I}[0xb6]SI[0xb6][0xb5][0xcf][0xce][0xdc][0x9c]c2[0xaf][0xa6][0xb9][0xb2][0x19]+[0xc2]6gA-[0xa6]>[0xa4]I[0xf6][0x14][0xd3][0xd8]g'[0x83][0xf3][0x8b]$>^[0x1c][0xb2]]]>&#x7f;<![CDATA[[0xf]_|y[0xfd][0x9b][0xf8][0xe7][0xe7][0xe4][0x94][0x8b][0xe1][0x9b]_[0xd3]e[0xfc][0xf6][0xf9][0xc7][0xf3]Ky[0xf4][0xea][0x8b]X[0xbc][0xf8][0xfd][0xf1][0xbf].]]>&#x7f;<![CDATA[[0xe6][0x1f]]]>&#x7f;<![CDATA[:[0xfe][0xf0][0xf6][0xc7][0x8b][0x97]'Q[0xf8]J[0xfe][0xb4][0xfc][0xed][0xc7][0xf8][0xf7][0xe0][0x92][0x9f][0xfd][0xe3][0xd9]k[0xfd]iPD[0x9f]_|[0xfe][0xf1][0xec][0x16]J[0x1]+_}.[0x80][0x9d]DB[0x8c][0x9e]1G[0xf6][0xdb][0xcb][0xcb]&[0xbd][0x9b][0x15][0xf9]v[0x86][0xb]9[0x93][0xc5][0x9d][0xf8][0xad][0xf8],[0xf5]a[0xae][0xdb][0xfc][0xb5]YY[0xef]o[0xcd][0xa5][0xfe][0xb2][0x86][0xd3][0xf8][0xbf][0xe1][0x13][0x12][0xc8][0xea][0x9a]i[0x9f][0xc9][0xea][0xda]}[0x8d][0xf4][0xd3]%a[0x95]G[0xb1]m[0x97]v[0xd9][0x14][0x13][0x8a]<[0x95]Al[0x5]'[0x1][0x1]4[0xc9][0xc0]_[0x90][0x1b][0x1][0x14][0xfe][0xac]/6\[0xe9]~E[0xae][0x4][0x93]+[0xc6][0x18][0xe5]op&[0xa2][\n]"
16:42:23.754 [Test worker] DEBUG org.apache.http.wire - http-outgoing-0 << "\,[0xcd][0xa3][0xd2]B[0xbb]-[0x13][0xb5][0xc9]'[0x16][0xa4]FO?[0x0]X[0x97]@[0x95][0xd1]"[0xa8]8[0x9e]C[0x89][0x88]@[0x82][0x86][0xa3][0xb9][\r]M[0x83]#dh[0xd3][0xa0][0x98][0xdd][\r]W[0xa4][0xde][0xa7]B[0xef]D[0xd5][0xe0]ij\[0xb5]7t[0xc3]9j/[0xa8][0xdc][0xdd]p[0x5][0xf7][0xb1][0xc4]s[0x92]][0xa8][0x9e][0x1b][0xb0][0xa8][0x90]{[0xc3]4[0x97]`[0xf9]4[0xbb]#[0x9e]0y'[0x92]o-[0xc4][0xbd]a[0xa8][0x8a][0x4][0xf3][0xb1][0xbb]ah[0xd2][0xcb]9[0xcd][0xb5]/w"zi[0x1][0xef][\r][0xd1]2E[0x94][0xb][0x96][0xdf][0xdd][0xa4]f[0x90]s[0xa8][0xdd][0xe6]d@]]>&#x7f;<![CDATA[[0x5][0xa6][0xc6]3[0xad][0xb9][0x15][0x1f]2[0xda]u[0xd7][0xe2][0x8a][0x14][0xd7]ld[0xe4][0xdc][0x6]z[0xc4]u[0xb8]5[0xac][0x16][0x98][0xed][0x98][0xf0][0xe8][0xd5][0xd3][0x7][0xb7]O[0xc7][0xd4][0xdb][0xeb]v:[0xb7][0x7][0xec]zj[0x19][0xb7]w8X[0x86][0x5]w[0xed]J[0x3][0xc8][0xd1][0xa3]0/[0x92]@U47[0xfa][0xea][0x1a][0xbd][0xdb][0xf0][0x9c][0xf5][0x4][0xe8]'[0xc4][0x4][0x94][\r][0xa9]=[0x99][0xe3]9[0xb5][0xc1][0xb9]J[0xd6]P~[0xe4]k[0xc2][0xfd]Z[0x16]C[0xcd][0x86]M[0xf9]C&[0xc9]D][0xeb][0x10][0xd3][0xae][0xe]![0x8c][0xcc]Y[0xb4]%[0x1b][0xaa][0x95][0xa0]u[0xb6][0xe1][0xbb][0xa3][0xc1]:R[0xb8][0xae][0xc9][0x8]3[0xe4][0x8a]V[0xcc][0x96][0xdd][0xe4][0x84][0xe9][0xb9][0xc4]$_bn[0x8f][0x14][0xcb]t[0xd3][0xf1]N[0x91]dS-[0xd1]C[0x97][0x1][0xb6]U[0xe2][0x9b][0x94][0xdb][0x9c][0xb0][0xba][0x4][0xbd]><[0xf2][0xca][0xfb](t[0xee][0x1c][0xb2]rZh[0x89][0xa1]M0[\r][0xbd]2[0x8e]7`[0xec][0x1b] k[0x19][0xbc]=[0xaa]|p[p[0xb7][0xe5]@[0x13][0x8e][0xc5][0xc9][0xe8]X[0xc9]=$[0xbf][0xd4][0xb5][0xbf]t[0xdd]/[0x88][0xa7]Yx[0x80] [0xd7][0xf5][0xae][0x1c]2[0xc6][0xd8][0xed]4[0xbb][0xa8]`9[0xc8][0xc][0xff][0x87] [\n]"
16:42:23.754 [Test worker] DEBUG org.apache.http.wire - http-outgoing-0 << ">[0x1c][0xc3]~[0xa7]3B[0x1]u:[0x1d][0xa3]h B[0x99][0xce]&[0xbf][0xd1]<[0x85][0x2][0xf5][0x9][0x1e]N[0x99][0xe][0xf2]Q[0x16]D[0xcd]e!"[0x12]q[0x85][0xf5][0x5][0xd1]sF[0x9c]&|[0xd7][0xd2][0x80][0xef]H[0xa9]j[0x90]A[0x11][0x1b][0x86][0x8][0x87]B [0x3]<[0x96]2[0x8f]zV7`O[0xa3][0x1d][0x1d]K][0xb7][0xb3]!]]>&#x7f;<![CDATA[[0xd0]4PU[0xbd]<8[0xf3]Z[0xd5][0xc0][0xee]*[0xe5][0xa6][0xca]oH^[0x9b] [0xef][0x4][0xc][0x86]U[0x3][0xe4][0x5][0xb4]Y[0xce][0xd2][0x90][0xa9]o[0x86]Y[0xfa]mp}E[0x92]6[0x81][0x97]^[0xf7][0xdc][0xe][0xfc][0x1][0x9c]el[\n]"
16:42:23.754 [Test worker] DEBUG org.apache.http.wire - http-outgoing-0 << "[0xf8][0x16][0xde]2[0xe6][0xe2][[0x90][0xce]8[0x18][0xd9][0x15]k![0xfa][0xec][0xe2][0x15]yg:[0x1b][0xf0][0x8c]|[[0x8a][0x9][0x14]B[0xd1][0xeb][0xf][0x86]x[0xf0][0x2].[0x5][0xbe][0xd6][0x15][0x15][0xc][0x0][0xec][0xc5][0x16][0xf9]F1j[0xff]Q[0x92][0xe3][0x17][0x19][0xde]h[0xf9][0xd0][0xed][0xb5][0xdc]E3[0xa3][0xed]Xo[0xb2]a[0x19][0xf6]os)[0x8e]avj[0x19]:[[0x14],y4c[0xda][0x87]2[0x9f][0x94][0x9f]@[0x89][0x84][0xc8]&[\n]"
16:42:23.754 [Test worker] DEBUG org.apache.http.wire - http-outgoing-0 << "v[0x83][0x96]rFy[0xf6][0xd4]j[0xf9][0xe6][0xb8][0xcf][0xda][0xe0][0xfc]hm[0x81][0xb9][\n]"
16:42:23.754 [Test worker] DEBUG org.apache.http.wire - http-outgoing-0 << "![0x2][0x83]Zi[0xa7][0x9d][0x1d][0xb5][0x99]9[0x10][0x81]i/#[0xae][0x9d][0x8a][0xa3][0x85][0xcd][0x8f][0x9a][0x16][0xb6][0x89][0x8e]he[0x91][0xb8]9[0x86][0x81][\r]O[0x8]J[0x3],[0xf1]h[0xcc][0xd3][0xe6][0xa4][0xa1].[0x6][0xec][0x8c][0xce][0xc8][0xf4][0xb7]&[0x11];5[0x0][0xf3][0x7][[0x89][0xca]&[0x10][0x11][0xe1]u[0x90]k[0x83][0x3][0xe1][0x19]F[0x94]."[0x14]s&"[0xc5]tI~[0xc3]a[0xdb][0x88][0xe4]\v[fV5=[0xb2][0xa0] [0x90][0xb1]7<[0x18][0x1e][0x1c][0x1c][0xe][0x1f][0xbf]]dW[0xf1][0x9b][0xab][0xdf]]]>&#x7f;<![CDATA[[0xfd][0x10][0xaf]^[0x9e]~[0xd0][0xe7][0xef]?[\r]]]>&#x7f;<![CDATA[z[0xfe][0xcb][0xe3][0x8b]K[0xa8][0xa4][0xf][0xc3][0xc7]^]]>&#x7f;<![CDATA[b0[0xcf][0x1d][0x9]Q[0xa5][0xb2][0x0]t&[0xf3]UI\[0xe7]}Y[0xaf][0x9a]i}[0x1d]U[0xb][0xca][0xf1][0x96]/lM[0x82][0x8f][0x12][0xfc][0xdd]vjE[0xaf][0x1c][0x9f]e[0x0][0xeb][0xaa][0x8f][0x9][0xf9][0xde]ec[0xe4][0xbc][0xc8][0xc1][0x3]irQ[0xba][0xd8]m[0xb8][0xb5][0xcf][0xa5]l@[0xc4][0x3]Fs[0x80]V[0xae][0xf5]C[0xb][0xcc][0x9d][0xf6][0xbb]~[0xc7]n[0xd7][0x9e]V[0xf3][0x14][0xff][0x2][0xfd][0x87]C[0xf][0xdf]d[0x8][0x96][0xce][0xf4]|[0xec][\r][0xe][0x86]G[0x1e]q[0xc8][0x9a]+[0xcd][0x8d][0xbc][0xd8]/#~[0x86]B*[0xdb][0x3][0x13]v[0x11][0xff]]]>&#x7f;<![CDATA[E[0xf4]9^C[0x82][0xaf][0xdb][0x8f][0xf4]-[0xb0][0xdd][0xd2]w[0xf3][0xfe][0x10]#[0xee][0xc8][0x8b][0x97][0xe8][0x8b][0xc4][0x16][0xba]n#[0x8b][0xe1]:[0xdf]x[0x12]oC[0xb6]g[0x86][0xb7][0x90]prT9[0x91]\J[0xfd]Cu[0xa0][0x85][0xa7][0xb3][0xdb][0xc5][0xba][0x91][0x8a][0xb7][0x8c][\n]"
16:42:23.755 [Test worker] DEBUG org.apache.http.wire - http-outgoing-0 << "[0xf2]3li[0xd6] [0xe6][0xb7]![\r]%[0x80]@[0xfc][0xda][0x18]oDrx|[0xec]h[0xa9]W[0x95]X[0xdb]Sd[0xd8][0xeb]k5[0xf][0xc2][0x7]S[0x8a][0xbc]f[0xb][0xb6][0x8d][0xe7]w[0xf1]rw[0xd9][0xaa]<%&{[0xda][0x12][0xbe][0xda]Q[0xa3]o[0x2][0x8b]M6[0xcb][0x18]X[0xfe]n[0x8c]xZJ[0x81][0x91][0xdd][0xa5][0x9c]g0[0xe])z[0xcc][0xaf][0x1d][0xc2][[0xec][0xb2]q[0xb1][0xe6][0xa1]i[0xba]~W.w[0x9a][0x6]h[0xa5][0xaa][0x8a] [0xe1][0xf5]M[0xc5][0xa6][0xbb][0x1f]s[0x14]m[0xbe]r[0x88]pQ%[0xd9][0xf7]&[0xd2][0x99][0xcb][0x1c][0xfb]X[0xa4][0xa6][0xaa][0xfc]p[0xa9][0x13][0xd2]kJ[0x89][0xaa][0xa7]Y[0xc5]v[0xd7]~[0x9a][0x89]ZE[0xf7][0x86]A[0x9b][0xa2][\r][0xf]6[0xe][0xc6]`,x[0xd1]VW[0xb7]7[0x6][0xa1]pj[0x1c];[0xb6][0x87]6[0x17]4e[0xde]xR[0xa7][0x8d][0xed][0xc4]d[0x4]_[0x90][0x87](sYoj[0x96][0xb][0xa8]MQ0[0xc1][0x8a][0xb4][0x8e][0xa6][0xd5][0x93]~]]>&#x7f;<![CDATA[[0xb9]\[0xf6]\V[0xdb][0x93][0xf9][0xac]z{[0x2][0xd5][0x1f][0x1][0xfd][\n]"
16:42:23.755 [Test worker] DEBUG org.apache.http.wire - http-outgoing-0 << "[0xaf][0x0]*Q2[0xd6]K[0x9a]3[0x93][0x85][0xbb][0xcb]X[0xcc]m]U4[\n]"
16:42:23.755 [Test worker] DEBUG org.apache.http.wire - http-outgoing-0 << "r[0xdc][0xf][0xf3][0xb8][0xc9][0xb9][0xcc]V[0xf6][0x8c][0xfe]a[0x8][0x9f]O[0x9][0xa4][0x1d][0x7][0xc4]'[0x98]]]>&#x7f;<![CDATA[[0xd4][0x97][0xb9][0xef][0x18]M`[0xbd]Y[0x81][0xab][0xab][0xc5][0x90][0xb7][0x82][0x15]T[0x88][0xa2][[0xd2][0xf2][0xc9][0x92][0x5][0x9]U[0xc0][0x95][0x1f][0xd8]5[0xc5]Z[0xb4][0x7]%i[0x85][0xac][[0x85][0x95]X5[0x93],8%[0xcc][0xb8][0xcb][0xde][0x86][\n]"
16:42:23.755 [Test worker] DEBUG org.apache.http.wire - http-outgoing-0 << "[0x1f]/[0xa1][0x8]p[0x14][0xfa](T,M\[0xf0]H[0xa7]b[0xe2][0x6][0x85][0xb8]![0x81]5[0x11]5,[0xc0]F[0x14]+[0x0]?X[0xf9]U[0x5][0x81]'[0xe0]^[0xe3][0x0]k[0xa7]@,[0xe7][0xc8]s[0x90][0xcb];[0x94][0xb][0xcb][0x9f][0x10][0xc8]zs[0xc6][0x8]M#[0x82][0xaf][0x89]@NE[0x1e][0x1a][0x16][0x90][0x80]b2[0xd9][0x96][0xe2][\n]"
16:42:23.755 [Test worker] DEBUG org.apache.http.wire - http-outgoing-0 << "[0xd8][0x92][0xf4][0xb0][0x1e]Of[[0x9e][0x85][0x94][0xef][0xb2]l[0xf7][0x14][0x91][0xec]e[0xa0]V[0xc4][0xbe]D[0xc5]`[0xe6][0x91]9C[0xd2][0xc0][0x1][0x83][0xc3][0xa5][0x2]>[0x1a][\n]"
16:42:23.755 [Test worker] DEBUG org.apache.http.wire - http-outgoing-0 << "[0xb6]?,[0x8d][0xcb][0xa6]7[0xc]s[0xe3]O[0xf3][0xda][0xd8][0xb7]7]]>&#x7f;<![CDATA[[0xbe][0xbd]y./[0x8e][0xcd][0xf]O[0x17],W[0xc][0xeb][0xf6]L[0xd0][0xf2]v[0xb7][0xb5][0xa2][0xbe]7k[0x9e][0x12][0xde]v&[0x6][0xbb][0x98][0xf7][0x12]x[0xa3][0xbf][0xed]Z[0xd6][0xb9][0xdb]o|[0xa6][0xb3][0xe9][0xf9][0xe7][0x9e]^[0x0]%2[0xc1]w[0xcd]K[0xae][0xe7][0xbe][0x9][0xea]L[0x95][0xa3][0xfb][0xdc][0xe5]N[0xaf]/[0xf7][0xb4][0x17][0xce][0xa7]XV[0xf6][0xca][0xf7]X[0x83][0xde][0xe1]~[0xa9]1W[0x19][0x83]}[0xbf][0xc5]r/D[0xd7][0x1f]caQj[0x1e]e[0x99]'[0xea][0xff][0x3][0xec]>~[0xd9][0xba].[0x0][0x0]"
16:42:23.756 [Test worker] DEBUG org.apache.http.headers - http-outgoing-0 << HTTP/1.1 200 OK
16:42:23.756 [Test worker] DEBUG org.apache.http.headers - http-outgoing-0 << Date: Sun, 29 Mar 2020 13:42:23 GMT
16:42:23.756 [Test worker] DEBUG org.apache.http.headers - http-outgoing-0 << Server: Apache/2.4.41 (Win64) OpenSSL/1.1.1c PHP/7.4.2
16:42:23.756 [Test worker] DEBUG org.apache.http.headers - http-outgoing-0 << X-Powered-By: PHP/7.4.2
16:42:23.756 [Test worker] DEBUG org.apache.http.headers - http-outgoing-0 << Cache-Control: no-store, no-cache, must-revalidate
16:42:23.756 [Test worker] DEBUG org.apache.http.headers - http-outgoing-0 << Last-Modified: Sun, 29 Mar 2020 13:42:23 GMT
16:42:23.756 [Test worker] DEBUG org.apache.http.headers - http-outgoing-0 << X-Content-Type-Options: nosniff
16:42:23.756 [Test worker] DEBUG org.apache.http.headers - http-outgoing-0 << Expires: Sun, 29 Mar 2020 13:42:23 GMT
16:42:23.756 [Test worker] DEBUG org.apache.http.headers - http-outgoing-0 << X-Frame-Options: DENY
16:42:23.756 [Test worker] DEBUG org.apache.http.headers - http-outgoing-0 << Content-Security-Policy: default-src 'self'; frame-ancestors 'none'; style-src 'self' 'unsafe-inline'; script-src 'self'; img-src 'self' 'self' data:
16:42:23.756 [Test worker] DEBUG org.apache.http.headers - http-outgoing-0 << Content-Encoding: gzip
16:42:23.756 [Test worker] DEBUG org.apache.http.headers - http-outgoing-0 << Vary: Accept-Encoding
16:42:23.757 [Test worker] DEBUG org.apache.http.headers - http-outgoing-0 << Content-Length: 3225
16:42:23.757 [Test worker] DEBUG org.apache.http.headers - http-outgoing-0 << Keep-Alive: timeout=5, max=98
16:42:23.757 [Test worker] DEBUG org.apache.http.headers - http-outgoing-0 << Connection: Keep-Alive
16:42:23.757 [Test worker] DEBUG org.apache.http.headers - http-outgoing-0 << Content-Type: text/html; charset=UTF-8
16:42:23.757 [Test worker] DEBUG org.apache.http.impl.execchain.MainClientExec - Connection can be kept alive for 5000 MILLISECONDS
16:42:23.758 [Test worker] DEBUG org.apache.http.impl.conn.PoolingHttpClientConnectionManager - Connection [id: 0][route: {}->http://localhost:80] can be kept alive for 5.0 seconds
16:42:23.759 [Test worker] DEBUG org.apache.http.impl.conn.DefaultManagedHttpClientConnection - http-outgoing-0: set socket timeout to 0
16:42:23.759 [Test worker] DEBUG org.apache.http.impl.conn.PoolingHttpClientConnectionManager - Connection released: [id: 0][route: {}->http://localhost:80][total available: 1; route allocated: 1 of 2; total allocated: 1 of 20]
16:42:23.762 [Test worker] DEBUG org.apache.http.client.protocol.RequestAddCookies - CookieSpec selected: default
16:42:23.763 [Test worker] DEBUG org.apache.http.client.protocol.RequestAddCookies - Cookie [version: 0][name: MANTIS_STRING_COOKIE][value: 8c3cb9619f2da5fbcdead2d3a83a7d2dd522aa8a0aeed1a9a52c0fb4445f66dd][domain: localhost][path: /][expiry: null] match [localhost:80/mantisbt-2.24.0/index.php]
16:42:23.763 [Test worker] DEBUG org.apache.http.client.protocol.RequestAddCookies - Cookie [version: 0][name: MANTIS_secure_session][value: 1][domain: localhost][path: /][expiry: null] match [localhost:80/mantisbt-2.24.0/index.php]
16:42:23.763 [Test worker] DEBUG org.apache.http.client.protocol.RequestAddCookies - Cookie [version: 0][name: PHPSESSID][value: 3brcq64ecgn7bl8r52qlhs531e][domain: localhost][path: /][expiry: null] match [localhost:80/mantisbt-2.24.0/index.php]
16:42:23.763 [Test worker] DEBUG org.apache.http.client.protocol.RequestAuthCache - Auth cache not set in the context
16:42:23.763 [Test worker] DEBUG org.apache.http.impl.conn.PoolingHttpClientConnectionManager - Connection request: [route: {}->http://localhost:80][total available: 1; route allocated: 1 of 2; total allocated: 1 of 20]
16:42:23.763 [Test worker] DEBUG org.apache.http.impl.conn.PoolingHttpClientConnectionManager - Connection leased: [id: 0][route: {}->http://localhost:80][total available: 0; route allocated: 1 of 2; total allocated: 1 of 20]
16:42:23.764 [Test worker] DEBUG org.apache.http.impl.conn.DefaultManagedHttpClientConnection - http-outgoing-0: set socket timeout to 0
16:42:23.764 [Test worker] DEBUG org.apache.http.impl.execchain.MainClientExec - Executing request GET /mantisbt-2.24.0/index.php HTTP/1.1
16:42:23.764 [Test worker] DEBUG org.apache.http.impl.execchain.MainClientExec - Target auth state: UNCHALLENGED
16:42:23.764 [Test worker] DEBUG org.apache.http.impl.execchain.MainClientExec - Proxy auth state: UNCHALLENGED
16:42:23.764 [Test worker] DEBUG org.apache.http.headers - http-outgoing-0 >> GET /mantisbt-2.24.0/index.php HTTP/1.1
16:42:23.764 [Test worker] DEBUG org.apache.http.headers - http-outgoing-0 >> Host: localhost
16:42:23.764 [Test worker] DEBUG org.apache.http.headers - http-outgoing-0 >> Connection: Keep-Alive
16:42:23.764 [Test worker] DEBUG org.apache.http.headers - http-outgoing-0 >> User-Agent: Apache-HttpClient/4.5.11 (Java/1.8.0_241)
16:42:23.764 [Test worker] DEBUG org.apache.http.headers - http-outgoing-0 >> Cookie: MANTIS_STRING_COOKIE=8c3cb9619f2da5fbcdead2d3a83a7d2dd522aa8a0aeed1a9a52c0fb4445f66dd; MANTIS_secure_session=1; PHPSESSID=3brcq64ecgn7bl8r52qlhs531e
16:42:23.764 [Test worker] DEBUG org.apache.http.headers - http-outgoing-0 >> Accept-Encoding: gzip,deflate
16:42:23.764 [Test worker] DEBUG org.apache.http.wire - http-outgoing-0 >> "GET /mantisbt-2.24.0/index.php HTTP/1.1[\r][\n]"
16:42:23.764 [Test worker] DEBUG org.apache.http.wire - http-outgoing-0 >> "Host: localhost[\r][\n]"
16:42:23.765 [Test worker] DEBUG org.apache.http.wire - http-outgoing-0 >> "Connection: Keep-Alive[\r][\n]"
16:42:23.765 [Test worker] DEBUG org.apache.http.wire - http-outgoing-0 >> "User-Agent: Apache-HttpClient/4.5.11 (Java/1.8.0_241)[\r][\n]"
16:42:23.765 [Test worker] DEBUG org.apache.http.wire - http-outgoing-0 >> "Cookie: MANTIS_STRING_COOKIE=8c3cb9619f2da5fbcdead2d3a83a7d2dd522aa8a0aeed1a9a52c0fb4445f66dd; MANTIS_secure_session=1; PHPSESSID=3brcq64ecgn7bl8r52qlhs531e[\r][\n]"
16:42:23.765 [Test worker] DEBUG org.apache.http.wire - http-outgoing-0 >> "Accept-Encoding: gzip,deflate[\r][\n]"
16:42:23.765 [Test worker] DEBUG org.apache.http.wire - http-outgoing-0 >> "[\r][\n]"
16:42:23.859 [Test worker] DEBUG org.apache.http.wire - http-outgoing-0 << "HTTP/1.1 302 Found[\r][\n]"
16:42:23.859 [Test worker] DEBUG org.apache.http.wire - http-outgoing-0 << "Date: Sun, 29 Mar 2020 13:42:23 GMT[\r][\n]"
16:42:23.859 [Test worker] DEBUG org.apache.http.wire - http-outgoing-0 << "Server: Apache/2.4.41 (Win64) OpenSSL/1.1.1c PHP/7.4.2[\r][\n]"
16:42:23.859 [Test worker] DEBUG org.apache.http.wire - http-outgoing-0 << "X-Powered-By: PHP/7.4.2[\r][\n]"
16:42:23.859 [Test worker] DEBUG org.apache.http.wire - http-outgoing-0 << "Cache-Control: no-store, no-cache, must-revalidate[\r][\n]"
16:42:23.859 [Test worker] DEBUG org.apache.http.wire - http-outgoing-0 << "Last-Modified: Sun, 29 Mar 2020 13:42:23 GMT[\r][\n]"
16:42:23.859 [Test worker] DEBUG org.apache.http.wire - http-outgoing-0 << "X-Content-Type-Options: nosniff[\r][\n]"
16:42:23.859 [Test worker] DEBUG org.apache.http.wire - http-outgoing-0 << "Expires: Sun, 29 Mar 2020 13:42:23 GMT[\r][\n]"
16:42:23.859 [Test worker] DEBUG org.apache.http.wire - http-outgoing-0 << "X-Frame-Options: DENY[\r][\n]"
16:42:23.859 [Test worker] DEBUG org.apache.http.wire - http-outgoing-0 << "Content-Security-Policy: default-src 'self'; frame-ancestors 'none'; style-src 'self' 'unsafe-inline'; script-src 'self'; img-src 'self' 'self' data:[\r][\n]"
16:42:23.859 [Test worker] DEBUG org.apache.http.wire - http-outgoing-0 << "Location: http://localhost/mantisbt-2.24.0/my_view_page.php[\r][\n]"
16:42:23.860 [Test worker] DEBUG org.apache.http.wire - http-outgoing-0 << "Content-Encoding: gzip[\r][\n]"
16:42:23.860 [Test worker] DEBUG org.apache.http.wire - http-outgoing-0 << "Vary: Accept-Encoding[\r][\n]"
16:42:23.860 [Test worker] DEBUG org.apache.http.wire - http-outgoing-0 << "Content-Length: 20[\r][\n]"
16:42:23.860 [Test worker] DEBUG org.apache.http.wire - http-outgoing-0 << "Keep-Alive: timeout=5, max=97[\r][\n]"
16:42:23.860 [Test worker] DEBUG org.apache.http.wire - http-outgoing-0 << "Connection: Keep-Alive[\r][\n]"
16:42:23.860 [Test worker] DEBUG org.apache.http.wire - http-outgoing-0 << "Content-Type: text/html; charset=utf-8[\r][\n]"
16:42:23.860 [Test worker] DEBUG org.apache.http.wire - http-outgoing-0 << "[\r][\n]"
16:42:23.860 [Test worker] DEBUG org.apache.http.wire - http-outgoing-0 << "[0x1f][0x8b][0x8][0x0][0x0][0x0][0x0][0x0][0x0][\n]"
16:42:23.860 [Test worker] DEBUG org.apache.http.wire - http-outgoing-0 << "[0x3][0x0][0x0][0x0][0x0][0x0][0x0][0x0][0x0][0x0]"
16:42:23.860 [Test worker] DEBUG org.apache.http.headers - http-outgoing-0 << HTTP/1.1 302 Found
16:42:23.860 [Test worker] DEBUG org.apache.http.headers - http-outgoing-0 << Date: Sun, 29 Mar 2020 13:42:23 GMT
16:42:23.860 [Test worker] DEBUG org.apache.http.headers - http-outgoing-0 << Server: Apache/2.4.41 (Win64) OpenSSL/1.1.1c PHP/7.4.2
16:42:23.860 [Test worker] DEBUG org.apache.http.headers - http-outgoing-0 << X-Powered-By: PHP/7.4.2
16:42:23.860 [Test worker] DEBUG org.apache.http.headers - http-outgoing-0 << Cache-Control: no-store, no-cache, must-revalidate
16:42:23.860 [Test worker] DEBUG org.apache.http.headers - http-outgoing-0 << Last-Modified: Sun, 29 Mar 2020 13:42:23 GMT
16:42:23.860 [Test worker] DEBUG org.apache.http.headers - http-outgoing-0 << X-Content-Type-Options: nosniff
16:42:23.860 [Test worker] DEBUG org.apache.http.headers - http-outgoing-0 << Expires: Sun, 29 Mar 2020 13:42:23 GMT
16:42:23.860 [Test worker] DEBUG org.apache.http.headers - http-outgoing-0 << X-Frame-Options: DENY
16:42:23.861 [Test worker] DEBUG org.apache.http.headers - http-outgoing-0 << Content-Security-Policy: default-src 'self'; frame-ancestors 'none'; style-src 'self' 'unsafe-inline'; script-src 'self'; img-src 'self' 'self' data:
16:42:23.861 [Test worker] DEBUG org.apache.http.headers - http-outgoing-0 << Location: http://localhost/mantisbt-2.24.0/my_view_page.php
16:42:23.861 [Test worker] DEBUG org.apache.http.headers - http-outgoing-0 << Content-Encoding: gzip
16:42:23.861 [Test worker] DEBUG org.apache.http.headers - http-outgoing-0 << Vary: Accept-Encoding
16:42:23.861 [Test worker] DEBUG org.apache.http.headers - http-outgoing-0 << Content-Length: 20
16:42:23.861 [Test worker] DEBUG org.apache.http.headers - http-outgoing-0 << Keep-Alive: timeout=5, max=97
16:42:23.861 [Test worker] DEBUG org.apache.http.headers - http-outgoing-0 << Connection: Keep-Alive
16:42:23.861 [Test worker] DEBUG org.apache.http.headers - http-outgoing-0 << Content-Type: text/html; charset=utf-8
16:42:23.861 [Test worker] DEBUG org.apache.http.impl.execchain.MainClientExec - Connection can be kept alive for 5000 MILLISECONDS
16:42:23.861 [Test worker] DEBUG org.apache.http.impl.client.LaxRedirectStrategy - Redirect requested to location 'http://localhost/mantisbt-2.24.0/my_view_page.php'
16:42:23.862 [Test worker] DEBUG org.apache.http.impl.execchain.RedirectExec - Resetting target auth state
16:42:23.862 [Test worker] DEBUG org.apache.http.impl.execchain.RedirectExec - Redirecting to 'http://localhost/mantisbt-2.24.0/my_view_page.php' via {}->http://localhost:80
16:42:23.862 [Test worker] DEBUG org.apache.http.impl.conn.PoolingHttpClientConnectionManager - Connection [id: 0][route: {}->http://localhost:80] can be kept alive for 5.0 seconds
16:42:23.862 [Test worker] DEBUG org.apache.http.impl.conn.DefaultManagedHttpClientConnection - http-outgoing-0: set socket timeout to 0
16:42:23.862 [Test worker] DEBUG org.apache.http.impl.conn.PoolingHttpClientConnectionManager - Connection released: [id: 0][route: {}->http://localhost:80][total available: 1; route allocated: 1 of 2; total allocated: 1 of 20]
16:42:23.862 [Test worker] DEBUG org.apache.http.client.protocol.RequestAddCookies - CookieSpec selected: default
16:42:23.862 [Test worker] DEBUG org.apache.http.client.protocol.RequestAddCookies - Cookie [version: 0][name: MANTIS_STRING_COOKIE][value: 8c3cb9619f2da5fbcdead2d3a83a7d2dd522aa8a0aeed1a9a52c0fb4445f66dd][domain: localhost][path: /][expiry: null] match [localhost:80/mantisbt-2.24.0/my_view_page.php]
16:42:23.862 [Test worker] DEBUG org.apache.http.client.protocol.RequestAddCookies - Cookie [version: 0][name: MANTIS_secure_session][value: 1][domain: localhost][path: /][expiry: null] match [localhost:80/mantisbt-2.24.0/my_view_page.php]
16:42:23.862 [Test worker] DEBUG org.apache.http.client.protocol.RequestAddCookies - Cookie [version: 0][name: PHPSESSID][value: 3brcq64ecgn7bl8r52qlhs531e][domain: localhost][path: /][expiry: null] match [localhost:80/mantisbt-2.24.0/my_view_page.php]
16:42:23.863 [Test worker] DEBUG org.apache.http.client.protocol.RequestAuthCache - Auth cache not set in the context
16:42:23.863 [Test worker] DEBUG org.apache.http.impl.conn.PoolingHttpClientConnectionManager - Connection request: [route: {}->http://localhost:80][total available: 1; route allocated: 1 of 2; total allocated: 1 of 20]
16:42:23.863 [Test worker] DEBUG org.apache.http.impl.conn.PoolingHttpClientConnectionManager - Connection leased: [id: 0][route: {}->http://localhost:80][total available: 0; route allocated: 1 of 2; total allocated: 1 of 20]
16:42:23.863 [Test worker] DEBUG org.apache.http.impl.conn.DefaultManagedHttpClientConnection - http-outgoing-0: set socket timeout to 0
16:42:23.863 [Test worker] DEBUG org.apache.http.impl.execchain.MainClientExec - Executing request GET /mantisbt-2.24.0/my_view_page.php HTTP/1.1
16:42:23.863 [Test worker] DEBUG org.apache.http.impl.execchain.MainClientExec - Target auth state: UNCHALLENGED
16:42:23.863 [Test worker] DEBUG org.apache.http.impl.execchain.MainClientExec - Proxy auth state: UNCHALLENGED
16:42:23.863 [Test worker] DEBUG org.apache.http.headers - http-outgoing-0 >> GET /mantisbt-2.24.0/my_view_page.php HTTP/1.1
16:42:23.863 [Test worker] DEBUG org.apache.http.headers - http-outgoing-0 >> Host: localhost
16:42:23.863 [Test worker] DEBUG org.apache.http.headers - http-outgoing-0 >> Connection: Keep-Alive
16:42:23.863 [Test worker] DEBUG org.apache.http.headers - http-outgoing-0 >> User-Agent: Apache-HttpClient/4.5.11 (Java/1.8.0_241)
16:42:23.863 [Test worker] DEBUG org.apache.http.headers - http-outgoing-0 >> Cookie: MANTIS_STRING_COOKIE=8c3cb9619f2da5fbcdead2d3a83a7d2dd522aa8a0aeed1a9a52c0fb4445f66dd; MANTIS_secure_session=1; PHPSESSID=3brcq64ecgn7bl8r52qlhs531e
16:42:23.863 [Test worker] DEBUG org.apache.http.headers - http-outgoing-0 >> Accept-Encoding: gzip,deflate
16:42:23.863 [Test worker] DEBUG org.apache.http.wire - http-outgoing-0 >> "GET /mantisbt-2.24.0/my_view_page.php HTTP/1.1[\r][\n]"
16:42:23.864 [Test worker] DEBUG org.apache.http.wire - http-outgoing-0 >> "Host: localhost[\r][\n]"
16:42:23.864 [Test worker] DEBUG org.apache.http.wire - http-outgoing-0 >> "Connection: Keep-Alive[\r][\n]"
16:42:23.864 [Test worker] DEBUG org.apache.http.wire - http-outgoing-0 >> "User-Agent: Apache-HttpClient/4.5.11 (Java/1.8.0_241)[\r][\n]"
16:42:23.864 [Test worker] DEBUG org.apache.http.wire - http-outgoing-0 >> "Cookie: MANTIS_STRING_COOKIE=8c3cb9619f2da5fbcdead2d3a83a7d2dd522aa8a0aeed1a9a52c0fb4445f66dd; MANTIS_secure_session=1; PHPSESSID=3brcq64ecgn7bl8r52qlhs531e[\r][\n]"
16:42:23.864 [Test worker] DEBUG org.apache.http.wire - http-outgoing-0 >> "Accept-Encoding: gzip,deflate[\r][\n]"
16:42:23.864 [Test worker] DEBUG org.apache.http.wire - http-outgoing-0 >> "[\r][\n]"
16:42:23.987 [Test worker] DEBUG org.apache.http.wire - http-outgoing-0 << "HTTP/1.1 200 OK[\r][\n]"
16:42:23.987 [Test worker] DEBUG org.apache.http.wire - http-outgoing-0 << "Date: Sun, 29 Mar 2020 13:42:23 GMT[\r][\n]"
16:42:23.988 [Test worker] DEBUG org.apache.http.wire - http-outgoing-0 << "Server: Apache/2.4.41 (Win64) OpenSSL/1.1.1c PHP/7.4.2[\r][\n]"
16:42:23.988 [Test worker] DEBUG org.apache.http.wire - http-outgoing-0 << "X-Powered-By: PHP/7.4.2[\r][\n]"
16:42:23.988 [Test worker] DEBUG org.apache.http.wire - http-outgoing-0 << "Cache-Control: no-store, no-cache, must-revalidate[\r][\n]"
16:42:23.988 [Test worker] DEBUG org.apache.http.wire - http-outgoing-0 << "Last-Modified: Sun, 29 Mar 2020 13:42:23 GMT[\r][\n]"
16:42:23.988 [Test worker] DEBUG org.apache.http.wire - http-outgoing-0 << "X-Content-Type-Options: nosniff[\r][\n]"
16:42:23.988 [Test worker] DEBUG org.apache.http.wire - http-outgoing-0 << "Expires: Sun, 29 Mar 2020 13:42:23 GMT[\r][\n]"
16:42:23.988 [Test worker] DEBUG org.apache.http.wire - http-outgoing-0 << "X-Frame-Options: DENY[\r][\n]"
16:42:23.988 [Test worker] DEBUG org.apache.http.wire - http-outgoing-0 << "Content-Security-Policy: default-src 'self'; frame-ancestors 'none'; style-src 'self' 'unsafe-inline'; script-src 'self'; img-src 'self' 'self' data:[\r][\n]"
16:42:23.988 [Test worker] DEBUG org.apache.http.wire - http-outgoing-0 << "Content-Encoding: gzip[\r][\n]"
16:42:23.988 [Test worker] DEBUG org.apache.http.wire - http-outgoing-0 << "Vary: Accept-Encoding[\r][\n]"
16:42:23.988 [Test worker] DEBUG org.apache.http.wire - http-outgoing-0 << "Content-Length: 3021[\r][\n]"
16:42:23.988 [Test worker] DEBUG org.apache.http.wire - http-outgoing-0 << "Keep-Alive: timeout=5, max=96[\r][\n]"
16:42:23.988 [Test worker] DEBUG org.apache.http.wire - http-outgoing-0 << "Connection: Keep-Alive[\r][\n]"
16:42:23.988 [Test worker] DEBUG org.apache.http.wire - http-outgoing-0 << "Content-Type: text/html; charset=UTF-8[\r][\n]"
16:42:23.988 [Test worker] DEBUG org.apache.http.wire - http-outgoing-0 << "[\r][\n]"
16:42:23.988 [Test worker] DEBUG org.apache.http.wire - http-outgoing-0 << "[0x1f][0x8b][0x8][0x0][0x0][0x0][0x0][0x0][0x0][\n]"
16:42:23.989 [Test worker] DEBUG org.apache.http.wire - http-outgoing-0 << "[0xed][0x1b]i[0x93][0xdb][0xb6][0xf5][0xf3]j[0xa6][0xff][0x1][0xa5]g2=L]{[0xda][0x96][0xd4]:v[0xda]8[0xb5][0x1b][0xd7][0xeb]\[0xed]t4 [0x9][0x8a][0xb0]A[0x82][0x6]@i[0x95]N[0xff]{[0xdf][0x3]x[0xea]X[0xad]Sm[0xf2]![0x9e][0xb1][0x96][0xc4][0xf5][0xf0][0xee][0xf7][0xf0][0x8]O~[0xfb][0xfc][0xeb]go]]>&#x7f;<![CDATA[x[0xfd][0x5]IL*f[0xbd]I[0xf5]`4[0x9a][0xf5]N&)3[0x14][0x86]L[0xee][0xb3][0xf][0x5]_N[0xbd]g23,3[0xbe]Y[0xe7][0xcc]#[0xa1]kM=[0xc3]n[0xcc][0x0][0xd7]>!aB[0x95]ffZ[0x98][0xd8][0xbf][0xf2][0xc8][0xa0][0x6][0x93][0xd1][0x94]M=%[0x3]itki&y[0x16][0xb1][0x9b][0x87][0xb1][0x14]B[0xae][0xca][0x5][0x86][0x1b][0xc1]f[0xaf][0xd6][0xe4][[0xce]V[0xc4]'[0xaf]hf[0xb8][0xfe][0xfc][0xed]d[0xe0]Fzm[0x90]K[0x98][0x93]KeZ@W<2[0xc9]4bK[0x1e]2[0xdf]6[0x1e][0x12][0x9e]q[0xc3][0xa9][0xf0]uH[0x5][0x9b][0x8e][0xfa][0xc3][0x87]$[0xa5]7<-[0xd2]vW[0xa1][0x99][0xb2]m[0x1a]@[0xd7][0xb0][0xc4]G[0xf0][0xec]=QLL=m[0xd6][0x82][0xe9][0x84]1[0xd8][0xe][0x99]P[0xd2][0x1e]j[0xa0])Q,[0x9e]z[0xc8][0xae][0xc7][0x83][0x81][0x90][0x0]$[0x91][0xda][0xc]R[0x8b]|`[0xfc]q]]>&#x7f;<![CDATA[|[0xd6][0x1f][0xe2][0xdc]A[0xc4]bZ[0x8][0xd3][0xb7][0xeb][0xee]g[0xb]m[0xa8])[0xf4][0x1c]x[0x12][0xf3]E?O[0xf2]?[0x85]4L[0xd8][0xfc]=[O[0x83][0xab]h|[0x19]>[0xa2][0x97][0xf1][0xe9]E|[0xfe][0x88][0x9e][0xb3][0xab][0xd3]`|[0x15][0x4][0xc1][0xe5]E[0x1c]\[0xd2]{#[[0xc9][0xfc]G[0x99]1[0xff][0xbc]]]>&#x7f;<![CDATA[[0xde][0x1f][0xf6]S[0x9e][0xdd]'[0x7][0x2][0x9][0xaa]f[0x14][0xcd][0xfd][0xd3][0xfe]Y]]>&#x7f;<![CDATA[t[0xdf][0xdb][0xc5][0xa0]}>]1-S[0xe6][0x9f][0xf5]/[0xfa][0xa7]?[0xc7][0x8e][0xfa][0xe7][0xe1]`D[\r]3<e9[0xf][0xdf][0x83][0x85][0x0];/[0xfb]g[0x97][0xf7]M [\r][0xd9][0xcf][0xb0][0x85][0xef][0xfa][0xef]{[0x17][0xfd][0x9e]g[0xba]CNw[0xa7][0x4]|XX[0x18][0xc2][0xc1]d+[0xe0][[0xc0]xJ[0x17][0xc]$O[0x97]8[0xad][0xf]]]>&#x7f;<![CDATA[*[0xbc][0xec][0xc8][0xe0][0xc6]w[0xcb]7[0xc9]`T[0x85]I5[0x95][0xe6][0xb9][0xe0]!5\f[0x3][0x99][0xb3][0xcc][0x8d]FL[0x87][0x8a][0xe7][0xd8][0xfb][0xc7][0x9b]T[0xc0]d[0xf4][0xb5]S[0xaf]r[0xbe][0x8f]I\[0x8][0xe1]#[0xfd][0xa4][0x82]wG[0x16][0x4]J[0xae][0xc0][0xb1][0xce][0xdd][0xb2]y.[0x8a][0x5][0xb0][0x1]}[0x92]E[0x8]Az[0xf7][0x82][0xb1][0x9b]G[0x82]5y[0xa1]u[0xc1][0xc8][0x8b][0xe8]X8[0xf3][0xc8]a[0xec]0h[0xeb][0xc6];[0xba][0xa4][0xae][0xd7]#Z[0x85];[0x84][0xd8][0xcc][0xf8][0x89][0xee]y6[0x19][0xb8][0xf5]G[0xc0][0x0][0xcc];[0xd3][0xc2][0xb2]Vo[0xe0][0x11]][0x9d][0x9f]][0xb2][0xe1][0x98][0x9e][0x9d]^=:[0xbd][0x88]"[0x16]^P[0x1a][0x4]4[0x86][0xfe][0xd1][0xc5][0xf8][0x8]x[0xe8][0xc1][0xbb][0xf][0x5]Sk[0xec][0x0]'[0x8d][0xd6][0xf1]N[0x1f][0x5][0xee][0x8e]Xs$[0xc8][0xa1]LS[0xb9][\r]m+Yz[0xc3]b[0x5][0xbe][0xa3][0x95][0x97][0x8c][0xae][0x86][0xc3]'[0xe4][0x9b]7/[0xa7][0x7][0xd5]/][0xcf]1[0xb1][0x99][0xe7]`[0xd5]V,[0xca]A[0x9b][0x1a]U0k[0xdf][0x93][0x81]K[0xd3]&[0x81][0x8c][0xd6]$[0x14]Tk0[0x1b]p2[0xfe][0xa9][0x7][0xbd][0xd6]s[0xcd]z]]>&#x7f;<![CDATA[ [0xff]!62[0xc5]4[0xe5]b[0xfd][0x98]x_[0x83][0xfd][0x90]k[0x10][0xba][0xf7][0x84][0xfc][0x97][0xf4][0x92][0xd1]C[0x92][0x8c][0xe1]w[\n]"
16:42:23.989 [Test worker] DEBUG org.apache.http.wire - http-outgoing-0 << "[0xbf]3[0xf8][0x9d][0x1f]Z[0x1]D;[0xd8][0x93][0x88]/[0x9][0x8f] [0x89][0xa3][0xcb][0x80]*[0xaf]B[0xc2]5[0x89]{[0xf8]e[0xae]S5CH[0xf4]h[0xae]Y[0xd5][0x8e][0xf9][\r][0x8b]|#s[0x92][0xc9]\[0xf1][0xcc][0x0]W[0xbb]p}[0xe4][0x1f][0xe5][0x19][0xdb][0xdc][0xa1]50[0x9b][0x4][0x85]12[0xb3][0xcb]R[0x96][0x15][0x0]q[0xb1][0x10][0xb8][0xc4][0x89][0xd7][\r]o[0x2]p[0x93]H{[0x1][0xc9][0xd1][0xcb][0x9][0x16][0x1b][0x92]pP[0xf9][0xcc][0x17][0x8b][0xea]-[0x5][0xf7][0x1][0x91][0x90][0xfa][0x86][0xaa][0x5]$[0xb9][0xde][0x3][0xcd]#[0x86][0xa4][0xcf]&:[0xa7]Y-[0x5][0xe5][0xcb]L[0xac][0xbd][0xd9][[0x7][0xbf][0x9c][0x5][0x8c][0x83]I[0xdd][0xa9][0xe8][0xae]}[0x7][0xe1][0x8][0xa3][0x3]G[0xa6][0xe3]`[0x97]TT[0x16][0xcb]([0xba]/[0xb6]l[0xaa][0xdc]&[0xb3][0x2][0xf0][0x14][0xd1]&[0xa5])[0x15][0xc0]4[0xff][0xf2][0xdc][0x9b][0xd5]i:[0xa9][0xd1][0xa1][0xb5]\[0xee] [0x85]n[0xab][0xd2][0x93][0xc8][0x9]D[0xf1]ERKD[0xa7][0x8d]D[0x1a])U[0xb2][0xb1][0xeb][0xa7]^[0x5]`Cd[0xfd][0x8a][0x1a][0x8b][0x8a]~X[0xb5]Q[0x7][0xe][0x88][0x11][0xf][0x7]VW*[0xfa]x5[0x13][0xe3];J[0x83][0xc4][0x14][0xfe][0xf9]v"<[0xc7]7d[0x95]p[0xc3]P@|F[0x1a][0xf1][0xc]@>[0xbb][0x84]T"E:2[0xdb][0xb2][0x9c][0x9a][0xb2][0xd9][0xa4][0x10]-[0x8][0x4][0xd1][0x80]'[0xf4][0x8b][0x1a][0xb5]-[0x96][0xdd]h[0xaf][0xb3]u`2]]>&#x7f;<![CDATA[[0xa1]d[0x91][0x13]|[0xb][0xa5][0xca][0xd0][0x8]h[0x14][0xf1]l[0xe1][0xd8][0xee]_[0xd5]m[0xb4][0xb]8[0xd7][0xa1][0x16]5[0xcb][0xed]B[0xb0][0xdd][0x94][0xaa][0xb5]}[0xd7]i[0x15]fA[0xc7]@[0x9b][0xe6][0xc8][0x90]y[0xa8][0x18]d[0x91][0x8d]z[0xb5][0xf8][0xd7][0xb0][0xcd][0x87]@[0xab]K~[0xbd][0xc8][0x96][0xc0]<[0xf2][\r]tk[0xab]K[0x8e]m[0x3][0xc1][0xdb][0x4].[0x14][{[0xd6][0xee][0xd1][0xe5]Gr[0x95][0xcd]s%[0xdf][0xb1][0xd0][0xe8][0xb9][0x13]j[0xf][0xb0][0xed][0xa8]F5[0xb1][0xc2][0xf2]A[0xad][0x91][0xd5]H9[0x15][0xd6]~[0xf6]`t1|[0xf2]T[0x8][0xf2][0xba][0x84][0xea]zzd[0xaf][0xf8]i[0x6]K}[0x4]C[0x2][0xbe]X[0x0]Q[0xa3][0xd1][0xd0][0xd1][0xd4]C:z(6D[0xb8][0xc2][0xd3][0x17]\[0x9b][0x1a][0x7]R#[0x81][0xe8]w[[0xa5][0x1d][0xd4]}k[0x86][0xc7][0xe6][0xa6][0x1d]R[0xc5]Z[0xc3][0xa1][0x90][0xa8]&[0xbd][0x9][0xb2][0xac]%[0xf3]zc[0x97][0xdd][0x4][0xf2][0x6][0xa5][0x91][0xe5][0x90]~V[0xba][0xef]2[0xa7]X[0xaa][0xd4][0xba]Y%[0x1]e[0x9c]`[0x9d]`.[0x80][0xe4]D[\n]"
16:42:23.989 [Test worker] DEBUG org.apache.http.wire - http-outgoing-0 << "[0xd0][0xce][0xa9]w][0xa6]j[0x83]=[0x2][0x82]>[0xee]\[0xf][0xe]l[0xe1][0x2][0x11][0x14][0xf5][0x19][0xce][0xdb][0x95][\r]6J[0x8d]|[0xd9]"6[0x93][0x90][0xb1]+[0xc8][0xc6]:zNC[0xc3][0x97][0xec]6[0xff][0xa6][0x99][0xa9]4[0xc3]F[0xd4][0xf2]}[0xe][0x92][0x0][0xe9][0xb4]%L[0x9c][0xb6][0x95][0xd8][0xee][0xa3]cP[0x88][0xe][0xc5][0xd8][0xee]m[0xad][0xb2][0xea]9[0xfb]?4[0xf0][0xa3][0xbd]L[0xdb][0x85]Y[0x93][0xe2]Y,[0xbd][0x19][0x8d] [0x7][0xe2]x[0x9c]3R[0x1d][0xf2]`[0x8d][\n]"
16:42:23.990 [Test worker] DEBUG org.apache.http.wire - http-outgoing-0 << ";[0xa8][0x96]![0x8d]\,[0xd8]m[0xed]<[0x86][0xae]Z[0xf5][0xd8]+C[0x1a][0x86][0xb2][0xc8][0xcc]N'[0xb2][0x83]=[0x1e]:][0xe0][0xc9][0xab]5y[0xea]V[0xd6][0x92][0xed][0xec]s0[0x1d][0xe3]x|[0xd0]s[0xa5]][0x8e][0x8c][0xb0]m[0xf5][0xa9][0xc3][0xd4][0xcf]h[0x9a]?[0xc1][0xc4][0xf9][0xe9][0xc5][0xe8][0xd9][0xeb]4>_[0x9e][0xb2]]]>&#x7f;<![CDATA[[0x8e][0x9f][0xff][0xf8][0xf2];[0xf1][0xd7][0xf][0xe9]%[0x17][0xe3]W[0xff][0xc8]V[0xf1][0x9b][0xcf]]]>&#x7f;<![CDATA[xv-[0xcf]^[0xfc]([0x96][0xcf][0xbf]]]>&#x7f;<![CDATA[[0xf4][0xb7][0xeb][0xbf][0xf3][0x1f][0xbe]:[0xff][0xf6][0xcd][0x97][0xaf][0xbf][0xb8][0x88][0xc2][0x17][0xf2][0xab][0xd5]w_[0xc6][0xdf][0x7][0xd7][0xfc][0xea]/O_[0x9a]w[0xa3]"[0xfa][0xf0][0xfc][0xc3][0x97]W[0xb7]P[\n]"
16:42:23.990 [Test worker] DEBUG org.apache.http.wire - http-outgoing-0 << "X[0xf9][0xfa]C[0x1][0xec]$[0x12]b[0xf4][0x82]Ud[0xbf][0xb9][0xbe]n[0xd3][0xbb][[0x91]og[0xb8][0x90][0xb]Y[0xdc][0x89][0xdf][0x9a]/2[0x1f][0xe6]V[0x9b][0xbf][0xb4]+[0x9b][0xfd][0x9d][0xb9]4o[0xce]pZ]]>&#x7f;<![CDATA[[>![0x85][0xac][0xae][0x9d][0xf6][0xd9][0xac][0xae][0xdb][0xd7]J?[0xab]$[0xac][0xf6]([0xae]][0xa5]].[0xc5][0x84]c[0xa5][0xce]![0xb6][0x82][0x93][0x80][0x0][0x9a][0xe6][0xe0]/[0xc8]V[0x0][0x85][0x9f][0xf3][0xc5][0xbb]<K[0xef]#R'[0x98]\[0xaf][0xb7][0xb6][0xd0]bTD5x\[0xaa][0xa2][0xd2]`{[0x1d][0x8b]u[0xb9]([0x9e][0x88][0xad][0xda][0xda][\n]"
16:42:23.990 [Test worker] DEBUG org.apache.http.wire - http-outgoing-0 << "hi[0xad]e[0xf0][0x8]j[0xc4][0x14][0x9c]Q[0x11]H[0xd0][0xf2];[0xb7][0xa1]iq[0x84][0x84]m[0x1e][0x14][0x8b][0xbb][0xe1][0x8a][0xcc][0xf0][0xa9]0[0x7]Q[0xb5]x[0xda]C[0xb6]>[0x1a][0xba]a[0x82][0xca][0xc][0x1a]x7\[0xc1][0x9b][0xac][0xb0]Ps[0x8][0xd5]g[0x16],[0xea][0xe7][0xd1]0U[0x12][0x1c][0x1][0xcd][0xef][0x88]'L>[0x88][0xe4][0x1b][0x7][0xf1]h[0x18][0xea]"[0xc5][0xf4][0xec]n[0x18][0xda]l3[0xa1][0xca][0xf8][0xf2] [0xa2][0xd7][0xe][0xf0][0xd1][0x10]-3F[0xb9]d[0xea][0xee]&[0xb5][0x80][0x14]D[0x1f]6'[0xb][0xfa]#0[0xb5][0x8e]j[0xc3][0xcb][0xf8][0x90][0xe0]nz[0x9a][0xea][0xcc]R5[[0x9]:wq[0x1f]q[0x1d][0xef][0x8d][0xb2][0x5]&?6Zz[0xcd][0xf4][0xd1][0xed][0xd3]1[0x13][0xf7]z''[0xb7][0xc7][0xef]fj[0x19][0xc6][0xf][0xf8][[0x86][0xe7][0xef][0xc6][0xb3][0x6][0x90][0xb2]G[0xa1]*[0xd2]@[0xd7]4[0xb7][0xfa][0x9a]#{[0xaf][0xe5]H[0x9b][0x9][0xd0]O[0x88][0x8d]/;2}[0x92]`[0xa1][0xdc][0xe2]\[0xe7]n(?[0xf2]1[0xd1]]]>&#x7f;<![CDATA[#[0xa9][0xa1]v[0xc3][0xb6][0xfc]![0xb1]d[0xa2]9[0xfa][0x10][0xdb][0xae]k[0x12]V[0xe6],[0xda][0x93][0x1c]5J[0xd0])u[0xf8]Um[0xb2][0x9][0x1c]U[0xd7]l[0x82][0x9]sM+&[0xcf][0xd5][0xe4][0x94][0x99]Db[0xce]/1[0xd5]G[0x8a]e[0xb6][0xab][0xbe]T[0xa4][0xf9][0xdc]H[0xf4][0xd0]e[0xbc][0xed][0x9c][0xf8]m[0x6]nK[0xbc]U[0xbe][0xde]T[0xaf][0xbc][0xf2][0x83][0x18]:w[0xe]I:-[0x8c][0xc4]H'[0x98][0x81]^[0x19][0xc7];0[0xf6]-[0x90][0x8d][0x84][0xde][0xd5]J[0x1f][0xdc][0x16][0xeb][0xdd][0xe9][0xa0][\r][0xc7][0xe1]du[0xac][0xe4][0x1e][0x92]_[0xea][0xda]oz[0xd5][0x13][0xc4][0xd3]>[0x87][0x80] 7[0xf5][0xae][0x1c][0xb2][0xc6][0xd8][0xe9][0x1][0xab][0x2][0x9][0xfa][0xa3]1[0x1e][0x80][0xe1][0x18][0xe2]_[0xc0][0x84]F2E[0x6][0xb3] [0x7][0x1]qV+V<[0x82]3[0xbf][0xf][0xc7][0x1b]R[0xbe][0xc2]J[0x9]&,[\n]"
16:42:23.990 [Test worker] DEBUG org.apache.http.wire - http-outgoing-0 << "6[0x86][0xe8][0xdf];i[0xc3]/[0xa7][0x94][0x87][0xee]N[0xcb][0xb7]u[0xe]\p2I[0xce]6[0x16][0xd8][0xaa]3[0x11]h[0xbe]6/9[0x81]I[0xfb][0x18][0xd7][0x8d][0xa7][0xbd][0xe6][0x18][0xed]2[0xf8]R[0xf1][0xeb]8[\r]G[0x96][0xa6][0xe4]<[0xb2][0xf9][0xa5]ai[0xe]Y[0x9e]ZO[0xd7][0xb6][\r][0xc1],[0x12]p[0xba][0x6][0x16][0xfc]+[0x93][0x19][0xfb][0xb7][0xeb][0x5]O4w[0x9f][0x0][0xa7][0x8f][0xe0]t[0xf3]M[0xcd][0x1c][0x9b][0x90][0xb5]u*[0xa0][0x91][0xcd][0x18][0xc9][0x90][0xf8][0xf0][0x1b][0xc0][0xaf]r[0x91]@[0xc8] 9[0xb3]To[0xf3][0xc9]H)l[0xf1][0xc9][0x12]\[0x9e]o*[0xbd]n[0x8a]/[0xd5][0xf9][0xc6]Nk1fD6X[0x13]&l[0xa9]d[0xe6]c![0xa2]<5[0x8f][0xcf]K>[0xe1]J4n|[0xa0][0x1e][0xdd][0x8a][0x11][0x1e][0x10][0x3][0xa9]P[0x88][0xad][0x92][0x87][0x85][0xb1][0xbd][0xa6][0xac][0x10][0x9c]8[0x1a]n[0xa9]iX[0x1][0xd9]7[0x5]>([0xda][0xa8]s[0x1c]_b[0xad][0x84][\n]"
16:42:23.991 [Test worker] DEBUG org.apache.http.wire - http-outgoing-0 << "I?i[0x93]^[0xbe][0x94][0xcf][0x9d]Z[0x8c]Eao[0xf][0x9f][0xd0][0xdb]#[0x93][0xca][0xa2][0xce]6o[0x8c]=[0x8d]7[0x9]s[0xc5] [0xdb][0xdf][0x99]D[0xdc]T[0xc7]nH[0xb2]][0x13][0x84][0x1a][0xe1]G[0x9a][0xaa][\r]~[0x95][0xe7]u+[0xc1][0xd8][0x8e][0xb6]m[0x10]I|[0xaa][0xd9][0xc4]D3WW[0x99][0xc][0xe0][0x15][0xfe]([0xfc]SN[0x18][0xd8][0x85][0xb3][0xd2][0x89][0xec]y[0xb4]K[\n]"
16:42:23.992 [Test worker] DEBUG org.apache.http.wire - http-outgoing-0 << "9[0xea][0x96][0xab][0xb9][0xd4][0xa1][0xe]}[0x4][0x90]$[0xc5][0xf2]W[0xe6]!J[0xa5][0xba][0x1a][0xee][0xd4][0xb3]7%K>[0xf9][0x85]_[0xda]/[0xdc].[0xa7]O[0xfe][0xe0][0x88][0xfe]`+[0x1][0xde][0x95][[0xb4][0xbc]F[0x8][0xf9][0xc9]<[0x95][0xbf].[0xbf][0xd1][0xd6]@[0x8c]S[0xb6]3[0xe6][0x2]p[0x99][0x7][0xeb]9@7[0xf3]"[0xc7][0x9b]![0xd1][0x1c][0xff][0x96]`:[0xfd],[0xc3][0xb1][0xf5]t[0xfc]h[0xf7]X[\n]"
16:42:23.992 [Test worker] DEBUG org.apache.http.wire - http-outgoing-0 << "[0xb9]_2=[0xdd]=[0xb8][0x86][0xd4]r:[0x1e][0x8e][0x87][0xdb][0xc3][0x80][0x96]2[0xe][0xf2][0xd5][0xbe]Q[0x7]{[0xbc]o[0xb8][0x86][0x8e]>[0x10][0x5],[0xd6][0xe4][0x95][0x8c]x[0xcc]A3]]>&#x7f;<![CDATA[w:$[0xcf][0xe9]Z[0xff][0xfe][0x93][[0xfc][0xa5][0xdd][0xe2][0xaf]G[\r]?[0xb9][0xf8]c[0xbb][0xf8][0xde][0xe1][0x85][0xa1][0x0][0x1][0xc4][0xfc][0xa6]Z[0xb8][0x3][0xea]x[0xb8]s0[0x96][0xd2][0xe0][0xd7][0xd9][0xa6][0x6][0xb2]5[0x8][0xc7][0xeb]V[0xad][0xba];[0xb4][0xfb][0xd8][[0x85][0x1f][0xd2]D[0xa4][0x8e][0xd8]&[0xf0][0x6]R[0xd2][0xf6][0x86][0x7][0xd8][0xff]b[0xf6]Z[0xae][0xac][0x1c][0x82]5[0xe9]|[0xcf][0xd0][0x8f][0x7][0x83][0xd5]j[0xd5][0xaf]*[0xc]}[0xa9][0x16][0xf5][0x15][0xa9][0xa0]X[0x10][0xa3]h[0xf8][0x1e][0xa0][0x12]-c[0xb3][0xa2][\n]"
16:42:23.992 [Test worker] DEBUG org.apache.http.wire - http-outgoing-0 << "d[0xde][0xfa][0x82][0x8f]e[0xfb]r[0x7]2[0x9][0x14][0xee][0x87][0x91]j[0xf6]L[0xe6]k[0xf7]a[0xe7][0xb3][0x10]^[0x9f][0x90][0xf1]p[0x88][0xae][0x10]U[0xb8][0xb9][0x1][0xf0][0x96][0xd1][0x14][0xd6][0xdb][0x15][0xb8][0xba]^[0x9c][0x19],[0xbc][0xd7][0x88][0x82]^[\n]"
16:42:23.992 [Test worker] DEBUG org.apache.http.wire - http-outgoing-0 << "#[0x1f][0xaf]X[0x90][0x82]i0[0xf5]gvC[0xb1]b[0xd1][0xf]eZ#[[0xad]2[0x9]#[0xf5]L[0xb2][0xe4][0x94][0xe0][0xdd]=.[0xfa];[0xea]@[0xf8][0xe5][0x92][0xe0][0x99][0x17][0xac],[0xb]Y[0x1b][0x17],[0xfc][0xd5]L[0xdc][0xa1][0x10][[0x12][0xd8][0x10]Qs[0x1f][0xc1]}[0x98][0xc8][0x9d][0x0][0xfc]`[0xed][0xd7][0xd5][0x1c][0xfc]l[0xd2][0xfe]bpP [0x8e]s[0xe4]s[0x90][0xcb][[0x94][0xb]S[0x8f][0x9][0xf8]y[0xc5][0x18][0x81][0xe3]"[0xc1]Ko [0xa7]B[0x85][0x96][0x5]$[0xa0]hj])[0xae][0x81]-i[0x1f][0xab]6[0xe9]b[0xcf][0xed][0xa5][0xf2][0xfa][0xa0][0xeb][0x9e]#[0x92][0xfd][0x1c][0xd4][0x8a][0xb8][0xb][0xd3][0xde]h8[0x6][0xf][0xcd][0x90][0xb4][0xa9]wz[0xee][0x11][0xc8]'[0xa6]^K[0xc1][0x8e][0x87][0xa5][0xfd]ZL[0xf][0xd8]w[0xf9]h[0x7][0x1a][0xdf]}.[0xf6][0xdd]u[0x85]2[0xac][0xd8][0x7][0xcf][0xc0][0xc7]hF"[0xae]sA[0xcb]+[0x1][0x9d][0x15][0xed][0xe8]z[0xf0][0xcb][0xa7][0xad][0x9c][0xc2].[0xf6][0x92][\r]^[0x3][0xd9][0xf7]-[0xbf][0xf2][0xcc]?[0xf1]6[0xd9][0xae][[0xca]G[0xba][0xa8][0x96][0xca][0x14]/[0xeb][0xaf][0xb8]I|[0xfb]i[0x93][0xe9]r[0xf4][0x98][0xbb][0xdc][0xe9][0x92][0xf0][0x91][0xf6][0xc2][0xf9][0x14][0x13][0xe7]~ymp[0xd4]?=.56[0x8d][0x1e][0x1d][0xfb][0xca]`u[0x91][0xb9][0xb]n2[0xa8][0x82][0x9d][0xfb]]]>&#x7f;<![CDATA[[0x17][0xff][0x3][0xc3][0x9b][0xe1][0x11][0x8f]1[0x0][0x0]"
16:42:23.992 [Test worker] DEBUG org.apache.http.headers - http-outgoing-0 << HTTP/1.1 200 OK
16:42:23.992 [Test worker] DEBUG org.apache.http.headers - http-outgoing-0 << Date: Sun, 29 Mar 2020 13:42:23 GMT
16:42:23.992 [Test worker] DEBUG org.apache.http.headers - http-outgoing-0 << Server: Apache/2.4.41 (Win64) OpenSSL/1.1.1c PHP/7.4.2
16:42:23.993 [Test worker] DEBUG org.apache.http.headers - http-outgoing-0 << X-Powered-By: PHP/7.4.2
16:42:23.993 [Test worker] DEBUG org.apache.http.headers - http-outgoing-0 << Cache-Control: no-store, no-cache, must-revalidate
16:42:23.993 [Test worker] DEBUG org.apache.http.headers - http-outgoing-0 << Last-Modified: Sun, 29 Mar 2020 13:42:23 GMT
16:42:23.993 [Test worker] DEBUG org.apache.http.headers - http-outgoing-0 << X-Content-Type-Options: nosniff
16:42:23.994 [Test worker] DEBUG org.apache.http.headers - http-outgoing-0 << Expires: Sun, 29 Mar 2020 13:42:23 GMT
16:42:23.994 [Test worker] DEBUG org.apache.http.headers - http-outgoing-0 << X-Frame-Options: DENY
16:42:23.994 [Test worker] DEBUG org.apache.http.headers - http-outgoing-0 << Content-Security-Policy: default-src 'self'; frame-ancestors 'none'; style-src 'self' 'unsafe-inline'; script-src 'self'; img-src 'self' 'self' data:
16:42:23.994 [Test worker] DEBUG org.apache.http.headers - http-outgoing-0 << Content-Encoding: gzip
16:42:23.994 [Test worker] DEBUG org.apache.http.headers - http-outgoing-0 << Vary: Accept-Encoding
16:42:23.994 [Test worker] DEBUG org.apache.http.headers - http-outgoing-0 << Content-Length: 3021
16:42:23.994 [Test worker] DEBUG org.apache.http.headers - http-outgoing-0 << Keep-Alive: timeout=5, max=96
16:42:23.994 [Test worker] DEBUG org.apache.http.headers - http-outgoing-0 << Connection: Keep-Alive
16:42:23.994 [Test worker] DEBUG org.apache.http.headers - http-outgoing-0 << Content-Type: text/html; charset=UTF-8
16:42:23.994 [Test worker] DEBUG org.apache.http.impl.execchain.MainClientExec - Connection can be kept alive for 5000 MILLISECONDS
16:42:23.995 [Test worker] DEBUG org.apache.http.impl.conn.PoolingHttpClientConnectionManager - Connection [id: 0][route: {}->http://localhost:80] can be kept alive for 5.0 seconds
16:42:23.995 [Test worker] DEBUG org.apache.http.impl.conn.DefaultManagedHttpClientConnection - http-outgoing-0: set socket timeout to 0
16:42:23.995 [Test worker] DEBUG org.apache.http.impl.conn.PoolingHttpClientConnectionManager - Connection released: [id: 0][route: {}->http://localhost:80][total available: 1; route allocated: 1 of 2; total allocated: 1 of 20]
]]></system-out>
  <system-err><![CDATA[SLF4J: Class path contains multiple SLF4J bindings.
SLF4J: Found binding in [jar:file:/C:/Users/dpyrk/.gradle/caches/modules-2/files-2.1/ch.qos.logback/logback-classic/1.2.3/7c4f3c474fb2c041d8028740440937705ebb473a/logback-classic-1.2.3.jar!/org/slf4j/impl/StaticLoggerBinder.class]
SLF4J: Found binding in [jar:file:/C:/Users/dpyrk/.gradle/caches/modules-2/files-2.1/com.cisco.oss.foundation/logging-log4j/1.0.2-1/6a30195bf21e825693673fd5373a8ab4a48fc251/logging-log4j-1.0.2-1.jar!/org/slf4j/impl/StaticLoggerBinder.class]
SLF4J: See http://www.slf4j.org/codes.html#multiple_bindings for an explanation.
SLF4J: Actual binding is of type [ch.qos.logback.classic.util.ContextSelectorStaticBinder]
]]></system-err>
</testsuite>
