<?xml version="1.0" encoding="UTF-8"?>
<testsuite name="dd.pyrkova.addressbook.tests.GroupModificationTests" tests="1" skipped="0" failures="0" errors="0" timestamp="2020-04-11T17:29:56" hostname="CONGO" time="1.176">
  <properties/>
  <testcase name="testGroupModification" classname="dd.pyrkova.addressbook.tests.GroupModificationTests" time="1.176"/>
  <system-out><![CDATA[13485 [Test worker] INFO  d.p.addressbook.model.TestBase - Start test testGroupModification with parameters[] 
Hibernate: select groupdata0_.group_id as group_id1_2_, groupdata0_.group_footer as group_fo2_2_, groupdata0_.group_header as group_he3_2_, groupdata0_.group_name as group_na4_2_ from group_list groupdata0_
Hibernate: select groupdata0_.group_id as group_id1_2_, groupdata0_.group_footer as group_fo2_2_, groupdata0_.group_header as group_he3_2_, groupdata0_.group_name as group_na4_2_ from group_list groupdata0_
Hibernate: select groupdata0_.group_id as group_id1_2_, groupdata0_.group_footer as group_fo2_2_, groupdata0_.group_header as group_he3_2_, groupdata0_.group_name as group_na4_2_ from group_list groupdata0_
15189 [Test worker] INFO  d.p.addressbook.model.TestBase - Stop test testGroupModification 
]]></system-out>
  <system-err><![CDATA[]]></system-err>
</testsuite>
