<?xml version="1.0" encoding="UTF-8"?>
<testsuite name="dd.pyrkova.addressbook.tests.GroupModificationTests" tests="1" skipped="0" failures="0" errors="0" timestamp="2020-03-14T19:23:27" hostname="CONGO" time="3.305">
  <properties/>
  <testcase name="testGroupModification" classname="dd.pyrkova.addressbook.tests.GroupModificationTests" time="3.305"/>
  <system-out><![CDATA[]]></system-out>
  <system-err><![CDATA[]]></system-err>
</testsuite>
