<?xml version="1.0" encoding="UTF-8"?>
<testsuite name="dd.pyrkova.addressbook.tests.UserModificationTests" tests="1" skipped="0" failures="0" errors="0" timestamp="2020-03-14T18:43:25" hostname="CONGO" time="14.101">
  <properties/>
  <testcase name="testGroupModification" classname="dd.pyrkova.addressbook.tests.UserModificationTests" time="14.101"/>
  <system-out><![CDATA[]]></system-out>
  <system-err><![CDATA[]]></system-err>
</testsuite>
