<?xml version="1.0" encoding="UTF-8"?>
<testsuite name="dd.pyrkova.rest.RestTests" tests="1" skipped="0" failures="0" errors="0" timestamp="2020-04-05T15:55:39" hostname="CONGO" time="2.763">
  <properties/>
  <testcase name="testCreateIssue" classname="dd.pyrkova.rest.RestTests" time="2.763"/>
  <system-out><![CDATA[1111 is Deleted
Create new issue because ID 1111 is fixed
]]></system-out>
  <system-err><![CDATA[]]></system-err>
</testsuite>
