<?xml version="1.0" encoding="UTF-8"?>
<testsuite name="dd.pyrkova.rest.RestTests" tests="1" skipped="0" failures="0" errors="0" timestamp="2020-04-05T11:40:52" hostname="CONGO" time="2.286">
  <properties/>
  <testcase name="testCreateIssue" classname="dd.pyrkova.rest.RestTests" time="2.286"/>
  <system-out><![CDATA[]]></system-out>
  <system-err><![CDATA[]]></system-err>
</testsuite>
