<?xml version="1.0" encoding="UTF-8"?>
<testsuite name="dd.pyrkova.rest.RestTests" tests="1" skipped="0" failures="0" errors="0" timestamp="2020-04-05T13:18:58" hostname="CONGO" time="3.969">
  <properties/>
  <testcase name="testCreateIssue" classname="dd.pyrkova.rest.RestTests" time="3.969"/>
  <system-out><![CDATA[]]></system-out>
  <system-err><![CDATA[]]></system-err>
</testsuite>
