<?xml version="1.0" encoding="UTF-8"?>
<testsuite name="dd.pyrkova.addressbook.tests.CreateNewUser" tests="3" skipped="0" failures="0" errors="0" timestamp="2020-03-14T18:36:07" hostname="CONGO" time="43.216">
  <properties/>
  <testcase name="testCreateNewUser[0](UserData{id='2147483647', firstname='Dasha 30', lastname='P 30'})" classname="dd.pyrkova.addressbook.tests.CreateNewUser" time="20.489"/>
  <testcase name="testCreateNewUser[1](UserData{id='2147483647', firstname='Dasha 31', lastname='P 31'})" classname="dd.pyrkova.addressbook.tests.CreateNewUser" time="11.343"/>
  <testcase name="testCreateNewUser[2](UserData{id='2147483647', firstname='Dasha 32', lastname='P 32'})" classname="dd.pyrkova.addressbook.tests.CreateNewUser" time="11.383"/>
  <system-out><![CDATA[]]></system-out>
  <system-err><![CDATA[]]></system-err>
</testsuite>
