<?xml version="1.0" encoding="UTF-8"?>
<testsuite name="dd.pyrkova.addressbook.tests.GroupDeletionTests" tests="1" skipped="0" failures="0" errors="0" timestamp="2020-03-14T18:36:05" hostname="CONGO" time="2.315">
  <properties/>
  <testcase name="testGroupDeletion" classname="dd.pyrkova.addressbook.tests.GroupDeletionTests" time="2.315"/>
  <system-out><![CDATA[]]></system-out>
  <system-err><![CDATA[]]></system-err>
</testsuite>
