<?xml version="1.0" encoding="UTF-8"?>
<testsuite name="dd.pyrkova.github.GithubTests" tests="1" skipped="0" failures="0" errors="0" timestamp="2020-04-05T17:10:07" hostname="CONGO" time="314.091">
  <properties/>
  <testcase name="testCommits" classname="dd.pyrkova.github.GithubTests" time="314.091"/>
  <system-out><![CDATA[Homework20
homework20_v0
9.5 comented
rest
9.4 p1
Homework 19
Homework 19_v0
9.4 fix php + move to local properties
9.4 test don't start
9.4 start
test
9.2 SOAP_v2
9.2 SOAP
HomeWork 18
Homework 16 Fixed
8.7 fixed
8.7 fail 3
8.7 fail 2
8.7 failed
8.6 Mail server
8.5 FTP TurnOFF captcha
8.4 Lazy initialization
8.3 fix
8.3 Login Test
8.2 добавлен новый модуль для тестов Mantis
переключение браузера
RemoveUserFromGroup
AddUserToGroup
AddUserToGroup_step2_control
AddUserToGroup_step1
Урок 7.6 Связи между объектами
Урок 7.5 Отключаемые проверки UI
Задание 15 Реализована проверка данных, загружаемых из БД
Урок 7.4
Урок 7.3 Услосия отбора данных
Урок 7.2 Object Relation Mapping (ORM)
back to master + log
не находит hibernate.cfg.xml
sos
Урок 6.10 Описание конфигурации тестового стенда
Урок 6.9 Конфигурационные файлы для описания тестовых наборов
Урок 6.8 Автоматическое закрытие файлов после использования
Урок 6.7 формат JSON
Задание №12: Реализованы генераторы тестовых данных в формате xml и json
Урок 6.5 Формат XML
Урок 6.5 Загрузка данных из файла
Урок 6.4 Параметризация тестовых методов
Урок 6.3 Командная строка JCommander
Урок 6.2 Генератор тестовых данных
Урок 6.1 Пути к файлам
Update workspace.xml
Урок 5.11 Склеиваем строки: метод обратных проверок
Проверка email в UserContactTests
Урок 5.10 Split + регулярные выражения
Урок 5.9 Построение сложных локаторов
Урок 5.8 Хэширование
Урок 5.7 Кэширование
Урок 5.6 Hamcrest
Урок 5.6 Hamcrest GroupCreation + CreateUser
Урок 5.5 UserModificationTests
Урок 5.5 GroupModificationTests
Урок 5.5 GroupDeletionTests + DeleteUserTests
Урок 5.5 CreateNewUser
Урок 5.5 модификация GroupCreationTest
Урок 5.4. Fluent-интерфейсы
Урок 5.3. Улучшение названий методов
Урок 5.2 вывод пред-условия во вспомогательный метод
Убран класс NavigationHelper
урок 5.1
Добавлено ожидание после удаления пользователя
убран класс AlertHelper
проблема с тестом DeletUserTests в FireFox
Испарвлен выбор последнего пользователя для модификации
Update workspace.xml
Урок 4.10 Сортировка списков
Урок 4.9. Лямбда-выражения
4.8 for Users
Урок 4.8 Максимальный элемент в коллекции
4.7 for Users
4.6 for Users
Урок 4.5 for Users
Урок 4.7. Множества: неупорядоченные коллекции
Урок 4.6 Сравнение коллекций
Урок 4.5. Ч2 GroupModification GroupDeletion
Урок 4.5 ч1 GroupCreationTests
Урок 4.4. Выбор из списка по порядковому номеру
Урок 4.3. Количество элементов в коллекции
Урок 4.2 Коллекции: наборы элементов
Урок 4.1 Циклы
Проверка и обеспечение выполнения предусловий для пользователя
удаление SelectHelper
Перенос выбора из SelectHelper в GroupHelper и UserHelper
Урок 3.10 Проверка и обеспечение условий для групп
Урок 3.9 Оптимизированны переходы между страницами
Урок 3.8 Заполнение форм с почти одинаковым набором полей
Урок 3.6 Оставляем не изменяющиеся значения в полях
Урок 3.5 Оставляем значения по умолчанию
Урок 3.4
Урок 3.3
Урок 3.2
Урок 3.1
перенос копмании и адреса в fillINUserData
перенос данных пользователя в UserData
перенесены e-mail в UserData
изменен путь в UserHelper
ДЗ 6 Создание теста на модификацию пользователя без рекордера
Урок 2.9 Создание теста на модификацию группы без рекордера
Урок 2.8 Создан общий класс для классов помощников
Урок 2.7 Выделены специализированные классы-помошники
урок 2.6 Создание ApplicationManager
Удаление пользователя с учатом общего класса
правки названия метода выбора группы
Исходные проект удаления user после загрузки
Задание 5 1. Создание пользователея с учетом общего класса
Урок 2.5 Создание общего класса для тестов
ДЗ 4. 3.3. Создание объектов
ДЗ 4. 3.2. Выделение параметров
ДЗ 4. 3.1. Выделение методов
ДЗ 4. 2. Фикстура. Перенос лигина в BeforeMethod
ДЗ 4. 1.2 Правки наименований
ДЗ 4. 1. исходный проект после загрузки
урок 2.4 Рефакторинг - читаемость кода
урок 2.3 фикстура - перенос предварительной части из теста
урок 2.2
проблема с рефреше
Задание 3. Проваленный тест
Задание 3. Успешный тест
Настройка тестов
Задание 3. Проваленный тест
SquareTests
Задание 2. Вычисление расстояния между точками с помощью метода
Задание 2. Вычисление расстояния между точками с помощью функции
урок 1.13
урок 1.09
Добавлено несколько функций
урок 1.02
Проект "отвязан" от репозитория Git
Изменены настройки фоматирования
урок1.01
Создан проект для IDEA
Добавлен запускатель для Gradle
Создан проект "песочница"
Update README.md
Initial commit
]]></system-out>
  <system-err><![CDATA[SLF4J: Failed to load class "org.slf4j.impl.StaticLoggerBinder".
SLF4J: Defaulting to no-operation (NOP) logger implementation
SLF4J: See http://www.slf4j.org/codes.html#StaticLoggerBinder for further details.
]]></system-err>
</testsuite>
